Run started on:
	Date: 2020/5/23
	Time: 18:3:26
	PyGBe version: 0.3.2+5.gea0f875
Config file: /cobra/u/gvargas/code/hPB/pygbe/pygbe/myCrownFinShots/sarsCov2noACE2/snap2/snap2.config
Parameter file: /cobra/u/gvargas/code/hPB/pygbe/pygbe/myCrownFinShots/sarsCov2noACE2/snap2/snap2.param
Geometry folder: /cobra/u/gvargas/code/hPB/pygbe/pygbe/myCrownFinShots/sarsCov2noACE2/snap2/geometry
Running in: /cobra/u/gvargas/code/hPB/pygbe/pygbe/myCrownFinShots/sarsCov2noACE2/snap2

Reading surface 0 from file geometry/crownVFnoACE2
Time load mesh: 9.709631443023682
Removed areas=0: 224

Total elements : 542121
Total equations: 1084242
----------------------------

1 surfaces:

Surface 0:
	542121 elements
	Surface type         : dielectric_interface
	Cells                : 4565
	Twigs                : 3877
	Levels               : 6
	C0 size              : 90.51539483610411
	C0 box center        : 80.24309470640938, 78.66735740483522, 77.20163868336898
	Twig cell size       : 2.8286060886282534
	Rbox/theta           : 5.657212177256507
	Analytic distance    : 1.2950629469503174
	Elem. per Ang^2      : 4.1703165496804075
	Max, min, avg elem.  : 3.0592924618260233, 4.999999999976695e-07, 0.23978995073566658
	Total area           : 129995.1678827703
------------------------------

2 regions:

Region 0:
	Laplace or Yukawa: 2
	kappa            : 0.125
	dielectric const : 80.0
	Number of charges: 0
	Parent surface   : []
	Child surfaces   : [0]
Region 1:
	Laplace or Yukawa: 1
	kappa            : 1e-12
	dielectric const : 4.0
	Number of charges: 51859
	Parent surface   : [0]
	Child surfaces   : []
------------------------------

Parameters:
	Data type               : <class 'numpy.float64'>
	Use GPU                 : 1
	P                       : 4
	threshold               : 0.50
	theta                   : 0.50
	NCRIT                   : 500
	CUDA block size         : 128
	Gauss points per element: 1
	Gauss points near singlr: 25
	1D Gauss points per side: 9
	GMRES tolerance         : 1e-05
	GMRES max iterations    : 1000
	GMRES restart iteration : 100
----------------------------

Generate interaction list
Transfer data to GPU
Generate RHS
List time          : 4.289677143096924s
Data transfer time : 0.5859310626983643s
RHS generation time: 5.194813013076782s
------------------------------
Total setup time   : 75.88430619239807s
Solve
Iteration: 1, relative residual: 0.21658779951862256
Iteration: 2, relative residual: 0.15427426830830313
Iteration: 3, relative residual: 0.11564065526795335
Iteration: 4, relative residual: 0.09723499454772412
Iteration: 5, relative residual: 0.09598364946694896
Iteration: 6, relative residual: 0.07688153011218138
Iteration: 7, relative residual: 0.07134995478988229
Iteration: 8, relative residual: 0.05919827215994676
Iteration: 9, relative residual: 0.03961975454862333
Iteration: 10, relative residual: 0.03902919286916107
Iteration: 11, relative residual: 0.03290089555197026
Iteration: 12, relative residual: 0.024094952660470362
Iteration: 13, relative residual: 0.020191890020483636
Iteration: 14, relative residual: 0.01732212865774506
Iteration: 15, relative residual: 0.015080180048473859
Iteration: 16, relative residual: 0.013681313283240787
Iteration: 17, relative residual: 0.010070861983364932
Iteration: 18, relative residual: 0.009532434643827858
Iteration: 19, relative residual: 0.00782164281911928
Iteration: 20, relative residual: 0.006797782971138332
Iteration: 21, relative residual: 0.006796232378685909
Iteration: 22, relative residual: 0.00679618031093726
Iteration: 23, relative residual: 0.006117711896925148
Iteration: 24, relative residual: 0.005722824998409277
Iteration: 25, relative residual: 0.0045531341690111015
Iteration: 26, relative residual: 0.004011606092112981
Iteration: 27, relative residual: 0.0036746457881975726
Iteration: 28, relative residual: 0.0036585341850236537
Iteration: 29, relative residual: 0.003522732149414343
Iteration: 30, relative residual: 0.0030096203519569273
Iteration: 31, relative residual: 0.00268541879142168
Iteration: 32, relative residual: 0.0023208280639083144
Iteration: 33, relative residual: 0.002157411831346568
Iteration: 34, relative residual: 0.0020836354061909606
Iteration: 35, relative residual: 0.0020485553809263504
Iteration: 36, relative residual: 0.0019059241211452456
Iteration: 37, relative residual: 0.0017084626710501503
Iteration: 38, relative residual: 0.0015813156701657786
Iteration: 39, relative residual: 0.0014254752155979788
Iteration: 40, relative residual: 0.0013675602726666433
Iteration: 41, relative residual: 0.0013455822745210445
Iteration: 42, relative residual: 0.0013342461772794332
Iteration: 43, relative residual: 0.0012576247439287681
Iteration: 44, relative residual: 0.001216110061145412
Iteration: 45, relative residual: 0.0011026392154639118
Iteration: 46, relative residual: 0.001061530955160484
Iteration: 47, relative residual: 0.0010492499343990234
Iteration: 48, relative residual: 0.001040163350474821
Iteration: 49, relative residual: 0.001023055076431212
Iteration: 50, relative residual: 0.0009963497334128928
Iteration: 51, relative residual: 0.000978002099593302
Iteration: 52, relative residual: 0.0009749948354086032
Iteration: 53, relative residual: 0.0009745239918220636
Iteration: 54, relative residual: 0.0009638252023518727
Iteration: 55, relative residual: 0.0009205446505197846
Iteration: 56, relative residual: 0.0008830340867119318
Iteration: 57, relative residual: 0.0008367019802059047
Iteration: 58, relative residual: 0.0007934843085102044
Iteration: 59, relative residual: 0.0007831520286100053
Iteration: 60, relative residual: 0.0007831456592839811
Iteration: 61, relative residual: 0.0007752365057424334
Iteration: 62, relative residual: 0.0007142436029170803
Iteration: 63, relative residual: 0.0006743671014179435
Iteration: 64, relative residual: 0.0006294949678780589
Iteration: 65, relative residual: 0.0005999929403479843
Iteration: 66, relative residual: 0.0005825446659213536
Iteration: 67, relative residual: 0.0005797856193342551
Iteration: 68, relative residual: 0.0005645706561499914
Iteration: 69, relative residual: 0.0005251004467233856
Iteration: 70, relative residual: 0.0005014494506796406
Iteration: 71, relative residual: 0.0004967737230743547
Iteration: 72, relative residual: 0.0004967062262949936
Iteration: 73, relative residual: 0.0004777705527659033
Iteration: 74, relative residual: 0.00044723704363390477
Iteration: 75, relative residual: 0.0004213315657504161
Iteration: 76, relative residual: 0.0003775693863946487
Iteration: 77, relative residual: 0.000347944446828865
Iteration: 78, relative residual: 0.00033196441754185344
Iteration: 79, relative residual: 0.0003202974697018763
Iteration: 80, relative residual: 0.000308883524387878
Iteration: 81, relative residual: 0.0003026000645175329
Iteration: 82, relative residual: 0.00029636660595501306
Iteration: 83, relative residual: 0.0002956402203812242
Iteration: 84, relative residual: 0.00029563563177440805
Iteration: 85, relative residual: 0.00029432239499005956
Iteration: 86, relative residual: 0.0002907690700548133
Iteration: 87, relative residual: 0.0002847331012465213
Iteration: 88, relative residual: 0.00027860129552080776
Iteration: 89, relative residual: 0.00027365291645550923
Iteration: 90, relative residual: 0.000271817829430715
Iteration: 91, relative residual: 0.00027076764442237315
Iteration: 92, relative residual: 0.0002707659737341835
Iteration: 93, relative residual: 0.00026936070751101246
Iteration: 94, relative residual: 0.00026513925420776303
Iteration: 95, relative residual: 0.0002611319081158515
Iteration: 96, relative residual: 0.0002583835234888969
Iteration: 97, relative residual: 0.00025523218539074717
Iteration: 98, relative residual: 0.00025392407013902235
Iteration: 99, relative residual: 0.0002538286004566643
Iteration: 100, relative residual: 0.0002538286004566643
Residual: 0.0002538286004566643. Restart...
Iteration: 101, relative residual: 0.00025348314572864534
Iteration: 102, relative residual: 0.0002534800737961155
Iteration: 103, relative residual: 0.00025347368560887104
Iteration: 104, relative residual: 0.00025346177799908407
Iteration: 105, relative residual: 0.00025345786972661994
Iteration: 106, relative residual: 0.0002534569949418148
Iteration: 107, relative residual: 0.00025344631774688826
Iteration: 108, relative residual: 0.0002533413589975775
Iteration: 109, relative residual: 0.0002532620058660245
Iteration: 110, relative residual: 0.00025322958587727107
Iteration: 111, relative residual: 0.00025322419276499036
Iteration: 112, relative residual: 0.0002532173871158338
Iteration: 113, relative residual: 0.00025318010651696944
Iteration: 114, relative residual: 0.0002530676966128772
Iteration: 115, relative residual: 0.00025304440283763723
Iteration: 116, relative residual: 0.0002529591804279217
Iteration: 117, relative residual: 0.00025275944350201227
Iteration: 118, relative residual: 0.0002525277858540921
Iteration: 119, relative residual: 0.00025242797863405146
Iteration: 120, relative residual: 0.00025239587528077997
Iteration: 121, relative residual: 0.0002521136163310494
Iteration: 122, relative residual: 0.00025153981425131417
Iteration: 123, relative residual: 0.0002502714587908403
Iteration: 124, relative residual: 0.00024859566077122783
Iteration: 125, relative residual: 0.0002481729736804395
Iteration: 126, relative residual: 0.0002481008530287182
Iteration: 127, relative residual: 0.0002471970133315659
Iteration: 128, relative residual: 0.0002462605083972486
Iteration: 129, relative residual: 0.0002457268033472351
Iteration: 130, relative residual: 0.0002453681662068853
Iteration: 131, relative residual: 0.0002453594022275167
Iteration: 132, relative residual: 0.0002453018620444253
Iteration: 133, relative residual: 0.00024515277661253025
Iteration: 134, relative residual: 0.00024457737914619003
Iteration: 135, relative residual: 0.00024399039293863644
Iteration: 136, relative residual: 0.00024390952562223687
Iteration: 137, relative residual: 0.0002439030408396073
Iteration: 138, relative residual: 0.0002438309614077809
Iteration: 139, relative residual: 0.00024343189516862193
Iteration: 140, relative residual: 0.00024235660605877876
Iteration: 141, relative residual: 0.0002414128711573964
Iteration: 142, relative residual: 0.00023957007411947215
Iteration: 143, relative residual: 0.00023811749542873846
Iteration: 144, relative residual: 0.00023809695120846562
Iteration: 145, relative residual: 0.00023733308712894748
Iteration: 146, relative residual: 0.0002357466288938171
Iteration: 147, relative residual: 0.0002344891859078047
Iteration: 148, relative residual: 0.00023408981485219536
Iteration: 149, relative residual: 0.00023407380183539645
Iteration: 150, relative residual: 0.00023380218707015995
Iteration: 151, relative residual: 0.0002320326232124537
Iteration: 152, relative residual: 0.00023056948248341842
Iteration: 153, relative residual: 0.00023019698099166396
Iteration: 154, relative residual: 0.00023018723352043958
Iteration: 155, relative residual: 0.00022963722828117127
Iteration: 156, relative residual: 0.0002271950642057092
Iteration: 157, relative residual: 0.00022405776388963641
Iteration: 158, relative residual: 0.0002217793938639027
Iteration: 159, relative residual: 0.00022122395257962143
Iteration: 160, relative residual: 0.00022105856660790819
Iteration: 161, relative residual: 0.0002175475820515377
Iteration: 162, relative residual: 0.00021403159209384048
Iteration: 163, relative residual: 0.0002131254758382764
Iteration: 164, relative residual: 0.00021277588439176453
Iteration: 165, relative residual: 0.000212747270152277
Iteration: 166, relative residual: 0.00021211103765131088
Iteration: 167, relative residual: 0.00021000757790163164
Iteration: 168, relative residual: 0.00020336508449456483
Iteration: 169, relative residual: 0.00019719285172959967
Iteration: 170, relative residual: 0.00019076156472255898
Iteration: 171, relative residual: 0.0001863986048754071
Iteration: 172, relative residual: 0.00018347584359909802
Iteration: 173, relative residual: 0.00018076576615662411
Iteration: 174, relative residual: 0.00017555748347411433
Iteration: 175, relative residual: 0.0001718972083756997
Iteration: 176, relative residual: 0.00016833519658379374
Iteration: 177, relative residual: 0.0001654070003164347
Iteration: 178, relative residual: 0.00016018353078134603
Iteration: 179, relative residual: 0.00015612157364741338
Iteration: 180, relative residual: 0.00015457008422339907
Iteration: 181, relative residual: 0.00015413691607492306
Iteration: 182, relative residual: 0.00015409176693545348
Iteration: 183, relative residual: 0.00015290418798576003
Iteration: 184, relative residual: 0.00014942758819407723
Iteration: 185, relative residual: 0.00014603632318370373
Iteration: 186, relative residual: 0.0001427504272366964
Iteration: 187, relative residual: 0.00013994237289704386
Iteration: 188, relative residual: 0.00013777848104097362
Iteration: 189, relative residual: 0.0001368959313058288
Iteration: 190, relative residual: 0.0001368855775158084
Iteration: 191, relative residual: 0.00013641061919222937
Iteration: 192, relative residual: 0.00013480866189149077
Iteration: 193, relative residual: 0.00013175290991122092
Iteration: 194, relative residual: 0.00012918448558515774
Iteration: 195, relative residual: 0.0001261300381180546
Iteration: 196, relative residual: 0.00012520783145976671
Iteration: 197, relative residual: 0.00012484642115192975
Iteration: 198, relative residual: 0.00012468434516619748
Iteration: 199, relative residual: 0.00012404926409493694
Iteration: 200, relative residual: 0.00012404926409493694
Residual: 0.00012404926409493694. Restart...
Iteration: 201, relative residual: 0.00012016095577252407
Iteration: 202, relative residual: 0.00012015065297802642
Iteration: 203, relative residual: 0.00012003019244820717
Iteration: 204, relative residual: 0.00011970220182095337
Iteration: 205, relative residual: 0.00011944735366677257
Iteration: 206, relative residual: 0.00011926182516984751
Iteration: 207, relative residual: 0.00011909976512622524
Iteration: 208, relative residual: 0.00011881900924416749
Iteration: 209, relative residual: 0.0001187955127377591
Iteration: 210, relative residual: 0.00011861205703738193
Iteration: 211, relative residual: 0.00011858215187299008
Iteration: 212, relative residual: 0.00011848102721343496
Iteration: 213, relative residual: 0.00011837715644380994
Iteration: 214, relative residual: 0.00011834082181666147
Iteration: 215, relative residual: 0.00011819181966603266
Iteration: 216, relative residual: 0.00011804935602873622
Iteration: 217, relative residual: 0.00011803846431622448
Iteration: 218, relative residual: 0.00011798830365187962
Iteration: 219, relative residual: 0.00011789724485674668
Iteration: 220, relative residual: 0.00011774910770901606
Iteration: 221, relative residual: 0.00011759561554238106
Iteration: 222, relative residual: 0.0001174561877798333
Iteration: 223, relative residual: 0.00011697401693488768
Iteration: 224, relative residual: 0.0001164760243079149
Iteration: 225, relative residual: 0.00011611586248886941
Iteration: 226, relative residual: 0.00011610992610498588
Iteration: 227, relative residual: 0.00011562938737209631
Iteration: 228, relative residual: 0.00011456133662108725
Iteration: 229, relative residual: 0.00011399213459890096
Iteration: 230, relative residual: 0.00011338600584144423
Iteration: 231, relative residual: 0.00011275666369933027
Iteration: 232, relative residual: 0.0001124743992190878
Iteration: 233, relative residual: 0.00011230775961577854
Iteration: 234, relative residual: 0.00011225130760251007
Iteration: 235, relative residual: 0.00011184675816356902
Iteration: 236, relative residual: 0.00011169054218341162
Iteration: 237, relative residual: 0.00011114967724915512
Iteration: 238, relative residual: 0.00011108255363842902
Iteration: 239, relative residual: 0.00011085701454308707
Iteration: 240, relative residual: 0.00011048667711527672
Iteration: 241, relative residual: 0.00011009353450844199
Iteration: 242, relative residual: 0.0001098086661693029
Iteration: 243, relative residual: 0.00010972557554582188
Iteration: 244, relative residual: 0.00010939674780179829
Iteration: 245, relative residual: 0.00010849280942956416
Iteration: 246, relative residual: 0.00010784228192955219
Iteration: 247, relative residual: 0.00010692461904103616
Iteration: 248, relative residual: 0.00010576131751534914
Iteration: 249, relative residual: 0.00010531040360450684
Iteration: 250, relative residual: 0.00010513189945467663
Iteration: 251, relative residual: 0.00010503906580695142
Iteration: 252, relative residual: 0.00010494700800777106
Iteration: 253, relative residual: 0.00010458295549723316
Iteration: 254, relative residual: 0.00010447586971213032
Iteration: 255, relative residual: 0.00010435613633376142
Iteration: 256, relative residual: 0.00010432017264487529
Iteration: 257, relative residual: 0.00010431256160624259
Iteration: 258, relative residual: 0.00010414262145102014
Iteration: 259, relative residual: 0.00010408933615075109
Iteration: 260, relative residual: 0.00010398555906669966
Iteration: 261, relative residual: 0.00010396729385832911
Iteration: 262, relative residual: 0.00010376930659393657
Iteration: 263, relative residual: 0.00010357768100966495
Iteration: 264, relative residual: 0.0001028071748330385
Iteration: 265, relative residual: 0.00010142339708284658
Iteration: 266, relative residual: 0.0001000225835618123
Iteration: 267, relative residual: 9.941638400771515e-05
Iteration: 268, relative residual: 9.875814532364814e-05
Iteration: 269, relative residual: 9.830522773343643e-05
Iteration: 270, relative residual: 9.816472822667516e-05
Iteration: 271, relative residual: 9.797209795009758e-05
Iteration: 272, relative residual: 9.796267046748034e-05
Iteration: 273, relative residual: 9.795239966339232e-05
Iteration: 274, relative residual: 9.763603614963817e-05
Iteration: 275, relative residual: 9.732095916485618e-05
Iteration: 276, relative residual: 9.682157853299733e-05
Iteration: 277, relative residual: 9.59411500698323e-05
Iteration: 278, relative residual: 9.517786359698762e-05
Iteration: 279, relative residual: 9.453017150477013e-05
Iteration: 280, relative residual: 9.436840343996427e-05
Iteration: 281, relative residual: 9.422794786013488e-05
Iteration: 282, relative residual: 9.421061262590685e-05
Iteration: 283, relative residual: 9.404373047080627e-05
Iteration: 284, relative residual: 9.3870693018427e-05
Iteration: 285, relative residual: 9.363135752729194e-05
Iteration: 286, relative residual: 9.344719212851583e-05
Iteration: 287, relative residual: 9.337171933339389e-05
Iteration: 288, relative residual: 9.336636680475249e-05
Iteration: 289, relative residual: 9.335608491063255e-05
Iteration: 290, relative residual: 9.327129843402053e-05
Iteration: 291, relative residual: 9.295163265356942e-05
Iteration: 292, relative residual: 9.253543098315827e-05
Iteration: 293, relative residual: 9.220460027598423e-05
Iteration: 294, relative residual: 9.164134763299975e-05
Iteration: 295, relative residual: 9.115613043490006e-05
Iteration: 296, relative residual: 9.106833537157631e-05
Iteration: 297, relative residual: 9.105381042504542e-05
Iteration: 298, relative residual: 9.09264219067233e-05
Iteration: 299, relative residual: 9.076313862099643e-05
Iteration: 300, relative residual: 9.076313862099643e-05
Residual: 9.076313862099643e-05. Restart...
Iteration: 301, relative residual: 9.035650768331737e-05
Iteration: 302, relative residual: 9.035409823069511e-05
Iteration: 303, relative residual: 9.034322128267988e-05
Iteration: 304, relative residual: 9.031649297892391e-05
Iteration: 305, relative residual: 9.030490294695106e-05
Iteration: 306, relative residual: 9.030158928382329e-05
Iteration: 307, relative residual: 9.029972663829269e-05
Iteration: 308, relative residual: 9.029442173373883e-05
Iteration: 309, relative residual: 9.028704124452799e-05
Iteration: 310, relative residual: 9.027608463170075e-05
Iteration: 311, relative residual: 9.025936394778496e-05
Iteration: 312, relative residual: 9.025072293441356e-05
Iteration: 313, relative residual: 9.024791459940178e-05
Iteration: 314, relative residual: 9.022274230388766e-05
Iteration: 315, relative residual: 9.019872986353386e-05
Iteration: 316, relative residual: 9.01603072514772e-05
Iteration: 317, relative residual: 9.015322143941913e-05
Iteration: 318, relative residual: 9.014785609694419e-05
Iteration: 319, relative residual: 9.012619172050861e-05
Iteration: 320, relative residual: 9.010807709586046e-05
Iteration: 321, relative residual: 9.009848931552471e-05
Iteration: 322, relative residual: 9.009683923885563e-05
Iteration: 323, relative residual: 9.007191730260512e-05
Iteration: 324, relative residual: 9.00471279340215e-05
Iteration: 325, relative residual: 9.00435532376119e-05
Iteration: 326, relative residual: 9.002044475094595e-05
Iteration: 327, relative residual: 8.996823647808113e-05
Iteration: 328, relative residual: 8.978575010676827e-05
Iteration: 329, relative residual: 8.954859549948537e-05
Iteration: 330, relative residual: 8.924729319092943e-05
Iteration: 331, relative residual: 8.915895613562058e-05
Iteration: 332, relative residual: 8.91215572341048e-05
Iteration: 333, relative residual: 8.90991381106942e-05
Iteration: 334, relative residual: 8.909912808193451e-05
Iteration: 335, relative residual: 8.906520252553473e-05
Iteration: 336, relative residual: 8.900899215918037e-05
Iteration: 337, relative residual: 8.898130953442394e-05
Iteration: 338, relative residual: 8.896764069451555e-05
Iteration: 339, relative residual: 8.891047069828113e-05
Iteration: 340, relative residual: 8.886602896173783e-05
Iteration: 341, relative residual: 8.8830106698916e-05
Iteration: 342, relative residual: 8.876183054094093e-05
Iteration: 343, relative residual: 8.874073715733934e-05
Iteration: 344, relative residual: 8.874064166080786e-05
Iteration: 345, relative residual: 8.867867018295506e-05
Iteration: 346, relative residual: 8.860039533374695e-05
Iteration: 347, relative residual: 8.845357484261348e-05
Iteration: 348, relative residual: 8.830864609662608e-05
Iteration: 349, relative residual: 8.822836571311341e-05
Iteration: 350, relative residual: 8.822813087762331e-05
Iteration: 351, relative residual: 8.821773964062476e-05
Iteration: 352, relative residual: 8.817282382614436e-05
Iteration: 353, relative residual: 8.812207231059978e-05
Iteration: 354, relative residual: 8.808405808664305e-05
Iteration: 355, relative residual: 8.807993106945487e-05
Iteration: 356, relative residual: 8.805616018874276e-05
Iteration: 357, relative residual: 8.7931299358843e-05
Iteration: 358, relative residual: 8.791999813924062e-05
Iteration: 359, relative residual: 8.791744707068373e-05
Iteration: 360, relative residual: 8.788910434866632e-05
Iteration: 361, relative residual: 8.786417957106812e-05
Iteration: 362, relative residual: 8.769097134928173e-05
Iteration: 363, relative residual: 8.750597434812988e-05
Iteration: 364, relative residual: 8.737906107790272e-05
Iteration: 365, relative residual: 8.732099586509083e-05
Iteration: 366, relative residual: 8.730110225266656e-05
Iteration: 367, relative residual: 8.729445414853418e-05
Iteration: 368, relative residual: 8.726858442109778e-05
Iteration: 369, relative residual: 8.72472403793864e-05
Iteration: 370, relative residual: 8.720626833903992e-05
Iteration: 371, relative residual: 8.708904382582638e-05
Iteration: 372, relative residual: 8.693428413418418e-05
Iteration: 373, relative residual: 8.676649714922695e-05
Iteration: 374, relative residual: 8.654195722810776e-05
Iteration: 375, relative residual: 8.643618288662927e-05
Iteration: 376, relative residual: 8.630143690089067e-05
Iteration: 377, relative residual: 8.6130385254484e-05
Iteration: 378, relative residual: 8.607186917483268e-05
Iteration: 379, relative residual: 8.605078040395281e-05
Iteration: 380, relative residual: 8.604093657445857e-05
Iteration: 381, relative residual: 8.589265401943828e-05
Iteration: 382, relative residual: 8.53546163737101e-05
Iteration: 383, relative residual: 8.506885036417776e-05
Iteration: 384, relative residual: 8.469387479507946e-05
Iteration: 385, relative residual: 8.445586162750727e-05
Iteration: 386, relative residual: 8.443127269476926e-05
Iteration: 387, relative residual: 8.439433677182132e-05
Iteration: 388, relative residual: 8.417654083506246e-05
Iteration: 389, relative residual: 8.364501897421066e-05
Iteration: 390, relative residual: 8.325430186107384e-05
Iteration: 391, relative residual: 8.29796091973603e-05
Iteration: 392, relative residual: 8.291412526230072e-05
Iteration: 393, relative residual: 8.28953407698038e-05
Iteration: 394, relative residual: 8.282977234588677e-05
Iteration: 395, relative residual: 8.268795443978658e-05
Iteration: 396, relative residual: 8.251126766959898e-05
Iteration: 397, relative residual: 8.241679597082436e-05
Iteration: 398, relative residual: 8.199399379608904e-05
Iteration: 399, relative residual: 8.164517515579141e-05
Iteration: 400, relative residual: 8.164517515579141e-05
Residual: 8.164517515579141e-05. Restart...
Iteration: 401, relative residual: 8.121010583395032e-05
Iteration: 402, relative residual: 8.120971041246998e-05
Iteration: 403, relative residual: 8.120695808513385e-05
Iteration: 404, relative residual: 8.120466792356606e-05
Iteration: 405, relative residual: 8.120297017797334e-05
Iteration: 406, relative residual: 8.120295977648203e-05
Iteration: 407, relative residual: 8.119992358495779e-05
Iteration: 408, relative residual: 8.119302962908352e-05
Iteration: 409, relative residual: 8.118673377340784e-05
Iteration: 410, relative residual: 8.117474791227858e-05
Iteration: 411, relative residual: 8.117183287673474e-05
Iteration: 412, relative residual: 8.117125311481447e-05
Iteration: 413, relative residual: 8.116996355458853e-05
Iteration: 414, relative residual: 8.11652198639456e-05
Iteration: 415, relative residual: 8.114678715858504e-05
Iteration: 416, relative residual: 8.112480161791439e-05
Iteration: 417, relative residual: 8.112433362362839e-05
Iteration: 418, relative residual: 8.112304692676883e-05
Iteration: 419, relative residual: 8.111526786099619e-05
Iteration: 420, relative residual: 8.111095023748715e-05
Iteration: 421, relative residual: 8.111071582306e-05
Iteration: 422, relative residual: 8.111042139093028e-05
Iteration: 423, relative residual: 8.110047668663983e-05
Iteration: 424, relative residual: 8.108270191254371e-05
Iteration: 425, relative residual: 8.108243697636522e-05
Iteration: 426, relative residual: 8.107423144638718e-05
Iteration: 427, relative residual: 8.102396596897106e-05
Iteration: 428, relative residual: 8.093379007716684e-05
Iteration: 429, relative residual: 8.081638519663359e-05
Iteration: 430, relative residual: 8.06778627697415e-05
Iteration: 431, relative residual: 8.059471192091165e-05
Iteration: 432, relative residual: 8.05932275575947e-05
Iteration: 433, relative residual: 8.059316049926002e-05
Iteration: 434, relative residual: 8.058097282585288e-05
Iteration: 435, relative residual: 8.050328091060799e-05
Iteration: 436, relative residual: 8.040378357957085e-05
Iteration: 437, relative residual: 8.031528831613547e-05
Iteration: 438, relative residual: 8.02966481369669e-05
Iteration: 439, relative residual: 8.029629461531091e-05
Iteration: 440, relative residual: 8.027358743974242e-05
Iteration: 441, relative residual: 8.025206845951763e-05
Iteration: 442, relative residual: 8.022891938428678e-05
Iteration: 443, relative residual: 8.020517998574199e-05
Iteration: 444, relative residual: 8.020398703576156e-05
Iteration: 445, relative residual: 8.020070111953267e-05
Iteration: 446, relative residual: 8.018653217511107e-05
Iteration: 447, relative residual: 8.016097860617127e-05
Iteration: 448, relative residual: 8.012461538991964e-05
Iteration: 449, relative residual: 8.00965136020276e-05
Iteration: 450, relative residual: 8.009118573712462e-05
Iteration: 451, relative residual: 8.008626161597783e-05
Iteration: 452, relative residual: 8.00192615165358e-05
Iteration: 453, relative residual: 7.987865082095743e-05
Iteration: 454, relative residual: 7.975001942642275e-05
Iteration: 455, relative residual: 7.967595406848772e-05
Iteration: 456, relative residual: 7.967409687953752e-05
Iteration: 457, relative residual: 7.964476010748617e-05
Iteration: 458, relative residual: 7.954989919671365e-05
Iteration: 459, relative residual: 7.946588184273618e-05
Iteration: 460, relative residual: 7.944769280710132e-05
Iteration: 461, relative residual: 7.943318134940137e-05
Iteration: 462, relative residual: 7.942262318261989e-05
Iteration: 463, relative residual: 7.932958372768614e-05
Iteration: 464, relative residual: 7.922580522008291e-05
Iteration: 465, relative residual: 7.916765250144296e-05
Iteration: 466, relative residual: 7.914339498718892e-05
Iteration: 467, relative residual: 7.913410290154555e-05
Iteration: 468, relative residual: 7.91154022352057e-05
Iteration: 469, relative residual: 7.906028671534475e-05
Iteration: 470, relative residual: 7.904831070924473e-05
Iteration: 471, relative residual: 7.904821433192212e-05
Iteration: 472, relative residual: 7.903765681343492e-05
Iteration: 473, relative residual: 7.896396454244621e-05
Iteration: 474, relative residual: 7.889356683284613e-05
Iteration: 475, relative residual: 7.879061945763267e-05
Iteration: 476, relative residual: 7.868372896646376e-05
Iteration: 477, relative residual: 7.861014794380744e-05
Iteration: 478, relative residual: 7.854517230544437e-05
Iteration: 479, relative residual: 7.851807314416688e-05
Iteration: 480, relative residual: 7.849411300903121e-05
Iteration: 481, relative residual: 7.849407751688874e-05
Iteration: 482, relative residual: 7.8460226892394e-05
Iteration: 483, relative residual: 7.829392497858181e-05
Iteration: 484, relative residual: 7.812091724363272e-05
Iteration: 485, relative residual: 7.79122249871082e-05
Iteration: 486, relative residual: 7.782312997826471e-05
Iteration: 487, relative residual: 7.782310157187773e-05
Iteration: 488, relative residual: 7.777250900890424e-05
Iteration: 489, relative residual: 7.768525274534204e-05
Iteration: 490, relative residual: 7.750489462115104e-05
Iteration: 491, relative residual: 7.717735908685838e-05
Iteration: 492, relative residual: 7.713977776165233e-05
Iteration: 493, relative residual: 7.711074081713406e-05
Iteration: 494, relative residual: 7.693296400605292e-05
Iteration: 495, relative residual: 7.69169551057098e-05
Iteration: 496, relative residual: 7.690194305129793e-05
Iteration: 497, relative residual: 7.687860904842102e-05
Iteration: 498, relative residual: 7.680220926885892e-05
Iteration: 499, relative residual: 7.65961049519466e-05
Iteration: 500, relative residual: 7.65961049519466e-05
Residual: 7.65961049519466e-05. Restart...
Iteration: 501, relative residual: 7.618201275927097e-05
Iteration: 502, relative residual: 7.618143224352741e-05
Iteration: 503, relative residual: 7.618033871166727e-05
Iteration: 504, relative residual: 7.618029043793258e-05
Iteration: 505, relative residual: 7.618010794024294e-05
Iteration: 506, relative residual: 7.617798061227434e-05
Iteration: 507, relative residual: 7.617602757365047e-05
Iteration: 508, relative residual: 7.6174075923975e-05
Iteration: 509, relative residual: 7.617176708056819e-05
Iteration: 510, relative residual: 7.617095749420716e-05
Iteration: 511, relative residual: 7.617059167592283e-05
Iteration: 512, relative residual: 7.617052581387672e-05
Iteration: 513, relative residual: 7.616982540390238e-05
Iteration: 514, relative residual: 7.616711204020875e-05
Iteration: 515, relative residual: 7.616461844960797e-05
Iteration: 516, relative residual: 7.616427593847487e-05
Iteration: 517, relative residual: 7.61641277360981e-05
Iteration: 518, relative residual: 7.616250293251434e-05
Iteration: 519, relative residual: 7.616161159410285e-05
Iteration: 520, relative residual: 7.616098164087184e-05
Iteration: 521, relative residual: 7.616098036458617e-05
Iteration: 522, relative residual: 7.615679591108546e-05
Iteration: 523, relative residual: 7.61546038615179e-05
Iteration: 524, relative residual: 7.615456721915851e-05
Iteration: 525, relative residual: 7.614453519308785e-05
Iteration: 526, relative residual: 7.613085478631537e-05
Iteration: 527, relative residual: 7.611172784483077e-05
Iteration: 528, relative residual: 7.60531919088531e-05
Iteration: 529, relative residual: 7.59450069402093e-05
Iteration: 530, relative residual: 7.587023693493375e-05
Iteration: 531, relative residual: 7.586252762811801e-05
Iteration: 532, relative residual: 7.58516828132991e-05
Iteration: 533, relative residual: 7.574671142789854e-05
Iteration: 534, relative residual: 7.56223652558744e-05
Iteration: 535, relative residual: 7.558007524260798e-05
Iteration: 536, relative residual: 7.55482487010438e-05
Iteration: 537, relative residual: 7.55471247723586e-05
Iteration: 538, relative residual: 7.553322052373143e-05
Iteration: 539, relative residual: 7.551329263477139e-05
Iteration: 540, relative residual: 7.549372242411276e-05
Iteration: 541, relative residual: 7.547007879150229e-05
Iteration: 542, relative residual: 7.546898615360751e-05
Iteration: 543, relative residual: 7.545781819267761e-05
Iteration: 544, relative residual: 7.544045789506664e-05
Iteration: 545, relative residual: 7.541480616424298e-05
Iteration: 546, relative residual: 7.536243976096727e-05
Iteration: 547, relative residual: 7.530674122872662e-05
Iteration: 548, relative residual: 7.523276940300996e-05
Iteration: 549, relative residual: 7.518446518122089e-05
Iteration: 550, relative residual: 7.517624459279988e-05
Iteration: 551, relative residual: 7.517458584396492e-05
Iteration: 552, relative residual: 7.516981502184401e-05
Iteration: 553, relative residual: 7.513430104871085e-05
Iteration: 554, relative residual: 7.508830281174405e-05
Iteration: 555, relative residual: 7.507582408153529e-05
Iteration: 556, relative residual: 7.507579461352278e-05
Iteration: 557, relative residual: 7.506018185360283e-05
Iteration: 558, relative residual: 7.504174187375403e-05
Iteration: 559, relative residual: 7.501241859759586e-05
Iteration: 560, relative residual: 7.50079967128125e-05
Iteration: 561, relative residual: 7.499208039174668e-05
Iteration: 562, relative residual: 7.495645265580354e-05
Iteration: 563, relative residual: 7.494435420499653e-05
Iteration: 564, relative residual: 7.489513373265637e-05
Iteration: 565, relative residual: 7.484188850086987e-05
Iteration: 566, relative residual: 7.479354330964886e-05
Iteration: 567, relative residual: 7.47560786738311e-05
Iteration: 568, relative residual: 7.475356780468986e-05
Iteration: 569, relative residual: 7.475314056957777e-05
Iteration: 570, relative residual: 7.47198343381632e-05
Iteration: 571, relative residual: 7.464461344445012e-05
Iteration: 572, relative residual: 7.461932322951736e-05
Iteration: 573, relative residual: 7.461158640620629e-05
Iteration: 574, relative residual: 7.455343452374273e-05
Iteration: 575, relative residual: 7.449721588256575e-05
Iteration: 576, relative residual: 7.448041320582918e-05
Iteration: 577, relative residual: 7.439926014371945e-05
Iteration: 578, relative residual: 7.438904089415922e-05
Iteration: 579, relative residual: 7.438728725750274e-05
Iteration: 580, relative residual: 7.43589676847414e-05
Iteration: 581, relative residual: 7.421873748906301e-05
Iteration: 582, relative residual: 7.410315535530039e-05
Iteration: 583, relative residual: 7.394037794068393e-05
Iteration: 584, relative residual: 7.380156049742432e-05
Iteration: 585, relative residual: 7.378229156072708e-05
Iteration: 586, relative residual: 7.377997780693134e-05
Iteration: 587, relative residual: 7.377970614471456e-05
Iteration: 588, relative residual: 7.366021846072118e-05
Iteration: 589, relative residual: 7.352287964739063e-05
Iteration: 590, relative residual: 7.329145151396378e-05
Iteration: 591, relative residual: 7.293445520219738e-05
Iteration: 592, relative residual: 7.291006645810258e-05
Iteration: 593, relative residual: 7.290921058120904e-05
Iteration: 594, relative residual: 7.28541326371639e-05
Iteration: 595, relative residual: 7.27050820849675e-05
Iteration: 596, relative residual: 7.264335664827075e-05
Iteration: 597, relative residual: 7.253718065904118e-05
Iteration: 598, relative residual: 7.233621232575573e-05
Iteration: 599, relative residual: 7.222969727975424e-05
Iteration: 600, relative residual: 7.222969727975424e-05
Residual: 7.222969727975424e-05. Restart...
Iteration: 601, relative residual: 7.20924807478501e-05
Iteration: 602, relative residual: 7.209248008974819e-05
Iteration: 603, relative residual: 7.209247855618336e-05
Iteration: 604, relative residual: 7.209247821630427e-05
Iteration: 605, relative residual: 7.209247810966902e-05
Iteration: 606, relative residual: 7.209247192390577e-05
Iteration: 607, relative residual: 7.209243266016266e-05
Iteration: 608, relative residual: 7.209235624237893e-05
Iteration: 609, relative residual: 7.209224730829715e-05
Iteration: 610, relative residual: 7.209219034025744e-05
Iteration: 611, relative residual: 7.209218451936211e-05
Iteration: 612, relative residual: 7.209217499793707e-05
Iteration: 613, relative residual: 7.209212089398527e-05
Iteration: 614, relative residual: 7.209199742008745e-05
Iteration: 615, relative residual: 7.209182042455758e-05
Iteration: 616, relative residual: 7.209174957208117e-05
Iteration: 617, relative residual: 7.20916700634464e-05
Iteration: 618, relative residual: 7.209101434145479e-05
Iteration: 619, relative residual: 7.20908882177809e-05
Iteration: 620, relative residual: 7.209070563972449e-05
Iteration: 621, relative residual: 7.209025660518221e-05
Iteration: 622, relative residual: 7.208934749980888e-05
Iteration: 623, relative residual: 7.208905474749127e-05
Iteration: 624, relative residual: 7.208902768726242e-05
Iteration: 625, relative residual: 7.208721784974346e-05
Iteration: 626, relative residual: 7.2083380122854e-05
Iteration: 627, relative residual: 7.207104873148481e-05
Iteration: 628, relative residual: 7.205000273706397e-05
Iteration: 629, relative residual: 7.202413499058177e-05
Iteration: 630, relative residual: 7.200714062141001e-05
Iteration: 631, relative residual: 7.200702301175661e-05
Iteration: 632, relative residual: 7.197700358195806e-05
Iteration: 633, relative residual: 7.193415724559368e-05
Iteration: 634, relative residual: 7.183522484672278e-05
Iteration: 635, relative residual: 7.17384224628961e-05
Iteration: 636, relative residual: 7.167235684497401e-05
Iteration: 637, relative residual: 7.16293553999932e-05
Iteration: 638, relative residual: 7.161318144204136e-05
Iteration: 639, relative residual: 7.161318097265381e-05
Iteration: 640, relative residual: 7.16063660287091e-05
Iteration: 641, relative residual: 7.159424346252917e-05
Iteration: 642, relative residual: 7.155412358833594e-05
Iteration: 643, relative residual: 7.153115204646177e-05
Iteration: 644, relative residual: 7.153059026317384e-05
Iteration: 645, relative residual: 7.151662917295969e-05
Iteration: 646, relative residual: 7.146136370306407e-05
Iteration: 647, relative residual: 7.14045841226564e-05
Iteration: 648, relative residual: 7.129021003152068e-05
Iteration: 649, relative residual: 7.12157817539745e-05
Iteration: 650, relative residual: 7.113666217414344e-05
Iteration: 651, relative residual: 7.110926717787932e-05
Iteration: 652, relative residual: 7.110855475999324e-05
Iteration: 653, relative residual: 7.108546338270158e-05
Iteration: 654, relative residual: 7.10548218752857e-05
Iteration: 655, relative residual: 7.103231085512988e-05
Iteration: 656, relative residual: 7.103139213022673e-05
Iteration: 657, relative residual: 7.102828483643384e-05
Iteration: 658, relative residual: 7.099816845158558e-05
Iteration: 659, relative residual: 7.092721947373244e-05
Iteration: 660, relative residual: 7.083166436447081e-05
Iteration: 661, relative residual: 7.077359479489649e-05
Iteration: 662, relative residual: 7.076228751479138e-05
Iteration: 663, relative residual: 7.076050912817676e-05
Iteration: 664, relative residual: 7.076047614746021e-05
Iteration: 665, relative residual: 7.074516352875976e-05
Iteration: 666, relative residual: 7.070363739930072e-05
Iteration: 667, relative residual: 7.067848980136378e-05
Iteration: 668, relative residual: 7.066955483600082e-05
Iteration: 669, relative residual: 7.066869153957369e-05
Iteration: 670, relative residual: 7.066794054492033e-05
Iteration: 671, relative residual: 7.06662516460384e-05
Iteration: 672, relative residual: 7.06661985365526e-05
Iteration: 673, relative residual: 7.066006880329732e-05
Iteration: 674, relative residual: 7.057916636196942e-05
Iteration: 675, relative residual: 7.04822605283934e-05
Iteration: 676, relative residual: 7.041960297753043e-05
Iteration: 677, relative residual: 7.034029173265532e-05
Iteration: 678, relative residual: 7.033570856161598e-05
Iteration: 679, relative residual: 7.033071389546225e-05
Iteration: 680, relative residual: 7.031917690916954e-05
Iteration: 681, relative residual: 7.031902640031519e-05
Iteration: 682, relative residual: 7.02874665895943e-05
Iteration: 683, relative residual: 7.021715302429916e-05
Iteration: 684, relative residual: 7.009518764974199e-05
Iteration: 685, relative residual: 7.004208092421033e-05
Iteration: 686, relative residual: 7.002014947482574e-05
Iteration: 687, relative residual: 7.001557646975912e-05
Iteration: 688, relative residual: 6.998304815312486e-05
Iteration: 689, relative residual: 6.992165038566438e-05
Iteration: 690, relative residual: 6.970127222724338e-05
Iteration: 691, relative residual: 6.952293445078753e-05
Iteration: 692, relative residual: 6.937037145826205e-05
Iteration: 693, relative residual: 6.927675017895531e-05
Iteration: 694, relative residual: 6.922865918495896e-05
Iteration: 695, relative residual: 6.922552480095313e-05
Iteration: 696, relative residual: 6.920611344896627e-05
Iteration: 697, relative residual: 6.914160722035868e-05
Iteration: 698, relative residual: 6.900047027946157e-05
Iteration: 699, relative residual: 6.87830338428006e-05
Iteration: 700, relative residual: 6.87830338428006e-05
Residual: 6.87830338428006e-05. Restart...
Iteration: 701, relative residual: 6.862853831798969e-05
Iteration: 702, relative residual: 6.862850365203499e-05
Iteration: 703, relative residual: 6.862848338803059e-05
Iteration: 704, relative residual: 6.862845448910375e-05
Iteration: 705, relative residual: 6.862841075194402e-05
Iteration: 706, relative residual: 6.862803653757728e-05
Iteration: 707, relative residual: 6.86275146144362e-05
Iteration: 708, relative residual: 6.862702894167606e-05
Iteration: 709, relative residual: 6.862673291868766e-05
Iteration: 710, relative residual: 6.862661431054559e-05
Iteration: 711, relative residual: 6.862661419744879e-05
Iteration: 712, relative residual: 6.862638170693513e-05
Iteration: 713, relative residual: 6.862633519554645e-05
Iteration: 714, relative residual: 6.862628225981203e-05
Iteration: 715, relative residual: 6.86262762855163e-05
Iteration: 716, relative residual: 6.862627168174273e-05
Iteration: 717, relative residual: 6.862588547506906e-05
Iteration: 718, relative residual: 6.86254114246045e-05
Iteration: 719, relative residual: 6.86253875428363e-05
Iteration: 720, relative residual: 6.862504299797632e-05
Iteration: 721, relative residual: 6.862241779093184e-05
Iteration: 722, relative residual: 6.862047141464757e-05
Iteration: 723, relative residual: 6.862002437684216e-05
Iteration: 724, relative residual: 6.861784766867776e-05
Iteration: 725, relative residual: 6.861058055297613e-05
Iteration: 726, relative residual: 6.859728429347928e-05
Iteration: 727, relative residual: 6.857115126733352e-05
Iteration: 728, relative residual: 6.853884222002933e-05
Iteration: 729, relative residual: 6.8523282269294e-05
Iteration: 730, relative residual: 6.852313792841007e-05
Iteration: 731, relative residual: 6.849686762684927e-05
Iteration: 732, relative residual: 6.84476585697612e-05
Iteration: 733, relative residual: 6.840521054412836e-05
Iteration: 734, relative residual: 6.835159907270488e-05
Iteration: 735, relative residual: 6.830067571992625e-05
Iteration: 736, relative residual: 6.8297038852224e-05
Iteration: 737, relative residual: 6.829464528007177e-05
Iteration: 738, relative residual: 6.829461082372456e-05
Iteration: 739, relative residual: 6.829182152432409e-05
Iteration: 740, relative residual: 6.8280077744581e-05
Iteration: 741, relative residual: 6.825992463452903e-05
Iteration: 742, relative residual: 6.822725301626779e-05
Iteration: 743, relative residual: 6.818841603966555e-05
Iteration: 744, relative residual: 6.818068287800425e-05
Iteration: 745, relative residual: 6.817872418403801e-05
Iteration: 746, relative residual: 6.816032126669394e-05
Iteration: 747, relative residual: 6.811906886960502e-05
Iteration: 748, relative residual: 6.80370403795352e-05
Iteration: 749, relative residual: 6.796629001200988e-05
Iteration: 750, relative residual: 6.78968729196754e-05
Iteration: 751, relative residual: 6.788800262131194e-05
Iteration: 752, relative residual: 6.788778602892546e-05
Iteration: 753, relative residual: 6.787617420475397e-05
Iteration: 754, relative residual: 6.786546200852524e-05
Iteration: 755, relative residual: 6.784613088658477e-05
Iteration: 756, relative residual: 6.78455537223165e-05
Iteration: 757, relative residual: 6.784553648689144e-05
Iteration: 758, relative residual: 6.783614093820102e-05
Iteration: 759, relative residual: 6.779701233385123e-05
Iteration: 760, relative residual: 6.776471756859128e-05
Iteration: 761, relative residual: 6.776447569225216e-05
Iteration: 762, relative residual: 6.773371802790697e-05
Iteration: 763, relative residual: 6.771547030865689e-05
Iteration: 764, relative residual: 6.769707970183273e-05
Iteration: 765, relative residual: 6.768209477253439e-05
Iteration: 766, relative residual: 6.766767823155948e-05
Iteration: 767, relative residual: 6.766253656902813e-05
Iteration: 768, relative residual: 6.765459248560113e-05
Iteration: 769, relative residual: 6.765066119031172e-05
Iteration: 770, relative residual: 6.765059492602713e-05
Iteration: 771, relative residual: 6.764844609765702e-05
Iteration: 772, relative residual: 6.764313177042369e-05
Iteration: 773, relative residual: 6.762149164644737e-05
Iteration: 774, relative residual: 6.753738007205987e-05
Iteration: 775, relative residual: 6.747459656649493e-05
Iteration: 776, relative residual: 6.745175492057068e-05
Iteration: 777, relative residual: 6.741746370004171e-05
Iteration: 778, relative residual: 6.741070327488468e-05
Iteration: 779, relative residual: 6.740472478815263e-05
Iteration: 780, relative residual: 6.740182630691093e-05
Iteration: 781, relative residual: 6.735127461689904e-05
Iteration: 782, relative residual: 6.724668998017326e-05
Iteration: 783, relative residual: 6.698552353232049e-05
Iteration: 784, relative residual: 6.688200475478419e-05
Iteration: 785, relative residual: 6.682419903861406e-05
Iteration: 786, relative residual: 6.681866442060708e-05
Iteration: 787, relative residual: 6.681245955515382e-05
Iteration: 788, relative residual: 6.674578153978295e-05
Iteration: 789, relative residual: 6.664985412622654e-05
Iteration: 790, relative residual: 6.658534363103328e-05
Iteration: 791, relative residual: 6.651539137014594e-05
Iteration: 792, relative residual: 6.638728384472074e-05
Iteration: 793, relative residual: 6.634027664815496e-05
Iteration: 794, relative residual: 6.633735528407043e-05
Iteration: 795, relative residual: 6.626396696163183e-05
Iteration: 796, relative residual: 6.61422528327163e-05
Iteration: 797, relative residual: 6.602293729202431e-05
Iteration: 798, relative residual: 6.593213383811842e-05
Iteration: 799, relative residual: 6.582253741232079e-05
Iteration: 800, relative residual: 6.582253741232079e-05
Residual: 6.582253741232079e-05. Restart...
Iteration: 801, relative residual: 6.572652913123195e-05
Iteration: 802, relative residual: 6.572651312118198e-05
Iteration: 803, relative residual: 6.572651307994823e-05
Iteration: 804, relative residual: 6.572644453083014e-05
Iteration: 805, relative residual: 6.572638253509357e-05
Iteration: 806, relative residual: 6.572615691416702e-05
Iteration: 807, relative residual: 6.572605988489437e-05
Iteration: 808, relative residual: 6.57260415456601e-05
Iteration: 809, relative residual: 6.572603876247141e-05
Iteration: 810, relative residual: 6.572602228540892e-05
Iteration: 811, relative residual: 6.572601850791647e-05
Iteration: 812, relative residual: 6.572601723613622e-05
Iteration: 813, relative residual: 6.572601689277147e-05
Iteration: 814, relative residual: 6.572601109986625e-05
Iteration: 815, relative residual: 6.572600148203578e-05
Iteration: 816, relative residual: 6.572599136385492e-05
Iteration: 817, relative residual: 6.572593720275243e-05
Iteration: 818, relative residual: 6.572573130793112e-05
Iteration: 819, relative residual: 6.572567381912475e-05
Iteration: 820, relative residual: 6.572566226722661e-05
Iteration: 821, relative residual: 6.572511122161925e-05
Iteration: 822, relative residual: 6.572395611546421e-05
Iteration: 823, relative residual: 6.572371425769483e-05
Iteration: 824, relative residual: 6.572338896101672e-05
Iteration: 825, relative residual: 6.572022896947238e-05
Iteration: 826, relative residual: 6.571612397143521e-05
Iteration: 827, relative residual: 6.570959085292154e-05
Iteration: 828, relative residual: 6.569499056114287e-05
Iteration: 829, relative residual: 6.569047291522848e-05
Iteration: 830, relative residual: 6.569047225272872e-05
Iteration: 831, relative residual: 6.567440097735135e-05
Iteration: 832, relative residual: 6.563414922808944e-05
Iteration: 833, relative residual: 6.558939161011409e-05
Iteration: 834, relative residual: 6.552154950665082e-05
Iteration: 835, relative residual: 6.544496928747464e-05
Iteration: 836, relative residual: 6.540771794021413e-05
Iteration: 837, relative residual: 6.537356205085653e-05
Iteration: 838, relative residual: 6.535348910205197e-05
Iteration: 839, relative residual: 6.53510798373712e-05
Iteration: 840, relative residual: 6.534740000462753e-05
Iteration: 841, relative residual: 6.534226012883069e-05
Iteration: 842, relative residual: 6.530288520727671e-05
Iteration: 843, relative residual: 6.525390905517886e-05
Iteration: 844, relative residual: 6.524680940634592e-05
Iteration: 845, relative residual: 6.524183688417416e-05
Iteration: 846, relative residual: 6.519919975391673e-05
Iteration: 847, relative residual: 6.512775377894326e-05
Iteration: 848, relative residual: 6.505528799425624e-05
Iteration: 849, relative residual: 6.502681613592659e-05
Iteration: 850, relative residual: 6.499632382030108e-05
Iteration: 851, relative residual: 6.498707551072572e-05
Iteration: 852, relative residual: 6.498616886482623e-05
Iteration: 853, relative residual: 6.497832687662532e-05
Iteration: 854, relative residual: 6.495497411475293e-05
Iteration: 855, relative residual: 6.49420223300531e-05
Iteration: 856, relative residual: 6.493803494344489e-05
Iteration: 857, relative residual: 6.493647658842885e-05
Iteration: 858, relative residual: 6.490361472834646e-05
Iteration: 859, relative residual: 6.484752921194649e-05
Iteration: 860, relative residual: 6.482283719724465e-05
Iteration: 861, relative residual: 6.482246851088646e-05
Iteration: 862, relative residual: 6.481483542977257e-05
Iteration: 863, relative residual: 6.476766927753378e-05
Iteration: 864, relative residual: 6.469861907810425e-05
Iteration: 865, relative residual: 6.468623572138341e-05
Iteration: 866, relative residual: 6.465096916315918e-05
Iteration: 867, relative residual: 6.464124216475985e-05
Iteration: 868, relative residual: 6.463645331692077e-05
Iteration: 869, relative residual: 6.463537508289293e-05
Iteration: 870, relative residual: 6.463424145188067e-05
Iteration: 871, relative residual: 6.463384665943122e-05
Iteration: 872, relative residual: 6.463315751688361e-05
Iteration: 873, relative residual: 6.461470942760714e-05
Iteration: 874, relative residual: 6.456822165209046e-05
Iteration: 875, relative residual: 6.451045984641944e-05
Iteration: 876, relative residual: 6.448196236082193e-05
Iteration: 877, relative residual: 6.446166548202472e-05
Iteration: 878, relative residual: 6.44431357000833e-05
Iteration: 879, relative residual: 6.444299648335267e-05
Iteration: 880, relative residual: 6.442907885407452e-05
Iteration: 881, relative residual: 6.441891986593254e-05
Iteration: 882, relative residual: 6.438014920615904e-05
Iteration: 883, relative residual: 6.431614574095693e-05
Iteration: 884, relative residual: 6.423541721211997e-05
Iteration: 885, relative residual: 6.42136352575503e-05
Iteration: 886, relative residual: 6.421356325016048e-05
Iteration: 887, relative residual: 6.421351719517927e-05
Iteration: 888, relative residual: 6.421202863766497e-05
Iteration: 889, relative residual: 6.418080768775604e-05
Iteration: 890, relative residual: 6.406049172028399e-05
Iteration: 891, relative residual: 6.389405112357908e-05
Iteration: 892, relative residual: 6.367315324792353e-05
Iteration: 893, relative residual: 6.36262226061595e-05
Iteration: 894, relative residual: 6.360810006142924e-05
Iteration: 895, relative residual: 6.360786739801014e-05
Iteration: 896, relative residual: 6.359030689575187e-05
Iteration: 897, relative residual: 6.356366129999755e-05
Iteration: 898, relative residual: 6.350696075385928e-05
Iteration: 899, relative residual: 6.345168346553506e-05
Iteration: 900, relative residual: 6.345168346553506e-05
Residual: 6.345168346553506e-05. Restart...
Iteration: 901, relative residual: 6.3337722984093e-05
Iteration: 902, relative residual: 6.333765755251077e-05
Iteration: 903, relative residual: 6.333765689612729e-05
Iteration: 904, relative residual: 6.333743196447498e-05
Iteration: 905, relative residual: 6.333726981672757e-05
Iteration: 906, relative residual: 6.333651728470666e-05
Iteration: 907, relative residual: 6.33361118435254e-05
Iteration: 908, relative residual: 6.333579889920379e-05
Iteration: 909, relative residual: 6.333576638395337e-05
Iteration: 910, relative residual: 6.333561370887456e-05
Iteration: 911, relative residual: 6.3335524144764e-05
Iteration: 912, relative residual: 6.333551501671146e-05
Iteration: 913, relative residual: 6.333550540488576e-05
Iteration: 914, relative residual: 6.33351215795847e-05
Iteration: 915, relative residual: 6.333468750423961e-05
Iteration: 916, relative residual: 6.333455914443479e-05
Iteration: 917, relative residual: 6.333455372695443e-05
Iteration: 918, relative residual: 6.333427078214699e-05
Iteration: 919, relative residual: 6.333394813165709e-05
Iteration: 920, relative residual: 6.333343510816411e-05
Iteration: 921, relative residual: 6.3333369669524e-05
Iteration: 922, relative residual: 6.33326451313328e-05
Iteration: 923, relative residual: 6.33319968064032e-05
Iteration: 924, relative residual: 6.333195398801935e-05
Iteration: 925, relative residual: 6.333167166458091e-05
Iteration: 926, relative residual: 6.333088953074529e-05
Iteration: 927, relative residual: 6.332710190255006e-05
Iteration: 928, relative residual: 6.33138530368217e-05
Iteration: 929, relative residual: 6.330879506783767e-05
Iteration: 930, relative residual: 6.330863586190382e-05
Iteration: 931, relative residual: 6.329611317939591e-05
Iteration: 932, relative residual: 6.328152552678381e-05
Iteration: 933, relative residual: 6.326389727698774e-05
Iteration: 934, relative residual: 6.322077737067987e-05
Iteration: 935, relative residual: 6.317714777614967e-05
Iteration: 936, relative residual: 6.316486786622641e-05
Iteration: 937, relative residual: 6.315273220520823e-05
Iteration: 938, relative residual: 6.313246645446845e-05
Iteration: 939, relative residual: 6.313122026277185e-05
Iteration: 940, relative residual: 6.313054956993054e-05
Iteration: 941, relative residual: 6.31246202009521e-05
Iteration: 942, relative residual: 6.310846851081006e-05
Iteration: 943, relative residual: 6.305417422746215e-05
Iteration: 944, relative residual: 6.300171619029055e-05
Iteration: 945, relative residual: 6.295898846037582e-05
Iteration: 946, relative residual: 6.291928541268131e-05
Iteration: 947, relative residual: 6.289263466253617e-05
Iteration: 948, relative residual: 6.289242670426748e-05
Iteration: 949, relative residual: 6.288247952668146e-05
Iteration: 950, relative residual: 6.284035073466427e-05
Iteration: 951, relative residual: 6.2808457525603e-05
Iteration: 952, relative residual: 6.27983942734243e-05
Iteration: 953, relative residual: 6.279836412040888e-05
Iteration: 954, relative residual: 6.279339134713498e-05
Iteration: 955, relative residual: 6.278532435769186e-05
Iteration: 956, relative residual: 6.27763630226104e-05
Iteration: 957, relative residual: 6.277455188918025e-05
Iteration: 958, relative residual: 6.277204188670695e-05
Iteration: 959, relative residual: 6.276272556287483e-05
Iteration: 960, relative residual: 6.273973680899947e-05
Iteration: 961, relative residual: 6.273329756799821e-05
Iteration: 962, relative residual: 6.272986699740435e-05
Iteration: 963, relative residual: 6.27286873461629e-05
Iteration: 964, relative residual: 6.272689578219954e-05
Iteration: 965, relative residual: 6.271515583821759e-05
Iteration: 966, relative residual: 6.270773386232468e-05
Iteration: 967, relative residual: 6.270392591135204e-05
Iteration: 968, relative residual: 6.26854116666907e-05
Iteration: 969, relative residual: 6.266033397452997e-05
Iteration: 970, relative residual: 6.265322110265718e-05
Iteration: 971, relative residual: 6.265132377401806e-05
Iteration: 972, relative residual: 6.264711488835724e-05
Iteration: 973, relative residual: 6.264534639940784e-05
Iteration: 974, relative residual: 6.26042906808528e-05
Iteration: 975, relative residual: 6.252210677501233e-05
Iteration: 976, relative residual: 6.242188316170885e-05
Iteration: 977, relative residual: 6.234879204483522e-05
Iteration: 978, relative residual: 6.232307804062224e-05
Iteration: 979, relative residual: 6.232197394649889e-05
Iteration: 980, relative residual: 6.2315928223938e-05
Iteration: 981, relative residual: 6.225551330893753e-05
Iteration: 982, relative residual: 6.217256501508988e-05
Iteration: 983, relative residual: 6.202072605406631e-05
Iteration: 984, relative residual: 6.191478935278354e-05
Iteration: 985, relative residual: 6.179946144727798e-05
Iteration: 986, relative residual: 6.176935550118132e-05
Iteration: 987, relative residual: 6.176935265064597e-05
Iteration: 988, relative residual: 6.175230993200122e-05
Iteration: 989, relative residual: 6.171564155356945e-05
Iteration: 990, relative residual: 6.168837346368193e-05
Iteration: 991, relative residual: 6.160872288297196e-05
Iteration: 992, relative residual: 6.140296543512711e-05
Iteration: 993, relative residual: 6.130113590001039e-05
Iteration: 994, relative residual: 6.123884329676616e-05
Iteration: 995, relative residual: 6.121879196437045e-05
Iteration: 996, relative residual: 6.121779385153581e-05
Iteration: 997, relative residual: 6.121436723048257e-05
Iteration: 998, relative residual: 6.115328652625396e-05
Iteration: 999, relative residual: 6.112219984993809e-05
Iteration: 1000, relative residual: 6.112219984993809e-05
Residual: 6.112219984993809e-05. Restart...
Warning!!!!You have reached the maximum number of iterations : 1000.
The run will stop. Check the residual behaviour you might have a bug.For future runs you might consider changing the tolerance or increasing the number of max_iter.
Solve time        : 8997.603100538254s

Calculate Solvation Energy (E_solv)
Calculating solvation energy for region 1, stored in E_solv[0]
6321.782024335216 of 542121 analytical integrals for phi_reac calculation in region 1
Time E_solv: 21.830461025238037s
Region 1: E_solv = -7614.339580430534 kcal/mol = -31858.396804521355 kJ/mol

Calculate Surface Energy (E_surf)
Time E_surf: 0.021521568298339844s

Calculate Coulomb Energy (E_coul)
Calculate Coulomb energy for region 1
Region 1: E_coul = -249132.39731290404 kcal/mol = -1042369.9503571906 kJ/mol
Time E_coul: 24.779006004333496s

------------------------------
Totals:
E_solv = -7614.339580430534 kcal/mol
E_surf = 0 kcal/mol
E_coul = -249132.39731290404 kcal/mol

Time = 9122.989895820618 s
