Run started on:
	Date: 2020/5/23
	Time: 18:3:20
	PyGBe version: 0.3.2+5.gea0f875
Config file: /cobra/u/gvargas/code/hPB/pygbe/pygbe/myCrownFinShots/sarsCov2noACE2/snap3/snap3.config
Parameter file: /cobra/u/gvargas/code/hPB/pygbe/pygbe/myCrownFinShots/sarsCov2noACE2/snap3/snap3.param
Geometry folder: /cobra/u/gvargas/code/hPB/pygbe/pygbe/myCrownFinShots/sarsCov2noACE2/snap3/geometry
Running in: /cobra/u/gvargas/code/hPB/pygbe/pygbe/myCrownFinShots/sarsCov2noACE2/snap3

Reading surface 0 from file geometry/crownVFnoACE2
Time load mesh: 9.021877527236938
Removed areas=0: 251

Total elements : 523929
Total equations: 1047858
----------------------------

1 surfaces:

Surface 0:
	523929 elements
	Surface type         : dielectric_interface
	Cells                : 3738
	Twigs                : 3159
	Levels               : 7
	C0 size              : 101.10610997728763
	C0 box center        : 87.36916886257491, 70.01281570530865, 87.40331612871209
	Twig cell size       : 1.5797829683951192
	Rbox/theta           : 3.1595659367902384
	Analytic distance    : 1.298400326969946
	Elem. per Ang^2      : 4.159052841912249
	Max, min, avg elem.  : 1.3817021432747336, 4.99999999990564e-07, 0.24043935915472045
	Total area           : 125973.15300257353
------------------------------

2 regions:

Region 0:
	Laplace or Yukawa: 2
	kappa            : 0.125
	dielectric const : 80.0
	Number of charges: 0
	Parent surface   : []
	Child surfaces   : [0]
Region 1:
	Laplace or Yukawa: 1
	kappa            : 1e-12
	dielectric const : 4.0
	Number of charges: 51856
	Parent surface   : [0]
	Child surfaces   : []
------------------------------

Parameters:
	Data type               : <class 'numpy.float64'>
	Use GPU                 : 1
	P                       : 4
	threshold               : 0.50
	theta                   : 0.50
	NCRIT                   : 500
	CUDA block size         : 128
	Gauss points per element: 1
	Gauss points near singlr: 25
	1D Gauss points per side: 9
	GMRES tolerance         : 1e-05
	GMRES max iterations    : 1000
	GMRES restart iteration : 100
----------------------------

Generate interaction list
Transfer data to GPU
Generate RHS
List time          : 3.434342622756958s
Data transfer time : 0.40300583839416504s
RHS generation time: 4.294437646865845s
------------------------------
Total setup time   : 71.70938444137573s
Solve
Iteration: 1, relative residual: 0.2990028451049875
Iteration: 2, relative residual: 0.19613951800824
Iteration: 3, relative residual: 0.14194552579237446
Iteration: 4, relative residual: 0.10374499615133438
Iteration: 5, relative residual: 0.0906167461534853
Iteration: 6, relative residual: 0.06755540825295374
Iteration: 7, relative residual: 0.05833301198380752
Iteration: 8, relative residual: 0.048921107395182004
Iteration: 9, relative residual: 0.040002372014497176
Iteration: 10, relative residual: 0.033776341494652674
Iteration: 11, relative residual: 0.027826238786636173
Iteration: 12, relative residual: 0.021542026432655962
Iteration: 13, relative residual: 0.01705080290676323
Iteration: 14, relative residual: 0.014648468459082804
Iteration: 15, relative residual: 0.012816714399071213
Iteration: 16, relative residual: 0.011426614167629686
Iteration: 17, relative residual: 0.009254472819691517
Iteration: 18, relative residual: 0.008177133517851981
Iteration: 19, relative residual: 0.007399481007648618
Iteration: 20, relative residual: 0.006769312482286071
Iteration: 21, relative residual: 0.006189770856442933
Iteration: 22, relative residual: 0.006154956788385052
Iteration: 23, relative residual: 0.0060814500473154315
Iteration: 24, relative residual: 0.005369822012318965
Iteration: 25, relative residual: 0.00509338054782073
Iteration: 26, relative residual: 0.005088322794857367
Iteration: 27, relative residual: 0.004646954395468153
Iteration: 28, relative residual: 0.004348023172433196
Iteration: 29, relative residual: 0.004224299076620259
Iteration: 30, relative residual: 0.00419749620861297
Iteration: 31, relative residual: 0.004093167113561126
Iteration: 32, relative residual: 0.004015509877191908
Iteration: 33, relative residual: 0.003999622375252773
Iteration: 34, relative residual: 0.003975731905085782
Iteration: 35, relative residual: 0.0037616681454717923
Iteration: 36, relative residual: 0.0036327892491131615
Iteration: 37, relative residual: 0.0036204480012144093
Iteration: 38, relative residual: 0.0035713427106620734
Iteration: 39, relative residual: 0.0034682309933233737
Iteration: 40, relative residual: 0.003305913795993156
Iteration: 41, relative residual: 0.0032647692237062
Iteration: 42, relative residual: 0.003055296565177905
Iteration: 43, relative residual: 0.002884409339189606
Iteration: 44, relative residual: 0.0026786482394091263
Iteration: 45, relative residual: 0.0025807050035482654
Iteration: 46, relative residual: 0.002580360534224489
Iteration: 47, relative residual: 0.0025711883102027037
Iteration: 48, relative residual: 0.002515252451117955
Iteration: 49, relative residual: 0.0024764430189687784
Iteration: 50, relative residual: 0.0024758884031582194
Iteration: 51, relative residual: 0.0023784580120727846
Iteration: 52, relative residual: 0.002277243509685033
Iteration: 53, relative residual: 0.002113379037282897
Iteration: 54, relative residual: 0.0019489342773757396
Iteration: 55, relative residual: 0.0019233431266433584
Iteration: 56, relative residual: 0.0019197054447995696
Iteration: 57, relative residual: 0.0018592771574654722
Iteration: 58, relative residual: 0.0017359232326172908
Iteration: 59, relative residual: 0.0016920695318813487
Iteration: 60, relative residual: 0.0016912043112451312
Iteration: 61, relative residual: 0.001661007931603231
Iteration: 62, relative residual: 0.0015698066054842732
Iteration: 63, relative residual: 0.0014482205741237094
Iteration: 64, relative residual: 0.0013421657649812892
Iteration: 65, relative residual: 0.0013156820891040612
Iteration: 66, relative residual: 0.0013116374181713082
Iteration: 67, relative residual: 0.001279641587392811
Iteration: 68, relative residual: 0.0012253784985925206
Iteration: 69, relative residual: 0.001166280805452232
Iteration: 70, relative residual: 0.001136354255671589
Iteration: 71, relative residual: 0.0011360434040009256
Iteration: 72, relative residual: 0.0011330276959490102
Iteration: 73, relative residual: 0.0011034718075765746
Iteration: 74, relative residual: 0.0010619889827976191
Iteration: 75, relative residual: 0.0010374350208820847
Iteration: 76, relative residual: 0.0010203783614624062
Iteration: 77, relative residual: 0.0010160895185490368
Iteration: 78, relative residual: 0.0010037713795908638
Iteration: 79, relative residual: 0.0009956762821130955
Iteration: 80, relative residual: 0.0009895175357247945
Iteration: 81, relative residual: 0.0009837778526317366
Iteration: 82, relative residual: 0.0009829727512468411
Iteration: 83, relative residual: 0.0009647371638521261
Iteration: 84, relative residual: 0.0009311472892654581
Iteration: 85, relative residual: 0.0009144144538884055
Iteration: 86, relative residual: 0.0009004878195537106
Iteration: 87, relative residual: 0.0008996249664178031
Iteration: 88, relative residual: 0.0008899143702909125
Iteration: 89, relative residual: 0.0008717222781483313
Iteration: 90, relative residual: 0.0008664221620403906
Iteration: 91, relative residual: 0.0008663297647834953
Iteration: 92, relative residual: 0.000863815586985146
Iteration: 93, relative residual: 0.0008555541240430152
Iteration: 94, relative residual: 0.0008397685142588632
Iteration: 95, relative residual: 0.0008369963581353939
Iteration: 96, relative residual: 0.0008365917062121932
Iteration: 97, relative residual: 0.000822549241813356
Iteration: 98, relative residual: 0.000800968596898577
Iteration: 99, relative residual: 0.0007688849399757175
Iteration: 100, relative residual: 0.0007688849399757175
Residual: 0.0007688849399757175. Restart...
Iteration: 101, relative residual: 0.0007348512600569009
Iteration: 102, relative residual: 0.0007339245706651601
Iteration: 103, relative residual: 0.0007322902513243882
Iteration: 104, relative residual: 0.0007312310097524416
Iteration: 105, relative residual: 0.0007307153100747686
Iteration: 106, relative residual: 0.0007304557010427836
Iteration: 107, relative residual: 0.000730382684459785
Iteration: 108, relative residual: 0.0007303000625422361
Iteration: 109, relative residual: 0.0007299845092313962
Iteration: 110, relative residual: 0.0007299785955144783
Iteration: 111, relative residual: 0.000729971367559841
Iteration: 112, relative residual: 0.0007299424364978608
Iteration: 113, relative residual: 0.000729933203626891
Iteration: 114, relative residual: 0.0007299320424246411
Iteration: 115, relative residual: 0.0007298416493310377
Iteration: 116, relative residual: 0.0007298383504613687
Iteration: 117, relative residual: 0.0007298080781025216
Iteration: 118, relative residual: 0.0007298074419902305
Iteration: 119, relative residual: 0.0007290887694023771
Iteration: 120, relative residual: 0.0007269179776666583
Iteration: 121, relative residual: 0.0007269129880605006
Iteration: 122, relative residual: 0.0007255459720963975
Iteration: 123, relative residual: 0.0007228108899792746
Iteration: 124, relative residual: 0.0007209611482917128
Iteration: 125, relative residual: 0.0007207816114578414
Iteration: 126, relative residual: 0.0007205314905511701
Iteration: 127, relative residual: 0.0007205134685365841
Iteration: 128, relative residual: 0.000720296221558559
Iteration: 129, relative residual: 0.0007198481359933413
Iteration: 130, relative residual: 0.0007194166795149465
Iteration: 131, relative residual: 0.0007193499583607156
Iteration: 132, relative residual: 0.0007179673845495084
Iteration: 133, relative residual: 0.0007166001518655789
Iteration: 134, relative residual: 0.0007163224791589543
Iteration: 135, relative residual: 0.0007146383114275455
Iteration: 136, relative residual: 0.0007123835437477482
Iteration: 137, relative residual: 0.0007114711954325928
Iteration: 138, relative residual: 0.0007114704170872613
Iteration: 139, relative residual: 0.0007104715418628755
Iteration: 140, relative residual: 0.0007084188951626682
Iteration: 141, relative residual: 0.0007073088837525294
Iteration: 142, relative residual: 0.0007072923451976571
Iteration: 143, relative residual: 0.0007069392884680431
Iteration: 144, relative residual: 0.0007057751535574226
Iteration: 145, relative residual: 0.0007042102839708395
Iteration: 146, relative residual: 0.0007025444346418259
Iteration: 147, relative residual: 0.0007013152393945716
Iteration: 148, relative residual: 0.0007005158970393402
Iteration: 149, relative residual: 0.0006984698989300359
Iteration: 150, relative residual: 0.0006969737722383462
Iteration: 151, relative residual: 0.0006955344182726789
Iteration: 152, relative residual: 0.0006955291225220516
Iteration: 153, relative residual: 0.0006950294600352945
Iteration: 154, relative residual: 0.0006921780926276178
Iteration: 155, relative residual: 0.0006893964905897507
Iteration: 156, relative residual: 0.0006884670669264024
Iteration: 157, relative residual: 0.0006884662718677716
Iteration: 158, relative residual: 0.0006869385394054679
Iteration: 159, relative residual: 0.0006811275885026198
Iteration: 160, relative residual: 0.0006741746411279495
Iteration: 161, relative residual: 0.0006710607408316431
Iteration: 162, relative residual: 0.0006708593935889128
Iteration: 163, relative residual: 0.0006660622779360125
Iteration: 164, relative residual: 0.0006598592092680853
Iteration: 165, relative residual: 0.00065773125658331
Iteration: 166, relative residual: 0.0006573658927204012
Iteration: 167, relative residual: 0.0006548665774809663
Iteration: 168, relative residual: 0.0006455654095009569
Iteration: 169, relative residual: 0.0006394444510942509
Iteration: 170, relative residual: 0.0006353784946775723
Iteration: 171, relative residual: 0.000635151056465126
Iteration: 172, relative residual: 0.0006308941295612005
Iteration: 173, relative residual: 0.0006238593251994852
Iteration: 174, relative residual: 0.0006150929228731624
Iteration: 175, relative residual: 0.0006129612636849199
Iteration: 176, relative residual: 0.0006128944558117522
Iteration: 177, relative residual: 0.0006058663548421646
Iteration: 178, relative residual: 0.0005941383017815166
Iteration: 179, relative residual: 0.0005889964181114431
Iteration: 180, relative residual: 0.0005824393886801737
Iteration: 181, relative residual: 0.0005804800407158839
Iteration: 182, relative residual: 0.0005793931778017588
Iteration: 183, relative residual: 0.0005721828595212076
Iteration: 184, relative residual: 0.0005586365033181675
Iteration: 185, relative residual: 0.0005491322628558814
Iteration: 186, relative residual: 0.0005479763289775194
Iteration: 187, relative residual: 0.0005472199034377929
Iteration: 188, relative residual: 0.0005381895920435147
Iteration: 189, relative residual: 0.0005280417890230476
Iteration: 190, relative residual: 0.0005065423815850326
Iteration: 191, relative residual: 0.00048484639524206416
Iteration: 192, relative residual: 0.00046949684102081714
Iteration: 193, relative residual: 0.0004629158013926207
Iteration: 194, relative residual: 0.00046283059733833105
Iteration: 195, relative residual: 0.0004600513001849653
Iteration: 196, relative residual: 0.0004495788006365396
Iteration: 197, relative residual: 0.0004442233360128479
Iteration: 198, relative residual: 0.00044123748778046617
Iteration: 199, relative residual: 0.00044121724544716074
Iteration: 200, relative residual: 0.00044121724544716074
Residual: 0.00044121724544716074. Restart...
Iteration: 201, relative residual: 0.0004386783840420647
Iteration: 202, relative residual: 0.0004386534018548848
Iteration: 203, relative residual: 0.0004386351487747681
Iteration: 204, relative residual: 0.0004386192466636527
Iteration: 205, relative residual: 0.0004385848071145157
Iteration: 206, relative residual: 0.00043856463342582753
Iteration: 207, relative residual: 0.0004385551008161889
Iteration: 208, relative residual: 0.0004385097194274743
Iteration: 209, relative residual: 0.0004383805798735641
Iteration: 210, relative residual: 0.0004382507009189321
Iteration: 211, relative residual: 0.0004382050976561356
Iteration: 212, relative residual: 0.00043814515874411104
Iteration: 213, relative residual: 0.0004375810715156142
Iteration: 214, relative residual: 0.0004365144472516022
Iteration: 215, relative residual: 0.0004364284594236633
Iteration: 216, relative residual: 0.000435921226220738
Iteration: 217, relative residual: 0.00043419404032255356
Iteration: 218, relative residual: 0.000433554898644751
Iteration: 219, relative residual: 0.00043350652997481556
Iteration: 220, relative residual: 0.00043139069038624576
Iteration: 221, relative residual: 0.0004296772697100286
Iteration: 222, relative residual: 0.0004274410351526503
Iteration: 223, relative residual: 0.00042698184258724607
Iteration: 224, relative residual: 0.000426854163837829
Iteration: 225, relative residual: 0.00042436456989085515
Iteration: 226, relative residual: 0.000421294309843967
Iteration: 227, relative residual: 0.000420495114273735
Iteration: 228, relative residual: 0.00042011993138107024
Iteration: 229, relative residual: 0.0004182617533874316
Iteration: 230, relative residual: 0.00041519344175482397
Iteration: 231, relative residual: 0.0004147490807048276
Iteration: 232, relative residual: 0.00041386654827512846
Iteration: 233, relative residual: 0.0004098421065948938
Iteration: 234, relative residual: 0.000406233259789384
Iteration: 235, relative residual: 0.00040289059312745496
Iteration: 236, relative residual: 0.00040151691328114085
Iteration: 237, relative residual: 0.00040144825112397697
Iteration: 238, relative residual: 0.0003996806269395026
Iteration: 239, relative residual: 0.0003956250731843735
Iteration: 240, relative residual: 0.0003944003289598906
Iteration: 241, relative residual: 0.00039436267307147533
Iteration: 242, relative residual: 0.00039065894432271757
Iteration: 243, relative residual: 0.00038312953343201477
Iteration: 244, relative residual: 0.0003757346828468636
Iteration: 245, relative residual: 0.0003755625635314424
Iteration: 246, relative residual: 0.0003730274209489717
Iteration: 247, relative residual: 0.00036865672042819093
Iteration: 248, relative residual: 0.00035995202951061593
Iteration: 249, relative residual: 0.00035096788980895876
Iteration: 250, relative residual: 0.00034960282550253717
Iteration: 251, relative residual: 0.0003495731651345703
Iteration: 252, relative residual: 0.0003486481311703554
Iteration: 253, relative residual: 0.0003457540921517706
Iteration: 254, relative residual: 0.0003415982319663429
Iteration: 255, relative residual: 0.00034121960538127536
Iteration: 256, relative residual: 0.0003410459759408149
Iteration: 257, relative residual: 0.0003406208904784257
Iteration: 258, relative residual: 0.00033660829929669747
Iteration: 259, relative residual: 0.00033549340692769756
Iteration: 260, relative residual: 0.0003339105347205499
Iteration: 261, relative residual: 0.00033337400557841923
Iteration: 262, relative residual: 0.0003256574136285646
Iteration: 263, relative residual: 0.00031864561508480784
Iteration: 264, relative residual: 0.000317426074323214
Iteration: 265, relative residual: 0.00031724832713124306
Iteration: 266, relative residual: 0.00031485105611315557
Iteration: 267, relative residual: 0.00030606503239360235
Iteration: 268, relative residual: 0.0003045212298528221
Iteration: 269, relative residual: 0.0003044654485713422
Iteration: 270, relative residual: 0.0003037889727071916
Iteration: 271, relative residual: 0.00029732510353099663
Iteration: 272, relative residual: 0.00029309988041389
Iteration: 273, relative residual: 0.0002926969521268322
Iteration: 274, relative residual: 0.00029260394248381376
Iteration: 275, relative residual: 0.00029022821372003685
Iteration: 276, relative residual: 0.0002849302098196964
Iteration: 277, relative residual: 0.0002827985473796745
Iteration: 278, relative residual: 0.0002823016114179421
Iteration: 279, relative residual: 0.00028210209572716074
Iteration: 280, relative residual: 0.00027755507805028463
Iteration: 281, relative residual: 0.0002719720760693658
Iteration: 282, relative residual: 0.000262783290528375
Iteration: 283, relative residual: 0.00025798444766364146
Iteration: 284, relative residual: 0.00025797006306924606
Iteration: 285, relative residual: 0.00025518498353820616
Iteration: 286, relative residual: 0.0002466084553137813
Iteration: 287, relative residual: 0.00023369124298014055
Iteration: 288, relative residual: 0.00023005494042333221
Iteration: 289, relative residual: 0.00022966575695509836
Iteration: 290, relative residual: 0.00022745993870166385
Iteration: 291, relative residual: 0.0002195004285799268
Iteration: 292, relative residual: 0.00021250406202456276
Iteration: 293, relative residual: 0.00019965832129689915
Iteration: 294, relative residual: 0.00019768167817809152
Iteration: 295, relative residual: 0.00019701183151255347
Iteration: 296, relative residual: 0.00019671418148062793
Iteration: 297, relative residual: 0.0001931044848300799
Iteration: 298, relative residual: 0.00018707295789007893
Iteration: 299, relative residual: 0.0001803775509562465
Iteration: 300, relative residual: 0.0001803775509562465
Residual: 0.0001803775509562465. Restart...
Iteration: 301, relative residual: 0.00017909735117824065
Iteration: 302, relative residual: 0.00017909550307852948
Iteration: 303, relative residual: 0.00017909244689156393
Iteration: 304, relative residual: 0.00017906873197493956
Iteration: 305, relative residual: 0.00017894308329671792
Iteration: 306, relative residual: 0.0001787573887345094
Iteration: 307, relative residual: 0.0001785839637194209
Iteration: 308, relative residual: 0.00017856322591797169
Iteration: 309, relative residual: 0.00017844160671702137
Iteration: 310, relative residual: 0.00017801969780533903
Iteration: 311, relative residual: 0.00017725980460868798
Iteration: 312, relative residual: 0.00017666298848105085
Iteration: 313, relative residual: 0.0001765977902979596
Iteration: 314, relative residual: 0.00017618578239931822
Iteration: 315, relative residual: 0.00017565855677113108
Iteration: 316, relative residual: 0.00017493980747756898
Iteration: 317, relative residual: 0.00017417493939925503
Iteration: 318, relative residual: 0.0001740786839024026
Iteration: 319, relative residual: 0.00017386293249202077
Iteration: 320, relative residual: 0.00017276070280605906
Iteration: 321, relative residual: 0.00017216212488930892
Iteration: 322, relative residual: 0.00017177207527301262
Iteration: 323, relative residual: 0.00017172648891081228
Iteration: 324, relative residual: 0.0001715403939681599
Iteration: 325, relative residual: 0.00017079460614727437
Iteration: 326, relative residual: 0.00017003236963275363
Iteration: 327, relative residual: 0.00016982015471906823
Iteration: 328, relative residual: 0.0001694403614564784
Iteration: 329, relative residual: 0.0001685218545582389
Iteration: 330, relative residual: 0.00016764396041870212
Iteration: 331, relative residual: 0.00016760289985191524
Iteration: 332, relative residual: 0.0001663981438773287
Iteration: 333, relative residual: 0.0001637998493920065
Iteration: 334, relative residual: 0.00016247960134454752
Iteration: 335, relative residual: 0.00016206079182154865
Iteration: 336, relative residual: 0.00016179848423293668
Iteration: 337, relative residual: 0.00016089321205629663
Iteration: 338, relative residual: 0.00016005338382985417
Iteration: 339, relative residual: 0.0001596966959074089
Iteration: 340, relative residual: 0.00015968996971833566
Iteration: 341, relative residual: 0.000158840477877638
Iteration: 342, relative residual: 0.00015737385071832251
Iteration: 343, relative residual: 0.00015629504082291464
Iteration: 344, relative residual: 0.0001560732942499763
Iteration: 345, relative residual: 0.00015582213795239003
Iteration: 346, relative residual: 0.0001545736027708481
Iteration: 347, relative residual: 0.00015341727149584066
Iteration: 348, relative residual: 0.00015290546944433218
Iteration: 349, relative residual: 0.00015287042161076097
Iteration: 350, relative residual: 0.00015258930431777772
Iteration: 351, relative residual: 0.00015111134758505256
Iteration: 352, relative residual: 0.00015040361219201314
Iteration: 353, relative residual: 0.00015038817490319354
Iteration: 354, relative residual: 0.00015032039618402166
Iteration: 355, relative residual: 0.00014909356983619528
Iteration: 356, relative residual: 0.0001479354140095368
Iteration: 357, relative residual: 0.0001469793670562893
Iteration: 358, relative residual: 0.0001469756854488854
Iteration: 359, relative residual: 0.0001466022119885753
Iteration: 360, relative residual: 0.00014491379718247318
Iteration: 361, relative residual: 0.0001425017894693528
Iteration: 362, relative residual: 0.0001420882501564313
Iteration: 363, relative residual: 0.00014206636900972644
Iteration: 364, relative residual: 0.0001413324160561045
Iteration: 365, relative residual: 0.00014075168403703054
Iteration: 366, relative residual: 0.00014030066506908704
Iteration: 367, relative residual: 0.00014029276740359223
Iteration: 368, relative residual: 0.00014005063082520502
Iteration: 369, relative residual: 0.00013871523677898184
Iteration: 370, relative residual: 0.00013644684112757636
Iteration: 371, relative residual: 0.00013541544041680158
Iteration: 372, relative residual: 0.00013520252827815436
Iteration: 373, relative residual: 0.00013509003105932832
Iteration: 374, relative residual: 0.00013425630370055987
Iteration: 375, relative residual: 0.00013221381077022293
Iteration: 376, relative residual: 0.00013037318085402878
Iteration: 377, relative residual: 0.00012863891410778717
Iteration: 378, relative residual: 0.0001278843024352089
Iteration: 379, relative residual: 0.0001277015002784931
Iteration: 380, relative residual: 0.0001276472176453357
Iteration: 381, relative residual: 0.0001269956091746169
Iteration: 382, relative residual: 0.00012509255598057713
Iteration: 383, relative residual: 0.00012446977613441871
Iteration: 384, relative residual: 0.00012446865571540453
Iteration: 385, relative residual: 0.00012441923069364918
Iteration: 386, relative residual: 0.00012396750093566418
Iteration: 387, relative residual: 0.00012334381924490752
Iteration: 388, relative residual: 0.00012222179081539886
Iteration: 389, relative residual: 0.00012153374547837862
Iteration: 390, relative residual: 0.00012147394360177791
Iteration: 391, relative residual: 0.00012142970480956044
Iteration: 392, relative residual: 0.00012118055503921156
Iteration: 393, relative residual: 0.00012049378985632275
Iteration: 394, relative residual: 0.00011981891152900062
Iteration: 395, relative residual: 0.0001196285406128056
Iteration: 396, relative residual: 0.0001196021558771306
Iteration: 397, relative residual: 0.00011954971856543067
Iteration: 398, relative residual: 0.00011871958056413324
Iteration: 399, relative residual: 0.0001186268175449359
Iteration: 400, relative residual: 0.0001186268175449359
Residual: 0.0001186268175449359. Restart...
Iteration: 401, relative residual: 0.0001184323312283587
Iteration: 402, relative residual: 0.00011843231611034158
Iteration: 403, relative residual: 0.00011843225221942762
Iteration: 404, relative residual: 0.0001184314797049535
Iteration: 405, relative residual: 0.00011842881727077788
Iteration: 406, relative residual: 0.0001184202991638151
Iteration: 407, relative residual: 0.00011840002216689295
Iteration: 408, relative residual: 0.000118383211669074
Iteration: 409, relative residual: 0.00011838161368996396
Iteration: 410, relative residual: 0.00011838023188898358
Iteration: 411, relative residual: 0.00011835924292178797
Iteration: 412, relative residual: 0.00011831904022816896
Iteration: 413, relative residual: 0.00011824624966762339
Iteration: 414, relative residual: 0.00011815406432417315
Iteration: 415, relative residual: 0.0001181253954224425
Iteration: 416, relative residual: 0.00011810000299806371
Iteration: 417, relative residual: 0.00011795879188981305
Iteration: 418, relative residual: 0.00011785634350587712
Iteration: 419, relative residual: 0.00011780787162407601
Iteration: 420, relative residual: 0.00011780782541483119
Iteration: 421, relative residual: 0.00011778660763395234
Iteration: 422, relative residual: 0.00011772090516160862
Iteration: 423, relative residual: 0.00011771905082478813
Iteration: 424, relative residual: 0.00011765890153860887
Iteration: 425, relative residual: 0.00011747753737433707
Iteration: 426, relative residual: 0.00011722507438957523
Iteration: 427, relative residual: 0.00011713037239300899
Iteration: 428, relative residual: 0.00011712813611270812
Iteration: 429, relative residual: 0.00011688866958810031
Iteration: 430, relative residual: 0.00011672042141067783
Iteration: 431, relative residual: 0.00011672016665773745
Iteration: 432, relative residual: 0.00011660462777377975
Iteration: 433, relative residual: 0.00011643894529332905
Iteration: 434, relative residual: 0.00011636748250930906
Iteration: 435, relative residual: 0.0001163244603543031
Iteration: 436, relative residual: 0.0001161437297392742
Iteration: 437, relative residual: 0.00011595940455963955
Iteration: 438, relative residual: 0.00011577534077447246
Iteration: 439, relative residual: 0.00011573377885254052
Iteration: 440, relative residual: 0.00011569486201017583
Iteration: 441, relative residual: 0.0001154086264620044
Iteration: 442, relative residual: 0.00011499279053269478
Iteration: 443, relative residual: 0.00011487119087290981
Iteration: 444, relative residual: 0.0001148680125020038
Iteration: 445, relative residual: 0.00011461277417685913
Iteration: 446, relative residual: 0.00011391294450159207
Iteration: 447, relative residual: 0.00011318576961518211
Iteration: 448, relative residual: 0.00011311574569961088
Iteration: 449, relative residual: 0.00011305952130689307
Iteration: 450, relative residual: 0.0001127411699080841
Iteration: 451, relative residual: 0.00011204887167060123
Iteration: 452, relative residual: 0.00011145960054494584
Iteration: 453, relative residual: 0.00011116805439044984
Iteration: 454, relative residual: 0.00011104167615127312
Iteration: 455, relative residual: 0.00011102771054236508
Iteration: 456, relative residual: 0.00011085115260408318
Iteration: 457, relative residual: 0.000110526632760747
Iteration: 458, relative residual: 0.00011035858138386115
Iteration: 459, relative residual: 0.00011035803795833716
Iteration: 460, relative residual: 0.00011020375771344388
Iteration: 461, relative residual: 0.00010949378368611293
Iteration: 462, relative residual: 0.00010902396997015781
Iteration: 463, relative residual: 0.00010893940911524543
Iteration: 464, relative residual: 0.00010889040365301643
Iteration: 465, relative residual: 0.0001085198224064627
Iteration: 466, relative residual: 0.00010812825210629372
Iteration: 467, relative residual: 0.00010781357525632147
Iteration: 468, relative residual: 0.00010774507974763418
Iteration: 469, relative residual: 0.00010774425541982843
Iteration: 470, relative residual: 0.00010768399645515543
Iteration: 471, relative residual: 0.00010733486349391012
Iteration: 472, relative residual: 0.00010718365615550614
Iteration: 473, relative residual: 0.00010716267262932167
Iteration: 474, relative residual: 0.00010712818093089534
Iteration: 475, relative residual: 0.00010682381355544887
Iteration: 476, relative residual: 0.00010663705314621727
Iteration: 477, relative residual: 0.0001065671028295322
Iteration: 478, relative residual: 0.00010655930027498151
Iteration: 479, relative residual: 0.00010655070255103196
Iteration: 480, relative residual: 0.00010635621163025523
Iteration: 481, relative residual: 0.00010613327626386521
Iteration: 482, relative residual: 0.00010606784131374235
Iteration: 483, relative residual: 0.00010606200814846423
Iteration: 484, relative residual: 0.00010602480009047965
Iteration: 485, relative residual: 0.00010588283227018095
Iteration: 486, relative residual: 0.00010547892934868168
Iteration: 487, relative residual: 0.00010489619215065972
Iteration: 488, relative residual: 0.00010429094366003587
Iteration: 489, relative residual: 0.00010419670314471986
Iteration: 490, relative residual: 0.00010418285253234836
Iteration: 491, relative residual: 0.00010397592459053436
Iteration: 492, relative residual: 0.00010330984045015048
Iteration: 493, relative residual: 0.00010301846400704639
Iteration: 494, relative residual: 0.00010281719173444228
Iteration: 495, relative residual: 0.00010281696459925217
Iteration: 496, relative residual: 0.00010271123871355638
Iteration: 497, relative residual: 0.00010248883513350608
Iteration: 498, relative residual: 0.00010144884510170253
Iteration: 499, relative residual: 0.00010089797048862306
Iteration: 500, relative residual: 0.00010089797048862306
Residual: 0.00010089797048862306. Restart...
Iteration: 501, relative residual: 0.00010074912104194474
Iteration: 502, relative residual: 0.00010074909756733515
Iteration: 503, relative residual: 0.00010074902000968123
Iteration: 504, relative residual: 0.0001007475933654956
Iteration: 505, relative residual: 0.0001007427051543695
Iteration: 506, relative residual: 0.0001007252426229695
Iteration: 507, relative residual: 0.0001006969051306636
Iteration: 508, relative residual: 0.0001006806694621397
Iteration: 509, relative residual: 0.00010068046893341602
Iteration: 510, relative residual: 0.000100666641785469
Iteration: 511, relative residual: 0.00010060942662500693
Iteration: 512, relative residual: 0.0001005204535393179
Iteration: 513, relative residual: 0.00010045919710600344
Iteration: 514, relative residual: 0.00010045057526514692
Iteration: 515, relative residual: 0.00010043001846815225
Iteration: 516, relative residual: 0.00010032886493655209
Iteration: 517, relative residual: 0.00010019085455127686
Iteration: 518, relative residual: 0.00010006605848849114
Iteration: 519, relative residual: 0.00010001786167435931
Iteration: 520, relative residual: 0.00010000639736855861
Iteration: 521, relative residual: 9.999090387311025e-05
Iteration: 522, relative residual: 9.996731465700247e-05
Iteration: 523, relative residual: 9.996539919899734e-05
Iteration: 524, relative residual: 9.995982332564844e-05
Iteration: 525, relative residual: 9.992217019618043e-05
Iteration: 526, relative residual: 9.98293086182679e-05
Iteration: 527, relative residual: 9.977176928096441e-05
Iteration: 528, relative residual: 9.977125715167055e-05
Iteration: 529, relative residual: 9.97116355791605e-05
Iteration: 530, relative residual: 9.964515169124049e-05
Iteration: 531, relative residual: 9.961651314370689e-05
Iteration: 532, relative residual: 9.960870566037215e-05
Iteration: 533, relative residual: 9.956003169164795e-05
Iteration: 534, relative residual: 9.95079835636394e-05
Iteration: 535, relative residual: 9.94984916031184e-05
Iteration: 536, relative residual: 9.947782830329242e-05
Iteration: 537, relative residual: 9.937210877709223e-05
Iteration: 538, relative residual: 9.93572078860849e-05
Iteration: 539, relative residual: 9.935037279118506e-05
Iteration: 540, relative residual: 9.932026904784992e-05
Iteration: 541, relative residual: 9.922585315794098e-05
Iteration: 542, relative residual: 9.915643128077499e-05
Iteration: 543, relative residual: 9.913852851154361e-05
Iteration: 544, relative residual: 9.913069699968327e-05
Iteration: 545, relative residual: 9.901090404319283e-05
Iteration: 546, relative residual: 9.882849220985776e-05
Iteration: 547, relative residual: 9.879106722759007e-05
Iteration: 548, relative residual: 9.879099293832581e-05
Iteration: 549, relative residual: 9.877591563681667e-05
Iteration: 550, relative residual: 9.864522793390858e-05
Iteration: 551, relative residual: 9.848787028712125e-05
Iteration: 552, relative residual: 9.844483814328769e-05
Iteration: 553, relative residual: 9.844311943836319e-05
Iteration: 554, relative residual: 9.844000141449591e-05
Iteration: 555, relative residual: 9.835053711217913e-05
Iteration: 556, relative residual: 9.823822467384741e-05
Iteration: 557, relative residual: 9.819297377108312e-05
Iteration: 558, relative residual: 9.819296758470155e-05
Iteration: 559, relative residual: 9.814098145869504e-05
Iteration: 560, relative residual: 9.804865226541297e-05
Iteration: 561, relative residual: 9.792912297028951e-05
Iteration: 562, relative residual: 9.790293163952808e-05
Iteration: 563, relative residual: 9.789292788240628e-05
Iteration: 564, relative residual: 9.785227542785957e-05
Iteration: 565, relative residual: 9.776694439114341e-05
Iteration: 566, relative residual: 9.762158967769919e-05
Iteration: 567, relative residual: 9.758093106001622e-05
Iteration: 568, relative residual: 9.756353391689689e-05
Iteration: 569, relative residual: 9.749441852916136e-05
Iteration: 570, relative residual: 9.735158710695402e-05
Iteration: 571, relative residual: 9.717754027369329e-05
Iteration: 572, relative residual: 9.709973186278844e-05
Iteration: 573, relative residual: 9.70993216291033e-05
Iteration: 574, relative residual: 9.702450866091646e-05
Iteration: 575, relative residual: 9.689439942119063e-05
Iteration: 576, relative residual: 9.681844999478203e-05
Iteration: 577, relative residual: 9.679223587212738e-05
Iteration: 578, relative residual: 9.672775693620966e-05
Iteration: 579, relative residual: 9.66777820932121e-05
Iteration: 580, relative residual: 9.663293285190917e-05
Iteration: 581, relative residual: 9.658177520981414e-05
Iteration: 582, relative residual: 9.655600732655115e-05
Iteration: 583, relative residual: 9.655550263932099e-05
Iteration: 584, relative residual: 9.654251093490674e-05
Iteration: 585, relative residual: 9.652373072809596e-05
Iteration: 586, relative residual: 9.649599170026842e-05
Iteration: 587, relative residual: 9.640190648068935e-05
Iteration: 588, relative residual: 9.634282783047944e-05
Iteration: 589, relative residual: 9.63230923653104e-05
Iteration: 590, relative residual: 9.630144321903725e-05
Iteration: 591, relative residual: 9.623528279751556e-05
Iteration: 592, relative residual: 9.61831032689279e-05
Iteration: 593, relative residual: 9.611377084373088e-05
Iteration: 594, relative residual: 9.608342854774426e-05
Iteration: 595, relative residual: 9.608339958003117e-05
Iteration: 596, relative residual: 9.608144853257597e-05
Iteration: 597, relative residual: 9.605109524813487e-05
Iteration: 598, relative residual: 9.595066255298103e-05
Iteration: 599, relative residual: 9.593101738172337e-05
Iteration: 600, relative residual: 9.593101738172337e-05
Residual: 9.593101738172337e-05. Restart...
Iteration: 601, relative residual: 9.592997574511113e-05
Iteration: 602, relative residual: 9.59299677660531e-05
Iteration: 603, relative residual: 9.592995514430677e-05
Iteration: 604, relative residual: 9.592982017550429e-05
Iteration: 605, relative residual: 9.592920442601643e-05
Iteration: 606, relative residual: 9.592785623763978e-05
Iteration: 607, relative residual: 9.59244847350909e-05
Iteration: 608, relative residual: 9.592133765891373e-05
Iteration: 609, relative residual: 9.592112593611099e-05
Iteration: 610, relative residual: 9.592054156278465e-05
Iteration: 611, relative residual: 9.591590760503454e-05
Iteration: 612, relative residual: 9.59097294720467e-05
Iteration: 613, relative residual: 9.590371409565273e-05
Iteration: 614, relative residual: 9.589935460507235e-05
Iteration: 615, relative residual: 9.589908936509514e-05
Iteration: 616, relative residual: 9.589380191101102e-05
Iteration: 617, relative residual: 9.588480268705194e-05
Iteration: 618, relative residual: 9.587379829088071e-05
Iteration: 619, relative residual: 9.586650524331186e-05
Iteration: 620, relative residual: 9.586506612054302e-05
Iteration: 621, relative residual: 9.586506150995702e-05
Iteration: 622, relative residual: 9.586397529479592e-05
Iteration: 623, relative residual: 9.586177103869025e-05
Iteration: 624, relative residual: 9.58608556969678e-05
Iteration: 625, relative residual: 9.585954910061715e-05
Iteration: 626, relative residual: 9.58561563272407e-05
Iteration: 627, relative residual: 9.585297619950813e-05
Iteration: 628, relative residual: 9.585221494437126e-05
Iteration: 629, relative residual: 9.585042894496462e-05
Iteration: 630, relative residual: 9.58479368159232e-05
Iteration: 631, relative residual: 9.584684208288769e-05
Iteration: 632, relative residual: 9.584636370802879e-05
Iteration: 633, relative residual: 9.584561634929665e-05
Iteration: 634, relative residual: 9.584226616298717e-05
Iteration: 635, relative residual: 9.584224981945955e-05
Iteration: 636, relative residual: 9.583897149572123e-05
Iteration: 637, relative residual: 9.583156194713441e-05
Iteration: 638, relative residual: 9.582997036466592e-05
Iteration: 639, relative residual: 9.582846630842853e-05
Iteration: 640, relative residual: 9.581892435036594e-05
Iteration: 641, relative residual: 9.580657466758463e-05
Iteration: 642, relative residual: 9.579417014457658e-05
Iteration: 643, relative residual: 9.579390094848912e-05
Iteration: 644, relative residual: 9.577727471519902e-05
Iteration: 645, relative residual: 9.570708972148822e-05
Iteration: 646, relative residual: 9.566310087009039e-05
Iteration: 647, relative residual: 9.563645377421213e-05
Iteration: 648, relative residual: 9.563499832015275e-05
Iteration: 649, relative residual: 9.562433702548282e-05
Iteration: 650, relative residual: 9.556603545538124e-05
Iteration: 651, relative residual: 9.551226889007758e-05
Iteration: 652, relative residual: 9.548826364880932e-05
Iteration: 653, relative residual: 9.548269520727306e-05
Iteration: 654, relative residual: 9.547656013630783e-05
Iteration: 655, relative residual: 9.545031550095052e-05
Iteration: 656, relative residual: 9.540486964482217e-05
Iteration: 657, relative residual: 9.538901845984057e-05
Iteration: 658, relative residual: 9.538384742986217e-05
Iteration: 659, relative residual: 9.534303879452609e-05
Iteration: 660, relative residual: 9.527566912223086e-05
Iteration: 661, relative residual: 9.523926762561495e-05
Iteration: 662, relative residual: 9.523847141253527e-05
Iteration: 663, relative residual: 9.521239217551611e-05
Iteration: 664, relative residual: 9.51655785730874e-05
Iteration: 665, relative residual: 9.510199125882137e-05
Iteration: 666, relative residual: 9.507019980347769e-05
Iteration: 667, relative residual: 9.506841728019384e-05
Iteration: 668, relative residual: 9.506478563824638e-05
Iteration: 669, relative residual: 9.504850830689452e-05
Iteration: 670, relative residual: 9.502423201096509e-05
Iteration: 671, relative residual: 9.50109890014058e-05
Iteration: 672, relative residual: 9.500988150653148e-05
Iteration: 673, relative residual: 9.499064201189744e-05
Iteration: 674, relative residual: 9.495318592331251e-05
Iteration: 675, relative residual: 9.494008050516347e-05
Iteration: 676, relative residual: 9.494006079328673e-05
Iteration: 677, relative residual: 9.493822633845364e-05
Iteration: 678, relative residual: 9.492254596672036e-05
Iteration: 679, relative residual: 9.490627336340838e-05
Iteration: 680, relative residual: 9.489629828971505e-05
Iteration: 681, relative residual: 9.489524289191123e-05
Iteration: 682, relative residual: 9.488775900719107e-05
Iteration: 683, relative residual: 9.485328868318754e-05
Iteration: 684, relative residual: 9.479066732273931e-05
Iteration: 685, relative residual: 9.475851923296836e-05
Iteration: 686, relative residual: 9.475572412040487e-05
Iteration: 687, relative residual: 9.475140654931522e-05
Iteration: 688, relative residual: 9.474159546763902e-05
Iteration: 689, relative residual: 9.471260522835922e-05
Iteration: 690, relative residual: 9.470106508742305e-05
Iteration: 691, relative residual: 9.469059551074395e-05
Iteration: 692, relative residual: 9.467477602889893e-05
Iteration: 693, relative residual: 9.466905605474033e-05
Iteration: 694, relative residual: 9.462141058346438e-05
Iteration: 695, relative residual: 9.45772670632992e-05
Iteration: 696, relative residual: 9.432249460506264e-05
Iteration: 697, relative residual: 9.390014454919445e-05
Iteration: 698, relative residual: 9.3800153469388e-05
Iteration: 699, relative residual: 9.37991775062688e-05
Iteration: 700, relative residual: 9.37991775062688e-05
Residual: 9.37991775062688e-05. Restart...
Iteration: 701, relative residual: 9.354595820225201e-05
Iteration: 702, relative residual: 9.35394289053197e-05
Iteration: 703, relative residual: 9.353403221177097e-05
Iteration: 704, relative residual: 9.352173530728346e-05
Iteration: 705, relative residual: 9.351797407281417e-05
Iteration: 706, relative residual: 9.35179688856429e-05
Iteration: 707, relative residual: 9.351524670594647e-05
Iteration: 708, relative residual: 9.351244978443235e-05
Iteration: 709, relative residual: 9.350698701502014e-05
Iteration: 710, relative residual: 9.35058681758999e-05
Iteration: 711, relative residual: 9.350524311146269e-05
Iteration: 712, relative residual: 9.349990535145654e-05
Iteration: 713, relative residual: 9.346954014597638e-05
Iteration: 714, relative residual: 9.345773154154705e-05
Iteration: 715, relative residual: 9.344086434261164e-05
Iteration: 716, relative residual: 9.333203645145353e-05
Iteration: 717, relative residual: 9.32204354545584e-05
Iteration: 718, relative residual: 9.318169693225838e-05
Iteration: 719, relative residual: 9.311011224265336e-05
Iteration: 720, relative residual: 9.307570366126242e-05
Iteration: 721, relative residual: 9.307460369546514e-05
Iteration: 722, relative residual: 9.307234594869336e-05
Iteration: 723, relative residual: 9.304359912462796e-05
Iteration: 724, relative residual: 9.304086851188148e-05
Iteration: 725, relative residual: 9.302140815717362e-05
Iteration: 726, relative residual: 9.300578269236002e-05
Iteration: 727, relative residual: 9.300255710059778e-05
Iteration: 728, relative residual: 9.299726578899275e-05
Iteration: 729, relative residual: 9.299572262081109e-05
Iteration: 730, relative residual: 9.297538226504253e-05
Iteration: 731, relative residual: 9.296587696092416e-05
Iteration: 732, relative residual: 9.296495977184868e-05
Iteration: 733, relative residual: 9.296474694315362e-05
Iteration: 734, relative residual: 9.293667311799681e-05
Iteration: 735, relative residual: 9.292880336127338e-05
Iteration: 736, relative residual: 9.292770746274343e-05
Iteration: 737, relative residual: 9.291827480791298e-05
Iteration: 738, relative residual: 9.290786689137419e-05
Iteration: 739, relative residual: 9.290721010338345e-05
Iteration: 740, relative residual: 9.290606002839597e-05
Iteration: 741, relative residual: 9.290133015515888e-05
Iteration: 742, relative residual: 9.289507300393983e-05
Iteration: 743, relative residual: 9.288887399214055e-05
Iteration: 744, relative residual: 9.288336847327493e-05
Iteration: 745, relative residual: 9.286862682825772e-05
Iteration: 746, relative residual: 9.284959326268192e-05
Iteration: 747, relative residual: 9.283980411497701e-05
Iteration: 748, relative residual: 9.282243917106144e-05
Iteration: 749, relative residual: 9.282147781492483e-05
Iteration: 750, relative residual: 9.277529033740647e-05
Iteration: 751, relative residual: 9.270720351148398e-05
Iteration: 752, relative residual: 9.267903896727455e-05
Iteration: 753, relative residual: 9.26682398844538e-05
Iteration: 754, relative residual: 9.266666664587584e-05
Iteration: 755, relative residual: 9.264886591767533e-05
Iteration: 756, relative residual: 9.262785421712864e-05
Iteration: 757, relative residual: 9.261213075041993e-05
Iteration: 758, relative residual: 9.260658653102586e-05
Iteration: 759, relative residual: 9.259544414391987e-05
Iteration: 760, relative residual: 9.259261669278116e-05
Iteration: 761, relative residual: 9.257199658058285e-05
Iteration: 762, relative residual: 9.255782707792183e-05
Iteration: 763, relative residual: 9.255781495102206e-05
Iteration: 764, relative residual: 9.2557440630762e-05
Iteration: 765, relative residual: 9.255386073861872e-05
Iteration: 766, relative residual: 9.25483946089307e-05
Iteration: 767, relative residual: 9.254721011191336e-05
Iteration: 768, relative residual: 9.254406308439855e-05
Iteration: 769, relative residual: 9.254405068498801e-05
Iteration: 770, relative residual: 9.254106852230295e-05
Iteration: 771, relative residual: 9.251574851948602e-05
Iteration: 772, relative residual: 9.249526169830443e-05
Iteration: 773, relative residual: 9.249317781839178e-05
Iteration: 774, relative residual: 9.24563182775572e-05
Iteration: 775, relative residual: 9.244555772126326e-05
Iteration: 776, relative residual: 9.244343491950755e-05
Iteration: 777, relative residual: 9.244106827772851e-05
Iteration: 778, relative residual: 9.242740413146771e-05
Iteration: 779, relative residual: 9.240401478595399e-05
Iteration: 780, relative residual: 9.238761811402452e-05
Iteration: 781, relative residual: 9.237588871509346e-05
Iteration: 782, relative residual: 9.236949371964554e-05
Iteration: 783, relative residual: 9.234361849593263e-05
Iteration: 784, relative residual: 9.23033298073601e-05
Iteration: 785, relative residual: 9.226809550584041e-05
Iteration: 786, relative residual: 9.221817299802842e-05
Iteration: 787, relative residual: 9.218643520104292e-05
Iteration: 788, relative residual: 9.218479300720325e-05
Iteration: 789, relative residual: 9.215859040375711e-05
Iteration: 790, relative residual: 9.211714539045595e-05
Iteration: 791, relative residual: 9.20615129798974e-05
Iteration: 792, relative residual: 9.203830639643039e-05
Iteration: 793, relative residual: 9.203637525395998e-05
Iteration: 794, relative residual: 9.202837116965307e-05
Iteration: 795, relative residual: 9.201214742883364e-05
Iteration: 796, relative residual: 9.194939791874037e-05
Iteration: 797, relative residual: 9.19196365058527e-05
Iteration: 798, relative residual: 9.189395260909697e-05
Iteration: 799, relative residual: 9.189383617769266e-05
Iteration: 800, relative residual: 9.189383617769266e-05
Residual: 9.189383617769266e-05. Restart...
Iteration: 801, relative residual: 9.188321743343187e-05
Iteration: 802, relative residual: 9.18832084288091e-05
Iteration: 803, relative residual: 9.188320159729786e-05
Iteration: 804, relative residual: 9.188315731894899e-05
Iteration: 805, relative residual: 9.1883090322591e-05
Iteration: 806, relative residual: 9.188304361596972e-05
Iteration: 807, relative residual: 9.188304065338047e-05
Iteration: 808, relative residual: 9.188300104192332e-05
Iteration: 809, relative residual: 9.188286228695194e-05
Iteration: 810, relative residual: 9.188281040182584e-05
Iteration: 811, relative residual: 9.188280666351196e-05
Iteration: 812, relative residual: 9.188252984862573e-05
Iteration: 813, relative residual: 9.188211302817526e-05
Iteration: 814, relative residual: 9.188198654661298e-05
Iteration: 815, relative residual: 9.188092501869746e-05
Iteration: 816, relative residual: 9.187963521673387e-05
Iteration: 817, relative residual: 9.187876168312933e-05
Iteration: 818, relative residual: 9.187718106650858e-05
Iteration: 819, relative residual: 9.187673030871781e-05
Iteration: 820, relative residual: 9.187668981392901e-05
Iteration: 821, relative residual: 9.187660849380119e-05
Iteration: 822, relative residual: 9.187628576109637e-05
Iteration: 823, relative residual: 9.187628571588856e-05
Iteration: 824, relative residual: 9.187628570034133e-05
Iteration: 825, relative residual: 9.187600565588522e-05
Iteration: 826, relative residual: 9.187515039191517e-05
Iteration: 827, relative residual: 9.187448561831495e-05
Iteration: 828, relative residual: 9.187436034466575e-05
Iteration: 829, relative residual: 9.18730699577528e-05
Iteration: 830, relative residual: 9.187239464380503e-05
Iteration: 831, relative residual: 9.187219005023296e-05
Iteration: 832, relative residual: 9.187207363214731e-05
Iteration: 833, relative residual: 9.187057647008502e-05
Iteration: 834, relative residual: 9.186895583441874e-05
Iteration: 835, relative residual: 9.186850690573856e-05
Iteration: 836, relative residual: 9.186636174523176e-05
Iteration: 837, relative residual: 9.1858039374234e-05
Iteration: 838, relative residual: 9.185494535848895e-05
Iteration: 839, relative residual: 9.18548382045284e-05
Iteration: 840, relative residual: 9.18539646796052e-05
Iteration: 841, relative residual: 9.185150984818052e-05
Iteration: 842, relative residual: 9.184775588908353e-05
Iteration: 843, relative residual: 9.184116913793275e-05
Iteration: 844, relative residual: 9.183632296872154e-05
Iteration: 845, relative residual: 9.183579406886431e-05
Iteration: 846, relative residual: 9.183573777557616e-05
Iteration: 847, relative residual: 9.182769438786416e-05
Iteration: 848, relative residual: 9.182345941800663e-05
Iteration: 849, relative residual: 9.182234029474977e-05
Iteration: 850, relative residual: 9.182214462297755e-05
Iteration: 851, relative residual: 9.182213882532067e-05
Iteration: 852, relative residual: 9.182056758114476e-05
Iteration: 853, relative residual: 9.181652042961577e-05
Iteration: 854, relative residual: 9.181337422097974e-05
Iteration: 855, relative residual: 9.181337365039033e-05
Iteration: 856, relative residual: 9.180866125447197e-05
Iteration: 857, relative residual: 9.180420796369168e-05
Iteration: 858, relative residual: 9.18017762072545e-05
Iteration: 859, relative residual: 9.180168574914101e-05
Iteration: 860, relative residual: 9.180109759629174e-05
Iteration: 861, relative residual: 9.179549157572582e-05
Iteration: 862, relative residual: 9.179375348668732e-05
Iteration: 863, relative residual: 9.179214735474445e-05
Iteration: 864, relative residual: 9.179162823130955e-05
Iteration: 865, relative residual: 9.17897801921081e-05
Iteration: 866, relative residual: 9.177911912744221e-05
Iteration: 867, relative residual: 9.176861485761283e-05
Iteration: 868, relative residual: 9.176364576599409e-05
Iteration: 869, relative residual: 9.176360080508904e-05
Iteration: 870, relative residual: 9.175798521026016e-05
Iteration: 871, relative residual: 9.174029270981204e-05
Iteration: 872, relative residual: 9.173600695529915e-05
Iteration: 873, relative residual: 9.173600450689836e-05
Iteration: 874, relative residual: 9.172527402586128e-05
Iteration: 875, relative residual: 9.169290270111532e-05
Iteration: 876, relative residual: 9.166330030982179e-05
Iteration: 877, relative residual: 9.164091800430516e-05
Iteration: 878, relative residual: 9.16384299915684e-05
Iteration: 879, relative residual: 9.163421029895713e-05
Iteration: 880, relative residual: 9.161291952887175e-05
Iteration: 881, relative residual: 9.158340511173294e-05
Iteration: 882, relative residual: 9.156633683600888e-05
Iteration: 883, relative residual: 9.156621731779761e-05
Iteration: 884, relative residual: 9.153876362628336e-05
Iteration: 885, relative residual: 9.15058652609963e-05
Iteration: 886, relative residual: 9.148687393750999e-05
Iteration: 887, relative residual: 9.148588538506898e-05
Iteration: 888, relative residual: 9.148211293861743e-05
Iteration: 889, relative residual: 9.146755233597498e-05
Iteration: 890, relative residual: 9.144748699366392e-05
Iteration: 891, relative residual: 9.143242431823151e-05
Iteration: 892, relative residual: 9.141507871717692e-05
Iteration: 893, relative residual: 9.141108926256953e-05
Iteration: 894, relative residual: 9.141107969371466e-05
Iteration: 895, relative residual: 9.140778432166678e-05
Iteration: 896, relative residual: 9.139440487940581e-05
Iteration: 897, relative residual: 9.138051849235453e-05
Iteration: 898, relative residual: 9.13722915324851e-05
Iteration: 899, relative residual: 9.137200507403397e-05
Iteration: 900, relative residual: 9.137200507403397e-05
Residual: 9.137200507403397e-05. Restart...
Iteration: 901, relative residual: 9.137192221831475e-05
Iteration: 902, relative residual: 9.137192190748372e-05
Iteration: 903, relative residual: 9.137192187202879e-05
Iteration: 904, relative residual: 9.13719218522712e-05
Iteration: 905, relative residual: 9.137191781708553e-05
Iteration: 906, relative residual: 9.137189279395118e-05
Iteration: 907, relative residual: 9.137173947158678e-05
Iteration: 908, relative residual: 9.137126881695045e-05
Iteration: 909, relative residual: 9.137085360118842e-05
Iteration: 910, relative residual: 9.137053284242567e-05
Iteration: 911, relative residual: 9.137053083738077e-05
Iteration: 912, relative residual: 9.136993828567294e-05
Iteration: 913, relative residual: 9.136870308499087e-05
Iteration: 914, relative residual: 9.136742552696614e-05
Iteration: 915, relative residual: 9.136718643126788e-05
Iteration: 916, relative residual: 9.136512302752193e-05
Iteration: 917, relative residual: 9.136273773086527e-05
Iteration: 918, relative residual: 9.1358842925062e-05
Iteration: 919, relative residual: 9.135747093420358e-05
Iteration: 920, relative residual: 9.135701256361523e-05
Iteration: 921, relative residual: 9.135699942956267e-05
Iteration: 922, relative residual: 9.135657215228068e-05
Iteration: 923, relative residual: 9.13564947654508e-05
Iteration: 924, relative residual: 9.135644481509117e-05
Iteration: 925, relative residual: 9.135627035306976e-05
Iteration: 926, relative residual: 9.135570438463637e-05
Iteration: 927, relative residual: 9.135538821778426e-05
Iteration: 928, relative residual: 9.135534830646643e-05
Iteration: 929, relative residual: 9.135529382365866e-05
Iteration: 930, relative residual: 9.135483444516705e-05
Iteration: 931, relative residual: 9.135482290158213e-05
Iteration: 932, relative residual: 9.13547305673838e-05
Iteration: 933, relative residual: 9.135429050880819e-05
Iteration: 934, relative residual: 9.13533888627854e-05
Iteration: 935, relative residual: 9.135309688641254e-05
Iteration: 936, relative residual: 9.135187889065717e-05
Iteration: 937, relative residual: 9.134589215634057e-05
Iteration: 938, relative residual: 9.134082261841034e-05
Iteration: 939, relative residual: 9.134075058273876e-05
Iteration: 940, relative residual: 9.133657183197146e-05
Iteration: 941, relative residual: 9.132746773444139e-05
Iteration: 942, relative residual: 9.132379609990382e-05
Iteration: 943, relative residual: 9.132360774970314e-05
Iteration: 944, relative residual: 9.132035563645795e-05
Iteration: 945, relative residual: 9.130539228873671e-05
Iteration: 946, relative residual: 9.128289548005389e-05
Iteration: 947, relative residual: 9.125694741383113e-05
Iteration: 948, relative residual: 9.124886152829452e-05
Iteration: 949, relative residual: 9.12487823343972e-05
Iteration: 950, relative residual: 9.123227433127509e-05
Iteration: 951, relative residual: 9.120552423544996e-05
Iteration: 952, relative residual: 9.11889017351481e-05
Iteration: 953, relative residual: 9.118838077156102e-05
Iteration: 954, relative residual: 9.117913311575391e-05
Iteration: 955, relative residual: 9.116621769014158e-05
Iteration: 956, relative residual: 9.115682295438788e-05
Iteration: 957, relative residual: 9.115635471156223e-05
Iteration: 958, relative residual: 9.115288738129395e-05
Iteration: 959, relative residual: 9.114248716513218e-05
Iteration: 960, relative residual: 9.111740990222856e-05
Iteration: 961, relative residual: 9.111212842916313e-05
Iteration: 962, relative residual: 9.111206260402102e-05
Iteration: 963, relative residual: 9.110267083052308e-05
Iteration: 964, relative residual: 9.109168743219214e-05
Iteration: 965, relative residual: 9.108486485344161e-05
Iteration: 966, relative residual: 9.108472049656681e-05
Iteration: 967, relative residual: 9.108258481054873e-05
Iteration: 968, relative residual: 9.107506701130874e-05
Iteration: 969, relative residual: 9.106151515558559e-05
Iteration: 970, relative residual: 9.104495320876277e-05
Iteration: 971, relative residual: 9.103909862793933e-05
Iteration: 972, relative residual: 9.103794601869103e-05
Iteration: 973, relative residual: 9.102046654195418e-05
Iteration: 974, relative residual: 9.101048959209222e-05
Iteration: 975, relative residual: 9.10100347173476e-05
Iteration: 976, relative residual: 9.100525534270487e-05
Iteration: 977, relative residual: 9.09981974725657e-05
Iteration: 978, relative residual: 9.099255480087794e-05
Iteration: 979, relative residual: 9.098723303703355e-05
Iteration: 980, relative residual: 9.098141119352046e-05
Iteration: 981, relative residual: 9.097372966525921e-05
Iteration: 982, relative residual: 9.097338006528024e-05
Iteration: 983, relative residual: 9.096753250788089e-05
Iteration: 984, relative residual: 9.094297505479564e-05
Iteration: 985, relative residual: 9.091657292630631e-05
Iteration: 986, relative residual: 9.09095371422483e-05
Iteration: 987, relative residual: 9.090761103576919e-05
Iteration: 988, relative residual: 9.089164654947652e-05
Iteration: 989, relative residual: 9.086711872473516e-05
Iteration: 990, relative residual: 9.08614383679349e-05
Iteration: 991, relative residual: 9.08564705473814e-05
Iteration: 992, relative residual: 9.085328786952037e-05
Iteration: 993, relative residual: 9.085282317824116e-05
Iteration: 994, relative residual: 9.084216865296091e-05
Iteration: 995, relative residual: 9.082509655924306e-05
Iteration: 996, relative residual: 9.080991319603446e-05
Iteration: 997, relative residual: 9.080538655237989e-05
Iteration: 998, relative residual: 9.079595510773147e-05
Iteration: 999, relative residual: 9.076451140623489e-05
Iteration: 1000, relative residual: 9.076451140623489e-05
Residual: 9.076451140623489e-05. Restart...
Warning!!!!You have reached the maximum number of iterations : 1000.
The run will stop. Check the residual behaviour you might have a bug.For future runs you might consider changing the tolerance or increasing the number of max_iter.
Solve time        : 7930.839694023132s

Calculate Solvation Energy (E_solv)
Calculating solvation energy for region 1, stored in E_solv[0]
5993.052626504165 of 523929 analytical integrals for phi_reac calculation in region 1
Time E_solv: 21.07414150238037s
Region 1: E_solv = -7138.326925325477 kcal/mol = -29866.759855561795 kJ/mol

Calculate Surface Energy (E_surf)
Time E_surf: 0.02166461944580078s

Calculate Coulomb Energy (E_coul)
Calculate Coulomb energy for region 1
Region 1: E_coul = -249622.30122835186 kcal/mol = -1044419.7083394242 kJ/mol
Time E_coul: 24.71021270751953s

------------------------------
Totals:
E_solv = -7138.326925325477 kcal/mol
E_surf = 0 kcal/mol
E_coul = -249622.30122835186 kcal/mol

Time = 8067.776865243912 s
