Run started on:
	Date: 2020/5/23
	Time: 18:3:26
	PyGBe version: 0.3.2+5.gea0f875
Config file: /cobra/u/gvargas/code/hPB/pygbe/pygbe/myCrownFinShots/sarsCov2noACE2/snap1/snap1.config
Parameter file: /cobra/u/gvargas/code/hPB/pygbe/pygbe/myCrownFinShots/sarsCov2noACE2/snap1/snap1.param
Geometry folder: /cobra/u/gvargas/code/hPB/pygbe/pygbe/myCrownFinShots/sarsCov2noACE2/snap1/geometry
Running in: /cobra/u/gvargas/code/hPB/pygbe/pygbe/myCrownFinShots/sarsCov2noACE2/snap1

Reading surface 0 from file geometry/crownVFnoACE2
Time load mesh: 9.496813535690308
Removed areas=0: 229

Total elements : 548269
Total equations: 1096538
----------------------------

1 surfaces:

Surface 0:
	548269 elements
	Surface type         : dielectric_interface
	Cells                : 3950
	Twigs                : 3338
	Levels               : 7
	C0 size              : 99.06558603460955
	C0 box center        : 86.59145046744086, 104.4736970562504, 102.94461427267761
	Twig cell size       : 1.5478997817907743
	Rbox/theta           : 3.0957995635815485
	Analytic distance    : 1.2945788907605764
	Elem. per Ang^2      : 4.174030394935002
	Max, min, avg elem.  : 1.5111699165491892, 4.999999999870113e-07, 0.23957659752872307
	Total area           : 131352.42155047547
------------------------------

2 regions:

Region 0:
	Laplace or Yukawa: 2
	kappa            : 0.125
	dielectric const : 80.0
	Number of charges: 0
	Parent surface   : []
	Child surfaces   : [0]
Region 1:
	Laplace or Yukawa: 1
	kappa            : 1e-12
	dielectric const : 4.0
	Number of charges: 51861
	Parent surface   : [0]
	Child surfaces   : []
------------------------------

Parameters:
	Data type               : <class 'numpy.float64'>
	Use GPU                 : 1
	P                       : 4
	threshold               : 0.50
	theta                   : 0.50
	NCRIT                   : 500
	CUDA block size         : 128
	Gauss points per element: 1
	Gauss points near singlr: 25
	1D Gauss points per side: 9
	GMRES tolerance         : 1e-05
	GMRES max iterations    : 1000
	GMRES restart iteration : 100
----------------------------

Generate interaction list
Transfer data to GPU
Generate RHS
List time          : 3.706322193145752s
Data transfer time : 0.44596433639526367s
RHS generation time: 6.016340017318726s
------------------------------
Total setup time   : 75.87272119522095s
Solve
Iteration: 1, relative residual: 0.19925565095695286
Iteration: 2, relative residual: 0.1426990635591016
Iteration: 3, relative residual: 0.1189106521960066
Iteration: 4, relative residual: 0.09327661149496264
Iteration: 5, relative residual: 0.07844763468500783
Iteration: 6, relative residual: 0.06289220554026198
Iteration: 7, relative residual: 0.05170046976087855
Iteration: 8, relative residual: 0.04477239120935251
Iteration: 9, relative residual: 0.040968530072331304
Iteration: 10, relative residual: 0.03501130015619278
Iteration: 11, relative residual: 0.03220587050171286
Iteration: 12, relative residual: 0.030739410629583516
Iteration: 13, relative residual: 0.02791175594979139
Iteration: 14, relative residual: 0.026237330549339643
Iteration: 15, relative residual: 0.023945535218156497
Iteration: 16, relative residual: 0.02347825823261477
Iteration: 17, relative residual: 0.022152078720626987
Iteration: 18, relative residual: 0.021628662898727398
Iteration: 19, relative residual: 0.020981233246116043
Iteration: 20, relative residual: 0.017472922525414065
Iteration: 21, relative residual: 0.014793214094683252
Iteration: 22, relative residual: 0.011032311933862102
Iteration: 23, relative residual: 0.009799617035787354
Iteration: 24, relative residual: 0.008850429378490038
Iteration: 25, relative residual: 0.007607718976220741
Iteration: 26, relative residual: 0.006939887207692053
Iteration: 27, relative residual: 0.006366399766482095
Iteration: 28, relative residual: 0.005904014356855391
Iteration: 29, relative residual: 0.0058603073476848596
Iteration: 30, relative residual: 0.005778923118619427
Iteration: 31, relative residual: 0.005411217165837935
Iteration: 32, relative residual: 0.004960886275054517
Iteration: 33, relative residual: 0.0049518736587598165
Iteration: 34, relative residual: 0.004583690100759493
Iteration: 35, relative residual: 0.004082678858595859
Iteration: 36, relative residual: 0.0037042833042075342
Iteration: 37, relative residual: 0.0033013021613721234
Iteration: 38, relative residual: 0.003026030624406743
Iteration: 39, relative residual: 0.002943590258303192
Iteration: 40, relative residual: 0.0029220216851056804
Iteration: 41, relative residual: 0.0028401070247427254
Iteration: 42, relative residual: 0.002634719558783736
Iteration: 43, relative residual: 0.0025673602753268515
Iteration: 44, relative residual: 0.0025551914629978064
Iteration: 45, relative residual: 0.0024680695207629577
Iteration: 46, relative residual: 0.002241150841744242
Iteration: 47, relative residual: 0.002055005163546942
Iteration: 48, relative residual: 0.0018826396421443043
Iteration: 49, relative residual: 0.0016594490377895548
Iteration: 50, relative residual: 0.0015915478379679535
Iteration: 51, relative residual: 0.001591308691127688
Iteration: 52, relative residual: 0.001581442417598916
Iteration: 53, relative residual: 0.001536087967055978
Iteration: 54, relative residual: 0.001494240610280395
Iteration: 55, relative residual: 0.0014719983070683941
Iteration: 56, relative residual: 0.0014304594006856685
Iteration: 57, relative residual: 0.0013866586123968
Iteration: 58, relative residual: 0.0013280932767009796
Iteration: 59, relative residual: 0.0013269127031332471
Iteration: 60, relative residual: 0.0013227126519456717
Iteration: 61, relative residual: 0.0013208735331200494
Iteration: 62, relative residual: 0.0012413763787554254
Iteration: 63, relative residual: 0.0011575283818683864
Iteration: 64, relative residual: 0.00110972268439788
Iteration: 65, relative residual: 0.0010931548861249213
Iteration: 66, relative residual: 0.0010913420593090266
Iteration: 67, relative residual: 0.001066163216234347
Iteration: 68, relative residual: 0.0010382139235612703
Iteration: 69, relative residual: 0.001031652210100275
Iteration: 70, relative residual: 0.0010315619708290255
Iteration: 71, relative residual: 0.0010169755888795751
Iteration: 72, relative residual: 0.0009672114307635957
Iteration: 73, relative residual: 0.0008865997689408221
Iteration: 74, relative residual: 0.0008231050236009567
Iteration: 75, relative residual: 0.0007757716484789158
Iteration: 76, relative residual: 0.0007538683905909542
Iteration: 77, relative residual: 0.0007514200990420401
Iteration: 78, relative residual: 0.0007305927152470572
Iteration: 79, relative residual: 0.0007026072829642319
Iteration: 80, relative residual: 0.0006825809828678558
Iteration: 81, relative residual: 0.0006649385558986439
Iteration: 82, relative residual: 0.0006614783359846591
Iteration: 83, relative residual: 0.0006591134391092582
Iteration: 84, relative residual: 0.0006572951090139122
Iteration: 85, relative residual: 0.0006548176015140676
Iteration: 86, relative residual: 0.0006475443052075644
Iteration: 87, relative residual: 0.0006376070517886973
Iteration: 88, relative residual: 0.0006265071996282971
Iteration: 89, relative residual: 0.0006113116175841875
Iteration: 90, relative residual: 0.0006061136034145296
Iteration: 91, relative residual: 0.0006051268922883627
Iteration: 92, relative residual: 0.000603043724797373
Iteration: 93, relative residual: 0.0005921343656409863
Iteration: 94, relative residual: 0.0005810030879532633
Iteration: 95, relative residual: 0.000570946862508897
Iteration: 96, relative residual: 0.0005707400608861617
Iteration: 97, relative residual: 0.0005643247967873567
Iteration: 98, relative residual: 0.00054588259835414
Iteration: 99, relative residual: 0.0005339039838854636
Iteration: 100, relative residual: 0.0005339039838854636
Residual: 0.0005339039838854636. Restart...
Iteration: 101, relative residual: 0.0005314975848886228
Iteration: 102, relative residual: 0.0005314952421122588
Iteration: 103, relative residual: 0.0005314832029927124
Iteration: 104, relative residual: 0.0005314831515934926
Iteration: 105, relative residual: 0.0005314484546175599
Iteration: 106, relative residual: 0.0005314362386586342
Iteration: 107, relative residual: 0.0005313760236300154
Iteration: 108, relative residual: 0.0005311915971415503
Iteration: 109, relative residual: 0.0005311645429270168
Iteration: 110, relative residual: 0.0005310392157936206
Iteration: 111, relative residual: 0.0005308491039252684
Iteration: 112, relative residual: 0.0005303789957183828
Iteration: 113, relative residual: 0.0005303582238122006
Iteration: 114, relative residual: 0.0005303230749014243
Iteration: 115, relative residual: 0.0005299719313762541
Iteration: 116, relative residual: 0.0005293040476363724
Iteration: 117, relative residual: 0.0005286394715368765
Iteration: 118, relative residual: 0.0005286101632550132
Iteration: 119, relative residual: 0.0005267860009476296
Iteration: 120, relative residual: 0.0005244192929242442
Iteration: 121, relative residual: 0.0005234574389896482
Iteration: 122, relative residual: 0.0005229960018728117
Iteration: 123, relative residual: 0.0005227742822387606
Iteration: 124, relative residual: 0.0005224880069907056
Iteration: 125, relative residual: 0.0005211834450174847
Iteration: 126, relative residual: 0.0005179520012655825
Iteration: 127, relative residual: 0.0005147744590390849
Iteration: 128, relative residual: 0.0005135937530753488
Iteration: 129, relative residual: 0.000513394695224634
Iteration: 130, relative residual: 0.0005133129697952277
Iteration: 131, relative residual: 0.0005125604852006243
Iteration: 132, relative residual: 0.0005112780337203775
Iteration: 133, relative residual: 0.0005106572244186449
Iteration: 134, relative residual: 0.0005104822953611155
Iteration: 135, relative residual: 0.0005083137995743698
Iteration: 136, relative residual: 0.0005052442295427489
Iteration: 137, relative residual: 0.0005028494437795112
Iteration: 138, relative residual: 0.0005021535733201435
Iteration: 139, relative residual: 0.00050186671553616
Iteration: 140, relative residual: 0.0005006764693118048
Iteration: 141, relative residual: 0.0004992942092588316
Iteration: 142, relative residual: 0.000497671212427087
Iteration: 143, relative residual: 0.0004974229212106388
Iteration: 144, relative residual: 0.000496911540738456
Iteration: 145, relative residual: 0.0004954978494115751
Iteration: 146, relative residual: 0.0004899068488594265
Iteration: 147, relative residual: 0.00048580316243324745
Iteration: 148, relative residual: 0.0004778257457771206
Iteration: 149, relative residual: 0.00047584610545174416
Iteration: 150, relative residual: 0.0004758176210653643
Iteration: 151, relative residual: 0.00047442823765381106
Iteration: 152, relative residual: 0.00047199047077180347
Iteration: 153, relative residual: 0.0004693490533271874
Iteration: 154, relative residual: 0.000469314143420537
Iteration: 155, relative residual: 0.0004692029759110964
Iteration: 156, relative residual: 0.00046664067878365357
Iteration: 157, relative residual: 0.0004633402507623971
Iteration: 158, relative residual: 0.000460351099769878
Iteration: 159, relative residual: 0.0004579270025151241
Iteration: 160, relative residual: 0.00045774877874646386
Iteration: 161, relative residual: 0.00045767412431468754
Iteration: 162, relative residual: 0.00045627766657472656
Iteration: 163, relative residual: 0.00045491716139739815
Iteration: 164, relative residual: 0.00045428335696826163
Iteration: 165, relative residual: 0.00045426590726559395
Iteration: 166, relative residual: 0.0004541264721510628
Iteration: 167, relative residual: 0.00045318303329953
Iteration: 168, relative residual: 0.0004518078047263172
Iteration: 169, relative residual: 0.00044837242753777514
Iteration: 170, relative residual: 0.00044619549897283574
Iteration: 171, relative residual: 0.0004461595082344607
Iteration: 172, relative residual: 0.0004452731584844703
Iteration: 173, relative residual: 0.0004423759804955968
Iteration: 174, relative residual: 0.00043864650713213804
Iteration: 175, relative residual: 0.00043564992812487484
Iteration: 176, relative residual: 0.00043534547755734205
Iteration: 177, relative residual: 0.0004335810189191004
Iteration: 178, relative residual: 0.000427611967554014
Iteration: 179, relative residual: 0.00041296244055271443
Iteration: 180, relative residual: 0.00039903779063510094
Iteration: 181, relative residual: 0.00038979438442286523
Iteration: 182, relative residual: 0.0003892007193882966
Iteration: 183, relative residual: 0.000388405910993033
Iteration: 184, relative residual: 0.0003784897722825562
Iteration: 185, relative residual: 0.00035861429793053007
Iteration: 186, relative residual: 0.0003434069629198426
Iteration: 187, relative residual: 0.00032589284787202497
Iteration: 188, relative residual: 0.00032173780765895035
Iteration: 189, relative residual: 0.00032129871038598384
Iteration: 190, relative residual: 0.00031875435291796317
Iteration: 191, relative residual: 0.00030699326620063535
Iteration: 192, relative residual: 0.0002921403197457759
Iteration: 193, relative residual: 0.0002728787032602991
Iteration: 194, relative residual: 0.00026417244222597157
Iteration: 195, relative residual: 0.00025859688682116776
Iteration: 196, relative residual: 0.0002585257492534329
Iteration: 197, relative residual: 0.00025733467260518657
Iteration: 198, relative residual: 0.00025297735467103266
Iteration: 199, relative residual: 0.0002512617164695581
Iteration: 200, relative residual: 0.0002512617164695581
Residual: 0.0002512617164695581. Restart...
Iteration: 201, relative residual: 0.00024771896370874054
Iteration: 202, relative residual: 0.00024771519786273826
Iteration: 203, relative residual: 0.00024770800387799707
Iteration: 204, relative residual: 0.0002477078395160494
Iteration: 205, relative residual: 0.0002476910297775616
Iteration: 206, relative residual: 0.0002476365410714051
Iteration: 207, relative residual: 0.0002475596684614143
Iteration: 208, relative residual: 0.00024755921760980773
Iteration: 209, relative residual: 0.0002474671145233129
Iteration: 210, relative residual: 0.00024744744441608827
Iteration: 211, relative residual: 0.0002474418214910409
Iteration: 212, relative residual: 0.0002474395330849294
Iteration: 213, relative residual: 0.0002474390546414857
Iteration: 214, relative residual: 0.0002474346751872216
Iteration: 215, relative residual: 0.0002474176936637399
Iteration: 216, relative residual: 0.000247401866672282
Iteration: 217, relative residual: 0.00024740079895520716
Iteration: 218, relative residual: 0.00024739389939830854
Iteration: 219, relative residual: 0.0002473399614789345
Iteration: 220, relative residual: 0.00024725589641519326
Iteration: 221, relative residual: 0.00024711045376046067
Iteration: 222, relative residual: 0.000246906198320369
Iteration: 223, relative residual: 0.00024670052834609374
Iteration: 224, relative residual: 0.0002466949473440133
Iteration: 225, relative residual: 0.0002466253342825652
Iteration: 226, relative residual: 0.00024626476692226604
Iteration: 227, relative residual: 0.00024559681611501194
Iteration: 228, relative residual: 0.00024557347846860134
Iteration: 229, relative residual: 0.00024547421511622407
Iteration: 230, relative residual: 0.0002451334924067215
Iteration: 231, relative residual: 0.0002447037566006074
Iteration: 232, relative residual: 0.0002446147461417942
Iteration: 233, relative residual: 0.00024461464935875046
Iteration: 234, relative residual: 0.0002445860785294246
Iteration: 235, relative residual: 0.0002444619958416609
Iteration: 236, relative residual: 0.00024442149915135977
Iteration: 237, relative residual: 0.000244421427598027
Iteration: 238, relative residual: 0.0002444181374201152
Iteration: 239, relative residual: 0.00024441651999741574
Iteration: 240, relative residual: 0.00024441647745430267
Iteration: 241, relative residual: 0.00024435782141435386
Iteration: 242, relative residual: 0.00024433030365063276
Iteration: 243, relative residual: 0.0002442973142399672
Iteration: 244, relative residual: 0.00024429731256694795
Iteration: 245, relative residual: 0.0002442873257405577
Iteration: 246, relative residual: 0.0002442414832609425
Iteration: 247, relative residual: 0.00024422792484529916
Iteration: 248, relative residual: 0.0002441566494251093
Iteration: 249, relative residual: 0.00024364834125023346
Iteration: 250, relative residual: 0.00024340467842197904
Iteration: 251, relative residual: 0.0002433748854884915
Iteration: 252, relative residual: 0.00024326375775486384
Iteration: 253, relative residual: 0.00024292714045957186
Iteration: 254, relative residual: 0.00024215111835134185
Iteration: 255, relative residual: 0.0002418646473799884
Iteration: 256, relative residual: 0.00024185648889205044
Iteration: 257, relative residual: 0.00024151851895608573
Iteration: 258, relative residual: 0.00024112489061258623
Iteration: 259, relative residual: 0.00024055155263983332
Iteration: 260, relative residual: 0.00024037293713197866
Iteration: 261, relative residual: 0.00023995546459935297
Iteration: 262, relative residual: 0.00023847803255825267
Iteration: 263, relative residual: 0.00023597833709792788
Iteration: 264, relative residual: 0.00023408625636183527
Iteration: 265, relative residual: 0.00023387016338953702
Iteration: 266, relative residual: 0.00023386860141093473
Iteration: 267, relative residual: 0.00023236918882434712
Iteration: 268, relative residual: 0.0002309884219484959
Iteration: 269, relative residual: 0.00023082188397573954
Iteration: 270, relative residual: 0.00023081067051067475
Iteration: 271, relative residual: 0.00023073266974727642
Iteration: 272, relative residual: 0.00022858220060458756
Iteration: 273, relative residual: 0.00022506903052422906
Iteration: 274, relative residual: 0.00022394397607758602
Iteration: 275, relative residual: 0.00022383167785643122
Iteration: 276, relative residual: 0.00022338890606830064
Iteration: 277, relative residual: 0.00022088765263673693
Iteration: 278, relative residual: 0.00021872864075868812
Iteration: 279, relative residual: 0.00021838474829785347
Iteration: 280, relative residual: 0.00021837578108745625
Iteration: 281, relative residual: 0.00021721368580624603
Iteration: 282, relative residual: 0.0002146489153362023
Iteration: 283, relative residual: 0.00021194718335246614
Iteration: 284, relative residual: 0.00021191833073480384
Iteration: 285, relative residual: 0.00021157263236409488
Iteration: 286, relative residual: 0.00020769790571242134
Iteration: 287, relative residual: 0.00020523966516769237
Iteration: 288, relative residual: 0.00020521374832714587
Iteration: 289, relative residual: 0.0002050412145614578
Iteration: 290, relative residual: 0.00020191742897175425
Iteration: 291, relative residual: 0.00019957297268141582
Iteration: 292, relative residual: 0.0001972344454698435
Iteration: 293, relative residual: 0.00019701188389047684
Iteration: 294, relative residual: 0.0001969268640547695
Iteration: 295, relative residual: 0.00019494441845095285
Iteration: 296, relative residual: 0.00019299955656470704
Iteration: 297, relative residual: 0.00019213666832271594
Iteration: 298, relative residual: 0.0001904585143575072
Iteration: 299, relative residual: 0.00019044957001347924
Iteration: 300, relative residual: 0.00019044957001347924
Residual: 0.00019044957001347924. Restart...
Iteration: 301, relative residual: 0.00019013549232047895
Iteration: 302, relative residual: 0.00019013530970570379
Iteration: 303, relative residual: 0.00019013498716832723
Iteration: 304, relative residual: 0.00019013498532393543
Iteration: 305, relative residual: 0.00019013236889248386
Iteration: 306, relative residual: 0.00019012810102364373
Iteration: 307, relative residual: 0.0001901274726107945
Iteration: 308, relative residual: 0.00019012539465149548
Iteration: 309, relative residual: 0.00019012214142115794
Iteration: 310, relative residual: 0.00019012206426503164
Iteration: 311, relative residual: 0.00019012115221429772
Iteration: 312, relative residual: 0.00019011618998372766
Iteration: 313, relative residual: 0.0001901134854057711
Iteration: 314, relative residual: 0.00019011293921907538
Iteration: 315, relative residual: 0.00019010605454524907
Iteration: 316, relative residual: 0.00019005809029312002
Iteration: 317, relative residual: 0.00019003579028587243
Iteration: 318, relative residual: 0.00019002999594063165
Iteration: 319, relative residual: 0.0001900239899319913
Iteration: 320, relative residual: 0.00018999111958480853
Iteration: 321, relative residual: 0.00018987685097827023
Iteration: 322, relative residual: 0.00018972878801028299
Iteration: 323, relative residual: 0.00018969097876251858
Iteration: 324, relative residual: 0.00018969004115137057
Iteration: 325, relative residual: 0.0001896302611609729
Iteration: 326, relative residual: 0.0001894485874513273
Iteration: 327, relative residual: 0.00018913818546510163
Iteration: 328, relative residual: 0.00018908759510797755
Iteration: 329, relative residual: 0.00018905381345996002
Iteration: 330, relative residual: 0.0001888817141377095
Iteration: 331, relative residual: 0.00018879542009872668
Iteration: 332, relative residual: 0.00018877054928207406
Iteration: 333, relative residual: 0.0001887703941100439
Iteration: 334, relative residual: 0.0001887672341304788
Iteration: 335, relative residual: 0.00018876650929276485
Iteration: 336, relative residual: 0.0001887463000637874
Iteration: 337, relative residual: 0.00018873269295774237
Iteration: 338, relative residual: 0.0001886996009355783
Iteration: 339, relative residual: 0.0001886396363608797
Iteration: 340, relative residual: 0.00018854055011527764
Iteration: 341, relative residual: 0.00018854053253068083
Iteration: 342, relative residual: 0.0001884246375244984
Iteration: 343, relative residual: 0.00018830727080198131
Iteration: 344, relative residual: 0.00018801146371912446
Iteration: 345, relative residual: 0.00018788677262112816
Iteration: 346, relative residual: 0.00018785153741573705
Iteration: 347, relative residual: 0.00018777879558073976
Iteration: 348, relative residual: 0.00018743836023712627
Iteration: 349, relative residual: 0.00018717979238331718
Iteration: 350, relative residual: 0.000187047087952097
Iteration: 351, relative residual: 0.00018699020823480708
Iteration: 352, relative residual: 0.00018695978262640942
Iteration: 353, relative residual: 0.00018672090803451745
Iteration: 354, relative residual: 0.000186489698064124
Iteration: 355, relative residual: 0.00018644370986430325
Iteration: 356, relative residual: 0.0001864397465270207
Iteration: 357, relative residual: 0.0001863318197976775
Iteration: 358, relative residual: 0.00018602341626167642
Iteration: 359, relative residual: 0.00018497159397115682
Iteration: 360, relative residual: 0.00018468600289843688
Iteration: 361, relative residual: 0.00018466086574201758
Iteration: 362, relative residual: 0.00018428894422357496
Iteration: 363, relative residual: 0.00018383316034189013
Iteration: 364, relative residual: 0.00018332159100876096
Iteration: 365, relative residual: 0.0001832994314995922
Iteration: 366, relative residual: 0.0001830153456722526
Iteration: 367, relative residual: 0.00018160064524981058
Iteration: 368, relative residual: 0.00018120611712761072
Iteration: 369, relative residual: 0.0001810733965538689
Iteration: 370, relative residual: 0.0001810062533617629
Iteration: 371, relative residual: 0.00018013230885639828
Iteration: 372, relative residual: 0.00017928378891353443
Iteration: 373, relative residual: 0.0001789866500061248
Iteration: 374, relative residual: 0.00017898411500012168
Iteration: 375, relative residual: 0.00017871093861153556
Iteration: 376, relative residual: 0.00017753532299977828
Iteration: 377, relative residual: 0.00017629330761557006
Iteration: 378, relative residual: 0.00017580874944994813
Iteration: 379, relative residual: 0.00017555436482173434
Iteration: 380, relative residual: 0.0001748592362761082
Iteration: 381, relative residual: 0.00017441427039370077
Iteration: 382, relative residual: 0.00017336650428419203
Iteration: 383, relative residual: 0.00017304961729099487
Iteration: 384, relative residual: 0.0001729678396344938
Iteration: 385, relative residual: 0.0001723848463901732
Iteration: 386, relative residual: 0.00017175336913527025
Iteration: 387, relative residual: 0.00017171679700552333
Iteration: 388, relative residual: 0.00017170646232864123
Iteration: 389, relative residual: 0.00017164486212901074
Iteration: 390, relative residual: 0.0001710934688028568
Iteration: 391, relative residual: 0.0001700394341235686
Iteration: 392, relative residual: 0.00016980301586724082
Iteration: 393, relative residual: 0.00016975641909886078
Iteration: 394, relative residual: 0.00016969014298418624
Iteration: 395, relative residual: 0.00016896150143856184
Iteration: 396, relative residual: 0.00016850411503283304
Iteration: 397, relative residual: 0.00016787844675301874
Iteration: 398, relative residual: 0.00016786117672946054
Iteration: 399, relative residual: 0.00016785953609677848
Iteration: 400, relative residual: 0.00016785953609677848
Residual: 0.00016785953609677848. Restart...
Iteration: 401, relative residual: 0.00016727385082346334
Iteration: 402, relative residual: 0.0001672717829088369
Iteration: 403, relative residual: 0.00016727021663742492
Iteration: 404, relative residual: 0.00016727021452412648
Iteration: 405, relative residual: 0.00016726615209714348
Iteration: 406, relative residual: 0.0001672568083050912
Iteration: 407, relative residual: 0.0001672552947115742
Iteration: 408, relative residual: 0.00016725194185664084
Iteration: 409, relative residual: 0.00016724301532761328
Iteration: 410, relative residual: 0.00016724029872008554
Iteration: 411, relative residual: 0.00016723962475789463
Iteration: 412, relative residual: 0.00016723925371659153
Iteration: 413, relative residual: 0.00016723875059875703
Iteration: 414, relative residual: 0.00016723728400761605
Iteration: 415, relative residual: 0.00016723619775517242
Iteration: 416, relative residual: 0.00016723589689719248
Iteration: 417, relative residual: 0.0001672351337229485
Iteration: 418, relative residual: 0.00016722145608567195
Iteration: 419, relative residual: 0.00016720036828952702
Iteration: 420, relative residual: 0.00016719910338374117
Iteration: 421, relative residual: 0.0001671653476706257
Iteration: 422, relative residual: 0.00016713654559506757
Iteration: 423, relative residual: 0.00016712354664814359
Iteration: 424, relative residual: 0.00016712339662082294
Iteration: 425, relative residual: 0.00016711848968450414
Iteration: 426, relative residual: 0.00016706514270779324
Iteration: 427, relative residual: 0.00016702250750345572
Iteration: 428, relative residual: 0.00016701200651213232
Iteration: 429, relative residual: 0.0001670112238846425
Iteration: 430, relative residual: 0.00016699753860889408
Iteration: 431, relative residual: 0.00016699609107150633
Iteration: 432, relative residual: 0.00016699608991759853
Iteration: 433, relative residual: 0.00016699395215200372
Iteration: 434, relative residual: 0.00016698691785407979
Iteration: 435, relative residual: 0.00016698417418444759
Iteration: 436, relative residual: 0.00016698005206827933
Iteration: 437, relative residual: 0.000166979944036992
Iteration: 438, relative residual: 0.00016697327282049948
Iteration: 439, relative residual: 0.00016693015206046115
Iteration: 440, relative residual: 0.000166878440671837
Iteration: 441, relative residual: 0.0001668680811522362
Iteration: 442, relative residual: 0.000166868061265131
Iteration: 443, relative residual: 0.00016686765742512913
Iteration: 444, relative residual: 0.0001668542814644112
Iteration: 445, relative residual: 0.00016681707082853473
Iteration: 446, relative residual: 0.0001667930313624203
Iteration: 447, relative residual: 0.00016679300856266662
Iteration: 448, relative residual: 0.0001667572677087404
Iteration: 449, relative residual: 0.00016665151798381762
Iteration: 450, relative residual: 0.00016643610947851214
Iteration: 451, relative residual: 0.00016641549141627456
Iteration: 452, relative residual: 0.0001664067316495983
Iteration: 453, relative residual: 0.00016619349914339415
Iteration: 454, relative residual: 0.00016579708207773187
Iteration: 455, relative residual: 0.00016556870815327443
Iteration: 456, relative residual: 0.00016556727324701901
Iteration: 457, relative residual: 0.00016548337767483348
Iteration: 458, relative residual: 0.0001653541439493355
Iteration: 459, relative residual: 0.0001649026112948202
Iteration: 460, relative residual: 0.0001645294121457687
Iteration: 461, relative residual: 0.00016452322889908455
Iteration: 462, relative residual: 0.00016443927216755938
Iteration: 463, relative residual: 0.00016428702418966088
Iteration: 464, relative residual: 0.00016386589459435884
Iteration: 465, relative residual: 0.00016381109603859912
Iteration: 466, relative residual: 0.0001637926129833585
Iteration: 467, relative residual: 0.00016355268947860666
Iteration: 468, relative residual: 0.0001631910397571877
Iteration: 469, relative residual: 0.0001630405150277995
Iteration: 470, relative residual: 0.00016303892441529557
Iteration: 471, relative residual: 0.00016284536413722767
Iteration: 472, relative residual: 0.0001624254641062389
Iteration: 473, relative residual: 0.00016218331191226171
Iteration: 474, relative residual: 0.000162108596843601
Iteration: 475, relative residual: 0.0001620771717921589
Iteration: 476, relative residual: 0.0001618870476358599
Iteration: 477, relative residual: 0.0001611300014640173
Iteration: 478, relative residual: 0.00016028135699570534
Iteration: 479, relative residual: 0.000160276901736831
Iteration: 480, relative residual: 0.00016022632514393247
Iteration: 481, relative residual: 0.00016005183637576146
Iteration: 482, relative residual: 0.00015972888898898156
Iteration: 483, relative residual: 0.00015929234884336306
Iteration: 484, relative residual: 0.0001592748815435157
Iteration: 485, relative residual: 0.00015914697405972314
Iteration: 486, relative residual: 0.0001587172866292797
Iteration: 487, relative residual: 0.00015840118293297927
Iteration: 488, relative residual: 0.00015838160010044934
Iteration: 489, relative residual: 0.00015824625250285894
Iteration: 490, relative residual: 0.00015740267761804063
Iteration: 491, relative residual: 0.00015656108304649605
Iteration: 492, relative residual: 0.00015629285205190572
Iteration: 493, relative residual: 0.00015613604520539138
Iteration: 494, relative residual: 0.00015605029556213905
Iteration: 495, relative residual: 0.00015527855486805736
Iteration: 496, relative residual: 0.00015469669572701177
Iteration: 497, relative residual: 0.00015404507840705877
Iteration: 498, relative residual: 0.00015368622715245108
Iteration: 499, relative residual: 0.00015367624935497064
Iteration: 500, relative residual: 0.00015367624935497064
Residual: 0.00015367624935497064. Restart...
Iteration: 501, relative residual: 0.0001533840688335823
Iteration: 502, relative residual: 0.00015338384351255109
Iteration: 503, relative residual: 0.00015338290180962782
Iteration: 504, relative residual: 0.00015338277308249947
Iteration: 505, relative residual: 0.00015338059888341213
Iteration: 506, relative residual: 0.00015337971218976987
Iteration: 507, relative residual: 0.00015337777746277448
Iteration: 508, relative residual: 0.000153372823590325
Iteration: 509, relative residual: 0.0001533714224199075
Iteration: 510, relative residual: 0.00015337087693450318
Iteration: 511, relative residual: 0.000153367731492536
Iteration: 512, relative residual: 0.00015336646792354986
Iteration: 513, relative residual: 0.00015336596000433504
Iteration: 514, relative residual: 0.00015336585864411868
Iteration: 515, relative residual: 0.0001533653528625169
Iteration: 516, relative residual: 0.00015335750000511318
Iteration: 517, relative residual: 0.0001533512275289207
Iteration: 518, relative residual: 0.00015335091261242686
Iteration: 519, relative residual: 0.00015333421118324402
Iteration: 520, relative residual: 0.00015327645752484496
Iteration: 521, relative residual: 0.00015316780651440664
Iteration: 522, relative residual: 0.00015308499608287702
Iteration: 523, relative residual: 0.00015306341584065767
Iteration: 524, relative residual: 0.00015306282248949405
Iteration: 525, relative residual: 0.00015305804343708184
Iteration: 526, relative residual: 0.00015304350011210635
Iteration: 527, relative residual: 0.00015302739405078337
Iteration: 528, relative residual: 0.00015301707469620905
Iteration: 529, relative residual: 0.00015301530887123246
Iteration: 530, relative residual: 0.00015301314210689466
Iteration: 531, relative residual: 0.00015301312759043203
Iteration: 532, relative residual: 0.00015300988345531824
Iteration: 533, relative residual: 0.00015299116825699254
Iteration: 534, relative residual: 0.00015299044059573317
Iteration: 535, relative residual: 0.00015297825532218357
Iteration: 536, relative residual: 0.0001529699877253076
Iteration: 537, relative residual: 0.00015296880665243332
Iteration: 538, relative residual: 0.00015295967971666626
Iteration: 539, relative residual: 0.00015294389232019663
Iteration: 540, relative residual: 0.0001529313672862164
Iteration: 541, relative residual: 0.00015293036822121439
Iteration: 542, relative residual: 0.00015292951724832265
Iteration: 543, relative residual: 0.00015292921544214681
Iteration: 544, relative residual: 0.00015291665235923785
Iteration: 545, relative residual: 0.0001528550043754853
Iteration: 546, relative residual: 0.00015280812062913368
Iteration: 547, relative residual: 0.00015280044710249923
Iteration: 548, relative residual: 0.00015276528919671664
Iteration: 549, relative residual: 0.00015249372060142276
Iteration: 550, relative residual: 0.00015223458816963624
Iteration: 551, relative residual: 0.00015211640210043793
Iteration: 552, relative residual: 0.00015208408566547182
Iteration: 553, relative residual: 0.00015207099569240548
Iteration: 554, relative residual: 0.0001520476250560243
Iteration: 555, relative residual: 0.00015198724977366079
Iteration: 556, relative residual: 0.0001518654261477693
Iteration: 557, relative residual: 0.00015186479625067128
Iteration: 558, relative residual: 0.00015185818392749983
Iteration: 559, relative residual: 0.00015160825280706008
Iteration: 560, relative residual: 0.00015142549442618918
Iteration: 561, relative residual: 0.00015142507301603246
Iteration: 562, relative residual: 0.0001513792429781677
Iteration: 563, relative residual: 0.00015119995366119307
Iteration: 564, relative residual: 0.00015092013083947405
Iteration: 565, relative residual: 0.00015085873871442917
Iteration: 566, relative residual: 0.00015078890719726662
Iteration: 567, relative residual: 0.00015059975756037458
Iteration: 568, relative residual: 0.00015042316442782068
Iteration: 569, relative residual: 0.00015038943258514678
Iteration: 570, relative residual: 0.00015032525022906304
Iteration: 571, relative residual: 0.0001500743824047858
Iteration: 572, relative residual: 0.0001498371502088526
Iteration: 573, relative residual: 0.00014981066385484206
Iteration: 574, relative residual: 0.0001498013217696368
Iteration: 575, relative residual: 0.00014971658380692336
Iteration: 576, relative residual: 0.00014942599139215193
Iteration: 577, relative residual: 0.00014922011894911324
Iteration: 578, relative residual: 0.0001491809109840616
Iteration: 579, relative residual: 0.00014917937376379407
Iteration: 580, relative residual: 0.00014917616765877222
Iteration: 581, relative residual: 0.00014913953255258703
Iteration: 582, relative residual: 0.00014892194981207474
Iteration: 583, relative residual: 0.0001486555664226455
Iteration: 584, relative residual: 0.00014862776648962942
Iteration: 585, relative residual: 0.00014862771785769784
Iteration: 586, relative residual: 0.00014845555392968752
Iteration: 587, relative residual: 0.00014813100925473166
Iteration: 588, relative residual: 0.00014812649556248577
Iteration: 589, relative residual: 0.00014809947817486885
Iteration: 590, relative residual: 0.0001480782849376238
Iteration: 591, relative residual: 0.00014791862547708373
Iteration: 592, relative residual: 0.00014789629187158797
Iteration: 593, relative residual: 0.00014785228576350422
Iteration: 594, relative residual: 0.00014784340660840207
Iteration: 595, relative residual: 0.0001478098313843263
Iteration: 596, relative residual: 0.00014761455604562785
Iteration: 597, relative residual: 0.00014753709940164265
Iteration: 598, relative residual: 0.00014753603866592322
Iteration: 599, relative residual: 0.0001475359367724243
Iteration: 600, relative residual: 0.0001475359367724243
Residual: 0.0001475359367724243. Restart...
Iteration: 601, relative residual: 0.00014752891347738736
Iteration: 602, relative residual: 0.0001475289133708823
Iteration: 603, relative residual: 0.00014752891302150593
Iteration: 604, relative residual: 0.00014752891255389786
Iteration: 605, relative residual: 0.00014752891012828563
Iteration: 606, relative residual: 0.00014752890564260297
Iteration: 607, relative residual: 0.00014752890551218722
Iteration: 608, relative residual: 0.00014752890366506353
Iteration: 609, relative residual: 0.000147528899121543
Iteration: 610, relative residual: 0.00014752889829559968
Iteration: 611, relative residual: 0.00014752889824232656
Iteration: 612, relative residual: 0.00014752889822873614
Iteration: 613, relative residual: 0.0001475288968433632
Iteration: 614, relative residual: 0.0001475288846267216
Iteration: 615, relative residual: 0.00014752887243842875
Iteration: 616, relative residual: 0.00014752887206972488
Iteration: 617, relative residual: 0.0001475288459929031
Iteration: 618, relative residual: 0.00014752859798195032
Iteration: 619, relative residual: 0.0001475280333958296
Iteration: 620, relative residual: 0.0001475278018385787
Iteration: 621, relative residual: 0.00014752763267868277
Iteration: 622, relative residual: 0.0001475268174853329
Iteration: 623, relative residual: 0.00014752649630478992
Iteration: 624, relative residual: 0.0001475264093857796
Iteration: 625, relative residual: 0.00014752639822026176
Iteration: 626, relative residual: 0.00014752632133442563
Iteration: 627, relative residual: 0.00014752619927155025
Iteration: 628, relative residual: 0.00014752597148238262
Iteration: 629, relative residual: 0.0001475256453624392
Iteration: 630, relative residual: 0.00014752531936950585
Iteration: 631, relative residual: 0.00014752504793213327
Iteration: 632, relative residual: 0.000147524958825508
Iteration: 633, relative residual: 0.0001475249560960052
Iteration: 634, relative residual: 0.00014752468519646763
Iteration: 635, relative residual: 0.00014752433590436826
Iteration: 636, relative residual: 0.0001475240460329603
Iteration: 637, relative residual: 0.00014752393761052486
Iteration: 638, relative residual: 0.00014752365831417088
Iteration: 639, relative residual: 0.00014752157006959983
Iteration: 640, relative residual: 0.0001475197257627799
Iteration: 641, relative residual: 0.00014751933913271159
Iteration: 642, relative residual: 0.0001475186836705264
Iteration: 643, relative residual: 0.00014751638130336704
Iteration: 644, relative residual: 0.00014751495262464078
Iteration: 645, relative residual: 0.00014751479364777772
Iteration: 646, relative residual: 0.00014751430080710835
Iteration: 647, relative residual: 0.0001475140400982226
Iteration: 648, relative residual: 0.0001475134901449587
Iteration: 649, relative residual: 0.00014750899620266113
Iteration: 650, relative residual: 0.00014750586952599033
Iteration: 651, relative residual: 0.0001475057675756033
Iteration: 652, relative residual: 0.0001475053693580644
Iteration: 653, relative residual: 0.00014750425200903657
Iteration: 654, relative residual: 0.00014749707905109367
Iteration: 655, relative residual: 0.00014748244112325034
Iteration: 656, relative residual: 0.00014748209407459297
Iteration: 657, relative residual: 0.00014746973583699068
Iteration: 658, relative residual: 0.00014743278691330228
Iteration: 659, relative residual: 0.00014736262298002613
Iteration: 660, relative residual: 0.0001473384744111878
Iteration: 661, relative residual: 0.00014732146760083547
Iteration: 662, relative residual: 0.00014732084509870048
Iteration: 663, relative residual: 0.00014729893475339226
Iteration: 664, relative residual: 0.00014715923949829726
Iteration: 665, relative residual: 0.00014707804048289742
Iteration: 666, relative residual: 0.00014706501462060335
Iteration: 667, relative residual: 0.0001470347068378578
Iteration: 668, relative residual: 0.00014692017133266516
Iteration: 669, relative residual: 0.00014683881495627664
Iteration: 670, relative residual: 0.000146825481662126
Iteration: 671, relative residual: 0.00014682063326961042
Iteration: 672, relative residual: 0.00014671589639820182
Iteration: 673, relative residual: 0.00014659264162820065
Iteration: 674, relative residual: 0.00014653559046454831
Iteration: 675, relative residual: 0.00014652410033850376
Iteration: 676, relative residual: 0.00014652272130477926
Iteration: 677, relative residual: 0.00014649485130830122
Iteration: 678, relative residual: 0.00014634568408889337
Iteration: 679, relative residual: 0.00014618597620450228
Iteration: 680, relative residual: 0.00014617323332830808
Iteration: 681, relative residual: 0.00014617032410393216
Iteration: 682, relative residual: 0.00014605895130473143
Iteration: 683, relative residual: 0.00014578501931301657
Iteration: 684, relative residual: 0.0001455645831782187
Iteration: 685, relative residual: 0.000145551580246493
Iteration: 686, relative residual: 0.00014553285257643838
Iteration: 687, relative residual: 0.00014538536124562236
Iteration: 688, relative residual: 0.00014525615798592373
Iteration: 689, relative residual: 0.00014522389685194968
Iteration: 690, relative residual: 0.0001452161247487897
Iteration: 691, relative residual: 0.0001451219507862165
Iteration: 692, relative residual: 0.00014496607025572082
Iteration: 693, relative residual: 0.00014483404505185002
Iteration: 694, relative residual: 0.0001447792946307865
Iteration: 695, relative residual: 0.00014477915367425585
Iteration: 696, relative residual: 0.0001446864119847149
Iteration: 697, relative residual: 0.00014440042950099934
Iteration: 698, relative residual: 0.00014421517196286485
Iteration: 699, relative residual: 0.0001440580432834309
Iteration: 700, relative residual: 0.0001440580432834309
Residual: 0.0001440580432834309. Restart...
Iteration: 701, relative residual: 0.00014405781607304232
Iteration: 702, relative residual: 0.0001440578160610325
Iteration: 703, relative residual: 0.00014405781599898052
Iteration: 704, relative residual: 0.00014405781583881288
Iteration: 705, relative residual: 0.00014405781582643352
Iteration: 706, relative residual: 0.00014405781504843007
Iteration: 707, relative residual: 0.00014405781493908315
Iteration: 708, relative residual: 0.0001440578092015738
Iteration: 709, relative residual: 0.0001440577200723265
Iteration: 710, relative residual: 0.00014405755213084135
Iteration: 711, relative residual: 0.00014405722286150592
Iteration: 712, relative residual: 0.00014405696671478417
Iteration: 713, relative residual: 0.00014405693666379288
Iteration: 714, relative residual: 0.0001440569248121773
Iteration: 715, relative residual: 0.00014405657727893369
Iteration: 716, relative residual: 0.00014405572389251134
Iteration: 717, relative residual: 0.00014405449260976267
Iteration: 718, relative residual: 0.00014405259092868593
Iteration: 719, relative residual: 0.00014405244517845173
Iteration: 720, relative residual: 0.0001440513618137029
Iteration: 721, relative residual: 0.000144046824348451
Iteration: 722, relative residual: 0.00014404059976623866
Iteration: 723, relative residual: 0.00014403770298006694
Iteration: 724, relative residual: 0.00014403672447195763
Iteration: 725, relative residual: 0.0001440367233953295
Iteration: 726, relative residual: 0.00014403502459517926
Iteration: 727, relative residual: 0.0001440322081667284
Iteration: 728, relative residual: 0.00014403037581751504
Iteration: 729, relative residual: 0.00014402827173980886
Iteration: 730, relative residual: 0.00014402699288813034
Iteration: 731, relative residual: 0.00014402672967656375
Iteration: 732, relative residual: 0.0001440267259641672
Iteration: 733, relative residual: 0.0001440264405224274
Iteration: 734, relative residual: 0.000144025667183469
Iteration: 735, relative residual: 0.0001440243103687107
Iteration: 736, relative residual: 0.00014402428345760407
Iteration: 737, relative residual: 0.00014402378353151282
Iteration: 738, relative residual: 0.00014401654184575485
Iteration: 739, relative residual: 0.00014400397043853473
Iteration: 740, relative residual: 0.00014399689829253253
Iteration: 741, relative residual: 0.00014399635005705522
Iteration: 742, relative residual: 0.00014399460163045362
Iteration: 743, relative residual: 0.0001439806670706582
Iteration: 744, relative residual: 0.00014394681997562697
Iteration: 745, relative residual: 0.00014393690007725188
Iteration: 746, relative residual: 0.00014393285428487978
Iteration: 747, relative residual: 0.00014389450108795253
Iteration: 748, relative residual: 0.00014381087110656654
Iteration: 749, relative residual: 0.00014373862893411795
Iteration: 750, relative residual: 0.00014370262977609016
Iteration: 751, relative residual: 0.00014369824540967692
Iteration: 752, relative residual: 0.00014369668982087443
Iteration: 753, relative residual: 0.0001436677760879115
Iteration: 754, relative residual: 0.00014363733602028168
Iteration: 755, relative residual: 0.0001436128444141676
Iteration: 756, relative residual: 0.00014360751113682747
Iteration: 757, relative residual: 0.00014360428055820888
Iteration: 758, relative residual: 0.00014358258125073782
Iteration: 759, relative residual: 0.00014349962441340488
Iteration: 760, relative residual: 0.00014345653630748226
Iteration: 761, relative residual: 0.0001434479928279562
Iteration: 762, relative residual: 0.00014343809048226902
Iteration: 763, relative residual: 0.00014334156845038123
Iteration: 764, relative residual: 0.00014316264823593984
Iteration: 765, relative residual: 0.00014315916851107802
Iteration: 766, relative residual: 0.0001430845251734773
Iteration: 767, relative residual: 0.00014290671949390168
Iteration: 768, relative residual: 0.00014279486267951356
Iteration: 769, relative residual: 0.00014273186368940713
Iteration: 770, relative residual: 0.00014269262407236953
Iteration: 771, relative residual: 0.00014260278390098403
Iteration: 772, relative residual: 0.00014245236517099376
Iteration: 773, relative residual: 0.0001424120861225477
Iteration: 774, relative residual: 0.000142409448314847
Iteration: 775, relative residual: 0.00014228175323423273
Iteration: 776, relative residual: 0.00014194478280654639
Iteration: 777, relative residual: 0.00014181080142391012
Iteration: 778, relative residual: 0.00014181054642994515
Iteration: 779, relative residual: 0.00014169649731538375
Iteration: 780, relative residual: 0.0001415116034214746
Iteration: 781, relative residual: 0.00014132732852807018
Iteration: 782, relative residual: 0.0001412179546213411
Iteration: 783, relative residual: 0.0001412170484641751
Iteration: 784, relative residual: 0.00014116701275186522
Iteration: 785, relative residual: 0.0001411036323027199
Iteration: 786, relative residual: 0.00014103926007915356
Iteration: 787, relative residual: 0.000141039231320659
Iteration: 788, relative residual: 0.00014100216455654736
Iteration: 789, relative residual: 0.0001409767939394337
Iteration: 790, relative residual: 0.0001409565890261733
Iteration: 791, relative residual: 0.0001409495507707352
Iteration: 792, relative residual: 0.00014094943060736907
Iteration: 793, relative residual: 0.00014094681644884256
Iteration: 794, relative residual: 0.0001408946881306496
Iteration: 795, relative residual: 0.00014087814622353506
Iteration: 796, relative residual: 0.00014086728519240298
Iteration: 797, relative residual: 0.00014086703555839415
Iteration: 798, relative residual: 0.00014085918740187105
Iteration: 799, relative residual: 0.00014085854842121775
Iteration: 800, relative residual: 0.00014085854842121775
Residual: 0.00014085854842121775. Restart...
Iteration: 801, relative residual: 0.00014084645126447864
Iteration: 802, relative residual: 0.00014084645123545834
Iteration: 803, relative residual: 0.0001408464504895884
Iteration: 804, relative residual: 0.0001408464503446973
Iteration: 805, relative residual: 0.00014084644859829078
Iteration: 806, relative residual: 0.0001408464459966603
Iteration: 807, relative residual: 0.00014084644539117324
Iteration: 808, relative residual: 0.00014084643657678484
Iteration: 809, relative residual: 0.0001408464218986539
Iteration: 810, relative residual: 0.00014084641695570732
Iteration: 811, relative residual: 0.0001408464130257868
Iteration: 812, relative residual: 0.0001408464114479977
Iteration: 813, relative residual: 0.0001408464109807078
Iteration: 814, relative residual: 0.00014084641094315778
Iteration: 815, relative residual: 0.00014084640917447184
Iteration: 816, relative residual: 0.00014084640768064204
Iteration: 817, relative residual: 0.00014084640546888286
Iteration: 818, relative residual: 0.0001408464032649045
Iteration: 819, relative residual: 0.00014084640166500323
Iteration: 820, relative residual: 0.00014084639448471684
Iteration: 821, relative residual: 0.0001408463747809431
Iteration: 822, relative residual: 0.0001408463684362544
Iteration: 823, relative residual: 0.0001408463684213542
Iteration: 824, relative residual: 0.00014084635769811844
Iteration: 825, relative residual: 0.00014084633083259865
Iteration: 826, relative residual: 0.0001408463174918908
Iteration: 827, relative residual: 0.0001408463172992772
Iteration: 828, relative residual: 0.0001408463162791097
Iteration: 829, relative residual: 0.00014084631489130989
Iteration: 830, relative residual: 0.00014084631476618667
Iteration: 831, relative residual: 0.00014084630197093464
Iteration: 832, relative residual: 0.00014084626768886044
Iteration: 833, relative residual: 0.00014084619414952984
Iteration: 834, relative residual: 0.00014084611976405208
Iteration: 835, relative residual: 0.00014084611795271297
Iteration: 836, relative residual: 0.00014084604012840152
Iteration: 837, relative residual: 0.0001408460068712044
Iteration: 838, relative residual: 0.0001408459975638219
Iteration: 839, relative residual: 0.0001408459809650447
Iteration: 840, relative residual: 0.00014084598096263527
Iteration: 841, relative residual: 0.00014084598089829226
Iteration: 842, relative residual: 0.00014084581844360565
Iteration: 843, relative residual: 0.00014084564805946968
Iteration: 844, relative residual: 0.00014084559840072414
Iteration: 845, relative residual: 0.00014084557492707924
Iteration: 846, relative residual: 0.0001408455577934273
Iteration: 847, relative residual: 0.00014084550932305382
Iteration: 848, relative residual: 0.00014084519796603623
Iteration: 849, relative residual: 0.00014084502590918665
Iteration: 850, relative residual: 0.0001408450052515836
Iteration: 851, relative residual: 0.00014084466930889368
Iteration: 852, relative residual: 0.0001408443223864936
Iteration: 853, relative residual: 0.0001408442343634871
Iteration: 854, relative residual: 0.0001408442296934448
Iteration: 855, relative residual: 0.0001408438096143718
Iteration: 856, relative residual: 0.00014084241935516254
Iteration: 857, relative residual: 0.00014084028267935796
Iteration: 858, relative residual: 0.0001408394717359847
Iteration: 859, relative residual: 0.00014083919368233338
Iteration: 860, relative residual: 0.00014083660714168524
Iteration: 861, relative residual: 0.00014083241188606488
Iteration: 862, relative residual: 0.00014083033834881746
Iteration: 863, relative residual: 0.0001408301741939359
Iteration: 864, relative residual: 0.00014082874620900733
Iteration: 865, relative residual: 0.00014082139596710553
Iteration: 866, relative residual: 0.00014079917289273975
Iteration: 867, relative residual: 0.00014078406779895758
Iteration: 868, relative residual: 0.0001407831352359951
Iteration: 869, relative residual: 0.00014077461103170798
Iteration: 870, relative residual: 0.00014073845899844484
Iteration: 871, relative residual: 0.00014069526968459517
Iteration: 872, relative residual: 0.00014069061333845382
Iteration: 873, relative residual: 0.00014068530641011553
Iteration: 874, relative residual: 0.00014065583009693452
Iteration: 875, relative residual: 0.00014061174370871396
Iteration: 876, relative residual: 0.00014056941299862562
Iteration: 877, relative residual: 0.0001405547192711287
Iteration: 878, relative residual: 0.0001405546877996414
Iteration: 879, relative residual: 0.000140531935407582
Iteration: 880, relative residual: 0.00014048830356346798
Iteration: 881, relative residual: 0.00014045639178336938
Iteration: 882, relative residual: 0.00014044563933607155
Iteration: 883, relative residual: 0.00014044299630813705
Iteration: 884, relative residual: 0.00014039235039479966
Iteration: 885, relative residual: 0.000140331339589935
Iteration: 886, relative residual: 0.00014025767147929054
Iteration: 887, relative residual: 0.000140238860080234
Iteration: 888, relative residual: 0.00014022187671948238
Iteration: 889, relative residual: 0.00014012572110706537
Iteration: 890, relative residual: 0.0001399792092551206
Iteration: 891, relative residual: 0.00013995278927617512
Iteration: 892, relative residual: 0.0001399484198954626
Iteration: 893, relative residual: 0.00013981789897411033
Iteration: 894, relative residual: 0.00013965763832224655
Iteration: 895, relative residual: 0.0001395608937590159
Iteration: 896, relative residual: 0.00013951968057577066
Iteration: 897, relative residual: 0.00013950569748187044
Iteration: 898, relative residual: 0.00013941049685626668
Iteration: 899, relative residual: 0.00013926233259411772
Iteration: 900, relative residual: 0.00013926233259411772
Residual: 0.00013926233259411772. Restart...
Iteration: 901, relative residual: 0.00013916135571183843
Iteration: 902, relative residual: 0.00013916135542865055
Iteration: 903, relative residual: 0.00013916135223016697
Iteration: 904, relative residual: 0.00013916134598198306
Iteration: 905, relative residual: 0.0001391613397769216
Iteration: 906, relative residual: 0.0001391613377485433
Iteration: 907, relative residual: 0.00013916130285675002
Iteration: 908, relative residual: 0.00013916123780224098
Iteration: 909, relative residual: 0.0001391611993926511
Iteration: 910, relative residual: 0.00013916119868218667
Iteration: 911, relative residual: 0.0001391611757011324
Iteration: 912, relative residual: 0.00013916113807708447
Iteration: 913, relative residual: 0.0001391610630791749
Iteration: 914, relative residual: 0.00013916103634056763
Iteration: 915, relative residual: 0.00013916102116540952
Iteration: 916, relative residual: 0.00013916066263323384
Iteration: 917, relative residual: 0.00013916008120248987
Iteration: 918, relative residual: 0.0001391589254171495
Iteration: 919, relative residual: 0.00013915805241831926
Iteration: 920, relative residual: 0.00013915798021978283
Iteration: 921, relative residual: 0.00013915558567421512
Iteration: 922, relative residual: 0.00013915238504897147
Iteration: 923, relative residual: 0.00013915137885678824
Iteration: 924, relative residual: 0.00013915134006710497
Iteration: 925, relative residual: 0.0001391512717517448
Iteration: 926, relative residual: 0.00013915087378299013
Iteration: 927, relative residual: 0.00013915044665957198
Iteration: 928, relative residual: 0.00013915022374366042
Iteration: 929, relative residual: 0.00013914992862321706
Iteration: 930, relative residual: 0.0001391496625809214
Iteration: 931, relative residual: 0.0001391494994749865
Iteration: 932, relative residual: 0.0001391494994216249
Iteration: 933, relative residual: 0.0001391494657044879
Iteration: 934, relative residual: 0.00013914904923756314
Iteration: 935, relative residual: 0.00013914839063332724
Iteration: 936, relative residual: 0.000139147827536168
Iteration: 937, relative residual: 0.00013914742571371688
Iteration: 938, relative residual: 0.0001391474225660492
Iteration: 939, relative residual: 0.00013914591898761563
Iteration: 940, relative residual: 0.00013914265224963725
Iteration: 941, relative residual: 0.00013913979939241734
Iteration: 942, relative residual: 0.00013913896133673902
Iteration: 943, relative residual: 0.00013913855399827805
Iteration: 944, relative residual: 0.00013913511198281167
Iteration: 945, relative residual: 0.00013912951234516913
Iteration: 946, relative residual: 0.00013912694016709426
Iteration: 947, relative residual: 0.0001391267411776706
Iteration: 948, relative residual: 0.00013911527480904768
Iteration: 949, relative residual: 0.00013907933205544427
Iteration: 950, relative residual: 0.00013903955563541114
Iteration: 951, relative residual: 0.00013901805699034382
Iteration: 952, relative residual: 0.00013900268462104328
Iteration: 953, relative residual: 0.0001390017482586935
Iteration: 954, relative residual: 0.00013898423523722522
Iteration: 955, relative residual: 0.00013896084134769001
Iteration: 956, relative residual: 0.00013895399426599645
Iteration: 957, relative residual: 0.0001389531856153134
Iteration: 958, relative residual: 0.00013893393884677408
Iteration: 959, relative residual: 0.00013887079348924255
Iteration: 960, relative residual: 0.00013882832413038507
Iteration: 961, relative residual: 0.00013881847153193202
Iteration: 962, relative residual: 0.00013881375470000505
Iteration: 963, relative residual: 0.0001387732526847544
Iteration: 964, relative residual: 0.00013868760695813324
Iteration: 965, relative residual: 0.0001386750242487294
Iteration: 966, relative residual: 0.0001386738477112732
Iteration: 967, relative residual: 0.00013864687930638064
Iteration: 968, relative residual: 0.00013861466979304206
Iteration: 969, relative residual: 0.0001386039985671123
Iteration: 970, relative residual: 0.00013860394570497223
Iteration: 971, relative residual: 0.00013860196688122599
Iteration: 972, relative residual: 0.00013860041930032486
Iteration: 973, relative residual: 0.00013859521562140407
Iteration: 974, relative residual: 0.0001385937429686428
Iteration: 975, relative residual: 0.00013859182431671846
Iteration: 976, relative residual: 0.00013859181742575144
Iteration: 977, relative residual: 0.00013859068446681213
Iteration: 978, relative residual: 0.0001385866509016503
Iteration: 979, relative residual: 0.00013858632508972825
Iteration: 980, relative residual: 0.00013858192292600651
Iteration: 981, relative residual: 0.00013857296380044486
Iteration: 982, relative residual: 0.00013857282710467257
Iteration: 983, relative residual: 0.00013856683571675368
Iteration: 984, relative residual: 0.00013855141625110931
Iteration: 985, relative residual: 0.00013851842012661459
Iteration: 986, relative residual: 0.00013851141033006492
Iteration: 987, relative residual: 0.00013851129135546782
Iteration: 988, relative residual: 0.00013850443959641592
Iteration: 989, relative residual: 0.0001384502992501363
Iteration: 990, relative residual: 0.0001384181509588538
Iteration: 991, relative residual: 0.00013840751332741614
Iteration: 992, relative residual: 0.00013840719021423746
Iteration: 993, relative residual: 0.00013838414648012357
Iteration: 994, relative residual: 0.00013838409277378762
Iteration: 995, relative residual: 0.0001383756419210883
Iteration: 996, relative residual: 0.0001383752354700529
Iteration: 997, relative residual: 0.00013837125419359264
Iteration: 998, relative residual: 0.00013836194576385567
Iteration: 999, relative residual: 0.00013836152722455838
Iteration: 1000, relative residual: 0.00013836152722455838
Residual: 0.00013836152722455838. Restart...
Warning!!!!You have reached the maximum number of iterations : 1000.
The run will stop. Check the residual behaviour you might have a bug.For future runs you might consider changing the tolerance or increasing the number of max_iter.
Solve time        : 8278.870529413223s

Calculate Solvation Energy (E_solv)
Calculating solvation energy for region 1, stored in E_solv[0]
6343.825379379496 of 548269 analytical integrals for phi_reac calculation in region 1
Time E_solv: 22.324203491210938s
Region 1: E_solv = -7914.664395183366 kcal/mol = -33114.9558294472 kJ/mol

Calculate Surface Energy (E_surf)
Time E_surf: 0.02043604850769043s

Calculate Coulomb Energy (E_coul)
Calculate Coulomb energy for region 1
Region 1: E_coul = -248848.8616044 kcal/mol = -1041183.6369528096 kJ/mol
Time E_coul: 24.786911487579346s

------------------------------
Totals:
E_solv = -7914.664395183366 kcal/mol
E_surf = 0 kcal/mol
E_coul = -248848.8616044 kcal/mol

Time = 8404.76915049553 s
