Run started on:
	Date: 2020/5/25
	Time: 15:35:43
	PyGBe version: 0.3.2+5.gea0f875
Config file: /cobra/u/gvargas/code/hPB/pygbe/pygbe/myCrownFinShots/sarsCov2002/snap2/snap2.config
Parameter file: /cobra/u/gvargas/code/hPB/pygbe/pygbe/myCrownFinShots/sarsCov2002/snap2/snap2.param
Geometry folder: /cobra/u/gvargas/code/hPB/pygbe/pygbe/myCrownFinShots/sarsCov2002/snap2/geometry
Running in: /cobra/u/gvargas/code/hPB/pygbe/pygbe/myCrownFinShots/sarsCov2002/snap2

Reading surface 0 from file geometry/crownVF2002
Time load mesh: 10.350320100784302
Removed areas=0: 268

Total elements : 617154
Total equations: 1234308
----------------------------

1 surfaces:

Surface 0:
	617154 elements
	Surface type         : dielectric_interface
	Cells                : 3648
	Twigs                : 3085
	Levels               : 7
	C0 size              : 120.37135786373084
	C0 box center        : 103.00407708502796, 113.94518495221614, 113.03272146120199
	Twig cell size       : 1.8808024666207943
	Rbox/theta           : 3.7616049332415886
	Analytic distance    : 1.296946886734736
	Elem. per Ang^2      : 4.161447303628173
	Max, min, avg elem.  : 1.340539819443084, 4.999999999976695e-07, 0.2403010123733025
	Total area           : 148302.73099023313
------------------------------

2 regions:

Region 0:
	Laplace or Yukawa: 2
	kappa            : 0.125
	dielectric const : 80.0
	Number of charges: 0
	Parent surface   : []
	Child surfaces   : [0]
Region 1:
	Laplace or Yukawa: 1
	kappa            : 1e-12
	dielectric const : 4.0
	Number of charges: 60340
	Parent surface   : [0]
	Child surfaces   : []
------------------------------

Parameters:
	Data type               : <class 'numpy.float64'>
	Use GPU                 : 1
	P                       : 4
	threshold               : 0.50
	theta                   : 0.50
	NCRIT                   : 500
	CUDA block size         : 128
	Gauss points per element: 1
	Gauss points near singlr: 25
	1D Gauss points per side: 9
	GMRES tolerance         : 1e-05
	GMRES max iterations    : 1000
	GMRES restart iteration : 100
----------------------------

Generate interaction list
Transfer data to GPU
Generate RHS
List time          : 3.3583643436431885s
Data transfer time : 0.4038259983062744s
RHS generation time: 0.5257437229156494s
------------------------------
Total setup time   : 76.60480904579163s
Solve
Iteration: 1, relative residual: 0.3886490279146421
Iteration: 2, relative residual: 0.2760365537101494
Iteration: 3, relative residual: 0.2175797256006677
Iteration: 4, relative residual: 0.17107526680145022
Iteration: 5, relative residual: 0.13596577312272168
Iteration: 6, relative residual: 0.11051064266142442
Iteration: 7, relative residual: 0.08391628003359504
Iteration: 8, relative residual: 0.07024452281479325
Iteration: 9, relative residual: 0.058266830247583556
Iteration: 10, relative residual: 0.04817355406439128
Iteration: 11, relative residual: 0.045222649074453586
Iteration: 12, relative residual: 0.045129158511332326
Iteration: 13, relative residual: 0.03979247012389888
Iteration: 14, relative residual: 0.032282427079473174
Iteration: 15, relative residual: 0.026910055647605086
Iteration: 16, relative residual: 0.022959826129869656
Iteration: 17, relative residual: 0.01909826319746568
Iteration: 18, relative residual: 0.01495455333396572
Iteration: 19, relative residual: 0.01327892581763878
Iteration: 20, relative residual: 0.013276767865939487
Iteration: 21, relative residual: 0.012040137711406261
Iteration: 22, relative residual: 0.01032262041077121
Iteration: 23, relative residual: 0.010313922680495125
Iteration: 24, relative residual: 0.009434061689334906
Iteration: 25, relative residual: 0.00857635780001481
Iteration: 26, relative residual: 0.007804648896805854
Iteration: 27, relative residual: 0.007705227789205592
Iteration: 28, relative residual: 0.007415557047673843
Iteration: 29, relative residual: 0.00718230798983259
Iteration: 30, relative residual: 0.0069875568069832
Iteration: 31, relative residual: 0.006612071347722804
Iteration: 32, relative residual: 0.006456249018681239
Iteration: 33, relative residual: 0.0063911119056531554
Iteration: 34, relative residual: 0.006335921174732046
Iteration: 35, relative residual: 0.0063191334359005
Iteration: 36, relative residual: 0.005865984106584772
Iteration: 37, relative residual: 0.005763474954525007
Iteration: 38, relative residual: 0.005701419605356813
Iteration: 39, relative residual: 0.005252636062089781
Iteration: 40, relative residual: 0.005048093510467549
Iteration: 41, relative residual: 0.0049371935361660286
Iteration: 42, relative residual: 0.0044820875517724785
Iteration: 43, relative residual: 0.004176531597887353
Iteration: 44, relative residual: 0.0037619576466068412
Iteration: 45, relative residual: 0.00350573834162973
Iteration: 46, relative residual: 0.003434207068235617
Iteration: 47, relative residual: 0.003434030939759651
Iteration: 48, relative residual: 0.003312663877282802
Iteration: 49, relative residual: 0.0031621659021520963
Iteration: 50, relative residual: 0.0031402987169960855
Iteration: 51, relative residual: 0.003127103902895832
Iteration: 52, relative residual: 0.003064439529743178
Iteration: 53, relative residual: 0.00294762966593028
Iteration: 54, relative residual: 0.0029062835605971993
Iteration: 55, relative residual: 0.002903310080521786
Iteration: 56, relative residual: 0.0028236709508498194
Iteration: 57, relative residual: 0.0026665828172874146
Iteration: 58, relative residual: 0.0026486236012867
Iteration: 59, relative residual: 0.0026332293315381563
Iteration: 60, relative residual: 0.0025535086328702565
Iteration: 61, relative residual: 0.0024094351457841752
Iteration: 62, relative residual: 0.0022632355086626963
Iteration: 63, relative residual: 0.0021121947645063757
Iteration: 64, relative residual: 0.0019247350714421813
Iteration: 65, relative residual: 0.0018213318609334491
Iteration: 66, relative residual: 0.0017475910818679722
Iteration: 67, relative residual: 0.0016943572615571092
Iteration: 68, relative residual: 0.001677793985439126
Iteration: 69, relative residual: 0.0016772711387137184
Iteration: 70, relative residual: 0.001661626446644173
Iteration: 71, relative residual: 0.0016197302471648509
Iteration: 72, relative residual: 0.0015901795892759804
Iteration: 73, relative residual: 0.0015838914192642223
Iteration: 74, relative residual: 0.0015838463066635937
Iteration: 75, relative residual: 0.001561628411155943
Iteration: 76, relative residual: 0.0015018509286658505
Iteration: 77, relative residual: 0.0014527164204011106
Iteration: 78, relative residual: 0.001427323351242142
Iteration: 79, relative residual: 0.0014189494328142379
Iteration: 80, relative residual: 0.0014185212013197363
Iteration: 81, relative residual: 0.0013891455304406554
Iteration: 82, relative residual: 0.0013465692986251963
Iteration: 83, relative residual: 0.0013213178282439858
Iteration: 84, relative residual: 0.0013211986846808532
Iteration: 85, relative residual: 0.0013211617621151958
Iteration: 86, relative residual: 0.0013138825224822293
Iteration: 87, relative residual: 0.0012815992987312314
Iteration: 88, relative residual: 0.0012567708721309804
Iteration: 89, relative residual: 0.0012442754476144683
Iteration: 90, relative residual: 0.0012378205395455989
Iteration: 91, relative residual: 0.0012089236638098406
Iteration: 92, relative residual: 0.0011844499690959645
Iteration: 93, relative residual: 0.0011451688764033225
Iteration: 94, relative residual: 0.0011117843939205626
Iteration: 95, relative residual: 0.0010860533302364682
Iteration: 96, relative residual: 0.0010770026012834498
Iteration: 97, relative residual: 0.001076682189747382
Iteration: 98, relative residual: 0.001067727000034677
Iteration: 99, relative residual: 0.0010535572949799876
Iteration: 100, relative residual: 0.0010535572949799876
Residual: 0.0010535572949799876. Restart...
Iteration: 101, relative residual: 0.001039883058711372
Iteration: 102, relative residual: 0.0010398238653949534
Iteration: 103, relative residual: 0.0010398079764031224
Iteration: 104, relative residual: 0.0010397312159503192
Iteration: 105, relative residual: 0.0010395987255600269
Iteration: 106, relative residual: 0.0010395448730288034
Iteration: 107, relative residual: 0.0010395448728321788
Iteration: 108, relative residual: 0.0010395419068526543
Iteration: 109, relative residual: 0.0010395370654984763
Iteration: 110, relative residual: 0.0010395351078310716
Iteration: 111, relative residual: 0.0010395341699959702
Iteration: 112, relative residual: 0.0010395311314091785
Iteration: 113, relative residual: 0.0010395206077648965
Iteration: 114, relative residual: 0.0010395078093664851
Iteration: 115, relative residual: 0.0010394517881352496
Iteration: 116, relative residual: 0.0010393377732296233
Iteration: 117, relative residual: 0.0010393178602890187
Iteration: 118, relative residual: 0.0010392173412351125
Iteration: 119, relative residual: 0.001039076332446778
Iteration: 120, relative residual: 0.0010390707094050423
Iteration: 121, relative residual: 0.0010390139225130597
Iteration: 122, relative residual: 0.0010385324334959026
Iteration: 123, relative residual: 0.001037623702069279
Iteration: 124, relative residual: 0.001037311346197998
Iteration: 125, relative residual: 0.0010373039562296274
Iteration: 126, relative residual: 0.0010368291889064868
Iteration: 127, relative residual: 0.001036583307738045
Iteration: 128, relative residual: 0.001035920006362752
Iteration: 129, relative residual: 0.0010346749236426816
Iteration: 130, relative residual: 0.0010345063931670785
Iteration: 131, relative residual: 0.0010343877889769945
Iteration: 132, relative residual: 0.0010327379892742857
Iteration: 133, relative residual: 0.0010311019845680354
Iteration: 134, relative residual: 0.001031089132413256
Iteration: 135, relative residual: 0.0010299875763944543
Iteration: 136, relative residual: 0.0010294824424832208
Iteration: 137, relative residual: 0.0010294718690629899
Iteration: 138, relative residual: 0.0010292406158587263
Iteration: 139, relative residual: 0.0010281699939539075
Iteration: 140, relative residual: 0.0010273591530159773
Iteration: 141, relative residual: 0.0010272629824307298
Iteration: 142, relative residual: 0.0010272608492682507
Iteration: 143, relative residual: 0.0010271464390513533
Iteration: 144, relative residual: 0.001025751543206718
Iteration: 145, relative residual: 0.001024271142875662
Iteration: 146, relative residual: 0.0010242214755098976
Iteration: 147, relative residual: 0.0010228605534314853
Iteration: 148, relative residual: 0.0010205625296294115
Iteration: 149, relative residual: 0.0010158418321796596
Iteration: 150, relative residual: 0.0010103283561285268
Iteration: 151, relative residual: 0.0010058262905970866
Iteration: 152, relative residual: 0.0010032823126923552
Iteration: 153, relative residual: 0.0010028157884578734
Iteration: 154, relative residual: 0.0010020210985775037
Iteration: 155, relative residual: 0.0009979855938319331
Iteration: 156, relative residual: 0.0009946824526613255
Iteration: 157, relative residual: 0.0009910043980566397
Iteration: 158, relative residual: 0.000986932429929656
Iteration: 159, relative residual: 0.0009868426851436306
Iteration: 160, relative residual: 0.000980882846788669
Iteration: 161, relative residual: 0.0009765641165364717
Iteration: 162, relative residual: 0.0009736531605854209
Iteration: 163, relative residual: 0.0009709047213319388
Iteration: 164, relative residual: 0.0009700043164573198
Iteration: 165, relative residual: 0.0009700010775893493
Iteration: 166, relative residual: 0.0009634799811705185
Iteration: 167, relative residual: 0.0009590163806415398
Iteration: 168, relative residual: 0.0009576516605463638
Iteration: 169, relative residual: 0.0009575707058134238
Iteration: 170, relative residual: 0.0009568990031563269
Iteration: 171, relative residual: 0.0009534655950314702
Iteration: 172, relative residual: 0.000949257324061849
Iteration: 173, relative residual: 0.0009485044023758661
Iteration: 174, relative residual: 0.0009484646440428494
Iteration: 175, relative residual: 0.0009464621203871082
Iteration: 176, relative residual: 0.00094078692723086
Iteration: 177, relative residual: 0.0009341058482048274
Iteration: 178, relative residual: 0.0009182842798091018
Iteration: 179, relative residual: 0.0009062147635827003
Iteration: 180, relative residual: 0.0009056216370894614
Iteration: 181, relative residual: 0.0009054979925827042
Iteration: 182, relative residual: 0.0008945435987246526
Iteration: 183, relative residual: 0.0008796105230873206
Iteration: 184, relative residual: 0.0008713419656890918
Iteration: 185, relative residual: 0.0008587018020925824
Iteration: 186, relative residual: 0.0008574968852996371
Iteration: 187, relative residual: 0.0008572735560456228
Iteration: 188, relative residual: 0.0008524534654274221
Iteration: 189, relative residual: 0.0008453012850442754
Iteration: 190, relative residual: 0.0008368650363202608
Iteration: 191, relative residual: 0.0008187461625879495
Iteration: 192, relative residual: 0.0008187168375900937
Iteration: 193, relative residual: 0.0008186041819811884
Iteration: 194, relative residual: 0.0008124758841588931
Iteration: 195, relative residual: 0.0007951632693030104
Iteration: 196, relative residual: 0.0007874228405950469
Iteration: 197, relative residual: 0.0007824182733918174
Iteration: 198, relative residual: 0.0007810611442069682
Iteration: 199, relative residual: 0.0007810589791738237
Iteration: 200, relative residual: 0.0007810589791738237
Residual: 0.0007810589791738237. Restart...
Iteration: 201, relative residual: 0.0007804357459262564
Iteration: 202, relative residual: 0.0007804357447100775
Iteration: 203, relative residual: 0.0007804346530646649
Iteration: 204, relative residual: 0.000780431050883947
Iteration: 205, relative residual: 0.0007804273811022065
Iteration: 206, relative residual: 0.000780426417410711
Iteration: 207, relative residual: 0.0007804235497393248
Iteration: 208, relative residual: 0.00078042108859471
Iteration: 209, relative residual: 0.0007804209436229271
Iteration: 210, relative residual: 0.0007804174554177982
Iteration: 211, relative residual: 0.0007804127807540134
Iteration: 212, relative residual: 0.0007804127807083884
Iteration: 213, relative residual: 0.0007804107529419432
Iteration: 214, relative residual: 0.0007803913892339215
Iteration: 215, relative residual: 0.0007803823089318796
Iteration: 216, relative residual: 0.0007803785044854648
Iteration: 217, relative residual: 0.0007802999924941802
Iteration: 218, relative residual: 0.0007799399768441933
Iteration: 219, relative residual: 0.0007799273168162107
Iteration: 220, relative residual: 0.0007796663249642916
Iteration: 221, relative residual: 0.000778878217717187
Iteration: 222, relative residual: 0.000778195380680482
Iteration: 223, relative residual: 0.0007779322796964794
Iteration: 224, relative residual: 0.0007779186921329642
Iteration: 225, relative residual: 0.0007777685098778658
Iteration: 226, relative residual: 0.0007775093924421152
Iteration: 227, relative residual: 0.0007774971261399546
Iteration: 228, relative residual: 0.0007769268209300567
Iteration: 229, relative residual: 0.000776280160345875
Iteration: 230, relative residual: 0.0007762353602470182
Iteration: 231, relative residual: 0.0007758810905957558
Iteration: 232, relative residual: 0.0007753885181331956
Iteration: 233, relative residual: 0.0007752903143669091
Iteration: 234, relative residual: 0.0007752795078464778
Iteration: 235, relative residual: 0.0007752124009833635
Iteration: 236, relative residual: 0.0007748959691377402
Iteration: 237, relative residual: 0.0007748633689108351
Iteration: 238, relative residual: 0.0007747339182531309
Iteration: 239, relative residual: 0.0007743876040017106
Iteration: 240, relative residual: 0.000773991578913135
Iteration: 241, relative residual: 0.0007737673511942707
Iteration: 242, relative residual: 0.0007736917669932209
Iteration: 243, relative residual: 0.0007736668890354077
Iteration: 244, relative residual: 0.0007734979104142618
Iteration: 245, relative residual: 0.0007732598337069801
Iteration: 246, relative residual: 0.000773104625777892
Iteration: 247, relative residual: 0.0007730904535568097
Iteration: 248, relative residual: 0.0007729235073404675
Iteration: 249, relative residual: 0.0007724552546455638
Iteration: 250, relative residual: 0.0007722158989526028
Iteration: 251, relative residual: 0.0007721856372414327
Iteration: 252, relative residual: 0.0007719880483892928
Iteration: 253, relative residual: 0.000771534819422248
Iteration: 254, relative residual: 0.000771345105451427
Iteration: 255, relative residual: 0.0007705052400979555
Iteration: 256, relative residual: 0.0007697732532101799
Iteration: 257, relative residual: 0.0007697042738328284
Iteration: 258, relative residual: 0.0007687484594810374
Iteration: 259, relative residual: 0.0007682528042840616
Iteration: 260, relative residual: 0.0007680192265649827
Iteration: 261, relative residual: 0.0007679278944427379
Iteration: 262, relative residual: 0.0007675301100049345
Iteration: 263, relative residual: 0.0007672598505776874
Iteration: 264, relative residual: 0.0007669556258652435
Iteration: 265, relative residual: 0.000766080544548859
Iteration: 266, relative residual: 0.0007659782886263254
Iteration: 267, relative residual: 0.0007653577075369083
Iteration: 268, relative residual: 0.0007638205049263751
Iteration: 269, relative residual: 0.0007620430617010134
Iteration: 270, relative residual: 0.0007603620076086857
Iteration: 271, relative residual: 0.0007596326963602652
Iteration: 272, relative residual: 0.0007593676263396987
Iteration: 273, relative residual: 0.0007589947159727611
Iteration: 274, relative residual: 0.0007569710881972503
Iteration: 275, relative residual: 0.0007561205333874118
Iteration: 276, relative residual: 0.0007552776439213606
Iteration: 277, relative residual: 0.0007552768418427577
Iteration: 278, relative residual: 0.0007534046725903487
Iteration: 279, relative residual: 0.0007497360790669498
Iteration: 280, relative residual: 0.0007455658209424119
Iteration: 281, relative residual: 0.0007445614710285087
Iteration: 282, relative residual: 0.00074423357271284
Iteration: 283, relative residual: 0.000743912896972876
Iteration: 284, relative residual: 0.000742501748164385
Iteration: 285, relative residual: 0.0007411936485943332
Iteration: 286, relative residual: 0.0007402224231585037
Iteration: 287, relative residual: 0.0007394432066439451
Iteration: 288, relative residual: 0.0007393990716733428
Iteration: 289, relative residual: 0.0007336288245550074
Iteration: 290, relative residual: 0.0007291150575650787
Iteration: 291, relative residual: 0.000726797466701107
Iteration: 292, relative residual: 0.0007260588936480842
Iteration: 293, relative residual: 0.0007244852895603159
Iteration: 294, relative residual: 0.0007244183563913045
Iteration: 295, relative residual: 0.0007217611941203112
Iteration: 296, relative residual: 0.0007144983147585886
Iteration: 297, relative residual: 0.0007054573304703051
Iteration: 298, relative residual: 0.0007016407476352015
Iteration: 299, relative residual: 0.000698267241462225
Iteration: 300, relative residual: 0.000698267241462225
Residual: 0.000698267241462225. Restart...
Iteration: 301, relative residual: 0.0006978417098435126
Iteration: 302, relative residual: 0.0006978416380114688
Iteration: 303, relative residual: 0.0006978416181044332
Iteration: 304, relative residual: 0.0006978414333000958
Iteration: 305, relative residual: 0.0006978414313175268
Iteration: 306, relative residual: 0.0006978410617505568
Iteration: 307, relative residual: 0.0006978405105872453
Iteration: 308, relative residual: 0.000697840379920301
Iteration: 309, relative residual: 0.0006978381986633365
Iteration: 310, relative residual: 0.0006978364566562341
Iteration: 311, relative residual: 0.0006978357403376955
Iteration: 312, relative residual: 0.0006978296844296583
Iteration: 313, relative residual: 0.0006977855013809949
Iteration: 314, relative residual: 0.0006977832443436939
Iteration: 315, relative residual: 0.0006977534800560773
Iteration: 316, relative residual: 0.0006975972269856064
Iteration: 317, relative residual: 0.0006973455827299891
Iteration: 318, relative residual: 0.0006973282246032164
Iteration: 319, relative residual: 0.0006968977833270037
Iteration: 320, relative residual: 0.0006960025578319379
Iteration: 321, relative residual: 0.0006950703728336176
Iteration: 322, relative residual: 0.0006948629911175339
Iteration: 323, relative residual: 0.0006947109339151119
Iteration: 324, relative residual: 0.0006936865490182785
Iteration: 325, relative residual: 0.0006936053053299762
Iteration: 326, relative residual: 0.0006928779630385093
Iteration: 327, relative residual: 0.0006911738088691277
Iteration: 328, relative residual: 0.0006897392057119612
Iteration: 329, relative residual: 0.0006894129420193922
Iteration: 330, relative residual: 0.0006893686715204199
Iteration: 331, relative residual: 0.0006892101754521011
Iteration: 332, relative residual: 0.0006890723352592382
Iteration: 333, relative residual: 0.0006890406577512927
Iteration: 334, relative residual: 0.0006884845576603225
Iteration: 335, relative residual: 0.00068838872068655
Iteration: 336, relative residual: 0.0006883766715482342
Iteration: 337, relative residual: 0.0006879247205118412
Iteration: 338, relative residual: 0.0006869748909696586
Iteration: 339, relative residual: 0.0006862950594552961
Iteration: 340, relative residual: 0.0006861043324942927
Iteration: 341, relative residual: 0.0006858785924180892
Iteration: 342, relative residual: 0.000684994121125789
Iteration: 343, relative residual: 0.0006842630074966288
Iteration: 344, relative residual: 0.000683782690208062
Iteration: 345, relative residual: 0.0006837199505776007
Iteration: 346, relative residual: 0.000683636085201043
Iteration: 347, relative residual: 0.0006834542758856099
Iteration: 348, relative residual: 0.0006829592297750639
Iteration: 349, relative residual: 0.0006824827387337901
Iteration: 350, relative residual: 0.0006824798657222449
Iteration: 351, relative residual: 0.0006820956455278472
Iteration: 352, relative residual: 0.0006813610206083808
Iteration: 353, relative residual: 0.0006798366120303893
Iteration: 354, relative residual: 0.0006790728922350411
Iteration: 355, relative residual: 0.0006789901043576807
Iteration: 356, relative residual: 0.0006789044640810242
Iteration: 357, relative residual: 0.0006782101127480103
Iteration: 358, relative residual: 0.0006767939326769076
Iteration: 359, relative residual: 0.0006767138604177395
Iteration: 360, relative residual: 0.0006766103662409513
Iteration: 361, relative residual: 0.0006765182693064988
Iteration: 362, relative residual: 0.00067537528089442
Iteration: 363, relative residual: 0.0006741568073790893
Iteration: 364, relative residual: 0.0006739909171793311
Iteration: 365, relative residual: 0.000673955389576934
Iteration: 366, relative residual: 0.0006735618919376724
Iteration: 367, relative residual: 0.0006714055880350858
Iteration: 368, relative residual: 0.0006661176836174127
Iteration: 369, relative residual: 0.0006644146082170535
Iteration: 370, relative residual: 0.0006643224945077791
Iteration: 371, relative residual: 0.0006638148605072239
Iteration: 372, relative residual: 0.0006604388179508269
Iteration: 373, relative residual: 0.0006547468922197743
Iteration: 374, relative residual: 0.0006534936713247624
Iteration: 375, relative residual: 0.0006527452780189886
Iteration: 376, relative residual: 0.0006488715776158046
Iteration: 377, relative residual: 0.0006448281759040583
Iteration: 378, relative residual: 0.0006429796844057566
Iteration: 379, relative residual: 0.0006424127046060501
Iteration: 380, relative residual: 0.0006422639159778909
Iteration: 381, relative residual: 0.0006406970157289674
Iteration: 382, relative residual: 0.0006368308252289115
Iteration: 383, relative residual: 0.0006315024554838886
Iteration: 384, relative residual: 0.0006286896806446361
Iteration: 385, relative residual: 0.0006286738884849571
Iteration: 386, relative residual: 0.000626545585133838
Iteration: 387, relative residual: 0.0006180976366242889
Iteration: 388, relative residual: 0.0006116883919685368
Iteration: 389, relative residual: 0.0006083455542556471
Iteration: 390, relative residual: 0.000606206351602723
Iteration: 391, relative residual: 0.0006060929608104715
Iteration: 392, relative residual: 0.0006029089519866211
Iteration: 393, relative residual: 0.0005974924831315551
Iteration: 394, relative residual: 0.0005959461206281313
Iteration: 395, relative residual: 0.0005942733697938301
Iteration: 396, relative residual: 0.0005937902652700449
Iteration: 397, relative residual: 0.0005926865814103627
Iteration: 398, relative residual: 0.0005901659777648545
Iteration: 399, relative residual: 0.0005786666956385448
Iteration: 400, relative residual: 0.0005786666956385448
Residual: 0.0005786666956385448. Restart...
Iteration: 401, relative residual: 0.0005704397841316222
Iteration: 402, relative residual: 0.0005704250549969308
Iteration: 403, relative residual: 0.0005704237895888553
Iteration: 404, relative residual: 0.0005703823700976466
Iteration: 405, relative residual: 0.0005703401417397805
Iteration: 406, relative residual: 0.0005703226116309814
Iteration: 407, relative residual: 0.0005702018724893258
Iteration: 408, relative residual: 0.0005700217319153617
Iteration: 409, relative residual: 0.000569965556905477
Iteration: 410, relative residual: 0.000569955005342399
Iteration: 411, relative residual: 0.0005698253636055207
Iteration: 412, relative residual: 0.000569724636704411
Iteration: 413, relative residual: 0.0005695264440848312
Iteration: 414, relative residual: 0.0005695262213312114
Iteration: 415, relative residual: 0.0005693299035862744
Iteration: 416, relative residual: 0.0005689470692941996
Iteration: 417, relative residual: 0.0005685547746793927
Iteration: 418, relative residual: 0.0005684075921206216
Iteration: 419, relative residual: 0.0005683243440299789
Iteration: 420, relative residual: 0.0005682381244360935
Iteration: 421, relative residual: 0.0005674539877426891
Iteration: 422, relative residual: 0.0005666060836823344
Iteration: 423, relative residual: 0.0005665936231097216
Iteration: 424, relative residual: 0.0005657746847400616
Iteration: 425, relative residual: 0.0005652114580754701
Iteration: 426, relative residual: 0.0005650003232322329
Iteration: 427, relative residual: 0.0005633223698937068
Iteration: 428, relative residual: 0.0005617213742627305
Iteration: 429, relative residual: 0.0005614006718492433
Iteration: 430, relative residual: 0.0005612583786069495
Iteration: 431, relative residual: 0.0005601150671200856
Iteration: 432, relative residual: 0.000559116455643621
Iteration: 433, relative residual: 0.00055909275275411
Iteration: 434, relative residual: 0.0005585126413914021
Iteration: 435, relative residual: 0.0005577291590223354
Iteration: 436, relative residual: 0.0005576430087470678
Iteration: 437, relative residual: 0.0005572150358576412
Iteration: 438, relative residual: 0.0005563268537486835
Iteration: 439, relative residual: 0.0005558415016879592
Iteration: 440, relative residual: 0.000555627686538272
Iteration: 441, relative residual: 0.0005555005124508013
Iteration: 442, relative residual: 0.0005547834232370966
Iteration: 443, relative residual: 0.0005535701627500886
Iteration: 444, relative residual: 0.0005530593007175733
Iteration: 445, relative residual: 0.000553031918964402
Iteration: 446, relative residual: 0.0005517194945705352
Iteration: 447, relative residual: 0.0005481696115302273
Iteration: 448, relative residual: 0.000545779851679231
Iteration: 449, relative residual: 0.0005448306490480828
Iteration: 450, relative residual: 0.0005448113896063951
Iteration: 451, relative residual: 0.0005444945567278167
Iteration: 452, relative residual: 0.0005439618630285615
Iteration: 453, relative residual: 0.0005399653536217286
Iteration: 454, relative residual: 0.000538652038693087
Iteration: 455, relative residual: 0.0005386069177461984
Iteration: 456, relative residual: 0.0005382471232384476
Iteration: 457, relative residual: 0.0005370421448194652
Iteration: 458, relative residual: 0.000536243880462147
Iteration: 459, relative residual: 0.0005358854622118141
Iteration: 460, relative residual: 0.0005357168973864318
Iteration: 461, relative residual: 0.0005355998830317488
Iteration: 462, relative residual: 0.0005327844129748178
Iteration: 463, relative residual: 0.0005313979458526609
Iteration: 464, relative residual: 0.0005309489766902759
Iteration: 465, relative residual: 0.0005291090020803118
Iteration: 466, relative residual: 0.000529020648075021
Iteration: 467, relative residual: 0.0005288521446352811
Iteration: 468, relative residual: 0.0005211793652064106
Iteration: 469, relative residual: 0.000519311788531144
Iteration: 470, relative residual: 0.0005193061959731583
Iteration: 471, relative residual: 0.0005192940254416312
Iteration: 472, relative residual: 0.0005187844110284368
Iteration: 473, relative residual: 0.0005170690221508547
Iteration: 474, relative residual: 0.000514970932857128
Iteration: 475, relative residual: 0.000514188564088404
Iteration: 476, relative residual: 0.0005138550265972193
Iteration: 477, relative residual: 0.0005130964909811616
Iteration: 478, relative residual: 0.0005107924758334233
Iteration: 479, relative residual: 0.0005070644758068507
Iteration: 480, relative residual: 0.0005068586641869402
Iteration: 481, relative residual: 0.0005068482633889712
Iteration: 482, relative residual: 0.0005059694797457493
Iteration: 483, relative residual: 0.0005021198300886697
Iteration: 484, relative residual: 0.0004985678757053432
Iteration: 485, relative residual: 0.0004985512141823156
Iteration: 486, relative residual: 0.0004980364177926317
Iteration: 487, relative residual: 0.0004942042166258214
Iteration: 488, relative residual: 0.0004927125864085667
Iteration: 489, relative residual: 0.0004895878664177859
Iteration: 490, relative residual: 0.0004885431913075078
Iteration: 491, relative residual: 0.0004884807208630285
Iteration: 492, relative residual: 0.00048827082422695385
Iteration: 493, relative residual: 0.0004850214203430036
Iteration: 494, relative residual: 0.0004834293906948271
Iteration: 495, relative residual: 0.0004804589264432994
Iteration: 496, relative residual: 0.00047946268078774264
Iteration: 497, relative residual: 0.00047890624794196137
Iteration: 498, relative residual: 0.0004776088404959459
Iteration: 499, relative residual: 0.0004760877943511712
Iteration: 500, relative residual: 0.0004760877943511712
Residual: 0.0004760877943511712. Restart...
Iteration: 501, relative residual: 0.00046647871123417923
Iteration: 502, relative residual: 0.0004664701514770362
Iteration: 503, relative residual: 0.00046645714566937206
Iteration: 504, relative residual: 0.00046645567981976993
Iteration: 505, relative residual: 0.000466444028844598
Iteration: 506, relative residual: 0.0004664356501212393
Iteration: 507, relative residual: 0.00046643284230582255
Iteration: 508, relative residual: 0.00046639838149747925
Iteration: 509, relative residual: 0.00046636002476587715
Iteration: 510, relative residual: 0.0004663379083586299
Iteration: 511, relative residual: 0.00046633782310683946
Iteration: 512, relative residual: 0.0004663211709172836
Iteration: 513, relative residual: 0.00046621653055817333
Iteration: 514, relative residual: 0.00046618474568470796
Iteration: 515, relative residual: 0.00046617100541068414
Iteration: 516, relative residual: 0.000466091246973742
Iteration: 517, relative residual: 0.00046608562930706277
Iteration: 518, relative residual: 0.0004660065316785466
Iteration: 519, relative residual: 0.0004659073489419659
Iteration: 520, relative residual: 0.00046585625483273603
Iteration: 521, relative residual: 0.000465737487582623
Iteration: 522, relative residual: 0.00046572366183301393
Iteration: 523, relative residual: 0.0004655705611881855
Iteration: 524, relative residual: 0.000465230443435633
Iteration: 525, relative residual: 0.00046521726205705474
Iteration: 526, relative residual: 0.00046469472816893154
Iteration: 527, relative residual: 0.00046308869560080895
Iteration: 528, relative residual: 0.00046180483398060957
Iteration: 529, relative residual: 0.0004608274129433335
Iteration: 530, relative residual: 0.00046065144902643335
Iteration: 531, relative residual: 0.0004604949847980803
Iteration: 532, relative residual: 0.00045940102807999294
Iteration: 533, relative residual: 0.00045914282468296737
Iteration: 534, relative residual: 0.0004590721794716105
Iteration: 535, relative residual: 0.00045871406837696754
Iteration: 536, relative residual: 0.0004582660151878863
Iteration: 537, relative residual: 0.0004580501011853209
Iteration: 538, relative residual: 0.0004575006345767558
Iteration: 539, relative residual: 0.00045690385727023227
Iteration: 540, relative residual: 0.0004567078982372478
Iteration: 541, relative residual: 0.0004567078905953204
Iteration: 542, relative residual: 0.0004561980446015493
Iteration: 543, relative residual: 0.00045564985376414285
Iteration: 544, relative residual: 0.0004551665604811375
Iteration: 545, relative residual: 0.000454936985442714
Iteration: 546, relative residual: 0.00045492785915941575
Iteration: 547, relative residual: 0.0004545689230898012
Iteration: 548, relative residual: 0.00045403403037077694
Iteration: 549, relative residual: 0.00045314676018661085
Iteration: 550, relative residual: 0.0004531395785792339
Iteration: 551, relative residual: 0.00045274249480688775
Iteration: 552, relative residual: 0.00045179233412417815
Iteration: 553, relative residual: 0.00044959094660329687
Iteration: 554, relative residual: 0.0004492058532587653
Iteration: 555, relative residual: 0.00044914157596322103
Iteration: 556, relative residual: 0.0004488852793781348
Iteration: 557, relative residual: 0.0004484900923211924
Iteration: 558, relative residual: 0.0004460757749860251
Iteration: 559, relative residual: 0.00044591600450810616
Iteration: 560, relative residual: 0.0004456562432762937
Iteration: 561, relative residual: 0.0004448550043693614
Iteration: 562, relative residual: 0.0004434537507883726
Iteration: 563, relative residual: 0.00044337951276129673
Iteration: 564, relative residual: 0.0004431654555469063
Iteration: 565, relative residual: 0.0004431184450594596
Iteration: 566, relative residual: 0.000442754339288092
Iteration: 567, relative residual: 0.00044174140266793486
Iteration: 568, relative residual: 0.0004408290925727823
Iteration: 569, relative residual: 0.000440623490415075
Iteration: 570, relative residual: 0.0004403271872107458
Iteration: 571, relative residual: 0.0004399292546409035
Iteration: 572, relative residual: 0.0004398181061207082
Iteration: 573, relative residual: 0.00043819045538515133
Iteration: 574, relative residual: 0.000438188866902519
Iteration: 575, relative residual: 0.0004378414127020719
Iteration: 576, relative residual: 0.000436766689493332
Iteration: 577, relative residual: 0.00043394291817294136
Iteration: 578, relative residual: 0.0004333257833961506
Iteration: 579, relative residual: 0.00043332234430953795
Iteration: 580, relative residual: 0.00043331863363650554
Iteration: 581, relative residual: 0.00043296816213725294
Iteration: 582, relative residual: 0.00043225594615451404
Iteration: 583, relative residual: 0.00043076887277864953
Iteration: 584, relative residual: 0.00042937681495974555
Iteration: 585, relative residual: 0.00042936612502326017
Iteration: 586, relative residual: 0.00042911106798365335
Iteration: 587, relative residual: 0.0004284235465826431
Iteration: 588, relative residual: 0.0004246330226434427
Iteration: 589, relative residual: 0.00042124001380816183
Iteration: 590, relative residual: 0.00042004200688017723
Iteration: 591, relative residual: 0.0004197119578819746
Iteration: 592, relative residual: 0.0004190756600031216
Iteration: 593, relative residual: 0.00041817784293576767
Iteration: 594, relative residual: 0.0004159116733502142
Iteration: 595, relative residual: 0.00041132719543476404
Iteration: 596, relative residual: 0.0004075009473168716
Iteration: 597, relative residual: 0.0004069607866270403
Iteration: 598, relative residual: 0.0004063394111879877
Iteration: 599, relative residual: 0.0004048628413256928
Iteration: 600, relative residual: 0.0004048628413256928
Residual: 0.0004048628413256928. Restart...
Iteration: 601, relative residual: 0.0004005944963084069
Iteration: 602, relative residual: 0.00040059429898937297
Iteration: 603, relative residual: 0.0004005877633916345
Iteration: 604, relative residual: 0.0004005734453151404
Iteration: 605, relative residual: 0.00040053192240865876
Iteration: 606, relative residual: 0.0004005005814332736
Iteration: 607, relative residual: 0.00040050057731954653
Iteration: 608, relative residual: 0.0004004692799757919
Iteration: 609, relative residual: 0.00040044382620311536
Iteration: 610, relative residual: 0.0004004393947106047
Iteration: 611, relative residual: 0.0004004367175287525
Iteration: 612, relative residual: 0.00040043220755078953
Iteration: 613, relative residual: 0.00040042830164427947
Iteration: 614, relative residual: 0.0004004281483532357
Iteration: 615, relative residual: 0.0004004133437807572
Iteration: 616, relative residual: 0.0004003514658847932
Iteration: 617, relative residual: 0.0004003513453560677
Iteration: 618, relative residual: 0.00040019733159151627
Iteration: 619, relative residual: 0.00040015450013341337
Iteration: 620, relative residual: 0.00040006378572024726
Iteration: 621, relative residual: 0.0003994172099658931
Iteration: 622, relative residual: 0.0003988556068535245
Iteration: 623, relative residual: 0.00039861328303253483
Iteration: 624, relative residual: 0.000397765124470901
Iteration: 625, relative residual: 0.00039763166766759343
Iteration: 626, relative residual: 0.00039712087658402845
Iteration: 627, relative residual: 0.0003962283718068669
Iteration: 628, relative residual: 0.00039553772792245946
Iteration: 629, relative residual: 0.0003953470018694281
Iteration: 630, relative residual: 0.0003953362147879793
Iteration: 631, relative residual: 0.0003950726059795874
Iteration: 632, relative residual: 0.00039503304120832493
Iteration: 633, relative residual: 0.00039482967552904966
Iteration: 634, relative residual: 0.00039389987286028163
Iteration: 635, relative residual: 0.0003929456680254052
Iteration: 636, relative residual: 0.00039273023270344385
Iteration: 637, relative residual: 0.00039265751948315493
Iteration: 638, relative residual: 0.0003923600966428961
Iteration: 639, relative residual: 0.0003917273269620416
Iteration: 640, relative residual: 0.00039151753564405594
Iteration: 641, relative residual: 0.0003914951893669386
Iteration: 642, relative residual: 0.0003912846715868814
Iteration: 643, relative residual: 0.00039110388926916006
Iteration: 644, relative residual: 0.00039109536799333675
Iteration: 645, relative residual: 0.00039101150080674295
Iteration: 646, relative residual: 0.0003907923429551607
Iteration: 647, relative residual: 0.0003906873144255462
Iteration: 648, relative residual: 0.0003905708032820208
Iteration: 649, relative residual: 0.0003905699633086738
Iteration: 650, relative residual: 0.00039018674560027623
Iteration: 651, relative residual: 0.0003898336487462275
Iteration: 652, relative residual: 0.0003884870433390748
Iteration: 653, relative residual: 0.0003864559895305148
Iteration: 654, relative residual: 0.00038627311173010246
Iteration: 655, relative residual: 0.0003862230618031257
Iteration: 656, relative residual: 0.0003862209741926944
Iteration: 657, relative residual: 0.000385878515685475
Iteration: 658, relative residual: 0.00038478411294359485
Iteration: 659, relative residual: 0.0003843637351337654
Iteration: 660, relative residual: 0.000383918977684031
Iteration: 661, relative residual: 0.0003834194480303061
Iteration: 662, relative residual: 0.00038177101923154766
Iteration: 663, relative residual: 0.00037990970916668224
Iteration: 664, relative residual: 0.0003791547629909889
Iteration: 665, relative residual: 0.00037914790799515653
Iteration: 666, relative residual: 0.0003788518813142721
Iteration: 667, relative residual: 0.0003784829567519276
Iteration: 668, relative residual: 0.00037713263641696385
Iteration: 669, relative residual: 0.00037634706742079873
Iteration: 670, relative residual: 0.0003762010141262386
Iteration: 671, relative residual: 0.0003754966759198914
Iteration: 672, relative residual: 0.0003741647204436566
Iteration: 673, relative residual: 0.00037352926074766786
Iteration: 674, relative residual: 0.0003733037500587865
Iteration: 675, relative residual: 0.0003733033558575666
Iteration: 676, relative residual: 0.0003715285958346756
Iteration: 677, relative residual: 0.0003701791792791614
Iteration: 678, relative residual: 0.0003685460734553287
Iteration: 679, relative residual: 0.00036828482720716016
Iteration: 680, relative residual: 0.0003681791661642395
Iteration: 681, relative residual: 0.0003678884450063881
Iteration: 682, relative residual: 0.00036757979331185705
Iteration: 683, relative residual: 0.000366182710017299
Iteration: 684, relative residual: 0.00036493544807027483
Iteration: 685, relative residual: 0.0003648946314169774
Iteration: 686, relative residual: 0.000363832711287987
Iteration: 687, relative residual: 0.0003625072142573895
Iteration: 688, relative residual: 0.00036131730967109096
Iteration: 689, relative residual: 0.00036109998885414763
Iteration: 690, relative residual: 0.0003610808693019194
Iteration: 691, relative residual: 0.0003610712651248454
Iteration: 692, relative residual: 0.0003605315251164976
Iteration: 693, relative residual: 0.0003582811972270329
Iteration: 694, relative residual: 0.0003561590577881632
Iteration: 695, relative residual: 0.00035601593842545865
Iteration: 696, relative residual: 0.00035601484567814013
Iteration: 697, relative residual: 0.00035552095627222114
Iteration: 698, relative residual: 0.0003531335654872425
Iteration: 699, relative residual: 0.0003522237735813689
Iteration: 700, relative residual: 0.0003522237735813689
Residual: 0.0003522237735813689. Restart...
Iteration: 701, relative residual: 0.00035155919847699963
Iteration: 702, relative residual: 0.0003515587902781139
Iteration: 703, relative residual: 0.0003515585229595066
Iteration: 704, relative residual: 0.0003515584149343186
Iteration: 705, relative residual: 0.00035155742916173936
Iteration: 706, relative residual: 0.0003515570338577546
Iteration: 707, relative residual: 0.0003515569589369983
Iteration: 708, relative residual: 0.00035155619994922454
Iteration: 709, relative residual: 0.0003515561942857685
Iteration: 710, relative residual: 0.0003515555387194721
Iteration: 711, relative residual: 0.00035155456763162607
Iteration: 712, relative residual: 0.0003515545553488772
Iteration: 713, relative residual: 0.0003515511499314243
Iteration: 714, relative residual: 0.0003515396651056527
Iteration: 715, relative residual: 0.0003515264686209833
Iteration: 716, relative residual: 0.0003515245265776232
Iteration: 717, relative residual: 0.00035152216592943843
Iteration: 718, relative residual: 0.00035150617785859224
Iteration: 719, relative residual: 0.0003515058336707352
Iteration: 720, relative residual: 0.00035146588242955485
Iteration: 721, relative residual: 0.00035134518714267834
Iteration: 722, relative residual: 0.0003511958761523788
Iteration: 723, relative residual: 0.0003511951305181974
Iteration: 724, relative residual: 0.0003510664550480271
Iteration: 725, relative residual: 0.000350733071888991
Iteration: 726, relative residual: 0.00035039675980321025
Iteration: 727, relative residual: 0.00035039321647932975
Iteration: 728, relative residual: 0.0003498750933653188
Iteration: 729, relative residual: 0.00034953153995620663
Iteration: 730, relative residual: 0.0003492779848975461
Iteration: 731, relative residual: 0.0003492664526212505
Iteration: 732, relative residual: 0.00034913993158099333
Iteration: 733, relative residual: 0.00034907093062443097
Iteration: 734, relative residual: 0.00034892761054688894
Iteration: 735, relative residual: 0.0003486301710707891
Iteration: 736, relative residual: 0.0003483675008728281
Iteration: 737, relative residual: 0.0003483361675583814
Iteration: 738, relative residual: 0.0003479994577271711
Iteration: 739, relative residual: 0.0003476475721290366
Iteration: 740, relative residual: 0.0003476007330628931
Iteration: 741, relative residual: 0.0003473666113985386
Iteration: 742, relative residual: 0.00034658411051591
Iteration: 743, relative residual: 0.00034501157224596475
Iteration: 744, relative residual: 0.000344063554813055
Iteration: 745, relative residual: 0.0003439999539910077
Iteration: 746, relative residual: 0.00034382845804287654
Iteration: 747, relative residual: 0.0003434244420467828
Iteration: 748, relative residual: 0.00034338968803400606
Iteration: 749, relative residual: 0.00034319785832955283
Iteration: 750, relative residual: 0.0003429743628225207
Iteration: 751, relative residual: 0.0003421628630049124
Iteration: 752, relative residual: 0.000341488518669449
Iteration: 753, relative residual: 0.0003404876103626562
Iteration: 754, relative residual: 0.0003404249645062525
Iteration: 755, relative residual: 0.00033997190674502715
Iteration: 756, relative residual: 0.00033938646164586965
Iteration: 757, relative residual: 0.00033911307506475453
Iteration: 758, relative residual: 0.00033886708536346686
Iteration: 759, relative residual: 0.00033842442601279507
Iteration: 760, relative residual: 0.0003384239761146191
Iteration: 761, relative residual: 0.00033839348782362154
Iteration: 762, relative residual: 0.0003373995797603895
Iteration: 763, relative residual: 0.0003363470998068076
Iteration: 764, relative residual: 0.0003361404315253487
Iteration: 765, relative residual: 0.0003360994829223012
Iteration: 766, relative residual: 0.00033573401296317006
Iteration: 767, relative residual: 0.00033423937650660395
Iteration: 768, relative residual: 0.00033313579053440283
Iteration: 769, relative residual: 0.00033297369185021007
Iteration: 770, relative residual: 0.00033296915183095164
Iteration: 771, relative residual: 0.00033235851693534625
Iteration: 772, relative residual: 0.0003319397813588799
Iteration: 773, relative residual: 0.0003314699507671171
Iteration: 774, relative residual: 0.00033145266251287256
Iteration: 775, relative residual: 0.00033047302553988506
Iteration: 776, relative residual: 0.00033012297538816116
Iteration: 777, relative residual: 0.00032806524466262723
Iteration: 778, relative residual: 0.0003269822495925295
Iteration: 779, relative residual: 0.00032697870586880607
Iteration: 780, relative residual: 0.0003267712242797683
Iteration: 781, relative residual: 0.0003263062125278637
Iteration: 782, relative residual: 0.00032614994035996267
Iteration: 783, relative residual: 0.00032609252660055976
Iteration: 784, relative residual: 0.000325277903351238
Iteration: 785, relative residual: 0.00032413756617991437
Iteration: 786, relative residual: 0.0003240885949748533
Iteration: 787, relative residual: 0.0003238214000268466
Iteration: 788, relative residual: 0.0003232860975759593
Iteration: 789, relative residual: 0.00032259775980568407
Iteration: 790, relative residual: 0.0003218071865678679
Iteration: 791, relative residual: 0.00032150757883292393
Iteration: 792, relative residual: 0.0003212474537081815
Iteration: 793, relative residual: 0.00032065677550035214
Iteration: 794, relative residual: 0.0003196598205873411
Iteration: 795, relative residual: 0.00031923508290611835
Iteration: 796, relative residual: 0.0003187868534563018
Iteration: 797, relative residual: 0.00031877616348527106
Iteration: 798, relative residual: 0.000317239769336622
Iteration: 799, relative residual: 0.00031563455311310373
Iteration: 800, relative residual: 0.00031563455311310373
Residual: 0.00031563455311310373. Restart...
Iteration: 801, relative residual: 0.00031519676774351395
Iteration: 802, relative residual: 0.0003151967617697324
Iteration: 803, relative residual: 0.0003151966290391964
Iteration: 804, relative residual: 0.000315196256129057
Iteration: 805, relative residual: 0.00031519494579035866
Iteration: 806, relative residual: 0.0003151936644223903
Iteration: 807, relative residual: 0.00031519357247742263
Iteration: 808, relative residual: 0.00031519190627627607
Iteration: 809, relative residual: 0.00031518852032331107
Iteration: 810, relative residual: 0.00031518732645650655
Iteration: 811, relative residual: 0.00031518721262118295
Iteration: 812, relative residual: 0.00031518590419699625
Iteration: 813, relative residual: 0.0003151824642569802
Iteration: 814, relative residual: 0.000315180595260949
Iteration: 815, relative residual: 0.00031516555309847426
Iteration: 816, relative residual: 0.000315150593783125
Iteration: 817, relative residual: 0.0003151492534621118
Iteration: 818, relative residual: 0.00031510294118208907
Iteration: 819, relative residual: 0.00031507765580737166
Iteration: 820, relative residual: 0.00031503884230205256
Iteration: 821, relative residual: 0.00031481104957394447
Iteration: 822, relative residual: 0.0003145110598995546
Iteration: 823, relative residual: 0.0003143942312834301
Iteration: 824, relative residual: 0.00031429211922302406
Iteration: 825, relative residual: 0.00031402620946831023
Iteration: 826, relative residual: 0.00031367144353667664
Iteration: 827, relative residual: 0.00031365724148546
Iteration: 828, relative residual: 0.0003135435704876457
Iteration: 829, relative residual: 0.00031338665671236637
Iteration: 830, relative residual: 0.00031335357568529614
Iteration: 831, relative residual: 0.00031334339881548
Iteration: 832, relative residual: 0.0003132191795851771
Iteration: 833, relative residual: 0.0003132049872966029
Iteration: 834, relative residual: 0.00031306308404399733
Iteration: 835, relative residual: 0.0003129518584299945
Iteration: 836, relative residual: 0.0003127947102684661
Iteration: 837, relative residual: 0.00031277399003416524
Iteration: 838, relative residual: 0.00031276333594184864
Iteration: 839, relative residual: 0.0003126993964057777
Iteration: 840, relative residual: 0.00031258204063358357
Iteration: 841, relative residual: 0.0003125277724572033
Iteration: 842, relative residual: 0.0003125088168080092
Iteration: 843, relative residual: 0.00031243289270928694
Iteration: 844, relative residual: 0.0003123465424869989
Iteration: 845, relative residual: 0.00031234444742720465
Iteration: 846, relative residual: 0.000312214201018686
Iteration: 847, relative residual: 0.00031166670845709203
Iteration: 848, relative residual: 0.00031138576794175165
Iteration: 849, relative residual: 0.00031134590960527774
Iteration: 850, relative residual: 0.0003112291389523383
Iteration: 851, relative residual: 0.00031089174596474575
Iteration: 852, relative residual: 0.0003099412202726336
Iteration: 853, relative residual: 0.0003082745733055786
Iteration: 854, relative residual: 0.00030780111102176195
Iteration: 855, relative residual: 0.000307711069057635
Iteration: 856, relative residual: 0.00030715052365797236
Iteration: 857, relative residual: 0.0003058737520735089
Iteration: 858, relative residual: 0.00030542419180837777
Iteration: 859, relative residual: 0.00030510537076576744
Iteration: 860, relative residual: 0.000305104799972067
Iteration: 861, relative residual: 0.00030487586076703303
Iteration: 862, relative residual: 0.000304451963367899
Iteration: 863, relative residual: 0.00030416668139663077
Iteration: 864, relative residual: 0.0003041664440230941
Iteration: 865, relative residual: 0.0003039952040279899
Iteration: 866, relative residual: 0.00030390147164209027
Iteration: 867, relative residual: 0.00030374530525291156
Iteration: 868, relative residual: 0.0003032350489682433
Iteration: 869, relative residual: 0.00030274346391922564
Iteration: 870, relative residual: 0.00030262744867069676
Iteration: 871, relative residual: 0.00030262733652575667
Iteration: 872, relative residual: 0.00030195762427152444
Iteration: 873, relative residual: 0.00030162264599207546
Iteration: 874, relative residual: 0.0003014211207000695
Iteration: 875, relative residual: 0.00030128387336724453
Iteration: 876, relative residual: 0.00030125866955722113
Iteration: 877, relative residual: 0.0003007255971494535
Iteration: 878, relative residual: 0.000300462288826653
Iteration: 879, relative residual: 0.00029980916184663966
Iteration: 880, relative residual: 0.00029971366780688315
Iteration: 881, relative residual: 0.0002996732924865929
Iteration: 882, relative residual: 0.000299373421071873
Iteration: 883, relative residual: 0.0002986951999988791
Iteration: 884, relative residual: 0.00029825399113737286
Iteration: 885, relative residual: 0.00029825228946782687
Iteration: 886, relative residual: 0.00029818517430506226
Iteration: 887, relative residual: 0.00029786350007133947
Iteration: 888, relative residual: 0.0002970474317864303
Iteration: 889, relative residual: 0.00029656694490865025
Iteration: 890, relative residual: 0.0002961811413016113
Iteration: 891, relative residual: 0.00029603099665288514
Iteration: 892, relative residual: 0.00029589449037256314
Iteration: 893, relative residual: 0.00029556924697556454
Iteration: 894, relative residual: 0.00029490744615540956
Iteration: 895, relative residual: 0.0002935497012760284
Iteration: 896, relative residual: 0.0002929589082555245
Iteration: 897, relative residual: 0.00029279551066259846
Iteration: 898, relative residual: 0.0002921649742013107
Iteration: 899, relative residual: 0.0002917695197726891
Iteration: 900, relative residual: 0.0002917695197726891
Residual: 0.0002917695197726891. Restart...
Iteration: 901, relative residual: 0.0002914624204296334
Iteration: 902, relative residual: 0.0002914621367141484
Iteration: 903, relative residual: 0.0002914616125929074
Iteration: 904, relative residual: 0.00029146068581261883
Iteration: 905, relative residual: 0.0002914606713163998
Iteration: 906, relative residual: 0.0002914598510366285
Iteration: 907, relative residual: 0.00029145972849023633
Iteration: 908, relative residual: 0.0002914588042764854
Iteration: 909, relative residual: 0.00029145657767068835
Iteration: 910, relative residual: 0.00029145471806288044
Iteration: 911, relative residual: 0.0002914544429536265
Iteration: 912, relative residual: 0.0002914539187442388
Iteration: 913, relative residual: 0.00029144663373472876
Iteration: 914, relative residual: 0.0002914380528126455
Iteration: 915, relative residual: 0.0002914373752036365
Iteration: 916, relative residual: 0.0002914363809682416
Iteration: 917, relative residual: 0.0002914276469579453
Iteration: 918, relative residual: 0.00029142034088690765
Iteration: 919, relative residual: 0.0002914173735669536
Iteration: 920, relative residual: 0.00029141397195446
Iteration: 921, relative residual: 0.00029141001254878274
Iteration: 922, relative residual: 0.000291386997901297
Iteration: 923, relative residual: 0.000291326350506507
Iteration: 924, relative residual: 0.00029123046254110157
Iteration: 925, relative residual: 0.0002912255774939258
Iteration: 926, relative residual: 0.00029107289709176016
Iteration: 927, relative residual: 0.0002909573955701577
Iteration: 928, relative residual: 0.0002909104911551061
Iteration: 929, relative residual: 0.0002909088253677435
Iteration: 930, relative residual: 0.00029085010115806857
Iteration: 931, relative residual: 0.0002908438087491854
Iteration: 932, relative residual: 0.0002908227079803315
Iteration: 933, relative residual: 0.0002907615063983239
Iteration: 934, relative residual: 0.00029075663084664975
Iteration: 935, relative residual: 0.00029071808515896205
Iteration: 936, relative residual: 0.0002905683015475839
Iteration: 937, relative residual: 0.00029053616062520073
Iteration: 938, relative residual: 0.0002905184394489899
Iteration: 939, relative residual: 0.00029042462314576845
Iteration: 940, relative residual: 0.00029033168862311655
Iteration: 941, relative residual: 0.0002902548386496661
Iteration: 942, relative residual: 0.00029025032105222293
Iteration: 943, relative residual: 0.0002902467170994182
Iteration: 944, relative residual: 0.0002901444869976135
Iteration: 945, relative residual: 0.000290078144392643
Iteration: 946, relative residual: 0.00028998234442630664
Iteration: 947, relative residual: 0.000289974478058944
Iteration: 948, relative residual: 0.00028985973562376064
Iteration: 949, relative residual: 0.0002896171471300858
Iteration: 950, relative residual: 0.0002895136903445512
Iteration: 951, relative residual: 0.0002894702049090645
Iteration: 952, relative residual: 0.0002894494934466376
Iteration: 953, relative residual: 0.00028925269129914205
Iteration: 954, relative residual: 0.0002891080154646204
Iteration: 955, relative residual: 0.000289033205065058
Iteration: 956, relative residual: 0.0002890229717845114
Iteration: 957, relative residual: 0.000289008047962722
Iteration: 958, relative residual: 0.0002888799793784497
Iteration: 959, relative residual: 0.0002885221714822242
Iteration: 960, relative residual: 0.00028842913620338113
Iteration: 961, relative residual: 0.0002883567337394398
Iteration: 962, relative residual: 0.0002883310248974895
Iteration: 963, relative residual: 0.0002880537678564467
Iteration: 964, relative residual: 0.0002874072666244694
Iteration: 965, relative residual: 0.0002867640819170858
Iteration: 966, relative residual: 0.00028622951896041364
Iteration: 967, relative residual: 0.0002860593133281352
Iteration: 968, relative residual: 0.00028599012530484107
Iteration: 969, relative residual: 0.00028544075663145826
Iteration: 970, relative residual: 0.0002845024748130107
Iteration: 971, relative residual: 0.00028378436904357915
Iteration: 972, relative residual: 0.0002837826442580295
Iteration: 973, relative residual: 0.00028349573520286287
Iteration: 974, relative residual: 0.00028312633695574865
Iteration: 975, relative residual: 0.00028265695063982483
Iteration: 976, relative residual: 0.0002819999316228956
Iteration: 977, relative residual: 0.00028194079891450253
Iteration: 978, relative residual: 0.00028188897130187085
Iteration: 979, relative residual: 0.00028114260758324556
Iteration: 980, relative residual: 0.0002802797421399408
Iteration: 981, relative residual: 0.0002800333459387312
Iteration: 982, relative residual: 0.0002800315512239404
Iteration: 983, relative residual: 0.00027995474261623224
Iteration: 984, relative residual: 0.00027931196440835653
Iteration: 985, relative residual: 0.0002783947583600046
Iteration: 986, relative residual: 0.00027796469151101464
Iteration: 987, relative residual: 0.0002774981261378457
Iteration: 988, relative residual: 0.0002773103774599785
Iteration: 989, relative residual: 0.000277278624560821
Iteration: 990, relative residual: 0.00027705544015762737
Iteration: 991, relative residual: 0.0002768159929150302
Iteration: 992, relative residual: 0.0002761828805553625
Iteration: 993, relative residual: 0.0002760042587277873
Iteration: 994, relative residual: 0.0002759881286036918
Iteration: 995, relative residual: 0.00027593255350583324
Iteration: 996, relative residual: 0.00027551649906200283
Iteration: 997, relative residual: 0.0002752981239361723
Iteration: 998, relative residual: 0.0002748863065742977
Iteration: 999, relative residual: 0.00027440926479158827
Iteration: 1000, relative residual: 0.00027440926479158827
Residual: 0.00027440926479158827. Restart...
Warning!!!!You have reached the maximum number of iterations : 1000.
The run will stop. Check the residual behaviour you might have a bug.For future runs you might consider changing the tolerance or increasing the number of max_iter.
Solve time        : 4609.230923652649s

Calculate Solvation Energy (E_solv)
Calculating solvation energy for region 1, stored in E_solv[0]
6175.368462048393 of 617154 analytical integrals for phi_reac calculation in region 1
Time E_solv: 5.18493914604187s
Region 1: E_solv = -8304.309015838338 kcal/mol = -34745.22892226761 kJ/mol

Calculate Surface Energy (E_surf)
Time E_surf: 0.0205078125s

Calculate Coulomb Energy (E_coul)
Calculate Coulomb energy for region 1
Region 1: E_coul = -288227.64697474625 kcal/mol = -1205944.4749423384 kJ/mol
Time E_coul: 33.46988558769226s

------------------------------
Totals:
E_solv = -8304.309015838338 kcal/mol
E_surf = 0 kcal/mol
E_coul = -288227.64697474625 kcal/mol

Time = 4727.856258869171 s
