Run started on:
	Date: 2020/5/25
	Time: 15:44:56
	PyGBe version: 0.3.2+5.gea0f875
Config file: /cobra/u/gvargas/code/hPB/pygbe/pygbe/myCrownFinShots/sarsCov2002/snap5/snap5.config
Parameter file: /cobra/u/gvargas/code/hPB/pygbe/pygbe/myCrownFinShots/sarsCov2002/snap5/snap5.param
Geometry folder: /cobra/u/gvargas/code/hPB/pygbe/pygbe/myCrownFinShots/sarsCov2002/snap5/geometry
Running in: /cobra/u/gvargas/code/hPB/pygbe/pygbe/myCrownFinShots/sarsCov2002/snap5

Reading surface 0 from file geometry/crownVF2002
Time load mesh: 10.53532862663269
Removed areas=0: 272

Total elements : 624540
Total equations: 1249080
----------------------------

1 surfaces:

Surface 0:
	624540 elements
	Surface type         : dielectric_interface
	Cells                : 4077
	Twigs                : 3462
	Levels               : 7
	C0 size              : 124.52898714652946
	C0 box center        : 101.21800679113159, 103.31501470575675, 108.6967835078618
	Twig cell size       : 1.9457654241645228
	Rbox/theta           : 3.8915308483290456
	Analytic distance    : 1.2972158326029029
	Elem. per Ang^2      : 4.159910575550526
	Max, min, avg elem.  : 1.3829640053530798, 5.000000000012221e-07, 0.2403897828663442
	Total area           : 150133.0349913466
------------------------------

2 regions:

Region 0:
	Laplace or Yukawa: 2
	kappa            : 0.125
	dielectric const : 80.0
	Number of charges: 0
	Parent surface   : []
	Child surfaces   : [0]
Region 1:
	Laplace or Yukawa: 1
	kappa            : 1e-12
	dielectric const : 4.0
	Number of charges: 60343
	Parent surface   : [0]
	Child surfaces   : []
------------------------------

Parameters:
	Data type               : <class 'numpy.float64'>
	Use GPU                 : 1
	P                       : 4
	threshold               : 0.50
	theta                   : 0.50
	NCRIT                   : 500
	CUDA block size         : 128
	Gauss points per element: 1
	Gauss points near singlr: 25
	1D Gauss points per side: 9
	GMRES tolerance         : 1e-05
	GMRES max iterations    : 1000
	GMRES restart iteration : 100
----------------------------

Generate interaction list
Transfer data to GPU
Generate RHS
List time          : 3.8416266441345215s
Data transfer time : 0.4934544563293457s
RHS generation time: 3.071099281311035s
------------------------------
Total setup time   : 84.05503416061401s
Solve
Iteration: 1, relative residual: 0.4118171048087647
Iteration: 2, relative residual: 0.2660126995637353
Iteration: 3, relative residual: 0.21902654932184043
Iteration: 4, relative residual: 0.1718256949565728
Iteration: 5, relative residual: 0.12970970853116143
Iteration: 6, relative residual: 0.1114486806569048
Iteration: 7, relative residual: 0.09742997914744542
Iteration: 8, relative residual: 0.08341722061083173
Iteration: 9, relative residual: 0.0649615242557132
Iteration: 10, relative residual: 0.054309902430854304
Iteration: 11, relative residual: 0.04786332478467173
Iteration: 12, relative residual: 0.03916823165941567
Iteration: 13, relative residual: 0.03228730685671241
Iteration: 14, relative residual: 0.025718190403164164
Iteration: 15, relative residual: 0.020528612087996206
Iteration: 16, relative residual: 0.017391087109930974
Iteration: 17, relative residual: 0.016771027153819926
Iteration: 18, relative residual: 0.015403633014824782
Iteration: 19, relative residual: 0.014071698151876196
Iteration: 20, relative residual: 0.013026257908110803
Iteration: 21, relative residual: 0.012888677982251512
Iteration: 22, relative residual: 0.010624434207238131
Iteration: 23, relative residual: 0.009765954760813803
Iteration: 24, relative residual: 0.00929557006580874
Iteration: 25, relative residual: 0.009100069503281185
Iteration: 26, relative residual: 0.008395271191526268
Iteration: 27, relative residual: 0.007493375188081992
Iteration: 28, relative residual: 0.006848043778508705
Iteration: 29, relative residual: 0.006502174032688641
Iteration: 30, relative residual: 0.006320029453784358
Iteration: 31, relative residual: 0.006319232275246219
Iteration: 32, relative residual: 0.006277456471257064
Iteration: 33, relative residual: 0.00619483761811831
Iteration: 34, relative residual: 0.006191728185256679
Iteration: 35, relative residual: 0.00608755759867067
Iteration: 36, relative residual: 0.005858296734350795
Iteration: 37, relative residual: 0.005821533156892528
Iteration: 38, relative residual: 0.0057360982449889625
Iteration: 39, relative residual: 0.005412069450798198
Iteration: 40, relative residual: 0.005199912437283615
Iteration: 41, relative residual: 0.005199885532990969
Iteration: 42, relative residual: 0.005077570295488509
Iteration: 43, relative residual: 0.004887941652239219
Iteration: 44, relative residual: 0.004690561241719327
Iteration: 45, relative residual: 0.004560243039330991
Iteration: 46, relative residual: 0.004549914496355207
Iteration: 47, relative residual: 0.004346571231355042
Iteration: 48, relative residual: 0.0040402186952464185
Iteration: 49, relative residual: 0.003674661294708277
Iteration: 50, relative residual: 0.003530732643282371
Iteration: 51, relative residual: 0.003524443621092675
Iteration: 52, relative residual: 0.0033556734023272774
Iteration: 53, relative residual: 0.003136097110960317
Iteration: 54, relative residual: 0.00286555290160884
Iteration: 55, relative residual: 0.0027702535867515712
Iteration: 56, relative residual: 0.0027155494334661495
Iteration: 57, relative residual: 0.0027033615112462017
Iteration: 58, relative residual: 0.002691297043202108
Iteration: 59, relative residual: 0.0026417481771438397
Iteration: 60, relative residual: 0.002457179338511668
Iteration: 61, relative residual: 0.0023310226429651654
Iteration: 62, relative residual: 0.0021594878750729094
Iteration: 63, relative residual: 0.0019775088383275075
Iteration: 64, relative residual: 0.0018835837062585892
Iteration: 65, relative residual: 0.001811971468516618
Iteration: 66, relative residual: 0.0017319297607612282
Iteration: 67, relative residual: 0.0016926258865682697
Iteration: 68, relative residual: 0.0016906224459688922
Iteration: 69, relative residual: 0.0016726598649537037
Iteration: 70, relative residual: 0.0016378246451642672
Iteration: 71, relative residual: 0.001603093293295995
Iteration: 72, relative residual: 0.0015989437825690716
Iteration: 73, relative residual: 0.001596143287288248
Iteration: 74, relative residual: 0.001575939855431747
Iteration: 75, relative residual: 0.0015389718167354604
Iteration: 76, relative residual: 0.0014936826728026535
Iteration: 77, relative residual: 0.001492804521162085
Iteration: 78, relative residual: 0.0014816593270513083
Iteration: 79, relative residual: 0.0014431263963061082
Iteration: 80, relative residual: 0.001397322627243753
Iteration: 81, relative residual: 0.0013458867136675484
Iteration: 82, relative residual: 0.001283450886628092
Iteration: 83, relative residual: 0.001219915899355201
Iteration: 84, relative residual: 0.0011794303795386856
Iteration: 85, relative residual: 0.0011650204462710563
Iteration: 86, relative residual: 0.001164586078972188
Iteration: 87, relative residual: 0.0011610677448474999
Iteration: 88, relative residual: 0.0011473034601945432
Iteration: 89, relative residual: 0.0011138608478278864
Iteration: 90, relative residual: 0.0010749567107615143
Iteration: 91, relative residual: 0.0010727900978657818
Iteration: 92, relative residual: 0.0010630983215187675
Iteration: 93, relative residual: 0.0010510891867543466
Iteration: 94, relative residual: 0.0009972689180286643
Iteration: 95, relative residual: 0.0009504121328571867
Iteration: 96, relative residual: 0.0009310332578662308
Iteration: 97, relative residual: 0.0009226848067365474
Iteration: 98, relative residual: 0.0009212779380298869
Iteration: 99, relative residual: 0.0008930229035943639
Iteration: 100, relative residual: 0.0008930229035943639
Residual: 0.0008930229035943639. Restart...
Iteration: 101, relative residual: 0.000850046460890225
Iteration: 102, relative residual: 0.0008480244243787938
Iteration: 103, relative residual: 0.0008462007047141671
Iteration: 104, relative residual: 0.0008460538289483546
Iteration: 105, relative residual: 0.0008443253156354871
Iteration: 106, relative residual: 0.0008397787164928911
Iteration: 107, relative residual: 0.0008340952272973518
Iteration: 108, relative residual: 0.0008335176450012239
Iteration: 109, relative residual: 0.0008335029418461655
Iteration: 110, relative residual: 0.0008332516278121606
Iteration: 111, relative residual: 0.000833218055362513
Iteration: 112, relative residual: 0.0008331861950292537
Iteration: 113, relative residual: 0.0008331775377024812
Iteration: 114, relative residual: 0.0008327092095270443
Iteration: 115, relative residual: 0.0008320762184269476
Iteration: 116, relative residual: 0.0008319826074974629
Iteration: 117, relative residual: 0.000830657439569368
Iteration: 118, relative residual: 0.0008267505933903228
Iteration: 119, relative residual: 0.000824344428266442
Iteration: 120, relative residual: 0.0008232259232346951
Iteration: 121, relative residual: 0.000821744027928581
Iteration: 122, relative residual: 0.0008217069397309704
Iteration: 123, relative residual: 0.0008187985305695495
Iteration: 124, relative residual: 0.0008182086391509865
Iteration: 125, relative residual: 0.0008172296587157681
Iteration: 126, relative residual: 0.0008147544418201154
Iteration: 127, relative residual: 0.0008132342679119959
Iteration: 128, relative residual: 0.0008124854267111869
Iteration: 129, relative residual: 0.0008123013278310104
Iteration: 130, relative residual: 0.0008087433446443334
Iteration: 131, relative residual: 0.0008047203128442773
Iteration: 132, relative residual: 0.0008026673459646841
Iteration: 133, relative residual: 0.0008016947621745245
Iteration: 134, relative residual: 0.0007983883173560156
Iteration: 135, relative residual: 0.0007947910065529294
Iteration: 136, relative residual: 0.0007912917818416469
Iteration: 137, relative residual: 0.0007881647418591436
Iteration: 138, relative residual: 0.0007875357805391493
Iteration: 139, relative residual: 0.000786290486844885
Iteration: 140, relative residual: 0.0007830585508569342
Iteration: 141, relative residual: 0.0007788993242397478
Iteration: 142, relative residual: 0.0007787369707544668
Iteration: 143, relative residual: 0.0007769501236872322
Iteration: 144, relative residual: 0.0007723161652886119
Iteration: 145, relative residual: 0.0007643457268804212
Iteration: 146, relative residual: 0.0007618039597012289
Iteration: 147, relative residual: 0.0007616869652659514
Iteration: 148, relative residual: 0.0007610306660605561
Iteration: 149, relative residual: 0.0007560154046111101
Iteration: 150, relative residual: 0.0007480715744082286
Iteration: 151, relative residual: 0.0007390102259384746
Iteration: 152, relative residual: 0.0007306845882751364
Iteration: 153, relative residual: 0.0007296075782375524
Iteration: 154, relative residual: 0.0007295273257519041
Iteration: 155, relative residual: 0.0007192524064424201
Iteration: 156, relative residual: 0.0007074904208815629
Iteration: 157, relative residual: 0.0006958768466850923
Iteration: 158, relative residual: 0.0006941197972278166
Iteration: 159, relative residual: 0.0006941159943495821
Iteration: 160, relative residual: 0.0006907614459137682
Iteration: 161, relative residual: 0.0006753894958253637
Iteration: 162, relative residual: 0.0006603904068132995
Iteration: 163, relative residual: 0.0006541975863931754
Iteration: 164, relative residual: 0.0006519565588149469
Iteration: 165, relative residual: 0.0006516727455277312
Iteration: 166, relative residual: 0.000651165145039746
Iteration: 167, relative residual: 0.0006497700464684191
Iteration: 168, relative residual: 0.0006449156820219726
Iteration: 169, relative residual: 0.0006368674254314428
Iteration: 170, relative residual: 0.0006251272537725331
Iteration: 171, relative residual: 0.0006168962413690373
Iteration: 172, relative residual: 0.0006166047742676319
Iteration: 173, relative residual: 0.0006153738220005573
Iteration: 174, relative residual: 0.000602411311236236
Iteration: 175, relative residual: 0.0005925578691502323
Iteration: 176, relative residual: 0.0005887561110207135
Iteration: 177, relative residual: 0.0005849153636917104
Iteration: 178, relative residual: 0.0005841479608927585
Iteration: 179, relative residual: 0.0005840789028097987
Iteration: 180, relative residual: 0.00058089229082652
Iteration: 181, relative residual: 0.0005744390139800382
Iteration: 182, relative residual: 0.0005696781755681306
Iteration: 183, relative residual: 0.0005676909827688297
Iteration: 184, relative residual: 0.0005676884791360462
Iteration: 185, relative residual: 0.0005626757590619386
Iteration: 186, relative residual: 0.0005578488909981388
Iteration: 187, relative residual: 0.0005518852639352204
Iteration: 188, relative residual: 0.000549233653180611
Iteration: 189, relative residual: 0.0005491170134376639
Iteration: 190, relative residual: 0.0005465984081130027
Iteration: 191, relative residual: 0.000532991418486856
Iteration: 192, relative residual: 0.0005191030751969362
Iteration: 193, relative residual: 0.000504012098468034
Iteration: 194, relative residual: 0.0004938055869442091
Iteration: 195, relative residual: 0.0004886494938543923
Iteration: 196, relative residual: 0.0004886406114442898
Iteration: 197, relative residual: 0.0004869706634954701
Iteration: 198, relative residual: 0.0004826974039715041
Iteration: 199, relative residual: 0.00047144575715898804
Iteration: 200, relative residual: 0.00047144575715898804
Residual: 0.00047144575715898804. Restart...
Iteration: 201, relative residual: 0.0004617461830059235
Iteration: 202, relative residual: 0.00046174505431357393
Iteration: 203, relative residual: 0.0004616968548268704
Iteration: 204, relative residual: 0.00046154298975919204
Iteration: 205, relative residual: 0.0004612278939488058
Iteration: 206, relative residual: 0.00046010703460273893
Iteration: 207, relative residual: 0.0004592695579687521
Iteration: 208, relative residual: 0.00045869777980178005
Iteration: 209, relative residual: 0.0004568655708347965
Iteration: 210, relative residual: 0.00045534783881416726
Iteration: 211, relative residual: 0.0004541503118448398
Iteration: 212, relative residual: 0.0004541482292621333
Iteration: 213, relative residual: 0.0004540423924965885
Iteration: 214, relative residual: 0.0004535595416859133
Iteration: 215, relative residual: 0.00045351571334719185
Iteration: 216, relative residual: 0.0004527203868821428
Iteration: 217, relative residual: 0.0004507508864698693
Iteration: 218, relative residual: 0.00044903674167947634
Iteration: 219, relative residual: 0.00044878968123930607
Iteration: 220, relative residual: 0.000448622990169773
Iteration: 221, relative residual: 0.00044810203568728096
Iteration: 222, relative residual: 0.00044771141784740386
Iteration: 223, relative residual: 0.0004477018684779441
Iteration: 224, relative residual: 0.0004465541325789365
Iteration: 225, relative residual: 0.00044524582355648227
Iteration: 226, relative residual: 0.00044510293231743507
Iteration: 227, relative residual: 0.00044421055976819
Iteration: 228, relative residual: 0.0004404814384708409
Iteration: 229, relative residual: 0.00043603336339887924
Iteration: 230, relative residual: 0.00043264807286972295
Iteration: 231, relative residual: 0.0004323336304399487
Iteration: 232, relative residual: 0.00043221779942081404
Iteration: 233, relative residual: 0.0004306022887278862
Iteration: 234, relative residual: 0.00042904710039200314
Iteration: 235, relative residual: 0.000426819016210318
Iteration: 236, relative residual: 0.00042677043699021705
Iteration: 237, relative residual: 0.0004256150483175773
Iteration: 238, relative residual: 0.00042362419199829193
Iteration: 239, relative residual: 0.00042290376576495055
Iteration: 240, relative residual: 0.0004227971440832234
Iteration: 241, relative residual: 0.00042181464407615966
Iteration: 242, relative residual: 0.00041920601853763945
Iteration: 243, relative residual: 0.0004167726753479915
Iteration: 244, relative residual: 0.0004132699863557182
Iteration: 245, relative residual: 0.0004096113086759256
Iteration: 246, relative residual: 0.0004081012171116057
Iteration: 247, relative residual: 0.0004080820336301151
Iteration: 248, relative residual: 0.0004076732492086372
Iteration: 249, relative residual: 0.0004055308265542591
Iteration: 250, relative residual: 0.00040363863164265674
Iteration: 251, relative residual: 0.0004022975780402954
Iteration: 252, relative residual: 0.0004022973218828226
Iteration: 253, relative residual: 0.00040022396549283743
Iteration: 254, relative residual: 0.0003968357778052227
Iteration: 255, relative residual: 0.0003946145615867479
Iteration: 256, relative residual: 0.0003937898640429202
Iteration: 257, relative residual: 0.000393784714942015
Iteration: 258, relative residual: 0.00039304691458002416
Iteration: 259, relative residual: 0.0003910702435740116
Iteration: 260, relative residual: 0.00038807931956892834
Iteration: 261, relative residual: 0.00038466279125140383
Iteration: 262, relative residual: 0.000383258021187446
Iteration: 263, relative residual: 0.00038320474852499204
Iteration: 264, relative residual: 0.00038247737204394176
Iteration: 265, relative residual: 0.00037922909314335097
Iteration: 266, relative residual: 0.0003747686487504525
Iteration: 267, relative residual: 0.0003691288559299882
Iteration: 268, relative residual: 0.00036715531730198875
Iteration: 269, relative residual: 0.0003655553270517835
Iteration: 270, relative residual: 0.00036545008614889744
Iteration: 271, relative residual: 0.00036544889658220143
Iteration: 272, relative residual: 0.00036450281813445027
Iteration: 273, relative residual: 0.0003623805403344911
Iteration: 274, relative residual: 0.0003609924884992068
Iteration: 275, relative residual: 0.0003606483078810151
Iteration: 276, relative residual: 0.00036064270584253524
Iteration: 277, relative residual: 0.00035935388173133814
Iteration: 278, relative residual: 0.0003558297299326623
Iteration: 279, relative residual: 0.0003509014657025638
Iteration: 280, relative residual: 0.0003471458167961265
Iteration: 281, relative residual: 0.0003410620241225614
Iteration: 282, relative residual: 0.0003390024628485522
Iteration: 283, relative residual: 0.00033890921742161113
Iteration: 284, relative residual: 0.0003379260184304005
Iteration: 285, relative residual: 0.0003362327990749455
Iteration: 286, relative residual: 0.0003312420739130003
Iteration: 287, relative residual: 0.0003272874279145878
Iteration: 288, relative residual: 0.0003272365348429806
Iteration: 289, relative residual: 0.0003271414704903724
Iteration: 290, relative residual: 0.0003251513524798821
Iteration: 291, relative residual: 0.00032414763944905745
Iteration: 292, relative residual: 0.00032085252140568355
Iteration: 293, relative residual: 0.00031442610958082415
Iteration: 294, relative residual: 0.0003111857768003534
Iteration: 295, relative residual: 0.00031064417628891034
Iteration: 296, relative residual: 0.00031063644568454074
Iteration: 297, relative residual: 0.00030866896261812
Iteration: 298, relative residual: 0.0003040074027208868
Iteration: 299, relative residual: 0.00029891050800970537
Iteration: 300, relative residual: 0.00029891050800970537
Residual: 0.00029891050800970537. Restart...
Iteration: 301, relative residual: 0.00029302856451609227
Iteration: 302, relative residual: 0.00029297848600480557
Iteration: 303, relative residual: 0.00029296518669839845
Iteration: 304, relative residual: 0.0002928114655808768
Iteration: 305, relative residual: 0.0002926872736988992
Iteration: 306, relative residual: 0.0002926850788824177
Iteration: 307, relative residual: 0.000292043775550632
Iteration: 308, relative residual: 0.0002913729544006215
Iteration: 309, relative residual: 0.00029096253375713037
Iteration: 310, relative residual: 0.00029094658227851473
Iteration: 311, relative residual: 0.00029083541746196113
Iteration: 312, relative residual: 0.0002907540330898654
Iteration: 313, relative residual: 0.0002907537496651791
Iteration: 314, relative residual: 0.00029059093422698285
Iteration: 315, relative residual: 0.00029018627407399186
Iteration: 316, relative residual: 0.0002885831456134019
Iteration: 317, relative residual: 0.00028828933915620773
Iteration: 318, relative residual: 0.00028815786860662194
Iteration: 319, relative residual: 0.0002881577848998947
Iteration: 320, relative residual: 0.0002877498328343656
Iteration: 321, relative residual: 0.000287217323546643
Iteration: 322, relative residual: 0.00028682999460435385
Iteration: 323, relative residual: 0.0002868081767949817
Iteration: 324, relative residual: 0.0002860417949890876
Iteration: 325, relative residual: 0.0002849939699861654
Iteration: 326, relative residual: 0.00028466650514542586
Iteration: 327, relative residual: 0.0002844690007135527
Iteration: 328, relative residual: 0.0002844470575828582
Iteration: 329, relative residual: 0.00028434539119103635
Iteration: 330, relative residual: 0.00028402066951111284
Iteration: 331, relative residual: 0.0002840198405389779
Iteration: 332, relative residual: 0.00028369676029978304
Iteration: 333, relative residual: 0.00028199893224781724
Iteration: 334, relative residual: 0.0002803233525396214
Iteration: 335, relative residual: 0.00027997853526085323
Iteration: 336, relative residual: 0.0002798392650480875
Iteration: 337, relative residual: 0.0002788254742341948
Iteration: 338, relative residual: 0.00027529774652842976
Iteration: 339, relative residual: 0.0002740225200076351
Iteration: 340, relative residual: 0.00027358066483181747
Iteration: 341, relative residual: 0.0002733675717449328
Iteration: 342, relative residual: 0.00027326504197997713
Iteration: 343, relative residual: 0.0002727996936984389
Iteration: 344, relative residual: 0.00027176104148338327
Iteration: 345, relative residual: 0.0002703229779195346
Iteration: 346, relative residual: 0.00026978257881121504
Iteration: 347, relative residual: 0.00026966498802280937
Iteration: 348, relative residual: 0.0002696594671498086
Iteration: 349, relative residual: 0.0002690089304724465
Iteration: 350, relative residual: 0.0002683407738251613
Iteration: 351, relative residual: 0.0002668979848432349
Iteration: 352, relative residual: 0.0002658283618748652
Iteration: 353, relative residual: 0.0002654132233151975
Iteration: 354, relative residual: 0.00026520262550583774
Iteration: 355, relative residual: 0.00026504059832071353
Iteration: 356, relative residual: 0.0002645491274320775
Iteration: 357, relative residual: 0.0002641002427678921
Iteration: 358, relative residual: 0.00026385284083289395
Iteration: 359, relative residual: 0.00026384370271601156
Iteration: 360, relative residual: 0.00026372341497777653
Iteration: 361, relative residual: 0.00026319972313752944
Iteration: 362, relative residual: 0.0002623061487988424
Iteration: 363, relative residual: 0.000262101818971491
Iteration: 364, relative residual: 0.00026164892667929185
Iteration: 365, relative residual: 0.0002616450832711697
Iteration: 366, relative residual: 0.0002614690928709432
Iteration: 367, relative residual: 0.0002609023563254019
Iteration: 368, relative residual: 0.00026034410853285704
Iteration: 369, relative residual: 0.0002596004931813275
Iteration: 370, relative residual: 0.0002594128923165311
Iteration: 371, relative residual: 0.00025934696861478813
Iteration: 372, relative residual: 0.00025926016757261066
Iteration: 373, relative residual: 0.00025891605857305606
Iteration: 374, relative residual: 0.0002583901922437564
Iteration: 375, relative residual: 0.00025781464037507245
Iteration: 376, relative residual: 0.00025717582338454376
Iteration: 377, relative residual: 0.00025681741522233764
Iteration: 378, relative residual: 0.0002568067959814246
Iteration: 379, relative residual: 0.0002566904503752698
Iteration: 380, relative residual: 0.0002562229148244392
Iteration: 381, relative residual: 0.00025522378776366057
Iteration: 382, relative residual: 0.0002547230108461212
Iteration: 383, relative residual: 0.0002547126743825695
Iteration: 384, relative residual: 0.00025470011002810974
Iteration: 385, relative residual: 0.00025464153716417073
Iteration: 386, relative residual: 0.00025447980396570407
Iteration: 387, relative residual: 0.0002535466116227416
Iteration: 388, relative residual: 0.00025257130778060573
Iteration: 389, relative residual: 0.0002524757304551881
Iteration: 390, relative residual: 0.0002524694017720093
Iteration: 391, relative residual: 0.00025211070917098956
Iteration: 392, relative residual: 0.000251219943535872
Iteration: 393, relative residual: 0.00024983702032401573
Iteration: 394, relative residual: 0.0002496861575196635
Iteration: 395, relative residual: 0.00024964951232623667
Iteration: 396, relative residual: 0.0002493565304583114
Iteration: 397, relative residual: 0.00024717483945933165
Iteration: 398, relative residual: 0.0002445880544241737
Iteration: 399, relative residual: 0.0002436207812447104
Iteration: 400, relative residual: 0.0002436207812447104
Residual: 0.0002436207812447104. Restart...
Iteration: 401, relative residual: 0.00024331988821468513
Iteration: 402, relative residual: 0.00024331988798262472
Iteration: 403, relative residual: 0.0002433198635429431
Iteration: 404, relative residual: 0.0002433197797496277
Iteration: 405, relative residual: 0.00024331977969595134
Iteration: 406, relative residual: 0.00024331965994006674
Iteration: 407, relative residual: 0.00024331964472384447
Iteration: 408, relative residual: 0.00024331812976792667
Iteration: 409, relative residual: 0.00024331333218810465
Iteration: 410, relative residual: 0.0002433084876870535
Iteration: 411, relative residual: 0.00024330804324812998
Iteration: 412, relative residual: 0.0002433012248121533
Iteration: 413, relative residual: 0.00024329329685150218
Iteration: 414, relative residual: 0.0002432824720139871
Iteration: 415, relative residual: 0.000243276017166326
Iteration: 416, relative residual: 0.00024327597590066406
Iteration: 417, relative residual: 0.00024325580435501914
Iteration: 418, relative residual: 0.0002431756840369796
Iteration: 419, relative residual: 0.0002431613707600417
Iteration: 420, relative residual: 0.00024315010243584052
Iteration: 421, relative residual: 0.00024304790803716082
Iteration: 422, relative residual: 0.00024300316390895988
Iteration: 423, relative residual: 0.00024298815012149968
Iteration: 424, relative residual: 0.00024287573771088186
Iteration: 425, relative residual: 0.0002425877350115346
Iteration: 426, relative residual: 0.00024226686807127647
Iteration: 427, relative residual: 0.00024171385485097
Iteration: 428, relative residual: 0.00024151994700409088
Iteration: 429, relative residual: 0.00024151400160700068
Iteration: 430, relative residual: 0.0002412083995046377
Iteration: 431, relative residual: 0.00024058649237248598
Iteration: 432, relative residual: 0.00023997982179596448
Iteration: 433, relative residual: 0.00023990173011123123
Iteration: 434, relative residual: 0.00023974229154410508
Iteration: 435, relative residual: 0.0002394515811344491
Iteration: 436, relative residual: 0.00023929603999901737
Iteration: 437, relative residual: 0.0002392917442376441
Iteration: 438, relative residual: 0.00023915108074703295
Iteration: 439, relative residual: 0.00023891690594142094
Iteration: 440, relative residual: 0.00023853708289390654
Iteration: 441, relative residual: 0.00023789167793990864
Iteration: 442, relative residual: 0.0002375687497144294
Iteration: 443, relative residual: 0.0002373536927456324
Iteration: 444, relative residual: 0.00023733984519956885
Iteration: 445, relative residual: 0.00023733914220347183
Iteration: 446, relative residual: 0.00023671933754040885
Iteration: 447, relative residual: 0.00023602497730794596
Iteration: 448, relative residual: 0.00023578084968710238
Iteration: 449, relative residual: 0.00023563476808218008
Iteration: 450, relative residual: 0.0002356345488295109
Iteration: 451, relative residual: 0.00023546798398936295
Iteration: 452, relative residual: 0.00023510237142412377
Iteration: 453, relative residual: 0.0002348244187893551
Iteration: 454, relative residual: 0.00023443795700049536
Iteration: 455, relative residual: 0.00023436968808391155
Iteration: 456, relative residual: 0.0002343685474158415
Iteration: 457, relative residual: 0.00023420433749530252
Iteration: 458, relative residual: 0.0002333757661913679
Iteration: 459, relative residual: 0.00023276356152530613
Iteration: 460, relative residual: 0.00023254353225896605
Iteration: 461, relative residual: 0.00023252333516031264
Iteration: 462, relative residual: 0.0002323783056247793
Iteration: 463, relative residual: 0.00023170058839459254
Iteration: 464, relative residual: 0.00023116136626685028
Iteration: 465, relative residual: 0.0002308454847295232
Iteration: 466, relative residual: 0.000230476940534363
Iteration: 467, relative residual: 0.00023045990188436954
Iteration: 468, relative residual: 0.00023041838913792588
Iteration: 469, relative residual: 0.00023025219891800464
Iteration: 470, relative residual: 0.00022962794492491944
Iteration: 471, relative residual: 0.00022902745753327836
Iteration: 472, relative residual: 0.00022875561876956998
Iteration: 473, relative residual: 0.0002286708317962356
Iteration: 474, relative residual: 0.00022866554503439923
Iteration: 475, relative residual: 0.00022845473851794854
Iteration: 476, relative residual: 0.00022794404684576614
Iteration: 477, relative residual: 0.00022750248486794964
Iteration: 478, relative residual: 0.00022708915215748383
Iteration: 479, relative residual: 0.00022703985271207085
Iteration: 480, relative residual: 0.00022689544406550972
Iteration: 481, relative residual: 0.00022642937189320506
Iteration: 482, relative residual: 0.00022600211796420543
Iteration: 483, relative residual: 0.00022541928904942158
Iteration: 484, relative residual: 0.0002250482109663179
Iteration: 485, relative residual: 0.00022493624061759376
Iteration: 486, relative residual: 0.0002249354844609977
Iteration: 487, relative residual: 0.00022488047743358328
Iteration: 488, relative residual: 0.00022433387026379723
Iteration: 489, relative residual: 0.00022356575681816473
Iteration: 490, relative residual: 0.00022303074675798613
Iteration: 491, relative residual: 0.00022267286411581928
Iteration: 492, relative residual: 0.00022266545964109313
Iteration: 493, relative residual: 0.00022259124761069826
Iteration: 494, relative residual: 0.00022203453909450026
Iteration: 495, relative residual: 0.00022065447285058145
Iteration: 496, relative residual: 0.00022002218113666939
Iteration: 497, relative residual: 0.00021993589909498234
Iteration: 498, relative residual: 0.00021987742414671623
Iteration: 499, relative residual: 0.00021896047859168387
Iteration: 500, relative residual: 0.00021896047859168387
Residual: 0.00021896047859168387. Restart...
Iteration: 501, relative residual: 0.00021796654297963296
Iteration: 502, relative residual: 0.00021796639228650728
Iteration: 503, relative residual: 0.0002179639919864482
Iteration: 504, relative residual: 0.00021795199373621837
Iteration: 505, relative residual: 0.00021795149730245123
Iteration: 506, relative residual: 0.00021794015778626066
Iteration: 507, relative residual: 0.0002179097004555861
Iteration: 508, relative residual: 0.00021789994233683941
Iteration: 509, relative residual: 0.00021789943045340694
Iteration: 510, relative residual: 0.00021787313914611734
Iteration: 511, relative residual: 0.000217788882238171
Iteration: 512, relative residual: 0.0002176922337250471
Iteration: 513, relative residual: 0.0002175480467637235
Iteration: 514, relative residual: 0.00021744624651002275
Iteration: 515, relative residual: 0.00021744440866712769
Iteration: 516, relative residual: 0.00021737882909462767
Iteration: 517, relative residual: 0.00021734153496204595
Iteration: 518, relative residual: 0.00021728050239492013
Iteration: 519, relative residual: 0.00021701458874305972
Iteration: 520, relative residual: 0.00021677854211765238
Iteration: 521, relative residual: 0.00021675021240366457
Iteration: 522, relative residual: 0.00021668689014925046
Iteration: 523, relative residual: 0.0002164066441640995
Iteration: 524, relative residual: 0.0002162208349176873
Iteration: 525, relative residual: 0.0002162148320022867
Iteration: 526, relative residual: 0.00021621335858277012
Iteration: 527, relative residual: 0.00021617998638056524
Iteration: 528, relative residual: 0.00021609799817689845
Iteration: 529, relative residual: 0.00021609316082424817
Iteration: 530, relative residual: 0.00021608359391519442
Iteration: 531, relative residual: 0.0002156949381510168
Iteration: 532, relative residual: 0.00021526404916195297
Iteration: 533, relative residual: 0.00021507237258829994
Iteration: 534, relative residual: 0.00021503149900792477
Iteration: 535, relative residual: 0.00021464470562455626
Iteration: 536, relative residual: 0.0002142175492965243
Iteration: 537, relative residual: 0.00021407974622268542
Iteration: 538, relative residual: 0.00021407103126816113
Iteration: 539, relative residual: 0.00021399638956271272
Iteration: 540, relative residual: 0.00021359587351841888
Iteration: 541, relative residual: 0.00021322621508610256
Iteration: 542, relative residual: 0.00021272581427227678
Iteration: 543, relative residual: 0.00021245102405397436
Iteration: 544, relative residual: 0.0002122708659244217
Iteration: 545, relative residual: 0.00021223588355640216
Iteration: 546, relative residual: 0.0002122224434799941
Iteration: 547, relative residual: 0.00021210365118248733
Iteration: 548, relative residual: 0.00021189107853891883
Iteration: 549, relative residual: 0.00021178289938766906
Iteration: 550, relative residual: 0.00021174347736314285
Iteration: 551, relative residual: 0.0002116972803282796
Iteration: 552, relative residual: 0.00021165978481751976
Iteration: 553, relative residual: 0.00021159570290737586
Iteration: 554, relative residual: 0.00021141259235526777
Iteration: 555, relative residual: 0.00021118547299664109
Iteration: 556, relative residual: 0.00021104933364972904
Iteration: 557, relative residual: 0.00021098289694770702
Iteration: 558, relative residual: 0.00021096781534997685
Iteration: 559, relative residual: 0.0002109045972656946
Iteration: 560, relative residual: 0.0002107499988637721
Iteration: 561, relative residual: 0.00021057204432065027
Iteration: 562, relative residual: 0.00021042461220932844
Iteration: 563, relative residual: 0.00021032740177564182
Iteration: 564, relative residual: 0.00021030643140369768
Iteration: 565, relative residual: 0.00021029795820933533
Iteration: 566, relative residual: 0.0002101874053363648
Iteration: 567, relative residual: 0.0002098734773124661
Iteration: 568, relative residual: 0.00020941422389774713
Iteration: 569, relative residual: 0.0002092318216031482
Iteration: 570, relative residual: 0.00020920826169237999
Iteration: 571, relative residual: 0.00020897580809463274
Iteration: 572, relative residual: 0.00020858742416734338
Iteration: 573, relative residual: 0.00020790098422150333
Iteration: 574, relative residual: 0.00020767588339003657
Iteration: 575, relative residual: 0.00020755605718686957
Iteration: 576, relative residual: 0.00020750983445189008
Iteration: 577, relative residual: 0.0002074692971519228
Iteration: 578, relative residual: 0.00020713195126095433
Iteration: 579, relative residual: 0.00020682135037758978
Iteration: 580, relative residual: 0.00020661043540130838
Iteration: 581, relative residual: 0.00020657227022107948
Iteration: 582, relative residual: 0.00020657006563902302
Iteration: 583, relative residual: 0.0002065574767628447
Iteration: 584, relative residual: 0.00020633160295001967
Iteration: 585, relative residual: 0.0002061392683558005
Iteration: 586, relative residual: 0.00020596552225642264
Iteration: 587, relative residual: 0.00020594187811912173
Iteration: 588, relative residual: 0.00020589994416420385
Iteration: 589, relative residual: 0.00020582769065905076
Iteration: 590, relative residual: 0.00020527233780684255
Iteration: 591, relative residual: 0.00020492103489966576
Iteration: 592, relative residual: 0.00020475910713678273
Iteration: 593, relative residual: 0.00020474004153269495
Iteration: 594, relative residual: 0.00020466710622689873
Iteration: 595, relative residual: 0.0002043813626490654
Iteration: 596, relative residual: 0.00020406389302864896
Iteration: 597, relative residual: 0.00020362379820700443
Iteration: 598, relative residual: 0.00020322896096919247
Iteration: 599, relative residual: 0.0002032260463650039
Iteration: 600, relative residual: 0.0002032260463650039
Residual: 0.0002032260463650039. Restart...
Iteration: 601, relative residual: 0.00020319692745920462
Iteration: 602, relative residual: 0.00020319692702599766
Iteration: 603, relative residual: 0.00020319686193869495
Iteration: 604, relative residual: 0.0002031967309011993
Iteration: 605, relative residual: 0.0002031966252888408
Iteration: 606, relative residual: 0.00020319620427096903
Iteration: 607, relative residual: 0.00020319580664043078
Iteration: 608, relative residual: 0.0002031957870586277
Iteration: 609, relative residual: 0.0002031948818640867
Iteration: 610, relative residual: 0.00020319207969176983
Iteration: 611, relative residual: 0.00020318778185211776
Iteration: 612, relative residual: 0.00020318239254322792
Iteration: 613, relative residual: 0.00020318220196286887
Iteration: 614, relative residual: 0.00020318212424093844
Iteration: 615, relative residual: 0.00020318025535702992
Iteration: 616, relative residual: 0.00020318017127119966
Iteration: 617, relative residual: 0.00020317883905964925
Iteration: 618, relative residual: 0.00020317309420235773
Iteration: 619, relative residual: 0.00020317022451489422
Iteration: 620, relative residual: 0.0002031699185846275
Iteration: 621, relative residual: 0.00020316150133992917
Iteration: 622, relative residual: 0.0002031575342433096
Iteration: 623, relative residual: 0.0002031546575788519
Iteration: 624, relative residual: 0.00020311602466976307
Iteration: 625, relative residual: 0.00020301209848402692
Iteration: 626, relative residual: 0.0002028979063738022
Iteration: 627, relative residual: 0.00020276288312208576
Iteration: 628, relative residual: 0.00020276283945019216
Iteration: 629, relative residual: 0.00020272438564267233
Iteration: 630, relative residual: 0.0002025419244059081
Iteration: 631, relative residual: 0.00020237956639636873
Iteration: 632, relative residual: 0.00020226044008646605
Iteration: 633, relative residual: 0.00020225783690633212
Iteration: 634, relative residual: 0.00020215472461697142
Iteration: 635, relative residual: 0.0002019659231178543
Iteration: 636, relative residual: 0.00020188368058253318
Iteration: 637, relative residual: 0.00020186320532218115
Iteration: 638, relative residual: 0.00020185896490220492
Iteration: 639, relative residual: 0.00020182452044499257
Iteration: 640, relative residual: 0.00020167246995335796
Iteration: 641, relative residual: 0.0002014480557323388
Iteration: 642, relative residual: 0.0002012152816314097
Iteration: 643, relative residual: 0.00020116055271231483
Iteration: 644, relative residual: 0.00020108680294097576
Iteration: 645, relative residual: 0.00020108345970395574
Iteration: 646, relative residual: 0.00020106865914431435
Iteration: 647, relative residual: 0.00020091847279279167
Iteration: 648, relative residual: 0.0002007718260593395
Iteration: 649, relative residual: 0.00020065470382639886
Iteration: 650, relative residual: 0.0002006332740589622
Iteration: 651, relative residual: 0.0002006167973223853
Iteration: 652, relative residual: 0.0002005631191768212
Iteration: 653, relative residual: 0.0002004647418595398
Iteration: 654, relative residual: 0.00020034816897940218
Iteration: 655, relative residual: 0.0002003105821744727
Iteration: 656, relative residual: 0.00020030520622803908
Iteration: 657, relative residual: 0.00020023279843381196
Iteration: 658, relative residual: 0.0002000324209254267
Iteration: 659, relative residual: 0.0001997831926988657
Iteration: 660, relative residual: 0.00019957597180808752
Iteration: 661, relative residual: 0.00019956057712347688
Iteration: 662, relative residual: 0.00019946127411795043
Iteration: 663, relative residual: 0.00019920129603616081
Iteration: 664, relative residual: 0.0001989985338976514
Iteration: 665, relative residual: 0.00019885687000032034
Iteration: 666, relative residual: 0.00019865373550985568
Iteration: 667, relative residual: 0.00019858200262412037
Iteration: 668, relative residual: 0.00019856700316719177
Iteration: 669, relative residual: 0.00019849287526252132
Iteration: 670, relative residual: 0.00019825788394565796
Iteration: 671, relative residual: 0.0001980918747700375
Iteration: 672, relative residual: 0.00019793157259239465
Iteration: 673, relative residual: 0.00019772467750971525
Iteration: 674, relative residual: 0.00019771903396813208
Iteration: 675, relative residual: 0.0001975363589450854
Iteration: 676, relative residual: 0.0001972992773213449
Iteration: 677, relative residual: 0.00019702497392683132
Iteration: 678, relative residual: 0.00019686503378171625
Iteration: 679, relative residual: 0.00019678254512293968
Iteration: 680, relative residual: 0.00019678234388537233
Iteration: 681, relative residual: 0.00019669973125382097
Iteration: 682, relative residual: 0.00019630705398718137
Iteration: 683, relative residual: 0.00019575338253747187
Iteration: 684, relative residual: 0.00019539565651832897
Iteration: 685, relative residual: 0.00019538424928459785
Iteration: 686, relative residual: 0.00019538132708098464
Iteration: 687, relative residual: 0.0001951815964055817
Iteration: 688, relative residual: 0.000194662478928149
Iteration: 689, relative residual: 0.0001942302449245134
Iteration: 690, relative residual: 0.00019411826766988627
Iteration: 691, relative residual: 0.00019411738020276058
Iteration: 692, relative residual: 0.0001940715688627959
Iteration: 693, relative residual: 0.0001937442666758378
Iteration: 694, relative residual: 0.00019317937223738095
Iteration: 695, relative residual: 0.0001926850134733854
Iteration: 696, relative residual: 0.00019254848813305995
Iteration: 697, relative residual: 0.00019254600435115798
Iteration: 698, relative residual: 0.00019238216756104986
Iteration: 699, relative residual: 0.00019180965096154043
Iteration: 700, relative residual: 0.00019180965096154043
Residual: 0.00019180965096154043. Restart...
Iteration: 701, relative residual: 0.00019043696918428718
Iteration: 702, relative residual: 0.0001904369688586157
Iteration: 703, relative residual: 0.0001904250112016119
Iteration: 704, relative residual: 0.00019042490142505628
Iteration: 705, relative residual: 0.00019041571178281567
Iteration: 706, relative residual: 0.0001903947142329652
Iteration: 707, relative residual: 0.00019038099729608404
Iteration: 708, relative residual: 0.00019037389365899585
Iteration: 709, relative residual: 0.00019033108119128627
Iteration: 710, relative residual: 0.00019028868393655362
Iteration: 711, relative residual: 0.00019017147400383167
Iteration: 712, relative residual: 0.00019011085581406863
Iteration: 713, relative residual: 0.0001900600932790328
Iteration: 714, relative residual: 0.0001900591475069453
Iteration: 715, relative residual: 0.00019003933215203437
Iteration: 716, relative residual: 0.00018991636771084188
Iteration: 717, relative residual: 0.0001896582181519466
Iteration: 718, relative residual: 0.00018964781844908157
Iteration: 719, relative residual: 0.0001895995004300229
Iteration: 720, relative residual: 0.00018948687981727686
Iteration: 721, relative residual: 0.000189486151132476
Iteration: 722, relative residual: 0.00018943006216091203
Iteration: 723, relative residual: 0.00018937657233243375
Iteration: 724, relative residual: 0.0001893332654929365
Iteration: 725, relative residual: 0.00018932352914903273
Iteration: 726, relative residual: 0.00018930441375804806
Iteration: 727, relative residual: 0.00018927875713865518
Iteration: 728, relative residual: 0.00018927574949714648
Iteration: 729, relative residual: 0.00018927558400954158
Iteration: 730, relative residual: 0.00018923832941802042
Iteration: 731, relative residual: 0.00018917998687102063
Iteration: 732, relative residual: 0.0001891489324860648
Iteration: 733, relative residual: 0.0001891468017856937
Iteration: 734, relative residual: 0.00018905296774175491
Iteration: 735, relative residual: 0.00018881815599206827
Iteration: 736, relative residual: 0.00018867783686869234
Iteration: 737, relative residual: 0.00018862166877947828
Iteration: 738, relative residual: 0.00018861441952083957
Iteration: 739, relative residual: 0.00018861165853472007
Iteration: 740, relative residual: 0.00018857550841621174
Iteration: 741, relative residual: 0.0001884559596608038
Iteration: 742, relative residual: 0.00018819042517912376
Iteration: 743, relative residual: 0.00018812028160789234
Iteration: 744, relative residual: 0.00018799402170957853
Iteration: 745, relative residual: 0.00018795553021507417
Iteration: 746, relative residual: 0.00018794702405884118
Iteration: 747, relative residual: 0.00018792295889745727
Iteration: 748, relative residual: 0.0001878919300481469
Iteration: 749, relative residual: 0.00018782264170755524
Iteration: 750, relative residual: 0.00018762193722629433
Iteration: 751, relative residual: 0.0001875610066128768
Iteration: 752, relative residual: 0.00018742163915774667
Iteration: 753, relative residual: 0.00018738392034310555
Iteration: 754, relative residual: 0.0001872458469388628
Iteration: 755, relative residual: 0.00018712304414022598
Iteration: 756, relative residual: 0.00018704101534805387
Iteration: 757, relative residual: 0.00018700895037307436
Iteration: 758, relative residual: 0.0001869981830626396
Iteration: 759, relative residual: 0.00018699738922846657
Iteration: 760, relative residual: 0.00018692485378016794
Iteration: 761, relative residual: 0.0001867056549054058
Iteration: 762, relative residual: 0.0001863930983806481
Iteration: 763, relative residual: 0.00018619087180113514
Iteration: 764, relative residual: 0.00018615688170809966
Iteration: 765, relative residual: 0.00018615063869084693
Iteration: 766, relative residual: 0.00018599651741408492
Iteration: 767, relative residual: 0.00018558619886142807
Iteration: 768, relative residual: 0.00018524806537639353
Iteration: 769, relative residual: 0.00018520487688910209
Iteration: 770, relative residual: 0.00018520441286917606
Iteration: 771, relative residual: 0.00018514602844433122
Iteration: 772, relative residual: 0.00018490260002861756
Iteration: 773, relative residual: 0.00018433372829044326
Iteration: 774, relative residual: 0.0001839135467770611
Iteration: 775, relative residual: 0.00018385176035450745
Iteration: 776, relative residual: 0.0001838517344537682
Iteration: 777, relative residual: 0.00018371141662187757
Iteration: 778, relative residual: 0.00018357610909523758
Iteration: 779, relative residual: 0.00018349119572609192
Iteration: 780, relative residual: 0.00018343331920242105
Iteration: 781, relative residual: 0.00018340503766703527
Iteration: 782, relative residual: 0.00018337340651487178
Iteration: 783, relative residual: 0.00018331284393817836
Iteration: 784, relative residual: 0.00018328359680651964
Iteration: 785, relative residual: 0.0001832685518248615
Iteration: 786, relative residual: 0.0001830639457581289
Iteration: 787, relative residual: 0.00018287835884271737
Iteration: 788, relative residual: 0.00018287759777049572
Iteration: 789, relative residual: 0.00018284822052300377
Iteration: 790, relative residual: 0.00018260951459738407
Iteration: 791, relative residual: 0.00018232466255284886
Iteration: 792, relative residual: 0.00018222625605339866
Iteration: 793, relative residual: 0.00018220308723894944
Iteration: 794, relative residual: 0.00018220303395554468
Iteration: 795, relative residual: 0.00018210684612549602
Iteration: 796, relative residual: 0.00018162513161480245
Iteration: 797, relative residual: 0.00018139464509003413
Iteration: 798, relative residual: 0.0001812429705280436
Iteration: 799, relative residual: 0.00018124296003380324
Iteration: 800, relative residual: 0.00018124296003380324
Residual: 0.00018124296003380324. Restart...
Iteration: 801, relative residual: 0.00018122831102348105
Iteration: 802, relative residual: 0.00018122831052241848
Iteration: 803, relative residual: 0.00018122828475700302
Iteration: 804, relative residual: 0.00018122820470904664
Iteration: 805, relative residual: 0.00018122819631396342
Iteration: 806, relative residual: 0.00018122811568760196
Iteration: 807, relative residual: 0.00018122802824013662
Iteration: 808, relative residual: 0.0001812280222286083
Iteration: 809, relative residual: 0.00018122786263345333
Iteration: 810, relative residual: 0.00018122699478842922
Iteration: 811, relative residual: 0.00018122586967394058
Iteration: 812, relative residual: 0.0001812248897381488
Iteration: 813, relative residual: 0.0001812240976148004
Iteration: 814, relative residual: 0.0001812239372933733
Iteration: 815, relative residual: 0.00018122375789720726
Iteration: 816, relative residual: 0.00018122247216198977
Iteration: 817, relative residual: 0.0001812218161519861
Iteration: 818, relative residual: 0.0001812193509841925
Iteration: 819, relative residual: 0.00018120740464942607
Iteration: 820, relative residual: 0.00018120135631537754
Iteration: 821, relative residual: 0.0001812010773241646
Iteration: 822, relative residual: 0.0001811931613075828
Iteration: 823, relative residual: 0.00018119153379420142
Iteration: 824, relative residual: 0.00018118854873087428
Iteration: 825, relative residual: 0.00018116662532441133
Iteration: 826, relative residual: 0.00018110109757356235
Iteration: 827, relative residual: 0.00018098342194198324
Iteration: 828, relative residual: 0.0001809559076611355
Iteration: 829, relative residual: 0.00018095459873391896
Iteration: 830, relative residual: 0.0001808678311718058
Iteration: 831, relative residual: 0.00018078189173536218
Iteration: 832, relative residual: 0.00018075817471527772
Iteration: 833, relative residual: 0.0001807576562750322
Iteration: 834, relative residual: 0.00018067889278343876
Iteration: 835, relative residual: 0.0001806125197971158
Iteration: 836, relative residual: 0.00018054667414005234
Iteration: 837, relative residual: 0.0001805369156244702
Iteration: 838, relative residual: 0.00018052947456261636
Iteration: 839, relative residual: 0.00018050231462050852
Iteration: 840, relative residual: 0.00018044703154120346
Iteration: 841, relative residual: 0.00018036179248423717
Iteration: 842, relative residual: 0.0001802413473413653
Iteration: 843, relative residual: 0.0001801560128035654
Iteration: 844, relative residual: 0.0001801257560566131
Iteration: 845, relative residual: 0.00018008818725745232
Iteration: 846, relative residual: 0.00017999447883810987
Iteration: 847, relative residual: 0.00017975065466211578
Iteration: 848, relative residual: 0.00017967765703825656
Iteration: 849, relative residual: 0.0001796386346308411
Iteration: 850, relative residual: 0.0001796290583960572
Iteration: 851, relative residual: 0.00017962559486632272
Iteration: 852, relative residual: 0.00017957382747166872
Iteration: 853, relative residual: 0.0001794759831048094
Iteration: 854, relative residual: 0.0001794009198751392
Iteration: 855, relative residual: 0.00017938809724078286
Iteration: 856, relative residual: 0.0001793801306748705
Iteration: 857, relative residual: 0.00017923251361241246
Iteration: 858, relative residual: 0.0001789348323398184
Iteration: 859, relative residual: 0.00017876396155516638
Iteration: 860, relative residual: 0.0001787587335554889
Iteration: 861, relative residual: 0.00017875725725361675
Iteration: 862, relative residual: 0.00017872464243626755
Iteration: 863, relative residual: 0.00017863763420747442
Iteration: 864, relative residual: 0.00017850934611870817
Iteration: 865, relative residual: 0.00017834076276444143
Iteration: 866, relative residual: 0.0001781401516184939
Iteration: 867, relative residual: 0.00017810640883351026
Iteration: 868, relative residual: 0.00017810368103855678
Iteration: 869, relative residual: 0.000178061042275239
Iteration: 870, relative residual: 0.00017795923038572744
Iteration: 871, relative residual: 0.0001778103449928151
Iteration: 872, relative residual: 0.00017754229153868568
Iteration: 873, relative residual: 0.00017748340299471402
Iteration: 874, relative residual: 0.00017746603576565426
Iteration: 875, relative residual: 0.00017732289781154198
Iteration: 876, relative residual: 0.00017707413201824122
Iteration: 877, relative residual: 0.00017668718467459148
Iteration: 878, relative residual: 0.0001766376958970787
Iteration: 879, relative residual: 0.0001766177494580724
Iteration: 880, relative residual: 0.0001766084873319301
Iteration: 881, relative residual: 0.00017640559206316694
Iteration: 882, relative residual: 0.00017628145390524342
Iteration: 883, relative residual: 0.00017605740218054998
Iteration: 884, relative residual: 0.00017584595783964809
Iteration: 885, relative residual: 0.0001757426990810846
Iteration: 886, relative residual: 0.00017573758401016816
Iteration: 887, relative residual: 0.00017569691880117707
Iteration: 888, relative residual: 0.00017533844327626542
Iteration: 889, relative residual: 0.00017476010055808816
Iteration: 890, relative residual: 0.00017452185558781584
Iteration: 891, relative residual: 0.00017451866335262218
Iteration: 892, relative residual: 0.00017441662612559976
Iteration: 893, relative residual: 0.00017425805641051444
Iteration: 894, relative residual: 0.00017400138501108588
Iteration: 895, relative residual: 0.00017372416200484684
Iteration: 896, relative residual: 0.0001736425747944266
Iteration: 897, relative residual: 0.00017361936934326536
Iteration: 898, relative residual: 0.0001735695899456719
Iteration: 899, relative residual: 0.00017309129416275421
Iteration: 900, relative residual: 0.00017309129416275421
Residual: 0.00017309129416275421. Restart...
Iteration: 901, relative residual: 0.00017227327615819123
Iteration: 902, relative residual: 0.00017227312233989423
Iteration: 903, relative residual: 0.00017226961896626893
Iteration: 904, relative residual: 0.00017226374697236317
Iteration: 905, relative residual: 0.00017226370552312907
Iteration: 906, relative residual: 0.0001722496098762454
Iteration: 907, relative residual: 0.00017224729960262813
Iteration: 908, relative residual: 0.0001722447566438896
Iteration: 909, relative residual: 0.00017223279098213274
Iteration: 910, relative residual: 0.00017220497233514856
Iteration: 911, relative residual: 0.0001721676084384882
Iteration: 912, relative residual: 0.00017214089393200276
Iteration: 913, relative residual: 0.00017213716800731224
Iteration: 914, relative residual: 0.00017213704637264612
Iteration: 915, relative residual: 0.00017212933382293184
Iteration: 916, relative residual: 0.0001720965316651175
Iteration: 917, relative residual: 0.00017205183833192894
Iteration: 918, relative residual: 0.00017205065992639598
Iteration: 919, relative residual: 0.000171989310831224
Iteration: 920, relative residual: 0.0001719303107195784
Iteration: 921, relative residual: 0.00017189558558533687
Iteration: 922, relative residual: 0.0001718955629399067
Iteration: 923, relative residual: 0.00017187803775621193
Iteration: 924, relative residual: 0.00017186425540025813
Iteration: 925, relative residual: 0.0001718497923896
Iteration: 926, relative residual: 0.0001718494922279661
Iteration: 927, relative residual: 0.0001718361889948337
Iteration: 928, relative residual: 0.00017181994826838054
Iteration: 929, relative residual: 0.00017181982675205958
Iteration: 930, relative residual: 0.0001717943107467582
Iteration: 931, relative residual: 0.00017178938545442767
Iteration: 932, relative residual: 0.00017177911897500522
Iteration: 933, relative residual: 0.00017177761907363122
Iteration: 934, relative residual: 0.00017174061362185207
Iteration: 935, relative residual: 0.00017165579347137017
Iteration: 936, relative residual: 0.00017156235654324978
Iteration: 937, relative residual: 0.00017153665308654016
Iteration: 938, relative residual: 0.00017150547554321051
Iteration: 939, relative residual: 0.0001714995468946444
Iteration: 940, relative residual: 0.00017145750874130917
Iteration: 941, relative residual: 0.00017133916991606465
Iteration: 942, relative residual: 0.00017122582176891445
Iteration: 943, relative residual: 0.0001711018683668335
Iteration: 944, relative residual: 0.00017099611695936917
Iteration: 945, relative residual: 0.00017088982109264643
Iteration: 946, relative residual: 0.00017080323631402282
Iteration: 947, relative residual: 0.00017079878629094568
Iteration: 948, relative residual: 0.00017079006226661134
Iteration: 949, relative residual: 0.00017073124146335317
Iteration: 950, relative residual: 0.00017049993624626133
Iteration: 951, relative residual: 0.00017036007244989086
Iteration: 952, relative residual: 0.00017023834643936517
Iteration: 953, relative residual: 0.00017019502734766124
Iteration: 954, relative residual: 0.00017010599917549967
Iteration: 955, relative residual: 0.00016991666263369517
Iteration: 956, relative residual: 0.00016977507321192352
Iteration: 957, relative residual: 0.00016967865177460955
Iteration: 958, relative residual: 0.00016967660106979534
Iteration: 959, relative residual: 0.00016966810481238435
Iteration: 960, relative residual: 0.00016964445829772973
Iteration: 961, relative residual: 0.0001694612477432095
Iteration: 962, relative residual: 0.00016924017675585537
Iteration: 963, relative residual: 0.00016915169155217624
Iteration: 964, relative residual: 0.000169132122138676
Iteration: 965, relative residual: 0.00016912714517163208
Iteration: 966, relative residual: 0.0001690443090028838
Iteration: 967, relative residual: 0.00016891066189904516
Iteration: 968, relative residual: 0.0001687445459819518
Iteration: 969, relative residual: 0.00016866318649283422
Iteration: 970, relative residual: 0.00016862014457787414
Iteration: 971, relative residual: 0.0001686180815418922
Iteration: 972, relative residual: 0.0001685323017299352
Iteration: 973, relative residual: 0.00016827972546778474
Iteration: 974, relative residual: 0.00016778575976131833
Iteration: 975, relative residual: 0.00016765485259912427
Iteration: 976, relative residual: 0.00016764360240893787
Iteration: 977, relative residual: 0.00016762392548486912
Iteration: 978, relative residual: 0.0001676196826432463
Iteration: 979, relative residual: 0.00016733624488051409
Iteration: 980, relative residual: 0.0001670417632424035
Iteration: 981, relative residual: 0.00016698872534444813
Iteration: 982, relative residual: 0.0001669494353265985
Iteration: 983, relative residual: 0.00016694902399903874
Iteration: 984, relative residual: 0.00016694864779267845
Iteration: 985, relative residual: 0.000166853375296182
Iteration: 986, relative residual: 0.00016666718261271277
Iteration: 987, relative residual: 0.00016659378743576499
Iteration: 988, relative residual: 0.00016657844504992892
Iteration: 989, relative residual: 0.00016657183101137567
Iteration: 990, relative residual: 0.00016645963033924295
Iteration: 991, relative residual: 0.00016640681582719453
Iteration: 992, relative residual: 0.000166335593225088
Iteration: 993, relative residual: 0.00016617565462670068
Iteration: 994, relative residual: 0.00016616510951100654
Iteration: 995, relative residual: 0.00016616499071479173
Iteration: 996, relative residual: 0.00016601936731680387
Iteration: 997, relative residual: 0.00016585462232616264
Iteration: 998, relative residual: 0.00016567420283848986
Iteration: 999, relative residual: 0.00016522579703734017
Iteration: 1000, relative residual: 0.00016522579703734017
Residual: 0.00016522579703734017. Restart...
Warning!!!!You have reached the maximum number of iterations : 1000.
The run will stop. Check the residual behaviour you might have a bug.For future runs you might consider changing the tolerance or increasing the number of max_iter.
Solve time        : 4844.77979516983s

Calculate Solvation Energy (E_solv)
Calculating solvation energy for region 1, stored in E_solv[0]
6109.288699600616 of 624540 analytical integrals for phi_reac calculation in region 1
Time E_solv: 5.3774733543396s
Region 1: E_solv = -8322.535941050397 kcal/mol = -34821.490377354865 kJ/mol

Calculate Surface Energy (E_surf)
Time E_surf: 0.02078080177307129s

Calculate Coulomb Energy (E_coul)
Calculate Coulomb energy for region 1
Region 1: E_coul = -288153.6900927611 kcal/mol = -1205635.0393481127 kJ/mol
Time E_coul: 33.52627635002136s

------------------------------
Totals:
E_solv = -8322.535941050397 kcal/mol
E_surf = 0 kcal/mol
E_coul = -288153.6900927611 kcal/mol

Time = 4971.205615997314 s
