Run started on:
	Date: 2020/5/25
	Time: 15:33:51
	PyGBe version: 0.3.2+5.gea0f875
Config file: /cobra/u/gvargas/code/hPB/pygbe/pygbe/myCrownFinShots/sarsCov2002/snap1/snap1.config
Parameter file: /cobra/u/gvargas/code/hPB/pygbe/pygbe/myCrownFinShots/sarsCov2002/snap1/snap1.param
Geometry folder: /cobra/u/gvargas/code/hPB/pygbe/pygbe/myCrownFinShots/sarsCov2002/snap1/geometry
Running in: /cobra/u/gvargas/code/hPB/pygbe/pygbe/myCrownFinShots/sarsCov2002/snap1

Reading surface 0 from file geometry/crownVF2002
Time load mesh: 10.31098461151123
Removed areas=0: 238

Total elements : 621397
Total equations: 1242794
----------------------------

1 surfaces:

Surface 0:
	621397 elements
	Surface type         : dielectric_interface
	Cells                : 4498
	Twigs                : 3830
	Levels               : 7
	C0 size              : 128.65805662079927
	C0 box center        : 94.37855803563046, 84.57480604347941, 124.59704893972774
	Twig cell size       : 2.0102821346999886
	Rbox/theta           : 4.020564269399977
	Analytic distance    : 1.2993490619494432
	Elem. per Ang^2      : 4.150691417769118
	Max, min, avg elem.  : 1.5968132668205128, 4.999999999941167e-07, 0.2409237159185089
	Total area           : 149709.27430061367
------------------------------

2 regions:

Region 0:
	Laplace or Yukawa: 2
	kappa            : 0.125
	dielectric const : 80.0
	Number of charges: 0
	Parent surface   : []
	Child surfaces   : [0]
Region 1:
	Laplace or Yukawa: 1
	kappa            : 1e-12
	dielectric const : 4.0
	Number of charges: 60342
	Parent surface   : [0]
	Child surfaces   : []
------------------------------

Parameters:
	Data type               : <class 'numpy.float64'>
	Use GPU                 : 1
	P                       : 4
	threshold               : 0.50
	theta                   : 0.50
	NCRIT                   : 500
	CUDA block size         : 128
	Gauss points per element: 1
	Gauss points near singlr: 25
	1D Gauss points per side: 9
	GMRES tolerance         : 1e-05
	GMRES max iterations    : 1000
	GMRES restart iteration : 100
----------------------------

Generate interaction list
Transfer data to GPU
Generate RHS
List time          : 4.246881484985352s
Data transfer time : 0.55124831199646s
RHS generation time: 0.7700130939483643s
------------------------------
Total setup time   : 79.4384913444519s
Solve
Iteration: 1, relative residual: 0.42887746724116305
Iteration: 2, relative residual: 0.2997349173274484
Iteration: 3, relative residual: 0.217726877172442
Iteration: 4, relative residual: 0.1582290826021432
Iteration: 5, relative residual: 0.13768992015197107
Iteration: 6, relative residual: 0.11460878654868097
Iteration: 7, relative residual: 0.0935852050316195
Iteration: 8, relative residual: 0.07071955511120043
Iteration: 9, relative residual: 0.06031391672540957
Iteration: 10, relative residual: 0.05239346126751982
Iteration: 11, relative residual: 0.04560903304984846
Iteration: 12, relative residual: 0.04545773473098107
Iteration: 13, relative residual: 0.039131624961909924
Iteration: 14, relative residual: 0.03534604442327339
Iteration: 15, relative residual: 0.03033285163685497
Iteration: 16, relative residual: 0.02624433002546798
Iteration: 17, relative residual: 0.02298583395458355
Iteration: 18, relative residual: 0.021557186613190928
Iteration: 19, relative residual: 0.01959400762391766
Iteration: 20, relative residual: 0.01688879671866546
Iteration: 21, relative residual: 0.016830588424736243
Iteration: 22, relative residual: 0.014518883971818556
Iteration: 23, relative residual: 0.012596984814322278
Iteration: 24, relative residual: 0.012127957021828038
Iteration: 25, relative residual: 0.01068680389791981
Iteration: 26, relative residual: 0.009888066083516108
Iteration: 27, relative residual: 0.009884744200309483
Iteration: 28, relative residual: 0.008779501803319859
Iteration: 29, relative residual: 0.00777745685587189
Iteration: 30, relative residual: 0.006752847163170602
Iteration: 31, relative residual: 0.00605122752888516
Iteration: 32, relative residual: 0.005235510091338554
Iteration: 33, relative residual: 0.004911710150625386
Iteration: 34, relative residual: 0.004911709194141626
Iteration: 35, relative residual: 0.004721854254633015
Iteration: 36, relative residual: 0.004316053985583472
Iteration: 37, relative residual: 0.004025571384299699
Iteration: 38, relative residual: 0.0038253301661060465
Iteration: 39, relative residual: 0.003690365523479295
Iteration: 40, relative residual: 0.0036758874179482156
Iteration: 41, relative residual: 0.003491074468542329
Iteration: 42, relative residual: 0.0032127906998685096
Iteration: 43, relative residual: 0.0031311914544379016
Iteration: 44, relative residual: 0.0031090521515182213
Iteration: 45, relative residual: 0.003011598344774361
Iteration: 46, relative residual: 0.0027627715507034293
Iteration: 47, relative residual: 0.002569013121518565
Iteration: 48, relative residual: 0.002348319113492626
Iteration: 49, relative residual: 0.0021335328099244414
Iteration: 50, relative residual: 0.002054193811544805
Iteration: 51, relative residual: 0.0020485714981672517
Iteration: 52, relative residual: 0.001998651913701679
Iteration: 53, relative residual: 0.0018350337735557171
Iteration: 54, relative residual: 0.0016573920426464417
Iteration: 55, relative residual: 0.0015154950644241528
Iteration: 56, relative residual: 0.001407930639706478
Iteration: 57, relative residual: 0.0013296318739999136
Iteration: 58, relative residual: 0.001304745247320463
Iteration: 59, relative residual: 0.0013014525916554723
Iteration: 60, relative residual: 0.0012575087727313072
Iteration: 61, relative residual: 0.001164965285500401
Iteration: 62, relative residual: 0.001077058130419786
Iteration: 63, relative residual: 0.0010303115265392628
Iteration: 64, relative residual: 0.0009680947862416201
Iteration: 65, relative residual: 0.000941176856777599
Iteration: 66, relative residual: 0.000940897517747334
Iteration: 67, relative residual: 0.0009284625364341721
Iteration: 68, relative residual: 0.000897999785590537
Iteration: 69, relative residual: 0.0008531301379418478
Iteration: 70, relative residual: 0.0007935004454242491
Iteration: 71, relative residual: 0.0007323190055928379
Iteration: 72, relative residual: 0.0006989038820437033
Iteration: 73, relative residual: 0.0006740846892543134
Iteration: 74, relative residual: 0.0006530172740171348
Iteration: 75, relative residual: 0.0006499675425895457
Iteration: 76, relative residual: 0.0006490604291163989
Iteration: 77, relative residual: 0.0006435566576675537
Iteration: 78, relative residual: 0.0006253135379667949
Iteration: 79, relative residual: 0.0006074803247467825
Iteration: 80, relative residual: 0.0006021139851985561
Iteration: 81, relative residual: 0.0006013584827911908
Iteration: 82, relative residual: 0.0006005076716877997
Iteration: 83, relative residual: 0.0005898842676852982
Iteration: 84, relative residual: 0.0005793722581212865
Iteration: 85, relative residual: 0.0005612399016850185
Iteration: 86, relative residual: 0.0005539704650762095
Iteration: 87, relative residual: 0.0005512264359673602
Iteration: 88, relative residual: 0.0005488673848539301
Iteration: 89, relative residual: 0.0005414213380287382
Iteration: 90, relative residual: 0.0005340625876082176
Iteration: 91, relative residual: 0.0005263801560546709
Iteration: 92, relative residual: 0.0005218165918112029
Iteration: 93, relative residual: 0.0005217108799148394
Iteration: 94, relative residual: 0.0005216605995727298
Iteration: 95, relative residual: 0.0005165540586733188
Iteration: 96, relative residual: 0.0005070408362941132
Iteration: 97, relative residual: 0.0005033317024901909
Iteration: 98, relative residual: 0.000503315015953063
Iteration: 99, relative residual: 0.0005028350912941483
Iteration: 100, relative residual: 0.0005028350912941483
Residual: 0.0005028350912941483. Restart...
Iteration: 101, relative residual: 0.000500385023116978
Iteration: 102, relative residual: 0.0005003843667412806
Iteration: 103, relative residual: 0.0005003662591844052
Iteration: 104, relative residual: 0.0005003545249491955
Iteration: 105, relative residual: 0.0005003520377190012
Iteration: 106, relative residual: 0.0005002618710516623
Iteration: 107, relative residual: 0.0005001270799943063
Iteration: 108, relative residual: 0.0005000755278345138
Iteration: 109, relative residual: 0.0005000752475891629
Iteration: 110, relative residual: 0.0004999973057616201
Iteration: 111, relative residual: 0.0004999691810667545
Iteration: 112, relative residual: 0.0004999691585004042
Iteration: 113, relative residual: 0.0004999550767582334
Iteration: 114, relative residual: 0.0004999248485116652
Iteration: 115, relative residual: 0.0004999164905054503
Iteration: 116, relative residual: 0.0004999130972817874
Iteration: 117, relative residual: 0.0004996715807593326
Iteration: 118, relative residual: 0.0004993694563912405
Iteration: 119, relative residual: 0.0004990004438938983
Iteration: 120, relative residual: 0.0004980278501185068
Iteration: 121, relative residual: 0.0004978000652293522
Iteration: 122, relative residual: 0.0004977950490592437
Iteration: 123, relative residual: 0.0004975919073431572
Iteration: 124, relative residual: 0.0004975531798440163
Iteration: 125, relative residual: 0.0004973701248002881
Iteration: 126, relative residual: 0.0004973587086621267
Iteration: 127, relative residual: 0.0004972961199635164
Iteration: 128, relative residual: 0.0004969404630534817
Iteration: 129, relative residual: 0.0004966331094994312
Iteration: 130, relative residual: 0.0004964102759910872
Iteration: 131, relative residual: 0.0004961821723883387
Iteration: 132, relative residual: 0.0004960983992197292
Iteration: 133, relative residual: 0.0004960815778381691
Iteration: 134, relative residual: 0.0004956862441788201
Iteration: 135, relative residual: 0.0004951299395240647
Iteration: 136, relative residual: 0.0004951297949236736
Iteration: 137, relative residual: 0.0004946028949597774
Iteration: 138, relative residual: 0.0004940965721102898
Iteration: 139, relative residual: 0.0004936138274428096
Iteration: 140, relative residual: 0.0004936134768141026
Iteration: 141, relative residual: 0.0004935803566685897
Iteration: 142, relative residual: 0.0004930827718019286
Iteration: 143, relative residual: 0.0004925671168522694
Iteration: 144, relative residual: 0.0004921464014106224
Iteration: 145, relative residual: 0.0004921323905031833
Iteration: 146, relative residual: 0.0004920196533404641
Iteration: 147, relative residual: 0.0004919063054913208
Iteration: 148, relative residual: 0.0004909809098734169
Iteration: 149, relative residual: 0.000490098649716939
Iteration: 150, relative residual: 0.0004900931311403281
Iteration: 151, relative residual: 0.000489832090064249
Iteration: 152, relative residual: 0.0004897079309284639
Iteration: 153, relative residual: 0.00048790773501788216
Iteration: 154, relative residual: 0.0004858727820817618
Iteration: 155, relative residual: 0.0004838783146723298
Iteration: 156, relative residual: 0.00048319291652334275
Iteration: 157, relative residual: 0.00048250695676833703
Iteration: 158, relative residual: 0.00048248899196381105
Iteration: 159, relative residual: 0.00048157588955497285
Iteration: 160, relative residual: 0.0004804362177459563
Iteration: 161, relative residual: 0.00047905613732228516
Iteration: 162, relative residual: 0.00047841181909773114
Iteration: 163, relative residual: 0.0004784117491715126
Iteration: 164, relative residual: 0.0004783820884713236
Iteration: 165, relative residual: 0.00047796033084515947
Iteration: 166, relative residual: 0.000476661657783838
Iteration: 167, relative residual: 0.0004748414324676297
Iteration: 168, relative residual: 0.0004735194603537652
Iteration: 169, relative residual: 0.00047150388867479067
Iteration: 170, relative residual: 0.0004712285609918355
Iteration: 171, relative residual: 0.00047116398360927284
Iteration: 172, relative residual: 0.0004711586776249369
Iteration: 173, relative residual: 0.00047022307611021294
Iteration: 174, relative residual: 0.000469986762372569
Iteration: 175, relative residual: 0.00046975305389085434
Iteration: 176, relative residual: 0.0004696034975246505
Iteration: 177, relative residual: 0.0004695798047611844
Iteration: 178, relative residual: 0.00046956236704325096
Iteration: 179, relative residual: 0.0004694821193041772
Iteration: 180, relative residual: 0.0004683147325980582
Iteration: 181, relative residual: 0.00046586422047938195
Iteration: 182, relative residual: 0.0004647330832511773
Iteration: 183, relative residual: 0.0004637849463708713
Iteration: 184, relative residual: 0.00046319302017105686
Iteration: 185, relative residual: 0.00046318615723770867
Iteration: 186, relative residual: 0.0004631830130282177
Iteration: 187, relative residual: 0.00046293608354767865
Iteration: 188, relative residual: 0.00046105565851888844
Iteration: 189, relative residual: 0.00045875991953020663
Iteration: 190, relative residual: 0.0004545372134506724
Iteration: 191, relative residual: 0.00045296164181487413
Iteration: 192, relative residual: 0.00045039171241781557
Iteration: 193, relative residual: 0.00044953107607376624
Iteration: 194, relative residual: 0.0004492975298740585
Iteration: 195, relative residual: 0.0004478953365803605
Iteration: 196, relative residual: 0.0004449898199960125
Iteration: 197, relative residual: 0.0004411004352841707
Iteration: 198, relative residual: 0.00043821464594846066
Iteration: 199, relative residual: 0.0004363107320774766
Iteration: 200, relative residual: 0.0004363107320774766
Residual: 0.0004363107320774766. Restart...
Iteration: 201, relative residual: 0.00043500254192695425
Iteration: 202, relative residual: 0.00043500246658259155
Iteration: 203, relative residual: 0.00043500052719962044
Iteration: 204, relative residual: 0.0004349989466138725
Iteration: 205, relative residual: 0.00043499894633750643
Iteration: 206, relative residual: 0.00043498932129945226
Iteration: 207, relative residual: 0.00043498122873940884
Iteration: 208, relative residual: 0.00043497975212021604
Iteration: 209, relative residual: 0.0004349665247635888
Iteration: 210, relative residual: 0.00043496189054758553
Iteration: 211, relative residual: 0.0004349579155942781
Iteration: 212, relative residual: 0.00043494749827153653
Iteration: 213, relative residual: 0.0004349425391687457
Iteration: 214, relative residual: 0.00043494251767094806
Iteration: 215, relative residual: 0.00043494065843279524
Iteration: 216, relative residual: 0.0004349401855046078
Iteration: 217, relative residual: 0.00043493466921403
Iteration: 218, relative residual: 0.0004348909843761446
Iteration: 219, relative residual: 0.00043478124655472105
Iteration: 220, relative residual: 0.00043472335083738256
Iteration: 221, relative residual: 0.000434705392717924
Iteration: 222, relative residual: 0.0004345812579770931
Iteration: 223, relative residual: 0.0004344532227349648
Iteration: 224, relative residual: 0.00043445298873077775
Iteration: 225, relative residual: 0.0004344194368597714
Iteration: 226, relative residual: 0.00043423622267292297
Iteration: 227, relative residual: 0.00043405283571953956
Iteration: 228, relative residual: 0.00043400683876572524
Iteration: 229, relative residual: 0.0004339266548598655
Iteration: 230, relative residual: 0.0004332534013729323
Iteration: 231, relative residual: 0.00043260573840895667
Iteration: 232, relative residual: 0.0004320582307742735
Iteration: 233, relative residual: 0.00043187080286411265
Iteration: 234, relative residual: 0.00043178896349101457
Iteration: 235, relative residual: 0.00043178399471030206
Iteration: 236, relative residual: 0.000431682216224026
Iteration: 237, relative residual: 0.0004314424946078442
Iteration: 238, relative residual: 0.00043091834062936404
Iteration: 239, relative residual: 0.0004305373581689264
Iteration: 240, relative residual: 0.0004305186787133756
Iteration: 241, relative residual: 0.00043048460078817807
Iteration: 242, relative residual: 0.00043027763229806066
Iteration: 243, relative residual: 0.00043018353744427804
Iteration: 244, relative residual: 0.00043017869336581515
Iteration: 245, relative residual: 0.0004301786743707281
Iteration: 246, relative residual: 0.0004299589550073321
Iteration: 247, relative residual: 0.00042965958020276185
Iteration: 248, relative residual: 0.0004293551557508619
Iteration: 249, relative residual: 0.0004290682760118882
Iteration: 250, relative residual: 0.0004290267401392894
Iteration: 251, relative residual: 0.0004288960673579447
Iteration: 252, relative residual: 0.00042877214408582927
Iteration: 253, relative residual: 0.00042802136480519137
Iteration: 254, relative residual: 0.0004272327340501865
Iteration: 255, relative residual: 0.00042598462104460026
Iteration: 256, relative residual: 0.00042552970046368826
Iteration: 257, relative residual: 0.0004246788713755106
Iteration: 258, relative residual: 0.00042424174930813437
Iteration: 259, relative residual: 0.0004241973606888727
Iteration: 260, relative residual: 0.00042418820283348025
Iteration: 261, relative residual: 0.00042404251863970124
Iteration: 262, relative residual: 0.00042377839105786456
Iteration: 263, relative residual: 0.00042309998956832374
Iteration: 264, relative residual: 0.0004224848470331956
Iteration: 265, relative residual: 0.00042237574941383384
Iteration: 266, relative residual: 0.00042232279661758666
Iteration: 267, relative residual: 0.0004220473352287697
Iteration: 268, relative residual: 0.0004217422320035508
Iteration: 269, relative residual: 0.00042141953562888643
Iteration: 270, relative residual: 0.00042139950660026503
Iteration: 271, relative residual: 0.0004212600107898907
Iteration: 272, relative residual: 0.0004208523049579289
Iteration: 273, relative residual: 0.00042079611785231653
Iteration: 274, relative residual: 0.00042007456245270143
Iteration: 275, relative residual: 0.00041957583940650567
Iteration: 276, relative residual: 0.00041874932811133807
Iteration: 277, relative residual: 0.00041665016379317967
Iteration: 278, relative residual: 0.0004163102272357222
Iteration: 279, relative residual: 0.0004160774753940109
Iteration: 280, relative residual: 0.0004160094309204218
Iteration: 281, relative residual: 0.0004159533633735917
Iteration: 282, relative residual: 0.0004159533052516092
Iteration: 283, relative residual: 0.0004155889285621889
Iteration: 284, relative residual: 0.0004140370482174686
Iteration: 285, relative residual: 0.00041315338332900513
Iteration: 286, relative residual: 0.00041169405645968674
Iteration: 287, relative residual: 0.0004113900505310216
Iteration: 288, relative residual: 0.0004109222196674222
Iteration: 289, relative residual: 0.0004086899449845855
Iteration: 290, relative residual: 0.0004068405389618859
Iteration: 291, relative residual: 0.0004060633186185498
Iteration: 292, relative residual: 0.0004060521841102161
Iteration: 293, relative residual: 0.0004060471665945271
Iteration: 294, relative residual: 0.00040561301435413814
Iteration: 295, relative residual: 0.0004026107541142712
Iteration: 296, relative residual: 0.00040113378998797106
Iteration: 297, relative residual: 0.0004005234824855228
Iteration: 298, relative residual: 0.0004005051947310039
Iteration: 299, relative residual: 0.00040008976278912967
Iteration: 300, relative residual: 0.00040008976278912967
Residual: 0.00040008976278912967. Restart...
Iteration: 301, relative residual: 0.00039828309412511144
Iteration: 302, relative residual: 0.0003982830765023648
Iteration: 303, relative residual: 0.0003982809268271469
Iteration: 304, relative residual: 0.00039828088700754927
Iteration: 305, relative residual: 0.00039827625042592374
Iteration: 306, relative residual: 0.00039826841433295045
Iteration: 307, relative residual: 0.0003982660085571589
Iteration: 308, relative residual: 0.0003982255117480518
Iteration: 309, relative residual: 0.0003981815165588115
Iteration: 310, relative residual: 0.00039818115718429287
Iteration: 311, relative residual: 0.0003981192530579599
Iteration: 312, relative residual: 0.0003979644670842927
Iteration: 313, relative residual: 0.00039787781510899174
Iteration: 314, relative residual: 0.00039780625564251064
Iteration: 315, relative residual: 0.00039780622465227986
Iteration: 316, relative residual: 0.0003977804759703332
Iteration: 317, relative residual: 0.00039773644288514706
Iteration: 318, relative residual: 0.00039773518301943384
Iteration: 319, relative residual: 0.00039768086184609506
Iteration: 320, relative residual: 0.000397640483246503
Iteration: 321, relative residual: 0.00039759546416058604
Iteration: 322, relative residual: 0.0003975954557988635
Iteration: 323, relative residual: 0.00039753689724425116
Iteration: 324, relative residual: 0.00039731979029493294
Iteration: 325, relative residual: 0.0003973080142245425
Iteration: 326, relative residual: 0.00039709438589264115
Iteration: 327, relative residual: 0.000396502682526072
Iteration: 328, relative residual: 0.0003962069698135812
Iteration: 329, relative residual: 0.0003961890941525197
Iteration: 330, relative residual: 0.0003956336709554802
Iteration: 331, relative residual: 0.0003943219683720989
Iteration: 332, relative residual: 0.0003935926664957295
Iteration: 333, relative residual: 0.00039343841813863165
Iteration: 334, relative residual: 0.0003934376252701362
Iteration: 335, relative residual: 0.0003933169035485639
Iteration: 336, relative residual: 0.0003931768250116413
Iteration: 337, relative residual: 0.00039266491565644935
Iteration: 338, relative residual: 0.00039240158374731526
Iteration: 339, relative residual: 0.00039233543747780133
Iteration: 340, relative residual: 0.00039156024543521946
Iteration: 341, relative residual: 0.00039078890609190966
Iteration: 342, relative residual: 0.000390536852417924
Iteration: 343, relative residual: 0.00039037183712700447
Iteration: 344, relative residual: 0.00038956776826768407
Iteration: 345, relative residual: 0.0003888200340479624
Iteration: 346, relative residual: 0.00038809468691956633
Iteration: 347, relative residual: 0.00038782240633100857
Iteration: 348, relative residual: 0.0003875994249483708
Iteration: 349, relative residual: 0.00038759022142501455
Iteration: 350, relative residual: 0.00038712792182204065
Iteration: 351, relative residual: 0.0003863049074165908
Iteration: 352, relative residual: 0.0003854072682004041
Iteration: 353, relative residual: 0.00038467791273571507
Iteration: 354, relative residual: 0.00038445197422136163
Iteration: 355, relative residual: 0.00038431488500638493
Iteration: 356, relative residual: 0.00038414117928842873
Iteration: 357, relative residual: 0.0003838853928636973
Iteration: 358, relative residual: 0.0003835189214134723
Iteration: 359, relative residual: 0.00038176166479850443
Iteration: 360, relative residual: 0.00038047055333398117
Iteration: 361, relative residual: 0.00037998407903348954
Iteration: 362, relative residual: 0.0003799837848966721
Iteration: 363, relative residual: 0.00037958899698684956
Iteration: 364, relative residual: 0.0003793694716899856
Iteration: 365, relative residual: 0.00037818966633667797
Iteration: 366, relative residual: 0.0003777528753766235
Iteration: 367, relative residual: 0.00037745750621085886
Iteration: 368, relative residual: 0.00037734168860217594
Iteration: 369, relative residual: 0.00037643796115825143
Iteration: 370, relative residual: 0.0003741810443938199
Iteration: 371, relative residual: 0.000372818682477439
Iteration: 372, relative residual: 0.00037245239867413586
Iteration: 373, relative residual: 0.0003723373233328842
Iteration: 374, relative residual: 0.00037220816328574485
Iteration: 375, relative residual: 0.0003722053608791316
Iteration: 376, relative residual: 0.0003721991646425088
Iteration: 377, relative residual: 0.0003721090860161526
Iteration: 378, relative residual: 0.00037190547359925303
Iteration: 379, relative residual: 0.000371651998703834
Iteration: 380, relative residual: 0.0003713526101914041
Iteration: 381, relative residual: 0.0003709705601757378
Iteration: 382, relative residual: 0.00037090456018323245
Iteration: 383, relative residual: 0.00037090446569022675
Iteration: 384, relative residual: 0.00037082722879937843
Iteration: 385, relative residual: 0.00037055720383372674
Iteration: 386, relative residual: 0.00037009224202612894
Iteration: 387, relative residual: 0.0003693007061853407
Iteration: 388, relative residual: 0.00036902872025045463
Iteration: 389, relative residual: 0.0003689944355040633
Iteration: 390, relative residual: 0.0003686531882625542
Iteration: 391, relative residual: 0.0003673413587757219
Iteration: 392, relative residual: 0.0003667961753063153
Iteration: 393, relative residual: 0.00036510389151932844
Iteration: 394, relative residual: 0.00036419212035479395
Iteration: 395, relative residual: 0.0003640813226420779
Iteration: 396, relative residual: 0.00036400748202111005
Iteration: 397, relative residual: 0.0003617106930530402
Iteration: 398, relative residual: 0.0003585777045345429
Iteration: 399, relative residual: 0.0003552340395363393
Iteration: 400, relative residual: 0.0003552340395363393
Residual: 0.0003552340395363393. Restart...
Iteration: 401, relative residual: 0.00035284150237766736
Iteration: 402, relative residual: 0.00035284148513051004
Iteration: 403, relative residual: 0.0003528409027242059
Iteration: 404, relative residual: 0.00035284071043546733
Iteration: 405, relative residual: 0.000352838242431615
Iteration: 406, relative residual: 0.00035282999567080577
Iteration: 407, relative residual: 0.0003528296841070492
Iteration: 408, relative residual: 0.0003528221403233235
Iteration: 409, relative residual: 0.0003528067171125457
Iteration: 410, relative residual: 0.0003528064300670649
Iteration: 411, relative residual: 0.00035279802408319494
Iteration: 412, relative residual: 0.00035277756501128746
Iteration: 413, relative residual: 0.00035275228328493947
Iteration: 414, relative residual: 0.000352751386016142
Iteration: 415, relative residual: 0.00035273413486779066
Iteration: 416, relative residual: 0.0003527160342363431
Iteration: 417, relative residual: 0.0003526952794641255
Iteration: 418, relative residual: 0.00035268138695001183
Iteration: 419, relative residual: 0.0003524711418884779
Iteration: 420, relative residual: 0.0003522788847140642
Iteration: 421, relative residual: 0.00035225909088309267
Iteration: 422, relative residual: 0.0003521746556583143
Iteration: 423, relative residual: 0.0003517015559506115
Iteration: 424, relative residual: 0.0003514994452749567
Iteration: 425, relative residual: 0.0003514938161159891
Iteration: 426, relative residual: 0.00035140599066735013
Iteration: 427, relative residual: 0.0003507643666844699
Iteration: 428, relative residual: 0.00035049116636220155
Iteration: 429, relative residual: 0.00035049115653562894
Iteration: 430, relative residual: 0.0003501591407196636
Iteration: 431, relative residual: 0.00034949541335751425
Iteration: 432, relative residual: 0.0003489929906856143
Iteration: 433, relative residual: 0.0003485227291665128
Iteration: 434, relative residual: 0.00034845390693022876
Iteration: 435, relative residual: 0.0003484537292136732
Iteration: 436, relative residual: 0.0003481382125050938
Iteration: 437, relative residual: 0.00034795128949582455
Iteration: 438, relative residual: 0.00034726974591103296
Iteration: 439, relative residual: 0.0003469638584950837
Iteration: 440, relative residual: 0.000346959179786672
Iteration: 441, relative residual: 0.00034678312016281105
Iteration: 442, relative residual: 0.00034647058300882176
Iteration: 443, relative residual: 0.0003463785030608387
Iteration: 444, relative residual: 0.0003463360978954586
Iteration: 445, relative residual: 0.00034616424226376963
Iteration: 446, relative residual: 0.0003458412732177613
Iteration: 447, relative residual: 0.0003455364913795619
Iteration: 448, relative residual: 0.00034519754116387467
Iteration: 449, relative residual: 0.00034519211666296664
Iteration: 450, relative residual: 0.0003450331742961385
Iteration: 451, relative residual: 0.0003447563436127046
Iteration: 452, relative residual: 0.00034457790784402575
Iteration: 453, relative residual: 0.0003441547240089867
Iteration: 454, relative residual: 0.000343780011578882
Iteration: 455, relative residual: 0.000343041661550784
Iteration: 456, relative residual: 0.00034270961458600916
Iteration: 457, relative residual: 0.00034252872750892337
Iteration: 458, relative residual: 0.0003424589017531153
Iteration: 459, relative residual: 0.00034245794159378694
Iteration: 460, relative residual: 0.0003423711537158349
Iteration: 461, relative residual: 0.00034220353545629407
Iteration: 462, relative residual: 0.00034157673468871987
Iteration: 463, relative residual: 0.00034122498956451095
Iteration: 464, relative residual: 0.0003411209016873126
Iteration: 465, relative residual: 0.0003410898607497918
Iteration: 466, relative residual: 0.0003410745349992494
Iteration: 467, relative residual: 0.00034103896711890064
Iteration: 468, relative residual: 0.0003409020746421025
Iteration: 469, relative residual: 0.00034077344034616567
Iteration: 470, relative residual: 0.0003405962587181021
Iteration: 471, relative residual: 0.000340314415823734
Iteration: 472, relative residual: 0.00034015975864431917
Iteration: 473, relative residual: 0.0003401417779485508
Iteration: 474, relative residual: 0.00034002599546264985
Iteration: 475, relative residual: 0.0003394524287925356
Iteration: 476, relative residual: 0.0003388924084348624
Iteration: 477, relative residual: 0.0003386550230689425
Iteration: 478, relative residual: 0.0003385577151856908
Iteration: 479, relative residual: 0.00033850864536332133
Iteration: 480, relative residual: 0.00033835410693111427
Iteration: 481, relative residual: 0.0003377037149283772
Iteration: 482, relative residual: 0.00033670346838713435
Iteration: 483, relative residual: 0.00033509035010277833
Iteration: 484, relative residual: 0.0003341888703067932
Iteration: 485, relative residual: 0.00033349427949314015
Iteration: 486, relative residual: 0.0003334464887632579
Iteration: 487, relative residual: 0.00033332419400058775
Iteration: 488, relative residual: 0.00033267573106667844
Iteration: 489, relative residual: 0.00033203991622189204
Iteration: 490, relative residual: 0.0003316044480868278
Iteration: 491, relative residual: 0.00033120386435542303
Iteration: 492, relative residual: 0.0003310985800279834
Iteration: 493, relative residual: 0.00033108610187789335
Iteration: 494, relative residual: 0.00033064376028895027
Iteration: 495, relative residual: 0.0003292265519864194
Iteration: 496, relative residual: 0.00032814927885423177
Iteration: 497, relative residual: 0.000327862380964042
Iteration: 498, relative residual: 0.0003278461942022676
Iteration: 499, relative residual: 0.00032735516581783964
Iteration: 500, relative residual: 0.00032735516581783964
Residual: 0.00032735516581783964. Restart...
Iteration: 501, relative residual: 0.00032627592694583747
Iteration: 502, relative residual: 0.00032627591863682617
Iteration: 503, relative residual: 0.00032627477914183426
Iteration: 504, relative residual: 0.00032627477259895545
Iteration: 505, relative residual: 0.000326272456994688
Iteration: 506, relative residual: 0.0003262647270681207
Iteration: 507, relative residual: 0.0003262646665818022
Iteration: 508, relative residual: 0.0003262489442722331
Iteration: 509, relative residual: 0.0003262415027067292
Iteration: 510, relative residual: 0.00032624149920740595
Iteration: 511, relative residual: 0.0003262368512943661
Iteration: 512, relative residual: 0.00032621487120109875
Iteration: 513, relative residual: 0.0003262115133716137
Iteration: 514, relative residual: 0.00032620860411730645
Iteration: 515, relative residual: 0.0003262056594278817
Iteration: 516, relative residual: 0.0003262001308639715
Iteration: 517, relative residual: 0.0003261939860127091
Iteration: 518, relative residual: 0.0003261928748211745
Iteration: 519, relative residual: 0.0003261366814679047
Iteration: 520, relative residual: 0.0003261049508742175
Iteration: 521, relative residual: 0.00032609947918909254
Iteration: 522, relative residual: 0.00032607119475445203
Iteration: 523, relative residual: 0.00032605226075974275
Iteration: 524, relative residual: 0.0003260507753110533
Iteration: 525, relative residual: 0.00032604531239757245
Iteration: 526, relative residual: 0.00032600049911765385
Iteration: 527, relative residual: 0.00032590563091420573
Iteration: 528, relative residual: 0.00032587979890364593
Iteration: 529, relative residual: 0.0003258417377461518
Iteration: 530, relative residual: 0.0003257037583792283
Iteration: 531, relative residual: 0.0003254639779538214
Iteration: 532, relative residual: 0.0003252817665001576
Iteration: 533, relative residual: 0.00032505415262911304
Iteration: 534, relative residual: 0.00032501910830937906
Iteration: 535, relative residual: 0.0003249972087842175
Iteration: 536, relative residual: 0.0003248663187949678
Iteration: 537, relative residual: 0.0003246666691895082
Iteration: 538, relative residual: 0.0003245126774892711
Iteration: 539, relative residual: 0.00032448757404278947
Iteration: 540, relative residual: 0.0003243801046362252
Iteration: 541, relative residual: 0.0003240725970003444
Iteration: 542, relative residual: 0.00032379923787778013
Iteration: 543, relative residual: 0.0003237980640134839
Iteration: 544, relative residual: 0.00032356635097174473
Iteration: 545, relative residual: 0.000323205960952606
Iteration: 546, relative residual: 0.00032279126455343646
Iteration: 547, relative residual: 0.00032273688827898515
Iteration: 548, relative residual: 0.0003227360348753142
Iteration: 549, relative residual: 0.00032270423526418416
Iteration: 550, relative residual: 0.00032255842021427426
Iteration: 551, relative residual: 0.00032235887170295056
Iteration: 552, relative residual: 0.0003220629872860902
Iteration: 553, relative residual: 0.0003217922616807487
Iteration: 554, relative residual: 0.000321616801090009
Iteration: 555, relative residual: 0.0003215910541652698
Iteration: 556, relative residual: 0.000321569415448547
Iteration: 557, relative residual: 0.0003214091629941326
Iteration: 558, relative residual: 0.00032107674842029736
Iteration: 559, relative residual: 0.00032071611241712083
Iteration: 560, relative residual: 0.00032058690257391853
Iteration: 561, relative residual: 0.00032048962049397806
Iteration: 562, relative residual: 0.0003203849561554548
Iteration: 563, relative residual: 0.00032038094287650755
Iteration: 564, relative residual: 0.0003203584799628831
Iteration: 565, relative residual: 0.0003202746266300877
Iteration: 566, relative residual: 0.00031993849248666167
Iteration: 567, relative residual: 0.0003197768940031781
Iteration: 568, relative residual: 0.0003197484483066845
Iteration: 569, relative residual: 0.0003197404082612143
Iteration: 570, relative residual: 0.00031973888082767287
Iteration: 571, relative residual: 0.000319720910976712
Iteration: 572, relative residual: 0.00031971257945332884
Iteration: 573, relative residual: 0.0003194784711229562
Iteration: 574, relative residual: 0.0003193141481157191
Iteration: 575, relative residual: 0.00031928098222968557
Iteration: 576, relative residual: 0.0003190980849965298
Iteration: 577, relative residual: 0.00031891089439027744
Iteration: 578, relative residual: 0.0003188466918530478
Iteration: 579, relative residual: 0.00031878204726684033
Iteration: 580, relative residual: 0.00031872871354569524
Iteration: 581, relative residual: 0.0003182102744987705
Iteration: 582, relative residual: 0.0003178766139223523
Iteration: 583, relative residual: 0.00031779077143565616
Iteration: 584, relative residual: 0.00031769589536454883
Iteration: 585, relative residual: 0.000317626155192763
Iteration: 586, relative residual: 0.0003175875653174163
Iteration: 587, relative residual: 0.0003162848700440808
Iteration: 588, relative residual: 0.00031567391434041646
Iteration: 589, relative residual: 0.0003156252710738201
Iteration: 590, relative residual: 0.0003154957522394997
Iteration: 591, relative residual: 0.0003145382264095925
Iteration: 592, relative residual: 0.00031414513037353857
Iteration: 593, relative residual: 0.00031322180235828656
Iteration: 594, relative residual: 0.0003128150120687944
Iteration: 595, relative residual: 0.0003127904162536355
Iteration: 596, relative residual: 0.000312486323159328
Iteration: 597, relative residual: 0.0003113903234828186
Iteration: 598, relative residual: 0.0003100096245389758
Iteration: 599, relative residual: 0.00030771408264113466
Iteration: 600, relative residual: 0.00030771408264113466
Residual: 0.00030771408264113466. Restart...
Iteration: 601, relative residual: 0.0003065600959342516
Iteration: 602, relative residual: 0.0003065600948473553
Iteration: 603, relative residual: 0.00030655862019402647
Iteration: 604, relative residual: 0.0003065586114019502
Iteration: 605, relative residual: 0.00030655493375682014
Iteration: 606, relative residual: 0.00030654359262630686
Iteration: 607, relative residual: 0.00030654187618888465
Iteration: 608, relative residual: 0.00030651766844881113
Iteration: 609, relative residual: 0.00030649958851701567
Iteration: 610, relative residual: 0.00030649729480629074
Iteration: 611, relative residual: 0.00030647179887712
Iteration: 612, relative residual: 0.0003064345689707438
Iteration: 613, relative residual: 0.0003063889839715617
Iteration: 614, relative residual: 0.0003063850175816786
Iteration: 615, relative residual: 0.0003063312105688506
Iteration: 616, relative residual: 0.0003062623130804634
Iteration: 617, relative residual: 0.00030617310796745146
Iteration: 618, relative residual: 0.0003061194254623404
Iteration: 619, relative residual: 0.00030611750400253877
Iteration: 620, relative residual: 0.0003060278111847803
Iteration: 621, relative residual: 0.0003059895319591776
Iteration: 622, relative residual: 0.00030598947375751597
Iteration: 623, relative residual: 0.0003058330219009994
Iteration: 624, relative residual: 0.00030559048445670577
Iteration: 625, relative residual: 0.00030556008608347815
Iteration: 626, relative residual: 0.0003054897179637409
Iteration: 627, relative residual: 0.0003050111991496352
Iteration: 628, relative residual: 0.00030490932011187024
Iteration: 629, relative residual: 0.0003049048776601348
Iteration: 630, relative residual: 0.0003047639672651376
Iteration: 631, relative residual: 0.00030431573332357606
Iteration: 632, relative residual: 0.0003039689995921867
Iteration: 633, relative residual: 0.0003035330981942785
Iteration: 634, relative residual: 0.00030337558131252263
Iteration: 635, relative residual: 0.0003033755325937459
Iteration: 636, relative residual: 0.0003032297631123666
Iteration: 637, relative residual: 0.0003030489074734533
Iteration: 638, relative residual: 0.0003025036142550947
Iteration: 639, relative residual: 0.0003022316433772698
Iteration: 640, relative residual: 0.00030223030058872856
Iteration: 641, relative residual: 0.00030213508382777467
Iteration: 642, relative residual: 0.0003019513365280854
Iteration: 643, relative residual: 0.0003018035278291439
Iteration: 644, relative residual: 0.00030180226680461957
Iteration: 645, relative residual: 0.00030175438521812785
Iteration: 646, relative residual: 0.0003016469478352574
Iteration: 647, relative residual: 0.00030141227821801355
Iteration: 648, relative residual: 0.00030117108198155244
Iteration: 649, relative residual: 0.00030115237370932554
Iteration: 650, relative residual: 0.00030113834732477804
Iteration: 651, relative residual: 0.0003010652504025177
Iteration: 652, relative residual: 0.00030096924045157515
Iteration: 653, relative residual: 0.0003003496164924562
Iteration: 654, relative residual: 0.0002998783751675513
Iteration: 655, relative residual: 0.0002992151773675723
Iteration: 656, relative residual: 0.00029917749451713565
Iteration: 657, relative residual: 0.0002991722908050997
Iteration: 658, relative residual: 0.0002991160789554832
Iteration: 659, relative residual: 0.0002988646266230519
Iteration: 660, relative residual: 0.0002986109612203869
Iteration: 661, relative residual: 0.0002984192742615869
Iteration: 662, relative residual: 0.00029813624918454133
Iteration: 663, relative residual: 0.00029809961767632704
Iteration: 664, relative residual: 0.00029806962978813395
Iteration: 665, relative residual: 0.000298049317816905
Iteration: 666, relative residual: 0.00029795463645550995
Iteration: 667, relative residual: 0.0002978025548349747
Iteration: 668, relative residual: 0.0002976648796805612
Iteration: 669, relative residual: 0.00029761370575902654
Iteration: 670, relative residual: 0.0002975977053424387
Iteration: 671, relative residual: 0.0002975375979656079
Iteration: 672, relative residual: 0.0002973527617838919
Iteration: 673, relative residual: 0.00029730450488932075
Iteration: 674, relative residual: 0.00029725004562253807
Iteration: 675, relative residual: 0.0002972067649013841
Iteration: 676, relative residual: 0.0002971482310669308
Iteration: 677, relative residual: 0.0002968890240538971
Iteration: 678, relative residual: 0.00029677556488438915
Iteration: 679, relative residual: 0.0002967466043297298
Iteration: 680, relative residual: 0.0002966792232540439
Iteration: 681, relative residual: 0.00029615355683660423
Iteration: 682, relative residual: 0.00029571727168504856
Iteration: 683, relative residual: 0.00029514812443301593
Iteration: 684, relative residual: 0.00029468299019284454
Iteration: 685, relative residual: 0.0002945378806625253
Iteration: 686, relative residual: 0.0002942899729976419
Iteration: 687, relative residual: 0.0002942793152939778
Iteration: 688, relative residual: 0.0002938777629403973
Iteration: 689, relative residual: 0.00029362554644358645
Iteration: 690, relative residual: 0.00029322011233871023
Iteration: 691, relative residual: 0.00029321720433040055
Iteration: 692, relative residual: 0.0002931928282381692
Iteration: 693, relative residual: 0.00029279850410375373
Iteration: 694, relative residual: 0.0002923054377653446
Iteration: 695, relative residual: 0.0002916778829656664
Iteration: 696, relative residual: 0.0002910361466111382
Iteration: 697, relative residual: 0.00029082696924806483
Iteration: 698, relative residual: 0.0002907665506159076
Iteration: 699, relative residual: 0.0002907320128464619
Iteration: 700, relative residual: 0.0002907320128464619
Residual: 0.0002907320128464619. Restart...
Iteration: 701, relative residual: 0.000290407586727817
Iteration: 702, relative residual: 0.0002904074303499351
Iteration: 703, relative residual: 0.0002904070485670432
Iteration: 704, relative residual: 0.0002904069689202195
Iteration: 705, relative residual: 0.00029040533465991624
Iteration: 706, relative residual: 0.00029040363679822196
Iteration: 707, relative residual: 0.00029040052101066155
Iteration: 708, relative residual: 0.0002903937147276513
Iteration: 709, relative residual: 0.0002903936417714473
Iteration: 710, relative residual: 0.0002903905979387661
Iteration: 711, relative residual: 0.0002903893901436851
Iteration: 712, relative residual: 0.0002903893278631533
Iteration: 713, relative residual: 0.0002903893187565346
Iteration: 714, relative residual: 0.0002903892342296777
Iteration: 715, relative residual: 0.000290389206214153
Iteration: 716, relative residual: 0.000290389179068446
Iteration: 717, relative residual: 0.00029038907511406064
Iteration: 718, relative residual: 0.0002903821937826976
Iteration: 719, relative residual: 0.00029033154976921465
Iteration: 720, relative residual: 0.0002902993060444576
Iteration: 721, relative residual: 0.000290291707342142
Iteration: 722, relative residual: 0.0002902480910496907
Iteration: 723, relative residual: 0.00029021730769858835
Iteration: 724, relative residual: 0.00029021376810227194
Iteration: 725, relative residual: 0.00029020109819431593
Iteration: 726, relative residual: 0.00029012695398191075
Iteration: 727, relative residual: 0.0002899341545018491
Iteration: 728, relative residual: 0.00028985525590897825
Iteration: 729, relative residual: 0.0002898528381902072
Iteration: 730, relative residual: 0.00028976642722057614
Iteration: 731, relative residual: 0.00028957107745657823
Iteration: 732, relative residual: 0.00028929434296903495
Iteration: 733, relative residual: 0.0002891407373407046
Iteration: 734, relative residual: 0.0002891357964181882
Iteration: 735, relative residual: 0.0002890790675577189
Iteration: 736, relative residual: 0.0002888853273423958
Iteration: 737, relative residual: 0.0002887528692027748
Iteration: 738, relative residual: 0.0002886980586343064
Iteration: 739, relative residual: 0.00028869681432184283
Iteration: 740, relative residual: 0.0002885497026308099
Iteration: 741, relative residual: 0.00028824098783335954
Iteration: 742, relative residual: 0.0002880694748537674
Iteration: 743, relative residual: 0.0002880524408023083
Iteration: 744, relative residual: 0.0002879663288284417
Iteration: 745, relative residual: 0.00028774443191431767
Iteration: 746, relative residual: 0.00028755610243491966
Iteration: 747, relative residual: 0.0002874449710271973
Iteration: 748, relative residual: 0.0002874259571747276
Iteration: 749, relative residual: 0.00028741474793283556
Iteration: 750, relative residual: 0.0002873579200203094
Iteration: 751, relative residual: 0.00028711692932120676
Iteration: 752, relative residual: 0.0002868523665973639
Iteration: 753, relative residual: 0.0002864547366865544
Iteration: 754, relative residual: 0.0002862697221304525
Iteration: 755, relative residual: 0.0002862595755824885
Iteration: 756, relative residual: 0.0002862019807498745
Iteration: 757, relative residual: 0.0002859849186365377
Iteration: 758, relative residual: 0.000285730938090226
Iteration: 759, relative residual: 0.00028524013356912443
Iteration: 760, relative residual: 0.00028494125937554647
Iteration: 761, relative residual: 0.0002848656432247225
Iteration: 762, relative residual: 0.0002848325548100816
Iteration: 763, relative residual: 0.0002848246571378567
Iteration: 764, relative residual: 0.0002847651752008407
Iteration: 765, relative residual: 0.00028463637916549696
Iteration: 766, relative residual: 0.00028455438452549376
Iteration: 767, relative residual: 0.0002845344109650353
Iteration: 768, relative residual: 0.00028453149049945147
Iteration: 769, relative residual: 0.00028450532379995847
Iteration: 770, relative residual: 0.00028446002900669407
Iteration: 771, relative residual: 0.00028434386464433286
Iteration: 772, relative residual: 0.00028429443315757165
Iteration: 773, relative residual: 0.0002842471442249798
Iteration: 774, relative residual: 0.0002842398652154976
Iteration: 775, relative residual: 0.00028423652350553313
Iteration: 776, relative residual: 0.000284181813464316
Iteration: 777, relative residual: 0.00028417435657152913
Iteration: 778, relative residual: 0.00028417435488675377
Iteration: 779, relative residual: 0.0002841375331426659
Iteration: 780, relative residual: 0.00028400989815316447
Iteration: 781, relative residual: 0.00028381700036455264
Iteration: 782, relative residual: 0.000283644228784982
Iteration: 783, relative residual: 0.00028361650248362095
Iteration: 784, relative residual: 0.00028358854013143473
Iteration: 785, relative residual: 0.0002833714454554482
Iteration: 786, relative residual: 0.0002831304237783164
Iteration: 787, relative residual: 0.0002829621218536636
Iteration: 788, relative residual: 0.0002829496312801625
Iteration: 789, relative residual: 0.00028294643588394955
Iteration: 790, relative residual: 0.00028284293708000745
Iteration: 791, relative residual: 0.00028261998528222106
Iteration: 792, relative residual: 0.0002821977994637403
Iteration: 793, relative residual: 0.00028196622032441266
Iteration: 794, relative residual: 0.00028187100126443837
Iteration: 795, relative residual: 0.0002818708998317727
Iteration: 796, relative residual: 0.0002818329841082425
Iteration: 797, relative residual: 0.00028153925443365614
Iteration: 798, relative residual: 0.00028080154385046175
Iteration: 799, relative residual: 0.0002804559619340692
Iteration: 800, relative residual: 0.0002804559619340692
Residual: 0.0002804559619340692. Restart...
Iteration: 801, relative residual: 0.0002801985448500536
Iteration: 802, relative residual: 0.0002801984191669638
Iteration: 803, relative residual: 0.0002801983771448656
Iteration: 804, relative residual: 0.000280198285969271
Iteration: 805, relative residual: 0.0002801976744583762
Iteration: 806, relative residual: 0.00028019697589862555
Iteration: 807, relative residual: 0.0002801955479659743
Iteration: 808, relative residual: 0.0002801922641191048
Iteration: 809, relative residual: 0.00028019174392159566
Iteration: 810, relative residual: 0.00028018984362637115
Iteration: 811, relative residual: 0.0002801848821534282
Iteration: 812, relative residual: 0.0002801779960254719
Iteration: 813, relative residual: 0.0002801698544707048
Iteration: 814, relative residual: 0.00028016983504610294
Iteration: 815, relative residual: 0.0002801542921990866
Iteration: 816, relative residual: 0.0002801241978021321
Iteration: 817, relative residual: 0.0002800471737192987
Iteration: 818, relative residual: 0.00027996060616879164
Iteration: 819, relative residual: 0.0002799379827987736
Iteration: 820, relative residual: 0.00027993584954359577
Iteration: 821, relative residual: 0.00027992336192859935
Iteration: 822, relative residual: 0.00027990590746092205
Iteration: 823, relative residual: 0.00027990590140721086
Iteration: 824, relative residual: 0.00027987868386541434
Iteration: 825, relative residual: 0.00027984452915969383
Iteration: 826, relative residual: 0.0002798212506193417
Iteration: 827, relative residual: 0.00027981207817293085
Iteration: 828, relative residual: 0.0002797757708055834
Iteration: 829, relative residual: 0.0002797087138729116
Iteration: 830, relative residual: 0.0002796873282699148
Iteration: 831, relative residual: 0.0002796757990150862
Iteration: 832, relative residual: 0.0002795726191399511
Iteration: 833, relative residual: 0.0002793866931617939
Iteration: 834, relative residual: 0.00027929442326944215
Iteration: 835, relative residual: 0.00027925166117553674
Iteration: 836, relative residual: 0.0002792510352174547
Iteration: 837, relative residual: 0.0002792354612365797
Iteration: 838, relative residual: 0.0002791168425640201
Iteration: 839, relative residual: 0.00027890043367866785
Iteration: 840, relative residual: 0.00027884842426350887
Iteration: 841, relative residual: 0.00027884840800807383
Iteration: 842, relative residual: 0.0002787999021503023
Iteration: 843, relative residual: 0.00027868604413169845
Iteration: 844, relative residual: 0.0002786401840801329
Iteration: 845, relative residual: 0.0002786357478389503
Iteration: 846, relative residual: 0.0002786310043584002
Iteration: 847, relative residual: 0.0002784222935245516
Iteration: 848, relative residual: 0.00027824516729263297
Iteration: 849, relative residual: 0.0002781378715768806
Iteration: 850, relative residual: 0.0002781166487137666
Iteration: 851, relative residual: 0.00027810156820373656
Iteration: 852, relative residual: 0.00027799099954594914
Iteration: 853, relative residual: 0.00027759873525876446
Iteration: 854, relative residual: 0.00027712619094181915
Iteration: 855, relative residual: 0.00027684280843526363
Iteration: 856, relative residual: 0.0002767728577682086
Iteration: 857, relative residual: 0.00027676861846110133
Iteration: 858, relative residual: 0.00027666968661342096
Iteration: 859, relative residual: 0.0002764264136849561
Iteration: 860, relative residual: 0.0002761511650174397
Iteration: 861, relative residual: 0.0002758813745327154
Iteration: 862, relative residual: 0.000275800185162708
Iteration: 863, relative residual: 0.0002757758429737852
Iteration: 864, relative residual: 0.00027574958814247227
Iteration: 865, relative residual: 0.0002757477262929582
Iteration: 866, relative residual: 0.00027570231670332953
Iteration: 867, relative residual: 0.00027564920452733565
Iteration: 868, relative residual: 0.0002755902959388406
Iteration: 869, relative residual: 0.0002755570109110414
Iteration: 870, relative residual: 0.0002755443581134761
Iteration: 871, relative residual: 0.00027554046945956883
Iteration: 872, relative residual: 0.0002755235066506283
Iteration: 873, relative residual: 0.00027549944031079803
Iteration: 874, relative residual: 0.0002754181752227497
Iteration: 875, relative residual: 0.0002752765519435136
Iteration: 876, relative residual: 0.0002751511157256094
Iteration: 877, relative residual: 0.000274828546500611
Iteration: 878, relative residual: 0.00027459694296552765
Iteration: 879, relative residual: 0.0002744623858509953
Iteration: 880, relative residual: 0.00027446168027647614
Iteration: 881, relative residual: 0.00027439075140743747
Iteration: 882, relative residual: 0.000274132195542852
Iteration: 883, relative residual: 0.0002733976204513587
Iteration: 884, relative residual: 0.00027256008341198054
Iteration: 885, relative residual: 0.00027223153556640834
Iteration: 886, relative residual: 0.0002721958259246323
Iteration: 887, relative residual: 0.0002720243875605276
Iteration: 888, relative residual: 0.00027158528699067994
Iteration: 889, relative residual: 0.00027106120937016466
Iteration: 890, relative residual: 0.000270984204465213
Iteration: 891, relative residual: 0.00027098108769108123
Iteration: 892, relative residual: 0.0002708990607367983
Iteration: 893, relative residual: 0.00027035611045721843
Iteration: 894, relative residual: 0.0002698369774512788
Iteration: 895, relative residual: 0.000269491175598602
Iteration: 896, relative residual: 0.0002694412916079952
Iteration: 897, relative residual: 0.00026937379220141715
Iteration: 898, relative residual: 0.0002691592879448395
Iteration: 899, relative residual: 0.00026897211728837804
Iteration: 900, relative residual: 0.00026897211728837804
Residual: 0.00026897211728837804. Restart...
Iteration: 901, relative residual: 0.0002687667780528636
Iteration: 902, relative residual: 0.00026876668258705923
Iteration: 903, relative residual: 0.0002687665590091201
Iteration: 904, relative residual: 0.0002687663518861736
Iteration: 905, relative residual: 0.0002687656565287232
Iteration: 906, relative residual: 0.00026876548737489887
Iteration: 907, relative residual: 0.00026876353594833816
Iteration: 908, relative residual: 0.0002687606122462824
Iteration: 909, relative residual: 0.0002687605691313192
Iteration: 910, relative residual: 0.00026875771163533204
Iteration: 911, relative residual: 0.00026875513784058034
Iteration: 912, relative residual: 0.00026875380689679747
Iteration: 913, relative residual: 0.00026875361350955034
Iteration: 914, relative residual: 0.00026875277158980055
Iteration: 915, relative residual: 0.0002687478183200529
Iteration: 916, relative residual: 0.00026874038093748154
Iteration: 917, relative residual: 0.0002687109763266813
Iteration: 918, relative residual: 0.00026868069639537207
Iteration: 919, relative residual: 0.0002686761776474191
Iteration: 920, relative residual: 0.00026867201406146203
Iteration: 921, relative residual: 0.0002686653790717604
Iteration: 922, relative residual: 0.0002686643696940974
Iteration: 923, relative residual: 0.00026866283197585954
Iteration: 924, relative residual: 0.0002686520414718861
Iteration: 925, relative residual: 0.0002686487540132049
Iteration: 926, relative residual: 0.0002686468385881119
Iteration: 927, relative residual: 0.00026864072756509005
Iteration: 928, relative residual: 0.0002686199386858137
Iteration: 929, relative residual: 0.0002686130909217433
Iteration: 930, relative residual: 0.00026860922603755825
Iteration: 931, relative residual: 0.0002685776926396327
Iteration: 932, relative residual: 0.0002685435180641268
Iteration: 933, relative residual: 0.000268524302251404
Iteration: 934, relative residual: 0.00026850288106371965
Iteration: 935, relative residual: 0.0002685002380423433
Iteration: 936, relative residual: 0.0002684977474272158
Iteration: 937, relative residual: 0.0002684943736079748
Iteration: 938, relative residual: 0.000268480376589221
Iteration: 939, relative residual: 0.0002684552895067535
Iteration: 940, relative residual: 0.0002684465366929888
Iteration: 941, relative residual: 0.0002684396358115968
Iteration: 942, relative residual: 0.000268436140312952
Iteration: 943, relative residual: 0.0002684081589191631
Iteration: 944, relative residual: 0.00026837634473590033
Iteration: 945, relative residual: 0.000268373864852197
Iteration: 946, relative residual: 0.00026836533353654274
Iteration: 947, relative residual: 0.0002682919510217411
Iteration: 948, relative residual: 0.0002681706024639981
Iteration: 949, relative residual: 0.0002681002169799973
Iteration: 950, relative residual: 0.0002680748407901377
Iteration: 951, relative residual: 0.00026807247955158307
Iteration: 952, relative residual: 0.0002680163547507919
Iteration: 953, relative residual: 0.00026781330002818426
Iteration: 954, relative residual: 0.0002676310316615311
Iteration: 955, relative residual: 0.0002674892874365448
Iteration: 956, relative residual: 0.0002674058518787661
Iteration: 957, relative residual: 0.0002673928794859899
Iteration: 958, relative residual: 0.0002673555393326711
Iteration: 959, relative residual: 0.0002671540273977353
Iteration: 960, relative residual: 0.00026696289668310064
Iteration: 961, relative residual: 0.0002666088903774713
Iteration: 962, relative residual: 0.0002664216209662286
Iteration: 963, relative residual: 0.0002663438183669139
Iteration: 964, relative residual: 0.00026630860260308683
Iteration: 965, relative residual: 0.00026630805741046775
Iteration: 966, relative residual: 0.0002662790871278602
Iteration: 967, relative residual: 0.0002662261647421871
Iteration: 968, relative residual: 0.0002661368368361949
Iteration: 969, relative residual: 0.0002660690275668488
Iteration: 970, relative residual: 0.00026604741236001885
Iteration: 971, relative residual: 0.0002660189141943924
Iteration: 972, relative residual: 0.0002660017336869152
Iteration: 973, relative residual: 0.0002659853295967224
Iteration: 974, relative residual: 0.0002659415088356607
Iteration: 975, relative residual: 0.0002659003848285385
Iteration: 976, relative residual: 0.0002656543392258798
Iteration: 977, relative residual: 0.0002653983524930087
Iteration: 978, relative residual: 0.0002653164847118509
Iteration: 979, relative residual: 0.0002652047992676486
Iteration: 980, relative residual: 0.00026519561949709715
Iteration: 981, relative residual: 0.00026518263828326086
Iteration: 982, relative residual: 0.00026495404384573094
Iteration: 983, relative residual: 0.0002646475415832279
Iteration: 984, relative residual: 0.000264490248293668
Iteration: 985, relative residual: 0.00026441855567969365
Iteration: 986, relative residual: 0.00026441852567403505
Iteration: 987, relative residual: 0.000263994265846898
Iteration: 988, relative residual: 0.00026378378294849967
Iteration: 989, relative residual: 0.0002635565071703927
Iteration: 990, relative residual: 0.00026350499203624917
Iteration: 991, relative residual: 0.00026343240678881674
Iteration: 992, relative residual: 0.0002632079300908604
Iteration: 993, relative residual: 0.00026281673213332903
Iteration: 994, relative residual: 0.0002619435809152384
Iteration: 995, relative residual: 0.00026147416191607027
Iteration: 996, relative residual: 0.0002613401720064621
Iteration: 997, relative residual: 0.00026131933977810266
Iteration: 998, relative residual: 0.0002610354462169298
Iteration: 999, relative residual: 0.0002604933499113081
Iteration: 1000, relative residual: 0.0002604933499113081
Residual: 0.0002604933499113081. Restart...
Warning!!!!You have reached the maximum number of iterations : 1000.
The run will stop. Check the residual behaviour you might have a bug.For future runs you might consider changing the tolerance or increasing the number of max_iter.
Solve time        : 5146.67671751976s

Calculate Solvation Energy (E_solv)
Calculating solvation energy for region 1, stored in E_solv[0]
6087.334344237845 of 621397 analytical integrals for phi_reac calculation in region 1
Time E_solv: 5.287043809890747s
Region 1: E_solv = -8380.369172693523 kcal/mol = -35063.464618549704 kJ/mol

Calculate Surface Energy (E_surf)
Time E_surf: 0.020423173904418945s

Calculate Coulomb Energy (E_coul)
Calculate Coulomb energy for region 1
Region 1: E_coul = -288043.88402167376 kcal/mol = -1205175.610746683 kJ/mol
Time E_coul: 33.46478986740112s

------------------------------
Totals:
E_solv = -8380.369172693523 kcal/mol
E_surf = 0 kcal/mol
E_coul = -288043.88402167376 kcal/mol

Time = 5268.28656744957 s
