Run started on:
	Date: 2020/5/25
	Time: 15:44:18
	PyGBe version: 0.3.2+5.gea0f875
Config file: /cobra/u/gvargas/code/hPB/pygbe/pygbe/myCrownFinShots/sarsCov2002/snap4/snap4.config
Parameter file: /cobra/u/gvargas/code/hPB/pygbe/pygbe/myCrownFinShots/sarsCov2002/snap4/snap4.param
Geometry folder: /cobra/u/gvargas/code/hPB/pygbe/pygbe/myCrownFinShots/sarsCov2002/snap4/geometry
Running in: /cobra/u/gvargas/code/hPB/pygbe/pygbe/myCrownFinShots/sarsCov2002/snap4

Reading surface 0 from file geometry/crownVF2002
Time load mesh: 10.526251792907715
Removed areas=0: 206

Total elements : 622364
Total equations: 1244728
----------------------------

1 surfaces:

Surface 0:
	622364 elements
	Surface type         : dielectric_interface
	Cells                : 3798
	Twigs                : 3215
	Levels               : 7
	C0 size              : 121.06412661007265
	C0 box center        : 68.87769804648083, 91.93155450133148, 132.4277474966418
	Twig cell size       : 1.8916269782823851
	Rbox/theta           : 3.7832539565647703
	Analytic distance    : 1.2981019203937039
	Elem. per Ang^2      : 4.157941356809677
	Max, min, avg elem.  : 1.3857703318739425, 4.999999999763533e-07, 0.24050363249165307
	Total area           : 149680.80273203517
------------------------------

2 regions:

Region 0:
	Laplace or Yukawa: 2
	kappa            : 0.125
	dielectric const : 80.0
	Number of charges: 0
	Parent surface   : []
	Child surfaces   : [0]
Region 1:
	Laplace or Yukawa: 1
	kappa            : 1e-12
	dielectric const : 4.0
	Number of charges: 60346
	Parent surface   : [0]
	Child surfaces   : []
------------------------------

Parameters:
	Data type               : <class 'numpy.float64'>
	Use GPU                 : 1
	P                       : 4
	threshold               : 0.50
	theta                   : 0.50
	NCRIT                   : 500
	CUDA block size         : 128
	Gauss points per element: 1
	Gauss points near singlr: 25
	1D Gauss points per side: 9
	GMRES tolerance         : 1e-05
	GMRES max iterations    : 1000
	GMRES restart iteration : 100
----------------------------

Generate interaction list
Transfer data to GPU
Generate RHS
List time          : 3.5124003887176514s
Data transfer time : 0.42771387100219727s
RHS generation time: 1.3164446353912354s
------------------------------
Total setup time   : 79.33531785011292s
Solve
Iteration: 1, relative residual: 0.5398042543095901
Iteration: 2, relative residual: 0.35968994685994354
Iteration: 3, relative residual: 0.2753224218725618
Iteration: 4, relative residual: 0.23172190602008358
Iteration: 5, relative residual: 0.17345194994401114
Iteration: 6, relative residual: 0.13719396241816076
Iteration: 7, relative residual: 0.11463116819445693
Iteration: 8, relative residual: 0.09727562829502412
Iteration: 9, relative residual: 0.08293133663743286
Iteration: 10, relative residual: 0.06817860099221264
Iteration: 11, relative residual: 0.06056931252652271
Iteration: 12, relative residual: 0.049920789548082364
Iteration: 13, relative residual: 0.0435555527853225
Iteration: 14, relative residual: 0.03739102377706832
Iteration: 15, relative residual: 0.03499820155552808
Iteration: 16, relative residual: 0.03464900467624408
Iteration: 17, relative residual: 0.028629341944603107
Iteration: 18, relative residual: 0.022010589151732755
Iteration: 19, relative residual: 0.02198822286175153
Iteration: 20, relative residual: 0.01974767716869608
Iteration: 21, relative residual: 0.01739566516764243
Iteration: 22, relative residual: 0.015309074216076303
Iteration: 23, relative residual: 0.01272876471319629
Iteration: 24, relative residual: 0.010959997247536307
Iteration: 25, relative residual: 0.010457994232833308
Iteration: 26, relative residual: 0.010425637186200395
Iteration: 27, relative residual: 0.009484051417550111
Iteration: 28, relative residual: 0.008366143033289922
Iteration: 29, relative residual: 0.007351406425152306
Iteration: 30, relative residual: 0.006516272488379166
Iteration: 31, relative residual: 0.0060169720857986535
Iteration: 32, relative residual: 0.005531968612026116
Iteration: 33, relative residual: 0.005021652795702153
Iteration: 34, relative residual: 0.004727264923569511
Iteration: 35, relative residual: 0.0040805404124600615
Iteration: 36, relative residual: 0.003730001252482071
Iteration: 37, relative residual: 0.0034269669541538254
Iteration: 38, relative residual: 0.003225545451251013
Iteration: 39, relative residual: 0.003154216416679335
Iteration: 40, relative residual: 0.003138171500291796
Iteration: 41, relative residual: 0.003131614250568672
Iteration: 42, relative residual: 0.0029547713128834086
Iteration: 43, relative residual: 0.0028430891175023616
Iteration: 44, relative residual: 0.002609559293409923
Iteration: 45, relative residual: 0.002445654683109358
Iteration: 46, relative residual: 0.002307356963099989
Iteration: 47, relative residual: 0.002220311335241005
Iteration: 48, relative residual: 0.002156775103507462
Iteration: 49, relative residual: 0.002148175823145571
Iteration: 50, relative residual: 0.0021338144257535495
Iteration: 51, relative residual: 0.00208966661551546
Iteration: 52, relative residual: 0.001994054266582472
Iteration: 53, relative residual: 0.0019589174188977872
Iteration: 54, relative residual: 0.001878629469818926
Iteration: 55, relative residual: 0.0018747505766156054
Iteration: 56, relative residual: 0.0018522057582977599
Iteration: 57, relative residual: 0.001818197663235282
Iteration: 58, relative residual: 0.0017959410986138824
Iteration: 59, relative residual: 0.0017758749182388502
Iteration: 60, relative residual: 0.0017758717204414823
Iteration: 61, relative residual: 0.0017690200756554856
Iteration: 62, relative residual: 0.0017532416567014664
Iteration: 63, relative residual: 0.0017325880222493664
Iteration: 64, relative residual: 0.0017139361101337475
Iteration: 65, relative residual: 0.001707956881836684
Iteration: 66, relative residual: 0.0016747012106206843
Iteration: 67, relative residual: 0.0016388547700957406
Iteration: 68, relative residual: 0.0015822439053474167
Iteration: 69, relative residual: 0.0015697622295921087
Iteration: 70, relative residual: 0.0015695830428289744
Iteration: 71, relative residual: 0.001557453296016702
Iteration: 72, relative residual: 0.0015020683284310819
Iteration: 73, relative residual: 0.0014442119251283033
Iteration: 74, relative residual: 0.0013592612367169894
Iteration: 75, relative residual: 0.0013200055333787825
Iteration: 76, relative residual: 0.001315548975342502
Iteration: 77, relative residual: 0.0012784094607690658
Iteration: 78, relative residual: 0.0012175566271673032
Iteration: 79, relative residual: 0.0011617024857988906
Iteration: 80, relative residual: 0.001115060043557412
Iteration: 81, relative residual: 0.0011146680257940757
Iteration: 82, relative residual: 0.0011060063799364951
Iteration: 83, relative residual: 0.0010793311957142619
Iteration: 84, relative residual: 0.001048230020687626
Iteration: 85, relative residual: 0.000987400253933405
Iteration: 86, relative residual: 0.0009519675102872792
Iteration: 87, relative residual: 0.0009169615449561375
Iteration: 88, relative residual: 0.0009073512656538041
Iteration: 89, relative residual: 0.0009073480108927097
Iteration: 90, relative residual: 0.0009007982959689932
Iteration: 91, relative residual: 0.0008936909359402825
Iteration: 92, relative residual: 0.0008716621157602237
Iteration: 93, relative residual: 0.0008538510234153126
Iteration: 94, relative residual: 0.0008301648115115885
Iteration: 95, relative residual: 0.0008285059623452654
Iteration: 96, relative residual: 0.000828070429627674
Iteration: 97, relative residual: 0.0008236939990590425
Iteration: 98, relative residual: 0.0008057883482539354
Iteration: 99, relative residual: 0.0007729203387094678
Iteration: 100, relative residual: 0.0007729203387094678
Residual: 0.0007729203387094678. Restart...
Iteration: 101, relative residual: 0.0007499145751299973
Iteration: 102, relative residual: 0.0007498135527381408
Iteration: 103, relative residual: 0.000749454962781906
Iteration: 104, relative residual: 0.0007484544544019543
Iteration: 105, relative residual: 0.0007481050707298562
Iteration: 106, relative residual: 0.0007471732798911548
Iteration: 107, relative residual: 0.0007453649537435445
Iteration: 108, relative residual: 0.0007443894028467294
Iteration: 109, relative residual: 0.0007443594392549435
Iteration: 110, relative residual: 0.0007422893630139725
Iteration: 111, relative residual: 0.0007415481044498626
Iteration: 112, relative residual: 0.0007389210168921213
Iteration: 113, relative residual: 0.0007376619821277757
Iteration: 114, relative residual: 0.0007376607492110626
Iteration: 115, relative residual: 0.0007368585017246132
Iteration: 116, relative residual: 0.000735456874943751
Iteration: 117, relative residual: 0.0007351015534382242
Iteration: 118, relative residual: 0.0007338814588151684
Iteration: 119, relative residual: 0.000732641031167843
Iteration: 120, relative residual: 0.0007310907075681275
Iteration: 121, relative residual: 0.000728286544353762
Iteration: 122, relative residual: 0.0007245761265199355
Iteration: 123, relative residual: 0.0007211124714551974
Iteration: 124, relative residual: 0.0007201842818289125
Iteration: 125, relative residual: 0.0007199955507407263
Iteration: 126, relative residual: 0.0007199011398688754
Iteration: 127, relative residual: 0.0007195009613780274
Iteration: 128, relative residual: 0.0007170314682911535
Iteration: 129, relative residual: 0.0007135348844948396
Iteration: 130, relative residual: 0.0007116823027798449
Iteration: 131, relative residual: 0.0007114234805077958
Iteration: 132, relative residual: 0.0007113369231875498
Iteration: 133, relative residual: 0.0007110785362000374
Iteration: 134, relative residual: 0.0007072560757508882
Iteration: 135, relative residual: 0.0006964895044337149
Iteration: 136, relative residual: 0.000693311670191213
Iteration: 137, relative residual: 0.0006920215783092637
Iteration: 138, relative residual: 0.000691108522589297
Iteration: 139, relative residual: 0.0006892133520103648
Iteration: 140, relative residual: 0.0006863177096802488
Iteration: 141, relative residual: 0.0006800042846526701
Iteration: 142, relative residual: 0.0006676213712392588
Iteration: 143, relative residual: 0.0006627526458901705
Iteration: 144, relative residual: 0.0006598150873396856
Iteration: 145, relative residual: 0.0006594808652366539
Iteration: 146, relative residual: 0.0006582193983541099
Iteration: 147, relative residual: 0.0006444714110614082
Iteration: 148, relative residual: 0.0006360716409376147
Iteration: 149, relative residual: 0.0006275329841355581
Iteration: 150, relative residual: 0.0006250216770192305
Iteration: 151, relative residual: 0.0006249270577917916
Iteration: 152, relative residual: 0.0006194470169721363
Iteration: 153, relative residual: 0.0006122321494333581
Iteration: 154, relative residual: 0.0006058060603361862
Iteration: 155, relative residual: 0.0006040864284045704
Iteration: 156, relative residual: 0.0006039791952823342
Iteration: 157, relative residual: 0.0006026189182375098
Iteration: 158, relative residual: 0.0006016941618042428
Iteration: 159, relative residual: 0.0005951889867218347
Iteration: 160, relative residual: 0.0005899071557384343
Iteration: 161, relative residual: 0.0005888708841321139
Iteration: 162, relative residual: 0.000588790686148334
Iteration: 163, relative residual: 0.000585735250222061
Iteration: 164, relative residual: 0.0005690414120504249
Iteration: 165, relative residual: 0.000546108508105326
Iteration: 166, relative residual: 0.0005391269426583918
Iteration: 167, relative residual: 0.0005348917259688497
Iteration: 168, relative residual: 0.0005324461879159983
Iteration: 169, relative residual: 0.0005302354645994224
Iteration: 170, relative residual: 0.0005288159651669804
Iteration: 171, relative residual: 0.000523437740089801
Iteration: 172, relative residual: 0.0005112734583503264
Iteration: 173, relative residual: 0.0005046776802077017
Iteration: 174, relative residual: 0.0005029917327000929
Iteration: 175, relative residual: 0.0005029907762967622
Iteration: 176, relative residual: 0.0005022195183092734
Iteration: 177, relative residual: 0.0004953402354009246
Iteration: 178, relative residual: 0.0004853624529446736
Iteration: 179, relative residual: 0.00047835825476509516
Iteration: 180, relative residual: 0.00047822358049072407
Iteration: 181, relative residual: 0.0004735280772640615
Iteration: 182, relative residual: 0.0004675056434002763
Iteration: 183, relative residual: 0.00045717287012255365
Iteration: 184, relative residual: 0.0004547080680889634
Iteration: 185, relative residual: 0.0004535799126036636
Iteration: 186, relative residual: 0.0004527300581755244
Iteration: 187, relative residual: 0.00045232131296276513
Iteration: 188, relative residual: 0.00045231821164704315
Iteration: 189, relative residual: 0.0004516926927989452
Iteration: 190, relative residual: 0.00045131665459937644
Iteration: 191, relative residual: 0.00045100005153076556
Iteration: 192, relative residual: 0.000450164304491613
Iteration: 193, relative residual: 0.0004495424761024743
Iteration: 194, relative residual: 0.00044950481595133675
Iteration: 195, relative residual: 0.0004487199626115761
Iteration: 196, relative residual: 0.00044853677033728005
Iteration: 197, relative residual: 0.00044815663068468943
Iteration: 198, relative residual: 0.00044767399200639456
Iteration: 199, relative residual: 0.000447260883519485
Iteration: 200, relative residual: 0.000447260883519485
Residual: 0.000447260883519485. Restart...
Iteration: 201, relative residual: 0.00044633395580448686
Iteration: 202, relative residual: 0.0004463339285453545
Iteration: 203, relative residual: 0.0004463339119513427
Iteration: 204, relative residual: 0.00044633390586803356
Iteration: 205, relative residual: 0.0004463338717726706
Iteration: 206, relative residual: 0.00044633383165846376
Iteration: 207, relative residual: 0.00044633381425525473
Iteration: 208, relative residual: 0.00044633380090174345
Iteration: 209, relative residual: 0.0004463336490322165
Iteration: 210, relative residual: 0.00044633331123182876
Iteration: 211, relative residual: 0.00044633317011389913
Iteration: 212, relative residual: 0.00044633264265154794
Iteration: 213, relative residual: 0.0004463314937303048
Iteration: 214, relative residual: 0.0004463312250255359
Iteration: 215, relative residual: 0.00044633056562621225
Iteration: 216, relative residual: 0.000446316444377167
Iteration: 217, relative residual: 0.00044628989984476944
Iteration: 218, relative residual: 0.0004462410188094336
Iteration: 219, relative residual: 0.00044614644558344305
Iteration: 220, relative residual: 0.0004459883130767206
Iteration: 221, relative residual: 0.0004459052603679559
Iteration: 222, relative residual: 0.00044590489433408634
Iteration: 223, relative residual: 0.0004458781664862415
Iteration: 224, relative residual: 0.00044572417366005535
Iteration: 225, relative residual: 0.0004455656738592636
Iteration: 226, relative residual: 0.00044543756448786614
Iteration: 227, relative residual: 0.0004453150415486274
Iteration: 228, relative residual: 0.00044525207705585685
Iteration: 229, relative residual: 0.00044524334023339257
Iteration: 230, relative residual: 0.00044524309599265383
Iteration: 231, relative residual: 0.00044523558234498716
Iteration: 232, relative residual: 0.00044519821458507855
Iteration: 233, relative residual: 0.00044517136074819923
Iteration: 234, relative residual: 0.0004451099222071459
Iteration: 235, relative residual: 0.00044498111065936107
Iteration: 236, relative residual: 0.00044486032136558003
Iteration: 237, relative residual: 0.00044483016047443995
Iteration: 238, relative residual: 0.0004448226103239694
Iteration: 239, relative residual: 0.00044457873852355947
Iteration: 240, relative residual: 0.0004442688966951041
Iteration: 241, relative residual: 0.0004441078988567125
Iteration: 242, relative residual: 0.00044400479891735926
Iteration: 243, relative residual: 0.00044399731599909236
Iteration: 244, relative residual: 0.00044374692016800626
Iteration: 245, relative residual: 0.00044316420602791686
Iteration: 246, relative residual: 0.0004424759961729451
Iteration: 247, relative residual: 0.0004422171861318485
Iteration: 248, relative residual: 0.00044205880869331625
Iteration: 249, relative residual: 0.0004420397112065476
Iteration: 250, relative residual: 0.0004414690183238459
Iteration: 251, relative residual: 0.0004406701623366689
Iteration: 252, relative residual: 0.00044043345033740273
Iteration: 253, relative residual: 0.0004403904572234796
Iteration: 254, relative residual: 0.0004400398180452579
Iteration: 255, relative residual: 0.0004395096457052389
Iteration: 256, relative residual: 0.00043920198829279684
Iteration: 257, relative residual: 0.00043897532480770073
Iteration: 258, relative residual: 0.00043896755248077897
Iteration: 259, relative residual: 0.0004385619490232468
Iteration: 260, relative residual: 0.00043727199007652997
Iteration: 261, relative residual: 0.0004359829197023638
Iteration: 262, relative residual: 0.000433876799458239
Iteration: 263, relative residual: 0.0004321589084294663
Iteration: 264, relative residual: 0.00043209434672228104
Iteration: 265, relative residual: 0.00043063772761673806
Iteration: 266, relative residual: 0.00042791620263148947
Iteration: 267, relative residual: 0.00042593897931063963
Iteration: 268, relative residual: 0.00042501875213493543
Iteration: 269, relative residual: 0.00042479903543234695
Iteration: 270, relative residual: 0.0004247677188606504
Iteration: 271, relative residual: 0.00042353899743179243
Iteration: 272, relative residual: 0.000421210729877657
Iteration: 273, relative residual: 0.00041803760983827093
Iteration: 274, relative residual: 0.00041706242360654437
Iteration: 275, relative residual: 0.0004166692857493761
Iteration: 276, relative residual: 0.00041632414732384695
Iteration: 277, relative residual: 0.0004162796098197531
Iteration: 278, relative residual: 0.0004159783518851453
Iteration: 279, relative residual: 0.0004151411568206317
Iteration: 280, relative residual: 0.00041363214398220353
Iteration: 281, relative residual: 0.0004114112752306811
Iteration: 282, relative residual: 0.0004104469136900686
Iteration: 283, relative residual: 0.0004102221855833142
Iteration: 284, relative residual: 0.00041012302728364884
Iteration: 285, relative residual: 0.00040956164252541375
Iteration: 286, relative residual: 0.0004081301419081212
Iteration: 287, relative residual: 0.0004065314766562129
Iteration: 288, relative residual: 0.0004054410385755634
Iteration: 289, relative residual: 0.0004044251016877401
Iteration: 290, relative residual: 0.00040418572539997684
Iteration: 291, relative residual: 0.00040416524946378487
Iteration: 292, relative residual: 0.0004034998278232544
Iteration: 293, relative residual: 0.00040111409855430864
Iteration: 294, relative residual: 0.00039715896664586946
Iteration: 295, relative residual: 0.00038608635963514285
Iteration: 296, relative residual: 0.00038233001926285483
Iteration: 297, relative residual: 0.00038203782100113047
Iteration: 298, relative residual: 0.0003807315553385399
Iteration: 299, relative residual: 0.0003754389458556998
Iteration: 300, relative residual: 0.0003754389458556998
Residual: 0.0003754389458556998. Restart...
Iteration: 301, relative residual: 0.0003638766283015227
Iteration: 302, relative residual: 0.000363874372723611
Iteration: 303, relative residual: 0.0003638586334504593
Iteration: 304, relative residual: 0.00036377987860667776
Iteration: 305, relative residual: 0.0003636056485516969
Iteration: 306, relative residual: 0.0003635480112396229
Iteration: 307, relative residual: 0.0003634557241226514
Iteration: 308, relative residual: 0.0003631815954186568
Iteration: 309, relative residual: 0.0003626457221104584
Iteration: 310, relative residual: 0.0003624525166513776
Iteration: 311, relative residual: 0.0003624314080032667
Iteration: 312, relative residual: 0.0003622845619231767
Iteration: 313, relative residual: 0.0003619392211322212
Iteration: 314, relative residual: 0.00036140190239178306
Iteration: 315, relative residual: 0.0003609893747969247
Iteration: 316, relative residual: 0.00036071428828185833
Iteration: 317, relative residual: 0.0003606887435126288
Iteration: 318, relative residual: 0.0003606231657429238
Iteration: 319, relative residual: 0.0003603861379809406
Iteration: 320, relative residual: 0.00036023762451441464
Iteration: 321, relative residual: 0.0003596627465631642
Iteration: 322, relative residual: 0.00035924547926575193
Iteration: 323, relative residual: 0.00035918200681818387
Iteration: 324, relative residual: 0.0003588414577236711
Iteration: 325, relative residual: 0.00035780977953669166
Iteration: 326, relative residual: 0.00035618744925742157
Iteration: 327, relative residual: 0.0003538237624194646
Iteration: 328, relative residual: 0.00035109205620364493
Iteration: 329, relative residual: 0.00034994826591646424
Iteration: 330, relative residual: 0.00034940709496133647
Iteration: 331, relative residual: 0.00034918479766391034
Iteration: 332, relative residual: 0.0003491625445332269
Iteration: 333, relative residual: 0.0003487162090222327
Iteration: 334, relative residual: 0.0003475438843647184
Iteration: 335, relative residual: 0.00034667982321459883
Iteration: 336, relative residual: 0.00034611525450333516
Iteration: 337, relative residual: 0.0003460631757323949
Iteration: 338, relative residual: 0.0003454804416493701
Iteration: 339, relative residual: 0.0003432197463397642
Iteration: 340, relative residual: 0.0003427048409681928
Iteration: 341, relative residual: 0.0003426658393193208
Iteration: 342, relative residual: 0.00034265514834684797
Iteration: 343, relative residual: 0.0003425303280462894
Iteration: 344, relative residual: 0.00034224891316306884
Iteration: 345, relative residual: 0.00034157338552273295
Iteration: 346, relative residual: 0.0003405135367329892
Iteration: 347, relative residual: 0.00034029838524928083
Iteration: 348, relative residual: 0.0003402334568668162
Iteration: 349, relative residual: 0.000340176802795454
Iteration: 350, relative residual: 0.00034002964042246034
Iteration: 351, relative residual: 0.0003396017489314307
Iteration: 352, relative residual: 0.0003388778352889111
Iteration: 353, relative residual: 0.0003388729527220697
Iteration: 354, relative residual: 0.0003385229453395941
Iteration: 355, relative residual: 0.00033716658792998477
Iteration: 356, relative residual: 0.0003362252344249855
Iteration: 357, relative residual: 0.00033620897257150565
Iteration: 358, relative residual: 0.0003361754787857893
Iteration: 359, relative residual: 0.0003361192905145079
Iteration: 360, relative residual: 0.00033599463882241293
Iteration: 361, relative residual: 0.0003356163310465859
Iteration: 362, relative residual: 0.0003348839115943393
Iteration: 363, relative residual: 0.0003336819954527331
Iteration: 364, relative residual: 0.00033320622315073905
Iteration: 365, relative residual: 0.00033313802743634965
Iteration: 366, relative residual: 0.0003326040776323496
Iteration: 367, relative residual: 0.0003322188491586345
Iteration: 368, relative residual: 0.00033151494606270315
Iteration: 369, relative residual: 0.00033147160177253167
Iteration: 370, relative residual: 0.0003313655351049135
Iteration: 371, relative residual: 0.00033128982503943946
Iteration: 372, relative residual: 0.000330848057708989
Iteration: 373, relative residual: 0.0003301667797963255
Iteration: 374, relative residual: 0.00032850421141645614
Iteration: 375, relative residual: 0.0003277597729868301
Iteration: 376, relative residual: 0.0003270167279476617
Iteration: 377, relative residual: 0.0003265639123379166
Iteration: 378, relative residual: 0.00032655567619177685
Iteration: 379, relative residual: 0.00032650128456468647
Iteration: 380, relative residual: 0.0003259279016855336
Iteration: 381, relative residual: 0.0003251850621799266
Iteration: 382, relative residual: 0.00032398918820203724
Iteration: 383, relative residual: 0.00032315886931906626
Iteration: 384, relative residual: 0.00032311025591663054
Iteration: 385, relative residual: 0.00032310998927034373
Iteration: 386, relative residual: 0.00032307101784006766
Iteration: 387, relative residual: 0.00032300923099035463
Iteration: 388, relative residual: 0.000322706462710842
Iteration: 389, relative residual: 0.00032176956797116247
Iteration: 390, relative residual: 0.0003216031243228205
Iteration: 391, relative residual: 0.0003210625917991029
Iteration: 392, relative residual: 0.0003210507653415741
Iteration: 393, relative residual: 0.00032095007861748266
Iteration: 394, relative residual: 0.0003204285583919352
Iteration: 395, relative residual: 0.0003195552327086104
Iteration: 396, relative residual: 0.00031826180984996326
Iteration: 397, relative residual: 0.00031776032568617475
Iteration: 398, relative residual: 0.00031731398669483267
Iteration: 399, relative residual: 0.00031730347454701785
Iteration: 400, relative residual: 0.00031730347454701785
Residual: 0.00031730347454701785. Restart...
Iteration: 401, relative residual: 0.00031711595282272
Iteration: 402, relative residual: 0.0003171155467151636
Iteration: 403, relative residual: 0.00031711522842684653
Iteration: 404, relative residual: 0.0003171132556831606
Iteration: 405, relative residual: 0.0003171118702311054
Iteration: 406, relative residual: 0.00031711186779727677
Iteration: 407, relative residual: 0.00031711061508318453
Iteration: 408, relative residual: 0.00031710990182932697
Iteration: 409, relative residual: 0.000317109881756142
Iteration: 410, relative residual: 0.00031710913215762397
Iteration: 411, relative residual: 0.0003171040339418437
Iteration: 412, relative residual: 0.0003171024837363963
Iteration: 413, relative residual: 0.0003171022177181501
Iteration: 414, relative residual: 0.0003170905999138017
Iteration: 415, relative residual: 0.00031705670624352614
Iteration: 416, relative residual: 0.00031694351423928573
Iteration: 417, relative residual: 0.00031680365398913205
Iteration: 418, relative residual: 0.00031660009705198656
Iteration: 419, relative residual: 0.0003164207775737774
Iteration: 420, relative residual: 0.0003162627572091848
Iteration: 421, relative residual: 0.00031617234931824385
Iteration: 422, relative residual: 0.00031615124437215573
Iteration: 423, relative residual: 0.0003161240195181252
Iteration: 424, relative residual: 0.0003159791657140322
Iteration: 425, relative residual: 0.0003156062611433535
Iteration: 426, relative residual: 0.0003151383013273912
Iteration: 427, relative residual: 0.0003148094049317218
Iteration: 428, relative residual: 0.0003146849828356653
Iteration: 429, relative residual: 0.0003146753136001201
Iteration: 430, relative residual: 0.00031459756390659835
Iteration: 431, relative residual: 0.0003144498404632461
Iteration: 432, relative residual: 0.00031401489087838104
Iteration: 433, relative residual: 0.0003135573502469019
Iteration: 434, relative residual: 0.00031314507654218706
Iteration: 435, relative residual: 0.0003127598816414674
Iteration: 436, relative residual: 0.00031261794435604026
Iteration: 437, relative residual: 0.00031261631219534547
Iteration: 438, relative residual: 0.00031233811115852163
Iteration: 439, relative residual: 0.0003115862081024967
Iteration: 440, relative residual: 0.00031079327278868033
Iteration: 441, relative residual: 0.0003106040335256648
Iteration: 442, relative residual: 0.0003106008585055364
Iteration: 443, relative residual: 0.00031029693453361797
Iteration: 444, relative residual: 0.00030991071342514377
Iteration: 445, relative residual: 0.00030955984650761785
Iteration: 446, relative residual: 0.0003094826178144351
Iteration: 447, relative residual: 0.0003094822599195308
Iteration: 448, relative residual: 0.0003094532884002267
Iteration: 449, relative residual: 0.0003091511351039224
Iteration: 450, relative residual: 0.0003086455984753848
Iteration: 451, relative residual: 0.0003085448504687451
Iteration: 452, relative residual: 0.0003084503337901088
Iteration: 453, relative residual: 0.0003084067670569536
Iteration: 454, relative residual: 0.0003080510221564614
Iteration: 455, relative residual: 0.00030757600767414994
Iteration: 456, relative residual: 0.0003072362273751503
Iteration: 457, relative residual: 0.0003072353161997588
Iteration: 458, relative residual: 0.00030721572692704374
Iteration: 459, relative residual: 0.00030695445125015884
Iteration: 460, relative residual: 0.000306563293664768
Iteration: 461, relative residual: 0.00030607557609766496
Iteration: 462, relative residual: 0.0003056364923760754
Iteration: 463, relative residual: 0.0003055449398911051
Iteration: 464, relative residual: 0.0003055334626257649
Iteration: 465, relative residual: 0.00030553237521889086
Iteration: 466, relative residual: 0.00030518141161290236
Iteration: 467, relative residual: 0.0003047443145966473
Iteration: 468, relative residual: 0.0003045781658970876
Iteration: 469, relative residual: 0.00030457522207065604
Iteration: 470, relative residual: 0.0003045734421633111
Iteration: 471, relative residual: 0.00030455477320979693
Iteration: 472, relative residual: 0.0003042725819171951
Iteration: 473, relative residual: 0.0003038966243005491
Iteration: 474, relative residual: 0.0003035597949831168
Iteration: 475, relative residual: 0.0003033697531711471
Iteration: 476, relative residual: 0.00030336763056091026
Iteration: 477, relative residual: 0.0003032131952430504
Iteration: 478, relative residual: 0.00030285734140843144
Iteration: 479, relative residual: 0.00030241053936014896
Iteration: 480, relative residual: 0.00030176364237012755
Iteration: 481, relative residual: 0.0003013023838210436
Iteration: 482, relative residual: 0.00030120958795114435
Iteration: 483, relative residual: 0.0003011517595045576
Iteration: 484, relative residual: 0.00030102792978132587
Iteration: 485, relative residual: 0.0003005630597791737
Iteration: 486, relative residual: 0.00029860777743959805
Iteration: 487, relative residual: 0.0002961479761990478
Iteration: 488, relative residual: 0.00029429987942872503
Iteration: 489, relative residual: 0.00029385729511289816
Iteration: 490, relative residual: 0.0002937874843252794
Iteration: 491, relative residual: 0.0002935104847134224
Iteration: 492, relative residual: 0.0002914563548858055
Iteration: 493, relative residual: 0.00028888907437738404
Iteration: 494, relative residual: 0.0002831672396240298
Iteration: 495, relative residual: 0.0002792821679435471
Iteration: 496, relative residual: 0.0002777899146828584
Iteration: 497, relative residual: 0.0002774988062573705
Iteration: 498, relative residual: 0.00027744215340097864
Iteration: 499, relative residual: 0.0002755533673637043
Iteration: 500, relative residual: 0.0002755533673637043
Residual: 0.0002755533673637043. Restart...
Iteration: 501, relative residual: 0.00027284486353321906
Iteration: 502, relative residual: 0.00027283301499534356
Iteration: 503, relative residual: 0.00027283274354893947
Iteration: 504, relative residual: 0.00027279749656012404
Iteration: 505, relative residual: 0.0002727321253849797
Iteration: 506, relative residual: 0.0002727170382391481
Iteration: 507, relative residual: 0.00027271577809822705
Iteration: 508, relative residual: 0.00027265807956994455
Iteration: 509, relative residual: 0.0002726214892922684
Iteration: 510, relative residual: 0.0002726083154825909
Iteration: 511, relative residual: 0.00027256576407565746
Iteration: 512, relative residual: 0.00027252825856846077
Iteration: 513, relative residual: 0.00027243791687135536
Iteration: 514, relative residual: 0.00027236106075530643
Iteration: 515, relative residual: 0.00027227089855010994
Iteration: 516, relative residual: 0.0002722543950090781
Iteration: 517, relative residual: 0.0002721964712956788
Iteration: 518, relative residual: 0.00027208734206318584
Iteration: 519, relative residual: 0.0002717913680278303
Iteration: 520, relative residual: 0.0002714179768640103
Iteration: 521, relative residual: 0.00027114714689526327
Iteration: 522, relative residual: 0.00027106492270712794
Iteration: 523, relative residual: 0.00027105079085301497
Iteration: 524, relative residual: 0.000270561077966472
Iteration: 525, relative residual: 0.00026979694557427447
Iteration: 526, relative residual: 0.0002683015065405898
Iteration: 527, relative residual: 0.0002671405565309191
Iteration: 528, relative residual: 0.00026634822902217326
Iteration: 529, relative residual: 0.0002658887909392838
Iteration: 530, relative residual: 0.00026584779226951246
Iteration: 531, relative residual: 0.0002658443855960902
Iteration: 532, relative residual: 0.0002656996647836763
Iteration: 533, relative residual: 0.000265284032024655
Iteration: 534, relative residual: 0.00026461791496371734
Iteration: 535, relative residual: 0.00026392835271079197
Iteration: 536, relative residual: 0.0002636964974167358
Iteration: 537, relative residual: 0.00026368452692705687
Iteration: 538, relative residual: 0.0002635228376073557
Iteration: 539, relative residual: 0.00026305679713316813
Iteration: 540, relative residual: 0.0002629251962797054
Iteration: 541, relative residual: 0.00026261241428724054
Iteration: 542, relative residual: 0.0002624262480782745
Iteration: 543, relative residual: 0.00026240546914105885
Iteration: 544, relative residual: 0.00026237951098327444
Iteration: 545, relative residual: 0.00026216397639151483
Iteration: 546, relative residual: 0.0002617776694865304
Iteration: 547, relative residual: 0.00026151993140580577
Iteration: 548, relative residual: 0.00026132586422959676
Iteration: 549, relative residual: 0.0002611759061887935
Iteration: 550, relative residual: 0.0002611755524622201
Iteration: 551, relative residual: 0.00026073906530676977
Iteration: 552, relative residual: 0.00026002840782494
Iteration: 553, relative residual: 0.00025982969433445955
Iteration: 554, relative residual: 0.0002598292887453762
Iteration: 555, relative residual: 0.00025979969732801983
Iteration: 556, relative residual: 0.00025969884129255997
Iteration: 557, relative residual: 0.00025938592854703044
Iteration: 558, relative residual: 0.0002592958942639859
Iteration: 559, relative residual: 0.0002592958937901355
Iteration: 560, relative residual: 0.00025927913337591454
Iteration: 561, relative residual: 0.0002590404080340509
Iteration: 562, relative residual: 0.00025881070601228964
Iteration: 563, relative residual: 0.0002580056254353168
Iteration: 564, relative residual: 0.0002576517141905695
Iteration: 565, relative residual: 0.0002576360419761991
Iteration: 566, relative residual: 0.00025757869859366724
Iteration: 567, relative residual: 0.0002570761572485953
Iteration: 568, relative residual: 0.0002562419244951809
Iteration: 569, relative residual: 0.00025577830058793444
Iteration: 570, relative residual: 0.0002555723759148403
Iteration: 571, relative residual: 0.0002555302520423929
Iteration: 572, relative residual: 0.0002550237478842157
Iteration: 573, relative residual: 0.00025444351793557835
Iteration: 574, relative residual: 0.0002534243161839728
Iteration: 575, relative residual: 0.00025226693483924515
Iteration: 576, relative residual: 0.0002515381936632848
Iteration: 577, relative residual: 0.00025153364417065336
Iteration: 578, relative residual: 0.0002515294281569159
Iteration: 579, relative residual: 0.0002515258968131148
Iteration: 580, relative residual: 0.00025132032706399104
Iteration: 581, relative residual: 0.0002503221483654174
Iteration: 582, relative residual: 0.00024976997636239447
Iteration: 583, relative residual: 0.00024945252889053266
Iteration: 584, relative residual: 0.0002494475477226731
Iteration: 585, relative residual: 0.000249434203631098
Iteration: 586, relative residual: 0.000249217167407457
Iteration: 587, relative residual: 0.00024856875356749807
Iteration: 588, relative residual: 0.0002479421699446961
Iteration: 589, relative residual: 0.00024725065438128594
Iteration: 590, relative residual: 0.00024675964438370036
Iteration: 591, relative residual: 0.0002462493896100511
Iteration: 592, relative residual: 0.00024623954752796956
Iteration: 593, relative residual: 0.00024583430987054974
Iteration: 594, relative residual: 0.0002455829867452877
Iteration: 595, relative residual: 0.00024487665422330237
Iteration: 596, relative residual: 0.00024403101924538021
Iteration: 597, relative residual: 0.00024402616037865884
Iteration: 598, relative residual: 0.0002440214441337602
Iteration: 599, relative residual: 0.0002434590666339322
Iteration: 600, relative residual: 0.0002434590666339322
Residual: 0.0002434590666339322. Restart...
Iteration: 601, relative residual: 0.00024270213885531908
Iteration: 602, relative residual: 0.00024269921261895554
Iteration: 603, relative residual: 0.00024269869959325918
Iteration: 604, relative residual: 0.00024269171911364004
Iteration: 605, relative residual: 0.00024268189717735643
Iteration: 606, relative residual: 0.0002426811508841983
Iteration: 607, relative residual: 0.0002426733950578773
Iteration: 608, relative residual: 0.00024265085893267736
Iteration: 609, relative residual: 0.00024263965138478848
Iteration: 610, relative residual: 0.00024262622503940382
Iteration: 611, relative residual: 0.00024262465054323458
Iteration: 612, relative residual: 0.00024262465024603688
Iteration: 613, relative residual: 0.00024261680344723528
Iteration: 614, relative residual: 0.00024261399573227173
Iteration: 615, relative residual: 0.0002426035314238911
Iteration: 616, relative residual: 0.00024260301623508745
Iteration: 617, relative residual: 0.00024257548431665956
Iteration: 618, relative residual: 0.00024252913998624382
Iteration: 619, relative residual: 0.00024243377853731585
Iteration: 620, relative residual: 0.0002423648221940973
Iteration: 621, relative residual: 0.00024228346403235688
Iteration: 622, relative residual: 0.00024219810174932826
Iteration: 623, relative residual: 0.00024218127829939997
Iteration: 624, relative residual: 0.00024216129795430973
Iteration: 625, relative residual: 0.000241999481774019
Iteration: 626, relative residual: 0.0002417544822477005
Iteration: 627, relative residual: 0.00024158330948667657
Iteration: 628, relative residual: 0.00024151079896130357
Iteration: 629, relative residual: 0.00024149109258486313
Iteration: 630, relative residual: 0.00024147739868282897
Iteration: 631, relative residual: 0.00024141974211320022
Iteration: 632, relative residual: 0.00024132139845558915
Iteration: 633, relative residual: 0.00024119214218946153
Iteration: 634, relative residual: 0.00024101221657642463
Iteration: 635, relative residual: 0.00024082050343384739
Iteration: 636, relative residual: 0.00024069389316525743
Iteration: 637, relative residual: 0.0002406835245870714
Iteration: 638, relative residual: 0.00024061446130245202
Iteration: 639, relative residual: 0.00024037059472667403
Iteration: 640, relative residual: 0.0002401520609244821
Iteration: 641, relative residual: 0.0002400031945996545
Iteration: 642, relative residual: 0.00023998101066785693
Iteration: 643, relative residual: 0.00023996631758984083
Iteration: 644, relative residual: 0.00023985224933103496
Iteration: 645, relative residual: 0.00023972733027785044
Iteration: 646, relative residual: 0.00023965098970553047
Iteration: 647, relative residual: 0.00023961605684630526
Iteration: 648, relative residual: 0.0002396004626493452
Iteration: 649, relative residual: 0.00023959786871863178
Iteration: 650, relative residual: 0.00023955392025554287
Iteration: 651, relative residual: 0.00023930661464543473
Iteration: 652, relative residual: 0.0002388777001261429
Iteration: 653, relative residual: 0.000238849452334107
Iteration: 654, relative residual: 0.0002387591882178075
Iteration: 655, relative residual: 0.00023852762759016792
Iteration: 656, relative residual: 0.00023805598531555428
Iteration: 657, relative residual: 0.00023800647553909828
Iteration: 658, relative residual: 0.00023792496163204687
Iteration: 659, relative residual: 0.00023757360336116833
Iteration: 660, relative residual: 0.00023741168216460587
Iteration: 661, relative residual: 0.0002369607188377437
Iteration: 662, relative residual: 0.0002360364294826769
Iteration: 663, relative residual: 0.00023574158444211128
Iteration: 664, relative residual: 0.00023574145111781113
Iteration: 665, relative residual: 0.00023565799848858197
Iteration: 666, relative residual: 0.00023514673635451717
Iteration: 667, relative residual: 0.00023419707714186067
Iteration: 668, relative residual: 0.00023406028396375913
Iteration: 669, relative residual: 0.00023394911954317297
Iteration: 670, relative residual: 0.00023387688810521922
Iteration: 671, relative residual: 0.00023365138973455553
Iteration: 672, relative residual: 0.00023246726849716573
Iteration: 673, relative residual: 0.00023168536220825897
Iteration: 674, relative residual: 0.00023096717150552183
Iteration: 675, relative residual: 0.0002308318006685213
Iteration: 676, relative residual: 0.00023069643632908524
Iteration: 677, relative residual: 0.00023028073145092313
Iteration: 678, relative residual: 0.00022970742168307382
Iteration: 679, relative residual: 0.0002289696661376709
Iteration: 680, relative residual: 0.00022779151345890468
Iteration: 681, relative residual: 0.0002273318647957715
Iteration: 682, relative residual: 0.00022719597262642487
Iteration: 683, relative residual: 0.00022713720698664503
Iteration: 684, relative residual: 0.0002268708905301716
Iteration: 685, relative residual: 0.000226421251620859
Iteration: 686, relative residual: 0.0002250487407600529
Iteration: 687, relative residual: 0.0002248187630507736
Iteration: 688, relative residual: 0.00022467911346921412
Iteration: 689, relative residual: 0.00022467345360470113
Iteration: 690, relative residual: 0.00022465297365944408
Iteration: 691, relative residual: 0.0002243411076423159
Iteration: 692, relative residual: 0.0002240838855900915
Iteration: 693, relative residual: 0.00022340625200686145
Iteration: 694, relative residual: 0.00022201769353509364
Iteration: 695, relative residual: 0.00022025800732962923
Iteration: 696, relative residual: 0.00021883523103917964
Iteration: 697, relative residual: 0.00021849401875128689
Iteration: 698, relative residual: 0.00021846003357386455
Iteration: 699, relative residual: 0.0002175170785982745
Iteration: 700, relative residual: 0.0002175170785982745
Residual: 0.0002175170785982745. Restart...
Iteration: 701, relative residual: 0.00021519714867554717
Iteration: 702, relative residual: 0.00021519000368664287
Iteration: 703, relative residual: 0.000215188717005612
Iteration: 704, relative residual: 0.00021513248834854212
Iteration: 705, relative residual: 0.00021511501773872004
Iteration: 706, relative residual: 0.00021510614160133099
Iteration: 707, relative residual: 0.00021507263676092282
Iteration: 708, relative residual: 0.0002150032282531844
Iteration: 709, relative residual: 0.00021497201477760363
Iteration: 710, relative residual: 0.00021492683957042747
Iteration: 711, relative residual: 0.0002149208582186621
Iteration: 712, relative residual: 0.00021489739658719798
Iteration: 713, relative residual: 0.00021489450172165262
Iteration: 714, relative residual: 0.0002148694669223852
Iteration: 715, relative residual: 0.00021479463805889644
Iteration: 716, relative residual: 0.00021478690050445094
Iteration: 717, relative residual: 0.00021469414703163735
Iteration: 718, relative residual: 0.00021461766928837167
Iteration: 719, relative residual: 0.00021441646688525524
Iteration: 720, relative residual: 0.0002142265521245854
Iteration: 721, relative residual: 0.00021402736376035337
Iteration: 722, relative residual: 0.00021381647429737695
Iteration: 723, relative residual: 0.00021376623158716833
Iteration: 724, relative residual: 0.00021368931918827881
Iteration: 725, relative residual: 0.0002134129185152521
Iteration: 726, relative residual: 0.00021240717414086548
Iteration: 727, relative residual: 0.00021167809585728007
Iteration: 728, relative residual: 0.00021136149157762528
Iteration: 729, relative residual: 0.0002110011646406068
Iteration: 730, relative residual: 0.00021089101997356002
Iteration: 731, relative residual: 0.00021081201994177593
Iteration: 732, relative residual: 0.00021078876566904412
Iteration: 733, relative residual: 0.0002106653270387077
Iteration: 734, relative residual: 0.00021056823558162572
Iteration: 735, relative residual: 0.0002101148001408208
Iteration: 736, relative residual: 0.00020992673308746897
Iteration: 737, relative residual: 0.0002099103554015653
Iteration: 738, relative residual: 0.00020989803273821687
Iteration: 739, relative residual: 0.00020961558724405736
Iteration: 740, relative residual: 0.00020947192005434163
Iteration: 741, relative residual: 0.00020926230419719856
Iteration: 742, relative residual: 0.0002090768954828121
Iteration: 743, relative residual: 0.00020899747759780692
Iteration: 744, relative residual: 0.00020899713354238992
Iteration: 745, relative residual: 0.00020875187421563822
Iteration: 746, relative residual: 0.0002085110406824556
Iteration: 747, relative residual: 0.00020818746135435707
Iteration: 748, relative residual: 0.0002079091981870168
Iteration: 749, relative residual: 0.00020783720434731904
Iteration: 750, relative residual: 0.00020783682615627401
Iteration: 751, relative residual: 0.0002075524494910703
Iteration: 752, relative residual: 0.00020707611265061905
Iteration: 753, relative residual: 0.0002068333734719027
Iteration: 754, relative residual: 0.00020683333771952554
Iteration: 755, relative residual: 0.0002067310592719434
Iteration: 756, relative residual: 0.0002063607526880211
Iteration: 757, relative residual: 0.00020589942290165312
Iteration: 758, relative residual: 0.00020579106846299147
Iteration: 759, relative residual: 0.00020577854823831753
Iteration: 760, relative residual: 0.00020577644087103647
Iteration: 761, relative residual: 0.0002055807828327152
Iteration: 762, relative residual: 0.00020510919765276273
Iteration: 763, relative residual: 0.00020417330645251979
Iteration: 764, relative residual: 0.00020333553978043478
Iteration: 765, relative residual: 0.00020320183399925542
Iteration: 766, relative residual: 0.00020318208307259236
Iteration: 767, relative residual: 0.000203024630168775
Iteration: 768, relative residual: 0.00020265707846112678
Iteration: 769, relative residual: 0.00020210593897807192
Iteration: 770, relative residual: 0.00020148821716222415
Iteration: 771, relative residual: 0.00020095323536389916
Iteration: 772, relative residual: 0.00020091533504374448
Iteration: 773, relative residual: 0.00020091298140669344
Iteration: 774, relative residual: 0.00020090938473748355
Iteration: 775, relative residual: 0.00020085917837980616
Iteration: 776, relative residual: 0.0002007294539670402
Iteration: 777, relative residual: 0.00020047763790044708
Iteration: 778, relative residual: 0.00020043000555375123
Iteration: 779, relative residual: 0.00020041583809696657
Iteration: 780, relative residual: 0.00020030314902892463
Iteration: 781, relative residual: 0.000199631070987223
Iteration: 782, relative residual: 0.00019898837597324102
Iteration: 783, relative residual: 0.00019845364089004117
Iteration: 784, relative residual: 0.00019820245625971038
Iteration: 785, relative residual: 0.0001981151079081242
Iteration: 786, relative residual: 0.00019743044082385822
Iteration: 787, relative residual: 0.00019684676460674934
Iteration: 788, relative residual: 0.0001962551058848759
Iteration: 789, relative residual: 0.00019578688992492627
Iteration: 790, relative residual: 0.00019577417958371846
Iteration: 791, relative residual: 0.0001957710120448229
Iteration: 792, relative residual: 0.00019571629284023662
Iteration: 793, relative residual: 0.00019548463976535604
Iteration: 794, relative residual: 0.00019517752718417508
Iteration: 795, relative residual: 0.00019492200460551363
Iteration: 796, relative residual: 0.0001946862640918929
Iteration: 797, relative residual: 0.00019468438759802844
Iteration: 798, relative residual: 0.00019458748219347257
Iteration: 799, relative residual: 0.00019456381800866772
Iteration: 800, relative residual: 0.00019456381800866772
Residual: 0.00019456381800866772. Restart...
Iteration: 801, relative residual: 0.00019419320912242145
Iteration: 802, relative residual: 0.00019419267402705022
Iteration: 803, relative residual: 0.00019419249463242444
Iteration: 804, relative residual: 0.00019419100874571116
Iteration: 805, relative residual: 0.00019418897802482034
Iteration: 806, relative residual: 0.00019418769037579748
Iteration: 807, relative residual: 0.00019418654301947658
Iteration: 808, relative residual: 0.00019418075977543738
Iteration: 809, relative residual: 0.00019417754417886041
Iteration: 810, relative residual: 0.00019417424786733663
Iteration: 811, relative residual: 0.00019417190451218472
Iteration: 812, relative residual: 0.0001941668007470456
Iteration: 813, relative residual: 0.0001941635841839777
Iteration: 814, relative residual: 0.00019416192444451122
Iteration: 815, relative residual: 0.00019415858322091473
Iteration: 816, relative residual: 0.0001941437586223536
Iteration: 817, relative residual: 0.00019414374563694848
Iteration: 818, relative residual: 0.00019414255722894169
Iteration: 819, relative residual: 0.0001941159875590837
Iteration: 820, relative residual: 0.00019407160343494457
Iteration: 821, relative residual: 0.0001940113782529977
Iteration: 822, relative residual: 0.00019391894021071566
Iteration: 823, relative residual: 0.00019385720356166527
Iteration: 824, relative residual: 0.00019385451673103064
Iteration: 825, relative residual: 0.00019383153224984714
Iteration: 826, relative residual: 0.00019369701611173187
Iteration: 827, relative residual: 0.0001935534872375101
Iteration: 828, relative residual: 0.0001933810977426775
Iteration: 829, relative residual: 0.00019336355081448167
Iteration: 830, relative residual: 0.00019336308159922382
Iteration: 831, relative residual: 0.0001933629728561687
Iteration: 832, relative residual: 0.00019330558297763744
Iteration: 833, relative residual: 0.0001932475090646054
Iteration: 834, relative residual: 0.00019310434581846478
Iteration: 835, relative residual: 0.00019300441596211714
Iteration: 836, relative residual: 0.00019297398300039182
Iteration: 837, relative residual: 0.0001929734627840491
Iteration: 838, relative residual: 0.00019293590444129555
Iteration: 839, relative residual: 0.000192775395847945
Iteration: 840, relative residual: 0.00019269437381010143
Iteration: 841, relative residual: 0.00019262923204504254
Iteration: 842, relative residual: 0.00019261800997346905
Iteration: 843, relative residual: 0.0001926067310552675
Iteration: 844, relative residual: 0.00019256368240916716
Iteration: 845, relative residual: 0.00019244624467305954
Iteration: 846, relative residual: 0.00019225280600936037
Iteration: 847, relative residual: 0.00019219384776960832
Iteration: 848, relative residual: 0.00019219380398919256
Iteration: 849, relative residual: 0.00019217829234022775
Iteration: 850, relative residual: 0.0001920511644817547
Iteration: 851, relative residual: 0.0001918147541374381
Iteration: 852, relative residual: 0.0001915496400577009
Iteration: 853, relative residual: 0.0001915484878665574
Iteration: 854, relative residual: 0.00019152972093390322
Iteration: 855, relative residual: 0.00019125084927940802
Iteration: 856, relative residual: 0.00019090183127226434
Iteration: 857, relative residual: 0.00019083676215343268
Iteration: 858, relative residual: 0.00019082988392645997
Iteration: 859, relative residual: 0.00019070571578873294
Iteration: 860, relative residual: 0.0001903693228970441
Iteration: 861, relative residual: 0.0001895785067569206
Iteration: 862, relative residual: 0.00018933551811025295
Iteration: 863, relative residual: 0.00018932447630474653
Iteration: 864, relative residual: 0.00018931470862059005
Iteration: 865, relative residual: 0.00018912314705073476
Iteration: 866, relative residual: 0.0001887253227613507
Iteration: 867, relative residual: 0.00018819544506657747
Iteration: 868, relative residual: 0.00018767813583205837
Iteration: 869, relative residual: 0.0001873375834684738
Iteration: 870, relative residual: 0.0001873048526918318
Iteration: 871, relative residual: 0.00018704559214036327
Iteration: 872, relative residual: 0.00018650507583044121
Iteration: 873, relative residual: 0.00018576098868968547
Iteration: 874, relative residual: 0.00018524376928678247
Iteration: 875, relative residual: 0.00018523098760459428
Iteration: 876, relative residual: 0.00018516021094920705
Iteration: 877, relative residual: 0.0001849084978436635
Iteration: 878, relative residual: 0.0001847362775913469
Iteration: 879, relative residual: 0.00018441006941987111
Iteration: 880, relative residual: 0.00018423501604722744
Iteration: 881, relative residual: 0.00018414765335724657
Iteration: 882, relative residual: 0.00018407806960301707
Iteration: 883, relative residual: 0.00018406682213566348
Iteration: 884, relative residual: 0.00018406569156782912
Iteration: 885, relative residual: 0.00018396068361687808
Iteration: 886, relative residual: 0.0001833786549618857
Iteration: 887, relative residual: 0.0001831120709174771
Iteration: 888, relative residual: 0.00018289761041201687
Iteration: 889, relative residual: 0.00018283553957981893
Iteration: 890, relative residual: 0.00018282972515873755
Iteration: 891, relative residual: 0.00018275001771718053
Iteration: 892, relative residual: 0.00018233366670007892
Iteration: 893, relative residual: 0.00018174516777455301
Iteration: 894, relative residual: 0.00018035383259248637
Iteration: 895, relative residual: 0.0001790083870816757
Iteration: 896, relative residual: 0.0001785820751795202
Iteration: 897, relative residual: 0.00017858089489775032
Iteration: 898, relative residual: 0.00017838883234232652
Iteration: 899, relative residual: 0.00017724779254936387
Iteration: 900, relative residual: 0.00017724779254936387
Residual: 0.00017724779254936387. Restart...
Iteration: 901, relative residual: 0.000176397371961523
Iteration: 902, relative residual: 0.00017639366273561978
Iteration: 903, relative residual: 0.0001763933680915662
Iteration: 904, relative residual: 0.0001763683341845987
Iteration: 905, relative residual: 0.00017634502109654598
Iteration: 906, relative residual: 0.00017631921284728657
Iteration: 907, relative residual: 0.00017629925452793252
Iteration: 908, relative residual: 0.0001762306037034039
Iteration: 909, relative residual: 0.00017614928926648705
Iteration: 910, relative residual: 0.00017605073643998085
Iteration: 911, relative residual: 0.00017601186762047439
Iteration: 912, relative residual: 0.00017596426543488853
Iteration: 913, relative residual: 0.000175962256757983
Iteration: 914, relative residual: 0.00017594574648943816
Iteration: 915, relative residual: 0.0001759167177784493
Iteration: 916, relative residual: 0.00017591644016850112
Iteration: 917, relative residual: 0.00017584855253655185
Iteration: 918, relative residual: 0.00017579773139268713
Iteration: 919, relative residual: 0.00017541727050921814
Iteration: 920, relative residual: 0.00017507232810375577
Iteration: 921, relative residual: 0.00017469219587329903
Iteration: 922, relative residual: 0.00017423124989054338
Iteration: 923, relative residual: 0.00017420243513132703
Iteration: 924, relative residual: 0.00017418523598442578
Iteration: 925, relative residual: 0.000174007122976571
Iteration: 926, relative residual: 0.00017340495404169967
Iteration: 927, relative residual: 0.00017309959406941746
Iteration: 928, relative residual: 0.00017264456494945352
Iteration: 929, relative residual: 0.00017255002834007938
Iteration: 930, relative residual: 0.00017252711387347568
Iteration: 931, relative residual: 0.00017252279980931346
Iteration: 932, relative residual: 0.00017252278271325544
Iteration: 933, relative residual: 0.000172504114585641
Iteration: 934, relative residual: 0.00017233700041830672
Iteration: 935, relative residual: 0.0001720614194853193
Iteration: 936, relative residual: 0.000172018212358771
Iteration: 937, relative residual: 0.00017201775650622228
Iteration: 938, relative residual: 0.00017197894814856298
Iteration: 939, relative residual: 0.00017174976542145236
Iteration: 940, relative residual: 0.00017165496168313287
Iteration: 941, relative residual: 0.00017159000917554097
Iteration: 942, relative residual: 0.00017152929198740644
Iteration: 943, relative residual: 0.0001714780690798222
Iteration: 944, relative residual: 0.00017146079072758426
Iteration: 945, relative residual: 0.00017134373002634712
Iteration: 946, relative residual: 0.00017081429359918084
Iteration: 947, relative residual: 0.0001704662233569587
Iteration: 948, relative residual: 0.00017034656468034392
Iteration: 949, relative residual: 0.0001703284362333879
Iteration: 950, relative residual: 0.00017027816401006418
Iteration: 951, relative residual: 0.00016994973622086595
Iteration: 952, relative residual: 0.00016912846539630813
Iteration: 953, relative residual: 0.00016906115990787714
Iteration: 954, relative residual: 0.0001690572912228422
Iteration: 955, relative residual: 0.00016889598045157313
Iteration: 956, relative residual: 0.00016833102279946894
Iteration: 957, relative residual: 0.00016806675036689462
Iteration: 958, relative residual: 0.00016802869706498394
Iteration: 959, relative residual: 0.00016802703186846821
Iteration: 960, relative residual: 0.00016790508118736918
Iteration: 961, relative residual: 0.00016742838318540705
Iteration: 962, relative residual: 0.00016701754519401452
Iteration: 963, relative residual: 0.00016669350810770737
Iteration: 964, relative residual: 0.0001663054141639686
Iteration: 965, relative residual: 0.00016627271766896863
Iteration: 966, relative residual: 0.00016624521782774668
Iteration: 967, relative residual: 0.00016608751557717233
Iteration: 968, relative residual: 0.00016595098451326445
Iteration: 969, relative residual: 0.00016581486487626766
Iteration: 970, relative residual: 0.0001657535136724267
Iteration: 971, relative residual: 0.00016573672441154815
Iteration: 972, relative residual: 0.00016567718757980212
Iteration: 973, relative residual: 0.00016563194445975244
Iteration: 974, relative residual: 0.00016546799456750532
Iteration: 975, relative residual: 0.00016523796041857864
Iteration: 976, relative residual: 0.00016521466527212673
Iteration: 977, relative residual: 0.00016503585545615934
Iteration: 978, relative residual: 0.00016503285423516588
Iteration: 979, relative residual: 0.00016497918918129684
Iteration: 980, relative residual: 0.00016490900996021291
Iteration: 981, relative residual: 0.00016473434851941158
Iteration: 982, relative residual: 0.0001646695876940363
Iteration: 983, relative residual: 0.0001643950487260827
Iteration: 984, relative residual: 0.00016435343301387378
Iteration: 985, relative residual: 0.00016432706365230408
Iteration: 986, relative residual: 0.00016424417083425817
Iteration: 987, relative residual: 0.00016397534281789244
Iteration: 988, relative residual: 0.0001637548772258033
Iteration: 989, relative residual: 0.0001636409124166023
Iteration: 990, relative residual: 0.0001635131566310825
Iteration: 991, relative residual: 0.00016344768468740272
Iteration: 992, relative residual: 0.00016327346889979968
Iteration: 993, relative residual: 0.00016291674636683507
Iteration: 994, relative residual: 0.0001621346445975322
Iteration: 995, relative residual: 0.00016184874814770668
Iteration: 996, relative residual: 0.00016168084599519627
Iteration: 997, relative residual: 0.0001616805868998986
Iteration: 998, relative residual: 0.00016155347712084128
Iteration: 999, relative residual: 0.0001614029688541715
Iteration: 1000, relative residual: 0.0001614029688541715
Residual: 0.0001614029688541715. Restart...
Warning!!!!You have reached the maximum number of iterations : 1000.
The run will stop. Check the residual behaviour you might have a bug.For future runs you might consider changing the tolerance or increasing the number of max_iter.
Solve time        : 4647.539993286133s

Calculate Solvation Energy (E_solv)
Calculating solvation energy for region 1, stored in E_solv[0]
6261.968912603984 of 622364 analytical integrals for phi_reac calculation in region 1
Time E_solv: 5.257426738739014s
Region 1: E_solv = -8398.343932474292 kcal/mol = -35138.67101347244 kJ/mol

Calculate Surface Energy (E_surf)
Time E_surf: 0.020719528198242188s

Calculate Coulomb Energy (E_coul)
Calculate Coulomb energy for region 1
Region 1: E_coul = -288078.1718992508 kcal/mol = -1205319.0712264655 kJ/mol
Time E_coul: 33.47277760505676s

------------------------------
Totals:
E_solv = -8398.343932474292 kcal/mol
E_surf = 0 kcal/mol
E_coul = -288078.1718992508 kcal/mol

Time = 4768.9304966926575 s
