Run started on:
	Date: 2020/5/22
	Time: 20:10:38
	PyGBe version: 0.3.2+5.gea0f875
Config file: /cobra/u/gvargas/code/hPB/pygbe/pygbe/myCrownFinShots/sarsCov2noACE2/snap1/snap1.config
Parameter file: /cobra/u/gvargas/code/hPB/pygbe/pygbe/myCrownFinShots/sarsCov2noACE2/snap1/snap1.param
Geometry folder: /cobra/u/gvargas/code/hPB/pygbe/pygbe/myCrownFinShots/sarsCov2noACE2/snap1/geometry
Running in: /cobra/u/gvargas/code/hPB/pygbe/pygbe/myCrownFinShots/sarsCov2noACE2/snap1

Reading surface 0 from file geometry/crownVFnoACE2
Time load mesh: 9.461385011672974
Removed areas=0: 223

Total elements : 548135
Total equations: 1096270
----------------------------

1 surfaces:

Surface 0:
	548135 elements
	Surface type         : dielectric_interface
	Cells                : 3950
	Twigs                : 3338
	Levels               : 7
	C0 size              : 99.07193722461092
	C0 box center        : 86.58887972731776, 104.46797725621117, 102.94358912190123
	Twig cell size       : 1.5479990191345456
	Rbox/theta           : 3.0959980382690913
	Analytic distance    : 1.294794054016977
	Elem. per Ang^2      : 4.173091458140618
	Max, min, avg elem.  : 1.5111699165491892, 4.999999999870113e-07, 0.23963050175889616
	Total area           : 131349.86508161254
------------------------------

2 regions:

Region 0:
	Laplace or Yukawa: 2
	kappa            : 0.125
	dielectric const : 80.0
	Number of charges: 0
	Parent surface   : []
	Child surfaces   : [0]
Region 1:
	Laplace or Yukawa: 1
	kappa            : 1e-12
	dielectric const : 4.0
	Number of charges: 51819
	Parent surface   : [0]
	Child surfaces   : []
------------------------------

Parameters:
	Data type               : <class 'numpy.float64'>
	Use GPU                 : 1
	P                       : 4
	threshold               : 0.50
	theta                   : 0.50
	NCRIT                   : 500
	CUDA block size         : 128
	Gauss points per element: 1
	Gauss points near singlr: 25
	1D Gauss points per side: 9
	GMRES tolerance         : 1e-05
	GMRES max iterations    : 1000
	GMRES restart iteration : 100
----------------------------

Generate interaction list
Transfer data to GPU
Generate RHS
List time          : 3.63948655128479s
Data transfer time : 0.4416067600250244s
RHS generation time: 4.49346399307251s
------------------------------
Total setup time   : 73.83617234230042s
Solve
Iteration: 1, relative residual: 0.7026730326390518
Iteration: 2, relative residual: 0.488133945528356
Iteration: 3, relative residual: 0.40942500757369826
Iteration: 4, relative residual: 0.2974191511942871
Iteration: 5, relative residual: 0.25420526478180694
Iteration: 6, relative residual: 0.20528642104015457
Iteration: 7, relative residual: 0.17627729984102147
Iteration: 8, relative residual: 0.16112126284091213
Iteration: 9, relative residual: 0.14133169934620352
Iteration: 10, relative residual: 0.11506538461604283
Iteration: 11, relative residual: 0.10529596675826325
Iteration: 12, relative residual: 0.10011834589198325
Iteration: 13, relative residual: 0.09273332990570708
Iteration: 14, relative residual: 0.08841955675749193
Iteration: 15, relative residual: 0.07895154350073756
Iteration: 16, relative residual: 0.07204957585559123
Iteration: 17, relative residual: 0.07188535343952142
Iteration: 18, relative residual: 0.06912862625429156
Iteration: 19, relative residual: 0.06871669178548596
Iteration: 20, relative residual: 0.05838849255478172
Iteration: 21, relative residual: 0.05107583710930654
Iteration: 22, relative residual: 0.038448453996133884
Iteration: 23, relative residual: 0.03413386829963431
Iteration: 24, relative residual: 0.030778992121718658
Iteration: 25, relative residual: 0.02660874005328481
Iteration: 26, relative residual: 0.023963368303498725
Iteration: 27, relative residual: 0.021406729098887824
Iteration: 28, relative residual: 0.01964063215625801
Iteration: 29, relative residual: 0.01921791406227855
Iteration: 30, relative residual: 0.019210405444359306
Iteration: 31, relative residual: 0.018498483120889125
Iteration: 32, relative residual: 0.016720437201842537
Iteration: 33, relative residual: 0.016595303455181468
Iteration: 34, relative residual: 0.015600790462982059
Iteration: 35, relative residual: 0.013699391690399286
Iteration: 36, relative residual: 0.012444391052038659
Iteration: 37, relative residual: 0.011225125184593933
Iteration: 38, relative residual: 0.009981288138679918
Iteration: 39, relative residual: 0.009394822076620792
Iteration: 40, relative residual: 0.00939443113935474
Iteration: 41, relative residual: 0.009343343386272147
Iteration: 42, relative residual: 0.008850453004018816
Iteration: 43, relative residual: 0.00852079586951987
Iteration: 44, relative residual: 0.008520022190029604
Iteration: 45, relative residual: 0.008216039337608543
Iteration: 46, relative residual: 0.007691228078771472
Iteration: 47, relative residual: 0.007045927752167499
Iteration: 48, relative residual: 0.006351824054211438
Iteration: 49, relative residual: 0.005560146932096866
Iteration: 50, relative residual: 0.005093092055353695
Iteration: 51, relative residual: 0.005037502004222233
Iteration: 52, relative residual: 0.005036405080751842
Iteration: 53, relative residual: 0.004961114483463557
Iteration: 54, relative residual: 0.004779941707210165
Iteration: 55, relative residual: 0.004531179167146708
Iteration: 56, relative residual: 0.004528371664452561
Iteration: 57, relative residual: 0.004495470010941914
Iteration: 58, relative residual: 0.004333766164066639
Iteration: 59, relative residual: 0.004260806802379093
Iteration: 60, relative residual: 0.00422433728010368
Iteration: 61, relative residual: 0.004220972065632639
Iteration: 62, relative residual: 0.004202024828644855
Iteration: 63, relative residual: 0.0039030562111211625
Iteration: 64, relative residual: 0.0037318080538490555
Iteration: 65, relative residual: 0.0036085041253723833
Iteration: 66, relative residual: 0.0035701077511075944
Iteration: 67, relative residual: 0.0035525058470818483
Iteration: 68, relative residual: 0.0034395778942539743
Iteration: 69, relative residual: 0.003373185199237111
Iteration: 70, relative residual: 0.0033527317569898387
Iteration: 71, relative residual: 0.003352731072162174
Iteration: 72, relative residual: 0.003270593205319342
Iteration: 73, relative residual: 0.0030823624651877195
Iteration: 74, relative residual: 0.002886353030065748
Iteration: 75, relative residual: 0.0027459243600024223
Iteration: 76, relative residual: 0.002715085760478848
Iteration: 77, relative residual: 0.002703619232646109
Iteration: 78, relative residual: 0.002571835510776616
Iteration: 79, relative residual: 0.002434966906015609
Iteration: 80, relative residual: 0.002260159988141098
Iteration: 81, relative residual: 0.0021361246697293662
Iteration: 82, relative residual: 0.0020326691078927446
Iteration: 83, relative residual: 0.002009893931651578
Iteration: 84, relative residual: 0.0020066459781253117
Iteration: 85, relative residual: 0.001996795814101477
Iteration: 86, relative residual: 0.0019487347399822098
Iteration: 87, relative residual: 0.0018783287280967778
Iteration: 88, relative residual: 0.0018066213718160972
Iteration: 89, relative residual: 0.0017073980602064043
Iteration: 90, relative residual: 0.0016285317048897025
Iteration: 91, relative residual: 0.0015578605826550675
Iteration: 92, relative residual: 0.0014993642144600307
Iteration: 93, relative residual: 0.001466820738304056
Iteration: 94, relative residual: 0.0014241244897896918
Iteration: 95, relative residual: 0.001411380263133466
Iteration: 96, relative residual: 0.0014072461326091422
Iteration: 97, relative residual: 0.0013803618163187844
Iteration: 98, relative residual: 0.0013200083673326353
Iteration: 99, relative residual: 0.001249763124696348
Iteration: 100, relative residual: 0.001249763124696348
Residual: 0.001249763124696348. Restart...
Iteration: 101, relative residual: 0.001212864195796374
Iteration: 102, relative residual: 0.0012128636785565376
Iteration: 103, relative residual: 0.001212842119933494
Iteration: 104, relative residual: 0.0012128377288714873
Iteration: 105, relative residual: 0.0012127546508439637
Iteration: 106, relative residual: 0.0012126026306392267
Iteration: 107, relative residual: 0.0012124563691750649
Iteration: 108, relative residual: 0.0012124549563712322
Iteration: 109, relative residual: 0.0012123766206989294
Iteration: 110, relative residual: 0.0012123501830881215
Iteration: 111, relative residual: 0.0012119821390669228
Iteration: 112, relative residual: 0.0012114294924409769
Iteration: 113, relative residual: 0.0012108985768662266
Iteration: 114, relative residual: 0.0012108801462443156
Iteration: 115, relative residual: 0.0012104701226475242
Iteration: 116, relative residual: 0.0012092824999266503
Iteration: 117, relative residual: 0.0012086856454689488
Iteration: 118, relative residual: 0.0012086749176977015
Iteration: 119, relative residual: 0.0012043150814891232
Iteration: 120, relative residual: 0.0011970850750622273
Iteration: 121, relative residual: 0.0011935120390952271
Iteration: 122, relative residual: 0.0011924626153867613
Iteration: 123, relative residual: 0.0011924516612640216
Iteration: 124, relative residual: 0.0011907667670889325
Iteration: 125, relative residual: 0.0011871066539850571
Iteration: 126, relative residual: 0.001182547876070624
Iteration: 127, relative residual: 0.001174340412598464
Iteration: 128, relative residual: 0.0011720021602321619
Iteration: 129, relative residual: 0.0011718513528146534
Iteration: 130, relative residual: 0.0011712068079575341
Iteration: 131, relative residual: 0.0011667804399214648
Iteration: 132, relative residual: 0.0011663072818329176
Iteration: 133, relative residual: 0.0011662906821044555
Iteration: 134, relative residual: 0.0011650367543846179
Iteration: 135, relative residual: 0.0011624451310777643
Iteration: 136, relative residual: 0.0011570276719452886
Iteration: 137, relative residual: 0.0011517936298669016
Iteration: 138, relative residual: 0.0011517681308231113
Iteration: 139, relative residual: 0.001149055139858627
Iteration: 140, relative residual: 0.001145728703485407
Iteration: 141, relative residual: 0.0011415016925674314
Iteration: 142, relative residual: 0.0011369296631909597
Iteration: 143, relative residual: 0.0011366859881961847
Iteration: 144, relative residual: 0.001135995595439241
Iteration: 145, relative residual: 0.0011311981111401558
Iteration: 146, relative residual: 0.0011155992812066017
Iteration: 147, relative residual: 0.0010956168365766647
Iteration: 148, relative residual: 0.0010812345214156894
Iteration: 149, relative residual: 0.001074250597885824
Iteration: 150, relative residual: 0.00107326762919502
Iteration: 151, relative residual: 0.0010709131091418643
Iteration: 152, relative residual: 0.0010607400725653033
Iteration: 153, relative residual: 0.0010410976506321564
Iteration: 154, relative residual: 0.0010249758019774424
Iteration: 155, relative residual: 0.0010155496009358095
Iteration: 156, relative residual: 0.001015398137881012
Iteration: 157, relative residual: 0.0010117504772648375
Iteration: 158, relative residual: 0.0010074186041609994
Iteration: 159, relative residual: 0.001003422594599142
Iteration: 160, relative residual: 0.0010015289938505433
Iteration: 161, relative residual: 0.0010012590120014248
Iteration: 162, relative residual: 0.0010011451145608716
Iteration: 163, relative residual: 0.0009977274571133323
Iteration: 164, relative residual: 0.000988114839683411
Iteration: 165, relative residual: 0.0009746114427671798
Iteration: 166, relative residual: 0.0009713206291749736
Iteration: 167, relative residual: 0.0009713168124959954
Iteration: 168, relative residual: 0.0009704800532256417
Iteration: 169, relative residual: 0.000961493776625321
Iteration: 170, relative residual: 0.0009577614721859958
Iteration: 171, relative residual: 0.0009551342554203386
Iteration: 172, relative residual: 0.0009536707023354619
Iteration: 173, relative residual: 0.0009484264729686762
Iteration: 174, relative residual: 0.0009276591589268607
Iteration: 175, relative residual: 0.0008974984470017479
Iteration: 176, relative residual: 0.0008744273298231341
Iteration: 177, relative residual: 0.0008579005939001647
Iteration: 178, relative residual: 0.0008517993813584804
Iteration: 179, relative residual: 0.0008517606411440802
Iteration: 180, relative residual: 0.0008363513527976015
Iteration: 181, relative residual: 0.0008210788413664294
Iteration: 182, relative residual: 0.000805430578571782
Iteration: 183, relative residual: 0.0007877852835981235
Iteration: 184, relative residual: 0.0007752997682472826
Iteration: 185, relative residual: 0.0007751675892671601
Iteration: 186, relative residual: 0.0007721363537413612
Iteration: 187, relative residual: 0.0007562332093620781
Iteration: 188, relative residual: 0.0007366328559548223
Iteration: 189, relative residual: 0.0007270981058253105
Iteration: 190, relative residual: 0.0007245932775756285
Iteration: 191, relative residual: 0.0007244461575231213
Iteration: 192, relative residual: 0.0007183023810202554
Iteration: 193, relative residual: 0.0007071040851206938
Iteration: 194, relative residual: 0.0006990035679860743
Iteration: 195, relative residual: 0.0006911056182302253
Iteration: 196, relative residual: 0.0006901690169788817
Iteration: 197, relative residual: 0.0006871909850855176
Iteration: 198, relative residual: 0.0006771221017217514
Iteration: 199, relative residual: 0.0006681123302912035
Iteration: 200, relative residual: 0.0006681123302912035
Residual: 0.0006681123302912035. Restart...
Iteration: 201, relative residual: 0.0006618289535767146
Iteration: 202, relative residual: 0.0006618289528371622
Iteration: 203, relative residual: 0.000661828896652252
Iteration: 204, relative residual: 0.0006618288904213489
Iteration: 205, relative residual: 0.0006618287361723607
Iteration: 206, relative residual: 0.0006618286896454916
Iteration: 207, relative residual: 0.0006618285333304187
Iteration: 208, relative residual: 0.000661828326293817
Iteration: 209, relative residual: 0.0006618110591826141
Iteration: 210, relative residual: 0.0006617598414474169
Iteration: 211, relative residual: 0.0006616421132707931
Iteration: 212, relative residual: 0.0006615499495605772
Iteration: 213, relative residual: 0.0006615418421827586
Iteration: 214, relative residual: 0.0006615337072849001
Iteration: 215, relative residual: 0.0006614030552205255
Iteration: 216, relative residual: 0.000661274120958214
Iteration: 217, relative residual: 0.0006612548473844787
Iteration: 218, relative residual: 0.0006612258515492257
Iteration: 219, relative residual: 0.0006607517059823481
Iteration: 220, relative residual: 0.0006601298461843697
Iteration: 221, relative residual: 0.0006591420616920676
Iteration: 222, relative residual: 0.0006586145594047977
Iteration: 223, relative residual: 0.0006582367748711276
Iteration: 224, relative residual: 0.0006582322128949798
Iteration: 225, relative residual: 0.0006581099622532784
Iteration: 226, relative residual: 0.0006567341906085451
Iteration: 227, relative residual: 0.0006552166368343745
Iteration: 228, relative residual: 0.0006535839164471303
Iteration: 229, relative residual: 0.0006534790388209791
Iteration: 230, relative residual: 0.0006527048480274424
Iteration: 231, relative residual: 0.0006508932736579738
Iteration: 232, relative residual: 0.00065016766586165
Iteration: 233, relative residual: 0.0006501084197633457
Iteration: 234, relative residual: 0.0006489644498400993
Iteration: 235, relative residual: 0.0006486766169061586
Iteration: 236, relative residual: 0.0006482158050387318
Iteration: 237, relative residual: 0.000648215771859415
Iteration: 238, relative residual: 0.0006481902306056966
Iteration: 239, relative residual: 0.0006474774707861349
Iteration: 240, relative residual: 0.0006473192244075855
Iteration: 241, relative residual: 0.0006472850092115747
Iteration: 242, relative residual: 0.0006472843924689939
Iteration: 243, relative residual: 0.0006470787510695654
Iteration: 244, relative residual: 0.0006461981010091395
Iteration: 245, relative residual: 0.0006459258968534997
Iteration: 246, relative residual: 0.0006458211772607953
Iteration: 247, relative residual: 0.000645780377852498
Iteration: 248, relative residual: 0.0006457795024970511
Iteration: 249, relative residual: 0.0006457659202966374
Iteration: 250, relative residual: 0.0006457469314808519
Iteration: 251, relative residual: 0.0006457466447299494
Iteration: 252, relative residual: 0.0006456928684165682
Iteration: 253, relative residual: 0.0006455450058253962
Iteration: 254, relative residual: 0.0006453204641626428
Iteration: 255, relative residual: 0.000645149707800682
Iteration: 256, relative residual: 0.0006451496481461001
Iteration: 257, relative residual: 0.0006443581726200848
Iteration: 258, relative residual: 0.0006435979374454714
Iteration: 259, relative residual: 0.0006433757474708214
Iteration: 260, relative residual: 0.0006430843093539675
Iteration: 261, relative residual: 0.0006411545996859727
Iteration: 262, relative residual: 0.0006399350957888975
Iteration: 263, relative residual: 0.0006384443026822449
Iteration: 264, relative residual: 0.0006383571556213564
Iteration: 265, relative residual: 0.0006374503669511646
Iteration: 266, relative residual: 0.00063226346299216
Iteration: 267, relative residual: 0.0006278525471732988
Iteration: 268, relative residual: 0.000625961522924179
Iteration: 269, relative residual: 0.0006256597281166413
Iteration: 270, relative residual: 0.0006197230460450347
Iteration: 271, relative residual: 0.0006100750592653939
Iteration: 272, relative residual: 0.0005958925098230046
Iteration: 273, relative residual: 0.0005917567281001351
Iteration: 274, relative residual: 0.0005917482708725774
Iteration: 275, relative residual: 0.0005883985339841279
Iteration: 276, relative residual: 0.0005844469972718879
Iteration: 277, relative residual: 0.0005792103343292661
Iteration: 278, relative residual: 0.0005709760083932683
Iteration: 279, relative residual: 0.0005660174133210168
Iteration: 280, relative residual: 0.0005646298729781652
Iteration: 281, relative residual: 0.0005644209100850733
Iteration: 282, relative residual: 0.0005601897151789578
Iteration: 283, relative residual: 0.0005528083616174718
Iteration: 284, relative residual: 0.000540305835732911
Iteration: 285, relative residual: 0.0005306440998905308
Iteration: 286, relative residual: 0.0005283824434829585
Iteration: 287, relative residual: 0.0005283694005272521
Iteration: 288, relative residual: 0.0005241512152660236
Iteration: 289, relative residual: 0.0005164205357454913
Iteration: 290, relative residual: 0.0005083633609239608
Iteration: 291, relative residual: 0.0005052583824020692
Iteration: 292, relative residual: 0.0005051085168790141
Iteration: 293, relative residual: 0.0005004976495412371
Iteration: 294, relative residual: 0.0004965580007410409
Iteration: 295, relative residual: 0.00048739766406165303
Iteration: 296, relative residual: 0.00048076379927439726
Iteration: 297, relative residual: 0.0004787354034999578
Iteration: 298, relative residual: 0.0004786735870863213
Iteration: 299, relative residual: 0.0004782082540930649
Iteration: 300, relative residual: 0.0004782082540930649
Residual: 0.0004782082540930649. Restart...
Iteration: 301, relative residual: 0.0004694057508241014
Iteration: 302, relative residual: 0.00046940476155158284
Iteration: 303, relative residual: 0.0004693939973867686
Iteration: 304, relative residual: 0.00046939071006970527
Iteration: 305, relative residual: 0.0004693514343518014
Iteration: 306, relative residual: 0.00046934657459094767
Iteration: 307, relative residual: 0.00046925600852680213
Iteration: 308, relative residual: 0.0004691139172839423
Iteration: 309, relative residual: 0.0004689576033761397
Iteration: 310, relative residual: 0.0004688940553676574
Iteration: 311, relative residual: 0.00046886450594971744
Iteration: 312, relative residual: 0.00046885275242479507
Iteration: 313, relative residual: 0.0004688310271985277
Iteration: 314, relative residual: 0.0004686679614613102
Iteration: 315, relative residual: 0.00046845750877931537
Iteration: 316, relative residual: 0.0004684413390446954
Iteration: 317, relative residual: 0.00046841852388934923
Iteration: 318, relative residual: 0.0004682486572864663
Iteration: 319, relative residual: 0.00046815914141970294
Iteration: 320, relative residual: 0.00046800867224979637
Iteration: 321, relative residual: 0.00046726369600048103
Iteration: 322, relative residual: 0.000466949824420723
Iteration: 323, relative residual: 0.0004669208203099454
Iteration: 324, relative residual: 0.0004668829921467778
Iteration: 325, relative residual: 0.00046630694628968945
Iteration: 326, relative residual: 0.0004660277543471623
Iteration: 327, relative residual: 0.0004652852854248788
Iteration: 328, relative residual: 0.00046518304467698296
Iteration: 329, relative residual: 0.0004650276677915257
Iteration: 330, relative residual: 0.0004628297088283337
Iteration: 331, relative residual: 0.00046252864635533506
Iteration: 332, relative residual: 0.00046252661494205046
Iteration: 333, relative residual: 0.000462437321683732
Iteration: 334, relative residual: 0.00046220903699520165
Iteration: 335, relative residual: 0.00046204454356338267
Iteration: 336, relative residual: 0.0004619696123252395
Iteration: 337, relative residual: 0.00046196961116889377
Iteration: 338, relative residual: 0.0004618680455345188
Iteration: 339, relative residual: 0.00046168602944967615
Iteration: 340, relative residual: 0.00046168594976393144
Iteration: 341, relative residual: 0.0004616852700097036
Iteration: 342, relative residual: 0.0004615301955565728
Iteration: 343, relative residual: 0.00046145686736473793
Iteration: 344, relative residual: 0.0004614567108283984
Iteration: 345, relative residual: 0.00046144289541587215
Iteration: 346, relative residual: 0.0004614145896281847
Iteration: 347, relative residual: 0.0004612719076637252
Iteration: 348, relative residual: 0.0004609513504400572
Iteration: 349, relative residual: 0.0004605682525024921
Iteration: 350, relative residual: 0.00046056633724146943
Iteration: 351, relative residual: 0.00046056492182729744
Iteration: 352, relative residual: 0.00045986490323681557
Iteration: 353, relative residual: 0.00045965849379113656
Iteration: 354, relative residual: 0.0004586893984169013
Iteration: 355, relative residual: 0.0004581671008564035
Iteration: 356, relative residual: 0.0004581470269817186
Iteration: 357, relative residual: 0.0004573991693535074
Iteration: 358, relative residual: 0.0004564120172810188
Iteration: 359, relative residual: 0.0004556500306994165
Iteration: 360, relative residual: 0.0004551098306982052
Iteration: 361, relative residual: 0.00045507603132562754
Iteration: 362, relative residual: 0.00045460277976853037
Iteration: 363, relative residual: 0.0004531914706751352
Iteration: 364, relative residual: 0.0004514059110925809
Iteration: 365, relative residual: 0.0004507626026526248
Iteration: 366, relative residual: 0.00045073430459969323
Iteration: 367, relative residual: 0.0004501950388202399
Iteration: 368, relative residual: 0.0004488972313675186
Iteration: 369, relative residual: 0.0004478532607265038
Iteration: 370, relative residual: 0.0004473949491196723
Iteration: 371, relative residual: 0.00044691633921363293
Iteration: 372, relative residual: 0.0004456029246127862
Iteration: 373, relative residual: 0.00044304000085970024
Iteration: 374, relative residual: 0.0004406029347703685
Iteration: 375, relative residual: 0.00044027375170463325
Iteration: 376, relative residual: 0.0004398254211832488
Iteration: 377, relative residual: 0.00043717282704372023
Iteration: 378, relative residual: 0.0004339318614820673
Iteration: 379, relative residual: 0.00043162789004416236
Iteration: 380, relative residual: 0.00042929359974055135
Iteration: 381, relative residual: 0.00042927206411389954
Iteration: 382, relative residual: 0.0004275862270524968
Iteration: 383, relative residual: 0.0004242136658836124
Iteration: 384, relative residual: 0.00042175676991001434
Iteration: 385, relative residual: 0.00041998542570909634
Iteration: 386, relative residual: 0.000419954571498698
Iteration: 387, relative residual: 0.0004199456437385788
Iteration: 388, relative residual: 0.0004196697640121809
Iteration: 389, relative residual: 0.0004186951618380053
Iteration: 390, relative residual: 0.0004169359181904421
Iteration: 391, relative residual: 0.00041616533645274416
Iteration: 392, relative residual: 0.0004160720616436977
Iteration: 393, relative residual: 0.00041605691559429503
Iteration: 394, relative residual: 0.0004153910072780115
Iteration: 395, relative residual: 0.0004132798560551004
Iteration: 396, relative residual: 0.0004109939283351017
Iteration: 397, relative residual: 0.0004104436521532864
Iteration: 398, relative residual: 0.0004103315686348273
Iteration: 399, relative residual: 0.00040928361813025757
Iteration: 400, relative residual: 0.00040928361813025757
Residual: 0.00040928361813025757. Restart...
Iteration: 401, relative residual: 0.00040626180284548464
Iteration: 402, relative residual: 0.0004062617802909679
Iteration: 403, relative residual: 0.0004062574740823116
Iteration: 404, relative residual: 0.0004062553523747198
Iteration: 405, relative residual: 0.00040624300160060813
Iteration: 406, relative residual: 0.00040623832746570127
Iteration: 407, relative residual: 0.0004062279734919488
Iteration: 408, relative residual: 0.00040620683220184096
Iteration: 409, relative residual: 0.000406189481799212
Iteration: 410, relative residual: 0.00040618381254432437
Iteration: 411, relative residual: 0.00040618261352788534
Iteration: 412, relative residual: 0.00040618068510319273
Iteration: 413, relative residual: 0.0004061798825226649
Iteration: 414, relative residual: 0.00040617577547756025
Iteration: 415, relative residual: 0.00040615648094711305
Iteration: 416, relative residual: 0.0004061503203193197
Iteration: 417, relative residual: 0.0004061494724064357
Iteration: 418, relative residual: 0.0004061046793657243
Iteration: 419, relative residual: 0.0004060945958735838
Iteration: 420, relative residual: 0.0004059570795544046
Iteration: 421, relative residual: 0.0004055373384645078
Iteration: 422, relative residual: 0.00040535496204417346
Iteration: 423, relative residual: 0.00040535188811975024
Iteration: 424, relative residual: 0.0004053420682569319
Iteration: 425, relative residual: 0.0004053131568158398
Iteration: 426, relative residual: 0.0004051978772919951
Iteration: 427, relative residual: 0.000405010481734758
Iteration: 428, relative residual: 0.000405010423187726
Iteration: 429, relative residual: 0.00040500848839243483
Iteration: 430, relative residual: 0.00040486627742420566
Iteration: 431, relative residual: 0.0004048437051047859
Iteration: 432, relative residual: 0.0004048432305446662
Iteration: 433, relative residual: 0.0004048431936797167
Iteration: 434, relative residual: 0.000404837320910192
Iteration: 435, relative residual: 0.00040475539731165967
Iteration: 436, relative residual: 0.00040475214219171297
Iteration: 437, relative residual: 0.00040467746377893695
Iteration: 438, relative residual: 0.00040459347962468705
Iteration: 439, relative residual: 0.0004045798754539616
Iteration: 440, relative residual: 0.00040456989083490977
Iteration: 441, relative residual: 0.0004045426274982746
Iteration: 442, relative residual: 0.0004044307470635534
Iteration: 443, relative residual: 0.0004042981408532609
Iteration: 444, relative residual: 0.0004040916186076056
Iteration: 445, relative residual: 0.0004038967419818183
Iteration: 446, relative residual: 0.00040389387446969203
Iteration: 447, relative residual: 0.00040383681736704305
Iteration: 448, relative residual: 0.0004037503720709485
Iteration: 449, relative residual: 0.0004036734778492958
Iteration: 450, relative residual: 0.00040331499156709416
Iteration: 451, relative residual: 0.00040330239170819574
Iteration: 452, relative residual: 0.0004030916059327739
Iteration: 453, relative residual: 0.0004030915126531263
Iteration: 454, relative residual: 0.00040305283899971426
Iteration: 455, relative residual: 0.0004027824212976651
Iteration: 456, relative residual: 0.0004025845915449569
Iteration: 457, relative residual: 0.0004024390240210514
Iteration: 458, relative residual: 0.000402327471608442
Iteration: 459, relative residual: 0.0004021694312320457
Iteration: 460, relative residual: 0.0004019150275016378
Iteration: 461, relative residual: 0.00040179681396343875
Iteration: 462, relative residual: 0.0004015854882947587
Iteration: 463, relative residual: 0.00040043729142318676
Iteration: 464, relative residual: 0.00039974254854177545
Iteration: 465, relative residual: 0.0003993100116893501
Iteration: 466, relative residual: 0.00039928897306506746
Iteration: 467, relative residual: 0.00039900575288889735
Iteration: 468, relative residual: 0.0003983040479686668
Iteration: 469, relative residual: 0.00039720478358449196
Iteration: 470, relative residual: 0.0003966720380712896
Iteration: 471, relative residual: 0.0003966004894209672
Iteration: 472, relative residual: 0.0003961287769565555
Iteration: 473, relative residual: 0.00039519179300658437
Iteration: 474, relative residual: 0.0003946074323828033
Iteration: 475, relative residual: 0.00039458702020688923
Iteration: 476, relative residual: 0.00039437257622664885
Iteration: 477, relative residual: 0.0003932243413280293
Iteration: 478, relative residual: 0.00039127109833023794
Iteration: 479, relative residual: 0.0003899161287080806
Iteration: 480, relative residual: 0.00038954107809772043
Iteration: 481, relative residual: 0.00038953385268591126
Iteration: 482, relative residual: 0.00038855074946869027
Iteration: 483, relative residual: 0.0003876475785244925
Iteration: 484, relative residual: 0.0003851254140958976
Iteration: 485, relative residual: 0.0003844349226999982
Iteration: 486, relative residual: 0.00038439744173343073
Iteration: 487, relative residual: 0.00038398905741174777
Iteration: 488, relative residual: 0.00038210639015654667
Iteration: 489, relative residual: 0.00037872620283038196
Iteration: 490, relative residual: 0.0003768979695542964
Iteration: 491, relative residual: 0.0003765305986407811
Iteration: 492, relative residual: 0.00037651426763403103
Iteration: 493, relative residual: 0.0003761076987376902
Iteration: 494, relative residual: 0.00037556306820481477
Iteration: 495, relative residual: 0.0003749887261873314
Iteration: 496, relative residual: 0.00037461457895208555
Iteration: 497, relative residual: 0.0003742452749822268
Iteration: 498, relative residual: 0.0003742351854070557
Iteration: 499, relative residual: 0.0003738025309663641
Iteration: 500, relative residual: 0.0003738025309663641
Residual: 0.0003738025309663641. Restart...
Iteration: 501, relative residual: 0.0003731577892551148
Iteration: 502, relative residual: 0.0003731577697598701
Iteration: 503, relative residual: 0.00037315713592165034
Iteration: 504, relative residual: 0.00037315654209305564
Iteration: 505, relative residual: 0.0003731559919612913
Iteration: 506, relative residual: 0.00037315506422853564
Iteration: 507, relative residual: 0.00037314869811539753
Iteration: 508, relative residual: 0.0003731449812276178
Iteration: 509, relative residual: 0.0003731385559596275
Iteration: 510, relative residual: 0.0003731336169713931
Iteration: 511, relative residual: 0.0003731284624527269
Iteration: 512, relative residual: 0.0003731254289184503
Iteration: 513, relative residual: 0.00037312542732492954
Iteration: 514, relative residual: 0.00037311686806339715
Iteration: 515, relative residual: 0.00037310416868918813
Iteration: 516, relative residual: 0.0003731035660176306
Iteration: 517, relative residual: 0.000373102137689451
Iteration: 518, relative residual: 0.00037309275839249133
Iteration: 519, relative residual: 0.0003730896965168147
Iteration: 520, relative residual: 0.00037307731083647226
Iteration: 521, relative residual: 0.00037302238370657073
Iteration: 522, relative residual: 0.00037299653133255397
Iteration: 523, relative residual: 0.0003729931401765699
Iteration: 524, relative residual: 0.0003729911550785549
Iteration: 525, relative residual: 0.000372987839495578
Iteration: 526, relative residual: 0.00037297471596734697
Iteration: 527, relative residual: 0.00037296476438649056
Iteration: 528, relative residual: 0.0003729586378956474
Iteration: 529, relative residual: 0.00037295863236648746
Iteration: 530, relative residual: 0.0003729572838292767
Iteration: 531, relative residual: 0.000372957190593313
Iteration: 532, relative residual: 0.0003729567495958018
Iteration: 533, relative residual: 0.00037294022923747486
Iteration: 534, relative residual: 0.00037293783472968354
Iteration: 535, relative residual: 0.0003729341167862647
Iteration: 536, relative residual: 0.00037292555476814583
Iteration: 537, relative residual: 0.0003728992922786298
Iteration: 538, relative residual: 0.00037289353112235954
Iteration: 539, relative residual: 0.0003728934977649897
Iteration: 540, relative residual: 0.00037289277053475476
Iteration: 541, relative residual: 0.0003728927669875104
Iteration: 542, relative residual: 0.0003728925651269902
Iteration: 543, relative residual: 0.0003728915151562051
Iteration: 544, relative residual: 0.0003728645264621989
Iteration: 545, relative residual: 0.0003728340648713111
Iteration: 546, relative residual: 0.0003728075825737053
Iteration: 547, relative residual: 0.00037280182291058144
Iteration: 548, relative residual: 0.0003727482628179633
Iteration: 549, relative residual: 0.0003726407078346142
Iteration: 550, relative residual: 0.0003725140582050508
Iteration: 551, relative residual: 0.00037250159807960615
Iteration: 552, relative residual: 0.00037243165216962977
Iteration: 553, relative residual: 0.00037224002527673386
Iteration: 554, relative residual: 0.0003720210710976043
Iteration: 555, relative residual: 0.0003718440782247613
Iteration: 556, relative residual: 0.00037165405814010413
Iteration: 557, relative residual: 0.00037163300654346516
Iteration: 558, relative residual: 0.0003716264130341515
Iteration: 559, relative residual: 0.00037136314508246876
Iteration: 560, relative residual: 0.0003711572977632281
Iteration: 561, relative residual: 0.0003711399925396948
Iteration: 562, relative residual: 0.00037107291871213557
Iteration: 563, relative residual: 0.00037098111954421957
Iteration: 564, relative residual: 0.0003707125874998919
Iteration: 565, relative residual: 0.0003703619922338935
Iteration: 566, relative residual: 0.0003703092877367235
Iteration: 567, relative residual: 0.0003702417673848047
Iteration: 568, relative residual: 0.0003700447139291799
Iteration: 569, relative residual: 0.00036954448933632344
Iteration: 570, relative residual: 0.0003692559511402442
Iteration: 571, relative residual: 0.0003692382464199822
Iteration: 572, relative residual: 0.000369060794847597
Iteration: 573, relative residual: 0.0003687510905770188
Iteration: 574, relative residual: 0.00036855986901352707
Iteration: 575, relative residual: 0.00036828389503853044
Iteration: 576, relative residual: 0.0003681671786367171
Iteration: 577, relative residual: 0.0003681671577760333
Iteration: 578, relative residual: 0.00036807661719836116
Iteration: 579, relative residual: 0.00036731076137977496
Iteration: 580, relative residual: 0.000365905752430369
Iteration: 581, relative residual: 0.0003656818848295063
Iteration: 582, relative residual: 0.0003655740155440132
Iteration: 583, relative residual: 0.00036535760230006564
Iteration: 584, relative residual: 0.00036496408489506636
Iteration: 585, relative residual: 0.00036471210653165405
Iteration: 586, relative residual: 0.0003639330829069908
Iteration: 587, relative residual: 0.0003637143363663182
Iteration: 588, relative residual: 0.00036366315139235716
Iteration: 589, relative residual: 0.00036342626508674756
Iteration: 590, relative residual: 0.00036224719777984795
Iteration: 591, relative residual: 0.00036196055929594846
Iteration: 592, relative residual: 0.0003618912106973224
Iteration: 593, relative residual: 0.0003618264746680302
Iteration: 594, relative residual: 0.0003617808757343994
Iteration: 595, relative residual: 0.0003611977747633004
Iteration: 596, relative residual: 0.00035935305198695215
Iteration: 597, relative residual: 0.00035921710591306044
Iteration: 598, relative residual: 0.0003591296438411814
Iteration: 599, relative residual: 0.00035912865950516425
Iteration: 600, relative residual: 0.00035912865950516425
Residual: 0.00035912865950516425. Restart...
Iteration: 601, relative residual: 0.0003576248361976671
Iteration: 602, relative residual: 0.00035762483614495413
Iteration: 603, relative residual: 0.00035762482226663056
Iteration: 604, relative residual: 0.0003576248140897883
Iteration: 605, relative residual: 0.00035762480535816147
Iteration: 606, relative residual: 0.00035762462192718625
Iteration: 607, relative residual: 0.00035762452772710693
Iteration: 608, relative residual: 0.0003576243348532765
Iteration: 609, relative residual: 0.0003576226436405211
Iteration: 610, relative residual: 0.0003576210888249984
Iteration: 611, relative residual: 0.00035761931318753715
Iteration: 612, relative residual: 0.00035761854718142797
Iteration: 613, relative residual: 0.00035761854608362247
Iteration: 614, relative residual: 0.00035761756205262104
Iteration: 615, relative residual: 0.00035761661950181557
Iteration: 616, relative residual: 0.0003576161987823022
Iteration: 617, relative residual: 0.00035761569272721325
Iteration: 618, relative residual: 0.00035761566684415095
Iteration: 619, relative residual: 0.0003576156457278021
Iteration: 620, relative residual: 0.0003576156042454472
Iteration: 621, relative residual: 0.0003576144688605408
Iteration: 622, relative residual: 0.000357612108227289
Iteration: 623, relative residual: 0.0003576100329722863
Iteration: 624, relative residual: 0.0003576096291476798
Iteration: 625, relative residual: 0.000357608453873069
Iteration: 626, relative residual: 0.0003576054225338662
Iteration: 627, relative residual: 0.00035759662955139106
Iteration: 628, relative residual: 0.00035759307033926557
Iteration: 629, relative residual: 0.00035759248533272513
Iteration: 630, relative residual: 0.000357591903140672
Iteration: 631, relative residual: 0.0003575916551053071
Iteration: 632, relative residual: 0.000357591432660077
Iteration: 633, relative residual: 0.0003575907673144591
Iteration: 634, relative residual: 0.0003575866417936384
Iteration: 635, relative residual: 0.0003575832532118014
Iteration: 636, relative residual: 0.00035758324062695426
Iteration: 637, relative residual: 0.0003575796709377825
Iteration: 638, relative residual: 0.0003575784992305767
Iteration: 639, relative residual: 0.0003575784407583961
Iteration: 640, relative residual: 0.00035757840797242803
Iteration: 641, relative residual: 0.0003575751617220915
Iteration: 642, relative residual: 0.000357574307553685
Iteration: 643, relative residual: 0.00035757212795352767
Iteration: 644, relative residual: 0.00035756160486967805
Iteration: 645, relative residual: 0.00035755142678947876
Iteration: 646, relative residual: 0.0003575486895160319
Iteration: 647, relative residual: 0.0003575460132103658
Iteration: 648, relative residual: 0.00035752363460470944
Iteration: 649, relative residual: 0.00035742916944329076
Iteration: 650, relative residual: 0.0003573852628390082
Iteration: 651, relative residual: 0.000357364895519053
Iteration: 652, relative residual: 0.0003573530019279195
Iteration: 653, relative residual: 0.0003573523662131409
Iteration: 654, relative residual: 0.0003573287809309931
Iteration: 655, relative residual: 0.0003572501015256489
Iteration: 656, relative residual: 0.0003570909871115385
Iteration: 657, relative residual: 0.0003569244023287688
Iteration: 658, relative residual: 0.0003569237270196635
Iteration: 659, relative residual: 0.00035683806404998434
Iteration: 660, relative residual: 0.0003566238246720498
Iteration: 661, relative residual: 0.0003564935230629171
Iteration: 662, relative residual: 0.0003564890527683436
Iteration: 663, relative residual: 0.00035631178146692025
Iteration: 664, relative residual: 0.000355648026910868
Iteration: 665, relative residual: 0.0003553653859910805
Iteration: 666, relative residual: 0.000355358556901507
Iteration: 667, relative residual: 0.0003549926554215321
Iteration: 668, relative residual: 0.00035429672973525186
Iteration: 669, relative residual: 0.00035393836445659564
Iteration: 670, relative residual: 0.00035389078064674304
Iteration: 671, relative residual: 0.00035364752122213285
Iteration: 672, relative residual: 0.0003527868797784633
Iteration: 673, relative residual: 0.0003522411167004027
Iteration: 674, relative residual: 0.0003521282070089935
Iteration: 675, relative residual: 0.0003521281728804358
Iteration: 676, relative residual: 0.00035193778765606296
Iteration: 677, relative residual: 0.00035134792436123416
Iteration: 678, relative residual: 0.00035055805255303473
Iteration: 679, relative residual: 0.00034995575627605235
Iteration: 680, relative residual: 0.00034966615248358836
Iteration: 681, relative residual: 0.00034961179557344425
Iteration: 682, relative residual: 0.000349484172823779
Iteration: 683, relative residual: 0.0003488794044419045
Iteration: 684, relative residual: 0.0003481711895284297
Iteration: 685, relative residual: 0.0003477075285060906
Iteration: 686, relative residual: 0.0003471582099229276
Iteration: 687, relative residual: 0.00034687058313023186
Iteration: 688, relative residual: 0.0003468704708398892
Iteration: 689, relative residual: 0.0003465467829222668
Iteration: 690, relative residual: 0.0003456373009467848
Iteration: 691, relative residual: 0.0003441237496248868
Iteration: 692, relative residual: 0.00034351902948099585
Iteration: 693, relative residual: 0.00034340872966892523
Iteration: 694, relative residual: 0.00034338736408295195
Iteration: 695, relative residual: 0.0003421552255019363
Iteration: 696, relative residual: 0.0003402035183431323
Iteration: 697, relative residual: 0.00033843048179630806
Iteration: 698, relative residual: 0.00033827837179676776
Iteration: 699, relative residual: 0.00033808648906892157
Iteration: 700, relative residual: 0.00033808648906892157
Residual: 0.00033808648906892157. Restart...
Iteration: 701, relative residual: 0.0003368564502974944
Iteration: 702, relative residual: 0.0003368564029223302
Iteration: 703, relative residual: 0.0003368559618277594
Iteration: 704, relative residual: 0.00033685450314308615
Iteration: 705, relative residual: 0.000336846513050668
Iteration: 706, relative residual: 0.00033683968610970585
Iteration: 707, relative residual: 0.00033683571869493924
Iteration: 708, relative residual: 0.00033679862744403425
Iteration: 709, relative residual: 0.0003367751575935538
Iteration: 710, relative residual: 0.0003367691962805114
Iteration: 711, relative residual: 0.0003367656623797427
Iteration: 712, relative residual: 0.00033676562427748365
Iteration: 713, relative residual: 0.00033676418861544377
Iteration: 714, relative residual: 0.0003367600644920887
Iteration: 715, relative residual: 0.00033675673891614096
Iteration: 716, relative residual: 0.0003367541071162454
Iteration: 717, relative residual: 0.0003367385958682101
Iteration: 718, relative residual: 0.00033673263907050915
Iteration: 719, relative residual: 0.0003367326127669945
Iteration: 720, relative residual: 0.0003366773720141724
Iteration: 721, relative residual: 0.000336473529673463
Iteration: 722, relative residual: 0.00033633279812770873
Iteration: 723, relative residual: 0.0003362563478258523
Iteration: 724, relative residual: 0.0003362419828210063
Iteration: 725, relative residual: 0.00033622900573476543
Iteration: 726, relative residual: 0.00033619951243369365
Iteration: 727, relative residual: 0.0003361035094445554
Iteration: 728, relative residual: 0.00033602666712761846
Iteration: 729, relative residual: 0.0003359650907477891
Iteration: 730, relative residual: 0.0003358991097681047
Iteration: 731, relative residual: 0.00033586234408114235
Iteration: 732, relative residual: 0.0003358518822378958
Iteration: 733, relative residual: 0.0003358442340174854
Iteration: 734, relative residual: 0.00033581934378654194
Iteration: 735, relative residual: 0.00033577488752563404
Iteration: 736, relative residual: 0.0003357748053363616
Iteration: 737, relative residual: 0.0003357731684680167
Iteration: 738, relative residual: 0.00033576091454496363
Iteration: 739, relative residual: 0.0003357606346709247
Iteration: 740, relative residual: 0.0003357298912242706
Iteration: 741, relative residual: 0.0003356867756632579
Iteration: 742, relative residual: 0.0003356466585144214
Iteration: 743, relative residual: 0.00033563751611961716
Iteration: 744, relative residual: 0.0003356274762256935
Iteration: 745, relative residual: 0.00033560578673796617
Iteration: 746, relative residual: 0.00033555929596889493
Iteration: 747, relative residual: 0.0003355553664704995
Iteration: 748, relative residual: 0.00033555525878734043
Iteration: 749, relative residual: 0.0003354228025969983
Iteration: 750, relative residual: 0.000335340990905727
Iteration: 751, relative residual: 0.0003353183195649256
Iteration: 752, relative residual: 0.0003353154511847449
Iteration: 753, relative residual: 0.0003353135690790459
Iteration: 754, relative residual: 0.00033528091123003574
Iteration: 755, relative residual: 0.00033505141723837655
Iteration: 756, relative residual: 0.00033478022858180145
Iteration: 757, relative residual: 0.0003347719661211729
Iteration: 758, relative residual: 0.00033462349454230575
Iteration: 759, relative residual: 0.0003341326266800564
Iteration: 760, relative residual: 0.00033378296732662356
Iteration: 761, relative residual: 0.00033375326747079443
Iteration: 762, relative residual: 0.0003336742949365683
Iteration: 763, relative residual: 0.0003331082146303658
Iteration: 764, relative residual: 0.00033238789016367635
Iteration: 765, relative residual: 0.0003322469593952305
Iteration: 766, relative residual: 0.0003322326591397496
Iteration: 767, relative residual: 0.0003322008043813248
Iteration: 768, relative residual: 0.00033193345409860894
Iteration: 769, relative residual: 0.00033164162059440175
Iteration: 770, relative residual: 0.0003316388341714198
Iteration: 771, relative residual: 0.00033123438878929586
Iteration: 772, relative residual: 0.0003307884767102437
Iteration: 773, relative residual: 0.00033038304162301884
Iteration: 774, relative residual: 0.0003301744968116316
Iteration: 775, relative residual: 0.0003300613356223756
Iteration: 776, relative residual: 0.0003300580757830852
Iteration: 777, relative residual: 0.00032981615769736713
Iteration: 778, relative residual: 0.0003289909609228946
Iteration: 779, relative residual: 0.00032835822363616384
Iteration: 780, relative residual: 0.00032787416269145745
Iteration: 781, relative residual: 0.0003278494185160923
Iteration: 782, relative residual: 0.0003271792047642139
Iteration: 783, relative residual: 0.00032689717892320593
Iteration: 784, relative residual: 0.0003268037460149077
Iteration: 785, relative residual: 0.00032676064067776404
Iteration: 786, relative residual: 0.0003267410027740724
Iteration: 787, relative residual: 0.00032660783110948844
Iteration: 788, relative residual: 0.0003260999753324731
Iteration: 789, relative residual: 0.00032604436674419333
Iteration: 790, relative residual: 0.0003257356912323546
Iteration: 791, relative residual: 0.00032571518716162227
Iteration: 792, relative residual: 0.0003256276204456879
Iteration: 793, relative residual: 0.00032560217834055953
Iteration: 794, relative residual: 0.0003255424434381136
Iteration: 795, relative residual: 0.00032507994784087733
Iteration: 796, relative residual: 0.00032493140601349944
Iteration: 797, relative residual: 0.0003247641387554408
Iteration: 798, relative residual: 0.00032476407636141427
Iteration: 799, relative residual: 0.0003247207159290995
Iteration: 800, relative residual: 0.0003247207159290995
Residual: 0.0003247207159290995. Restart...
Iteration: 801, relative residual: 0.00032432950896562566
Iteration: 802, relative residual: 0.0003243295088447693
Iteration: 803, relative residual: 0.0003243295084902211
Iteration: 804, relative residual: 0.0003243295078056826
Iteration: 805, relative residual: 0.0003243295077096103
Iteration: 806, relative residual: 0.00032432950517568437
Iteration: 807, relative residual: 0.0003243295051151518
Iteration: 808, relative residual: 0.000324329498538234
Iteration: 809, relative residual: 0.00032432947885656106
Iteration: 810, relative residual: 0.00032432945373179155
Iteration: 811, relative residual: 0.0003243294182863661
Iteration: 812, relative residual: 0.0003243293654507778
Iteration: 813, relative residual: 0.0003243293445015208
Iteration: 814, relative residual: 0.0003243293444102667
Iteration: 815, relative residual: 0.0003243292519204742
Iteration: 816, relative residual: 0.00032432922275894155
Iteration: 817, relative residual: 0.00032432922231624115
Iteration: 818, relative residual: 0.000324329116353141
Iteration: 819, relative residual: 0.00032432900212993484
Iteration: 820, relative residual: 0.0003243288552703212
Iteration: 821, relative residual: 0.0003243275124335519
Iteration: 822, relative residual: 0.00032432639472680696
Iteration: 823, relative residual: 0.0003243257919879285
Iteration: 824, relative residual: 0.00032432577838892985
Iteration: 825, relative residual: 0.0003243257502267062
Iteration: 826, relative residual: 0.0003243255784842689
Iteration: 827, relative residual: 0.00032432468694566335
Iteration: 828, relative residual: 0.0003243221988631914
Iteration: 829, relative residual: 0.0003243177009298148
Iteration: 830, relative residual: 0.00032430963838927797
Iteration: 831, relative residual: 0.0003243056438216965
Iteration: 832, relative residual: 0.00032430033909634434
Iteration: 833, relative residual: 0.00032429490636275317
Iteration: 834, relative residual: 0.00032429309024671854
Iteration: 835, relative residual: 0.00032429203932340234
Iteration: 836, relative residual: 0.0003242825093921732
Iteration: 837, relative residual: 0.0003242769076470137
Iteration: 838, relative residual: 0.0003242764464973828
Iteration: 839, relative residual: 0.00032427524289843716
Iteration: 840, relative residual: 0.00032427203449603837
Iteration: 841, relative residual: 0.0003242531112707597
Iteration: 842, relative residual: 0.0003242256498182438
Iteration: 843, relative residual: 0.0003242077824589975
Iteration: 844, relative residual: 0.00032420280926170967
Iteration: 845, relative residual: 0.0003242023408488875
Iteration: 846, relative residual: 0.0003241951190918267
Iteration: 847, relative residual: 0.00032418198070104527
Iteration: 848, relative residual: 0.0003241668260162559
Iteration: 849, relative residual: 0.0003241596551995731
Iteration: 850, relative residual: 0.00032415964202084623
Iteration: 851, relative residual: 0.00032415399037668467
Iteration: 852, relative residual: 0.0003241424413935598
Iteration: 853, relative residual: 0.00032413702178311975
Iteration: 854, relative residual: 0.00032412580016478657
Iteration: 855, relative residual: 0.00032412401201169553
Iteration: 856, relative residual: 0.0003241225336854141
Iteration: 857, relative residual: 0.0003241072899518827
Iteration: 858, relative residual: 0.0003240972484230499
Iteration: 859, relative residual: 0.00032409689416111425
Iteration: 860, relative residual: 0.0003240935959665932
Iteration: 861, relative residual: 0.00032407020939571364
Iteration: 862, relative residual: 0.0003240452597404075
Iteration: 863, relative residual: 0.00032403371796558287
Iteration: 864, relative residual: 0.00032402335555805815
Iteration: 865, relative residual: 0.0003239098652819664
Iteration: 866, relative residual: 0.00032386228264680994
Iteration: 867, relative residual: 0.0003238522685265846
Iteration: 868, relative residual: 0.0003238521145799263
Iteration: 869, relative residual: 0.0003238153180757403
Iteration: 870, relative residual: 0.00032373657076958994
Iteration: 871, relative residual: 0.0003237074264998568
Iteration: 872, relative residual: 0.0003237029211689033
Iteration: 873, relative residual: 0.000323699692102809
Iteration: 874, relative residual: 0.00032360942557707655
Iteration: 875, relative residual: 0.00032320449359815254
Iteration: 876, relative residual: 0.00032297922143807527
Iteration: 877, relative residual: 0.00032294169415473503
Iteration: 878, relative residual: 0.00032294143172532
Iteration: 879, relative residual: 0.0003228782959975576
Iteration: 880, relative residual: 0.0003228691333339674
Iteration: 881, relative residual: 0.0003228127620358354
Iteration: 882, relative residual: 0.000322545980343679
Iteration: 883, relative residual: 0.0003225267881523448
Iteration: 884, relative residual: 0.00032251539518103335
Iteration: 885, relative residual: 0.00032232863413531347
Iteration: 886, relative residual: 0.00032170793156683394
Iteration: 887, relative residual: 0.0003213394124052802
Iteration: 888, relative residual: 0.00032124187605656594
Iteration: 889, relative residual: 0.0003212407836078837
Iteration: 890, relative residual: 0.0003212382284765113
Iteration: 891, relative residual: 0.00032107415762182496
Iteration: 892, relative residual: 0.00032071398619343326
Iteration: 893, relative residual: 0.00032037525213151176
Iteration: 894, relative residual: 0.00032014581136586006
Iteration: 895, relative residual: 0.00032010654113944203
Iteration: 896, relative residual: 0.0003198689411944354
Iteration: 897, relative residual: 0.00031974905861581433
Iteration: 898, relative residual: 0.0003197285222066652
Iteration: 899, relative residual: 0.00031960756719493074
Iteration: 900, relative residual: 0.00031960756719493074
Residual: 0.00031960756719493074. Restart...
Iteration: 901, relative residual: 0.00031952110971422335
Iteration: 902, relative residual: 0.00031952110968258004
Iteration: 903, relative residual: 0.00031952110840008754
Iteration: 904, relative residual: 0.0003195211073824393
Iteration: 905, relative residual: 0.00031952110048834363
Iteration: 906, relative residual: 0.0003195211001673999
Iteration: 907, relative residual: 0.0003195210754971852
Iteration: 908, relative residual: 0.00031952098355380915
Iteration: 909, relative residual: 0.0003195205886171386
Iteration: 910, relative residual: 0.00031952011409530515
Iteration: 911, relative residual: 0.0003195192645203538
Iteration: 912, relative residual: 0.00031951789877133157
Iteration: 913, relative residual: 0.0003195171864490797
Iteration: 914, relative residual: 0.0003195170849017252
Iteration: 915, relative residual: 0.00031951668195680775
Iteration: 916, relative residual: 0.00031951549950493013
Iteration: 917, relative residual: 0.00031951464864586095
Iteration: 918, relative residual: 0.00031951391097786096
Iteration: 919, relative residual: 0.00031951388211517523
Iteration: 920, relative residual: 0.00031951212358479283
Iteration: 921, relative residual: 0.00031950404691235765
Iteration: 922, relative residual: 0.00031949643245051106
Iteration: 923, relative residual: 0.0003194924219682441
Iteration: 924, relative residual: 0.0003194923789894919
Iteration: 925, relative residual: 0.00031949136981288554
Iteration: 926, relative residual: 0.00031948378099795377
Iteration: 927, relative residual: 0.00031947025346805126
Iteration: 928, relative residual: 0.00031945438158434143
Iteration: 929, relative residual: 0.00031944780895521433
Iteration: 930, relative residual: 0.00031943742431292827
Iteration: 931, relative residual: 0.00031943565208998137
Iteration: 932, relative residual: 0.0003194341477169538
Iteration: 933, relative residual: 0.0003194341050630313
Iteration: 934, relative residual: 0.0003194338309866105
Iteration: 935, relative residual: 0.00031942786839403285
Iteration: 936, relative residual: 0.0003194188230790362
Iteration: 937, relative residual: 0.0003194166228666377
Iteration: 938, relative residual: 0.00031941181040960517
Iteration: 939, relative residual: 0.0003193956391297785
Iteration: 940, relative residual: 0.00031938920043582056
Iteration: 941, relative residual: 0.0003193879934289151
Iteration: 942, relative residual: 0.0003193879887792214
Iteration: 943, relative residual: 0.000319385731271812
Iteration: 944, relative residual: 0.000319382327729543
Iteration: 945, relative residual: 0.00031936970701273374
Iteration: 946, relative residual: 0.0003193514879805171
Iteration: 947, relative residual: 0.00031935056556184837
Iteration: 948, relative residual: 0.0003193292245086877
Iteration: 949, relative residual: 0.00031927278259729237
Iteration: 950, relative residual: 0.00031919947856246444
Iteration: 951, relative residual: 0.0003191548455101937
Iteration: 952, relative residual: 0.00031915395818623817
Iteration: 953, relative residual: 0.0003191265123506063
Iteration: 954, relative residual: 0.00031908052893126566
Iteration: 955, relative residual: 0.0003190709104252997
Iteration: 956, relative residual: 0.0003190702382695437
Iteration: 957, relative residual: 0.00031906665546593165
Iteration: 958, relative residual: 0.0003190430269799811
Iteration: 959, relative residual: 0.000318992464775661
Iteration: 960, relative residual: 0.00031887945070931275
Iteration: 961, relative residual: 0.0003187269096781427
Iteration: 962, relative residual: 0.00031867163501886244
Iteration: 963, relative residual: 0.00031865792214119524
Iteration: 964, relative residual: 0.00031845874097352736
Iteration: 965, relative residual: 0.00031813309790247314
Iteration: 966, relative residual: 0.0003181086961883549
Iteration: 967, relative residual: 0.00031802076438186094
Iteration: 968, relative residual: 0.0003178232749863437
Iteration: 969, relative residual: 0.00031772894843444435
Iteration: 970, relative residual: 0.000317683988886537
Iteration: 971, relative residual: 0.00031762403665875423
Iteration: 972, relative residual: 0.0003174240141668586
Iteration: 973, relative residual: 0.00031715408330963387
Iteration: 974, relative residual: 0.00031704207118319813
Iteration: 975, relative residual: 0.0003170399142876489
Iteration: 976, relative residual: 0.0003168984580999924
Iteration: 977, relative residual: 0.00031666385856848276
Iteration: 978, relative residual: 0.0003161603389143138
Iteration: 979, relative residual: 0.00031583413924466725
Iteration: 980, relative residual: 0.0003157991330900123
Iteration: 981, relative residual: 0.00031571108182947574
Iteration: 982, relative residual: 0.0003153649036937782
Iteration: 983, relative residual: 0.0003149775956861372
Iteration: 984, relative residual: 0.00031475882407479695
Iteration: 985, relative residual: 0.00031462224519554136
Iteration: 986, relative residual: 0.0003146206948066212
Iteration: 987, relative residual: 0.0003145110400893314
Iteration: 988, relative residual: 0.0003141523356934083
Iteration: 989, relative residual: 0.00031368733585609835
Iteration: 990, relative residual: 0.0003136469111840579
Iteration: 991, relative residual: 0.0003135224520772274
Iteration: 992, relative residual: 0.0003129958106184825
Iteration: 993, relative residual: 0.0003119764476091855
Iteration: 994, relative residual: 0.00031124622894302306
Iteration: 995, relative residual: 0.00031104807285918014
Iteration: 996, relative residual: 0.00031102378196395367
Iteration: 997, relative residual: 0.0003105189285611441
Iteration: 998, relative residual: 0.0003095934280633567
Iteration: 999, relative residual: 0.00030841872335530103
Iteration: 1000, relative residual: 0.00030841872335530103
Residual: 0.00030841872335530103. Restart...
Warning!!!!You have reached the maximum number of iterations : 1000.
The run will stop. Check the residual behaviour you might have a bug.For future runs you might consider changing the tolerance or increasing the number of max_iter.
Solve time        : 8368.637709379196s

Calculate Solvation Energy (E_solv)
Calculating solvation energy for region 1, stored in E_solv[0]
6343.735386634246 of 548135 analytical integrals for phi_reac calculation in region 1
Time E_solv: 22.01418137550354s
Region 1: E_solv = -7249.911184834511 kcal/mol = -30333.628397347595 kJ/mol

Calculate Surface Energy (E_surf)
Time E_surf: 0.02067732810974121s

Calculate Coulomb Energy (E_coul)
Calculate Coulomb energy for region 1
Region 1: E_coul = -250157.24535890564 kcal/mol = -1046657.9145816612 kJ/mol
Time E_coul: 24.676058530807495s

------------------------------
Totals:
E_solv = -7249.911184834511 kcal/mol
E_surf = 0 kcal/mol
E_coul = -250157.24535890564 kcal/mol

Time = 8492.116436004639 s
