Run started on:
	Date: 2020/5/22
	Time: 20:10:38
	PyGBe version: 0.3.2+5.gea0f875
Config file: /cobra/u/gvargas/code/hPB/pygbe/pygbe/myCrownFinShots/sarsCov2noACE2/snap3/snap3.config
Parameter file: /cobra/u/gvargas/code/hPB/pygbe/pygbe/myCrownFinShots/sarsCov2noACE2/snap3/snap3.param
Geometry folder: /cobra/u/gvargas/code/hPB/pygbe/pygbe/myCrownFinShots/sarsCov2noACE2/snap3/geometry
Running in: /cobra/u/gvargas/code/hPB/pygbe/pygbe/myCrownFinShots/sarsCov2noACE2/snap3

Reading surface 0 from file geometry/crownVFnoACE2
Time load mesh: 9.010594367980957
Removed areas=0: 253

Total elements : 524015
Total equations: 1048030
----------------------------

1 surfaces:

Surface 0:
	524015 elements
	Surface type         : dielectric_interface
	Cells                : 3738
	Twigs                : 3159
	Levels               : 7
	C0 size              : 101.10920046404922
	C0 box center        : 87.36951634399779, 70.00957809859132, 87.40283679283992
	Twig cell size       : 1.5798312572507691
	Rbox/theta           : 3.1596625145015382
	Analytic distance    : 1.298328138049834
	Elem. per Ang^2      : 4.159281105109691
	Max, min, avg elem.  : 1.2928307987763679, 4.999999999905639e-07, 0.24042616373572265
	Total area           : 125986.9161899747
------------------------------

2 regions:

Region 0:
	Laplace or Yukawa: 2
	kappa            : 0.125
	dielectric const : 80.0
	Number of charges: 0
	Parent surface   : []
	Child surfaces   : [0]
Region 1:
	Laplace or Yukawa: 1
	kappa            : 1e-12
	dielectric const : 4.0
	Number of charges: 51819
	Parent surface   : [0]
	Child surfaces   : []
------------------------------

Parameters:
	Data type               : <class 'numpy.float64'>
	Use GPU                 : 1
	P                       : 4
	threshold               : 0.50
	theta                   : 0.50
	NCRIT                   : 500
	CUDA block size         : 128
	Gauss points per element: 1
	Gauss points near singlr: 25
	1D Gauss points per side: 9
	GMRES tolerance         : 1e-05
	GMRES max iterations    : 1000
	GMRES restart iteration : 100
----------------------------

Generate interaction list
Transfer data to GPU
Generate RHS
List time          : 3.3993759155273438s
Data transfer time : 0.40242528915405273s
RHS generation time: 4.326416969299316s
------------------------------
Total setup time   : 71.69637274742126s
Solve
Iteration: 1, relative residual: 0.594154589695373
Iteration: 2, relative residual: 0.3523014267812229
Iteration: 3, relative residual: 0.23241798960651758
Iteration: 4, relative residual: 0.1872529503255663
Iteration: 5, relative residual: 0.1503044236591132
Iteration: 6, relative residual: 0.1109392010293626
Iteration: 7, relative residual: 0.09047551552233679
Iteration: 8, relative residual: 0.0825100928538663
Iteration: 9, relative residual: 0.0735775772746316
Iteration: 10, relative residual: 0.059044861249266986
Iteration: 11, relative residual: 0.04609394937416547
Iteration: 12, relative residual: 0.034670365796378486
Iteration: 13, relative residual: 0.02858685092295874
Iteration: 14, relative residual: 0.023528011429717808
Iteration: 15, relative residual: 0.021170371092376745
Iteration: 16, relative residual: 0.018545683535301536
Iteration: 17, relative residual: 0.015141242107557096
Iteration: 18, relative residual: 0.013372702511288066
Iteration: 19, relative residual: 0.012039248277270502
Iteration: 20, relative residual: 0.010854033155193425
Iteration: 21, relative residual: 0.009733637823126876
Iteration: 22, relative residual: 0.009352545353507474
Iteration: 23, relative residual: 0.009342896497108373
Iteration: 24, relative residual: 0.008445666704643385
Iteration: 25, relative residual: 0.007894581066057128
Iteration: 26, relative residual: 0.007884660435443235
Iteration: 27, relative residual: 0.007499601281019041
Iteration: 28, relative residual: 0.007087676908186631
Iteration: 29, relative residual: 0.006913241296278083
Iteration: 30, relative residual: 0.006900594440821546
Iteration: 31, relative residual: 0.006778011041983661
Iteration: 32, relative residual: 0.006686904084901057
Iteration: 33, relative residual: 0.006683764626670652
Iteration: 34, relative residual: 0.006612294372422804
Iteration: 35, relative residual: 0.0064099391259302115
Iteration: 36, relative residual: 0.006393724457767082
Iteration: 37, relative residual: 0.006393156797500146
Iteration: 38, relative residual: 0.006325027166882028
Iteration: 39, relative residual: 0.006112846408506088
Iteration: 40, relative residual: 0.006012783112652422
Iteration: 41, relative residual: 0.005990245483611693
Iteration: 42, relative residual: 0.0055829547219342236
Iteration: 43, relative residual: 0.005452495519579095
Iteration: 44, relative residual: 0.00528639109849585
Iteration: 45, relative residual: 0.005158336466795645
Iteration: 46, relative residual: 0.005153748410641136
Iteration: 47, relative residual: 0.005137445052974641
Iteration: 48, relative residual: 0.0051150793009433065
Iteration: 49, relative residual: 0.005098579518771578
Iteration: 50, relative residual: 0.005098452293847276
Iteration: 51, relative residual: 0.0050657343901961945
Iteration: 52, relative residual: 0.005016980028453921
Iteration: 53, relative residual: 0.004998127851343737
Iteration: 54, relative residual: 0.004915573119072513
Iteration: 55, relative residual: 0.004908077953866914
Iteration: 56, relative residual: 0.0049079739966138266
Iteration: 57, relative residual: 0.004907946366329389
Iteration: 58, relative residual: 0.004816887674945881
Iteration: 59, relative residual: 0.004799801375945273
Iteration: 60, relative residual: 0.004782319199564924
Iteration: 61, relative residual: 0.004772203691934016
Iteration: 62, relative residual: 0.004723165484965007
Iteration: 63, relative residual: 0.004706660989430168
Iteration: 64, relative residual: 0.004636582616229426
Iteration: 65, relative residual: 0.004624476511309967
Iteration: 66, relative residual: 0.004555271156598946
Iteration: 67, relative residual: 0.0045466600893224575
Iteration: 68, relative residual: 0.004469230945751609
Iteration: 69, relative residual: 0.004346505866319231
Iteration: 70, relative residual: 0.004281603543055247
Iteration: 71, relative residual: 0.004228965309914757
Iteration: 72, relative residual: 0.004211633697762544
Iteration: 73, relative residual: 0.004183753680336568
Iteration: 74, relative residual: 0.004093667832461794
Iteration: 75, relative residual: 0.003980170076750843
Iteration: 76, relative residual: 0.0038587458543317683
Iteration: 77, relative residual: 0.0038400265296334372
Iteration: 78, relative residual: 0.003834699718378521
Iteration: 79, relative residual: 0.003808450291247092
Iteration: 80, relative residual: 0.0036597066205413865
Iteration: 81, relative residual: 0.003623313439879586
Iteration: 82, relative residual: 0.003620610157531583
Iteration: 83, relative residual: 0.003620372286857024
Iteration: 84, relative residual: 0.0036027588472903613
Iteration: 85, relative residual: 0.0035529259277744035
Iteration: 86, relative residual: 0.0034467373385968806
Iteration: 87, relative residual: 0.0034131618339464033
Iteration: 88, relative residual: 0.0034131096810931824
Iteration: 89, relative residual: 0.0033626462693503566
Iteration: 90, relative residual: 0.0033037275215628626
Iteration: 91, relative residual: 0.003228399078204134
Iteration: 92, relative residual: 0.0031798253390359268
Iteration: 93, relative residual: 0.0031375729227537744
Iteration: 94, relative residual: 0.003113691665308894
Iteration: 95, relative residual: 0.003073215609044218
Iteration: 96, relative residual: 0.0030475097561599926
Iteration: 97, relative residual: 0.0030367545777436316
Iteration: 98, relative residual: 0.003036614406902151
Iteration: 99, relative residual: 0.0030109832146600107
Iteration: 100, relative residual: 0.0030109832146600107
Residual: 0.0030109832146600107. Restart...
Iteration: 101, relative residual: 0.0029329703432798516
Iteration: 102, relative residual: 0.002932192897482134
Iteration: 103, relative residual: 0.0029304681642914276
Iteration: 104, relative residual: 0.002928568945379104
Iteration: 105, relative residual: 0.002926707080378727
Iteration: 106, relative residual: 0.00292382518210488
Iteration: 107, relative residual: 0.002920414840659903
Iteration: 108, relative residual: 0.002919299745367039
Iteration: 109, relative residual: 0.002919296557328412
Iteration: 110, relative residual: 0.0029181901738687785
Iteration: 111, relative residual: 0.0029181684285822865
Iteration: 112, relative residual: 0.002915524974849323
Iteration: 113, relative residual: 0.002914975987137464
Iteration: 114, relative residual: 0.002913764324179366
Iteration: 115, relative residual: 0.002905385908837072
Iteration: 116, relative residual: 0.002902660417289056
Iteration: 117, relative residual: 0.0028970186147581297
Iteration: 118, relative residual: 0.002896053024484505
Iteration: 119, relative residual: 0.002896010949573227
Iteration: 120, relative residual: 0.0028923224627184193
Iteration: 121, relative residual: 0.002891891149927705
Iteration: 122, relative residual: 0.0028916333289823984
Iteration: 123, relative residual: 0.0028856175784975078
Iteration: 124, relative residual: 0.0028831541495446733
Iteration: 125, relative residual: 0.0028829704586452527
Iteration: 126, relative residual: 0.0028820185533489123
Iteration: 127, relative residual: 0.0028788517612780814
Iteration: 128, relative residual: 0.0028722980787395814
Iteration: 129, relative residual: 0.002872285075857245
Iteration: 130, relative residual: 0.002870281842514304
Iteration: 131, relative residual: 0.002864419291229522
Iteration: 132, relative residual: 0.0028549770771508754
Iteration: 133, relative residual: 0.0028411670619114824
Iteration: 134, relative residual: 0.002840706332518165
Iteration: 135, relative residual: 0.0028222311249946567
Iteration: 136, relative residual: 0.002807891397569633
Iteration: 137, relative residual: 0.002807108260816794
Iteration: 138, relative residual: 0.0028059535800222263
Iteration: 139, relative residual: 0.002800263164723036
Iteration: 140, relative residual: 0.0027887341143887903
Iteration: 141, relative residual: 0.002782356668929203
Iteration: 142, relative residual: 0.002781313816457715
Iteration: 143, relative residual: 0.0027692596305858175
Iteration: 144, relative residual: 0.002748598877679376
Iteration: 145, relative residual: 0.0027146030035691947
Iteration: 146, relative residual: 0.0027049276252762103
Iteration: 147, relative residual: 0.0027046537995803178
Iteration: 148, relative residual: 0.0026907818572024667
Iteration: 149, relative residual: 0.002665240616297133
Iteration: 150, relative residual: 0.002615510402772664
Iteration: 151, relative residual: 0.0026128037534934308
Iteration: 152, relative residual: 0.0026109997100900234
Iteration: 153, relative residual: 0.0025973519915489375
Iteration: 154, relative residual: 0.0025879830864807413
Iteration: 155, relative residual: 0.0025785305126510504
Iteration: 156, relative residual: 0.0025782962869003584
Iteration: 157, relative residual: 0.0025774630383168843
Iteration: 158, relative residual: 0.0025702202997343643
Iteration: 159, relative residual: 0.0025508814181256123
Iteration: 160, relative residual: 0.0025178705009900218
Iteration: 161, relative residual: 0.0025160250444668645
Iteration: 162, relative residual: 0.002506930493100308
Iteration: 163, relative residual: 0.002496456709280438
Iteration: 164, relative residual: 0.0024815304232635406
Iteration: 165, relative residual: 0.0024624609594254727
Iteration: 166, relative residual: 0.0024563846336271983
Iteration: 167, relative residual: 0.002455182434945936
Iteration: 168, relative residual: 0.0024458632812832315
Iteration: 169, relative residual: 0.0024355616175333384
Iteration: 170, relative residual: 0.0024054527585122463
Iteration: 171, relative residual: 0.0023789253626281524
Iteration: 172, relative residual: 0.0023786395730440745
Iteration: 173, relative residual: 0.0023562715391252983
Iteration: 174, relative residual: 0.002284322828518269
Iteration: 175, relative residual: 0.002246041733345381
Iteration: 176, relative residual: 0.0022446269156672864
Iteration: 177, relative residual: 0.0022446158298729812
Iteration: 178, relative residual: 0.002226158209719339
Iteration: 179, relative residual: 0.0022166301659566263
Iteration: 180, relative residual: 0.0021393136027130694
Iteration: 181, relative residual: 0.002115974345476625
Iteration: 182, relative residual: 0.0021141693081253602
Iteration: 183, relative residual: 0.0020858030100609068
Iteration: 184, relative residual: 0.0020153901954332266
Iteration: 185, relative residual: 0.0019214390712499986
Iteration: 186, relative residual: 0.001870752219407294
Iteration: 187, relative residual: 0.0018162448396662131
Iteration: 188, relative residual: 0.00180541685854282
Iteration: 189, relative residual: 0.0018050891333114979
Iteration: 190, relative residual: 0.0017890133200922378
Iteration: 191, relative residual: 0.0017642050233593067
Iteration: 192, relative residual: 0.0017143523772270679
Iteration: 193, relative residual: 0.0016811293750198073
Iteration: 194, relative residual: 0.0016746462370456027
Iteration: 195, relative residual: 0.0016564356099315225
Iteration: 196, relative residual: 0.0016011852130390452
Iteration: 197, relative residual: 0.001482122238785217
Iteration: 198, relative residual: 0.0013604625246688123
Iteration: 199, relative residual: 0.0012587870409570682
Iteration: 200, relative residual: 0.0012587870409570682
Residual: 0.0012587870409570682. Restart...
Iteration: 201, relative residual: 0.0012290174158893915
Iteration: 202, relative residual: 0.001229014063106798
Iteration: 203, relative residual: 0.0012290095223232184
Iteration: 204, relative residual: 0.0012290058173966042
Iteration: 205, relative residual: 0.001228888324167013
Iteration: 206, relative residual: 0.0012279842048128194
Iteration: 207, relative residual: 0.0012246311955755459
Iteration: 208, relative residual: 0.0012165148998096668
Iteration: 209, relative residual: 0.0012084155103600407
Iteration: 210, relative residual: 0.0012046153196225416
Iteration: 211, relative residual: 0.0012029283967309964
Iteration: 212, relative residual: 0.0012028586316348796
Iteration: 213, relative residual: 0.0011969375163104722
Iteration: 214, relative residual: 0.0011918132450463
Iteration: 215, relative residual: 0.0011915538568542346
Iteration: 216, relative residual: 0.0011879817554251136
Iteration: 217, relative residual: 0.0011750535778814832
Iteration: 218, relative residual: 0.00116798020155964
Iteration: 219, relative residual: 0.0011666745183002323
Iteration: 220, relative residual: 0.0011647955123808872
Iteration: 221, relative residual: 0.0011602116002189693
Iteration: 222, relative residual: 0.001157885150623812
Iteration: 223, relative residual: 0.001157352937433835
Iteration: 224, relative residual: 0.0011541623199093239
Iteration: 225, relative residual: 0.0011404595379811864
Iteration: 226, relative residual: 0.0011262607547530767
Iteration: 227, relative residual: 0.0011146012442838195
Iteration: 228, relative residual: 0.0011145568061617253
Iteration: 229, relative residual: 0.001104536325151203
Iteration: 230, relative residual: 0.0010893309638177304
Iteration: 231, relative residual: 0.001089247834178628
Iteration: 232, relative residual: 0.0010818811564499468
Iteration: 233, relative residual: 0.0010757119130116338
Iteration: 234, relative residual: 0.0010715231540136935
Iteration: 235, relative residual: 0.001067690050277764
Iteration: 236, relative residual: 0.0010675430847181902
Iteration: 237, relative residual: 0.0010630317411562341
Iteration: 238, relative residual: 0.0010595677548671167
Iteration: 239, relative residual: 0.0010590837797674862
Iteration: 240, relative residual: 0.0010568350059349475
Iteration: 241, relative residual: 0.0010460531174158255
Iteration: 242, relative residual: 0.001027547754856652
Iteration: 243, relative residual: 0.0010105194574090118
Iteration: 244, relative residual: 0.0009899379228205615
Iteration: 245, relative residual: 0.0009872764881991545
Iteration: 246, relative residual: 0.0009835232452578492
Iteration: 247, relative residual: 0.0009654924017850284
Iteration: 248, relative residual: 0.0009465475449860012
Iteration: 249, relative residual: 0.0009315186172584578
Iteration: 250, relative residual: 0.0009279054689981303
Iteration: 251, relative residual: 0.0009267480172295861
Iteration: 252, relative residual: 0.0009250219958931722
Iteration: 253, relative residual: 0.0009126164099532199
Iteration: 254, relative residual: 0.0008929560294993323
Iteration: 255, relative residual: 0.0008889329612038506
Iteration: 256, relative residual: 0.0008857129413412609
Iteration: 257, relative residual: 0.0008762884685075499
Iteration: 258, relative residual: 0.0008636914761041005
Iteration: 259, relative residual: 0.0008533958129475834
Iteration: 260, relative residual: 0.0008500414016940534
Iteration: 261, relative residual: 0.0008476105092406628
Iteration: 262, relative residual: 0.0008253992323291248
Iteration: 263, relative residual: 0.0008046965751242412
Iteration: 264, relative residual: 0.0007947945589846999
Iteration: 265, relative residual: 0.0007884444471493339
Iteration: 266, relative residual: 0.0007803757976833011
Iteration: 267, relative residual: 0.0007710558481697
Iteration: 268, relative residual: 0.0007510068509767994
Iteration: 269, relative residual: 0.0007507272651908126
Iteration: 270, relative residual: 0.0007503719922156777
Iteration: 271, relative residual: 0.0007372266068252347
Iteration: 272, relative residual: 0.000725161437213585
Iteration: 273, relative residual: 0.0007206752390638195
Iteration: 274, relative residual: 0.0007173259115983614
Iteration: 275, relative residual: 0.0007170777742494493
Iteration: 276, relative residual: 0.0007152053558317723
Iteration: 277, relative residual: 0.0007042399912507389
Iteration: 278, relative residual: 0.0007024500045736687
Iteration: 279, relative residual: 0.0007022164418754164
Iteration: 280, relative residual: 0.0007018445524936274
Iteration: 281, relative residual: 0.000696303142479466
Iteration: 282, relative residual: 0.0006719490248896714
Iteration: 283, relative residual: 0.0006551898360094483
Iteration: 284, relative residual: 0.0006502602919449435
Iteration: 285, relative residual: 0.0006502598397442087
Iteration: 286, relative residual: 0.000648510623173153
Iteration: 287, relative residual: 0.0006418774107239696
Iteration: 288, relative residual: 0.0006322961652559754
Iteration: 289, relative residual: 0.0006241390328679052
Iteration: 290, relative residual: 0.0006238709187573529
Iteration: 291, relative residual: 0.0006183641227340118
Iteration: 292, relative residual: 0.0006113468588270557
Iteration: 293, relative residual: 0.0006033184541150204
Iteration: 294, relative residual: 0.0006008843812346646
Iteration: 295, relative residual: 0.0005995903454680531
Iteration: 296, relative residual: 0.0005988947786997648
Iteration: 297, relative residual: 0.00059284747662683
Iteration: 298, relative residual: 0.0005844663536997298
Iteration: 299, relative residual: 0.0005771847408464977
Iteration: 300, relative residual: 0.0005771847408464977
Residual: 0.0005771847408464977. Restart...
Iteration: 301, relative residual: 0.0005756000807484513
Iteration: 302, relative residual: 0.0005755977074247935
Iteration: 303, relative residual: 0.0005755952260249858
Iteration: 304, relative residual: 0.0005755721143728748
Iteration: 305, relative residual: 0.0005754668008853044
Iteration: 306, relative residual: 0.0005752519646198951
Iteration: 307, relative residual: 0.0005747900221696129
Iteration: 308, relative residual: 0.000574379898126564
Iteration: 309, relative residual: 0.0005743433123381674
Iteration: 310, relative residual: 0.0005742730233745751
Iteration: 311, relative residual: 0.0005734563034231206
Iteration: 312, relative residual: 0.0005714263333321406
Iteration: 313, relative residual: 0.000569702651392695
Iteration: 314, relative residual: 0.0005696625288766778
Iteration: 315, relative residual: 0.0005686978413569933
Iteration: 316, relative residual: 0.0005675977570687938
Iteration: 317, relative residual: 0.0005662421963624004
Iteration: 318, relative residual: 0.0005662233794472879
Iteration: 319, relative residual: 0.0005653401494572388
Iteration: 320, relative residual: 0.0005635378381600192
Iteration: 321, relative residual: 0.0005628591473579658
Iteration: 322, relative residual: 0.0005624686085011329
Iteration: 323, relative residual: 0.0005624493220972644
Iteration: 324, relative residual: 0.0005622449706278261
Iteration: 325, relative residual: 0.0005616399329544679
Iteration: 326, relative residual: 0.0005601949209381065
Iteration: 327, relative residual: 0.000559438988435291
Iteration: 328, relative residual: 0.0005594239843965919
Iteration: 329, relative residual: 0.0005581726308357126
Iteration: 330, relative residual: 0.0005565495329502592
Iteration: 331, relative residual: 0.0005563942745832191
Iteration: 332, relative residual: 0.0005554926492998956
Iteration: 333, relative residual: 0.0005527426815060631
Iteration: 334, relative residual: 0.0005517128297587502
Iteration: 335, relative residual: 0.0005515026187157754
Iteration: 336, relative residual: 0.0005514514132573174
Iteration: 337, relative residual: 0.0005496032599350597
Iteration: 338, relative residual: 0.000548056597380911
Iteration: 339, relative residual: 0.0005457134384810763
Iteration: 340, relative residual: 0.0005445762492997587
Iteration: 341, relative residual: 0.0005444632295420446
Iteration: 342, relative residual: 0.0005427508205804124
Iteration: 343, relative residual: 0.0005399358604019256
Iteration: 344, relative residual: 0.0005391027139897371
Iteration: 345, relative residual: 0.0005389092609565543
Iteration: 346, relative residual: 0.0005362501843784377
Iteration: 347, relative residual: 0.0005319865337460285
Iteration: 348, relative residual: 0.0005297489446951855
Iteration: 349, relative residual: 0.0005294310765837923
Iteration: 350, relative residual: 0.000529322024316097
Iteration: 351, relative residual: 0.0005273618308315142
Iteration: 352, relative residual: 0.0005254340072798022
Iteration: 353, relative residual: 0.0005243667048210902
Iteration: 354, relative residual: 0.0005242641999881789
Iteration: 355, relative residual: 0.0005237156283076239
Iteration: 356, relative residual: 0.0005191933724464006
Iteration: 357, relative residual: 0.0005139297060386762
Iteration: 358, relative residual: 0.0005130131287616633
Iteration: 359, relative residual: 0.0005117775493981424
Iteration: 360, relative residual: 0.0005093216080918639
Iteration: 361, relative residual: 0.0005079437273479086
Iteration: 362, relative residual: 0.000505121390801936
Iteration: 363, relative residual: 0.0005042029193679439
Iteration: 364, relative residual: 0.0005042029176669634
Iteration: 365, relative residual: 0.0005040269388884304
Iteration: 366, relative residual: 0.0005028059365229933
Iteration: 367, relative residual: 0.0005011131867534284
Iteration: 368, relative residual: 0.000499487195376008
Iteration: 369, relative residual: 0.0004985239153639171
Iteration: 370, relative residual: 0.0004985239059764223
Iteration: 371, relative residual: 0.0004953439080923593
Iteration: 372, relative residual: 0.0004894898532065396
Iteration: 373, relative residual: 0.0004869917866455285
Iteration: 374, relative residual: 0.0004858926572863088
Iteration: 375, relative residual: 0.0004857944967317915
Iteration: 376, relative residual: 0.0004840813682807594
Iteration: 377, relative residual: 0.0004790083838249822
Iteration: 378, relative residual: 0.00047505985576408135
Iteration: 379, relative residual: 0.00047475388765747965
Iteration: 380, relative residual: 0.0004731511193655943
Iteration: 381, relative residual: 0.00047140195761362304
Iteration: 382, relative residual: 0.0004678358781193298
Iteration: 383, relative residual: 0.00046492788585702073
Iteration: 384, relative residual: 0.00046448339645378513
Iteration: 385, relative residual: 0.0004632389681515528
Iteration: 386, relative residual: 0.0004576799603610204
Iteration: 387, relative residual: 0.0004538595030221958
Iteration: 388, relative residual: 0.0004533876256222616
Iteration: 389, relative residual: 0.0004521381724761864
Iteration: 390, relative residual: 0.0004475066147194737
Iteration: 391, relative residual: 0.00044017228189562166
Iteration: 392, relative residual: 0.00043297078687542546
Iteration: 393, relative residual: 0.0004282572023620842
Iteration: 394, relative residual: 0.000419465178407964
Iteration: 395, relative residual: 0.00041793967936818094
Iteration: 396, relative residual: 0.00041629379647479983
Iteration: 397, relative residual: 0.0004162814923023431
Iteration: 398, relative residual: 0.00041436653618818527
Iteration: 399, relative residual: 0.00041231004046226856
Iteration: 400, relative residual: 0.00041231004046226856
Residual: 0.00041231004046226856. Restart...
Iteration: 401, relative residual: 0.00041059580539886043
Iteration: 402, relative residual: 0.0004105954882519573
Iteration: 403, relative residual: 0.00041059420857008136
Iteration: 404, relative residual: 0.00041059145308086284
Iteration: 405, relative residual: 0.0004105890693902528
Iteration: 406, relative residual: 0.0004105887097493898
Iteration: 407, relative residual: 0.00041058375407763807
Iteration: 408, relative residual: 0.0004105676849520512
Iteration: 409, relative residual: 0.0004105225117724391
Iteration: 410, relative residual: 0.0004104966785752008
Iteration: 411, relative residual: 0.00041049464084579545
Iteration: 412, relative residual: 0.0004104382396338256
Iteration: 413, relative residual: 0.0004102644031912428
Iteration: 414, relative residual: 0.00041002059630744416
Iteration: 415, relative residual: 0.000409926934095986
Iteration: 416, relative residual: 0.0004099256044165274
Iteration: 417, relative residual: 0.0004096940702951723
Iteration: 418, relative residual: 0.00040942404226618846
Iteration: 419, relative residual: 0.0004094146254704221
Iteration: 420, relative residual: 0.0004092213592629408
Iteration: 421, relative residual: 0.00040871331385537263
Iteration: 422, relative residual: 0.0004082593994679675
Iteration: 423, relative residual: 0.00040799796956074793
Iteration: 424, relative residual: 0.0004079966864367227
Iteration: 425, relative residual: 0.0004078585549432156
Iteration: 426, relative residual: 0.0004076717616708444
Iteration: 427, relative residual: 0.0004075304118543243
Iteration: 428, relative residual: 0.0004075103839063627
Iteration: 429, relative residual: 0.00040710969743663525
Iteration: 430, relative residual: 0.00040582743427481385
Iteration: 431, relative residual: 0.0004044384534128946
Iteration: 432, relative residual: 0.00040368340902536295
Iteration: 433, relative residual: 0.00040366099549341087
Iteration: 434, relative residual: 0.00040256519591496293
Iteration: 435, relative residual: 0.0004007612351645761
Iteration: 436, relative residual: 0.00039991323727226824
Iteration: 437, relative residual: 0.000399843819953804
Iteration: 438, relative residual: 0.0003997872727989285
Iteration: 439, relative residual: 0.0003992625243040397
Iteration: 440, relative residual: 0.00039886155527118887
Iteration: 441, relative residual: 0.00039886148431113766
Iteration: 442, relative residual: 0.000398517876373046
Iteration: 443, relative residual: 0.00039762517026385307
Iteration: 444, relative residual: 0.00039674514709266156
Iteration: 445, relative residual: 0.00039610090782358343
Iteration: 446, relative residual: 0.00039594299944748775
Iteration: 447, relative residual: 0.00039580316221388996
Iteration: 448, relative residual: 0.0003950167059676251
Iteration: 449, relative residual: 0.00039283722179731635
Iteration: 450, relative residual: 0.0003890797620153827
Iteration: 451, relative residual: 0.00038722858634172673
Iteration: 452, relative residual: 0.0003870873576009402
Iteration: 453, relative residual: 0.0003866629481681323
Iteration: 454, relative residual: 0.0003836751523425691
Iteration: 455, relative residual: 0.00037891971689074465
Iteration: 456, relative residual: 0.0003768261523428253
Iteration: 457, relative residual: 0.00037680714863626275
Iteration: 458, relative residual: 0.0003751257094554154
Iteration: 459, relative residual: 0.00037192904011498166
Iteration: 460, relative residual: 0.0003695834397738687
Iteration: 461, relative residual: 0.00036949193646045237
Iteration: 462, relative residual: 0.0003678118648929203
Iteration: 463, relative residual: 0.00036459720533975305
Iteration: 464, relative residual: 0.0003615572916410862
Iteration: 465, relative residual: 0.00036118130513504166
Iteration: 466, relative residual: 0.00036087137859280134
Iteration: 467, relative residual: 0.0003601087318780619
Iteration: 468, relative residual: 0.00035852787927772114
Iteration: 469, relative residual: 0.00035799896730825086
Iteration: 470, relative residual: 0.00035795421793749033
Iteration: 471, relative residual: 0.0003568831883970266
Iteration: 472, relative residual: 0.0003550809652615671
Iteration: 473, relative residual: 0.0003544048208660664
Iteration: 474, relative residual: 0.00035405548549693506
Iteration: 475, relative residual: 0.0003540538731210896
Iteration: 476, relative residual: 0.00035345759797504253
Iteration: 477, relative residual: 0.0003521296109936781
Iteration: 478, relative residual: 0.00034997816766427925
Iteration: 479, relative residual: 0.00034881644705966685
Iteration: 480, relative residual: 0.00034874638266476916
Iteration: 481, relative residual: 0.0003487206158214178
Iteration: 482, relative residual: 0.0003476068264593784
Iteration: 483, relative residual: 0.0003458833384372096
Iteration: 484, relative residual: 0.0003452074380605128
Iteration: 485, relative residual: 0.0003451797121196707
Iteration: 486, relative residual: 0.00034441665104632254
Iteration: 487, relative residual: 0.00034236798205460707
Iteration: 488, relative residual: 0.00033744951609791644
Iteration: 489, relative residual: 0.00033324788220399644
Iteration: 490, relative residual: 0.00033184577337579086
Iteration: 491, relative residual: 0.0003318449385496006
Iteration: 492, relative residual: 0.00033082764947213504
Iteration: 493, relative residual: 0.0003272192837465878
Iteration: 494, relative residual: 0.00032548880353639733
Iteration: 495, relative residual: 0.0003248257599612643
Iteration: 496, relative residual: 0.000324452498157218
Iteration: 497, relative residual: 0.00032194186262384514
Iteration: 498, relative residual: 0.0003183235183336153
Iteration: 499, relative residual: 0.00031072211042507917
Iteration: 500, relative residual: 0.00031072211042507917
Residual: 0.00031072211042507917. Restart...
Iteration: 501, relative residual: 0.0003090485616147365
Iteration: 502, relative residual: 0.0003090457296238476
Iteration: 503, relative residual: 0.0003090419167342402
Iteration: 504, relative residual: 0.00030903703327892206
Iteration: 505, relative residual: 0.0003090340909377544
Iteration: 506, relative residual: 0.0003090294278914223
Iteration: 507, relative residual: 0.00030892956242896695
Iteration: 508, relative residual: 0.00030869092060654605
Iteration: 509, relative residual: 0.0003083740848806119
Iteration: 510, relative residual: 0.00030809284720805603
Iteration: 511, relative residual: 0.0003080634833999572
Iteration: 512, relative residual: 0.0003073775326208784
Iteration: 513, relative residual: 0.00030696909939659554
Iteration: 514, relative residual: 0.0003062103394437615
Iteration: 515, relative residual: 0.0003061235939352497
Iteration: 516, relative residual: 0.0003057640601832551
Iteration: 517, relative residual: 0.00030484107383646047
Iteration: 518, relative residual: 0.0003045993824830551
Iteration: 519, relative residual: 0.00030457481342637774
Iteration: 520, relative residual: 0.0003037681737864046
Iteration: 521, relative residual: 0.0003024520945093402
Iteration: 522, relative residual: 0.0003018155897232079
Iteration: 523, relative residual: 0.000301688840062582
Iteration: 524, relative residual: 0.00030165817481937166
Iteration: 525, relative residual: 0.00030118608183945275
Iteration: 526, relative residual: 0.0003003719447576794
Iteration: 527, relative residual: 0.0002993664127368442
Iteration: 528, relative residual: 0.00029883896726476915
Iteration: 529, relative residual: 0.00029853891482136145
Iteration: 530, relative residual: 0.00029846856790877136
Iteration: 531, relative residual: 0.0002969575098089674
Iteration: 532, relative residual: 0.0002969200804608272
Iteration: 533, relative residual: 0.0002968943675399651
Iteration: 534, relative residual: 0.00029638092477996344
Iteration: 535, relative residual: 0.0002963059214062327
Iteration: 536, relative residual: 0.0002962871297359609
Iteration: 537, relative residual: 0.00029582103644980887
Iteration: 538, relative residual: 0.00029428545988791565
Iteration: 539, relative residual: 0.0002930182259433632
Iteration: 540, relative residual: 0.000293016669796189
Iteration: 541, relative residual: 0.00029269542570770725
Iteration: 542, relative residual: 0.0002917054070301948
Iteration: 543, relative residual: 0.00029116779460404895
Iteration: 544, relative residual: 0.0002908217621555562
Iteration: 545, relative residual: 0.00029079124981322305
Iteration: 546, relative residual: 0.0002896502377551426
Iteration: 547, relative residual: 0.0002885302977061961
Iteration: 548, relative residual: 0.0002882138337712041
Iteration: 549, relative residual: 0.00028820364607804225
Iteration: 550, relative residual: 0.0002871227221680354
Iteration: 551, relative residual: 0.00028628733548942544
Iteration: 552, relative residual: 0.00028596675151105973
Iteration: 553, relative residual: 0.0002859107506880264
Iteration: 554, relative residual: 0.00028564655031903613
Iteration: 555, relative residual: 0.0002855066970200141
Iteration: 556, relative residual: 0.0002848899196189088
Iteration: 557, relative residual: 0.0002842333620156395
Iteration: 558, relative residual: 0.0002842056346427016
Iteration: 559, relative residual: 0.00028418296048959694
Iteration: 560, relative residual: 0.00028409344186624435
Iteration: 561, relative residual: 0.00028334748340879567
Iteration: 562, relative residual: 0.0002832863814842701
Iteration: 563, relative residual: 0.00028326745829788204
Iteration: 564, relative residual: 0.00028321356394818377
Iteration: 565, relative residual: 0.0002830580278533032
Iteration: 566, relative residual: 0.00028262451483558593
Iteration: 567, relative residual: 0.00028251657919523145
Iteration: 568, relative residual: 0.00028250345330068743
Iteration: 569, relative residual: 0.0002825033573414378
Iteration: 570, relative residual: 0.0002814330705835516
Iteration: 571, relative residual: 0.0002806886245098828
Iteration: 572, relative residual: 0.000280363895245164
Iteration: 573, relative residual: 0.00028034777756012514
Iteration: 574, relative residual: 0.000280305237100924
Iteration: 575, relative residual: 0.00028012473484553336
Iteration: 576, relative residual: 0.0002797730399021656
Iteration: 577, relative residual: 0.0002795227979695522
Iteration: 578, relative residual: 0.0002792900764352037
Iteration: 579, relative residual: 0.0002792877544682754
Iteration: 580, relative residual: 0.0002792057500160432
Iteration: 581, relative residual: 0.00027917160350233734
Iteration: 582, relative residual: 0.00027896821948057574
Iteration: 583, relative residual: 0.0002787777146937598
Iteration: 584, relative residual: 0.00027860017598476956
Iteration: 585, relative residual: 0.0002785857001973625
Iteration: 586, relative residual: 0.0002782596014510514
Iteration: 587, relative residual: 0.00027722017588331974
Iteration: 588, relative residual: 0.000276670046063477
Iteration: 589, relative residual: 0.0002766362366659307
Iteration: 590, relative residual: 0.00027658286937855595
Iteration: 591, relative residual: 0.0002754483867192956
Iteration: 592, relative residual: 0.0002739737652212339
Iteration: 593, relative residual: 0.00027394701175197816
Iteration: 594, relative residual: 0.0002735380761223066
Iteration: 595, relative residual: 0.00027350771271087196
Iteration: 596, relative residual: 0.0002729771723853735
Iteration: 597, relative residual: 0.00027162642910595576
Iteration: 598, relative residual: 0.000270343007121835
Iteration: 599, relative residual: 0.00026957572534798966
Iteration: 600, relative residual: 0.00026957572534798966
Residual: 0.00026957572534798966. Restart...
Iteration: 601, relative residual: 0.0002691485251233075
Iteration: 602, relative residual: 0.0002691482488185708
Iteration: 603, relative residual: 0.0002691474842903364
Iteration: 604, relative residual: 0.0002691451153896666
Iteration: 605, relative residual: 0.000269143083553394
Iteration: 606, relative residual: 0.0002691419712099979
Iteration: 607, relative residual: 0.0002691415212215348
Iteration: 608, relative residual: 0.00026913932652976633
Iteration: 609, relative residual: 0.0002691291288745289
Iteration: 610, relative residual: 0.0002691269560369651
Iteration: 611, relative residual: 0.00026912598623244195
Iteration: 612, relative residual: 0.0002691053274250393
Iteration: 613, relative residual: 0.00026907640721743846
Iteration: 614, relative residual: 0.00026903319183953467
Iteration: 615, relative residual: 0.0002690331675925207
Iteration: 616, relative residual: 0.0002689913797285159
Iteration: 617, relative residual: 0.0002688959029232671
Iteration: 618, relative residual: 0.0002688897591369484
Iteration: 619, relative residual: 0.0002688716238625057
Iteration: 620, relative residual: 0.00026871434046882666
Iteration: 621, relative residual: 0.0002684761748078076
Iteration: 622, relative residual: 0.0002682939930741653
Iteration: 623, relative residual: 0.0002681805986817577
Iteration: 624, relative residual: 0.0002681778843698682
Iteration: 625, relative residual: 0.0002681403021491845
Iteration: 626, relative residual: 0.00026802326264323885
Iteration: 627, relative residual: 0.0002678213536465358
Iteration: 628, relative residual: 0.00026728995294959313
Iteration: 629, relative residual: 0.00026713190330748024
Iteration: 630, relative residual: 0.00026710421394145304
Iteration: 631, relative residual: 0.0002668331701899531
Iteration: 632, relative residual: 0.00026674903289864615
Iteration: 633, relative residual: 0.00026674516196282145
Iteration: 634, relative residual: 0.0002666884811719317
Iteration: 635, relative residual: 0.00026654864059506335
Iteration: 636, relative residual: 0.00026644510087292674
Iteration: 637, relative residual: 0.0002664413935370214
Iteration: 638, relative residual: 0.00026634621959759774
Iteration: 639, relative residual: 0.0002662031451947864
Iteration: 640, relative residual: 0.00026616941620985127
Iteration: 641, relative residual: 0.0002661577370081652
Iteration: 642, relative residual: 0.0002659711747017303
Iteration: 643, relative residual: 0.0002659064072884048
Iteration: 644, relative residual: 0.00026588445861176844
Iteration: 645, relative residual: 0.0002658783608667232
Iteration: 646, relative residual: 0.0002658286828531764
Iteration: 647, relative residual: 0.0002656262303428864
Iteration: 648, relative residual: 0.00026552959963452473
Iteration: 649, relative residual: 0.0002653588313916292
Iteration: 650, relative residual: 0.000265151874124278
Iteration: 651, relative residual: 0.0002651405441149159
Iteration: 652, relative residual: 0.00026506531703577105
Iteration: 653, relative residual: 0.00026486602002663876
Iteration: 654, relative residual: 0.00026468454670920623
Iteration: 655, relative residual: 0.0002646362837529803
Iteration: 656, relative residual: 0.00026462983397912567
Iteration: 657, relative residual: 0.00026449310086744827
Iteration: 658, relative residual: 0.0002643914479320667
Iteration: 659, relative residual: 0.00026438405431765096
Iteration: 660, relative residual: 0.00026437177974968367
Iteration: 661, relative residual: 0.000264231349447241
Iteration: 662, relative residual: 0.00026404420814207075
Iteration: 663, relative residual: 0.00026397629799695374
Iteration: 664, relative residual: 0.00026361976779111073
Iteration: 665, relative residual: 0.00026347069304958167
Iteration: 666, relative residual: 0.0002634632751857401
Iteration: 667, relative residual: 0.0002633751297001144
Iteration: 668, relative residual: 0.0002629130074916708
Iteration: 669, relative residual: 0.000262268118575047
Iteration: 670, relative residual: 0.00026219268066138046
Iteration: 671, relative residual: 0.0002620328364149802
Iteration: 672, relative residual: 0.0002614719584816363
Iteration: 673, relative residual: 0.00026117990901256086
Iteration: 674, relative residual: 0.00026117420555764965
Iteration: 675, relative residual: 0.00026115569727402335
Iteration: 676, relative residual: 0.00026071954810245174
Iteration: 677, relative residual: 0.00025991615330368806
Iteration: 678, relative residual: 0.0002594130836759114
Iteration: 679, relative residual: 0.0002591932939965424
Iteration: 680, relative residual: 0.000259176337719929
Iteration: 681, relative residual: 0.0002586379737112136
Iteration: 682, relative residual: 0.0002580141080517784
Iteration: 683, relative residual: 0.00025746098250066865
Iteration: 684, relative residual: 0.00025701143759852515
Iteration: 685, relative residual: 0.00025700716123514965
Iteration: 686, relative residual: 0.00025615430188072547
Iteration: 687, relative residual: 0.00025576860720409323
Iteration: 688, relative residual: 0.00025529075380895143
Iteration: 689, relative residual: 0.00025407707979031077
Iteration: 690, relative residual: 0.00025407156014926424
Iteration: 691, relative residual: 0.00025380269041262916
Iteration: 692, relative residual: 0.0002532609492275688
Iteration: 693, relative residual: 0.00025203973254165924
Iteration: 694, relative residual: 0.0002497117631388627
Iteration: 695, relative residual: 0.00024874472811160396
Iteration: 696, relative residual: 0.0002481691772359332
Iteration: 697, relative residual: 0.0002481682049726507
Iteration: 698, relative residual: 0.000247668264540712
Iteration: 699, relative residual: 0.00024657734465629997
Iteration: 700, relative residual: 0.00024657734465629997
Residual: 0.00024657734465629997. Restart...
Iteration: 701, relative residual: 0.00024543687753649185
Iteration: 702, relative residual: 0.00024543297993057827
Iteration: 703, relative residual: 0.00024542480986219494
Iteration: 704, relative residual: 0.00024539680238575847
Iteration: 705, relative residual: 0.00024536353665421175
Iteration: 706, relative residual: 0.0002453432910001577
Iteration: 707, relative residual: 0.00024532815130034097
Iteration: 708, relative residual: 0.0002453199406872053
Iteration: 709, relative residual: 0.000245319842838742
Iteration: 710, relative residual: 0.0002453198427491158
Iteration: 711, relative residual: 0.0002453170305632542
Iteration: 712, relative residual: 0.0002452904874797871
Iteration: 713, relative residual: 0.0002452903264563926
Iteration: 714, relative residual: 0.0002452484943160347
Iteration: 715, relative residual: 0.00024513580518601444
Iteration: 716, relative residual: 0.000245125387522921
Iteration: 717, relative residual: 0.0002451135866712187
Iteration: 718, relative residual: 0.00024498227581113763
Iteration: 719, relative residual: 0.00024484117561730074
Iteration: 720, relative residual: 0.0002448389409023649
Iteration: 721, relative residual: 0.00024445911778585706
Iteration: 722, relative residual: 0.0002438411285464697
Iteration: 723, relative residual: 0.00024337166218474032
Iteration: 724, relative residual: 0.0002431914837715219
Iteration: 725, relative residual: 0.00024307754665793042
Iteration: 726, relative residual: 0.00024273379149288203
Iteration: 727, relative residual: 0.0002426400333062095
Iteration: 728, relative residual: 0.00024263869233800744
Iteration: 729, relative residual: 0.00024215931692150936
Iteration: 730, relative residual: 0.00024177035263776104
Iteration: 731, relative residual: 0.0002415626012763235
Iteration: 732, relative residual: 0.00024147393485394455
Iteration: 733, relative residual: 0.00024082830613639662
Iteration: 734, relative residual: 0.0002401423983861441
Iteration: 735, relative residual: 0.0002399797120345994
Iteration: 736, relative residual: 0.00023997203410952022
Iteration: 737, relative residual: 0.00023990414346765362
Iteration: 738, relative residual: 0.0002398676248881717
Iteration: 739, relative residual: 0.00023956848713060458
Iteration: 740, relative residual: 0.0002393294954513482
Iteration: 741, relative residual: 0.00023931993693056768
Iteration: 742, relative residual: 0.00023921213376763332
Iteration: 743, relative residual: 0.00023904906372508063
Iteration: 744, relative residual: 0.00023903144134013247
Iteration: 745, relative residual: 0.00023892780778241282
Iteration: 746, relative residual: 0.00023885200978539673
Iteration: 747, relative residual: 0.0002385578404882025
Iteration: 748, relative residual: 0.000238384030691684
Iteration: 749, relative residual: 0.0002378519174806778
Iteration: 750, relative residual: 0.00023783864151007234
Iteration: 751, relative residual: 0.00023769298480048022
Iteration: 752, relative residual: 0.0002372214409953218
Iteration: 753, relative residual: 0.00023713180272976565
Iteration: 754, relative residual: 0.00023694128172893668
Iteration: 755, relative residual: 0.00023677345323546114
Iteration: 756, relative residual: 0.0002367723359640424
Iteration: 757, relative residual: 0.00023655870749921882
Iteration: 758, relative residual: 0.00023629719683427664
Iteration: 759, relative residual: 0.00023614007483167723
Iteration: 760, relative residual: 0.00023601481969918236
Iteration: 761, relative residual: 0.00023600789865830545
Iteration: 762, relative residual: 0.00023591781869651942
Iteration: 763, relative residual: 0.00023588482939961296
Iteration: 764, relative residual: 0.00023548665197776778
Iteration: 765, relative residual: 0.00023539247471855108
Iteration: 766, relative residual: 0.00023529103157621047
Iteration: 767, relative residual: 0.00023513515598328266
Iteration: 768, relative residual: 0.00023505660489649057
Iteration: 769, relative residual: 0.00023489810049722611
Iteration: 770, relative residual: 0.00023478923345099435
Iteration: 771, relative residual: 0.00023477162238314233
Iteration: 772, relative residual: 0.00023458031542021154
Iteration: 773, relative residual: 0.0002343772294089728
Iteration: 774, relative residual: 0.0002341007669347995
Iteration: 775, relative residual: 0.00023408582559328824
Iteration: 776, relative residual: 0.00023405461895446492
Iteration: 777, relative residual: 0.0002334771180315343
Iteration: 778, relative residual: 0.00023306749731240333
Iteration: 779, relative residual: 0.00023298479925716354
Iteration: 780, relative residual: 0.00023296342747783865
Iteration: 781, relative residual: 0.00023293106660612407
Iteration: 782, relative residual: 0.00023275675073232115
Iteration: 783, relative residual: 0.0002326809681031136
Iteration: 784, relative residual: 0.00023266924757128952
Iteration: 785, relative residual: 0.00023266266264630864
Iteration: 786, relative residual: 0.00023262306302451532
Iteration: 787, relative residual: 0.00023233396482318374
Iteration: 788, relative residual: 0.00023183144495063823
Iteration: 789, relative residual: 0.00023136386919211675
Iteration: 790, relative residual: 0.0002313214789854145
Iteration: 791, relative residual: 0.0002312899473030915
Iteration: 792, relative residual: 0.0002303184123269432
Iteration: 793, relative residual: 0.00022978654601686302
Iteration: 794, relative residual: 0.00022937810553474788
Iteration: 795, relative residual: 0.00022936910951521395
Iteration: 796, relative residual: 0.00022936905241297467
Iteration: 797, relative residual: 0.00022920938529366876
Iteration: 798, relative residual: 0.00022793046878686745
Iteration: 799, relative residual: 0.00022588712317443395
Iteration: 800, relative residual: 0.00022588712317443395
Residual: 0.00022588712317443395. Restart...
Iteration: 801, relative residual: 0.00022546759006586366
Iteration: 802, relative residual: 0.00022546758522167906
Iteration: 803, relative residual: 0.0002254675394886339
Iteration: 804, relative residual: 0.0002254669802498193
Iteration: 805, relative residual: 0.00022546415249485586
Iteration: 806, relative residual: 0.00022546063036207973
Iteration: 807, relative residual: 0.00022544764439771361
Iteration: 808, relative residual: 0.00022542934759345605
Iteration: 809, relative residual: 0.00022541621456393643
Iteration: 810, relative residual: 0.0002253997930858711
Iteration: 811, relative residual: 0.00022539664636597517
Iteration: 812, relative residual: 0.00022531779088437679
Iteration: 813, relative residual: 0.00022524381077110355
Iteration: 814, relative residual: 0.00022511197193953128
Iteration: 815, relative residual: 0.00022506789296332846
Iteration: 816, relative residual: 0.00022506787476107618
Iteration: 817, relative residual: 0.00022503334768567872
Iteration: 818, relative residual: 0.00022494862330908912
Iteration: 819, relative residual: 0.00022486053794281961
Iteration: 820, relative residual: 0.00022483564866769036
Iteration: 821, relative residual: 0.00022481594150160954
Iteration: 822, relative residual: 0.0002247189849271838
Iteration: 823, relative residual: 0.0002246746276387229
Iteration: 824, relative residual: 0.00022467297997028865
Iteration: 825, relative residual: 0.00022464115522603304
Iteration: 826, relative residual: 0.00022454215688974134
Iteration: 827, relative residual: 0.00022436441006989436
Iteration: 828, relative residual: 0.000224318675056104
Iteration: 829, relative residual: 0.0002243080015112398
Iteration: 830, relative residual: 0.0002241942217377191
Iteration: 831, relative residual: 0.00022410599450009626
Iteration: 832, relative residual: 0.00022410452050708487
Iteration: 833, relative residual: 0.0002240223279521528
Iteration: 834, relative residual: 0.0002239041822111101
Iteration: 835, relative residual: 0.0002238014016199152
Iteration: 836, relative residual: 0.00022375942782254646
Iteration: 837, relative residual: 0.00022375938863658268
Iteration: 838, relative residual: 0.00022371726357285642
Iteration: 839, relative residual: 0.00022362584693499208
Iteration: 840, relative residual: 0.00022359909922466792
Iteration: 841, relative residual: 0.00022358197706570302
Iteration: 842, relative residual: 0.00022349771031050526
Iteration: 843, relative residual: 0.0002233861810915716
Iteration: 844, relative residual: 0.00022335855258445698
Iteration: 845, relative residual: 0.00022335734280839748
Iteration: 846, relative residual: 0.0002233318013116388
Iteration: 847, relative residual: 0.00022317784649535924
Iteration: 848, relative residual: 0.00022299632330799728
Iteration: 849, relative residual: 0.0002229001216961652
Iteration: 850, relative residual: 0.00022282553202563628
Iteration: 851, relative residual: 0.00022282455962628164
Iteration: 852, relative residual: 0.00022277750052486297
Iteration: 853, relative residual: 0.0002226289593770653
Iteration: 854, relative residual: 0.00022240872885958754
Iteration: 855, relative residual: 0.00022233077186254853
Iteration: 856, relative residual: 0.00022233007835721866
Iteration: 857, relative residual: 0.00022229484297014662
Iteration: 858, relative residual: 0.00022218539187757362
Iteration: 859, relative residual: 0.0002220982068493067
Iteration: 860, relative residual: 0.0002220271966921785
Iteration: 861, relative residual: 0.00022202556731852597
Iteration: 862, relative residual: 0.00022186296871388385
Iteration: 863, relative residual: 0.00022171996372118597
Iteration: 864, relative residual: 0.00022158526351236872
Iteration: 865, relative residual: 0.0002215852625612104
Iteration: 866, relative residual: 0.00022144164058475832
Iteration: 867, relative residual: 0.00022131636466851082
Iteration: 868, relative residual: 0.00022112347265121658
Iteration: 869, relative residual: 0.0002210529720071419
Iteration: 870, relative residual: 0.0002210249811177923
Iteration: 871, relative residual: 0.00022101848963295648
Iteration: 872, relative residual: 0.0002209408597532756
Iteration: 873, relative residual: 0.0002206547818378167
Iteration: 874, relative residual: 0.0002205316772574786
Iteration: 875, relative residual: 0.0002205237356309754
Iteration: 876, relative residual: 0.00022046217630203747
Iteration: 877, relative residual: 0.00022019390357722225
Iteration: 878, relative residual: 0.00022000945222252634
Iteration: 879, relative residual: 0.00021999524579043383
Iteration: 880, relative residual: 0.00021995168088663553
Iteration: 881, relative residual: 0.00021967701422543535
Iteration: 882, relative residual: 0.00021901669439119287
Iteration: 883, relative residual: 0.00021849254525184038
Iteration: 884, relative residual: 0.00021822532448478115
Iteration: 885, relative residual: 0.0002182249148959842
Iteration: 886, relative residual: 0.00021802821519826773
Iteration: 887, relative residual: 0.00021774003336273834
Iteration: 888, relative residual: 0.00021750811670611205
Iteration: 889, relative residual: 0.0002174848392597395
Iteration: 890, relative residual: 0.00021735368425700475
Iteration: 891, relative residual: 0.00021706893562803572
Iteration: 892, relative residual: 0.00021655058269534562
Iteration: 893, relative residual: 0.00021627698068796885
Iteration: 894, relative residual: 0.00021623500935508098
Iteration: 895, relative residual: 0.0002162337718153354
Iteration: 896, relative residual: 0.00021619367212009924
Iteration: 897, relative residual: 0.00021600575654921687
Iteration: 898, relative residual: 0.00021557242699924757
Iteration: 899, relative residual: 0.00021527111425275809
Iteration: 900, relative residual: 0.00021527111425275809
Residual: 0.00021527111425275809. Restart...
Iteration: 901, relative residual: 0.0002149863829118074
Iteration: 902, relative residual: 0.00021498637240887364
Iteration: 903, relative residual: 0.00021498636447952834
Iteration: 904, relative residual: 0.00021498628894642578
Iteration: 905, relative residual: 0.00021498542114041947
Iteration: 906, relative residual: 0.00021498311017874566
Iteration: 907, relative residual: 0.00021497785705504427
Iteration: 908, relative residual: 0.00021497083621694192
Iteration: 909, relative residual: 0.00021496728417207044
Iteration: 910, relative residual: 0.00021496493942869735
Iteration: 911, relative residual: 0.00021496074236695848
Iteration: 912, relative residual: 0.00021492092387007558
Iteration: 913, relative residual: 0.00021486486601927536
Iteration: 914, relative residual: 0.00021478238245360487
Iteration: 915, relative residual: 0.00021476378482821772
Iteration: 916, relative residual: 0.0002147607321411929
Iteration: 917, relative residual: 0.00021471826015959393
Iteration: 918, relative residual: 0.00021464746909695845
Iteration: 919, relative residual: 0.0002146218692731216
Iteration: 920, relative residual: 0.00021461261804005022
Iteration: 921, relative residual: 0.00021456497409206874
Iteration: 922, relative residual: 0.00021450282263403502
Iteration: 923, relative residual: 0.0002144693503356373
Iteration: 924, relative residual: 0.00021445418427857478
Iteration: 925, relative residual: 0.0002144541795135046
Iteration: 926, relative residual: 0.00021445091153718615
Iteration: 927, relative residual: 0.00021440922431853536
Iteration: 928, relative residual: 0.00021440117777310081
Iteration: 929, relative residual: 0.00021439403333728423
Iteration: 930, relative residual: 0.00021433414261170082
Iteration: 931, relative residual: 0.00021430219587573464
Iteration: 932, relative residual: 0.0002142844912481428
Iteration: 933, relative residual: 0.0002142191781679881
Iteration: 934, relative residual: 0.0002141010068345179
Iteration: 935, relative residual: 0.00021401693537175572
Iteration: 936, relative residual: 0.00021400339238422515
Iteration: 937, relative residual: 0.00021399872665643066
Iteration: 938, relative residual: 0.0002139423241838806
Iteration: 939, relative residual: 0.00021382087548513
Iteration: 940, relative residual: 0.00021369935737070765
Iteration: 941, relative residual: 0.00021369073870475524
Iteration: 942, relative residual: 0.00021367687193267696
Iteration: 943, relative residual: 0.00021357165524527936
Iteration: 944, relative residual: 0.000213538592680334
Iteration: 945, relative residual: 0.00021352508000616472
Iteration: 946, relative residual: 0.00021348073629041635
Iteration: 947, relative residual: 0.00021331228317726032
Iteration: 948, relative residual: 0.00021314314757441498
Iteration: 949, relative residual: 0.00021302524495317478
Iteration: 950, relative residual: 0.00021297097694962093
Iteration: 951, relative residual: 0.00021291130904962677
Iteration: 952, relative residual: 0.00021270730084707807
Iteration: 953, relative residual: 0.0002125379612181416
Iteration: 954, relative residual: 0.0002124224878233004
Iteration: 955, relative residual: 0.0002123630489546602
Iteration: 956, relative residual: 0.0002123420886543693
Iteration: 957, relative residual: 0.00021233969959215008
Iteration: 958, relative residual: 0.0002123164150111863
Iteration: 959, relative residual: 0.00021223735312938283
Iteration: 960, relative residual: 0.00021221782914639223
Iteration: 961, relative residual: 0.00021221487899057093
Iteration: 962, relative residual: 0.0002122013078755987
Iteration: 963, relative residual: 0.00021212253412307395
Iteration: 964, relative residual: 0.00021184694966085564
Iteration: 965, relative residual: 0.0002114849352777047
Iteration: 966, relative residual: 0.00021134940601168632
Iteration: 967, relative residual: 0.00021134818763459266
Iteration: 968, relative residual: 0.00021113071383926788
Iteration: 969, relative residual: 0.00021080898757652223
Iteration: 970, relative residual: 0.00021061748417584603
Iteration: 971, relative residual: 0.00021061395902053414
Iteration: 972, relative residual: 0.0002104585523505604
Iteration: 973, relative residual: 0.00021023917698576882
Iteration: 974, relative residual: 0.00021015388393422367
Iteration: 975, relative residual: 0.00021014876260759156
Iteration: 976, relative residual: 0.0002100866098389537
Iteration: 977, relative residual: 0.00020978009684564526
Iteration: 978, relative residual: 0.00020961115236519968
Iteration: 979, relative residual: 0.00020947434127742748
Iteration: 980, relative residual: 0.00020947363387298527
Iteration: 981, relative residual: 0.0002093552109668975
Iteration: 982, relative residual: 0.00020893350103451502
Iteration: 983, relative residual: 0.0002084457499144668
Iteration: 984, relative residual: 0.0002083728570923009
Iteration: 985, relative residual: 0.0002083084808009465
Iteration: 986, relative residual: 0.00020801998235706333
Iteration: 987, relative residual: 0.00020777707326818555
Iteration: 988, relative residual: 0.00020760739524638378
Iteration: 989, relative residual: 0.0002075374416464859
Iteration: 990, relative residual: 0.00020748414853616662
Iteration: 991, relative residual: 0.00020728898249209636
Iteration: 992, relative residual: 0.00020717966802767242
Iteration: 993, relative residual: 0.0002071373881516947
Iteration: 994, relative residual: 0.00020692363904260626
Iteration: 995, relative residual: 0.00020682837084572958
Iteration: 996, relative residual: 0.00020682834478186844
Iteration: 997, relative residual: 0.0002068133555608988
Iteration: 998, relative residual: 0.00020664798222628142
Iteration: 999, relative residual: 0.00020601378779503784
Iteration: 1000, relative residual: 0.00020601378779503784
Residual: 0.00020601378779503784. Restart...
Warning!!!!You have reached the maximum number of iterations : 1000.
The run will stop. Check the residual behaviour you might have a bug.For future runs you might consider changing the tolerance or increasing the number of max_iter.
Solve time        : 7833.440332889557s

Calculate Solvation Energy (E_solv)
Calculating solvation energy for region 1, stored in E_solv[0]
5993.858584689014 of 524015 analytical integrals for phi_reac calculation in region 1
Time E_solv: 20.97117853164673s
Region 1: E_solv = -6888.847276368367 kcal/mol = -28822.937004325246 kJ/mol

Calculate Surface Energy (E_surf)
Time E_surf: 0.021501779556274414s

Calculate Coulomb Energy (E_coul)
Calculate Coulomb energy for region 1
Region 1: E_coul = -250397.9883099224 kcal/mol = -1047665.1830887153 kJ/mol
Time E_coul: 24.67728018760681s

------------------------------
Totals:
E_solv = -6888.847276368367 kcal/mol
E_surf = 0 kcal/mol
E_coul = -250397.9883099224 kcal/mol

Time = 7953.817149877548 s
