Run started on:
	Date: 2020/5/22
	Time: 21:15:3
	PyGBe version: 0.3.2+5.gea0f875
Config file: /cobra/u/gvargas/code/hPB/pygbe/pygbe/myCrownFinShots/sarsCov2noACE2/snap4/snap4.config
Parameter file: /cobra/u/gvargas/code/hPB/pygbe/pygbe/myCrownFinShots/sarsCov2noACE2/snap4/snap4.param
Geometry folder: /cobra/u/gvargas/code/hPB/pygbe/pygbe/myCrownFinShots/sarsCov2noACE2/snap4/geometry
Running in: /cobra/u/gvargas/code/hPB/pygbe/pygbe/myCrownFinShots/sarsCov2noACE2/snap4

Reading surface 0 from file geometry/crownVFnoACE2
Time load mesh: 13.664446353912354
Removed areas=0: 280

Total elements : 544906
Total equations: 1089812
----------------------------

1 surfaces:

Surface 0:
	544906 elements
	Surface type         : dielectric_interface
	Cells                : 3713
	Twigs                : 3143
	Levels               : 7
	C0 size              : 102.20811333520332
	C0 box center        : 81.94351337111354, 89.36561665192404, 98.27598965876686
	Twig cell size       : 1.597001770862552
	Rbox/theta           : 3.194003541725104
	Analytic distance    : 1.292765709941257
	Elem. per Ang^2      : 4.184182741192841
	Max, min, avg elem.  : 1.2945178919789044, 4.999999999976695e-07, 0.2389952977328415
	Total area           : 130229.97170641173
------------------------------

2 regions:

Region 0:
	Laplace or Yukawa: 2
	kappa            : 0.125
	dielectric const : 80.0
	Number of charges: 0
	Parent surface   : []
	Child surfaces   : [0]
Region 1:
	Laplace or Yukawa: 1
	kappa            : 1e-12
	dielectric const : 4.0
	Number of charges: 51819
	Parent surface   : [0]
	Child surfaces   : []
------------------------------

Parameters:
	Data type               : <class 'numpy.float64'>
	Use GPU                 : 1
	P                       : 4
	threshold               : 0.50
	theta                   : 0.50
	NCRIT                   : 500
	CUDA block size         : 128
	Gauss points per element: 1
	Gauss points near singlr: 25
	1D Gauss points per side: 9
	GMRES tolerance         : 1e-05
	GMRES max iterations    : 1000
	GMRES restart iteration : 100
----------------------------

Generate interaction list
Transfer data to GPU
Generate RHS
List time          : 3.4300830364227295s
Data transfer time : 0.40122151374816895s
RHS generation time: 7.304140329360962s
------------------------------
Total setup time   : 81.46989226341248s
Solve
Iteration: 1, relative residual: 0.8148888449777973
Iteration: 2, relative residual: 0.6034218434763563
Iteration: 3, relative residual: 0.43147854595583984
Iteration: 4, relative residual: 0.37202053600607404
Iteration: 5, relative residual: 0.3098312320658673
Iteration: 6, relative residual: 0.24819628147169362
Iteration: 7, relative residual: 0.19828170660502548
Iteration: 8, relative residual: 0.17837179593687533
Iteration: 9, relative residual: 0.14917508546555727
Iteration: 10, relative residual: 0.13102644081824108
Iteration: 11, relative residual: 0.10724779497099719
Iteration: 12, relative residual: 0.09890315221498966
Iteration: 13, relative residual: 0.09168649708736112
Iteration: 14, relative residual: 0.0814021288633313
Iteration: 15, relative residual: 0.07115542699421686
Iteration: 16, relative residual: 0.059261113521674055
Iteration: 17, relative residual: 0.04453573623624106
Iteration: 18, relative residual: 0.040697440118571813
Iteration: 19, relative residual: 0.03665079047458153
Iteration: 20, relative residual: 0.036115287247725954
Iteration: 21, relative residual: 0.030502212503379617
Iteration: 22, relative residual: 0.027833244973016827
Iteration: 23, relative residual: 0.02625339166730273
Iteration: 24, relative residual: 0.026222069869589002
Iteration: 25, relative residual: 0.02297024892046069
Iteration: 26, relative residual: 0.019402160969434982
Iteration: 27, relative residual: 0.016776629672678896
Iteration: 28, relative residual: 0.0157586441797457
Iteration: 29, relative residual: 0.015758576662285674
Iteration: 30, relative residual: 0.014253147924061672
Iteration: 31, relative residual: 0.012694454774611404
Iteration: 32, relative residual: 0.011301661561844225
Iteration: 33, relative residual: 0.009908508744975005
Iteration: 34, relative residual: 0.008955622951084716
Iteration: 35, relative residual: 0.008132319019896535
Iteration: 36, relative residual: 0.007936735709072083
Iteration: 37, relative residual: 0.007934373511864783
Iteration: 38, relative residual: 0.007762889832058201
Iteration: 39, relative residual: 0.007307722407610515
Iteration: 40, relative residual: 0.006809547223476439
Iteration: 41, relative residual: 0.006506546226267736
Iteration: 42, relative residual: 0.006429823233269434
Iteration: 43, relative residual: 0.006332250825314584
Iteration: 44, relative residual: 0.00618409848021662
Iteration: 45, relative residual: 0.006111936386891044
Iteration: 46, relative residual: 0.006100716726811743
Iteration: 47, relative residual: 0.00605202730614278
Iteration: 48, relative residual: 0.005771936467492688
Iteration: 49, relative residual: 0.005398582709852727
Iteration: 50, relative residual: 0.005096313314559121
Iteration: 51, relative residual: 0.004942662717645983
Iteration: 52, relative residual: 0.004888464940759567
Iteration: 53, relative residual: 0.004770171545342706
Iteration: 54, relative residual: 0.0045469312037687325
Iteration: 55, relative residual: 0.004354218996034645
Iteration: 56, relative residual: 0.004334881021751806
Iteration: 57, relative residual: 0.0043307877770854064
Iteration: 58, relative residual: 0.004228573776426095
Iteration: 59, relative residual: 0.004088441874826718
Iteration: 60, relative residual: 0.003988771559044761
Iteration: 61, relative residual: 0.003969679285952005
Iteration: 62, relative residual: 0.003919345099623477
Iteration: 63, relative residual: 0.003769193964352491
Iteration: 64, relative residual: 0.003701189280656977
Iteration: 65, relative residual: 0.0036907560062358186
Iteration: 66, relative residual: 0.003683758409398885
Iteration: 67, relative residual: 0.00362674685939618
Iteration: 68, relative residual: 0.0035646792118080154
Iteration: 69, relative residual: 0.0035502113450703605
Iteration: 70, relative residual: 0.003549554589339193
Iteration: 71, relative residual: 0.003528555162796566
Iteration: 72, relative residual: 0.0034115819552480086
Iteration: 73, relative residual: 0.0033160433358075587
Iteration: 74, relative residual: 0.0033129120007293813
Iteration: 75, relative residual: 0.0033021073049648766
Iteration: 76, relative residual: 0.0032459239995211056
Iteration: 77, relative residual: 0.003156834463413634
Iteration: 78, relative residual: 0.003074297749603996
Iteration: 79, relative residual: 0.0030237634725745043
Iteration: 80, relative residual: 0.0030207120603942938
Iteration: 81, relative residual: 0.0030186965403783683
Iteration: 82, relative residual: 0.002966581215448309
Iteration: 83, relative residual: 0.002916964350239114
Iteration: 84, relative residual: 0.0029146840232397104
Iteration: 85, relative residual: 0.002899292117551307
Iteration: 86, relative residual: 0.0028394326791339815
Iteration: 87, relative residual: 0.002818398192640847
Iteration: 88, relative residual: 0.002811691100045176
Iteration: 89, relative residual: 0.002789921077137873
Iteration: 90, relative residual: 0.002737276358331094
Iteration: 91, relative residual: 0.002587280543099844
Iteration: 92, relative residual: 0.0025263048826722548
Iteration: 93, relative residual: 0.00243166846115268
Iteration: 94, relative residual: 0.0024184552020751647
Iteration: 95, relative residual: 0.0024130022687699772
Iteration: 96, relative residual: 0.0023565846190780073
Iteration: 97, relative residual: 0.0022830942791646595
Iteration: 98, relative residual: 0.002163404744993105
Iteration: 99, relative residual: 0.0021278371986387943
Iteration: 100, relative residual: 0.0021278371986387943
Residual: 0.0021278371986387943. Restart...
Iteration: 101, relative residual: 0.002126345189264969
Iteration: 102, relative residual: 0.002126344722981919
Iteration: 103, relative residual: 0.002126338345015814
Iteration: 104, relative residual: 0.0021263071888230627
Iteration: 105, relative residual: 0.0021263054070708182
Iteration: 106, relative residual: 0.002126211446754193
Iteration: 107, relative residual: 0.002125919392633738
Iteration: 108, relative residual: 0.0021257218657748903
Iteration: 109, relative residual: 0.0021256209613771514
Iteration: 110, relative residual: 0.002125612851876524
Iteration: 111, relative residual: 0.002125343699312048
Iteration: 112, relative residual: 0.002124677180647047
Iteration: 113, relative residual: 0.002124640177391388
Iteration: 114, relative residual: 0.00212461308712671
Iteration: 115, relative residual: 0.002124248653990184
Iteration: 116, relative residual: 0.002124099753003786
Iteration: 117, relative residual: 0.0021235872110718732
Iteration: 118, relative residual: 0.0021202074049606785
Iteration: 119, relative residual: 0.002113101564831273
Iteration: 120, relative residual: 0.0020996987234806574
Iteration: 121, relative residual: 0.002094674848155092
Iteration: 122, relative residual: 0.0020945920334123546
Iteration: 123, relative residual: 0.00208939626263956
Iteration: 124, relative residual: 0.0020792763483948188
Iteration: 125, relative residual: 0.002075226834987718
Iteration: 126, relative residual: 0.0020743027000049096
Iteration: 127, relative residual: 0.002074113439071433
Iteration: 128, relative residual: 0.0020722659923136113
Iteration: 129, relative residual: 0.0020688685315436535
Iteration: 130, relative residual: 0.0020623198909028246
Iteration: 131, relative residual: 0.0020565376736835094
Iteration: 132, relative residual: 0.002054944827096611
Iteration: 133, relative residual: 0.0020538815021897616
Iteration: 134, relative residual: 0.0020483574878691767
Iteration: 135, relative residual: 0.002039690184609796
Iteration: 136, relative residual: 0.002035799804193681
Iteration: 137, relative residual: 0.0020333468420300656
Iteration: 138, relative residual: 0.002033345626214663
Iteration: 139, relative residual: 0.0020333410096816766
Iteration: 140, relative residual: 0.0020314731902161933
Iteration: 141, relative residual: 0.0020243653516656217
Iteration: 142, relative residual: 0.002020411900659228
Iteration: 143, relative residual: 0.0020192852435111956
Iteration: 144, relative residual: 0.0020187352095592057
Iteration: 145, relative residual: 0.0020148113471787285
Iteration: 146, relative residual: 0.0020086481811065785
Iteration: 147, relative residual: 0.0020050600626975476
Iteration: 148, relative residual: 0.0020048270796239136
Iteration: 149, relative residual: 0.002003625020169858
Iteration: 150, relative residual: 0.002001846817710398
Iteration: 151, relative residual: 0.0019995698700701354
Iteration: 152, relative residual: 0.001998732586370032
Iteration: 153, relative residual: 0.0019987031842712355
Iteration: 154, relative residual: 0.001997355705466846
Iteration: 155, relative residual: 0.001991118722974333
Iteration: 156, relative residual: 0.001981044981315536
Iteration: 157, relative residual: 0.001978496308933225
Iteration: 158, relative residual: 0.0019783737730354363
Iteration: 159, relative residual: 0.001976769207797008
Iteration: 160, relative residual: 0.001974038259637822
Iteration: 161, relative residual: 0.0019724869227959866
Iteration: 162, relative residual: 0.001972464834730482
Iteration: 163, relative residual: 0.0019648240785839145
Iteration: 164, relative residual: 0.0019574294943902194
Iteration: 165, relative residual: 0.0019540433861350934
Iteration: 166, relative residual: 0.0019536201731207305
Iteration: 167, relative residual: 0.001953598668311796
Iteration: 168, relative residual: 0.0019503527414646642
Iteration: 169, relative residual: 0.001940673323143391
Iteration: 170, relative residual: 0.0019323925653933634
Iteration: 171, relative residual: 0.0019279166169605506
Iteration: 172, relative residual: 0.001927699344247556
Iteration: 173, relative residual: 0.0019263695567436447
Iteration: 174, relative residual: 0.0019115983443281778
Iteration: 175, relative residual: 0.0018988503080300337
Iteration: 176, relative residual: 0.001898422446890222
Iteration: 177, relative residual: 0.0018797236597836871
Iteration: 178, relative residual: 0.001871835811090204
Iteration: 179, relative residual: 0.0018594272841230503
Iteration: 180, relative residual: 0.0018552091868977807
Iteration: 181, relative residual: 0.0018512999767027003
Iteration: 182, relative residual: 0.0018412491070297072
Iteration: 183, relative residual: 0.0018270340468449003
Iteration: 184, relative residual: 0.0018226293916392977
Iteration: 185, relative residual: 0.0018216659229907662
Iteration: 186, relative residual: 0.0018169020367118226
Iteration: 187, relative residual: 0.0017938111987452923
Iteration: 188, relative residual: 0.001774374908536398
Iteration: 189, relative residual: 0.0017672895669475712
Iteration: 190, relative residual: 0.001767256738249223
Iteration: 191, relative residual: 0.0017600953948634082
Iteration: 192, relative residual: 0.0017506150111163419
Iteration: 193, relative residual: 0.0017353565022904614
Iteration: 194, relative residual: 0.0017251074294230308
Iteration: 195, relative residual: 0.0017247973386196424
Iteration: 196, relative residual: 0.0017195074708982246
Iteration: 197, relative residual: 0.0016986719944150563
Iteration: 198, relative residual: 0.0016469601709593106
Iteration: 199, relative residual: 0.001598451146901635
Iteration: 200, relative residual: 0.001598451146901635
Residual: 0.001598451146901635. Restart...
Iteration: 201, relative residual: 0.0015969641420122004
Iteration: 202, relative residual: 0.0015969635853958118
Iteration: 203, relative residual: 0.0015969613417805527
Iteration: 204, relative residual: 0.00159696119855869
Iteration: 205, relative residual: 0.0015969503606610817
Iteration: 206, relative residual: 0.0015968818131358005
Iteration: 207, relative residual: 0.0015966040784385234
Iteration: 208, relative residual: 0.0015962455109567578
Iteration: 209, relative residual: 0.0015962452431076348
Iteration: 210, relative residual: 0.001595814532230828
Iteration: 211, relative residual: 0.0015947575084830864
Iteration: 212, relative residual: 0.0015922186090211578
Iteration: 213, relative residual: 0.0015902678809283104
Iteration: 214, relative residual: 0.001588898141842914
Iteration: 215, relative residual: 0.0015882079252893136
Iteration: 216, relative residual: 0.001585478729822544
Iteration: 217, relative residual: 0.001580862284211237
Iteration: 218, relative residual: 0.0015756493127226953
Iteration: 219, relative residual: 0.0015738783014008458
Iteration: 220, relative residual: 0.0015737288383500256
Iteration: 221, relative residual: 0.0015730139083069807
Iteration: 222, relative residual: 0.001570004313961019
Iteration: 223, relative residual: 0.0015692431554146969
Iteration: 224, relative residual: 0.0015692430834170453
Iteration: 225, relative residual: 0.0015678371319570582
Iteration: 226, relative residual: 0.001566925201787393
Iteration: 227, relative residual: 0.0015665585549692702
Iteration: 228, relative residual: 0.0015663383102781333
Iteration: 229, relative residual: 0.001565874075809347
Iteration: 230, relative residual: 0.0015644095662453662
Iteration: 231, relative residual: 0.001563276006966201
Iteration: 232, relative residual: 0.0015631216907207844
Iteration: 233, relative residual: 0.0015631213057060696
Iteration: 234, relative residual: 0.0015626557573615466
Iteration: 235, relative residual: 0.0015621905848932868
Iteration: 236, relative residual: 0.0015603092969397156
Iteration: 237, relative residual: 0.0015579764392338181
Iteration: 238, relative residual: 0.001557272763286188
Iteration: 239, relative residual: 0.0015566915684661268
Iteration: 240, relative residual: 0.0015535878273321671
Iteration: 241, relative residual: 0.0015514505312099506
Iteration: 242, relative residual: 0.0015513953317480575
Iteration: 243, relative residual: 0.0015489543913229983
Iteration: 244, relative residual: 0.0015418934045531693
Iteration: 245, relative residual: 0.0015359281847781262
Iteration: 246, relative residual: 0.0015316098477271844
Iteration: 247, relative residual: 0.0015306999461240686
Iteration: 248, relative residual: 0.0015304065032948992
Iteration: 249, relative residual: 0.001526587540077019
Iteration: 250, relative residual: 0.00152159474939096
Iteration: 251, relative residual: 0.0015196674675687467
Iteration: 252, relative residual: 0.0015194696555484895
Iteration: 253, relative residual: 0.0015127551391644668
Iteration: 254, relative residual: 0.0015055705847130852
Iteration: 255, relative residual: 0.001498370760072985
Iteration: 256, relative residual: 0.0014983585246720684
Iteration: 257, relative residual: 0.0014939139692245237
Iteration: 258, relative residual: 0.001485119169805363
Iteration: 259, relative residual: 0.0014735758570460456
Iteration: 260, relative residual: 0.0014638369898425402
Iteration: 261, relative residual: 0.0014621925051014535
Iteration: 262, relative residual: 0.001457723810294552
Iteration: 263, relative residual: 0.0014470131939931412
Iteration: 264, relative residual: 0.0014266848145205004
Iteration: 265, relative residual: 0.001424129254176645
Iteration: 266, relative residual: 0.0014214681938437398
Iteration: 267, relative residual: 0.0014141752063447925
Iteration: 268, relative residual: 0.0013956261816770133
Iteration: 269, relative residual: 0.0013773176002446054
Iteration: 270, relative residual: 0.0013749022166860746
Iteration: 271, relative residual: 0.0013664978768399604
Iteration: 272, relative residual: 0.0013516729119667592
Iteration: 273, relative residual: 0.0013398106984706902
Iteration: 274, relative residual: 0.0013379788857787087
Iteration: 275, relative residual: 0.0013377110429655793
Iteration: 276, relative residual: 0.0013313130984730494
Iteration: 277, relative residual: 0.0013214782642541234
Iteration: 278, relative residual: 0.0013211156422388778
Iteration: 279, relative residual: 0.0013195917253899139
Iteration: 280, relative residual: 0.0013160981513435806
Iteration: 281, relative residual: 0.0013042423117183013
Iteration: 282, relative residual: 0.0012893005078965505
Iteration: 283, relative residual: 0.001289300283466122
Iteration: 284, relative residual: 0.0012707904243635351
Iteration: 285, relative residual: 0.0012332870858442029
Iteration: 286, relative residual: 0.0012097874737200288
Iteration: 287, relative residual: 0.0011922113668932093
Iteration: 288, relative residual: 0.0011920261163157573
Iteration: 289, relative residual: 0.0011842781133290698
Iteration: 290, relative residual: 0.001154014921843627
Iteration: 291, relative residual: 0.0011268765628555117
Iteration: 292, relative residual: 0.001118686437015682
Iteration: 293, relative residual: 0.0011182553529534036
Iteration: 294, relative residual: 0.001117038598018701
Iteration: 295, relative residual: 0.0011069009841494948
Iteration: 296, relative residual: 0.0010905986286800597
Iteration: 297, relative residual: 0.0010850362392222615
Iteration: 298, relative residual: 0.0010820909428899887
Iteration: 299, relative residual: 0.0010792710190256779
Iteration: 300, relative residual: 0.0010792710190256779
Residual: 0.0010792710190256779. Restart...
Iteration: 301, relative residual: 0.0010649601795728123
Iteration: 302, relative residual: 0.0010649050792834957
Iteration: 303, relative residual: 0.0010647573408560014
Iteration: 304, relative residual: 0.0010647554970657353
Iteration: 305, relative residual: 0.0010642786895402726
Iteration: 306, relative residual: 0.0010640461497890348
Iteration: 307, relative residual: 0.0010640328549599485
Iteration: 308, relative residual: 0.0010635255809807028
Iteration: 309, relative residual: 0.0010632546328022193
Iteration: 310, relative residual: 0.0010631906351684076
Iteration: 311, relative residual: 0.0010630773474439791
Iteration: 312, relative residual: 0.0010629507078030779
Iteration: 313, relative residual: 0.0010629117091668341
Iteration: 314, relative residual: 0.0010629116649975008
Iteration: 315, relative residual: 0.0010628657886960343
Iteration: 316, relative residual: 0.0010627177829668356
Iteration: 317, relative residual: 0.0010625987434554648
Iteration: 318, relative residual: 0.0010623640836847387
Iteration: 319, relative residual: 0.001062239283198676
Iteration: 320, relative residual: 0.001060065578497148
Iteration: 321, relative residual: 0.0010589223087725072
Iteration: 322, relative residual: 0.0010589222141393214
Iteration: 323, relative residual: 0.0010580282937634748
Iteration: 324, relative residual: 0.0010545414828425934
Iteration: 325, relative residual: 0.0010507698423015768
Iteration: 326, relative residual: 0.0010482584659957655
Iteration: 327, relative residual: 0.0010472170310074013
Iteration: 328, relative residual: 0.001047138143309893
Iteration: 329, relative residual: 0.0010471275554289115
Iteration: 330, relative residual: 0.0010461140952160671
Iteration: 331, relative residual: 0.0010443637929784234
Iteration: 332, relative residual: 0.0010439381508503388
Iteration: 333, relative residual: 0.001043927749315898
Iteration: 334, relative residual: 0.001042965947847875
Iteration: 335, relative residual: 0.001040285526149418
Iteration: 336, relative residual: 0.001033178131547156
Iteration: 337, relative residual: 0.0010243480763466963
Iteration: 338, relative residual: 0.001020480654489144
Iteration: 339, relative residual: 0.0010204429989400278
Iteration: 340, relative residual: 0.001019765927198052
Iteration: 341, relative residual: 0.0010177555248459885
Iteration: 342, relative residual: 0.001017072630033928
Iteration: 343, relative residual: 0.001016320188329881
Iteration: 344, relative residual: 0.0010161708302816692
Iteration: 345, relative residual: 0.0010131192534378326
Iteration: 346, relative residual: 0.0010062011667837125
Iteration: 347, relative residual: 0.0009991521320118963
Iteration: 348, relative residual: 0.0009954210247261472
Iteration: 349, relative residual: 0.0009952664457097743
Iteration: 350, relative residual: 0.000990965762408789
Iteration: 351, relative residual: 0.0009872047599010939
Iteration: 352, relative residual: 0.0009834295396325833
Iteration: 353, relative residual: 0.0009834281143311387
Iteration: 354, relative residual: 0.000979349028713644
Iteration: 355, relative residual: 0.0009690633150053323
Iteration: 356, relative residual: 0.0009619114758754255
Iteration: 357, relative residual: 0.0009616648860143439
Iteration: 358, relative residual: 0.0009562876346299277
Iteration: 359, relative residual: 0.0009463226964294144
Iteration: 360, relative residual: 0.0009445368333101304
Iteration: 361, relative residual: 0.00094453653018185
Iteration: 362, relative residual: 0.0009389837328152327
Iteration: 363, relative residual: 0.0009346234799610546
Iteration: 364, relative residual: 0.0009266677196385089
Iteration: 365, relative residual: 0.0009245129007250659
Iteration: 366, relative residual: 0.0009243208007243703
Iteration: 367, relative residual: 0.0009203773782726089
Iteration: 368, relative residual: 0.000905556373521125
Iteration: 369, relative residual: 0.0008961467637869873
Iteration: 370, relative residual: 0.0008950964115588484
Iteration: 371, relative residual: 0.0008950631228114433
Iteration: 372, relative residual: 0.000883597734227206
Iteration: 373, relative residual: 0.000865952653651136
Iteration: 374, relative residual: 0.0008607130678511238
Iteration: 375, relative residual: 0.0008599016577585366
Iteration: 376, relative residual: 0.0008582549600139049
Iteration: 377, relative residual: 0.0008489028477542079
Iteration: 378, relative residual: 0.0008461473290252081
Iteration: 379, relative residual: 0.000845830721563253
Iteration: 380, relative residual: 0.0008406098897952931
Iteration: 381, relative residual: 0.0008355686554233711
Iteration: 382, relative residual: 0.0008206149062268012
Iteration: 383, relative residual: 0.0008146222447464716
Iteration: 384, relative residual: 0.0008144619726685417
Iteration: 385, relative residual: 0.0008119439253534721
Iteration: 386, relative residual: 0.0008091318542521048
Iteration: 387, relative residual: 0.0008010957734196424
Iteration: 388, relative residual: 0.0007990202525673536
Iteration: 389, relative residual: 0.0007986975657641228
Iteration: 390, relative residual: 0.0007984059993552804
Iteration: 391, relative residual: 0.0007937674358135719
Iteration: 392, relative residual: 0.000788770189109306
Iteration: 393, relative residual: 0.0007876097925731151
Iteration: 394, relative residual: 0.0007874259412654792
Iteration: 395, relative residual: 0.0007865468067979437
Iteration: 396, relative residual: 0.0007803797458044761
Iteration: 397, relative residual: 0.0007775894706087338
Iteration: 398, relative residual: 0.0007741088036825898
Iteration: 399, relative residual: 0.0007740978989550555
Iteration: 400, relative residual: 0.0007740978989550555
Residual: 0.0007740978989550555. Restart...
Iteration: 401, relative residual: 0.0007714989168225127
Iteration: 402, relative residual: 0.0007714948785508457
Iteration: 403, relative residual: 0.0007714883754216308
Iteration: 404, relative residual: 0.0007714841418109868
Iteration: 405, relative residual: 0.0007714466087206753
Iteration: 406, relative residual: 0.0007714212595723195
Iteration: 407, relative residual: 0.000771408249224596
Iteration: 408, relative residual: 0.0007714004830666175
Iteration: 409, relative residual: 0.0007713673565984515
Iteration: 410, relative residual: 0.0007713527184949828
Iteration: 411, relative residual: 0.0007713339734746919
Iteration: 412, relative residual: 0.0007712577335827781
Iteration: 413, relative residual: 0.0007711870285867214
Iteration: 414, relative residual: 0.0007711869458027972
Iteration: 415, relative residual: 0.0007711174759380301
Iteration: 416, relative residual: 0.0007708394281696844
Iteration: 417, relative residual: 0.0007705971435788408
Iteration: 418, relative residual: 0.0007705430295931573
Iteration: 419, relative residual: 0.0007703037037719663
Iteration: 420, relative residual: 0.0007693921261805632
Iteration: 421, relative residual: 0.0007680929115092017
Iteration: 422, relative residual: 0.0007665077770089321
Iteration: 423, relative residual: 0.0007659616448118049
Iteration: 424, relative residual: 0.0007659525422700868
Iteration: 425, relative residual: 0.0007653929904755385
Iteration: 426, relative residual: 0.000764537440734731
Iteration: 427, relative residual: 0.0007643226805419203
Iteration: 428, relative residual: 0.0007642977391745883
Iteration: 429, relative residual: 0.0007635953845785455
Iteration: 430, relative residual: 0.0007630429566647366
Iteration: 431, relative residual: 0.0007627135749853678
Iteration: 432, relative residual: 0.0007626743845086624
Iteration: 433, relative residual: 0.0007624189628243342
Iteration: 434, relative residual: 0.0007610189417355109
Iteration: 435, relative residual: 0.00075885245575871
Iteration: 436, relative residual: 0.0007573145391553139
Iteration: 437, relative residual: 0.0007568763772808041
Iteration: 438, relative residual: 0.0007568723344572753
Iteration: 439, relative residual: 0.0007563639854751559
Iteration: 440, relative residual: 0.0007553025221643005
Iteration: 441, relative residual: 0.0007548681427434634
Iteration: 442, relative residual: 0.0007547141284330171
Iteration: 443, relative residual: 0.0007536575580570338
Iteration: 444, relative residual: 0.000751144416339749
Iteration: 445, relative residual: 0.0007474632310458485
Iteration: 446, relative residual: 0.0007436091332816982
Iteration: 447, relative residual: 0.0007423810690507633
Iteration: 448, relative residual: 0.0007423131716909431
Iteration: 449, relative residual: 0.0007387446744973459
Iteration: 450, relative residual: 0.0007350184559683166
Iteration: 451, relative residual: 0.0007342359502982139
Iteration: 452, relative residual: 0.0007332913381455737
Iteration: 453, relative residual: 0.0007277892548406578
Iteration: 454, relative residual: 0.0007213763233704704
Iteration: 455, relative residual: 0.0007183988084775618
Iteration: 456, relative residual: 0.000716192944936967
Iteration: 457, relative residual: 0.0007160164036834781
Iteration: 458, relative residual: 0.0007149965948440848
Iteration: 459, relative residual: 0.0007095403861888544
Iteration: 460, relative residual: 0.0007084740137656687
Iteration: 461, relative residual: 0.0007084661075525723
Iteration: 462, relative residual: 0.0007059285371901645
Iteration: 463, relative residual: 0.0007026352353691186
Iteration: 464, relative residual: 0.0006976137604850919
Iteration: 465, relative residual: 0.0006961558011816883
Iteration: 466, relative residual: 0.0006959301821103856
Iteration: 467, relative residual: 0.000692151696349377
Iteration: 468, relative residual: 0.0006825844497764374
Iteration: 469, relative residual: 0.0006776299499735124
Iteration: 470, relative residual: 0.0006775665912098856
Iteration: 471, relative residual: 0.0006746623537733605
Iteration: 472, relative residual: 0.000666577988607509
Iteration: 473, relative residual: 0.0006583657356284342
Iteration: 474, relative residual: 0.0006563920512317797
Iteration: 475, relative residual: 0.000653803001979887
Iteration: 476, relative residual: 0.0006492146218210633
Iteration: 477, relative residual: 0.0006424235720202632
Iteration: 478, relative residual: 0.0006424235436295094
Iteration: 479, relative residual: 0.000638279179762863
Iteration: 480, relative residual: 0.0006320698148480294
Iteration: 481, relative residual: 0.0006305998952171208
Iteration: 482, relative residual: 0.0006283777696492419
Iteration: 483, relative residual: 0.0006282806633882529
Iteration: 484, relative residual: 0.0006223612595568519
Iteration: 485, relative residual: 0.000606884034809811
Iteration: 486, relative residual: 0.0005994307990731685
Iteration: 487, relative residual: 0.0005993788476587311
Iteration: 488, relative residual: 0.0005983974950243191
Iteration: 489, relative residual: 0.0005939026525275226
Iteration: 490, relative residual: 0.0005884084767555985
Iteration: 491, relative residual: 0.0005835109147450784
Iteration: 492, relative residual: 0.0005829831670414932
Iteration: 493, relative residual: 0.0005829576893688908
Iteration: 494, relative residual: 0.0005812700029266751
Iteration: 495, relative residual: 0.0005752037496190392
Iteration: 496, relative residual: 0.0005710534404670709
Iteration: 497, relative residual: 0.0005692755150797467
Iteration: 498, relative residual: 0.0005687593558519314
Iteration: 499, relative residual: 0.0005651202673022822
Iteration: 500, relative residual: 0.0005651202673022822
Residual: 0.0005651202673022822. Restart...
Iteration: 501, relative residual: 0.0005589669332298161
Iteration: 502, relative residual: 0.0005589448685979849
Iteration: 503, relative residual: 0.0005588729696110745
Iteration: 504, relative residual: 0.0005588373784394345
Iteration: 505, relative residual: 0.0005587479698159277
Iteration: 506, relative residual: 0.0005586085931259475
Iteration: 507, relative residual: 0.0005586085921073039
Iteration: 508, relative residual: 0.0005582672510277205
Iteration: 509, relative residual: 0.0005580782425186003
Iteration: 510, relative residual: 0.0005578371349382226
Iteration: 511, relative residual: 0.0005577698912516189
Iteration: 512, relative residual: 0.0005577486166977961
Iteration: 513, relative residual: 0.0005576927166594732
Iteration: 514, relative residual: 0.0005576855385407693
Iteration: 515, relative residual: 0.0005576466539859402
Iteration: 516, relative residual: 0.0005574693965029938
Iteration: 517, relative residual: 0.0005570587162133393
Iteration: 518, relative residual: 0.0005568014328276104
Iteration: 519, relative residual: 0.0005567161258870539
Iteration: 520, relative residual: 0.0005562907509895407
Iteration: 521, relative residual: 0.0005554870690545965
Iteration: 522, relative residual: 0.0005549624712751634
Iteration: 523, relative residual: 0.0005548772597153595
Iteration: 524, relative residual: 0.0005539927517920362
Iteration: 525, relative residual: 0.0005531806007718487
Iteration: 526, relative residual: 0.0005521879463819474
Iteration: 527, relative residual: 0.0005512314399243244
Iteration: 528, relative residual: 0.0005510128756628748
Iteration: 529, relative residual: 0.0005510124487372456
Iteration: 530, relative residual: 0.000550877830833537
Iteration: 531, relative residual: 0.0005502900535151444
Iteration: 532, relative residual: 0.0005494358704845428
Iteration: 533, relative residual: 0.0005493074865848137
Iteration: 534, relative residual: 0.0005492086159863445
Iteration: 535, relative residual: 0.0005485293183013864
Iteration: 536, relative residual: 0.0005475769223319525
Iteration: 537, relative residual: 0.0005465913371982994
Iteration: 538, relative residual: 0.0005463129146481479
Iteration: 539, relative residual: 0.0005463119066731328
Iteration: 540, relative residual: 0.0005461448376488166
Iteration: 541, relative residual: 0.0005451811496797976
Iteration: 542, relative residual: 0.0005451327369125194
Iteration: 543, relative residual: 0.0005450644524698164
Iteration: 544, relative residual: 0.0005447185584640657
Iteration: 545, relative residual: 0.0005441210365956683
Iteration: 546, relative residual: 0.0005421355571000625
Iteration: 547, relative residual: 0.0005409919380160668
Iteration: 548, relative residual: 0.0005409326120757471
Iteration: 549, relative residual: 0.0005402173891928925
Iteration: 550, relative residual: 0.0005381059700908928
Iteration: 551, relative residual: 0.0005373348049515939
Iteration: 552, relative residual: 0.0005372689701468869
Iteration: 553, relative residual: 0.0005346897842345063
Iteration: 554, relative residual: 0.0005286271471943862
Iteration: 555, relative residual: 0.0005264391892743585
Iteration: 556, relative residual: 0.0005261160646394797
Iteration: 557, relative residual: 0.0005259474594339057
Iteration: 558, relative residual: 0.0005242458152392262
Iteration: 559, relative residual: 0.0005225807376957475
Iteration: 560, relative residual: 0.0005218516854800442
Iteration: 561, relative residual: 0.0005214572837956963
Iteration: 562, relative residual: 0.0005190540106849824
Iteration: 563, relative residual: 0.0005180655134966712
Iteration: 564, relative residual: 0.0005132880194304656
Iteration: 565, relative residual: 0.0005124792817284204
Iteration: 566, relative residual: 0.0005120303566759595
Iteration: 567, relative residual: 0.0005102317069278459
Iteration: 568, relative residual: 0.0005073552247714153
Iteration: 569, relative residual: 0.0005054472864581471
Iteration: 570, relative residual: 0.0005054085973174073
Iteration: 571, relative residual: 0.0005046815587017334
Iteration: 572, relative residual: 0.0005026692601879545
Iteration: 573, relative residual: 0.000500107842125342
Iteration: 574, relative residual: 0.0004984866860263584
Iteration: 575, relative residual: 0.0004984648799837226
Iteration: 576, relative residual: 0.0004974893440146915
Iteration: 577, relative residual: 0.0004961441718413515
Iteration: 578, relative residual: 0.0004961437830124175
Iteration: 579, relative residual: 0.0004950923320305404
Iteration: 580, relative residual: 0.0004941221191588015
Iteration: 581, relative residual: 0.0004939942114165259
Iteration: 582, relative residual: 0.0004939796698025974
Iteration: 583, relative residual: 0.0004935230187584894
Iteration: 584, relative residual: 0.0004932977955068278
Iteration: 585, relative residual: 0.0004932586494558579
Iteration: 586, relative residual: 0.0004928909123549757
Iteration: 587, relative residual: 0.0004898136287399299
Iteration: 588, relative residual: 0.00048893999198638
Iteration: 589, relative residual: 0.0004889245953190989
Iteration: 590, relative residual: 0.0004886810448187754
Iteration: 591, relative residual: 0.0004884278393132275
Iteration: 592, relative residual: 0.0004879895124935975
Iteration: 593, relative residual: 0.00048741948395117157
Iteration: 594, relative residual: 0.0004873386728503209
Iteration: 595, relative residual: 0.0004873374774023371
Iteration: 596, relative residual: 0.0004870731704293428
Iteration: 597, relative residual: 0.0004868897152370176
Iteration: 598, relative residual: 0.00048670061059744393
Iteration: 599, relative residual: 0.0004863152183825869
Iteration: 600, relative residual: 0.0004863152183825869
Residual: 0.0004863152183825869. Restart...
Iteration: 601, relative residual: 0.00048619969200281696
Iteration: 602, relative residual: 0.0004861996182362633
Iteration: 603, relative residual: 0.00048619922334562827
Iteration: 604, relative residual: 0.00048619914725127653
Iteration: 605, relative residual: 0.0004861986456074258
Iteration: 606, relative residual: 0.0004861975528432911
Iteration: 607, relative residual: 0.00048619733251491605
Iteration: 608, relative residual: 0.0004861956831839271
Iteration: 609, relative residual: 0.00048619056386373045
Iteration: 610, relative residual: 0.00048618206521997557
Iteration: 611, relative residual: 0.0004861737066857661
Iteration: 612, relative residual: 0.00048617112687653627
Iteration: 613, relative residual: 0.000486168214371475
Iteration: 614, relative residual: 0.00048616128794591384
Iteration: 615, relative residual: 0.0004861525492176188
Iteration: 616, relative residual: 0.00048615211190554825
Iteration: 617, relative residual: 0.0004861500672848676
Iteration: 618, relative residual: 0.0004861413678825053
Iteration: 619, relative residual: 0.0004861226152032749
Iteration: 620, relative residual: 0.00048601813143587776
Iteration: 621, relative residual: 0.00048593638858780496
Iteration: 622, relative residual: 0.00048588739978292194
Iteration: 623, relative residual: 0.00048587382843641306
Iteration: 624, relative residual: 0.0004858636740090016
Iteration: 625, relative residual: 0.0004858090016335202
Iteration: 626, relative residual: 0.00048576210478528704
Iteration: 627, relative residual: 0.00048572335902985166
Iteration: 628, relative residual: 0.0004857215432981144
Iteration: 629, relative residual: 0.0004857091358295493
Iteration: 630, relative residual: 0.00048565619244820884
Iteration: 631, relative residual: 0.00048561379164567265
Iteration: 632, relative residual: 0.00048561068162751613
Iteration: 633, relative residual: 0.0004856075587464929
Iteration: 634, relative residual: 0.00048557047693636865
Iteration: 635, relative residual: 0.0004855286714512992
Iteration: 636, relative residual: 0.0004855140366408424
Iteration: 637, relative residual: 0.0004855137997790845
Iteration: 638, relative residual: 0.00048547506902512245
Iteration: 639, relative residual: 0.0004854122058472679
Iteration: 640, relative residual: 0.00048538724030179365
Iteration: 641, relative residual: 0.00048538307373762124
Iteration: 642, relative residual: 0.000485371175479071
Iteration: 643, relative residual: 0.0004853593123801439
Iteration: 644, relative residual: 0.0004853392498084085
Iteration: 645, relative residual: 0.0004852915480650032
Iteration: 646, relative residual: 0.00048522784873507947
Iteration: 647, relative residual: 0.0004851673627679207
Iteration: 648, relative residual: 0.0004851654162743654
Iteration: 649, relative residual: 0.00048508483353988126
Iteration: 650, relative residual: 0.0004847705101288014
Iteration: 651, relative residual: 0.0004846423221181341
Iteration: 652, relative residual: 0.0004846320763566741
Iteration: 653, relative residual: 0.0004844320430081605
Iteration: 654, relative residual: 0.00048364574501485303
Iteration: 655, relative residual: 0.0004831238690798596
Iteration: 656, relative residual: 0.0004829560196234238
Iteration: 657, relative residual: 0.0004829422989654541
Iteration: 658, relative residual: 0.0004825306944444005
Iteration: 659, relative residual: 0.0004818352923950598
Iteration: 660, relative residual: 0.00048173167509868
Iteration: 661, relative residual: 0.0004814874792390047
Iteration: 662, relative residual: 0.00048055484169793445
Iteration: 663, relative residual: 0.0004796292674855549
Iteration: 664, relative residual: 0.0004786992870785644
Iteration: 665, relative residual: 0.0004782209999374793
Iteration: 666, relative residual: 0.0004781980313038941
Iteration: 667, relative residual: 0.000477842063316833
Iteration: 668, relative residual: 0.0004773214310501553
Iteration: 669, relative residual: 0.0004764773247490222
Iteration: 670, relative residual: 0.0004757632309675052
Iteration: 671, relative residual: 0.00047570944222199307
Iteration: 672, relative residual: 0.0004756854019302867
Iteration: 673, relative residual: 0.00047547690695389237
Iteration: 674, relative residual: 0.00047487017395239726
Iteration: 675, relative residual: 0.0004748556302725794
Iteration: 676, relative residual: 0.0004746201481337489
Iteration: 677, relative residual: 0.0004738029058591288
Iteration: 678, relative residual: 0.00047336670972493417
Iteration: 679, relative residual: 0.0004732512175727306
Iteration: 680, relative residual: 0.00047325119183513664
Iteration: 681, relative residual: 0.0004730214266626934
Iteration: 682, relative residual: 0.0004722639520689682
Iteration: 683, relative residual: 0.00047185451117252446
Iteration: 684, relative residual: 0.0004716442151597615
Iteration: 685, relative residual: 0.0004716368825853933
Iteration: 686, relative residual: 0.0004715017570595976
Iteration: 687, relative residual: 0.00047106817545831064
Iteration: 688, relative residual: 0.0004708609461481067
Iteration: 689, relative residual: 0.00047082635336015806
Iteration: 690, relative residual: 0.0004708009504643
Iteration: 691, relative residual: 0.0004707953587776789
Iteration: 692, relative residual: 0.0004707186638047877
Iteration: 693, relative residual: 0.0004704486047438296
Iteration: 694, relative residual: 0.00047043563411569924
Iteration: 695, relative residual: 0.00047043011810433467
Iteration: 696, relative residual: 0.0004704244644736633
Iteration: 697, relative residual: 0.0004703752035033452
Iteration: 698, relative residual: 0.0004702598370409562
Iteration: 699, relative residual: 0.0004699707944868641
Iteration: 700, relative residual: 0.0004699707944868641
Residual: 0.0004699707944868641. Restart...
Iteration: 701, relative residual: 0.0004699433185213573
Iteration: 702, relative residual: 0.00046994331387155305
Iteration: 703, relative residual: 0.0004699432917348747
Iteration: 704, relative residual: 0.0004699432901317435
Iteration: 705, relative residual: 0.00046994323776181616
Iteration: 706, relative residual: 0.0004699431494001186
Iteration: 707, relative residual: 0.00046994314938222155
Iteration: 708, relative residual: 0.000469942855600176
Iteration: 709, relative residual: 0.00046994192556821054
Iteration: 710, relative residual: 0.00046993978629353826
Iteration: 711, relative residual: 0.00046993781776108104
Iteration: 712, relative residual: 0.00046993745990607836
Iteration: 713, relative residual: 0.00046993594690087986
Iteration: 714, relative residual: 0.0004699332827735922
Iteration: 715, relative residual: 0.0004699307621188367
Iteration: 716, relative residual: 0.00046993058890729676
Iteration: 717, relative residual: 0.00046993021821175625
Iteration: 718, relative residual: 0.00046992940784857073
Iteration: 719, relative residual: 0.00046992725112473914
Iteration: 720, relative residual: 0.00046991063531976737
Iteration: 721, relative residual: 0.0004698952621123798
Iteration: 722, relative residual: 0.0004698830333938003
Iteration: 723, relative residual: 0.0004698729594987878
Iteration: 724, relative residual: 0.00046986851024493845
Iteration: 725, relative residual: 0.00046986849855739645
Iteration: 726, relative residual: 0.00046986785101081087
Iteration: 727, relative residual: 0.0004698641772610801
Iteration: 728, relative residual: 0.0004698638134806771
Iteration: 729, relative residual: 0.0004698636476568529
Iteration: 730, relative residual: 0.00046985970001465186
Iteration: 731, relative residual: 0.00046985462711538275
Iteration: 732, relative residual: 0.00046984924946916044
Iteration: 733, relative residual: 0.000469844384774939
Iteration: 734, relative residual: 0.00046984367490772493
Iteration: 735, relative residual: 0.0004698425658550713
Iteration: 736, relative residual: 0.0004698398577335677
Iteration: 737, relative residual: 0.00046983872682198696
Iteration: 738, relative residual: 0.0004698387085597186
Iteration: 739, relative residual: 0.000469836494446361
Iteration: 740, relative residual: 0.0004698318747482619
Iteration: 741, relative residual: 0.0004698286058451682
Iteration: 742, relative residual: 0.00046982810637823835
Iteration: 743, relative residual: 0.0004698102636335239
Iteration: 744, relative residual: 0.00046976015820959967
Iteration: 745, relative residual: 0.0004697023458830598
Iteration: 746, relative residual: 0.00046969519439273087
Iteration: 747, relative residual: 0.0004696908645223579
Iteration: 748, relative residual: 0.0004696387615569102
Iteration: 749, relative residual: 0.000469498514377406
Iteration: 750, relative residual: 0.00046934431945530494
Iteration: 751, relative residual: 0.0004692971773335451
Iteration: 752, relative residual: 0.00046928136851929613
Iteration: 753, relative residual: 0.0004691932233655526
Iteration: 754, relative residual: 0.0004690095797013951
Iteration: 755, relative residual: 0.00046892888552045115
Iteration: 756, relative residual: 0.0004689288173772568
Iteration: 757, relative residual: 0.00046891028281463777
Iteration: 758, relative residual: 0.0004688453987849914
Iteration: 759, relative residual: 0.0004687108164516554
Iteration: 760, relative residual: 0.00046865684428410077
Iteration: 761, relative residual: 0.00046865072012207485
Iteration: 762, relative residual: 0.0004685518010074609
Iteration: 763, relative residual: 0.00046842223801739716
Iteration: 764, relative residual: 0.0004682676161460731
Iteration: 765, relative residual: 0.0004681255754944913
Iteration: 766, relative residual: 0.0004680774724995947
Iteration: 767, relative residual: 0.0004680256307402277
Iteration: 768, relative residual: 0.0004678215444337548
Iteration: 769, relative residual: 0.0004675159161375608
Iteration: 770, relative residual: 0.0004671555367628209
Iteration: 771, relative residual: 0.0004670620714141108
Iteration: 772, relative residual: 0.0004670248586356651
Iteration: 773, relative residual: 0.0004670212979356821
Iteration: 774, relative residual: 0.0004668419985486605
Iteration: 775, relative residual: 0.0004666933567805369
Iteration: 776, relative residual: 0.0004666571171610916
Iteration: 777, relative residual: 0.00046658947998844824
Iteration: 778, relative residual: 0.00046646005015597375
Iteration: 779, relative residual: 0.00046617403157514037
Iteration: 780, relative residual: 0.00046594750800307415
Iteration: 781, relative residual: 0.00046594749794446895
Iteration: 782, relative residual: 0.00046586742094080664
Iteration: 783, relative residual: 0.00046569590050380533
Iteration: 784, relative residual: 0.0004655171504989258
Iteration: 785, relative residual: 0.0004654831828197158
Iteration: 786, relative residual: 0.0004654737313756391
Iteration: 787, relative residual: 0.0004654035982768166
Iteration: 788, relative residual: 0.00046522426131983624
Iteration: 789, relative residual: 0.00046506986195680224
Iteration: 790, relative residual: 0.00046486239679151227
Iteration: 791, relative residual: 0.00046460015659445346
Iteration: 792, relative residual: 0.00046457728342195055
Iteration: 793, relative residual: 0.0004643615495224182
Iteration: 794, relative residual: 0.00046397124596022477
Iteration: 795, relative residual: 0.0004635407331887666
Iteration: 796, relative residual: 0.00046308185714459673
Iteration: 797, relative residual: 0.00046305090050216086
Iteration: 798, relative residual: 0.00046278755376157727
Iteration: 799, relative residual: 0.00046190682761468755
Iteration: 800, relative residual: 0.00046190682761468755
Residual: 0.00046190682761468755. Restart...
Iteration: 801, relative residual: 0.00046131150724266573
Iteration: 802, relative residual: 0.0004613114927627372
Iteration: 803, relative residual: 0.00046131148451977283
Iteration: 804, relative residual: 0.0004613114638089947
Iteration: 805, relative residual: 0.00046131144286013106
Iteration: 806, relative residual: 0.00046131140900014116
Iteration: 807, relative residual: 0.00046131134117965983
Iteration: 808, relative residual: 0.00046131130095158207
Iteration: 809, relative residual: 0.0004613112162658984
Iteration: 810, relative residual: 0.00046130961190782906
Iteration: 811, relative residual: 0.0004613063632834834
Iteration: 812, relative residual: 0.0004613045125165409
Iteration: 813, relative residual: 0.0004613032258701938
Iteration: 814, relative residual: 0.0004612988806690494
Iteration: 815, relative residual: 0.00046129077638664627
Iteration: 816, relative residual: 0.00046128758658098935
Iteration: 817, relative residual: 0.0004612875157302538
Iteration: 818, relative residual: 0.0004612869887898782
Iteration: 819, relative residual: 0.00046127956497047946
Iteration: 820, relative residual: 0.00046123697792694983
Iteration: 821, relative residual: 0.0004612035693701593
Iteration: 822, relative residual: 0.00046118166523142796
Iteration: 823, relative residual: 0.0004611800019622787
Iteration: 824, relative residual: 0.000461168406896743
Iteration: 825, relative residual: 0.00046114606338203585
Iteration: 826, relative residual: 0.00046114326578790927
Iteration: 827, relative residual: 0.00046114121499699583
Iteration: 828, relative residual: 0.00046113882631852477
Iteration: 829, relative residual: 0.0004611341314393849
Iteration: 830, relative residual: 0.00046112965075646793
Iteration: 831, relative residual: 0.0004611296012817907
Iteration: 832, relative residual: 0.00046112878440608224
Iteration: 833, relative residual: 0.00046112676194053157
Iteration: 834, relative residual: 0.0004611173528626974
Iteration: 835, relative residual: 0.0004610933631608171
Iteration: 836, relative residual: 0.00046109092330276453
Iteration: 837, relative residual: 0.00046108717902777356
Iteration: 838, relative residual: 0.00046104403963993464
Iteration: 839, relative residual: 0.0004609751677210964
Iteration: 840, relative residual: 0.00046092445427205246
Iteration: 841, relative residual: 0.00046087727152413423
Iteration: 842, relative residual: 0.00046079475783250817
Iteration: 843, relative residual: 0.00046072708823392274
Iteration: 844, relative residual: 0.0004607246126879828
Iteration: 845, relative residual: 0.0004606793095307954
Iteration: 846, relative residual: 0.00046058128278408136
Iteration: 847, relative residual: 0.0004605218553851614
Iteration: 848, relative residual: 0.0004605216984289646
Iteration: 849, relative residual: 0.0004604909774807475
Iteration: 850, relative residual: 0.000460350135144216
Iteration: 851, relative residual: 0.00046025522868810135
Iteration: 852, relative residual: 0.0004602528001821978
Iteration: 853, relative residual: 0.00046020433599640374
Iteration: 854, relative residual: 0.00045980381797599917
Iteration: 855, relative residual: 0.000459338875202882
Iteration: 856, relative residual: 0.00045914983926080875
Iteration: 857, relative residual: 0.0004591130631648432
Iteration: 858, relative residual: 0.00045911253699709086
Iteration: 859, relative residual: 0.00045892519890289074
Iteration: 860, relative residual: 0.00045861869720169405
Iteration: 861, relative residual: 0.00045851634805341423
Iteration: 862, relative residual: 0.0004584352605128201
Iteration: 863, relative residual: 0.0004584349754137026
Iteration: 864, relative residual: 0.0004583392218155648
Iteration: 865, relative residual: 0.0004580289202932005
Iteration: 866, relative residual: 0.0004578085072627427
Iteration: 867, relative residual: 0.0004578026134726654
Iteration: 868, relative residual: 0.0004577766510703098
Iteration: 869, relative residual: 0.00045763968923978675
Iteration: 870, relative residual: 0.0004572486767626325
Iteration: 871, relative residual: 0.0004571374860003391
Iteration: 872, relative residual: 0.0004570802421644092
Iteration: 873, relative residual: 0.0004570726966921329
Iteration: 874, relative residual: 0.0004569167289724382
Iteration: 875, relative residual: 0.00045673310650589673
Iteration: 876, relative residual: 0.0004567308431724889
Iteration: 877, relative residual: 0.0004566201482297664
Iteration: 878, relative residual: 0.00045640305197544313
Iteration: 879, relative residual: 0.0004562785476001421
Iteration: 880, relative residual: 0.00045620053644331634
Iteration: 881, relative residual: 0.000456116005290377
Iteration: 882, relative residual: 0.0004558354820036827
Iteration: 883, relative residual: 0.0004555781942366928
Iteration: 884, relative residual: 0.00045552412906280185
Iteration: 885, relative residual: 0.00045552245804520705
Iteration: 886, relative residual: 0.00045551776505259377
Iteration: 887, relative residual: 0.00045549833844627777
Iteration: 888, relative residual: 0.00045532678294165046
Iteration: 889, relative residual: 0.0004551692799389859
Iteration: 890, relative residual: 0.0004550876249798377
Iteration: 891, relative residual: 0.0004550108138089646
Iteration: 892, relative residual: 0.00045499098936112916
Iteration: 893, relative residual: 0.00045484078233956913
Iteration: 894, relative residual: 0.0004544593880776722
Iteration: 895, relative residual: 0.00045411468993124894
Iteration: 896, relative residual: 0.00045408038148793536
Iteration: 897, relative residual: 0.00045397993305597154
Iteration: 898, relative residual: 0.00045364195676230655
Iteration: 899, relative residual: 0.000453406525630586
Iteration: 900, relative residual: 0.000453406525630586
Residual: 0.000453406525630586. Restart...
Iteration: 901, relative residual: 0.00045339262671992834
Iteration: 902, relative residual: 0.0004533926266027937
Iteration: 903, relative residual: 0.00045339262656139586
Iteration: 904, relative residual: 0.0004533926260211424
Iteration: 905, relative residual: 0.000453392625867868
Iteration: 906, relative residual: 0.0004533926245879287
Iteration: 907, relative residual: 0.0004533926202898218
Iteration: 908, relative residual: 0.0004533926088300859
Iteration: 909, relative residual: 0.0004533926052537269
Iteration: 910, relative residual: 0.0004533925791660772
Iteration: 911, relative residual: 0.0004533924319410807
Iteration: 912, relative residual: 0.00045339228058310845
Iteration: 913, relative residual: 0.00045339226129698275
Iteration: 914, relative residual: 0.0004533918972004129
Iteration: 915, relative residual: 0.00045339112799647506
Iteration: 916, relative residual: 0.00045339003676227033
Iteration: 917, relative residual: 0.0004533896603839984
Iteration: 918, relative residual: 0.00045338966010674043
Iteration: 919, relative residual: 0.0004533889704638037
Iteration: 920, relative residual: 0.00045338415162631397
Iteration: 921, relative residual: 0.00045337895485271
Iteration: 922, relative residual: 0.00045337144458570196
Iteration: 923, relative residual: 0.0004533700471208627
Iteration: 924, relative residual: 0.00045336794645841054
Iteration: 925, relative residual: 0.0004533614205172341
Iteration: 926, relative residual: 0.00045335533534539936
Iteration: 927, relative residual: 0.00045335180220291944
Iteration: 928, relative residual: 0.00045335157962329614
Iteration: 929, relative residual: 0.0004533509600284753
Iteration: 930, relative residual: 0.0004533467981055898
Iteration: 931, relative residual: 0.0004533449859585384
Iteration: 932, relative residual: 0.0004533426042220806
Iteration: 933, relative residual: 0.00045333921657592026
Iteration: 934, relative residual: 0.0004533386427550182
Iteration: 935, relative residual: 0.00045333863227501405
Iteration: 936, relative residual: 0.0004533385850992466
Iteration: 937, relative residual: 0.00045333843117500555
Iteration: 938, relative residual: 0.00045333836927039184
Iteration: 939, relative residual: 0.0004533383447946765
Iteration: 940, relative residual: 0.00045333751100685613
Iteration: 941, relative residual: 0.00045333614064286827
Iteration: 942, relative residual: 0.00045333557622225824
Iteration: 943, relative residual: 0.00045333239880520373
Iteration: 944, relative residual: 0.0004533161390372634
Iteration: 945, relative residual: 0.0004532817169984764
Iteration: 946, relative residual: 0.0004532580883776595
Iteration: 947, relative residual: 0.00045325231690609405
Iteration: 948, relative residual: 0.00045325221555170763
Iteration: 949, relative residual: 0.00045323973939927914
Iteration: 950, relative residual: 0.0004532138676303484
Iteration: 951, relative residual: 0.00045320219806308957
Iteration: 952, relative residual: 0.0004532002101073102
Iteration: 953, relative residual: 0.0004531991443525294
Iteration: 954, relative residual: 0.0004531517765843244
Iteration: 955, relative residual: 0.0004530216502969502
Iteration: 956, relative residual: 0.0004529127115065813
Iteration: 957, relative residual: 0.0004528175447648182
Iteration: 958, relative residual: 0.0004527890712135756
Iteration: 959, relative residual: 0.0004527267617231144
Iteration: 960, relative residual: 0.00045258918597084765
Iteration: 961, relative residual: 0.0004525539095791973
Iteration: 962, relative residual: 0.00045254987941533776
Iteration: 963, relative residual: 0.0004524930746047489
Iteration: 964, relative residual: 0.00045236669710695105
Iteration: 965, relative residual: 0.0004521501725831952
Iteration: 966, relative residual: 0.00045194520280709364
Iteration: 967, relative residual: 0.0004518996021995259
Iteration: 968, relative residual: 0.00045189340061982825
Iteration: 969, relative residual: 0.00045179399509610537
Iteration: 970, relative residual: 0.0004516220127376199
Iteration: 971, relative residual: 0.00045148558824516824
Iteration: 972, relative residual: 0.0004512746157478518
Iteration: 973, relative residual: 0.00045119633548922945
Iteration: 974, relative residual: 0.00045118777491502866
Iteration: 975, relative residual: 0.00045106217625741053
Iteration: 976, relative residual: 0.0004509796425927337
Iteration: 977, relative residual: 0.00045091518987799676
Iteration: 978, relative residual: 0.00045091360302627073
Iteration: 979, relative residual: 0.0004508393783509717
Iteration: 980, relative residual: 0.00045060657576270714
Iteration: 981, relative residual: 0.0004503791820357496
Iteration: 982, relative residual: 0.0004503290108680477
Iteration: 983, relative residual: 0.00045032813689439567
Iteration: 984, relative residual: 0.00045021948812022915
Iteration: 985, relative residual: 0.0004499937768204102
Iteration: 986, relative residual: 0.0004496709425578091
Iteration: 987, relative residual: 0.00044967032096578444
Iteration: 988, relative residual: 0.00044956563838322906
Iteration: 989, relative residual: 0.0004491467858513291
Iteration: 990, relative residual: 0.00044887023854883144
Iteration: 991, relative residual: 0.0004487242238723935
Iteration: 992, relative residual: 0.00044872393793975797
Iteration: 993, relative residual: 0.00044864335907274445
Iteration: 994, relative residual: 0.0004485084610082527
Iteration: 995, relative residual: 0.00044829698964869545
Iteration: 996, relative residual: 0.0004480938400001141
Iteration: 997, relative residual: 0.00044806248534010024
Iteration: 998, relative residual: 0.0004480579674153263
Iteration: 999, relative residual: 0.000447922981401019
Iteration: 1000, relative residual: 0.000447922981401019
Residual: 0.000447922981401019. Restart...
Warning!!!!You have reached the maximum number of iterations : 1000.
The run will stop. Check the residual behaviour you might have a bug.For future runs you might consider changing the tolerance or increasing the number of max_iter.
Solve time        : 8248.586510181427s

Calculate Solvation Energy (E_solv)
Calculating solvation energy for region 1, stored in E_solv[0]
6348.297246183833 of 544906 analytical integrals for phi_reac calculation in region 1
Time E_solv: 21.940268516540527s
Region 1: E_solv = -7173.829928171022 kcal/mol = -30015.30441946756 kJ/mol

Calculate Surface Energy (E_surf)
Time E_surf: 0.020910978317260742s

Calculate Coulomb Energy (E_coul)
Calculate Coulomb energy for region 1
Region 1: E_coul = -250145.07051463792 kcal/mol = -1046606.975033245 kJ/mol
Time E_coul: 24.671070098876953s

------------------------------
Totals:
E_solv = -7173.829928171022 kcal/mol
E_surf = 0 kcal/mol
E_coul = -250145.07051463792 kcal/mol

Time = 8379.576066970825 s
