Run started on:
	Date: 2020/5/22
	Time: 21:21:19
	PyGBe version: 0.3.2+5.gea0f875
Config file: /cobra/u/gvargas/code/hPB/pygbe/pygbe/myCrownFinShots/sarsCov2noACE2/snap5/snap5.config
Parameter file: /cobra/u/gvargas/code/hPB/pygbe/pygbe/myCrownFinShots/sarsCov2noACE2/snap5/snap5.param
Geometry folder: /cobra/u/gvargas/code/hPB/pygbe/pygbe/myCrownFinShots/sarsCov2noACE2/snap5/geometry
Running in: /cobra/u/gvargas/code/hPB/pygbe/pygbe/myCrownFinShots/sarsCov2noACE2/snap5

Reading surface 0 from file geometry/crownVFnoACE2
Time load mesh: 9.521503925323486
Removed areas=0: 238

Total elements : 548660
Total equations: 1097320
----------------------------

1 surfaces:

Surface 0:
	548660 elements
	Surface type         : dielectric_interface
	Cells                : 3849
	Twigs                : 3253
	Levels               : 7
	C0 size              : 100.42538130330672
	C0 box center        : 99.74555355411364, 74.44291279055639, 91.11351828454782
	Twig cell size       : 1.5691465828641675
	Rbox/theta           : 3.138293165728335
	Analytic distance    : 1.2969089987156193
	Elem. per Ang^2      : 4.1562885520459725
	Max, min, avg elem.  : 1.2475490144658676, 4.999999999976695e-07, 0.24059927203748654
	Total area           : 132007.19659608736
------------------------------

2 regions:

Region 0:
	Laplace or Yukawa: 2
	kappa            : 0.125
	dielectric const : 80.0
	Number of charges: 0
	Parent surface   : []
	Child surfaces   : [0]
Region 1:
	Laplace or Yukawa: 1
	kappa            : 1e-12
	dielectric const : 4.0
	Number of charges: 51819
	Parent surface   : [0]
	Child surfaces   : []
------------------------------

Parameters:
	Data type               : <class 'numpy.float64'>
	Use GPU                 : 1
	P                       : 4
	threshold               : 0.50
	theta                   : 0.50
	NCRIT                   : 500
	CUDA block size         : 128
	Gauss points per element: 1
	Gauss points near singlr: 25
	1D Gauss points per side: 9
	GMRES tolerance         : 1e-05
	GMRES max iterations    : 1000
	GMRES restart iteration : 100
----------------------------

Generate interaction list
Transfer data to GPU
Generate RHS
List time          : 3.5639500617980957s
Data transfer time : 0.42339205741882324s
RHS generation time: 4.90251612663269s
------------------------------
Total setup time   : 74.3390884399414s
Solve
Iteration: 1, relative residual: 0.7074132614471083
Iteration: 2, relative residual: 0.5284695120194557
Iteration: 3, relative residual: 0.3659550467880484
Iteration: 4, relative residual: 0.269076498969297
Iteration: 5, relative residual: 0.26005734585286944
Iteration: 6, relative residual: 0.22497172859844972
Iteration: 7, relative residual: 0.21302171478373383
Iteration: 8, relative residual: 0.1774680540700482
Iteration: 9, relative residual: 0.17313542202565707
Iteration: 10, relative residual: 0.16775746344767717
Iteration: 11, relative residual: 0.1560858008869472
Iteration: 12, relative residual: 0.15473897833474642
Iteration: 13, relative residual: 0.13699818170816314
Iteration: 14, relative residual: 0.12195174947563038
Iteration: 15, relative residual: 0.11832065579000071
Iteration: 16, relative residual: 0.10141412123217587
Iteration: 17, relative residual: 0.08760469548926332
Iteration: 18, relative residual: 0.06908277681318778
Iteration: 19, relative residual: 0.05518437373453876
Iteration: 20, relative residual: 0.05242617368518662
Iteration: 21, relative residual: 0.04857637114484137
Iteration: 22, relative residual: 0.04420907793487264
Iteration: 23, relative residual: 0.035008128560786014
Iteration: 24, relative residual: 0.029532406719962444
Iteration: 25, relative residual: 0.025255390863349186
Iteration: 26, relative residual: 0.024174450656922475
Iteration: 27, relative residual: 0.02397845877003369
Iteration: 28, relative residual: 0.023032779975567297
Iteration: 29, relative residual: 0.02060995542776759
Iteration: 30, relative residual: 0.018060707245111822
Iteration: 31, relative residual: 0.016117040618441172
Iteration: 32, relative residual: 0.01562353887337823
Iteration: 33, relative residual: 0.01553658534899778
Iteration: 34, relative residual: 0.014452287905955236
Iteration: 35, relative residual: 0.013379358094129185
Iteration: 36, relative residual: 0.011208928291117509
Iteration: 37, relative residual: 0.01009184402371002
Iteration: 38, relative residual: 0.008728032024820143
Iteration: 39, relative residual: 0.00793295963047137
Iteration: 40, relative residual: 0.007072485575794194
Iteration: 41, relative residual: 0.0065917727756256445
Iteration: 42, relative residual: 0.006027809912008466
Iteration: 43, relative residual: 0.0057872395450605406
Iteration: 44, relative residual: 0.0055299841527175955
Iteration: 45, relative residual: 0.005427064373470768
Iteration: 46, relative residual: 0.005390573646530652
Iteration: 47, relative residual: 0.005373023274962494
Iteration: 48, relative residual: 0.005311271496401217
Iteration: 49, relative residual: 0.005237942712280093
Iteration: 50, relative residual: 0.005187100100874755
Iteration: 51, relative residual: 0.005065852931441649
Iteration: 52, relative residual: 0.004873397634144033
Iteration: 53, relative residual: 0.0045341293115906765
Iteration: 54, relative residual: 0.004371644049903579
Iteration: 55, relative residual: 0.0043599493481770064
Iteration: 56, relative residual: 0.004196648705389447
Iteration: 57, relative residual: 0.003923564774305456
Iteration: 58, relative residual: 0.00388504802013883
Iteration: 59, relative residual: 0.0038707771789079316
Iteration: 60, relative residual: 0.003736924262380141
Iteration: 61, relative residual: 0.0035577701022723794
Iteration: 62, relative residual: 0.0033375900689209415
Iteration: 63, relative residual: 0.0033312412697876627
Iteration: 64, relative residual: 0.0032841828327453944
Iteration: 65, relative residual: 0.003130655881512031
Iteration: 66, relative residual: 0.0029967866651184195
Iteration: 67, relative residual: 0.002920542575911071
Iteration: 68, relative residual: 0.0028854574823672517
Iteration: 69, relative residual: 0.002881172705313015
Iteration: 70, relative residual: 0.0028208319864062525
Iteration: 71, relative residual: 0.002782362927178066
Iteration: 72, relative residual: 0.002779710490881584
Iteration: 73, relative residual: 0.002747769920482508
Iteration: 74, relative residual: 0.002639767493575925
Iteration: 75, relative residual: 0.0025522960115585726
Iteration: 76, relative residual: 0.0025340833475617636
Iteration: 77, relative residual: 0.0025124454394126
Iteration: 78, relative residual: 0.0024582656848144715
Iteration: 79, relative residual: 0.002389112873767192
Iteration: 80, relative residual: 0.0023875605864305863
Iteration: 81, relative residual: 0.0023492269237514745
Iteration: 82, relative residual: 0.0022387109306178724
Iteration: 83, relative residual: 0.002078563079207618
Iteration: 84, relative residual: 0.002043207621987654
Iteration: 85, relative residual: 0.0020430000563399033
Iteration: 86, relative residual: 0.002023129948721034
Iteration: 87, relative residual: 0.0019379424639117404
Iteration: 88, relative residual: 0.0018297207908876995
Iteration: 89, relative residual: 0.0017894129086134059
Iteration: 90, relative residual: 0.0017831460508395014
Iteration: 91, relative residual: 0.0017048642517774515
Iteration: 92, relative residual: 0.00164298222029098
Iteration: 93, relative residual: 0.0016367290850591147
Iteration: 94, relative residual: 0.0016079308263429828
Iteration: 95, relative residual: 0.0015430437573505835
Iteration: 96, relative residual: 0.0015001653906253879
Iteration: 97, relative residual: 0.0014988645219673384
Iteration: 98, relative residual: 0.0014987215514589308
Iteration: 99, relative residual: 0.0014612982230839758
Iteration: 100, relative residual: 0.0014612982230839758
Residual: 0.0014612982230839758. Restart...
Iteration: 101, relative residual: 0.0013908485321367228
Iteration: 102, relative residual: 0.0013908356918261062
Iteration: 103, relative residual: 0.0013908115957291592
Iteration: 104, relative residual: 0.001390695165414866
Iteration: 105, relative residual: 0.0013905816430672831
Iteration: 106, relative residual: 0.0013905024714097095
Iteration: 107, relative residual: 0.0013899338857394784
Iteration: 108, relative residual: 0.0013895747981892196
Iteration: 109, relative residual: 0.001389188387645987
Iteration: 110, relative residual: 0.0013889157441447106
Iteration: 111, relative residual: 0.0013886791446395966
Iteration: 112, relative residual: 0.0013879469057248822
Iteration: 113, relative residual: 0.0013871794904549227
Iteration: 114, relative residual: 0.0013871792668898198
Iteration: 115, relative residual: 0.0013869929925950783
Iteration: 116, relative residual: 0.0013863389772948741
Iteration: 117, relative residual: 0.0013861290800672684
Iteration: 118, relative residual: 0.0013861271972392254
Iteration: 119, relative residual: 0.001386125303135648
Iteration: 120, relative residual: 0.0013858722830935092
Iteration: 121, relative residual: 0.0013843986432707026
Iteration: 122, relative residual: 0.0013823368990828469
Iteration: 123, relative residual: 0.0013771411277481173
Iteration: 124, relative residual: 0.0013753090867501185
Iteration: 125, relative residual: 0.0013750762558760955
Iteration: 126, relative residual: 0.0013750660087006633
Iteration: 127, relative residual: 0.0013750284000851065
Iteration: 128, relative residual: 0.0013742737842432776
Iteration: 129, relative residual: 0.0013711785126754702
Iteration: 130, relative residual: 0.0013682459567963712
Iteration: 131, relative residual: 0.0013679936281148508
Iteration: 132, relative residual: 0.0013673173059887806
Iteration: 133, relative residual: 0.00136618434516
Iteration: 134, relative residual: 0.0013653034962003232
Iteration: 135, relative residual: 0.0013646634029654897
Iteration: 136, relative residual: 0.0013641077185903368
Iteration: 137, relative residual: 0.0013617523698062663
Iteration: 138, relative residual: 0.0013447447448514266
Iteration: 139, relative residual: 0.0013405324794832337
Iteration: 140, relative residual: 0.001337353671159969
Iteration: 141, relative residual: 0.001336101242990018
Iteration: 142, relative residual: 0.001335122922237879
Iteration: 143, relative residual: 0.0013271213532815287
Iteration: 144, relative residual: 0.0013180700137590071
Iteration: 145, relative residual: 0.00131606455416466
Iteration: 146, relative residual: 0.0013156320157634265
Iteration: 147, relative residual: 0.0013148175736954453
Iteration: 148, relative residual: 0.0013077018338844037
Iteration: 149, relative residual: 0.0012931139596332585
Iteration: 150, relative residual: 0.001286493907071088
Iteration: 151, relative residual: 0.0012857905030825498
Iteration: 152, relative residual: 0.0012766109521015422
Iteration: 153, relative residual: 0.001269565298544799
Iteration: 154, relative residual: 0.0012563551409783137
Iteration: 155, relative residual: 0.0012550686161115448
Iteration: 156, relative residual: 0.0012464054389269323
Iteration: 157, relative residual: 0.0012322164385631634
Iteration: 158, relative residual: 0.001229230666585633
Iteration: 159, relative residual: 0.0012275257773715074
Iteration: 160, relative residual: 0.001227323618249209
Iteration: 161, relative residual: 0.001213205144467018
Iteration: 162, relative residual: 0.0012035248660981679
Iteration: 163, relative residual: 0.001198344769087724
Iteration: 164, relative residual: 0.0011982993113058987
Iteration: 165, relative residual: 0.0011848673949789341
Iteration: 166, relative residual: 0.0011709998947409522
Iteration: 167, relative residual: 0.0011708888589974091
Iteration: 168, relative residual: 0.0011647460173449203
Iteration: 169, relative residual: 0.0011528733524420836
Iteration: 170, relative residual: 0.001142405855225767
Iteration: 171, relative residual: 0.0011293857156737524
Iteration: 172, relative residual: 0.0011278202628073983
Iteration: 173, relative residual: 0.0011236536572904925
Iteration: 174, relative residual: 0.001107141720785812
Iteration: 175, relative residual: 0.0010945282317569554
Iteration: 176, relative residual: 0.0010918777959529687
Iteration: 177, relative residual: 0.0010909259567867713
Iteration: 178, relative residual: 0.0010793364681477423
Iteration: 179, relative residual: 0.0010787214972552176
Iteration: 180, relative residual: 0.0010760977801920052
Iteration: 181, relative residual: 0.001066780256484511
Iteration: 182, relative residual: 0.0010507819607939906
Iteration: 183, relative residual: 0.0010379345331411373
Iteration: 184, relative residual: 0.0010316327217440445
Iteration: 185, relative residual: 0.0010301355670885109
Iteration: 186, relative residual: 0.0010285225130850066
Iteration: 187, relative residual: 0.0010131623926027315
Iteration: 188, relative residual: 0.001002491197185506
Iteration: 189, relative residual: 0.0010000896789830835
Iteration: 190, relative residual: 0.0009988890255672458
Iteration: 191, relative residual: 0.0009915354918052068
Iteration: 192, relative residual: 0.0009786015842124325
Iteration: 193, relative residual: 0.0009688809397640574
Iteration: 194, relative residual: 0.0009679195598618419
Iteration: 195, relative residual: 0.0009678851696524445
Iteration: 196, relative residual: 0.0009635428777022798
Iteration: 197, relative residual: 0.0009463178023860842
Iteration: 198, relative residual: 0.0009403717564980115
Iteration: 199, relative residual: 0.0009403426219262046
Iteration: 200, relative residual: 0.0009403426219262046
Residual: 0.0009403426219262046. Restart...
Iteration: 201, relative residual: 0.0009345712125573819
Iteration: 202, relative residual: 0.0009345511772482109
Iteration: 203, relative residual: 0.0009345511498703555
Iteration: 204, relative residual: 0.0009345382947217032
Iteration: 205, relative residual: 0.0009344713497633733
Iteration: 206, relative residual: 0.000934471343226249
Iteration: 207, relative residual: 0.0009344397165763429
Iteration: 208, relative residual: 0.0009344035554150514
Iteration: 209, relative residual: 0.000934385732042398
Iteration: 210, relative residual: 0.0009343805838785364
Iteration: 211, relative residual: 0.0009343540470700196
Iteration: 212, relative residual: 0.0009343116169956797
Iteration: 213, relative residual: 0.0009342477960982633
Iteration: 214, relative residual: 0.0009342477960336657
Iteration: 215, relative residual: 0.0009342374697377688
Iteration: 216, relative residual: 0.0009341945383970671
Iteration: 217, relative residual: 0.0009337494158012308
Iteration: 218, relative residual: 0.0009324937894239963
Iteration: 219, relative residual: 0.0009297831424891847
Iteration: 220, relative residual: 0.0009290895354927401
Iteration: 221, relative residual: 0.0009284324197093142
Iteration: 222, relative residual: 0.0009265574488925505
Iteration: 223, relative residual: 0.0009246391322468144
Iteration: 224, relative residual: 0.0009238425048679214
Iteration: 225, relative residual: 0.0009238377205804142
Iteration: 226, relative residual: 0.0009222103832740453
Iteration: 227, relative residual: 0.0009198519665046985
Iteration: 228, relative residual: 0.000916744392100923
Iteration: 229, relative residual: 0.0009166613952809917
Iteration: 230, relative residual: 0.0009160349778090207
Iteration: 231, relative residual: 0.0009147138407888384
Iteration: 232, relative residual: 0.0009124604784106557
Iteration: 233, relative residual: 0.0009102625007960162
Iteration: 234, relative residual: 0.000909657055507545
Iteration: 235, relative residual: 0.0009078714787802147
Iteration: 236, relative residual: 0.0009063453647150429
Iteration: 237, relative residual: 0.0009054325037861291
Iteration: 238, relative residual: 0.0009049263094383423
Iteration: 239, relative residual: 0.000904238499922853
Iteration: 240, relative residual: 0.0009031408605549886
Iteration: 241, relative residual: 0.0009021476995226294
Iteration: 242, relative residual: 0.0009007511856679879
Iteration: 243, relative residual: 0.0009004208672530401
Iteration: 244, relative residual: 0.0009002573259649179
Iteration: 245, relative residual: 0.0008974990950524451
Iteration: 246, relative residual: 0.0008934244273108742
Iteration: 247, relative residual: 0.0008899278390704401
Iteration: 248, relative residual: 0.0008892232434402005
Iteration: 249, relative residual: 0.0008890797753396735
Iteration: 250, relative residual: 0.0008846989198354599
Iteration: 251, relative residual: 0.000880392175322167
Iteration: 252, relative residual: 0.0008791624388284472
Iteration: 253, relative residual: 0.0008788272866532153
Iteration: 254, relative residual: 0.0008731770973671763
Iteration: 255, relative residual: 0.0008681050786334278
Iteration: 256, relative residual: 0.0008678055525384911
Iteration: 257, relative residual: 0.0008667606794894022
Iteration: 258, relative residual: 0.0008625873481448343
Iteration: 259, relative residual: 0.0008570840424157836
Iteration: 260, relative residual: 0.0008546754836313829
Iteration: 261, relative residual: 0.0008546754799830052
Iteration: 262, relative residual: 0.0008514021789113111
Iteration: 263, relative residual: 0.0008468794552011141
Iteration: 264, relative residual: 0.00084668481339023
Iteration: 265, relative residual: 0.0008457586055433054
Iteration: 266, relative residual: 0.0008410707334011653
Iteration: 267, relative residual: 0.00083772857026258
Iteration: 268, relative residual: 0.0008363209160236364
Iteration: 269, relative residual: 0.0008356682479081081
Iteration: 270, relative residual: 0.0008324194320101653
Iteration: 271, relative residual: 0.0008256570926652724
Iteration: 272, relative residual: 0.0008199739344129163
Iteration: 273, relative residual: 0.0008191459948780595
Iteration: 274, relative residual: 0.000817816334312619
Iteration: 275, relative residual: 0.0008046688250049422
Iteration: 276, relative residual: 0.0007959879912652442
Iteration: 277, relative residual: 0.0007945396919583727
Iteration: 278, relative residual: 0.0007945267638152286
Iteration: 279, relative residual: 0.0007927877504859425
Iteration: 280, relative residual: 0.0007860567853307772
Iteration: 281, relative residual: 0.0007747646868428567
Iteration: 282, relative residual: 0.0007702780532406825
Iteration: 283, relative residual: 0.0007702165519811695
Iteration: 284, relative residual: 0.0007681097733310367
Iteration: 285, relative residual: 0.0007635099210291715
Iteration: 286, relative residual: 0.0007625467947552278
Iteration: 287, relative residual: 0.0007612570451367681
Iteration: 288, relative residual: 0.0007572581681954946
Iteration: 289, relative residual: 0.000755181688907367
Iteration: 290, relative residual: 0.0007550661240666215
Iteration: 291, relative residual: 0.0007533770665363427
Iteration: 292, relative residual: 0.0007481372251315912
Iteration: 293, relative residual: 0.0007441280181646985
Iteration: 294, relative residual: 0.0007412853925429767
Iteration: 295, relative residual: 0.0007410814431696085
Iteration: 296, relative residual: 0.0007410053877202324
Iteration: 297, relative residual: 0.0007385133934647965
Iteration: 298, relative residual: 0.0007346722536440696
Iteration: 299, relative residual: 0.000733407431399537
Iteration: 300, relative residual: 0.000733407431399537
Residual: 0.000733407431399537. Restart...
Iteration: 301, relative residual: 0.0007333697422090326
Iteration: 302, relative residual: 0.0007333697401058551
Iteration: 303, relative residual: 0.0007333697396992511
Iteration: 304, relative residual: 0.0007333697369255822
Iteration: 305, relative residual: 0.000733369736770722
Iteration: 306, relative residual: 0.0007333697333148188
Iteration: 307, relative residual: 0.0007333696256913791
Iteration: 308, relative residual: 0.0007333695178773471
Iteration: 309, relative residual: 0.0007333690605784577
Iteration: 310, relative residual: 0.0007333666617851842
Iteration: 311, relative residual: 0.0007333469891273199
Iteration: 312, relative residual: 0.0007333308963104854
Iteration: 313, relative residual: 0.0007333300975809127
Iteration: 314, relative residual: 0.0007332912066900113
Iteration: 315, relative residual: 0.0007331894865384704
Iteration: 316, relative residual: 0.0007330854860675979
Iteration: 317, relative residual: 0.0007330004872650229
Iteration: 318, relative residual: 0.000732965563196884
Iteration: 319, relative residual: 0.0007329627820003272
Iteration: 320, relative residual: 0.0007328194366250299
Iteration: 321, relative residual: 0.0007324324647987555
Iteration: 322, relative residual: 0.0007319989158708243
Iteration: 323, relative residual: 0.0007318749377461649
Iteration: 324, relative residual: 0.0007318725776515828
Iteration: 325, relative residual: 0.0007316262211561916
Iteration: 326, relative residual: 0.0007311349402197867
Iteration: 327, relative residual: 0.000730565825529725
Iteration: 328, relative residual: 0.0007302905173468503
Iteration: 329, relative residual: 0.0007302785727767682
Iteration: 330, relative residual: 0.0007302733376618435
Iteration: 331, relative residual: 0.0007298982794389095
Iteration: 332, relative residual: 0.0007290952140191915
Iteration: 333, relative residual: 0.0007282892376036759
Iteration: 334, relative residual: 0.0007277751020309572
Iteration: 335, relative residual: 0.0007277721975629842
Iteration: 336, relative residual: 0.0007275323576834185
Iteration: 337, relative residual: 0.0007271331033189267
Iteration: 338, relative residual: 0.0007268244614570324
Iteration: 339, relative residual: 0.0007268224916139729
Iteration: 340, relative residual: 0.0007265911295034282
Iteration: 341, relative residual: 0.0007260224295353241
Iteration: 342, relative residual: 0.0007253079286856512
Iteration: 343, relative residual: 0.0007253059780898163
Iteration: 344, relative residual: 0.0007250604621666474
Iteration: 345, relative residual: 0.0007230195546488112
Iteration: 346, relative residual: 0.0007217724132658228
Iteration: 347, relative residual: 0.0007213367222589673
Iteration: 348, relative residual: 0.0007212598816129485
Iteration: 349, relative residual: 0.0007197659044551062
Iteration: 350, relative residual: 0.0007184458679194544
Iteration: 351, relative residual: 0.0007179350270333845
Iteration: 352, relative residual: 0.0007179238162825609
Iteration: 353, relative residual: 0.0007170585299129076
Iteration: 354, relative residual: 0.0007151372578548883
Iteration: 355, relative residual: 0.000713779569331482
Iteration: 356, relative residual: 0.0007137782351040621
Iteration: 357, relative residual: 0.0007123757975808834
Iteration: 358, relative residual: 0.00070987763769998
Iteration: 359, relative residual: 0.0007081932996547065
Iteration: 360, relative residual: 0.0007081885429447908
Iteration: 361, relative residual: 0.0007055422861663264
Iteration: 362, relative residual: 0.000702803578849136
Iteration: 363, relative residual: 0.0007026053861961386
Iteration: 364, relative residual: 0.0007025215323422729
Iteration: 365, relative residual: 0.0007013084544715281
Iteration: 366, relative residual: 0.0006988230260130965
Iteration: 367, relative residual: 0.0006943671672099204
Iteration: 368, relative residual: 0.0006937383081611952
Iteration: 369, relative residual: 0.0006925331048526147
Iteration: 370, relative residual: 0.0006903981496704611
Iteration: 371, relative residual: 0.0006865567377612332
Iteration: 372, relative residual: 0.0006856474623193384
Iteration: 373, relative residual: 0.0006856418834009199
Iteration: 374, relative residual: 0.0006846129838911514
Iteration: 375, relative residual: 0.0006781457212892185
Iteration: 376, relative residual: 0.0006748926365934769
Iteration: 377, relative residual: 0.0006743882473266319
Iteration: 378, relative residual: 0.0006738409084884964
Iteration: 379, relative residual: 0.0006700383360942034
Iteration: 380, relative residual: 0.0006687615936906995
Iteration: 381, relative residual: 0.0006682984486479918
Iteration: 382, relative residual: 0.0006674572552557435
Iteration: 383, relative residual: 0.0006629757069557637
Iteration: 384, relative residual: 0.0006590023951731533
Iteration: 385, relative residual: 0.000658873366083264
Iteration: 386, relative residual: 0.0006587324438683838
Iteration: 387, relative residual: 0.000655253992560267
Iteration: 388, relative residual: 0.0006515076702110218
Iteration: 389, relative residual: 0.0006464915803126071
Iteration: 390, relative residual: 0.0006457795937365842
Iteration: 391, relative residual: 0.0006452146675783066
Iteration: 392, relative residual: 0.0006432697267174003
Iteration: 393, relative residual: 0.0006393020816917131
Iteration: 394, relative residual: 0.0006369177117493533
Iteration: 395, relative residual: 0.0006360903645834162
Iteration: 396, relative residual: 0.0006360583781055289
Iteration: 397, relative residual: 0.0006352572533497683
Iteration: 398, relative residual: 0.0006316578492925127
Iteration: 399, relative residual: 0.0006258097006684341
Iteration: 400, relative residual: 0.0006258097006684341
Residual: 0.0006258097006684341. Restart...
Iteration: 401, relative residual: 0.0006239765924048145
Iteration: 402, relative residual: 0.0006239762708026932
Iteration: 403, relative residual: 0.0006239762367777975
Iteration: 404, relative residual: 0.000623975987023294
Iteration: 405, relative residual: 0.0006239757095707531
Iteration: 406, relative residual: 0.0006239750669818446
Iteration: 407, relative residual: 0.0006239701992388903
Iteration: 408, relative residual: 0.0006239683222618516
Iteration: 409, relative residual: 0.0006239670799935732
Iteration: 410, relative residual: 0.0006239669991884524
Iteration: 411, relative residual: 0.0006239608193134689
Iteration: 412, relative residual: 0.0006239549188370669
Iteration: 413, relative residual: 0.0006239506216282066
Iteration: 414, relative residual: 0.0006239044344905405
Iteration: 415, relative residual: 0.0006238027262865454
Iteration: 416, relative residual: 0.0006236818942493118
Iteration: 417, relative residual: 0.0006235884999713565
Iteration: 418, relative residual: 0.0006235881203779482
Iteration: 419, relative residual: 0.0006235337550145489
Iteration: 420, relative residual: 0.0006232454495584868
Iteration: 421, relative residual: 0.0006229852298582006
Iteration: 422, relative residual: 0.0006228922284634559
Iteration: 423, relative residual: 0.0006228483903825773
Iteration: 424, relative residual: 0.0006225403439485702
Iteration: 425, relative residual: 0.000622083313124889
Iteration: 426, relative residual: 0.000621357495063724
Iteration: 427, relative residual: 0.0006208228575675358
Iteration: 428, relative residual: 0.0006204910780666825
Iteration: 429, relative residual: 0.0006204806268273854
Iteration: 430, relative residual: 0.0006203479954791215
Iteration: 431, relative residual: 0.000619667274106651
Iteration: 432, relative residual: 0.0006180029904059185
Iteration: 433, relative residual: 0.0006162058984626545
Iteration: 434, relative residual: 0.0006159897512500847
Iteration: 435, relative residual: 0.0006159845918729494
Iteration: 436, relative residual: 0.0006152486172746137
Iteration: 437, relative residual: 0.0006147487517853407
Iteration: 438, relative residual: 0.0006144434467453252
Iteration: 439, relative residual: 0.0006142740593845362
Iteration: 440, relative residual: 0.0006136828521328903
Iteration: 441, relative residual: 0.0006125902134225844
Iteration: 442, relative residual: 0.0006124343666417358
Iteration: 443, relative residual: 0.0006122436987727851
Iteration: 444, relative residual: 0.0006114045555728194
Iteration: 445, relative residual: 0.0006093905246311005
Iteration: 446, relative residual: 0.0006078410928347135
Iteration: 447, relative residual: 0.0006076746932757046
Iteration: 448, relative residual: 0.0006071134998645796
Iteration: 449, relative residual: 0.0006063876006444284
Iteration: 450, relative residual: 0.0006054315804051145
Iteration: 451, relative residual: 0.0006054168557871177
Iteration: 452, relative residual: 0.0006049719326829262
Iteration: 453, relative residual: 0.0006020281601426679
Iteration: 454, relative residual: 0.0006001180032871405
Iteration: 455, relative residual: 0.0005998254120089393
Iteration: 456, relative residual: 0.0005998248292874291
Iteration: 457, relative residual: 0.0005981082898454654
Iteration: 458, relative residual: 0.0005964363332377395
Iteration: 459, relative residual: 0.000595096104858242
Iteration: 460, relative residual: 0.0005948576078145914
Iteration: 461, relative residual: 0.0005943440698788729
Iteration: 462, relative residual: 0.0005928238849764192
Iteration: 463, relative residual: 0.000592339595715517
Iteration: 464, relative residual: 0.0005923389730323224
Iteration: 465, relative residual: 0.0005914991254781261
Iteration: 466, relative residual: 0.0005899770450101659
Iteration: 467, relative residual: 0.0005888393332218446
Iteration: 468, relative residual: 0.0005888232635358805
Iteration: 469, relative residual: 0.0005867594066851409
Iteration: 470, relative residual: 0.0005842066025821148
Iteration: 471, relative residual: 0.0005826536655538019
Iteration: 472, relative residual: 0.0005819434614640363
Iteration: 473, relative residual: 0.0005819166128348108
Iteration: 474, relative residual: 0.0005815309140465385
Iteration: 475, relative residual: 0.0005809757623847226
Iteration: 476, relative residual: 0.000580625796894936
Iteration: 477, relative residual: 0.0005805459156226916
Iteration: 478, relative residual: 0.0005779025945143924
Iteration: 479, relative residual: 0.000576000965775615
Iteration: 480, relative residual: 0.0005751356837913638
Iteration: 481, relative residual: 0.0005750434561632093
Iteration: 482, relative residual: 0.0005749250729963097
Iteration: 483, relative residual: 0.0005742950973495103
Iteration: 484, relative residual: 0.0005721668399183957
Iteration: 485, relative residual: 0.0005710621006057521
Iteration: 486, relative residual: 0.0005710265583021744
Iteration: 487, relative residual: 0.0005709389701821211
Iteration: 488, relative residual: 0.0005699435822421608
Iteration: 489, relative residual: 0.0005689267258261162
Iteration: 490, relative residual: 0.0005679046556886176
Iteration: 491, relative residual: 0.0005679043239816553
Iteration: 492, relative residual: 0.0005676340396655309
Iteration: 493, relative residual: 0.0005666370365263918
Iteration: 494, relative residual: 0.0005660418774747
Iteration: 495, relative residual: 0.0005658112501111528
Iteration: 496, relative residual: 0.0005657645598375672
Iteration: 497, relative residual: 0.0005657289958649524
Iteration: 498, relative residual: 0.000565392714450758
Iteration: 499, relative residual: 0.0005642163155471098
Iteration: 500, relative residual: 0.0005642163155471098
Residual: 0.0005642163155471098. Restart...
Iteration: 501, relative residual: 0.0005641849256599148
Iteration: 502, relative residual: 0.0005641849252512673
Iteration: 503, relative residual: 0.0005641849250895562
Iteration: 504, relative residual: 0.0005641849242596906
Iteration: 505, relative residual: 0.0005641849232406063
Iteration: 506, relative residual: 0.0005641849164410881
Iteration: 507, relative residual: 0.0005641848810602671
Iteration: 508, relative residual: 0.0005641848535962285
Iteration: 509, relative residual: 0.0005641847398928855
Iteration: 510, relative residual: 0.0005641845533818632
Iteration: 511, relative residual: 0.0005641837891698982
Iteration: 512, relative residual: 0.0005641833510451861
Iteration: 513, relative residual: 0.0005641813709261624
Iteration: 514, relative residual: 0.0005641764552029259
Iteration: 515, relative residual: 0.0005641714525654982
Iteration: 516, relative residual: 0.0005641682054312002
Iteration: 517, relative residual: 0.000564165665450638
Iteration: 518, relative residual: 0.0005641651844819322
Iteration: 519, relative residual: 0.0005641543474891762
Iteration: 520, relative residual: 0.0005641199570066663
Iteration: 521, relative residual: 0.0005640598282103076
Iteration: 522, relative residual: 0.0005639507775484152
Iteration: 523, relative residual: 0.000563843443475044
Iteration: 524, relative residual: 0.0005637564047474543
Iteration: 525, relative residual: 0.0005636688137263026
Iteration: 526, relative residual: 0.0005636532004045558
Iteration: 527, relative residual: 0.000563645570979189
Iteration: 528, relative residual: 0.0005635096131850084
Iteration: 529, relative residual: 0.0005634295800139423
Iteration: 530, relative residual: 0.0005634134063858935
Iteration: 531, relative residual: 0.0005633924743051595
Iteration: 532, relative residual: 0.000563209523755
Iteration: 533, relative residual: 0.0005628687918680375
Iteration: 534, relative residual: 0.00056265343712204
Iteration: 535, relative residual: 0.000562648084006572
Iteration: 536, relative residual: 0.0005624455744336487
Iteration: 537, relative residual: 0.0005619333949399406
Iteration: 538, relative residual: 0.0005616094910913283
Iteration: 539, relative residual: 0.00056160860087771
Iteration: 540, relative residual: 0.0005614324462900228
Iteration: 541, relative residual: 0.0005609715740473325
Iteration: 542, relative residual: 0.0005609430691531348
Iteration: 543, relative residual: 0.0005609391939722678
Iteration: 544, relative residual: 0.0005606123412958773
Iteration: 545, relative residual: 0.0005601884264787131
Iteration: 546, relative residual: 0.0005596998788877501
Iteration: 547, relative residual: 0.0005595115987519558
Iteration: 548, relative residual: 0.0005594064478201317
Iteration: 549, relative residual: 0.000558517726107267
Iteration: 550, relative residual: 0.0005577051628338227
Iteration: 551, relative residual: 0.0005575828394431725
Iteration: 552, relative residual: 0.0005575279791943645
Iteration: 553, relative residual: 0.0005566677003306143
Iteration: 554, relative residual: 0.0005553594172679464
Iteration: 555, relative residual: 0.000555058873774658
Iteration: 556, relative residual: 0.0005550262195107612
Iteration: 557, relative residual: 0.0005544292810888727
Iteration: 558, relative residual: 0.0005531364243443679
Iteration: 559, relative residual: 0.000552197168834635
Iteration: 560, relative residual: 0.0005517354617433926
Iteration: 561, relative residual: 0.0005516254895176565
Iteration: 562, relative residual: 0.0005509074740903655
Iteration: 563, relative residual: 0.0005501671160221784
Iteration: 564, relative residual: 0.0005500910497612566
Iteration: 565, relative residual: 0.0005499254636934798
Iteration: 566, relative residual: 0.0005490342742778169
Iteration: 567, relative residual: 0.0005479754687291281
Iteration: 568, relative residual: 0.0005474132997462914
Iteration: 569, relative residual: 0.0005473187272704545
Iteration: 570, relative residual: 0.0005466925365243016
Iteration: 571, relative residual: 0.0005459867888378847
Iteration: 572, relative residual: 0.0005447073722570584
Iteration: 573, relative residual: 0.0005445660611260044
Iteration: 574, relative residual: 0.0005441082049734845
Iteration: 575, relative residual: 0.0005434903411573017
Iteration: 576, relative residual: 0.0005428181055756244
Iteration: 577, relative residual: 0.0005427822436748171
Iteration: 578, relative residual: 0.0005423838050845918
Iteration: 579, relative residual: 0.0005410172187097426
Iteration: 580, relative residual: 0.0005406624031801102
Iteration: 581, relative residual: 0.0005406334977800887
Iteration: 582, relative residual: 0.000540196933847305
Iteration: 583, relative residual: 0.0005394800605763436
Iteration: 584, relative residual: 0.0005384971212428657
Iteration: 585, relative residual: 0.0005377580671277756
Iteration: 586, relative residual: 0.0005372780032128081
Iteration: 587, relative residual: 0.00053723986922151
Iteration: 588, relative residual: 0.0005371611805493571
Iteration: 589, relative residual: 0.0005362324937250711
Iteration: 590, relative residual: 0.000534719593670953
Iteration: 591, relative residual: 0.0005343540791674152
Iteration: 592, relative residual: 0.000534318027408787
Iteration: 593, relative residual: 0.0005338276327306171
Iteration: 594, relative residual: 0.0005329793782626198
Iteration: 595, relative residual: 0.0005315407081813061
Iteration: 596, relative residual: 0.0005310095852581411
Iteration: 597, relative residual: 0.0005305954717453194
Iteration: 598, relative residual: 0.0005289069940037076
Iteration: 599, relative residual: 0.0005259690360192896
Iteration: 600, relative residual: 0.0005259690360192896
Residual: 0.0005259690360192896. Restart...
Iteration: 601, relative residual: 0.0005240452711274498
Iteration: 602, relative residual: 0.0005240452387053348
Iteration: 603, relative residual: 0.0005240452217715526
Iteration: 604, relative residual: 0.0005240450551672328
Iteration: 605, relative residual: 0.0005240450476257075
Iteration: 606, relative residual: 0.0005240448896508133
Iteration: 607, relative residual: 0.0005240444911229802
Iteration: 608, relative residual: 0.0005240442593959155
Iteration: 609, relative residual: 0.0005240437191763514
Iteration: 610, relative residual: 0.0005240394427314494
Iteration: 611, relative residual: 0.0005240384088353081
Iteration: 612, relative residual: 0.000524035637143562
Iteration: 613, relative residual: 0.000523987224642841
Iteration: 614, relative residual: 0.0005238657533411356
Iteration: 615, relative residual: 0.0005237235541840811
Iteration: 616, relative residual: 0.0005235986428817816
Iteration: 617, relative residual: 0.0005235555819153961
Iteration: 618, relative residual: 0.0005234975029997905
Iteration: 619, relative residual: 0.0005232774274412228
Iteration: 620, relative residual: 0.0005226047191774368
Iteration: 621, relative residual: 0.000521758084952568
Iteration: 622, relative residual: 0.0005208232700212141
Iteration: 623, relative residual: 0.0005203726989298773
Iteration: 624, relative residual: 0.000520214743803151
Iteration: 625, relative residual: 0.0005201860443605018
Iteration: 626, relative residual: 0.0005201151421204273
Iteration: 627, relative residual: 0.0005197604232714601
Iteration: 628, relative residual: 0.0005195103608480133
Iteration: 629, relative residual: 0.0005195096583860489
Iteration: 630, relative residual: 0.0005194624682642623
Iteration: 631, relative residual: 0.0005190315062440303
Iteration: 632, relative residual: 0.0005187349041190345
Iteration: 633, relative residual: 0.0005186245827681669
Iteration: 634, relative residual: 0.0005184984917189118
Iteration: 635, relative residual: 0.000518081819238561
Iteration: 636, relative residual: 0.0005176462023468829
Iteration: 637, relative residual: 0.0005173992444379122
Iteration: 638, relative residual: 0.0005173978085245006
Iteration: 639, relative residual: 0.0005173524783664715
Iteration: 640, relative residual: 0.0005171568545365364
Iteration: 641, relative residual: 0.0005166742549062549
Iteration: 642, relative residual: 0.0005166219853757117
Iteration: 643, relative residual: 0.0005165482688844114
Iteration: 644, relative residual: 0.0005160966876817567
Iteration: 645, relative residual: 0.00051568116687402
Iteration: 646, relative residual: 0.0005153639747391604
Iteration: 647, relative residual: 0.0005153255035790846
Iteration: 648, relative residual: 0.0005152073475568067
Iteration: 649, relative residual: 0.0005147314667606244
Iteration: 650, relative residual: 0.0005143437669220104
Iteration: 651, relative residual: 0.0005143419874633441
Iteration: 652, relative residual: 0.0005141885188197502
Iteration: 653, relative residual: 0.0005132728902983048
Iteration: 654, relative residual: 0.0005125647075702156
Iteration: 655, relative residual: 0.0005124486883324929
Iteration: 656, relative residual: 0.0005123611486092389
Iteration: 657, relative residual: 0.0005114841083065225
Iteration: 658, relative residual: 0.0005106669893590823
Iteration: 659, relative residual: 0.0005103282631514406
Iteration: 660, relative residual: 0.0005103210040081572
Iteration: 661, relative residual: 0.0005099492840192246
Iteration: 662, relative residual: 0.0005094299982496768
Iteration: 663, relative residual: 0.0005092056902113944
Iteration: 664, relative residual: 0.0005091924863474165
Iteration: 665, relative residual: 0.0005086553184249301
Iteration: 666, relative residual: 0.0005081046780760768
Iteration: 667, relative residual: 0.0005078797743788471
Iteration: 668, relative residual: 0.0005078709986672677
Iteration: 669, relative residual: 0.0005070404788235491
Iteration: 670, relative residual: 0.000505997245265416
Iteration: 671, relative residual: 0.0005054763634299012
Iteration: 672, relative residual: 0.0005052728295873418
Iteration: 673, relative residual: 0.0005050081831015416
Iteration: 674, relative residual: 0.0005044211977581652
Iteration: 675, relative residual: 0.0005038090222758192
Iteration: 676, relative residual: 0.000503351150010446
Iteration: 677, relative residual: 0.0005032911787097246
Iteration: 678, relative residual: 0.0005031221203760502
Iteration: 679, relative residual: 0.0005024272727047014
Iteration: 680, relative residual: 0.0005022535131634284
Iteration: 681, relative residual: 0.0005020747142035614
Iteration: 682, relative residual: 0.000501466945652368
Iteration: 683, relative residual: 0.0004998762426688872
Iteration: 684, relative residual: 0.0004992165587556766
Iteration: 685, relative residual: 0.0004991956277720234
Iteration: 686, relative residual: 0.0004991020711249399
Iteration: 687, relative residual: 0.0004980982603952933
Iteration: 688, relative residual: 0.0004975738957883067
Iteration: 689, relative residual: 0.0004973945576079499
Iteration: 690, relative residual: 0.0004973903568704555
Iteration: 691, relative residual: 0.0004969959687984232
Iteration: 692, relative residual: 0.0004967411014419175
Iteration: 693, relative residual: 0.0004963918832976234
Iteration: 694, relative residual: 0.0004963046732609678
Iteration: 695, relative residual: 0.0004962876173116307
Iteration: 696, relative residual: 0.000496065709023184
Iteration: 697, relative residual: 0.0004955491262639538
Iteration: 698, relative residual: 0.0004953133478057586
Iteration: 699, relative residual: 0.0004953014709712489
Iteration: 700, relative residual: 0.0004953014709712489
Residual: 0.0004953014709712489. Restart...
Iteration: 701, relative residual: 0.0004952984094861937
Iteration: 702, relative residual: 0.0004952984091264523
Iteration: 703, relative residual: 0.00049529840888806
Iteration: 704, relative residual: 0.0004952984074019812
Iteration: 705, relative residual: 0.000495298406432159
Iteration: 706, relative residual: 0.0004952984050335742
Iteration: 707, relative residual: 0.0004952983904641775
Iteration: 708, relative residual: 0.0004952983862116486
Iteration: 709, relative residual: 0.0004952983765254587
Iteration: 710, relative residual: 0.0004952983765226374
Iteration: 711, relative residual: 0.0004952983587009992
Iteration: 712, relative residual: 0.0004952983433837908
Iteration: 713, relative residual: 0.0004952982617428824
Iteration: 714, relative residual: 0.0004952973990850549
Iteration: 715, relative residual: 0.0004952951289993275
Iteration: 716, relative residual: 0.0004952916130352424
Iteration: 717, relative residual: 0.0004952884359236425
Iteration: 718, relative residual: 0.0004952880098518266
Iteration: 719, relative residual: 0.0004952867591975696
Iteration: 720, relative residual: 0.0004952752697697307
Iteration: 721, relative residual: 0.0004952443018943778
Iteration: 722, relative residual: 0.0004951800646791843
Iteration: 723, relative residual: 0.0004951047516119723
Iteration: 724, relative residual: 0.0004950370615208314
Iteration: 725, relative residual: 0.0004949580553521788
Iteration: 726, relative residual: 0.0004949277935072623
Iteration: 727, relative residual: 0.0004949277504421333
Iteration: 728, relative residual: 0.0004948874927499013
Iteration: 729, relative residual: 0.0004948440181595706
Iteration: 730, relative residual: 0.0004948272538343896
Iteration: 731, relative residual: 0.0004948254058052689
Iteration: 732, relative residual: 0.0004947947003688805
Iteration: 733, relative residual: 0.0004946490730788427
Iteration: 734, relative residual: 0.0004945728259851146
Iteration: 735, relative residual: 0.0004945529511418676
Iteration: 736, relative residual: 0.0004945247415554378
Iteration: 737, relative residual: 0.0004944145261979437
Iteration: 738, relative residual: 0.0004942239392990571
Iteration: 739, relative residual: 0.0004941463681957104
Iteration: 740, relative residual: 0.0004941435614553922
Iteration: 741, relative residual: 0.0004940480635312088
Iteration: 742, relative residual: 0.0004939081326368537
Iteration: 743, relative residual: 0.000493882386469176
Iteration: 744, relative residual: 0.0004938689019901535
Iteration: 745, relative residual: 0.0004936896199272669
Iteration: 746, relative residual: 0.0004934369317747466
Iteration: 747, relative residual: 0.0004934083266705372
Iteration: 748, relative residual: 0.0004933629066205574
Iteration: 749, relative residual: 0.0004931775669080482
Iteration: 750, relative residual: 0.0004930011761709875
Iteration: 751, relative residual: 0.000492960100164991
Iteration: 752, relative residual: 0.0004929580401230014
Iteration: 753, relative residual: 0.0004928434337249273
Iteration: 754, relative residual: 0.0004927040549209649
Iteration: 755, relative residual: 0.0004925705364386781
Iteration: 756, relative residual: 0.0004925063723743523
Iteration: 757, relative residual: 0.000492506190963545
Iteration: 758, relative residual: 0.0004924174795879031
Iteration: 759, relative residual: 0.0004919768843586575
Iteration: 760, relative residual: 0.0004917010300315464
Iteration: 761, relative residual: 0.0004916550882946603
Iteration: 762, relative residual: 0.0004915841609183694
Iteration: 763, relative residual: 0.0004912775837593175
Iteration: 764, relative residual: 0.0004910709858048144
Iteration: 765, relative residual: 0.0004910559364694084
Iteration: 766, relative residual: 0.0004908884326702886
Iteration: 767, relative residual: 0.0004904018403053656
Iteration: 768, relative residual: 0.0004898385671244237
Iteration: 769, relative residual: 0.000489626437161579
Iteration: 770, relative residual: 0.0004894748401957645
Iteration: 771, relative residual: 0.0004890143170236481
Iteration: 772, relative residual: 0.0004877401469335643
Iteration: 773, relative residual: 0.0004876872304606421
Iteration: 774, relative residual: 0.00048757063759066163
Iteration: 775, relative residual: 0.00048704044230250755
Iteration: 776, relative residual: 0.00048640651463302087
Iteration: 777, relative residual: 0.0004861429041993769
Iteration: 778, relative residual: 0.0004860938827015109
Iteration: 779, relative residual: 0.0004853407662737269
Iteration: 780, relative residual: 0.0004848902017051704
Iteration: 781, relative residual: 0.00048486894416253343
Iteration: 782, relative residual: 0.0004845365695545224
Iteration: 783, relative residual: 0.00048345928881494634
Iteration: 784, relative residual: 0.0004827927663238211
Iteration: 785, relative residual: 0.0004823114622666176
Iteration: 786, relative residual: 0.00048228484531707516
Iteration: 787, relative residual: 0.0004820836008091597
Iteration: 788, relative residual: 0.0004814901461031832
Iteration: 789, relative residual: 0.00048030528473233823
Iteration: 790, relative residual: 0.00047983183459095663
Iteration: 791, relative residual: 0.0004798132721053338
Iteration: 792, relative residual: 0.00047929018610062634
Iteration: 793, relative residual: 0.00047866861898216513
Iteration: 794, relative residual: 0.00047784917648598763
Iteration: 795, relative residual: 0.00047775694802092725
Iteration: 796, relative residual: 0.0004775674975640756
Iteration: 797, relative residual: 0.0004763761593251688
Iteration: 798, relative residual: 0.00047555164015730016
Iteration: 799, relative residual: 0.0004741109707474979
Iteration: 800, relative residual: 0.0004741109707474979
Residual: 0.0004741109707474979. Restart...
Iteration: 801, relative residual: 0.00047386648605928915
Iteration: 802, relative residual: 0.0004738664846713713
Iteration: 803, relative residual: 0.0004738664835119088
Iteration: 804, relative residual: 0.0004738664801821585
Iteration: 805, relative residual: 0.00047386647958262256
Iteration: 806, relative residual: 0.0004738664747191056
Iteration: 807, relative residual: 0.0004738663641195131
Iteration: 808, relative residual: 0.00047386625535299583
Iteration: 809, relative residual: 0.00047386543701090773
Iteration: 810, relative residual: 0.00047386456355271426
Iteration: 811, relative residual: 0.00047386443491361283
Iteration: 812, relative residual: 0.0004738629240731382
Iteration: 813, relative residual: 0.00047384147854436897
Iteration: 814, relative residual: 0.00047377462786039475
Iteration: 815, relative residual: 0.00047373567241307957
Iteration: 816, relative residual: 0.000473667713615763
Iteration: 817, relative residual: 0.00047365689969381704
Iteration: 818, relative residual: 0.0004736514258193443
Iteration: 819, relative residual: 0.00047360909600857305
Iteration: 820, relative residual: 0.00047340118757417215
Iteration: 821, relative residual: 0.0004729994268693885
Iteration: 822, relative residual: 0.0004724342547461529
Iteration: 823, relative residual: 0.00047210098580890443
Iteration: 824, relative residual: 0.0004719781047299978
Iteration: 825, relative residual: 0.00047197769390691755
Iteration: 826, relative residual: 0.0004717192444169333
Iteration: 827, relative residual: 0.0004713743696817902
Iteration: 828, relative residual: 0.00047113108785426863
Iteration: 829, relative residual: 0.0004710662257773546
Iteration: 830, relative residual: 0.00047105544012471316
Iteration: 831, relative residual: 0.00047073435014963086
Iteration: 832, relative residual: 0.0004704808632501085
Iteration: 833, relative residual: 0.00047021169976784274
Iteration: 834, relative residual: 0.0004702102719398978
Iteration: 835, relative residual: 0.00046995338987568865
Iteration: 836, relative residual: 0.0004696228886732957
Iteration: 837, relative residual: 0.00046934832719680754
Iteration: 838, relative residual: 0.00046934818985769225
Iteration: 839, relative residual: 0.000469236420654734
Iteration: 840, relative residual: 0.00046900725978585084
Iteration: 841, relative residual: 0.0004687970794426215
Iteration: 842, relative residual: 0.00046877719088851477
Iteration: 843, relative residual: 0.00046871205560592626
Iteration: 844, relative residual: 0.0004684677381915314
Iteration: 845, relative residual: 0.00046827296430016266
Iteration: 846, relative residual: 0.0004680084751824002
Iteration: 847, relative residual: 0.0004679028736949815
Iteration: 848, relative residual: 0.0004677889608101947
Iteration: 849, relative residual: 0.0004674030742647582
Iteration: 850, relative residual: 0.0004670307741969027
Iteration: 851, relative residual: 0.00046702153421952693
Iteration: 852, relative residual: 0.0004670156695645685
Iteration: 853, relative residual: 0.0004665155294842171
Iteration: 854, relative residual: 0.0004661645438455227
Iteration: 855, relative residual: 0.0004660334390327942
Iteration: 856, relative residual: 0.00046603191801883846
Iteration: 857, relative residual: 0.0004657816844846562
Iteration: 858, relative residual: 0.0004653413693018191
Iteration: 859, relative residual: 0.0004649844482875218
Iteration: 860, relative residual: 0.0004649715632946178
Iteration: 861, relative residual: 0.00046467473760252245
Iteration: 862, relative residual: 0.00046427537053902996
Iteration: 863, relative residual: 0.00046416470462993484
Iteration: 864, relative residual: 0.00046416316354014065
Iteration: 865, relative residual: 0.0004639041860200155
Iteration: 866, relative residual: 0.0004637358547954017
Iteration: 867, relative residual: 0.00046367811186796175
Iteration: 868, relative residual: 0.0004636776565621371
Iteration: 869, relative residual: 0.0004634634551495157
Iteration: 870, relative residual: 0.0004631347471076253
Iteration: 871, relative residual: 0.0004630455920943934
Iteration: 872, relative residual: 0.00046297595306333964
Iteration: 873, relative residual: 0.00046297262722592774
Iteration: 874, relative residual: 0.00046278657557971407
Iteration: 875, relative residual: 0.0004624509479301584
Iteration: 876, relative residual: 0.00046222754344167453
Iteration: 877, relative residual: 0.0004621881304364963
Iteration: 878, relative residual: 0.00046218742779266015
Iteration: 879, relative residual: 0.00046186761082708404
Iteration: 880, relative residual: 0.00046171521117544477
Iteration: 881, relative residual: 0.0004616842991505571
Iteration: 882, relative residual: 0.0004615376284316124
Iteration: 883, relative residual: 0.0004609867394900258
Iteration: 884, relative residual: 0.00046021570948812497
Iteration: 885, relative residual: 0.00046003167928538555
Iteration: 886, relative residual: 0.00046002957137460733
Iteration: 887, relative residual: 0.00045978699800738404
Iteration: 888, relative residual: 0.0004595810594689343
Iteration: 889, relative residual: 0.0004593518702369092
Iteration: 890, relative residual: 0.00045931891904125527
Iteration: 891, relative residual: 0.00045924334474307927
Iteration: 892, relative residual: 0.0004590565666431745
Iteration: 893, relative residual: 0.00045874617900487175
Iteration: 894, relative residual: 0.00045843733696959054
Iteration: 895, relative residual: 0.00045837449629145444
Iteration: 896, relative residual: 0.00045834520439190523
Iteration: 897, relative residual: 0.0004580026551907625
Iteration: 898, relative residual: 0.00045764421328749113
Iteration: 899, relative residual: 0.0004572888722935804
Iteration: 900, relative residual: 0.0004572888722935804
Residual: 0.0004572888722935804. Restart...
Iteration: 901, relative residual: 0.0004572790115296804
Iteration: 902, relative residual: 0.0004572790111127081
Iteration: 903, relative residual: 0.0004572790096968916
Iteration: 904, relative residual: 0.00045727900311549305
Iteration: 905, relative residual: 0.000457279001314235
Iteration: 906, relative residual: 0.0004572789857092968
Iteration: 907, relative residual: 0.0004572789619421785
Iteration: 908, relative residual: 0.00045727892815926514
Iteration: 909, relative residual: 0.00045727891996101647
Iteration: 910, relative residual: 0.00045727873353478335
Iteration: 911, relative residual: 0.00045727836230962776
Iteration: 912, relative residual: 0.00045727833825201205
Iteration: 913, relative residual: 0.0004572725459100672
Iteration: 914, relative residual: 0.0004572520556145735
Iteration: 915, relative residual: 0.0004572350992487001
Iteration: 916, relative residual: 0.00045720625607446457
Iteration: 917, relative residual: 0.0004572010417994637
Iteration: 918, relative residual: 0.0004572007430564974
Iteration: 919, relative residual: 0.0004571796507179726
Iteration: 920, relative residual: 0.0004571303103573189
Iteration: 921, relative residual: 0.00045700638964498314
Iteration: 922, relative residual: 0.0004568492099992295
Iteration: 923, relative residual: 0.00045676829051715176
Iteration: 924, relative residual: 0.0004567071541046584
Iteration: 925, relative residual: 0.0004566755417358175
Iteration: 926, relative residual: 0.0004566754031080641
Iteration: 927, relative residual: 0.00045665957145792985
Iteration: 928, relative residual: 0.00045658883255768963
Iteration: 929, relative residual: 0.0004565469703957104
Iteration: 930, relative residual: 0.00045654571082876373
Iteration: 931, relative residual: 0.000456477176165402
Iteration: 932, relative residual: 0.0004563448355811917
Iteration: 933, relative residual: 0.0004561595962415925
Iteration: 934, relative residual: 0.0004561023303006745
Iteration: 935, relative residual: 0.0004560904450285382
Iteration: 936, relative residual: 0.0004560120985051248
Iteration: 937, relative residual: 0.00045582923437505554
Iteration: 938, relative residual: 0.00045575979448897436
Iteration: 939, relative residual: 0.00045575563522371224
Iteration: 940, relative residual: 0.0004556720317179803
Iteration: 941, relative residual: 0.0004555395261935581
Iteration: 942, relative residual: 0.0004554825052184101
Iteration: 943, relative residual: 0.0004554752933634427
Iteration: 944, relative residual: 0.0004553774656215107
Iteration: 945, relative residual: 0.00045522653460162277
Iteration: 946, relative residual: 0.0004549232007687836
Iteration: 947, relative residual: 0.0004547449850975556
Iteration: 948, relative residual: 0.0004547431309381915
Iteration: 949, relative residual: 0.0004545444093789479
Iteration: 950, relative residual: 0.00045408112549469694
Iteration: 951, relative residual: 0.000453930063711993
Iteration: 952, relative residual: 0.00045391132712951747
Iteration: 953, relative residual: 0.0004535191041898721
Iteration: 954, relative residual: 0.00045311085148995114
Iteration: 955, relative residual: 0.00045303084757793936
Iteration: 956, relative residual: 0.0004530255124116134
Iteration: 957, relative residual: 0.0004526450478320618
Iteration: 958, relative residual: 0.0004523273098125947
Iteration: 959, relative residual: 0.0004520557499376974
Iteration: 960, relative residual: 0.0004520416909271152
Iteration: 961, relative residual: 0.00045190994146410694
Iteration: 962, relative residual: 0.0004516672092447258
Iteration: 963, relative residual: 0.0004515567820788755
Iteration: 964, relative residual: 0.0004515497662013059
Iteration: 965, relative residual: 0.00045138478812724737
Iteration: 966, relative residual: 0.00045110572509988127
Iteration: 967, relative residual: 0.00045095142740117023
Iteration: 968, relative residual: 0.00045093357215100543
Iteration: 969, relative residual: 0.0004508800445681981
Iteration: 970, relative residual: 0.00045058925421583674
Iteration: 971, relative residual: 0.00045038195528125674
Iteration: 972, relative residual: 0.0004500516047332687
Iteration: 973, relative residual: 0.00045000759024862546
Iteration: 974, relative residual: 0.00044993126983420873
Iteration: 975, relative residual: 0.0004497654672947779
Iteration: 976, relative residual: 0.0004495828551486272
Iteration: 977, relative residual: 0.0004495439318061799
Iteration: 978, relative residual: 0.0004495315088922263
Iteration: 979, relative residual: 0.0004493021964611814
Iteration: 980, relative residual: 0.00044916755130992967
Iteration: 981, relative residual: 0.0004491667826139516
Iteration: 982, relative residual: 0.00044902255552541694
Iteration: 983, relative residual: 0.0004484522884235101
Iteration: 984, relative residual: 0.00044784986511900313
Iteration: 985, relative residual: 0.00044762849831197224
Iteration: 986, relative residual: 0.0004476104229266887
Iteration: 987, relative residual: 0.0004473647186295639
Iteration: 988, relative residual: 0.00044668635914337727
Iteration: 989, relative residual: 0.0004463074846381763
Iteration: 990, relative residual: 0.00044627121779275793
Iteration: 991, relative residual: 0.0004461052182909059
Iteration: 992, relative residual: 0.0004456374491374951
Iteration: 993, relative residual: 0.0004452087923030457
Iteration: 994, relative residual: 0.000444778505289171
Iteration: 995, relative residual: 0.0004447674235561409
Iteration: 996, relative residual: 0.00044469483021707356
Iteration: 997, relative residual: 0.0004438017518364633
Iteration: 998, relative residual: 0.00044253867984614436
Iteration: 999, relative residual: 0.00044244931717489993
Iteration: 1000, relative residual: 0.00044244931717489993
Residual: 0.00044244931717489993. Restart...
Warning!!!!You have reached the maximum number of iterations : 1000.
The run will stop. Check the residual behaviour you might have a bug.For future runs you might consider changing the tolerance or increasing the number of max_iter.
Solve time        : 8487.968354940414s

Calculate Solvation Energy (E_solv)
Calculating solvation energy for region 1, stored in E_solv[0]
6372.429282695536 of 548660 analytical integrals for phi_reac calculation in region 1
Time E_solv: 21.950621128082275s
Region 1: E_solv = -7173.286604068021 kcal/mol = -30013.0311514206 kJ/mol

Calculate Surface Energy (E_surf)
Time E_surf: 0.0208892822265625s

Calculate Coulomb Energy (E_coul)
Calculate Coulomb energy for region 1
Region 1: E_coul = -250277.76727563256 kcal/mol = -1047162.1782812467 kJ/mol
Time E_coul: 24.673569440841675s

------------------------------
Totals:
E_solv = -7173.286604068021 kcal/mol
E_surf = 0 kcal/mol
E_coul = -250277.76727563256 kcal/mol

Time = 8611.920274019241 s
