Run started on:
	Date: 2020/5/22
	Time: 22:32:54
	PyGBe version: 0.3.2+5.gea0f875
Config file: /cobra/u/gvargas/code/hPB/pygbe/pygbe/myCrownFinShots/sarsCov2/snap2/snap2.config
Parameter file: /cobra/u/gvargas/code/hPB/pygbe/pygbe/myCrownFinShots/sarsCov2/snap2/snap2.param
Geometry folder: /cobra/u/gvargas/code/hPB/pygbe/pygbe/myCrownFinShots/sarsCov2/snap2/geometry
Running in: /cobra/u/gvargas/code/hPB/pygbe/pygbe/myCrownFinShots/sarsCov2/snap2

Reading surface 0 from file geometry/crownVF
Time load mesh: 10.84045147895813
Removed areas=0: 219

Total elements : 637156
Total equations: 1274312
----------------------------

1 surfaces:

Surface 0:
	637156 elements
	Surface type         : dielectric_interface
	Cells                : 4236
	Twigs                : 3614
	Levels               : 7
	C0 size              : 125.73798563979562
	C0 box center        : 136.22803234895903, 146.5016669041804, 104.21618506770714
	Twig cell size       : 1.9646560256218066
	Rbox/theta           : 3.9293120512436133
	Analytic distance    : 1.299868924780166
	Elem. per Ang^2      : 4.15070363792612
	Max, min, avg elem.  : 1.2807686472364876, 4.99999999990564e-07, 0.24092300661090932
	Total area           : 153505.53920018053
------------------------------

2 regions:

Region 0:
	Laplace or Yukawa: 2
	kappa            : 0.125
	dielectric const : 80.0
	Number of charges: 0
	Parent surface   : []
	Child surfaces   : [0]
Region 1:
	Laplace or Yukawa: 1
	kappa            : 1e-12
	dielectric const : 4.0
	Number of charges: 61336
	Parent surface   : [0]
	Child surfaces   : []
------------------------------

Parameters:
	Data type               : <class 'numpy.float64'>
	Use GPU                 : 1
	P                       : 4
	threshold               : 0.50
	theta                   : 0.50
	NCRIT                   : 500
	CUDA block size         : 128
	Gauss points per element: 1
	Gauss points near singlr: 25
	1D Gauss points per side: 9
	GMRES tolerance         : 1e-05
	GMRES max iterations    : 1000
	GMRES restart iteration : 100
----------------------------

Generate interaction list
Transfer data to GPU
Generate RHS
List time          : 3.9024343490600586s
Data transfer time : 0.5046901702880859s
RHS generation time: 6.166024208068848s
------------------------------
Total setup time   : 86.49579405784607s
Solve
Iteration: 1, relative residual: 0.503792085238908
Iteration: 2, relative residual: 0.26703870869049234
Iteration: 3, relative residual: 0.20615771181841547
Iteration: 4, relative residual: 0.1994316528845636
Iteration: 5, relative residual: 0.18015930756610116
Iteration: 6, relative residual: 0.1456124396728723
Iteration: 7, relative residual: 0.14106710777314646
Iteration: 8, relative residual: 0.13124860854089548
Iteration: 9, relative residual: 0.10896815483683327
Iteration: 10, relative residual: 0.0924540006310297
Iteration: 11, relative residual: 0.08032840677139035
Iteration: 12, relative residual: 0.06617643612906889
Iteration: 13, relative residual: 0.05278968456418927
Iteration: 14, relative residual: 0.045336426571466366
Iteration: 15, relative residual: 0.036820735113319944
Iteration: 16, relative residual: 0.02978980907176506
Iteration: 17, relative residual: 0.026799183296449248
Iteration: 18, relative residual: 0.02115402887363432
Iteration: 19, relative residual: 0.0176209512664422
Iteration: 20, relative residual: 0.01611102206420832
Iteration: 21, relative residual: 0.015721900953413036
Iteration: 22, relative residual: 0.015175000981296352
Iteration: 23, relative residual: 0.013617043668846961
Iteration: 24, relative residual: 0.012094079169451735
Iteration: 25, relative residual: 0.011441755875666029
Iteration: 26, relative residual: 0.011254650083661017
Iteration: 27, relative residual: 0.010185330675905492
Iteration: 28, relative residual: 0.008585562070053874
Iteration: 29, relative residual: 0.007609460859841814
Iteration: 30, relative residual: 0.006944562546424496
Iteration: 31, relative residual: 0.006570399040722725
Iteration: 32, relative residual: 0.006530903231415339
Iteration: 33, relative residual: 0.006174646914968811
Iteration: 34, relative residual: 0.006174517083176209
Iteration: 35, relative residual: 0.0060946909738045655
Iteration: 36, relative residual: 0.005691598982706547
Iteration: 37, relative residual: 0.005595198214231381
Iteration: 38, relative residual: 0.005578805298756584
Iteration: 39, relative residual: 0.005491352680952429
Iteration: 40, relative residual: 0.005264485663874481
Iteration: 41, relative residual: 0.005144473073717952
Iteration: 42, relative residual: 0.005108015475084438
Iteration: 43, relative residual: 0.00506964860775123
Iteration: 44, relative residual: 0.004695502731598192
Iteration: 45, relative residual: 0.004225229829537539
Iteration: 46, relative residual: 0.003640094566555658
Iteration: 47, relative residual: 0.002895319889510769
Iteration: 48, relative residual: 0.002642745815428794
Iteration: 49, relative residual: 0.0023171342462065705
Iteration: 50, relative residual: 0.0022715445830858764
Iteration: 51, relative residual: 0.0022694964116092876
Iteration: 52, relative residual: 0.002149988188177322
Iteration: 53, relative residual: 0.001985668293071931
Iteration: 54, relative residual: 0.001897634177028387
Iteration: 55, relative residual: 0.0017829423770037065
Iteration: 56, relative residual: 0.0017601241890956285
Iteration: 57, relative residual: 0.0017465299125300217
Iteration: 58, relative residual: 0.0016601469716235157
Iteration: 59, relative residual: 0.0015907482164205977
Iteration: 60, relative residual: 0.001584013800081514
Iteration: 61, relative residual: 0.0015726839708547274
Iteration: 62, relative residual: 0.0015408165498842883
Iteration: 63, relative residual: 0.0014426802436128894
Iteration: 64, relative residual: 0.0014162865245565292
Iteration: 65, relative residual: 0.0014119454803637836
Iteration: 66, relative residual: 0.0013780508095372031
Iteration: 67, relative residual: 0.0013237272779535155
Iteration: 68, relative residual: 0.0012976571747739627
Iteration: 69, relative residual: 0.0012956873105411854
Iteration: 70, relative residual: 0.0012905962294978543
Iteration: 71, relative residual: 0.0012754532277440473
Iteration: 72, relative residual: 0.0012711411563569087
Iteration: 73, relative residual: 0.001269113094633157
Iteration: 74, relative residual: 0.0012405193748915597
Iteration: 75, relative residual: 0.0012114528635243716
Iteration: 76, relative residual: 0.0011921393860486631
Iteration: 77, relative residual: 0.0011918472115264322
Iteration: 78, relative residual: 0.0011817818015866796
Iteration: 79, relative residual: 0.0011508366588772966
Iteration: 80, relative residual: 0.0011022076318359913
Iteration: 81, relative residual: 0.0010279551458023772
Iteration: 82, relative residual: 0.0009915843130272688
Iteration: 83, relative residual: 0.000975195426223448
Iteration: 84, relative residual: 0.0009742189423784743
Iteration: 85, relative residual: 0.0009570022466996707
Iteration: 86, relative residual: 0.0009321143160025431
Iteration: 87, relative residual: 0.0009039953264055266
Iteration: 88, relative residual: 0.0008869399801453289
Iteration: 89, relative residual: 0.0008867458597566496
Iteration: 90, relative residual: 0.0008781040954353529
Iteration: 91, relative residual: 0.0008581514758478407
Iteration: 92, relative residual: 0.0008402764550489996
Iteration: 93, relative residual: 0.0008311826275090105
Iteration: 94, relative residual: 0.0008299307969514493
Iteration: 95, relative residual: 0.0008295548097817019
Iteration: 96, relative residual: 0.0008211704041084935
Iteration: 97, relative residual: 0.000814530743415205
Iteration: 98, relative residual: 0.0008127806881946823
Iteration: 99, relative residual: 0.0008127745073642743
Iteration: 100, relative residual: 0.0008127745073642743
Residual: 0.0008127745073642743. Restart...
Iteration: 101, relative residual: 0.0008089820206287004
Iteration: 102, relative residual: 0.0008089773179066653
Iteration: 103, relative residual: 0.0008089474017529911
Iteration: 104, relative residual: 0.0008089407299231323
Iteration: 105, relative residual: 0.0008088814040176027
Iteration: 106, relative residual: 0.0008088426448455018
Iteration: 107, relative residual: 0.0008088413794339505
Iteration: 108, relative residual: 0.000808838279221258
Iteration: 109, relative residual: 0.0008088191730894865
Iteration: 110, relative residual: 0.0008088093437904633
Iteration: 111, relative residual: 0.0008088021785521451
Iteration: 112, relative residual: 0.0008087701973178222
Iteration: 113, relative residual: 0.0008087383841768172
Iteration: 114, relative residual: 0.0008085970104564353
Iteration: 115, relative residual: 0.0008085555978359663
Iteration: 116, relative residual: 0.0008085288722991873
Iteration: 117, relative residual: 0.0008084111511061223
Iteration: 118, relative residual: 0.000808394744915872
Iteration: 119, relative residual: 0.0008081082339460868
Iteration: 120, relative residual: 0.0008076315873459645
Iteration: 121, relative residual: 0.0008076036027335501
Iteration: 122, relative residual: 0.0008073498099456688
Iteration: 123, relative residual: 0.0008065064249425773
Iteration: 124, relative residual: 0.0008060207864624964
Iteration: 125, relative residual: 0.0008058238703268748
Iteration: 126, relative residual: 0.0008058056133145725
Iteration: 127, relative residual: 0.000805365840322997
Iteration: 128, relative residual: 0.000804771453052281
Iteration: 129, relative residual: 0.0008036837077861126
Iteration: 130, relative residual: 0.0008028863653248002
Iteration: 131, relative residual: 0.0008027847924489225
Iteration: 132, relative residual: 0.0008026723526004534
Iteration: 133, relative residual: 0.0008019856322708322
Iteration: 134, relative residual: 0.0007999646378304252
Iteration: 135, relative residual: 0.0007984005978638199
Iteration: 136, relative residual: 0.0007977473015716479
Iteration: 137, relative residual: 0.0007974240590310432
Iteration: 138, relative residual: 0.000795668482146069
Iteration: 139, relative residual: 0.0007932144809005052
Iteration: 140, relative residual: 0.0007899600541444407
Iteration: 141, relative residual: 0.0007894651418188479
Iteration: 142, relative residual: 0.0007893329306173146
Iteration: 143, relative residual: 0.0007881034966715261
Iteration: 144, relative residual: 0.0007854897517759618
Iteration: 145, relative residual: 0.0007833053526067127
Iteration: 146, relative residual: 0.0007828797616891262
Iteration: 147, relative residual: 0.0007824867697286488
Iteration: 148, relative residual: 0.0007798798502785882
Iteration: 149, relative residual: 0.0007766832392021052
Iteration: 150, relative residual: 0.0007758469819644793
Iteration: 151, relative residual: 0.0007758467839121784
Iteration: 152, relative residual: 0.0007746697445814018
Iteration: 153, relative residual: 0.0007716971939205364
Iteration: 154, relative residual: 0.0007704465675050238
Iteration: 155, relative residual: 0.0007693633372310947
Iteration: 156, relative residual: 0.000768543283025726
Iteration: 157, relative residual: 0.0007643740920300501
Iteration: 158, relative residual: 0.0007617824362808725
Iteration: 159, relative residual: 0.0007603008559336553
Iteration: 160, relative residual: 0.000759993896203748
Iteration: 161, relative residual: 0.000758456383961986
Iteration: 162, relative residual: 0.0007564041304477367
Iteration: 163, relative residual: 0.0007561165877193297
Iteration: 164, relative residual: 0.0007560260491689414
Iteration: 165, relative residual: 0.0007523956798380073
Iteration: 166, relative residual: 0.0007499130549322015
Iteration: 167, relative residual: 0.0007491731647046686
Iteration: 168, relative residual: 0.0007491647821068093
Iteration: 169, relative residual: 0.0007475707009143812
Iteration: 170, relative residual: 0.0007436100349831515
Iteration: 171, relative residual: 0.0007350819899433734
Iteration: 172, relative residual: 0.0007250917456214863
Iteration: 173, relative residual: 0.000720846148309332
Iteration: 174, relative residual: 0.0007203814253513402
Iteration: 175, relative residual: 0.0007196748523354979
Iteration: 176, relative residual: 0.0007143336290644573
Iteration: 177, relative residual: 0.000710447673370421
Iteration: 178, relative residual: 0.0007074777826447029
Iteration: 179, relative residual: 0.0007074698752366338
Iteration: 180, relative residual: 0.0007030431336038874
Iteration: 181, relative residual: 0.000693376502458399
Iteration: 182, relative residual: 0.0006820522253080457
Iteration: 183, relative residual: 0.0006732902236841194
Iteration: 184, relative residual: 0.0006718896281228474
Iteration: 185, relative residual: 0.0006705909450634121
Iteration: 186, relative residual: 0.0006621397264733366
Iteration: 187, relative residual: 0.000656904655274609
Iteration: 188, relative residual: 0.0006484359181450572
Iteration: 189, relative residual: 0.0006470888474884184
Iteration: 190, relative residual: 0.0006470449020450549
Iteration: 191, relative residual: 0.0006448495052296895
Iteration: 192, relative residual: 0.0006376636954602575
Iteration: 193, relative residual: 0.0006203988786926282
Iteration: 194, relative residual: 0.0006103294735408713
Iteration: 195, relative residual: 0.0006047428038907065
Iteration: 196, relative residual: 0.0006030163073585021
Iteration: 197, relative residual: 0.0006021258798857644
Iteration: 198, relative residual: 0.0005953769195845394
Iteration: 199, relative residual: 0.0005814467815903482
Iteration: 200, relative residual: 0.0005814467815903482
Residual: 0.0005814467815903482. Restart...
Iteration: 201, relative residual: 0.0005607788395208114
Iteration: 202, relative residual: 0.0005607717278133747
Iteration: 203, relative residual: 0.0005605648717548456
Iteration: 204, relative residual: 0.0005605324031665439
Iteration: 205, relative residual: 0.000559975615533742
Iteration: 206, relative residual: 0.0005585737895147919
Iteration: 207, relative residual: 0.0005573934888224695
Iteration: 208, relative residual: 0.0005569169342080463
Iteration: 209, relative residual: 0.000556775296373022
Iteration: 210, relative residual: 0.0005567493782237469
Iteration: 211, relative residual: 0.0005565496816546504
Iteration: 212, relative residual: 0.0005563953841086949
Iteration: 213, relative residual: 0.0005563362096302791
Iteration: 214, relative residual: 0.000556059009132224
Iteration: 215, relative residual: 0.0005551577568358115
Iteration: 216, relative residual: 0.0005543196910808971
Iteration: 217, relative residual: 0.000554313056988645
Iteration: 218, relative residual: 0.0005535830397047312
Iteration: 219, relative residual: 0.0005535546509797634
Iteration: 220, relative residual: 0.0005518578563257245
Iteration: 221, relative residual: 0.0005510290605484592
Iteration: 222, relative residual: 0.0005507087397757252
Iteration: 223, relative residual: 0.0005501273808651384
Iteration: 224, relative residual: 0.0005483081461336305
Iteration: 225, relative residual: 0.0005463347306858329
Iteration: 226, relative residual: 0.0005459509199526874
Iteration: 227, relative residual: 0.0005454635903346271
Iteration: 228, relative residual: 0.0005441430020889795
Iteration: 229, relative residual: 0.0005432279095384926
Iteration: 230, relative residual: 0.0005391227808727013
Iteration: 231, relative residual: 0.0005373430031747532
Iteration: 232, relative residual: 0.0005365441068075681
Iteration: 233, relative residual: 0.0005364327754676994
Iteration: 234, relative residual: 0.0005364291588908958
Iteration: 235, relative residual: 0.0005341764855372838
Iteration: 236, relative residual: 0.0005338802387336088
Iteration: 237, relative residual: 0.0005338647530556708
Iteration: 238, relative residual: 0.0005337249323816028
Iteration: 239, relative residual: 0.0005331217283593331
Iteration: 240, relative residual: 0.0005302745709643637
Iteration: 241, relative residual: 0.0005288913354592414
Iteration: 242, relative residual: 0.000528873197877126
Iteration: 243, relative residual: 0.0005274402355153788
Iteration: 244, relative residual: 0.0005255095865049169
Iteration: 245, relative residual: 0.0005244480142007933
Iteration: 246, relative residual: 0.000524447989393751
Iteration: 247, relative residual: 0.0005218524445334951
Iteration: 248, relative residual: 0.0005199331202073472
Iteration: 249, relative residual: 0.0005195026528371654
Iteration: 250, relative residual: 0.0005179417100882849
Iteration: 251, relative residual: 0.0005176184935334216
Iteration: 252, relative residual: 0.0005158872741783975
Iteration: 253, relative residual: 0.0005152678154671589
Iteration: 254, relative residual: 0.0005151101634759201
Iteration: 255, relative residual: 0.0005148833184309431
Iteration: 256, relative residual: 0.0005142888412932057
Iteration: 257, relative residual: 0.0005109031668480276
Iteration: 258, relative residual: 0.0005076949438034735
Iteration: 259, relative residual: 0.0005066554627268137
Iteration: 260, relative residual: 0.0005066031086460825
Iteration: 261, relative residual: 0.0005064357870013635
Iteration: 262, relative residual: 0.0005039576329343452
Iteration: 263, relative residual: 0.0005032372798405986
Iteration: 264, relative residual: 0.0005031713516796193
Iteration: 265, relative residual: 0.0005020710656314014
Iteration: 266, relative residual: 0.0004995070854659123
Iteration: 267, relative residual: 0.0004942654188139792
Iteration: 268, relative residual: 0.0004936959852702834
Iteration: 269, relative residual: 0.0004927779182231912
Iteration: 270, relative residual: 0.0004888085170341755
Iteration: 271, relative residual: 0.00047879745729174005
Iteration: 272, relative residual: 0.00047248293594336825
Iteration: 273, relative residual: 0.0004724755447759434
Iteration: 274, relative residual: 0.00046907953806712163
Iteration: 275, relative residual: 0.00046205049168939713
Iteration: 276, relative residual: 0.000447899898080581
Iteration: 277, relative residual: 0.0004386887273467344
Iteration: 278, relative residual: 0.00043866790539228833
Iteration: 279, relative residual: 0.00043455670375649156
Iteration: 280, relative residual: 0.0004226529626679839
Iteration: 281, relative residual: 0.0004128844785497074
Iteration: 282, relative residual: 0.00040887252590482144
Iteration: 283, relative residual: 0.0004083109752106411
Iteration: 284, relative residual: 0.00040548802972795747
Iteration: 285, relative residual: 0.0003946538323005322
Iteration: 286, relative residual: 0.0003846306030640191
Iteration: 287, relative residual: 0.00038433590628957163
Iteration: 288, relative residual: 0.000383476786338467
Iteration: 289, relative residual: 0.0003801944847984999
Iteration: 290, relative residual: 0.000369812383707606
Iteration: 291, relative residual: 0.00035989991906723085
Iteration: 292, relative residual: 0.0003571553187453336
Iteration: 293, relative residual: 0.0003570943036277431
Iteration: 294, relative residual: 0.00035547669202505854
Iteration: 295, relative residual: 0.00034629441580663655
Iteration: 296, relative residual: 0.0003326431141808201
Iteration: 297, relative residual: 0.000325669821331021
Iteration: 298, relative residual: 0.00032314559912490474
Iteration: 299, relative residual: 0.00032314060817519627
Iteration: 300, relative residual: 0.00032314060817519627
Residual: 0.00032314060817519627. Restart...
Iteration: 301, relative residual: 0.00032187951327259187
Iteration: 302, relative residual: 0.0003218755314389927
Iteration: 303, relative residual: 0.0003218660925802496
Iteration: 304, relative residual: 0.0003218555599016916
Iteration: 305, relative residual: 0.0003218192900125755
Iteration: 306, relative residual: 0.00032178225251081006
Iteration: 307, relative residual: 0.000321753812579344
Iteration: 308, relative residual: 0.0003217531429652667
Iteration: 309, relative residual: 0.0003217269620540937
Iteration: 310, relative residual: 0.0003215513061062695
Iteration: 311, relative residual: 0.00032149604912622885
Iteration: 312, relative residual: 0.0003214959896896855
Iteration: 313, relative residual: 0.00032136438306119234
Iteration: 314, relative residual: 0.000321021563342465
Iteration: 315, relative residual: 0.00032071089730944
Iteration: 316, relative residual: 0.0003207077475762693
Iteration: 317, relative residual: 0.00032020965475989085
Iteration: 318, relative residual: 0.0003201665956032675
Iteration: 319, relative residual: 0.00031920344366998253
Iteration: 320, relative residual: 0.0003169442980549278
Iteration: 321, relative residual: 0.0003147901932214476
Iteration: 322, relative residual: 0.000314288331125411
Iteration: 323, relative residual: 0.0003135081369023291
Iteration: 324, relative residual: 0.00031141588687616994
Iteration: 325, relative residual: 0.00030855654165005974
Iteration: 326, relative residual: 0.0003069684441607952
Iteration: 327, relative residual: 0.00030615072595543
Iteration: 328, relative residual: 0.0003060933127208799
Iteration: 329, relative residual: 0.0003053577142368467
Iteration: 330, relative residual: 0.0003047039503898075
Iteration: 331, relative residual: 0.0003044000101854455
Iteration: 332, relative residual: 0.00030434247952153997
Iteration: 333, relative residual: 0.0003039063506446584
Iteration: 334, relative residual: 0.0003030629456894078
Iteration: 335, relative residual: 0.00030222885762581957
Iteration: 336, relative residual: 0.0003020836180488086
Iteration: 337, relative residual: 0.000301455754001073
Iteration: 338, relative residual: 0.00029940600173521484
Iteration: 339, relative residual: 0.0002976859287910283
Iteration: 340, relative residual: 0.000296314144290427
Iteration: 341, relative residual: 0.0002951317955250005
Iteration: 342, relative residual: 0.0002950993953693966
Iteration: 343, relative residual: 0.0002946993757575447
Iteration: 344, relative residual: 0.000293845942062527
Iteration: 345, relative residual: 0.00029329465075209814
Iteration: 346, relative residual: 0.00029321061325052026
Iteration: 347, relative residual: 0.0002922656776727724
Iteration: 348, relative residual: 0.0002901124051909598
Iteration: 349, relative residual: 0.0002897606902550906
Iteration: 350, relative residual: 0.00028973608419890004
Iteration: 351, relative residual: 0.00028956845549563056
Iteration: 352, relative residual: 0.00028827929795718546
Iteration: 353, relative residual: 0.00028762604303660745
Iteration: 354, relative residual: 0.0002875140478566915
Iteration: 355, relative residual: 0.0002869524332025857
Iteration: 356, relative residual: 0.00028516890948544467
Iteration: 357, relative residual: 0.0002845454168989627
Iteration: 358, relative residual: 0.0002836028972059166
Iteration: 359, relative residual: 0.0002835916203032158
Iteration: 360, relative residual: 0.00028201388088052213
Iteration: 361, relative residual: 0.00028117896369242917
Iteration: 362, relative residual: 0.00028117125451570493
Iteration: 363, relative residual: 0.0002805879446101587
Iteration: 364, relative residual: 0.00027836593229787034
Iteration: 365, relative residual: 0.0002779631765358134
Iteration: 366, relative residual: 0.00027793658051298784
Iteration: 367, relative residual: 0.0002771383485140028
Iteration: 368, relative residual: 0.0002766403448097784
Iteration: 369, relative residual: 0.00027327439851426954
Iteration: 370, relative residual: 0.00027172262950569384
Iteration: 371, relative residual: 0.0002704587236187168
Iteration: 372, relative residual: 0.0002703502377629558
Iteration: 373, relative residual: 0.0002691937217602125
Iteration: 374, relative residual: 0.00026582718874414087
Iteration: 375, relative residual: 0.00026398030468140833
Iteration: 376, relative residual: 0.0002636318962979567
Iteration: 377, relative residual: 0.0002635478577752482
Iteration: 378, relative residual: 0.0002625740384202984
Iteration: 379, relative residual: 0.0002612098995226069
Iteration: 380, relative residual: 0.0002588163175810036
Iteration: 381, relative residual: 0.0002582316557864085
Iteration: 382, relative residual: 0.0002582271685975493
Iteration: 383, relative residual: 0.0002572478049240647
Iteration: 384, relative residual: 0.00025452453975007846
Iteration: 385, relative residual: 0.00025347464486054133
Iteration: 386, relative residual: 0.0002534103265918986
Iteration: 387, relative residual: 0.00025193003525370684
Iteration: 388, relative residual: 0.00024734166645703213
Iteration: 389, relative residual: 0.00024354564423314105
Iteration: 390, relative residual: 0.00024215986106100257
Iteration: 391, relative residual: 0.0002403921283590141
Iteration: 392, relative residual: 0.00024006248043399416
Iteration: 393, relative residual: 0.00023543079539965772
Iteration: 394, relative residual: 0.00022987313551266924
Iteration: 395, relative residual: 0.00022647037102378336
Iteration: 396, relative residual: 0.00022245336995963764
Iteration: 397, relative residual: 0.00022222631150940563
Iteration: 398, relative residual: 0.00022193429687474632
Iteration: 399, relative residual: 0.0002176340904508733
Iteration: 400, relative residual: 0.0002176340904508733
Residual: 0.0002176340904508733. Restart...
Iteration: 401, relative residual: 0.00021440216076413888
Iteration: 402, relative residual: 0.00021438398382361625
Iteration: 403, relative residual: 0.00021436009997367571
Iteration: 404, relative residual: 0.00021427329867660234
Iteration: 405, relative residual: 0.00021417383238023859
Iteration: 406, relative residual: 0.00021408106895295427
Iteration: 407, relative residual: 0.00021361900675488448
Iteration: 408, relative residual: 0.00021325656024781924
Iteration: 409, relative residual: 0.00021317156247015843
Iteration: 410, relative residual: 0.00021315322206289175
Iteration: 411, relative residual: 0.00021281606174491466
Iteration: 412, relative residual: 0.00021249371045555963
Iteration: 413, relative residual: 0.00021223888733201986
Iteration: 414, relative residual: 0.0002122368528260802
Iteration: 415, relative residual: 0.00021196568254196023
Iteration: 416, relative residual: 0.0002116917250959577
Iteration: 417, relative residual: 0.000211640411218425
Iteration: 418, relative residual: 0.00021097700846094453
Iteration: 419, relative residual: 0.0002108619264085615
Iteration: 420, relative residual: 0.0002108255842928976
Iteration: 421, relative residual: 0.0002107774934089202
Iteration: 422, relative residual: 0.00021074261417216195
Iteration: 423, relative residual: 0.00021055336631963767
Iteration: 424, relative residual: 0.00020904931573578598
Iteration: 425, relative residual: 0.00020837141007717502
Iteration: 426, relative residual: 0.0002064848424485261
Iteration: 427, relative residual: 0.00020612173658675633
Iteration: 428, relative residual: 0.00020599178463333204
Iteration: 429, relative residual: 0.00020512985830900527
Iteration: 430, relative residual: 0.00020369958904494317
Iteration: 431, relative residual: 0.00020306768821835988
Iteration: 432, relative residual: 0.0002025459099473375
Iteration: 433, relative residual: 0.00020251789253932949
Iteration: 434, relative residual: 0.0002023571148873279
Iteration: 435, relative residual: 0.00020164727797919357
Iteration: 436, relative residual: 0.00020160062683620482
Iteration: 437, relative residual: 0.00020158636778819383
Iteration: 438, relative residual: 0.0002012069038886863
Iteration: 439, relative residual: 0.00020087806350769518
Iteration: 440, relative residual: 0.00019980253059606693
Iteration: 441, relative residual: 0.00019873347603095918
Iteration: 442, relative residual: 0.0001986394049816924
Iteration: 443, relative residual: 0.00019815167199519854
Iteration: 444, relative residual: 0.00019640645694802943
Iteration: 445, relative residual: 0.00019596296744204075
Iteration: 446, relative residual: 0.0001957813727511101
Iteration: 447, relative residual: 0.0001957690738651166
Iteration: 448, relative residual: 0.00019486147545266566
Iteration: 449, relative residual: 0.0001947151139638934
Iteration: 450, relative residual: 0.00019468567313361628
Iteration: 451, relative residual: 0.0001946650502577119
Iteration: 452, relative residual: 0.00019398306430958286
Iteration: 453, relative residual: 0.00019326200885052896
Iteration: 454, relative residual: 0.00019303284801386656
Iteration: 455, relative residual: 0.00019302967195328462
Iteration: 456, relative residual: 0.00019261735666340914
Iteration: 457, relative residual: 0.0001916017697094921
Iteration: 458, relative residual: 0.0001909055942019588
Iteration: 459, relative residual: 0.0001908636934095449
Iteration: 460, relative residual: 0.00019069913596414062
Iteration: 461, relative residual: 0.0001902124854111952
Iteration: 462, relative residual: 0.00019010163664333403
Iteration: 463, relative residual: 0.0001899524678765285
Iteration: 464, relative residual: 0.0001895518797772443
Iteration: 465, relative residual: 0.0001887912807244119
Iteration: 466, relative residual: 0.00018831432756436184
Iteration: 467, relative residual: 0.0001867947441962908
Iteration: 468, relative residual: 0.00018661373430640317
Iteration: 469, relative residual: 0.00018637329668710429
Iteration: 470, relative residual: 0.0001852468293916376
Iteration: 471, relative residual: 0.00018408387005954276
Iteration: 472, relative residual: 0.00018408379802721804
Iteration: 473, relative residual: 0.00018401537843498896
Iteration: 474, relative residual: 0.0001837927276406835
Iteration: 475, relative residual: 0.00018252925473306032
Iteration: 476, relative residual: 0.00018116131051765163
Iteration: 477, relative residual: 0.00018096589522807301
Iteration: 478, relative residual: 0.0001809628109608721
Iteration: 479, relative residual: 0.00018066262133695305
Iteration: 480, relative residual: 0.00017957711317086303
Iteration: 481, relative residual: 0.00017904874773909851
Iteration: 482, relative residual: 0.00017886583434984543
Iteration: 483, relative residual: 0.00017886555297218497
Iteration: 484, relative residual: 0.00017874674768138276
Iteration: 485, relative residual: 0.0001782473023188152
Iteration: 486, relative residual: 0.0001769877309479033
Iteration: 487, relative residual: 0.0001766677922463357
Iteration: 488, relative residual: 0.00017666730820802424
Iteration: 489, relative residual: 0.00017634478582512816
Iteration: 490, relative residual: 0.00017354154522535974
Iteration: 491, relative residual: 0.00017197993841472202
Iteration: 492, relative residual: 0.00017126712427068485
Iteration: 493, relative residual: 0.0001707454218635534
Iteration: 494, relative residual: 0.00017036765191038078
Iteration: 495, relative residual: 0.00017012318835783443
Iteration: 496, relative residual: 0.00016600126180741162
Iteration: 497, relative residual: 0.0001635994361792711
Iteration: 498, relative residual: 0.0001621748676424519
Iteration: 499, relative residual: 0.00015926641980629626
Iteration: 500, relative residual: 0.00015926641980629626
Residual: 0.00015926641980629626. Restart...
Iteration: 501, relative residual: 0.00015721633663289003
Iteration: 502, relative residual: 0.00015721157689055752
Iteration: 503, relative residual: 0.0001572082470682238
Iteration: 504, relative residual: 0.00015720453057816014
Iteration: 505, relative residual: 0.00015719057741522428
Iteration: 506, relative residual: 0.0001571768222812117
Iteration: 507, relative residual: 0.00015717586316765935
Iteration: 508, relative residual: 0.00015717310166548328
Iteration: 509, relative residual: 0.0001571628419339101
Iteration: 510, relative residual: 0.0001571628278266604
Iteration: 511, relative residual: 0.00015712791736140555
Iteration: 512, relative residual: 0.00015709340348653747
Iteration: 513, relative residual: 0.00015707512507772756
Iteration: 514, relative residual: 0.00015707010056913327
Iteration: 515, relative residual: 0.0001570089428451585
Iteration: 516, relative residual: 0.00015698497657978556
Iteration: 517, relative residual: 0.00015697250725606984
Iteration: 518, relative residual: 0.00015697169846752492
Iteration: 519, relative residual: 0.00015689376105824026
Iteration: 520, relative residual: 0.00015685218173434363
Iteration: 521, relative residual: 0.00015679700372396493
Iteration: 522, relative residual: 0.00015651531667646145
Iteration: 523, relative residual: 0.00015599627993034373
Iteration: 524, relative residual: 0.0001550045703852661
Iteration: 525, relative residual: 0.0001541143028297659
Iteration: 526, relative residual: 0.00015356151562557027
Iteration: 527, relative residual: 0.00015333118660780596
Iteration: 528, relative residual: 0.0001532999367355254
Iteration: 529, relative residual: 0.00015277617054586522
Iteration: 530, relative residual: 0.00015182938343415826
Iteration: 531, relative residual: 0.00015143056554977477
Iteration: 532, relative residual: 0.000151115106769687
Iteration: 533, relative residual: 0.0001510554412239559
Iteration: 534, relative residual: 0.00015098236896422373
Iteration: 535, relative residual: 0.0001505362983153112
Iteration: 536, relative residual: 0.00015026908929675255
Iteration: 537, relative residual: 0.00015026115884421857
Iteration: 538, relative residual: 0.00015010946307496536
Iteration: 539, relative residual: 0.00014971363149020455
Iteration: 540, relative residual: 0.0001492259019561355
Iteration: 541, relative residual: 0.00014905848417608644
Iteration: 542, relative residual: 0.0001489258027458042
Iteration: 543, relative residual: 0.0001485523370975788
Iteration: 544, relative residual: 0.0001482748118758629
Iteration: 545, relative residual: 0.00014817110434524238
Iteration: 546, relative residual: 0.00014811953212118446
Iteration: 547, relative residual: 0.00014808543211062764
Iteration: 548, relative residual: 0.0001478653657396359
Iteration: 549, relative residual: 0.0001477924629403398
Iteration: 550, relative residual: 0.0001477771066218875
Iteration: 551, relative residual: 0.00014767002599271558
Iteration: 552, relative residual: 0.0001471970638513733
Iteration: 553, relative residual: 0.00014629000781195782
Iteration: 554, relative residual: 0.00014581427198000018
Iteration: 555, relative residual: 0.00014576321080047225
Iteration: 556, relative residual: 0.0001456337493466683
Iteration: 557, relative residual: 0.00014519926993367566
Iteration: 558, relative residual: 0.00014444986772221168
Iteration: 559, relative residual: 0.00014353954880699414
Iteration: 560, relative residual: 0.00014353870574243153
Iteration: 561, relative residual: 0.00014317795271784543
Iteration: 562, relative residual: 0.00014272753592265062
Iteration: 563, relative residual: 0.00014238702198173504
Iteration: 564, relative residual: 0.0001423693443703311
Iteration: 565, relative residual: 0.00014186325659297004
Iteration: 566, relative residual: 0.00014146531108336072
Iteration: 567, relative residual: 0.00014094920675434224
Iteration: 568, relative residual: 0.00014086456722476814
Iteration: 569, relative residual: 0.00014084534695215457
Iteration: 570, relative residual: 0.0001405704537206179
Iteration: 571, relative residual: 0.00014011587350589125
Iteration: 572, relative residual: 0.00013972392877181352
Iteration: 573, relative residual: 0.00013940938082947975
Iteration: 574, relative residual: 0.00013940937288889444
Iteration: 575, relative residual: 0.0001390849763773726
Iteration: 576, relative residual: 0.00013897604672339966
Iteration: 577, relative residual: 0.0001388602000320968
Iteration: 578, relative residual: 0.00013869537452580356
Iteration: 579, relative residual: 0.00013868637937030918
Iteration: 580, relative residual: 0.00013863488063968707
Iteration: 581, relative residual: 0.00013840488532399718
Iteration: 582, relative residual: 0.0001379089531283076
Iteration: 583, relative residual: 0.0001375692589130609
Iteration: 584, relative residual: 0.00013756581313014728
Iteration: 585, relative residual: 0.000137316311572031
Iteration: 586, relative residual: 0.00013679014156858365
Iteration: 587, relative residual: 0.00013594021475132464
Iteration: 588, relative residual: 0.00013571086698560705
Iteration: 589, relative residual: 0.00013569255672235626
Iteration: 590, relative residual: 0.00013553438577901768
Iteration: 591, relative residual: 0.00013488117143321034
Iteration: 592, relative residual: 0.00013410608939214174
Iteration: 593, relative residual: 0.00013404528798019252
Iteration: 594, relative residual: 0.00013402315650575894
Iteration: 595, relative residual: 0.0001337632831715021
Iteration: 596, relative residual: 0.00013331258406796577
Iteration: 597, relative residual: 0.00013291682293139437
Iteration: 598, relative residual: 0.00013251149171729983
Iteration: 599, relative residual: 0.00013219583665094746
Iteration: 600, relative residual: 0.00013219583665094746
Residual: 0.00013219583665094746. Restart...
Iteration: 601, relative residual: 0.00013193220746039063
Iteration: 602, relative residual: 0.00013193210617898842
Iteration: 603, relative residual: 0.00013193199991611267
Iteration: 604, relative residual: 0.00013193183867623846
Iteration: 605, relative residual: 0.0001319317857484719
Iteration: 606, relative residual: 0.0001319317658226
Iteration: 607, relative residual: 0.00013193150759867835
Iteration: 608, relative residual: 0.00013193069500036948
Iteration: 609, relative residual: 0.0001319299816534633
Iteration: 610, relative residual: 0.0001319298600962607
Iteration: 611, relative residual: 0.00013192489138514276
Iteration: 612, relative residual: 0.00013191948414540203
Iteration: 613, relative residual: 0.00013191597041229859
Iteration: 614, relative residual: 0.00013191539198893618
Iteration: 615, relative residual: 0.00013189983672095936
Iteration: 616, relative residual: 0.00013189178926050176
Iteration: 617, relative residual: 0.00013188991930000406
Iteration: 618, relative residual: 0.00013188550669231497
Iteration: 619, relative residual: 0.00013184978639991802
Iteration: 620, relative residual: 0.0001318024326377657
Iteration: 621, relative residual: 0.00013179493601374852
Iteration: 622, relative residual: 0.00013177150906564983
Iteration: 623, relative residual: 0.000131707136471103
Iteration: 624, relative residual: 0.00013163151021418744
Iteration: 625, relative residual: 0.00013152929914577935
Iteration: 626, relative residual: 0.00013145895683874272
Iteration: 627, relative residual: 0.00013144024611616838
Iteration: 628, relative residual: 0.00013143541003588085
Iteration: 629, relative residual: 0.00013136541680424288
Iteration: 630, relative residual: 0.0001312280337943839
Iteration: 631, relative residual: 0.00013110439320878904
Iteration: 632, relative residual: 0.000131030772603488
Iteration: 633, relative residual: 0.00013102932024452408
Iteration: 634, relative residual: 0.00013100933499924822
Iteration: 635, relative residual: 0.00013093203934382448
Iteration: 636, relative residual: 0.00013090582908449678
Iteration: 637, relative residual: 0.0001308983463102282
Iteration: 638, relative residual: 0.00013084522760623048
Iteration: 639, relative residual: 0.00013076245298867216
Iteration: 640, relative residual: 0.0001306158059374043
Iteration: 641, relative residual: 0.00013051439056763182
Iteration: 642, relative residual: 0.0001304920554909443
Iteration: 643, relative residual: 0.00013022395391714905
Iteration: 644, relative residual: 0.00012993073244412065
Iteration: 645, relative residual: 0.00012978910413060534
Iteration: 646, relative residual: 0.00012975180597859628
Iteration: 647, relative residual: 0.00012975083837317962
Iteration: 648, relative residual: 0.00012964720043821107
Iteration: 649, relative residual: 0.00012955295041200385
Iteration: 650, relative residual: 0.00012955195565221475
Iteration: 651, relative residual: 0.00012953160514614053
Iteration: 652, relative residual: 0.00012944466660801457
Iteration: 653, relative residual: 0.00012935132008673816
Iteration: 654, relative residual: 0.0001292723856767787
Iteration: 655, relative residual: 0.00012926195955746103
Iteration: 656, relative residual: 0.00012919388442742815
Iteration: 657, relative residual: 0.0001289601630845901
Iteration: 658, relative residual: 0.00012879474676145787
Iteration: 659, relative residual: 0.00012877161833669951
Iteration: 660, relative residual: 0.00012874139653310166
Iteration: 661, relative residual: 0.00012870027111869071
Iteration: 662, relative residual: 0.00012866928602856754
Iteration: 663, relative residual: 0.00012864051676611201
Iteration: 664, relative residual: 0.00012863818288031529
Iteration: 665, relative residual: 0.00012856908191251462
Iteration: 666, relative residual: 0.00012818912785565728
Iteration: 667, relative residual: 0.00012779980048783623
Iteration: 668, relative residual: 0.0001277503895518136
Iteration: 669, relative residual: 0.00012774175710262393
Iteration: 670, relative residual: 0.00012756057036360962
Iteration: 671, relative residual: 0.00012703526214587847
Iteration: 672, relative residual: 0.00012665104835414597
Iteration: 673, relative residual: 0.0001266492424085922
Iteration: 674, relative residual: 0.0001265034212421517
Iteration: 675, relative residual: 0.00012630969724467507
Iteration: 676, relative residual: 0.00012611191181192345
Iteration: 677, relative residual: 0.00012606895612597962
Iteration: 678, relative residual: 0.0001260559965367884
Iteration: 679, relative residual: 0.00012592765716766148
Iteration: 680, relative residual: 0.0001254956876911925
Iteration: 681, relative residual: 0.00012493242305448122
Iteration: 682, relative residual: 0.0001247068900896275
Iteration: 683, relative residual: 0.0001246132843773422
Iteration: 684, relative residual: 0.00012458876341812363
Iteration: 685, relative residual: 0.00012451432203933825
Iteration: 686, relative residual: 0.00012444425428192378
Iteration: 687, relative residual: 0.00012433636439632356
Iteration: 688, relative residual: 0.00012393263757400614
Iteration: 689, relative residual: 0.00012363481338827965
Iteration: 690, relative residual: 0.00012299054819502473
Iteration: 691, relative residual: 0.00012233631156494115
Iteration: 692, relative residual: 0.0001222243998463606
Iteration: 693, relative residual: 0.0001219629505205675
Iteration: 694, relative residual: 0.0001219468954244391
Iteration: 695, relative residual: 0.00012174563386081454
Iteration: 696, relative residual: 0.00012151222989026181
Iteration: 697, relative residual: 0.00012096613785565165
Iteration: 698, relative residual: 0.00012066511269290936
Iteration: 699, relative residual: 0.00012047613348591662
Iteration: 700, relative residual: 0.00012047613348591662
Residual: 0.00012047613348591662. Restart...
Iteration: 701, relative residual: 0.00012047395003279403
Iteration: 702, relative residual: 0.00012047394996768549
Iteration: 703, relative residual: 0.00012047394938214794
Iteration: 704, relative residual: 0.0001204739431119199
Iteration: 705, relative residual: 0.00012047392896005575
Iteration: 706, relative residual: 0.00012047354768205164
Iteration: 707, relative residual: 0.00012047251823823818
Iteration: 708, relative residual: 0.00012046929962648335
Iteration: 709, relative residual: 0.0001204687928802005
Iteration: 710, relative residual: 0.00012046874903665612
Iteration: 711, relative residual: 0.00012046105352925194
Iteration: 712, relative residual: 0.00012043587860144833
Iteration: 713, relative residual: 0.00012041724268586944
Iteration: 714, relative residual: 0.00012041706221827438
Iteration: 715, relative residual: 0.00012039414262673727
Iteration: 716, relative residual: 0.00012034901561653966
Iteration: 717, relative residual: 0.00012032931025429431
Iteration: 718, relative residual: 0.00012032929868870084
Iteration: 719, relative residual: 0.00012029426379619521
Iteration: 720, relative residual: 0.0001201644312175905
Iteration: 721, relative residual: 0.00012013065874995074
Iteration: 722, relative residual: 0.00012011419362304323
Iteration: 723, relative residual: 0.00012001578736425013
Iteration: 724, relative residual: 0.00011988134916742951
Iteration: 725, relative residual: 0.00011976817713366431
Iteration: 726, relative residual: 0.00011970093877438689
Iteration: 727, relative residual: 0.0001196697376141509
Iteration: 728, relative residual: 0.00011966925973131581
Iteration: 729, relative residual: 0.00011964130595805414
Iteration: 730, relative residual: 0.00011957106445897425
Iteration: 731, relative residual: 0.00011952969239681644
Iteration: 732, relative residual: 0.00011950371515965766
Iteration: 733, relative residual: 0.00011948887009284851
Iteration: 734, relative residual: 0.0001193589427405048
Iteration: 735, relative residual: 0.00011913296116038206
Iteration: 736, relative residual: 0.00011897532009768445
Iteration: 737, relative residual: 0.0001189498957817449
Iteration: 738, relative residual: 0.00011894425481434881
Iteration: 739, relative residual: 0.00011880583596407289
Iteration: 740, relative residual: 0.00011853370745511563
Iteration: 741, relative residual: 0.00011849278010635945
Iteration: 742, relative residual: 0.0001184683724569895
Iteration: 743, relative residual: 0.00011835988343399682
Iteration: 744, relative residual: 0.00011821626874638462
Iteration: 745, relative residual: 0.00011819906650846488
Iteration: 746, relative residual: 0.00011816878095432317
Iteration: 747, relative residual: 0.00011796788032945551
Iteration: 748, relative residual: 0.0001176150598410038
Iteration: 749, relative residual: 0.00011758255191208426
Iteration: 750, relative residual: 0.00011753485167487754
Iteration: 751, relative residual: 0.00011733157362301086
Iteration: 752, relative residual: 0.00011720481815606224
Iteration: 753, relative residual: 0.00011718810957601675
Iteration: 754, relative residual: 0.00011709718662894835
Iteration: 755, relative residual: 0.00011676174272140275
Iteration: 756, relative residual: 0.00011619908752668348
Iteration: 757, relative residual: 0.00011583038313610388
Iteration: 758, relative residual: 0.00011565286444100253
Iteration: 759, relative residual: 0.00011559569246432805
Iteration: 760, relative residual: 0.00011558465762833467
Iteration: 761, relative residual: 0.0001152923783300589
Iteration: 762, relative residual: 0.000114822482607875
Iteration: 763, relative residual: 0.00011464184290562964
Iteration: 764, relative residual: 0.00011463934295560726
Iteration: 765, relative residual: 0.00011447315191518467
Iteration: 766, relative residual: 0.00011438185935138224
Iteration: 767, relative residual: 0.00011428951859729751
Iteration: 768, relative residual: 0.00011428910720449852
Iteration: 769, relative residual: 0.00011425234188855568
Iteration: 770, relative residual: 0.00011398350082808821
Iteration: 771, relative residual: 0.00011378751892167553
Iteration: 772, relative residual: 0.00011378206567345288
Iteration: 773, relative residual: 0.00011364372417030321
Iteration: 774, relative residual: 0.00011348370352453088
Iteration: 775, relative residual: 0.00011313770734355471
Iteration: 776, relative residual: 0.00011311562070030706
Iteration: 777, relative residual: 0.00011308618972327978
Iteration: 778, relative residual: 0.00011308614909638668
Iteration: 779, relative residual: 0.00011307187397800485
Iteration: 780, relative residual: 0.00011301487657314567
Iteration: 781, relative residual: 0.00011286336868451371
Iteration: 782, relative residual: 0.00011285692902966692
Iteration: 783, relative residual: 0.00011277130189655499
Iteration: 784, relative residual: 0.00011256206290255942
Iteration: 785, relative residual: 0.00011237269469124348
Iteration: 786, relative residual: 0.00011235295091103996
Iteration: 787, relative residual: 0.0001123164362065449
Iteration: 788, relative residual: 0.00011230566610195187
Iteration: 789, relative residual: 0.0001118586794760618
Iteration: 790, relative residual: 0.00011076292589263152
Iteration: 791, relative residual: 0.00011058445696556598
Iteration: 792, relative residual: 0.00011053991930610954
Iteration: 793, relative residual: 0.00011052113989988135
Iteration: 794, relative residual: 0.0001101946459691458
Iteration: 795, relative residual: 0.00010963547706381674
Iteration: 796, relative residual: 0.00010946424030904348
Iteration: 797, relative residual: 0.00010940860779759896
Iteration: 798, relative residual: 0.0001093132608767656
Iteration: 799, relative residual: 0.00010922896397186414
Iteration: 800, relative residual: 0.00010922896397186414
Residual: 0.00010922896397186414. Restart...
Iteration: 801, relative residual: 0.00010906595525182733
Iteration: 802, relative residual: 0.00010906586648179932
Iteration: 803, relative residual: 0.00010906578338863048
Iteration: 804, relative residual: 0.00010906571931091456
Iteration: 805, relative residual: 0.00010906512631412942
Iteration: 806, relative residual: 0.00010906413974096665
Iteration: 807, relative residual: 0.00010906256137136884
Iteration: 808, relative residual: 0.00010906106526077899
Iteration: 809, relative residual: 0.00010906016247282223
Iteration: 810, relative residual: 0.00010905980138348935
Iteration: 811, relative residual: 0.00010905735969927856
Iteration: 812, relative residual: 0.00010905323456341935
Iteration: 813, relative residual: 0.00010905144251849107
Iteration: 814, relative residual: 0.00010905135230269401
Iteration: 815, relative residual: 0.00010904993446284869
Iteration: 816, relative residual: 0.00010904808416164447
Iteration: 817, relative residual: 0.00010904627059860465
Iteration: 818, relative residual: 0.00010903920895514495
Iteration: 819, relative residual: 0.00010903644263262041
Iteration: 820, relative residual: 0.00010903606130337659
Iteration: 821, relative residual: 0.0001090318800556884
Iteration: 822, relative residual: 0.00010901766081883714
Iteration: 823, relative residual: 0.00010901162639371835
Iteration: 824, relative residual: 0.00010900041754114442
Iteration: 825, relative residual: 0.0001089707356639914
Iteration: 826, relative residual: 0.00010892154707937615
Iteration: 827, relative residual: 0.00010887320724545672
Iteration: 828, relative residual: 0.00010887266919768962
Iteration: 829, relative residual: 0.000108859531423426
Iteration: 830, relative residual: 0.00010877426332892412
Iteration: 831, relative residual: 0.00010866197287627688
Iteration: 832, relative residual: 0.00010855439638682219
Iteration: 833, relative residual: 0.00010852416426258705
Iteration: 834, relative residual: 0.0001085220134741202
Iteration: 835, relative residual: 0.00010851078877411207
Iteration: 836, relative residual: 0.00010848119924885465
Iteration: 837, relative residual: 0.00010846096017746364
Iteration: 838, relative residual: 0.00010846075324409062
Iteration: 839, relative residual: 0.00010843550238972909
Iteration: 840, relative residual: 0.00010837362744674109
Iteration: 841, relative residual: 0.0001083024962662479
Iteration: 842, relative residual: 0.00010829876167047697
Iteration: 843, relative residual: 0.00010827887299881633
Iteration: 844, relative residual: 0.0001081648054073348
Iteration: 845, relative residual: 0.00010801301100063355
Iteration: 846, relative residual: 0.00010787758419818956
Iteration: 847, relative residual: 0.00010782930079202463
Iteration: 848, relative residual: 0.00010782578058031902
Iteration: 849, relative residual: 0.0001077621258449733
Iteration: 850, relative residual: 0.00010769234249979555
Iteration: 851, relative residual: 0.00010765003975739113
Iteration: 852, relative residual: 0.00010764974207615099
Iteration: 853, relative residual: 0.00010760525442309996
Iteration: 854, relative residual: 0.00010752777012206417
Iteration: 855, relative residual: 0.00010746816716774474
Iteration: 856, relative residual: 0.00010741546453422741
Iteration: 857, relative residual: 0.00010741449020801582
Iteration: 858, relative residual: 0.00010736936815711598
Iteration: 859, relative residual: 0.0001072851171880526
Iteration: 860, relative residual: 0.00010715929591282431
Iteration: 861, relative residual: 0.0001071293125193958
Iteration: 862, relative residual: 0.00010712043702571762
Iteration: 863, relative residual: 0.00010696836304535974
Iteration: 864, relative residual: 0.00010672877372738634
Iteration: 865, relative residual: 0.00010666475487201655
Iteration: 866, relative residual: 0.00010664209086299069
Iteration: 867, relative residual: 0.0001064170001107576
Iteration: 868, relative residual: 0.00010627037136676922
Iteration: 869, relative residual: 0.00010620412877706134
Iteration: 870, relative residual: 0.00010617606659631567
Iteration: 871, relative residual: 0.00010598246796484491
Iteration: 872, relative residual: 0.0001057061181767678
Iteration: 873, relative residual: 0.0001056366530664523
Iteration: 874, relative residual: 0.00010562845721332047
Iteration: 875, relative residual: 0.00010556680020966234
Iteration: 876, relative residual: 0.00010532667880508425
Iteration: 877, relative residual: 0.00010520676465296944
Iteration: 878, relative residual: 0.00010516573307369895
Iteration: 879, relative residual: 0.00010516550384328721
Iteration: 880, relative residual: 0.00010501134330618109
Iteration: 881, relative residual: 0.00010455077257534981
Iteration: 882, relative residual: 0.00010421935055720613
Iteration: 883, relative residual: 0.00010403902150124512
Iteration: 884, relative residual: 0.00010402859113754615
Iteration: 885, relative residual: 0.00010397539115008015
Iteration: 886, relative residual: 0.0001037376577360053
Iteration: 887, relative residual: 0.00010359514267872085
Iteration: 888, relative residual: 0.00010354699444364764
Iteration: 889, relative residual: 0.00010354554891590695
Iteration: 890, relative residual: 0.00010331639157821937
Iteration: 891, relative residual: 0.00010304161451464866
Iteration: 892, relative residual: 0.00010292754121546846
Iteration: 893, relative residual: 0.00010284114209275812
Iteration: 894, relative residual: 0.00010280866772312612
Iteration: 895, relative residual: 0.00010280194367533236
Iteration: 896, relative residual: 0.00010274911410542356
Iteration: 897, relative residual: 0.0001026978497729002
Iteration: 898, relative residual: 0.00010240718066280561
Iteration: 899, relative residual: 0.00010150724079660504
Iteration: 900, relative residual: 0.00010150724079660504
Residual: 0.00010150724079660504. Restart...
Iteration: 901, relative residual: 9.879366756846013e-05
Iteration: 902, relative residual: 9.87861407852667e-05
Iteration: 903, relative residual: 9.874327357401864e-05
Iteration: 904, relative residual: 9.87096350971566e-05
Iteration: 905, relative residual: 9.844593232760602e-05
Iteration: 906, relative residual: 9.822492879339258e-05
Iteration: 907, relative residual: 9.802556052809025e-05
Iteration: 908, relative residual: 9.799789746436867e-05
Iteration: 909, relative residual: 9.799736195569682e-05
Iteration: 910, relative residual: 9.783420293094954e-05
Iteration: 911, relative residual: 9.770825779547498e-05
Iteration: 912, relative residual: 9.761128113605257e-05
Iteration: 913, relative residual: 9.76087500594952e-05
Iteration: 914, relative residual: 9.754159894722986e-05
Iteration: 915, relative residual: 9.747985864581819e-05
Iteration: 916, relative residual: 9.746634388822343e-05
Iteration: 917, relative residual: 9.746405253511856e-05
Iteration: 918, relative residual: 9.740795820086144e-05
Iteration: 919, relative residual: 9.740130009299541e-05
Iteration: 920, relative residual: 9.740116537179148e-05
Iteration: 921, relative residual: 9.737235655420962e-05
Iteration: 922, relative residual: 9.736379290506312e-05
Iteration: 923, relative residual: 9.734938101918976e-05
Iteration: 924, relative residual: 9.734150518201429e-05
Iteration: 925, relative residual: 9.729510858007749e-05
Iteration: 926, relative residual: 9.726149994053755e-05
Iteration: 927, relative residual: 9.724194630724056e-05
Iteration: 928, relative residual: 9.723619316605965e-05
Iteration: 929, relative residual: 9.718810287636095e-05
Iteration: 930, relative residual: 9.711591871073079e-05
Iteration: 931, relative residual: 9.698228596571298e-05
Iteration: 932, relative residual: 9.691087929481616e-05
Iteration: 933, relative residual: 9.686490744930652e-05
Iteration: 934, relative residual: 9.68647865874736e-05
Iteration: 935, relative residual: 9.68617677035076e-05
Iteration: 936, relative residual: 9.66942817752444e-05
Iteration: 937, relative residual: 9.663447931885565e-05
Iteration: 938, relative residual: 9.655856844652198e-05
Iteration: 939, relative residual: 9.630911018866966e-05
Iteration: 940, relative residual: 9.620833616299909e-05
Iteration: 941, relative residual: 9.616798295328652e-05
Iteration: 942, relative residual: 9.615919998340994e-05
Iteration: 943, relative residual: 9.599291077941906e-05
Iteration: 944, relative residual: 9.597279198974052e-05
Iteration: 945, relative residual: 9.586866831145474e-05
Iteration: 946, relative residual: 9.581519610351001e-05
Iteration: 947, relative residual: 9.579710389735471e-05
Iteration: 948, relative residual: 9.576885408058906e-05
Iteration: 949, relative residual: 9.574383830201932e-05
Iteration: 950, relative residual: 9.566432150884308e-05
Iteration: 951, relative residual: 9.563383673505534e-05
Iteration: 952, relative residual: 9.562864486280927e-05
Iteration: 953, relative residual: 9.556961091846225e-05
Iteration: 954, relative residual: 9.536212957823712e-05
Iteration: 955, relative residual: 9.527941776283059e-05
Iteration: 956, relative residual: 9.527039462240802e-05
Iteration: 957, relative residual: 9.499304284233916e-05
Iteration: 958, relative residual: 9.461677644382643e-05
Iteration: 959, relative residual: 9.434804900766007e-05
Iteration: 960, relative residual: 9.434754077143464e-05
Iteration: 961, relative residual: 9.432877055783962e-05
Iteration: 962, relative residual: 9.414083975184491e-05
Iteration: 963, relative residual: 9.409424137108256e-05
Iteration: 964, relative residual: 9.407570435238838e-05
Iteration: 965, relative residual: 9.402250522381759e-05
Iteration: 966, relative residual: 9.391858957112955e-05
Iteration: 967, relative residual: 9.389902746064661e-05
Iteration: 968, relative residual: 9.389131003627046e-05
Iteration: 969, relative residual: 9.38896193050796e-05
Iteration: 970, relative residual: 9.3869950043477e-05
Iteration: 971, relative residual: 9.359413319132892e-05
Iteration: 972, relative residual: 9.319503435063667e-05
Iteration: 973, relative residual: 9.308303518025089e-05
Iteration: 974, relative residual: 9.308121129360112e-05
Iteration: 975, relative residual: 9.302377505232953e-05
Iteration: 976, relative residual: 9.296390303611241e-05
Iteration: 977, relative residual: 9.296382847165593e-05
Iteration: 978, relative residual: 9.2906590746503e-05
Iteration: 979, relative residual: 9.285775732316893e-05
Iteration: 980, relative residual: 9.285386619398798e-05
Iteration: 981, relative residual: 9.283019729626058e-05
Iteration: 982, relative residual: 9.282907009477805e-05
Iteration: 983, relative residual: 9.274508362208089e-05
Iteration: 984, relative residual: 9.254920893640953e-05
Iteration: 985, relative residual: 9.254390568151326e-05
Iteration: 986, relative residual: 9.239881467373336e-05
Iteration: 987, relative residual: 9.200258618973762e-05
Iteration: 988, relative residual: 9.172737165383298e-05
Iteration: 989, relative residual: 9.171002277622309e-05
Iteration: 990, relative residual: 9.160041346579622e-05
Iteration: 991, relative residual: 9.148662677234176e-05
Iteration: 992, relative residual: 9.144347462184904e-05
Iteration: 993, relative residual: 9.133564118823049e-05
Iteration: 994, relative residual: 9.131636525140294e-05
Iteration: 995, relative residual: 9.117958992297927e-05
Iteration: 996, relative residual: 9.113709179790857e-05
Iteration: 997, relative residual: 9.092331618139698e-05
Iteration: 998, relative residual: 9.064311682873757e-05
Iteration: 999, relative residual: 9.056562732063199e-05
Iteration: 1000, relative residual: 9.056562732063199e-05
Residual: 9.056562732063199e-05. Restart...
Warning!!!!You have reached the maximum number of iterations : 1000.
The run will stop. Check the residual behaviour you might have a bug.For future runs you might consider changing the tolerance or increasing the number of max_iter.
Solve time        : 9760.495518922806s

Calculate Solvation Energy (E_solv)
Calculating solvation energy for region 1, stored in E_solv[0]
6212.968713316813 of 637156 analytical integrals for phi_reac calculation in region 1
Time E_solv: 29.475303173065186s
Region 1: E_solv = -9351.277185762498 kcal/mol = -39125.74374523029 kJ/mol

Calculate Surface Energy (E_surf)
Time E_surf: 0.021258831024169922s

Calculate Coulomb Energy (E_coul)
Calculate Coulomb energy for region 1
Region 1: E_coul = -295061.56724916113 kcal/mol = -1234537.5973704902 kJ/mol
Time E_coul: 34.56350111961365s

------------------------------
Totals:
E_solv = -9351.277185762498 kcal/mol
E_surf = 0 kcal/mol
E_coul = -295061.56724916113 kcal/mol

Time = 9914.450166463852 s
