Run started on:
	Date: 2020/5/22
	Time: 22:44:20
	PyGBe version: 0.3.2+5.gea0f875
Config file: /cobra/u/gvargas/code/hPB/pygbe/pygbe/myCrownFinShots/sarsCov2/snap3/snap3.config
Parameter file: /cobra/u/gvargas/code/hPB/pygbe/pygbe/myCrownFinShots/sarsCov2/snap3/snap3.param
Geometry folder: /cobra/u/gvargas/code/hPB/pygbe/pygbe/myCrownFinShots/sarsCov2/snap3/geometry
Running in: /cobra/u/gvargas/code/hPB/pygbe/pygbe/myCrownFinShots/sarsCov2/snap3

Reading surface 0 from file geometry/crownVF
Time load mesh: 10.959359169006348
Removed areas=0: 198

Total elements : 638978
Total equations: 1277956
----------------------------

1 surfaces:

Surface 0:
	638978 elements
	Surface type         : dielectric_interface
	Cells                : 4665
	Twigs                : 3973
	Levels               : 7
	C0 size              : 128.1299837995938
	C0 box center        : 113.58773733628804, 122.95295599118174, 101.01404642987184
	Twig cell size       : 2.002030996868653
	Rbox/theta           : 4.004061993737306
	Analytic distance    : 1.2953546445491935
	Elem. per Ang^2      : 4.167928507668455
	Max, min, avg elem.  : 4.085284265800093, 4.99999999990564e-07, 0.2399273399627964
	Total area           : 153308.2918347477
------------------------------

2 regions:

Region 0:
	Laplace or Yukawa: 2
	kappa            : 0.125
	dielectric const : 80.0
	Number of charges: 0
	Parent surface   : []
	Child surfaces   : [0]
Region 1:
	Laplace or Yukawa: 1
	kappa            : 1e-12
	dielectric const : 4.0
	Number of charges: 61336
	Parent surface   : [0]
	Child surfaces   : []
------------------------------

Parameters:
	Data type               : <class 'numpy.float64'>
	Use GPU                 : 1
	P                       : 4
	threshold               : 0.50
	theta                   : 0.50
	NCRIT                   : 500
	CUDA block size         : 128
	Gauss points per element: 1
	Gauss points near singlr: 25
	1D Gauss points per side: 9
	GMRES tolerance         : 1e-05
	GMRES max iterations    : 1000
	GMRES restart iteration : 100
----------------------------

Generate interaction list
Transfer data to GPU
Generate RHS
List time          : 4.207444190979004s
Data transfer time : 0.5916199684143066s
RHS generation time: 6.4741270542144775s
------------------------------
Total setup time   : 87.84656310081482s
Solve
Iteration: 1, relative residual: 0.5061254745878966
Iteration: 2, relative residual: 0.26046298218944086
Iteration: 3, relative residual: 0.2145034637309115
Iteration: 4, relative residual: 0.1731295770423211
Iteration: 5, relative residual: 0.140337854138253
Iteration: 6, relative residual: 0.12404097620164792
Iteration: 7, relative residual: 0.10858278104173087
Iteration: 8, relative residual: 0.08724205034498372
Iteration: 9, relative residual: 0.07266066911506672
Iteration: 10, relative residual: 0.060841901542497745
Iteration: 11, relative residual: 0.05951807711217272
Iteration: 12, relative residual: 0.0503072986410999
Iteration: 13, relative residual: 0.04496821645832456
Iteration: 14, relative residual: 0.04495887978168281
Iteration: 15, relative residual: 0.03810348297248366
Iteration: 16, relative residual: 0.035629238794098364
Iteration: 17, relative residual: 0.03482981313501318
Iteration: 18, relative residual: 0.031077033644522106
Iteration: 19, relative residual: 0.029256762778411622
Iteration: 20, relative residual: 0.027644359058521768
Iteration: 21, relative residual: 0.023579542174105236
Iteration: 22, relative residual: 0.02356450221544879
Iteration: 23, relative residual: 0.021397566868744732
Iteration: 24, relative residual: 0.018961416348433537
Iteration: 25, relative residual: 0.015823082489980322
Iteration: 26, relative residual: 0.013720451247664092
Iteration: 27, relative residual: 0.01229921581737716
Iteration: 28, relative residual: 0.01106019102080455
Iteration: 29, relative residual: 0.010382406166020345
Iteration: 30, relative residual: 0.00971664914070293
Iteration: 31, relative residual: 0.009671662554326249
Iteration: 32, relative residual: 0.00894514286554981
Iteration: 33, relative residual: 0.008710089877270573
Iteration: 34, relative residual: 0.00812784285852203
Iteration: 35, relative residual: 0.008054274648578072
Iteration: 36, relative residual: 0.0077757718869845985
Iteration: 37, relative residual: 0.007455363126252879
Iteration: 38, relative residual: 0.007427674515600688
Iteration: 39, relative residual: 0.007381156743770183
Iteration: 40, relative residual: 0.006827229181721865
Iteration: 41, relative residual: 0.005885005960807843
Iteration: 42, relative residual: 0.005315269485639724
Iteration: 43, relative residual: 0.005159730214054338
Iteration: 44, relative residual: 0.005154359311569512
Iteration: 45, relative residual: 0.004739136117193504
Iteration: 46, relative residual: 0.00422990232615533
Iteration: 47, relative residual: 0.0038373782926257338
Iteration: 48, relative residual: 0.0034690386166496005
Iteration: 49, relative residual: 0.003141439820246698
Iteration: 50, relative residual: 0.00284599880489007
Iteration: 51, relative residual: 0.0025533891199373843
Iteration: 52, relative residual: 0.0023548792519269526
Iteration: 53, relative residual: 0.0020995808782696954
Iteration: 54, relative residual: 0.0018881690885002016
Iteration: 55, relative residual: 0.0017535529128523096
Iteration: 56, relative residual: 0.001654272888384848
Iteration: 57, relative residual: 0.0016316691902716616
Iteration: 58, relative residual: 0.0016308490463765566
Iteration: 59, relative residual: 0.0016071824685041098
Iteration: 60, relative residual: 0.0015455731061094998
Iteration: 61, relative residual: 0.0014667292978801428
Iteration: 62, relative residual: 0.0014191835050821357
Iteration: 63, relative residual: 0.0014159266529936985
Iteration: 64, relative residual: 0.0014158291229700922
Iteration: 65, relative residual: 0.0014066594677002795
Iteration: 66, relative residual: 0.0013481061838191523
Iteration: 67, relative residual: 0.001300109520238716
Iteration: 68, relative residual: 0.0012737499629746755
Iteration: 69, relative residual: 0.0012631537527285914
Iteration: 70, relative residual: 0.0012630328459336383
Iteration: 71, relative residual: 0.001260840412240814
Iteration: 72, relative residual: 0.0012384235093658828
Iteration: 73, relative residual: 0.0012169092168202702
Iteration: 74, relative residual: 0.001213743082567789
Iteration: 75, relative residual: 0.001211892685839083
Iteration: 76, relative residual: 0.0012022770742511064
Iteration: 77, relative residual: 0.0011783929080167873
Iteration: 78, relative residual: 0.0011528174679294062
Iteration: 79, relative residual: 0.0011325736161309262
Iteration: 80, relative residual: 0.0011324986868958696
Iteration: 81, relative residual: 0.0011253135341138703
Iteration: 82, relative residual: 0.0011057413632071715
Iteration: 83, relative residual: 0.0010780874549663672
Iteration: 84, relative residual: 0.0010211595322702606
Iteration: 85, relative residual: 0.0010001964140659235
Iteration: 86, relative residual: 0.0009993820990112975
Iteration: 87, relative residual: 0.0009988127638674627
Iteration: 88, relative residual: 0.0009809608821866919
Iteration: 89, relative residual: 0.0009548176322350703
Iteration: 90, relative residual: 0.0009387811467031629
Iteration: 91, relative residual: 0.0009344048480582059
Iteration: 92, relative residual: 0.0009329773305459115
Iteration: 93, relative residual: 0.0009284048932546606
Iteration: 94, relative residual: 0.0009198039970744651
Iteration: 95, relative residual: 0.0008980648618112984
Iteration: 96, relative residual: 0.0008808260359912575
Iteration: 97, relative residual: 0.0008746830051086828
Iteration: 98, relative residual: 0.0008743334125300467
Iteration: 99, relative residual: 0.0008656727417280534
Iteration: 100, relative residual: 0.0008656727417280534
Residual: 0.0008656727417280534. Restart...
Iteration: 101, relative residual: 0.0008525987035945471
Iteration: 102, relative residual: 0.0008525586378551503
Iteration: 103, relative residual: 0.0008524006128097221
Iteration: 104, relative residual: 0.0008523975419940952
Iteration: 105, relative residual: 0.0008520348681205897
Iteration: 106, relative residual: 0.0008518198255095345
Iteration: 107, relative residual: 0.0008517879900746969
Iteration: 108, relative residual: 0.0008511530532950824
Iteration: 109, relative residual: 0.0008499224157079954
Iteration: 110, relative residual: 0.0008498727488620721
Iteration: 111, relative residual: 0.0008493288587252963
Iteration: 112, relative residual: 0.0008486314064035049
Iteration: 113, relative residual: 0.0008486306376227399
Iteration: 114, relative residual: 0.0008484976796795379
Iteration: 115, relative residual: 0.0008483691345249327
Iteration: 116, relative residual: 0.0008480543169159633
Iteration: 117, relative residual: 0.0008475387662761214
Iteration: 118, relative residual: 0.0008471802034837281
Iteration: 119, relative residual: 0.0008470477605809136
Iteration: 120, relative residual: 0.0008465083108144548
Iteration: 121, relative residual: 0.000845827894236298
Iteration: 122, relative residual: 0.0008457153848925413
Iteration: 123, relative residual: 0.000845709141257115
Iteration: 124, relative residual: 0.0008456377515301836
Iteration: 125, relative residual: 0.0008454617782633394
Iteration: 126, relative residual: 0.000845151180815999
Iteration: 127, relative residual: 0.0008445251118384117
Iteration: 128, relative residual: 0.0008441030504550384
Iteration: 129, relative residual: 0.000844037931680195
Iteration: 130, relative residual: 0.0008436501865966167
Iteration: 131, relative residual: 0.0008420815521337428
Iteration: 132, relative residual: 0.0008410099760060881
Iteration: 133, relative residual: 0.0008404077593518083
Iteration: 134, relative residual: 0.0008399407403371789
Iteration: 135, relative residual: 0.0008395082626963048
Iteration: 136, relative residual: 0.0008395059443975251
Iteration: 137, relative residual: 0.0008385867972865635
Iteration: 138, relative residual: 0.0008375486475695654
Iteration: 139, relative residual: 0.0008366139435230736
Iteration: 140, relative residual: 0.0008363991081431903
Iteration: 141, relative residual: 0.0008363666179915654
Iteration: 142, relative residual: 0.0008360428747492353
Iteration: 143, relative residual: 0.000834772298496846
Iteration: 144, relative residual: 0.0008318717592114002
Iteration: 145, relative residual: 0.0008297793224729194
Iteration: 146, relative residual: 0.0008271684621853957
Iteration: 147, relative residual: 0.0008271357065467659
Iteration: 148, relative residual: 0.0008262545654091732
Iteration: 149, relative residual: 0.0008251705941919927
Iteration: 150, relative residual: 0.0008235197605435862
Iteration: 151, relative residual: 0.0008205166503110361
Iteration: 152, relative residual: 0.0008194715038087099
Iteration: 153, relative residual: 0.0008179870335310375
Iteration: 154, relative residual: 0.0008158053820813691
Iteration: 155, relative residual: 0.0008126467178382542
Iteration: 156, relative residual: 0.0008063787627951944
Iteration: 157, relative residual: 0.0008055077576893657
Iteration: 158, relative residual: 0.000805501436656982
Iteration: 159, relative residual: 0.0008048717629441413
Iteration: 160, relative residual: 0.0007992584138687901
Iteration: 161, relative residual: 0.0007951965066787758
Iteration: 162, relative residual: 0.0007909090772632565
Iteration: 163, relative residual: 0.0007893743365080441
Iteration: 164, relative residual: 0.0007890372288301806
Iteration: 165, relative residual: 0.0007867491332129162
Iteration: 166, relative residual: 0.0007793737176470741
Iteration: 167, relative residual: 0.0007727936140401474
Iteration: 168, relative residual: 0.0007675642483908481
Iteration: 169, relative residual: 0.0007675220402104464
Iteration: 170, relative residual: 0.0007675162411688831
Iteration: 171, relative residual: 0.0007658396536500025
Iteration: 172, relative residual: 0.0007600262977751182
Iteration: 173, relative residual: 0.0007557965524865095
Iteration: 174, relative residual: 0.0007551942534760065
Iteration: 175, relative residual: 0.0007545255579045503
Iteration: 176, relative residual: 0.0007537705802620195
Iteration: 177, relative residual: 0.0007496672495546149
Iteration: 178, relative residual: 0.0007429560668573056
Iteration: 179, relative residual: 0.000737570107091393
Iteration: 180, relative residual: 0.0007373197915862114
Iteration: 181, relative residual: 0.0007329990300158855
Iteration: 182, relative residual: 0.0007272313081368241
Iteration: 183, relative residual: 0.0007204096246973819
Iteration: 184, relative residual: 0.0007165021497471354
Iteration: 185, relative residual: 0.0007158498597118856
Iteration: 186, relative residual: 0.0007155773749258224
Iteration: 187, relative residual: 0.0007130545347147084
Iteration: 188, relative residual: 0.0007063284386482645
Iteration: 189, relative residual: 0.0007003716774085558
Iteration: 190, relative residual: 0.0006991517165723642
Iteration: 191, relative residual: 0.0006987985300502311
Iteration: 192, relative residual: 0.0006952877987038857
Iteration: 193, relative residual: 0.0006874064405224852
Iteration: 194, relative residual: 0.0006838054952067588
Iteration: 195, relative residual: 0.0006837937282435327
Iteration: 196, relative residual: 0.0006833338828648756
Iteration: 197, relative residual: 0.0006805916005805447
Iteration: 198, relative residual: 0.000672693170286011
Iteration: 199, relative residual: 0.0006689095393183744
Iteration: 200, relative residual: 0.0006689095393183744
Residual: 0.0006689095393183744. Restart...
Iteration: 201, relative residual: 0.0006676333662903252
Iteration: 202, relative residual: 0.000667633317391678
Iteration: 203, relative residual: 0.0006676332225145395
Iteration: 204, relative residual: 0.0006676328916163652
Iteration: 205, relative residual: 0.0006676321506625866
Iteration: 206, relative residual: 0.0006676315261637615
Iteration: 207, relative residual: 0.0006676307066143002
Iteration: 208, relative residual: 0.0006676291052044091
Iteration: 209, relative residual: 0.0006676288109726608
Iteration: 210, relative residual: 0.0006676274440737555
Iteration: 211, relative residual: 0.0006676266660072626
Iteration: 212, relative residual: 0.000667615041080184
Iteration: 213, relative residual: 0.0006675769779768247
Iteration: 214, relative residual: 0.0006675737020625492
Iteration: 215, relative residual: 0.0006675014200938931
Iteration: 216, relative residual: 0.000667358728633971
Iteration: 217, relative residual: 0.0006671311299746783
Iteration: 218, relative residual: 0.0006669570609503829
Iteration: 219, relative residual: 0.0006669399730752005
Iteration: 220, relative residual: 0.0006666355510512313
Iteration: 221, relative residual: 0.0006662900001587519
Iteration: 222, relative residual: 0.0006662003571603841
Iteration: 223, relative residual: 0.0006661946084158107
Iteration: 224, relative residual: 0.0006660483323030854
Iteration: 225, relative residual: 0.000665840981859601
Iteration: 226, relative residual: 0.00066578563078008
Iteration: 227, relative residual: 0.0006657647619229298
Iteration: 228, relative residual: 0.0006657545346522602
Iteration: 229, relative residual: 0.0006657507054729948
Iteration: 230, relative residual: 0.0006656385202996503
Iteration: 231, relative residual: 0.0006655762417884867
Iteration: 232, relative residual: 0.0006655252063788241
Iteration: 233, relative residual: 0.0006654815838226775
Iteration: 234, relative residual: 0.0006650231629582659
Iteration: 235, relative residual: 0.0006647233493880842
Iteration: 236, relative residual: 0.0006640908586157132
Iteration: 237, relative residual: 0.0006636472642493238
Iteration: 238, relative residual: 0.0006633262975201813
Iteration: 239, relative residual: 0.0006632291787906971
Iteration: 240, relative residual: 0.0006631990823932556
Iteration: 241, relative residual: 0.0006627745547455224
Iteration: 242, relative residual: 0.0006619697143267751
Iteration: 243, relative residual: 0.0006615385211475236
Iteration: 244, relative residual: 0.000661476835335474
Iteration: 245, relative residual: 0.0006613952626540368
Iteration: 246, relative residual: 0.0006606528743267809
Iteration: 247, relative residual: 0.0006592409588920484
Iteration: 248, relative residual: 0.0006572685826204368
Iteration: 249, relative residual: 0.0006559497815509139
Iteration: 250, relative residual: 0.0006556037053881205
Iteration: 251, relative residual: 0.0006556033897323373
Iteration: 252, relative residual: 0.0006555386031790088
Iteration: 253, relative residual: 0.000654269086406945
Iteration: 254, relative residual: 0.0006534919860001909
Iteration: 255, relative residual: 0.0006534865307875994
Iteration: 256, relative residual: 0.0006534244225684123
Iteration: 257, relative residual: 0.0006528038752093945
Iteration: 258, relative residual: 0.0006517464650078846
Iteration: 259, relative residual: 0.00065075711854025
Iteration: 260, relative residual: 0.0006503852041636063
Iteration: 261, relative residual: 0.0006502508650459384
Iteration: 262, relative residual: 0.0006502452692101158
Iteration: 263, relative residual: 0.0006499404973688204
Iteration: 264, relative residual: 0.0006473917073957333
Iteration: 265, relative residual: 0.0006446131960326653
Iteration: 266, relative residual: 0.0006438969689952412
Iteration: 267, relative residual: 0.0006438702140513272
Iteration: 268, relative residual: 0.0006436817896802405
Iteration: 269, relative residual: 0.0006410724084581346
Iteration: 270, relative residual: 0.0006392151260267323
Iteration: 271, relative residual: 0.0006385565871578543
Iteration: 272, relative residual: 0.0006385149587109099
Iteration: 273, relative residual: 0.0006382430408663041
Iteration: 274, relative residual: 0.0006355205912059128
Iteration: 275, relative residual: 0.0006326720844538951
Iteration: 276, relative residual: 0.0006317123947226005
Iteration: 277, relative residual: 0.000631616546146
Iteration: 278, relative residual: 0.0006315164655432136
Iteration: 279, relative residual: 0.0006289416577753399
Iteration: 280, relative residual: 0.0006257889735105657
Iteration: 281, relative residual: 0.0006240778439960185
Iteration: 282, relative residual: 0.000624077705885466
Iteration: 283, relative residual: 0.0006227987604148328
Iteration: 284, relative residual: 0.0006173166675919967
Iteration: 285, relative residual: 0.0006112140418230721
Iteration: 286, relative residual: 0.000604933837087929
Iteration: 287, relative residual: 0.0006006414436122158
Iteration: 288, relative residual: 0.0006000171754809842
Iteration: 289, relative residual: 0.0005995522646084257
Iteration: 290, relative residual: 0.0005976810659638595
Iteration: 291, relative residual: 0.0005916252069570229
Iteration: 292, relative residual: 0.0005906987852601268
Iteration: 293, relative residual: 0.0005905469189688179
Iteration: 294, relative residual: 0.0005902162092225833
Iteration: 295, relative residual: 0.0005857652920513007
Iteration: 296, relative residual: 0.000578863884973597
Iteration: 297, relative residual: 0.0005764237598605631
Iteration: 298, relative residual: 0.000576358128974426
Iteration: 299, relative residual: 0.0005718597524976967
Iteration: 300, relative residual: 0.0005718597524976967
Residual: 0.0005718597524976967. Restart...
Iteration: 301, relative residual: 0.0005647694352082518
Iteration: 302, relative residual: 0.0005647673697915563
Iteration: 303, relative residual: 0.0005647400692891807
Iteration: 304, relative residual: 0.0005647399870603383
Iteration: 305, relative residual: 0.0005645898419877083
Iteration: 306, relative residual: 0.000564577899302932
Iteration: 307, relative residual: 0.0005645217458668711
Iteration: 308, relative residual: 0.0005643112482434745
Iteration: 309, relative residual: 0.0005642946152555038
Iteration: 310, relative residual: 0.0005640655580631344
Iteration: 311, relative residual: 0.0005637414361315464
Iteration: 312, relative residual: 0.0005637383992960495
Iteration: 313, relative residual: 0.0005635418996404362
Iteration: 314, relative residual: 0.0005630848464373605
Iteration: 315, relative residual: 0.0005626941450379723
Iteration: 316, relative residual: 0.0005625585400806077
Iteration: 317, relative residual: 0.0005625585155224092
Iteration: 318, relative residual: 0.000561991284530507
Iteration: 319, relative residual: 0.0005617763206599037
Iteration: 320, relative residual: 0.0005617752409483607
Iteration: 321, relative residual: 0.000561482480129597
Iteration: 322, relative residual: 0.0005609775669531529
Iteration: 323, relative residual: 0.000560288516080976
Iteration: 324, relative residual: 0.0005602419490344353
Iteration: 325, relative residual: 0.0005602269482101119
Iteration: 326, relative residual: 0.0005597116011123
Iteration: 327, relative residual: 0.0005586170592065298
Iteration: 328, relative residual: 0.0005576344929116144
Iteration: 329, relative residual: 0.0005575947179343734
Iteration: 330, relative residual: 0.0005573603502132263
Iteration: 331, relative residual: 0.000556279455894953
Iteration: 332, relative residual: 0.0005550280799745426
Iteration: 333, relative residual: 0.000554956848657788
Iteration: 334, relative residual: 0.0005549221983870213
Iteration: 335, relative residual: 0.0005542026637148959
Iteration: 336, relative residual: 0.0005527540523648363
Iteration: 337, relative residual: 0.0005517555568049873
Iteration: 338, relative residual: 0.000550980896582036
Iteration: 339, relative residual: 0.0005508487923457583
Iteration: 340, relative residual: 0.0005507414568015127
Iteration: 341, relative residual: 0.0005499285133248559
Iteration: 342, relative residual: 0.000547622045286227
Iteration: 343, relative residual: 0.0005474216778759979
Iteration: 344, relative residual: 0.0005473908689409578
Iteration: 345, relative residual: 0.0005468091850864675
Iteration: 346, relative residual: 0.0005456886723342731
Iteration: 347, relative residual: 0.0005441397375275838
Iteration: 348, relative residual: 0.0005403870231133717
Iteration: 349, relative residual: 0.000539874723243732
Iteration: 350, relative residual: 0.0005398652272032812
Iteration: 351, relative residual: 0.0005387990409841188
Iteration: 352, relative residual: 0.000537122027159932
Iteration: 353, relative residual: 0.0005355926161659794
Iteration: 354, relative residual: 0.0005353841553266201
Iteration: 355, relative residual: 0.0005351762700192169
Iteration: 356, relative residual: 0.0005347435819278027
Iteration: 357, relative residual: 0.0005324003909317592
Iteration: 358, relative residual: 0.0005299425613428572
Iteration: 359, relative residual: 0.000529630569090239
Iteration: 360, relative residual: 0.0005295793637597378
Iteration: 361, relative residual: 0.0005286680418403776
Iteration: 362, relative residual: 0.000526408437416327
Iteration: 363, relative residual: 0.0005238119417319542
Iteration: 364, relative residual: 0.0005222524375010151
Iteration: 365, relative residual: 0.0005221915619506425
Iteration: 366, relative residual: 0.0005207701847863001
Iteration: 367, relative residual: 0.0005192166457898208
Iteration: 368, relative residual: 0.0005168055195745294
Iteration: 369, relative residual: 0.0005141920772463685
Iteration: 370, relative residual: 0.0005128877593006562
Iteration: 371, relative residual: 0.0005127440694248878
Iteration: 372, relative residual: 0.0005125468489409669
Iteration: 373, relative residual: 0.0005116470747609366
Iteration: 374, relative residual: 0.0005098137731173632
Iteration: 375, relative residual: 0.0005084683064971576
Iteration: 376, relative residual: 0.0005084671718818812
Iteration: 377, relative residual: 0.0005080831550934097
Iteration: 378, relative residual: 0.0005067746320098503
Iteration: 379, relative residual: 0.0005054549149378227
Iteration: 380, relative residual: 0.000505219989704638
Iteration: 381, relative residual: 0.0005051934203480161
Iteration: 382, relative residual: 0.0005047984614851986
Iteration: 383, relative residual: 0.0005028292620661741
Iteration: 384, relative residual: 0.0005012255461963623
Iteration: 385, relative residual: 0.0005002335870214389
Iteration: 386, relative residual: 0.0005001914535652411
Iteration: 387, relative residual: 0.0004997240582198264
Iteration: 388, relative residual: 0.00049789183232508
Iteration: 389, relative residual: 0.0004949831469189542
Iteration: 390, relative residual: 0.0004936289571367342
Iteration: 391, relative residual: 0.0004921626909474084
Iteration: 392, relative residual: 0.0004920894203023391
Iteration: 393, relative residual: 0.0004912372702271986
Iteration: 394, relative residual: 0.0004901691012229485
Iteration: 395, relative residual: 0.00048858477694745
Iteration: 396, relative residual: 0.000488568111182352
Iteration: 397, relative residual: 0.0004876078155464907
Iteration: 398, relative residual: 0.0004842782769698052
Iteration: 399, relative residual: 0.0004789213912687698
Iteration: 400, relative residual: 0.0004789213912687698
Residual: 0.0004789213912687698. Restart...
Iteration: 401, relative residual: 0.00047675172038876603
Iteration: 402, relative residual: 0.00047675160948356125
Iteration: 403, relative residual: 0.0004767510023236692
Iteration: 404, relative residual: 0.00047675017501523127
Iteration: 405, relative residual: 0.00047674870911399564
Iteration: 406, relative residual: 0.0004767444501646396
Iteration: 407, relative residual: 0.00047673023966401473
Iteration: 408, relative residual: 0.0004767268406033123
Iteration: 409, relative residual: 0.0004767240456483574
Iteration: 410, relative residual: 0.00047669458842254745
Iteration: 411, relative residual: 0.00047664860249194233
Iteration: 412, relative residual: 0.0004766265547056747
Iteration: 413, relative residual: 0.0004766217797436891
Iteration: 414, relative residual: 0.0004765820907821022
Iteration: 415, relative residual: 0.00047658197424750505
Iteration: 416, relative residual: 0.0004765702338048623
Iteration: 417, relative residual: 0.00047650547530704324
Iteration: 418, relative residual: 0.00047646317638874334
Iteration: 419, relative residual: 0.00047645251166268546
Iteration: 420, relative residual: 0.0004762526254504723
Iteration: 421, relative residual: 0.0004758701250512494
Iteration: 422, relative residual: 0.00047542889295787416
Iteration: 423, relative residual: 0.0004748258419488633
Iteration: 424, relative residual: 0.0004742380493277401
Iteration: 425, relative residual: 0.00047357389099290123
Iteration: 426, relative residual: 0.00047303873418104724
Iteration: 427, relative residual: 0.00047303687723102114
Iteration: 428, relative residual: 0.00047286763934350915
Iteration: 429, relative residual: 0.0004726032646023091
Iteration: 430, relative residual: 0.0004724656054300352
Iteration: 431, relative residual: 0.0004724594096976956
Iteration: 432, relative residual: 0.0004722156211683666
Iteration: 433, relative residual: 0.0004719675905061947
Iteration: 434, relative residual: 0.00047189533903857636
Iteration: 435, relative residual: 0.0004716989228090658
Iteration: 436, relative residual: 0.0004710984167809572
Iteration: 437, relative residual: 0.0004701761230482116
Iteration: 438, relative residual: 0.0004698247357742346
Iteration: 439, relative residual: 0.0004698093831883704
Iteration: 440, relative residual: 0.0004694807368472963
Iteration: 441, relative residual: 0.0004691346598227858
Iteration: 442, relative residual: 0.00046905146271438445
Iteration: 443, relative residual: 0.00046885486028387506
Iteration: 444, relative residual: 0.00046884231263379333
Iteration: 445, relative residual: 0.00046883020970696284
Iteration: 446, relative residual: 0.0004687539060679767
Iteration: 447, relative residual: 0.00046787313858050617
Iteration: 448, relative residual: 0.0004668319641910318
Iteration: 449, relative residual: 0.00046657989768773584
Iteration: 450, relative residual: 0.0004665554130104817
Iteration: 451, relative residual: 0.00046654343501229066
Iteration: 452, relative residual: 0.0004664728354086828
Iteration: 453, relative residual: 0.0004661206629169769
Iteration: 454, relative residual: 0.00046567145771659344
Iteration: 455, relative residual: 0.0004654046684192899
Iteration: 456, relative residual: 0.00046535377801189986
Iteration: 457, relative residual: 0.00046375944471984
Iteration: 458, relative residual: 0.0004631817537223742
Iteration: 459, relative residual: 0.0004627572212291237
Iteration: 460, relative residual: 0.00046264710836635214
Iteration: 461, relative residual: 0.0004625002325469635
Iteration: 462, relative residual: 0.00046220355591332834
Iteration: 463, relative residual: 0.0004609174615513202
Iteration: 464, relative residual: 0.0004596760532222809
Iteration: 465, relative residual: 0.00045845049636338025
Iteration: 466, relative residual: 0.000458401107060934
Iteration: 467, relative residual: 0.00045801495061011094
Iteration: 468, relative residual: 0.000457907877368196
Iteration: 469, relative residual: 0.0004566201893161871
Iteration: 470, relative residual: 0.0004556011276353784
Iteration: 471, relative residual: 0.00045513945390649705
Iteration: 472, relative residual: 0.00045489189224738944
Iteration: 473, relative residual: 0.0004544289481634372
Iteration: 474, relative residual: 0.00045326013190289543
Iteration: 475, relative residual: 0.00045220906833301884
Iteration: 476, relative residual: 0.0004516419738971289
Iteration: 477, relative residual: 0.00045161643474397656
Iteration: 478, relative residual: 0.0004509192927230361
Iteration: 479, relative residual: 0.0004489785585583792
Iteration: 480, relative residual: 0.00044831654960873047
Iteration: 481, relative residual: 0.000448205402017288
Iteration: 482, relative residual: 0.0004479652594363128
Iteration: 483, relative residual: 0.0004476331478204282
Iteration: 484, relative residual: 0.0004463748414980148
Iteration: 485, relative residual: 0.000445258905071511
Iteration: 486, relative residual: 0.0004451848212471879
Iteration: 487, relative residual: 0.0004449227298253588
Iteration: 488, relative residual: 0.00044327756083297203
Iteration: 489, relative residual: 0.0004411707918304202
Iteration: 490, relative residual: 0.0004398054141339613
Iteration: 491, relative residual: 0.00043959290953002377
Iteration: 492, relative residual: 0.00043956653546245455
Iteration: 493, relative residual: 0.0004392526283071818
Iteration: 494, relative residual: 0.00043798818216582165
Iteration: 495, relative residual: 0.0004373645993342588
Iteration: 496, relative residual: 0.0004371102949631074
Iteration: 497, relative residual: 0.00043696096161372687
Iteration: 498, relative residual: 0.000435252640805949
Iteration: 499, relative residual: 0.0004326236942172574
Iteration: 500, relative residual: 0.0004326236942172574
Residual: 0.0004326236942172574. Restart...
Iteration: 501, relative residual: 0.00043194599949297947
Iteration: 502, relative residual: 0.00043194599750259467
Iteration: 503, relative residual: 0.000431945994834971
Iteration: 504, relative residual: 0.00043194596795479004
Iteration: 505, relative residual: 0.0004319459577616945
Iteration: 506, relative residual: 0.0004319458107486553
Iteration: 507, relative residual: 0.0004319457287708292
Iteration: 508, relative residual: 0.00043194572208052464
Iteration: 509, relative residual: 0.00043194560272332013
Iteration: 510, relative residual: 0.00043194560181110587
Iteration: 511, relative residual: 0.00043194405728182156
Iteration: 512, relative residual: 0.0004319386364402144
Iteration: 513, relative residual: 0.00043193734274099994
Iteration: 514, relative residual: 0.00043190478534761614
Iteration: 515, relative residual: 0.00043180076695659695
Iteration: 516, relative residual: 0.0004316169903409444
Iteration: 517, relative residual: 0.0004312588597931912
Iteration: 518, relative residual: 0.00043107100618899685
Iteration: 519, relative residual: 0.0004310582908614979
Iteration: 520, relative residual: 0.0004308428162552507
Iteration: 521, relative residual: 0.00043060373173055527
Iteration: 522, relative residual: 0.0004304823800268269
Iteration: 523, relative residual: 0.00043040905298335005
Iteration: 524, relative residual: 0.00043040025017485425
Iteration: 525, relative residual: 0.0004304000691312645
Iteration: 526, relative residual: 0.00043037559807131625
Iteration: 527, relative residual: 0.0004303377559717065
Iteration: 528, relative residual: 0.0004303304269055288
Iteration: 529, relative residual: 0.0004303298279239208
Iteration: 530, relative residual: 0.0004302960436393843
Iteration: 531, relative residual: 0.0004300917605805475
Iteration: 532, relative residual: 0.00042997135184556567
Iteration: 533, relative residual: 0.00042997129917379063
Iteration: 534, relative residual: 0.0004298145889327815
Iteration: 535, relative residual: 0.00042965564606019924
Iteration: 536, relative residual: 0.00042936892734490585
Iteration: 537, relative residual: 0.00042921300893703385
Iteration: 538, relative residual: 0.00042919910010843614
Iteration: 539, relative residual: 0.00042915516800668134
Iteration: 540, relative residual: 0.00042876611908047743
Iteration: 541, relative residual: 0.00042817420875795355
Iteration: 542, relative residual: 0.00042788934027998603
Iteration: 543, relative residual: 0.00042788842969364494
Iteration: 544, relative residual: 0.00042734632636347953
Iteration: 545, relative residual: 0.00042569422519010436
Iteration: 546, relative residual: 0.00042420481695673487
Iteration: 547, relative residual: 0.00042331458293952287
Iteration: 548, relative residual: 0.00042296620723728494
Iteration: 549, relative residual: 0.0004229656600777154
Iteration: 550, relative residual: 0.00042227258574220453
Iteration: 551, relative residual: 0.00042161073682500726
Iteration: 552, relative residual: 0.0004209734349451245
Iteration: 553, relative residual: 0.0004209727194216906
Iteration: 554, relative residual: 0.00042092452023522706
Iteration: 555, relative residual: 0.00042049582679686557
Iteration: 556, relative residual: 0.00042039744132473374
Iteration: 557, relative residual: 0.000420104441945838
Iteration: 558, relative residual: 0.00042002842521037925
Iteration: 559, relative residual: 0.0004200283873436105
Iteration: 560, relative residual: 0.0004198320209461911
Iteration: 561, relative residual: 0.0004192001845177129
Iteration: 562, relative residual: 0.0004186088307015602
Iteration: 563, relative residual: 0.0004181596254001867
Iteration: 564, relative residual: 0.0004181549248618098
Iteration: 565, relative residual: 0.0004179283835609365
Iteration: 566, relative residual: 0.0004171224977821515
Iteration: 567, relative residual: 0.00041625543845308377
Iteration: 568, relative residual: 0.00041568973288847924
Iteration: 569, relative residual: 0.0004153092775261273
Iteration: 570, relative residual: 0.0004153088866523434
Iteration: 571, relative residual: 0.000414422018125362
Iteration: 572, relative residual: 0.000413414756005218
Iteration: 573, relative residual: 0.00041237110220042914
Iteration: 574, relative residual: 0.00041219581103592805
Iteration: 575, relative residual: 0.00041214335286121563
Iteration: 576, relative residual: 0.0004108472101993576
Iteration: 577, relative residual: 0.00040901330059061035
Iteration: 578, relative residual: 0.0004087614458607495
Iteration: 579, relative residual: 0.00040875240322824736
Iteration: 580, relative residual: 0.00040848194115335776
Iteration: 581, relative residual: 0.00040825431774473535
Iteration: 582, relative residual: 0.0004075533835826352
Iteration: 583, relative residual: 0.0004067291084113532
Iteration: 584, relative residual: 0.0004063213938946875
Iteration: 585, relative residual: 0.00040620127982889283
Iteration: 586, relative residual: 0.000405446480554542
Iteration: 587, relative residual: 0.00040371460966659087
Iteration: 588, relative residual: 0.0004030563541659514
Iteration: 589, relative residual: 0.000403049833558229
Iteration: 590, relative residual: 0.00040293131230908423
Iteration: 591, relative residual: 0.00040207036693321106
Iteration: 592, relative residual: 0.000401353950534919
Iteration: 593, relative residual: 0.00040099842419827797
Iteration: 594, relative residual: 0.0004009948807175803
Iteration: 595, relative residual: 0.0004008497213382144
Iteration: 596, relative residual: 0.0003999641953569049
Iteration: 597, relative residual: 0.0003987668081198483
Iteration: 598, relative residual: 0.00039781482176507154
Iteration: 599, relative residual: 0.00039725993501649637
Iteration: 600, relative residual: 0.00039725993501649637
Residual: 0.00039725993501649637. Restart...
Iteration: 601, relative residual: 0.0003972557472712215
Iteration: 602, relative residual: 0.0003972557471917549
Iteration: 603, relative residual: 0.0003972557464992793
Iteration: 604, relative residual: 0.000397255744970854
Iteration: 605, relative residual: 0.00039725574289860115
Iteration: 606, relative residual: 0.0003972557293765601
Iteration: 607, relative residual: 0.0003972557240771705
Iteration: 608, relative residual: 0.0003972557237790181
Iteration: 609, relative residual: 0.00039725570242330946
Iteration: 610, relative residual: 0.00039725569912571875
Iteration: 611, relative residual: 0.000397254731567466
Iteration: 612, relative residual: 0.00039724802453214444
Iteration: 613, relative residual: 0.0003972213945656587
Iteration: 614, relative residual: 0.00039720985035923294
Iteration: 615, relative residual: 0.00039717659219559465
Iteration: 616, relative residual: 0.00039707533802548384
Iteration: 617, relative residual: 0.000396918549638583
Iteration: 618, relative residual: 0.00039689914016704717
Iteration: 619, relative residual: 0.0003968483578730273
Iteration: 620, relative residual: 0.0003966267834762557
Iteration: 621, relative residual: 0.00039632628567125685
Iteration: 622, relative residual: 0.0003961351704124588
Iteration: 623, relative residual: 0.00039591149040327955
Iteration: 624, relative residual: 0.0003957593890393778
Iteration: 625, relative residual: 0.00039553969742395705
Iteration: 626, relative residual: 0.00039539678678622055
Iteration: 627, relative residual: 0.00039539550580770626
Iteration: 628, relative residual: 0.0003953129253425639
Iteration: 629, relative residual: 0.00039515638096295673
Iteration: 630, relative residual: 0.00039504255953420875
Iteration: 631, relative residual: 0.00039504172115213616
Iteration: 632, relative residual: 0.0003949463123690748
Iteration: 633, relative residual: 0.0003947536151210306
Iteration: 634, relative residual: 0.00039458628437084213
Iteration: 635, relative residual: 0.00039455012321978677
Iteration: 636, relative residual: 0.00039438220285620886
Iteration: 637, relative residual: 0.0003937858866517966
Iteration: 638, relative residual: 0.0003933368232509975
Iteration: 639, relative residual: 0.000393015824085393
Iteration: 640, relative residual: 0.0003929922990497215
Iteration: 641, relative residual: 0.00039268627123969965
Iteration: 642, relative residual: 0.0003923911277066273
Iteration: 643, relative residual: 0.00039178395738128047
Iteration: 644, relative residual: 0.00039176161472342756
Iteration: 645, relative residual: 0.0003917584208578715
Iteration: 646, relative residual: 0.00039160867057598606
Iteration: 647, relative residual: 0.0003906976861820639
Iteration: 648, relative residual: 0.00039021234129118815
Iteration: 649, relative residual: 0.0003899316470353742
Iteration: 650, relative residual: 0.000389929210219012
Iteration: 651, relative residual: 0.00038984188542575754
Iteration: 652, relative residual: 0.0003897204784952793
Iteration: 653, relative residual: 0.00038950376592831586
Iteration: 654, relative residual: 0.0003893724309311811
Iteration: 655, relative residual: 0.00038937019947810953
Iteration: 656, relative residual: 0.00038936527861658425
Iteration: 657, relative residual: 0.00038918456882232235
Iteration: 658, relative residual: 0.0003889912057877737
Iteration: 659, relative residual: 0.00038897135928194664
Iteration: 660, relative residual: 0.00038896416833807053
Iteration: 661, relative residual: 0.00038887119161287514
Iteration: 662, relative residual: 0.00038845672760092853
Iteration: 663, relative residual: 0.00038771186382300987
Iteration: 664, relative residual: 0.00038715164985029783
Iteration: 665, relative residual: 0.0003867362340104368
Iteration: 666, relative residual: 0.0003867250556786421
Iteration: 667, relative residual: 0.0003862827086109748
Iteration: 668, relative residual: 0.00038548623625164725
Iteration: 669, relative residual: 0.00038467115798624605
Iteration: 670, relative residual: 0.0003846632548940867
Iteration: 671, relative residual: 0.0003845740530022798
Iteration: 672, relative residual: 0.0003842307128521682
Iteration: 673, relative residual: 0.00038353003533926454
Iteration: 674, relative residual: 0.00038330247357985466
Iteration: 675, relative residual: 0.00038275537224945997
Iteration: 676, relative residual: 0.00038268587491986194
Iteration: 677, relative residual: 0.00038258674497705804
Iteration: 678, relative residual: 0.000382188741653079
Iteration: 679, relative residual: 0.0003813246813493529
Iteration: 680, relative residual: 0.00038104091174452187
Iteration: 681, relative residual: 0.00038100139927736557
Iteration: 682, relative residual: 0.00038096420339292383
Iteration: 683, relative residual: 0.00038060023873846995
Iteration: 684, relative residual: 0.00037981605685522956
Iteration: 685, relative residual: 0.00037932537198695883
Iteration: 686, relative residual: 0.0003793208260287692
Iteration: 687, relative residual: 0.0003785462375823544
Iteration: 688, relative residual: 0.00037743520240998213
Iteration: 689, relative residual: 0.00037689000494211356
Iteration: 690, relative residual: 0.00037593819737932456
Iteration: 691, relative residual: 0.00037581396603363537
Iteration: 692, relative residual: 0.00037566770859782836
Iteration: 693, relative residual: 0.0003747516510072714
Iteration: 694, relative residual: 0.0003737948492415879
Iteration: 695, relative residual: 0.00037378269875278097
Iteration: 696, relative residual: 0.0003737706835623378
Iteration: 697, relative residual: 0.00037363046350492423
Iteration: 698, relative residual: 0.00037280168244010814
Iteration: 699, relative residual: 0.0003727035561244771
Iteration: 700, relative residual: 0.0003727035561244771
Residual: 0.0003727035561244771. Restart...
Iteration: 701, relative residual: 0.00037235763545026063
Iteration: 702, relative residual: 0.0003723576354393144
Iteration: 703, relative residual: 0.0003723576353476938
Iteration: 704, relative residual: 0.00037235763519202157
Iteration: 705, relative residual: 0.0003723576317129809
Iteration: 706, relative residual: 0.00037235763168328654
Iteration: 707, relative residual: 0.0003723576011638158
Iteration: 708, relative residual: 0.0003723574402283852
Iteration: 709, relative residual: 0.00037235740030902375
Iteration: 710, relative residual: 0.0003723566340960908
Iteration: 711, relative residual: 0.0003723523708450596
Iteration: 712, relative residual: 0.00037233521998094357
Iteration: 713, relative residual: 0.0003723131957694802
Iteration: 714, relative residual: 0.0003723127611032312
Iteration: 715, relative residual: 0.00037228292370437084
Iteration: 716, relative residual: 0.0003722248064476765
Iteration: 717, relative residual: 0.00037215920448340314
Iteration: 718, relative residual: 0.00037215715392248546
Iteration: 719, relative residual: 0.00037209557859128043
Iteration: 720, relative residual: 0.000371965697861493
Iteration: 721, relative residual: 0.0003717854525074486
Iteration: 722, relative residual: 0.00037165793930793705
Iteration: 723, relative residual: 0.00037153211368516376
Iteration: 724, relative residual: 0.00037149347736676453
Iteration: 725, relative residual: 0.0003714617083259866
Iteration: 726, relative residual: 0.00037144993945278514
Iteration: 727, relative residual: 0.00037143276244753083
Iteration: 728, relative residual: 0.00037139290869838326
Iteration: 729, relative residual: 0.00037135683112196795
Iteration: 730, relative residual: 0.00037135577369433004
Iteration: 731, relative residual: 0.00037128845148685224
Iteration: 732, relative residual: 0.0003710464499833466
Iteration: 733, relative residual: 0.00037093506160029954
Iteration: 734, relative residual: 0.0003709318411535325
Iteration: 735, relative residual: 0.0003708950728246378
Iteration: 736, relative residual: 0.0003706889412898727
Iteration: 737, relative residual: 0.00037052194208054824
Iteration: 738, relative residual: 0.0003705158127412835
Iteration: 739, relative residual: 0.00037051142298121013
Iteration: 740, relative residual: 0.0003702175325503353
Iteration: 741, relative residual: 0.00036973143513692783
Iteration: 742, relative residual: 0.00036946489959453906
Iteration: 743, relative residual: 0.00036941053586824466
Iteration: 744, relative residual: 0.0003693044370749846
Iteration: 745, relative residual: 0.0003687048387304914
Iteration: 746, relative residual: 0.00036817776990003367
Iteration: 747, relative residual: 0.00036757481685051276
Iteration: 748, relative residual: 0.0003672470373475274
Iteration: 749, relative residual: 0.00036715142527394027
Iteration: 750, relative residual: 0.00036707855212362206
Iteration: 751, relative residual: 0.00036664937940122683
Iteration: 752, relative residual: 0.00036609635848126637
Iteration: 753, relative residual: 0.0003658035080276638
Iteration: 754, relative residual: 0.0003657181933625997
Iteration: 755, relative residual: 0.00036571423006054207
Iteration: 756, relative residual: 0.00036570214699813234
Iteration: 757, relative residual: 0.00036532501534654766
Iteration: 758, relative residual: 0.0003650656411234383
Iteration: 759, relative residual: 0.0003650460842872253
Iteration: 760, relative residual: 0.0003650290497911985
Iteration: 761, relative residual: 0.00036458687409251465
Iteration: 762, relative residual: 0.0003639995668271537
Iteration: 763, relative residual: 0.0003639020986341359
Iteration: 764, relative residual: 0.00036390182747704264
Iteration: 765, relative residual: 0.000363901753500818
Iteration: 766, relative residual: 0.00036355582554362575
Iteration: 767, relative residual: 0.00036267386468645925
Iteration: 768, relative residual: 0.00036190598562237466
Iteration: 769, relative residual: 0.0003615514333207373
Iteration: 770, relative residual: 0.00036155105189216135
Iteration: 771, relative residual: 0.00036127334753325305
Iteration: 772, relative residual: 0.00036051330669339813
Iteration: 773, relative residual: 0.00036002128980258864
Iteration: 774, relative residual: 0.00035942644137431414
Iteration: 775, relative residual: 0.00035936464543167077
Iteration: 776, relative residual: 0.00035929401799308545
Iteration: 777, relative residual: 0.00035841845560431013
Iteration: 778, relative residual: 0.0003577893915353958
Iteration: 779, relative residual: 0.000357423634811048
Iteration: 780, relative residual: 0.00035738738330499785
Iteration: 781, relative residual: 0.0003571554122213089
Iteration: 782, relative residual: 0.00035661337953146375
Iteration: 783, relative residual: 0.0003561507224604802
Iteration: 784, relative residual: 0.00035556774194814246
Iteration: 785, relative residual: 0.0003555273033207263
Iteration: 786, relative residual: 0.0003550677321507918
Iteration: 787, relative residual: 0.0003542480383663722
Iteration: 788, relative residual: 0.00035342503547577784
Iteration: 789, relative residual: 0.00035284508552278966
Iteration: 790, relative residual: 0.0003527911332066216
Iteration: 791, relative residual: 0.0003516625667571288
Iteration: 792, relative residual: 0.00035075492171387314
Iteration: 793, relative residual: 0.0003503258147791546
Iteration: 794, relative residual: 0.0003500380695537955
Iteration: 795, relative residual: 0.0003500334661119549
Iteration: 796, relative residual: 0.00034905725448121085
Iteration: 797, relative residual: 0.00034770958313267694
Iteration: 798, relative residual: 0.0003474820781502199
Iteration: 799, relative residual: 0.0003471410678549726
Iteration: 800, relative residual: 0.0003471410678549726
Residual: 0.0003471410678549726. Restart...
Iteration: 801, relative residual: 0.00034704607287990057
Iteration: 802, relative residual: 0.00034704607287465005
Iteration: 803, relative residual: 0.0003470460726504428
Iteration: 804, relative residual: 0.00034704607249618765
Iteration: 805, relative residual: 0.0003470460703359435
Iteration: 806, relative residual: 0.00034704607028855893
Iteration: 807, relative residual: 0.0003470460630842359
Iteration: 808, relative residual: 0.00034704601183261827
Iteration: 809, relative residual: 0.00034704561424002124
Iteration: 810, relative residual: 0.0003470440939498888
Iteration: 811, relative residual: 0.000347043814980129
Iteration: 812, relative residual: 0.0003470376928528808
Iteration: 813, relative residual: 0.0003470191560904884
Iteration: 814, relative residual: 0.00034700822184886615
Iteration: 815, relative residual: 0.00034699405113766647
Iteration: 816, relative residual: 0.00034694673791861716
Iteration: 817, relative residual: 0.0003468446113948806
Iteration: 818, relative residual: 0.0003468254254856415
Iteration: 819, relative residual: 0.0003468095742963359
Iteration: 820, relative residual: 0.0003467078380014011
Iteration: 821, relative residual: 0.00034656054565959546
Iteration: 822, relative residual: 0.0003463946022815172
Iteration: 823, relative residual: 0.00034615070950873685
Iteration: 824, relative residual: 0.0003459697800140789
Iteration: 825, relative residual: 0.00034570109703810646
Iteration: 826, relative residual: 0.00034553409655532335
Iteration: 827, relative residual: 0.00034553278811583346
Iteration: 828, relative residual: 0.0003454317522745592
Iteration: 829, relative residual: 0.0003452474621212653
Iteration: 830, relative residual: 0.00034507612916657597
Iteration: 831, relative residual: 0.0003450260876745907
Iteration: 832, relative residual: 0.0003450149924036609
Iteration: 833, relative residual: 0.0003449452554093355
Iteration: 834, relative residual: 0.0003447577229632495
Iteration: 835, relative residual: 0.0003445787266848853
Iteration: 836, relative residual: 0.0003445546337407307
Iteration: 837, relative residual: 0.00034437578956076454
Iteration: 838, relative residual: 0.00034411548185665395
Iteration: 839, relative residual: 0.000343552876060117
Iteration: 840, relative residual: 0.0003432679332730833
Iteration: 841, relative residual: 0.000343233201304203
Iteration: 842, relative residual: 0.00034307464685462056
Iteration: 843, relative residual: 0.00034237204885508195
Iteration: 844, relative residual: 0.00034219572634482966
Iteration: 845, relative residual: 0.0003421850379814143
Iteration: 846, relative residual: 0.0003420129063403901
Iteration: 847, relative residual: 0.0003413607334563213
Iteration: 848, relative residual: 0.00034097097489559335
Iteration: 849, relative residual: 0.00034076630177066623
Iteration: 850, relative residual: 0.00034076371255927504
Iteration: 851, relative residual: 0.00034075503501908733
Iteration: 852, relative residual: 0.0003405603739919095
Iteration: 853, relative residual: 0.00034015999431857467
Iteration: 854, relative residual: 0.0003399402998124301
Iteration: 855, relative residual: 0.0003398714651025791
Iteration: 856, relative residual: 0.0003398521805691346
Iteration: 857, relative residual: 0.0003397811109853814
Iteration: 858, relative residual: 0.00033949109073946404
Iteration: 859, relative residual: 0.00033924936031228106
Iteration: 860, relative residual: 0.0003387884595365683
Iteration: 861, relative residual: 0.00033865539303593495
Iteration: 862, relative residual: 0.0003385842292285479
Iteration: 863, relative residual: 0.00033853808119068405
Iteration: 864, relative residual: 0.0003383103749481165
Iteration: 865, relative residual: 0.00033709442825273885
Iteration: 866, relative residual: 0.0003368208503835005
Iteration: 867, relative residual: 0.0003366671876642696
Iteration: 868, relative residual: 0.00033633570059012335
Iteration: 869, relative residual: 0.00033535508268343385
Iteration: 870, relative residual: 0.0003351275771537178
Iteration: 871, relative residual: 0.00033512048586555667
Iteration: 872, relative residual: 0.00033503475705638606
Iteration: 873, relative residual: 0.00033459346730024115
Iteration: 874, relative residual: 0.00033428966185556605
Iteration: 875, relative residual: 0.0003339733355508537
Iteration: 876, relative residual: 0.00033397332572545116
Iteration: 877, relative residual: 0.00033353673789568607
Iteration: 878, relative residual: 0.00033335908252359
Iteration: 879, relative residual: 0.00033290382570318595
Iteration: 880, relative residual: 0.0003326023579782016
Iteration: 881, relative residual: 0.00033258383430997404
Iteration: 882, relative residual: 0.0003323676414192373
Iteration: 883, relative residual: 0.0003319609258737867
Iteration: 884, relative residual: 0.00033171420828409504
Iteration: 885, relative residual: 0.00033125304723369595
Iteration: 886, relative residual: 0.00033094069381561114
Iteration: 887, relative residual: 0.0003307925111544235
Iteration: 888, relative residual: 0.0003303181506212013
Iteration: 889, relative residual: 0.00032999702599214014
Iteration: 890, relative residual: 0.00032897138369215466
Iteration: 891, relative residual: 0.00032896099548012037
Iteration: 892, relative residual: 0.00032891048079623867
Iteration: 893, relative residual: 0.0003284569009237434
Iteration: 894, relative residual: 0.000327175280404017
Iteration: 895, relative residual: 0.0003270070870664735
Iteration: 896, relative residual: 0.00032698717510682904
Iteration: 897, relative residual: 0.0003264970048374812
Iteration: 898, relative residual: 0.0003242551841691388
Iteration: 899, relative residual: 0.00032123422255331827
Iteration: 900, relative residual: 0.00032123422255331827
Residual: 0.00032123422255331827. Restart...
Iteration: 901, relative residual: 0.0003188260360690453
Iteration: 902, relative residual: 0.00031882584061491216
Iteration: 903, relative residual: 0.00031881373197970036
Iteration: 904, relative residual: 0.00031881350861525824
Iteration: 905, relative residual: 0.00031877181620893635
Iteration: 906, relative residual: 0.00031876831281340716
Iteration: 907, relative residual: 0.0003187310637465117
Iteration: 908, relative residual: 0.00031864015649560795
Iteration: 909, relative residual: 0.0003186300199478285
Iteration: 910, relative residual: 0.0003185644764952856
Iteration: 911, relative residual: 0.00031827268089861096
Iteration: 912, relative residual: 0.00031795142642408226
Iteration: 913, relative residual: 0.000317654239722749
Iteration: 914, relative residual: 0.00031762270753158653
Iteration: 915, relative residual: 0.00031737377235820937
Iteration: 916, relative residual: 0.00031714372127999703
Iteration: 917, relative residual: 0.0003171048960912226
Iteration: 918, relative residual: 0.00031691156371902845
Iteration: 919, relative residual: 0.00031671163161154693
Iteration: 920, relative residual: 0.0003166553380578048
Iteration: 921, relative residual: 0.0003166486213866843
Iteration: 922, relative residual: 0.0003165748939942156
Iteration: 923, relative residual: 0.0003163451590499673
Iteration: 924, relative residual: 0.00031607199659608356
Iteration: 925, relative residual: 0.0003154633883205359
Iteration: 926, relative residual: 0.0003151821733938736
Iteration: 927, relative residual: 0.00031515656054069717
Iteration: 928, relative residual: 0.0003150744289891214
Iteration: 929, relative residual: 0.0003149832241795514
Iteration: 930, relative residual: 0.0003149624081392743
Iteration: 931, relative residual: 0.000314962388880561
Iteration: 932, relative residual: 0.000314886524052446
Iteration: 933, relative residual: 0.0003148238511587266
Iteration: 934, relative residual: 0.00031453424090684416
Iteration: 935, relative residual: 0.0003144820836120559
Iteration: 936, relative residual: 0.00031444992596634127
Iteration: 937, relative residual: 0.0003143700471682366
Iteration: 938, relative residual: 0.00031427723391858666
Iteration: 939, relative residual: 0.0003142366426511263
Iteration: 940, relative residual: 0.00031403532606798224
Iteration: 941, relative residual: 0.0003137050777759725
Iteration: 942, relative residual: 0.0003130833188857492
Iteration: 943, relative residual: 0.0003124979939943018
Iteration: 944, relative residual: 0.0003120223640904695
Iteration: 945, relative residual: 0.0003119011687959672
Iteration: 946, relative residual: 0.000311901163355076
Iteration: 947, relative residual: 0.0003116343880410672
Iteration: 948, relative residual: 0.00031151264516060816
Iteration: 949, relative residual: 0.0003112983126246633
Iteration: 950, relative residual: 0.00031090461148021475
Iteration: 951, relative residual: 0.0003108264257171993
Iteration: 952, relative residual: 0.00031076352416531134
Iteration: 953, relative residual: 0.00031064819305630197
Iteration: 954, relative residual: 0.00031041232186184125
Iteration: 955, relative residual: 0.00031038863951857935
Iteration: 956, relative residual: 0.0003103486974596171
Iteration: 957, relative residual: 0.00031021966110651115
Iteration: 958, relative residual: 0.0003101491050006917
Iteration: 959, relative residual: 0.00030997324634597493
Iteration: 960, relative residual: 0.00030987299330975714
Iteration: 961, relative residual: 0.000309740716209028
Iteration: 962, relative residual: 0.0003096876024164746
Iteration: 963, relative residual: 0.00030951925313308504
Iteration: 964, relative residual: 0.00030864527483870607
Iteration: 965, relative residual: 0.0003072323512127087
Iteration: 966, relative residual: 0.00030719562062614007
Iteration: 967, relative residual: 0.0003070224718682862
Iteration: 968, relative residual: 0.00030666595834456247
Iteration: 969, relative residual: 0.0003058994468356873
Iteration: 970, relative residual: 0.00030540830827889835
Iteration: 971, relative residual: 0.0003053751918617114
Iteration: 972, relative residual: 0.00030536507281223296
Iteration: 973, relative residual: 0.00030535837120240766
Iteration: 974, relative residual: 0.0003053583374897681
Iteration: 975, relative residual: 0.0003043502131082466
Iteration: 976, relative residual: 0.0003036183400323229
Iteration: 977, relative residual: 0.0003034216588541894
Iteration: 978, relative residual: 0.0003034023763428985
Iteration: 979, relative residual: 0.00030312088393298826
Iteration: 980, relative residual: 0.00030232824334358604
Iteration: 981, relative residual: 0.00030180605135788236
Iteration: 982, relative residual: 0.0003017836058869357
Iteration: 983, relative residual: 0.0003013280257091144
Iteration: 984, relative residual: 0.00029943694827605657
Iteration: 985, relative residual: 0.0002990834731331249
Iteration: 986, relative residual: 0.00029907725291536576
Iteration: 987, relative residual: 0.00029907476809222457
Iteration: 988, relative residual: 0.00029890392564423736
Iteration: 989, relative residual: 0.0002986339652956999
Iteration: 990, relative residual: 0.00029785892355974053
Iteration: 991, relative residual: 0.0002978165423532313
Iteration: 992, relative residual: 0.0002977993279680393
Iteration: 993, relative residual: 0.00029770528662726115
Iteration: 994, relative residual: 0.000297230136394583
Iteration: 995, relative residual: 0.0002969539955358417
Iteration: 996, relative residual: 0.0002968430258233303
Iteration: 997, relative residual: 0.0002968419813092588
Iteration: 998, relative residual: 0.00029677963637207656
Iteration: 999, relative residual: 0.00029646843041987626
Iteration: 1000, relative residual: 0.00029646843041987626
Residual: 0.00029646843041987626. Restart...
Warning!!!!You have reached the maximum number of iterations : 1000.
The run will stop. Check the residual behaviour you might have a bug.For future runs you might consider changing the tolerance or increasing the number of max_iter.
Solve time        : 9880.877340316772s

Calculate Solvation Energy (E_solv)
Calculating solvation energy for region 1, stored in E_solv[0]
6158.809182209469 of 638978 analytical integrals for phi_reac calculation in region 1
Time E_solv: 29.80371069908142s
Region 1: E_solv = -9413.736121533053 kcal/mol = -39387.0719324943 kJ/mol

Calculate Surface Energy (E_surf)
Time E_surf: 0.020854711532592773s

Calculate Coulomb Energy (E_coul)
Calculate Coulomb energy for region 1
Region 1: E_coul = -295166.2877046968 kcal/mol = -1234975.7477564516 kJ/mol
Time E_coul: 34.57942175865173s

------------------------------
Totals:
E_solv = -9413.736121533053 kcal/mol
E_surf = 0 kcal/mol
E_coul = -295166.2877046968 kcal/mol

Time = 10036.522805213928 s
