Run started on:
	Date: 2020/5/24
	Time: 22:26:12
	PyGBe version: 0.3.2+5.gea0f875
Config file: /cobra/u/gvargas/code/hPB/pygbe/pygbe/myCrownFinShots/sarsCov2002/snap4/snap4.config
Parameter file: /cobra/u/gvargas/code/hPB/pygbe/pygbe/myCrownFinShots/sarsCov2002/snap4/snap4.param
Geometry folder: /cobra/u/gvargas/code/hPB/pygbe/pygbe/myCrownFinShots/sarsCov2002/snap4/geometry
Running in: /cobra/u/gvargas/code/hPB/pygbe/pygbe/myCrownFinShots/sarsCov2002/snap4

Reading surface 0 from file geometry/crownVF2002
Time load mesh: 10.452725648880005
Removed areas=0: 206

Total elements : 622400
Total equations: 1244800
----------------------------

1 surfaces:

Surface 0:
	622400 elements
	Surface type         : dielectric_interface
	Cells                : 3814
	Twigs                : 3229
	Levels               : 7
	C0 size              : 121.0630089448695
	C0 box center        : 68.87881571283204, 91.93233304091686, 132.4287420254927
	Twig cell size       : 1.8916095147635859
	Rbox/theta           : 3.7832190295271717
	Analytic distance    : 1.2980727495844886
	Elem. per Ang^2      : 4.158179081359858
	Max, min, avg elem.  : 1.4259762849686646, 4.999999999763533e-07, 0.24048988281499603
	Total area           : 149680.90306405353
------------------------------

2 regions:

Region 0:
	Laplace or Yukawa: 2
	kappa            : 0.125
	dielectric const : 80.0
	Number of charges: 0
	Parent surface   : []
	Child surfaces   : [0]
Region 1:
	Laplace or Yukawa: 1
	kappa            : 1e-12
	dielectric const : 4.0
	Number of charges: 60332
	Parent surface   : [0]
	Child surfaces   : []
------------------------------

Parameters:
	Data type               : <class 'numpy.float64'>
	Use GPU                 : 1
	P                       : 4
	threshold               : 0.50
	theta                   : 0.50
	NCRIT                   : 500
	CUDA block size         : 128
	Gauss points per element: 1
	Gauss points near singlr: 25
	1D Gauss points per side: 9
	GMRES tolerance         : 1e-05
	GMRES max iterations    : 1000
	GMRES restart iteration : 100
----------------------------

Generate interaction list
Transfer data to GPU
Generate RHS
List time          : 3.579639434814453s
Data transfer time : 0.4413728713989258s
RHS generation time: 2.729943037033081s
------------------------------
Total setup time   : 81.18227195739746s
Solve
Iteration: 1, relative residual: 0.35334399633351954
Iteration: 2, relative residual: 0.22904463415479684
Iteration: 3, relative residual: 0.17542671211784558
Iteration: 4, relative residual: 0.1484521050168688
Iteration: 5, relative residual: 0.1131199353885176
Iteration: 6, relative residual: 0.08750666332388574
Iteration: 7, relative residual: 0.07247887273662022
Iteration: 8, relative residual: 0.062226550300450795
Iteration: 9, relative residual: 0.05212149607447117
Iteration: 10, relative residual: 0.04276675600033987
Iteration: 11, relative residual: 0.03878789289264097
Iteration: 12, relative residual: 0.031360607946750545
Iteration: 13, relative residual: 0.02765759992474614
Iteration: 14, relative residual: 0.02321301276913666
Iteration: 15, relative residual: 0.022160805852611012
Iteration: 16, relative residual: 0.021427994519078588
Iteration: 17, relative residual: 0.015547341922859793
Iteration: 18, relative residual: 0.013542237636160175
Iteration: 19, relative residual: 0.013520263261236717
Iteration: 20, relative residual: 0.012257185070639451
Iteration: 21, relative residual: 0.010449038304982195
Iteration: 22, relative residual: 0.009371578939250726
Iteration: 23, relative residual: 0.007960125647236927
Iteration: 24, relative residual: 0.007471101832574128
Iteration: 25, relative residual: 0.007416117599288817
Iteration: 26, relative residual: 0.006838867548469826
Iteration: 27, relative residual: 0.006086828750629304
Iteration: 28, relative residual: 0.0053870699401471715
Iteration: 29, relative residual: 0.004669063092131701
Iteration: 30, relative residual: 0.0041892679914560015
Iteration: 31, relative residual: 0.0038116403665681368
Iteration: 32, relative residual: 0.00341602066046179
Iteration: 33, relative residual: 0.0032501073668135703
Iteration: 34, relative residual: 0.002995842212084718
Iteration: 35, relative residual: 0.0026022541670309503
Iteration: 36, relative residual: 0.002380053219456402
Iteration: 37, relative residual: 0.002188372252935452
Iteration: 38, relative residual: 0.0020541219672641255
Iteration: 39, relative residual: 0.0020041612323070577
Iteration: 40, relative residual: 0.00199559542663477
Iteration: 41, relative residual: 0.001992663776108017
Iteration: 42, relative residual: 0.0018918924095044705
Iteration: 43, relative residual: 0.0018083573400854208
Iteration: 44, relative residual: 0.0016729821614795604
Iteration: 45, relative residual: 0.0015668416834521465
Iteration: 46, relative residual: 0.0014856328056990274
Iteration: 47, relative residual: 0.0014316462455745158
Iteration: 48, relative residual: 0.0013892640321724991
Iteration: 49, relative residual: 0.0013858702010032858
Iteration: 50, relative residual: 0.0013799640006654935
Iteration: 51, relative residual: 0.0013503531970045712
Iteration: 52, relative residual: 0.0012966201943505557
Iteration: 53, relative residual: 0.0012700218465673944
Iteration: 54, relative residual: 0.0012217093622782194
Iteration: 55, relative residual: 0.0012205850743483208
Iteration: 56, relative residual: 0.0011998820890983756
Iteration: 57, relative residual: 0.00118104749401616
Iteration: 58, relative residual: 0.0011668994742934857
Iteration: 59, relative residual: 0.0011581342134504519
Iteration: 60, relative residual: 0.0011580970108526726
Iteration: 61, relative residual: 0.0011531317269672446
Iteration: 62, relative residual: 0.001139242158533104
Iteration: 63, relative residual: 0.0011246609639926017
Iteration: 64, relative residual: 0.001110949862782879
Iteration: 65, relative residual: 0.001109522508224129
Iteration: 66, relative residual: 0.0010833185396584369
Iteration: 67, relative residual: 0.0010635930855909187
Iteration: 68, relative residual: 0.0010270125232339836
Iteration: 69, relative residual: 0.0010194241279031988
Iteration: 70, relative residual: 0.0010193109758375955
Iteration: 71, relative residual: 0.0010075213493715863
Iteration: 72, relative residual: 0.0009686361284865393
Iteration: 73, relative residual: 0.0009298777466455703
Iteration: 74, relative residual: 0.0008641685627843291
Iteration: 75, relative residual: 0.0008386593867548499
Iteration: 76, relative residual: 0.0008379237850347144
Iteration: 77, relative residual: 0.0008233477451348841
Iteration: 78, relative residual: 0.0007823458619255621
Iteration: 79, relative residual: 0.0007413567587848561
Iteration: 80, relative residual: 0.0007051317601508054
Iteration: 81, relative residual: 0.0006997082698996302
Iteration: 82, relative residual: 0.0006992724836893216
Iteration: 83, relative residual: 0.0006863754214953131
Iteration: 84, relative residual: 0.0006644920759372892
Iteration: 85, relative residual: 0.0006365180180694891
Iteration: 86, relative residual: 0.0006102761664322844
Iteration: 87, relative residual: 0.0005939049321315285
Iteration: 88, relative residual: 0.0005865368597520809
Iteration: 89, relative residual: 0.0005864146519719955
Iteration: 90, relative residual: 0.0005849851763244889
Iteration: 91, relative residual: 0.0005772234345535177
Iteration: 92, relative residual: 0.0005703036012367423
Iteration: 93, relative residual: 0.000551856241605208
Iteration: 94, relative residual: 0.000540750906932677
Iteration: 95, relative residual: 0.0005365405992157998
Iteration: 96, relative residual: 0.0005365394103097165
Iteration: 97, relative residual: 0.0005340697016338553
Iteration: 98, relative residual: 0.0005211932819695334
Iteration: 99, relative residual: 0.0005023871221632339
Iteration: 100, relative residual: 0.0005023871221632339
Residual: 0.0005023871221632339. Restart...
Iteration: 101, relative residual: 0.0004897042690642754
Iteration: 102, relative residual: 0.0004895616646304249
Iteration: 103, relative residual: 0.0004894420394294166
Iteration: 104, relative residual: 0.0004889748126726751
Iteration: 105, relative residual: 0.0004888997547353437
Iteration: 106, relative residual: 0.00048814666631784347
Iteration: 107, relative residual: 0.00048726562819708286
Iteration: 108, relative residual: 0.000487166520092766
Iteration: 109, relative residual: 0.00048647977829255595
Iteration: 110, relative residual: 0.0004848333921982461
Iteration: 111, relative residual: 0.0004843533674935102
Iteration: 112, relative residual: 0.0004833373561093302
Iteration: 113, relative residual: 0.0004828537415696116
Iteration: 114, relative residual: 0.0004826657753199231
Iteration: 115, relative residual: 0.0004823809424025569
Iteration: 116, relative residual: 0.00048196447534001066
Iteration: 117, relative residual: 0.0004818524126771838
Iteration: 118, relative residual: 0.00048085479125380647
Iteration: 119, relative residual: 0.0004804124891680715
Iteration: 120, relative residual: 0.00047960965686926366
Iteration: 121, relative residual: 0.00047826310682569335
Iteration: 122, relative residual: 0.00047685887635914105
Iteration: 123, relative residual: 0.00047510403708961416
Iteration: 124, relative residual: 0.0004740902574125046
Iteration: 125, relative residual: 0.0004739511788972931
Iteration: 126, relative residual: 0.00047393040487260827
Iteration: 127, relative residual: 0.0004738159842828599
Iteration: 128, relative residual: 0.0004731780927927239
Iteration: 129, relative residual: 0.0004710185460084279
Iteration: 130, relative residual: 0.00046951533115633444
Iteration: 131, relative residual: 0.0004689859215458685
Iteration: 132, relative residual: 0.00046895325000567245
Iteration: 133, relative residual: 0.0004687457906546907
Iteration: 134, relative residual: 0.00046683240086841445
Iteration: 135, relative residual: 0.0004603733773532434
Iteration: 136, relative residual: 0.0004576517035114485
Iteration: 137, relative residual: 0.0004571209608055899
Iteration: 138, relative residual: 0.00045671473149524506
Iteration: 139, relative residual: 0.00045554113441746013
Iteration: 140, relative residual: 0.0004535723569944429
Iteration: 141, relative residual: 0.0004503831822366081
Iteration: 142, relative residual: 0.0004435097183351965
Iteration: 143, relative residual: 0.0004413677187296038
Iteration: 144, relative residual: 0.0004403309971189369
Iteration: 145, relative residual: 0.00044024889094603214
Iteration: 146, relative residual: 0.00043949790544473943
Iteration: 147, relative residual: 0.0004349009249738699
Iteration: 148, relative residual: 0.0004311624642262364
Iteration: 149, relative residual: 0.00042446608195504103
Iteration: 150, relative residual: 0.00042317793825055744
Iteration: 151, relative residual: 0.0004231367647866013
Iteration: 152, relative residual: 0.00041695935551057454
Iteration: 153, relative residual: 0.00041513463321750485
Iteration: 154, relative residual: 0.00041166036625496326
Iteration: 155, relative residual: 0.0004111026263377096
Iteration: 156, relative residual: 0.00041109852200631246
Iteration: 157, relative residual: 0.00041086503595087374
Iteration: 158, relative residual: 0.00040995442092175126
Iteration: 159, relative residual: 0.00040641840631826687
Iteration: 160, relative residual: 0.00040268203258727047
Iteration: 161, relative residual: 0.0004020578659836668
Iteration: 162, relative residual: 0.0004018747232292962
Iteration: 163, relative residual: 0.0003998968700887343
Iteration: 164, relative residual: 0.0003905393928234494
Iteration: 165, relative residual: 0.00038039534665429474
Iteration: 166, relative residual: 0.00037733740212014436
Iteration: 167, relative residual: 0.0003760241136283358
Iteration: 168, relative residual: 0.00037525851347910733
Iteration: 169, relative residual: 0.0003748767734527478
Iteration: 170, relative residual: 0.0003725938058801133
Iteration: 171, relative residual: 0.0003701259168818475
Iteration: 172, relative residual: 0.00036668066027493795
Iteration: 173, relative residual: 0.0003660056336162436
Iteration: 174, relative residual: 0.00036585380871481454
Iteration: 175, relative residual: 0.00036382090450003384
Iteration: 176, relative residual: 0.000361762840915087
Iteration: 177, relative residual: 0.0003572323506120682
Iteration: 178, relative residual: 0.00035177398729927293
Iteration: 179, relative residual: 0.00034966948452581844
Iteration: 180, relative residual: 0.0003490908319681134
Iteration: 181, relative residual: 0.00034541418541996746
Iteration: 182, relative residual: 0.0003431467789215473
Iteration: 183, relative residual: 0.0003396417367418764
Iteration: 184, relative residual: 0.00033853054883690184
Iteration: 185, relative residual: 0.0003383606012374471
Iteration: 186, relative residual: 0.000338323631193189
Iteration: 187, relative residual: 0.00033801877759453297
Iteration: 188, relative residual: 0.0003379364855490505
Iteration: 189, relative residual: 0.000336774461993719
Iteration: 190, relative residual: 0.0003363388162979918
Iteration: 191, relative residual: 0.000336256028489943
Iteration: 192, relative residual: 0.00033581872720253787
Iteration: 193, relative residual: 0.00033543466931795237
Iteration: 194, relative residual: 0.00033543466173257955
Iteration: 195, relative residual: 0.00033543429525953195
Iteration: 196, relative residual: 0.00033503143360706785
Iteration: 197, relative residual: 0.0003336510352246399
Iteration: 198, relative residual: 0.00033299275630532896
Iteration: 199, relative residual: 0.0003321792474239818
Iteration: 200, relative residual: 0.0003321792474239818
Residual: 0.0003321792474239818. Restart...
Iteration: 201, relative residual: 0.0003311865267909916
Iteration: 202, relative residual: 0.0003311865192418626
Iteration: 203, relative residual: 0.00033118649051155463
Iteration: 204, relative residual: 0.0003311863803569137
Iteration: 205, relative residual: 0.00033118627254264576
Iteration: 206, relative residual: 0.00033118620112736284
Iteration: 207, relative residual: 0.0003311859315161124
Iteration: 208, relative residual: 0.0003311856714107993
Iteration: 209, relative residual: 0.0003311853426875983
Iteration: 210, relative residual: 0.0003311849179109645
Iteration: 211, relative residual: 0.0003311848706840794
Iteration: 212, relative residual: 0.0003311842642553641
Iteration: 213, relative residual: 0.00033118302719456667
Iteration: 214, relative residual: 0.0003311828402572666
Iteration: 215, relative residual: 0.00033118248496930106
Iteration: 216, relative residual: 0.00033117255765013865
Iteration: 217, relative residual: 0.0003311441899578866
Iteration: 218, relative residual: 0.00033107287211067964
Iteration: 219, relative residual: 0.00033093363184690243
Iteration: 220, relative residual: 0.0003307330761942149
Iteration: 221, relative residual: 0.0003304476504996135
Iteration: 222, relative residual: 0.0003303665439944588
Iteration: 223, relative residual: 0.0003303404048551497
Iteration: 224, relative residual: 0.00033032116217492205
Iteration: 225, relative residual: 0.00033022898514175106
Iteration: 226, relative residual: 0.0003301076709384387
Iteration: 227, relative residual: 0.0003299104172475559
Iteration: 228, relative residual: 0.00032970647196101967
Iteration: 229, relative residual: 0.0003296367428694682
Iteration: 230, relative residual: 0.00032962308400017116
Iteration: 231, relative residual: 0.00032962271508392134
Iteration: 232, relative residual: 0.000329619008516965
Iteration: 233, relative residual: 0.0003295944139099976
Iteration: 234, relative residual: 0.00032955096073471104
Iteration: 235, relative residual: 0.00032941092387783093
Iteration: 236, relative residual: 0.00032915860852162244
Iteration: 237, relative residual: 0.00032895504258593193
Iteration: 238, relative residual: 0.0003288317491774611
Iteration: 239, relative residual: 0.000328829222612371
Iteration: 240, relative residual: 0.0003287001476526173
Iteration: 241, relative residual: 0.00032843427390555113
Iteration: 242, relative residual: 0.00032800660197064005
Iteration: 243, relative residual: 0.0003277039064359242
Iteration: 244, relative residual: 0.0003276933342733988
Iteration: 245, relative residual: 0.00032758313860603366
Iteration: 246, relative residual: 0.0003271874591884499
Iteration: 247, relative residual: 0.0003268861475967194
Iteration: 248, relative residual: 0.00032678578659400164
Iteration: 249, relative residual: 0.00032675555450831635
Iteration: 250, relative residual: 0.0003264047160826529
Iteration: 251, relative residual: 0.00032587917666280814
Iteration: 252, relative residual: 0.00032535840727949554
Iteration: 253, relative residual: 0.00032525066152852257
Iteration: 254, relative residual: 0.0003251182351297637
Iteration: 255, relative residual: 0.00032466055140015915
Iteration: 256, relative residual: 0.0003242315574421916
Iteration: 257, relative residual: 0.0003240876711266591
Iteration: 258, relative residual: 0.00032399942381386454
Iteration: 259, relative residual: 0.00032390692068243415
Iteration: 260, relative residual: 0.00032294705936210163
Iteration: 261, relative residual: 0.0003220866479364094
Iteration: 262, relative residual: 0.00032186905780148665
Iteration: 263, relative residual: 0.0003218143090193055
Iteration: 264, relative residual: 0.000321741346229177
Iteration: 265, relative residual: 0.0003209829395609732
Iteration: 266, relative residual: 0.0003200720589169187
Iteration: 267, relative residual: 0.0003196822759522225
Iteration: 268, relative residual: 0.0003195097087360791
Iteration: 269, relative residual: 0.0003193169686231146
Iteration: 270, relative residual: 0.00031765657143935133
Iteration: 271, relative residual: 0.00031511760033100237
Iteration: 272, relative residual: 0.0003131712838751652
Iteration: 273, relative residual: 0.00031184165805477163
Iteration: 274, relative residual: 0.00031136316263421
Iteration: 275, relative residual: 0.00031136210456658855
Iteration: 276, relative residual: 0.000311006376954485
Iteration: 277, relative residual: 0.0003106819770798523
Iteration: 278, relative residual: 0.0003103085623742406
Iteration: 279, relative residual: 0.0003089881348241503
Iteration: 280, relative residual: 0.0003071449972486769
Iteration: 281, relative residual: 0.0003064134151851128
Iteration: 282, relative residual: 0.00030625519777412955
Iteration: 283, relative residual: 0.00030610964395906624
Iteration: 284, relative residual: 0.00030467923447992026
Iteration: 285, relative residual: 0.0003027097472736544
Iteration: 286, relative residual: 0.00029948257077428586
Iteration: 287, relative residual: 0.000298088549103309
Iteration: 288, relative residual: 0.0002975955607516223
Iteration: 289, relative residual: 0.0002975907443866371
Iteration: 290, relative residual: 0.00029747151715298547
Iteration: 291, relative residual: 0.0002970843081075544
Iteration: 292, relative residual: 0.00029532389701671075
Iteration: 293, relative residual: 0.0002926769013393767
Iteration: 294, relative residual: 0.0002889641675863495
Iteration: 295, relative residual: 0.00028530397932735737
Iteration: 296, relative residual: 0.0002838951550113418
Iteration: 297, relative residual: 0.0002837458917526617
Iteration: 298, relative residual: 0.0002833475373224105
Iteration: 299, relative residual: 0.0002780448382045901
Iteration: 300, relative residual: 0.0002780448382045901
Residual: 0.0002780448382045901. Restart...
Iteration: 301, relative residual: 0.0002734845821195984
Iteration: 302, relative residual: 0.0002734822402888467
Iteration: 303, relative residual: 0.0002734816405037031
Iteration: 304, relative residual: 0.0002734584250825328
Iteration: 305, relative residual: 0.00027338917803442305
Iteration: 306, relative residual: 0.00027334006659116407
Iteration: 307, relative residual: 0.0002733328710743004
Iteration: 308, relative residual: 0.0002732503007794918
Iteration: 309, relative residual: 0.0002731331294096008
Iteration: 310, relative residual: 0.0002729539228911537
Iteration: 311, relative residual: 0.0002729257208456499
Iteration: 312, relative residual: 0.00027279268584910245
Iteration: 313, relative residual: 0.00027268279852918315
Iteration: 314, relative residual: 0.00027267328136377464
Iteration: 315, relative residual: 0.0002726565309290722
Iteration: 316, relative residual: 0.00027262190810167845
Iteration: 317, relative residual: 0.0002726218837319139
Iteration: 318, relative residual: 0.00027260331062778034
Iteration: 319, relative residual: 0.000272589394276737
Iteration: 320, relative residual: 0.00027254843527310934
Iteration: 321, relative residual: 0.00027234804077680744
Iteration: 322, relative residual: 0.00027203939930844337
Iteration: 323, relative residual: 0.00027192311605677734
Iteration: 324, relative residual: 0.0002718080773453832
Iteration: 325, relative residual: 0.00027124779913738735
Iteration: 326, relative residual: 0.00027031056217987964
Iteration: 327, relative residual: 0.0002680242361808545
Iteration: 328, relative residual: 0.00026629460134987596
Iteration: 329, relative residual: 0.00026610532000453984
Iteration: 330, relative residual: 0.0002659319130271462
Iteration: 331, relative residual: 0.000265931858705579
Iteration: 332, relative residual: 0.00026575808881983495
Iteration: 333, relative residual: 0.00026444390047730687
Iteration: 334, relative residual: 0.00026316686966657726
Iteration: 335, relative residual: 0.0002618744434368483
Iteration: 336, relative residual: 0.0002615279066356188
Iteration: 337, relative residual: 0.00026138192129434727
Iteration: 338, relative residual: 0.0002598177435154508
Iteration: 339, relative residual: 0.0002574678578579146
Iteration: 340, relative residual: 0.00025559948670014803
Iteration: 341, relative residual: 0.00025515726254139666
Iteration: 342, relative residual: 0.0002550341941717602
Iteration: 343, relative residual: 0.00025467213504048477
Iteration: 344, relative residual: 0.0002537202138753851
Iteration: 345, relative residual: 0.0002516512950997016
Iteration: 346, relative residual: 0.00024985912046155973
Iteration: 347, relative residual: 0.00024928676069098187
Iteration: 348, relative residual: 0.0002488183791092007
Iteration: 349, relative residual: 0.00024881835480903587
Iteration: 350, relative residual: 0.0002486615717393625
Iteration: 351, relative residual: 0.00024752351366677587
Iteration: 352, relative residual: 0.000246729871552628
Iteration: 353, relative residual: 0.0002461602072656668
Iteration: 354, relative residual: 0.0002458046514049264
Iteration: 355, relative residual: 0.0002449805275149445
Iteration: 356, relative residual: 0.00024427716925730033
Iteration: 357, relative residual: 0.00024410734005557333
Iteration: 358, relative residual: 0.00024406371784217907
Iteration: 359, relative residual: 0.0002440506792713629
Iteration: 360, relative residual: 0.00024398551020092283
Iteration: 361, relative residual: 0.00024368176757050156
Iteration: 362, relative residual: 0.0002434083806503163
Iteration: 363, relative residual: 0.00024247483775769303
Iteration: 364, relative residual: 0.0002420445533648315
Iteration: 365, relative residual: 0.00024201480257990323
Iteration: 366, relative residual: 0.00024168588609076167
Iteration: 367, relative residual: 0.00024125792273303935
Iteration: 368, relative residual: 0.00024079045169448922
Iteration: 369, relative residual: 0.00024064938591212708
Iteration: 370, relative residual: 0.00024039473047103948
Iteration: 371, relative residual: 0.00024039291623618246
Iteration: 372, relative residual: 0.0002396381357167368
Iteration: 373, relative residual: 0.00023865759567770066
Iteration: 374, relative residual: 0.0002378532739013186
Iteration: 375, relative residual: 0.00023746963151866427
Iteration: 376, relative residual: 0.0002374382212496275
Iteration: 377, relative residual: 0.00023715500100852883
Iteration: 378, relative residual: 0.00023683421937767063
Iteration: 379, relative residual: 0.00023639124719162678
Iteration: 380, relative residual: 0.00023591451735006057
Iteration: 381, relative residual: 0.00023526812839906177
Iteration: 382, relative residual: 0.00023471947263127094
Iteration: 383, relative residual: 0.0002345403316656141
Iteration: 384, relative residual: 0.00023452760621705984
Iteration: 385, relative residual: 0.00023413388919832638
Iteration: 386, relative residual: 0.00023368332979789732
Iteration: 387, relative residual: 0.00023276417523886825
Iteration: 388, relative residual: 0.00023241400845362285
Iteration: 389, relative residual: 0.0002321793005106344
Iteration: 390, relative residual: 0.0002320380285008436
Iteration: 391, relative residual: 0.0002320377715644033
Iteration: 392, relative residual: 0.0002317212335831576
Iteration: 393, relative residual: 0.00023120261461534016
Iteration: 394, relative residual: 0.0002299442438609812
Iteration: 395, relative residual: 0.0002274692749983315
Iteration: 396, relative residual: 0.00022544199759640305
Iteration: 397, relative residual: 0.00022428379019920827
Iteration: 398, relative residual: 0.0002239501176123506
Iteration: 399, relative residual: 0.00022395011761234632
Iteration: 400, relative residual: 0.00022395011761234632
Residual: 0.00022395011761234632. Restart...
Iteration: 401, relative residual: 0.00022378294728995016
Iteration: 402, relative residual: 0.00022378265979639068
Iteration: 403, relative residual: 0.00022378219010124936
Iteration: 404, relative residual: 0.0002237808855423048
Iteration: 405, relative residual: 0.00022377991620380034
Iteration: 406, relative residual: 0.00022377919749998006
Iteration: 407, relative residual: 0.00022377703989788232
Iteration: 408, relative residual: 0.00022377666503713877
Iteration: 409, relative residual: 0.00022377664190369897
Iteration: 410, relative residual: 0.0002237761800870403
Iteration: 411, relative residual: 0.00022376858395727387
Iteration: 412, relative residual: 0.00022375457586404712
Iteration: 413, relative residual: 0.00022373151181943467
Iteration: 414, relative residual: 0.00022372435970136563
Iteration: 415, relative residual: 0.0002237147582443167
Iteration: 416, relative residual: 0.0002235946612945974
Iteration: 417, relative residual: 0.0002234189258586903
Iteration: 418, relative residual: 0.00022319880701418093
Iteration: 419, relative residual: 0.00022291236122923996
Iteration: 420, relative residual: 0.00022277758498094054
Iteration: 421, relative residual: 0.00022271423010882525
Iteration: 422, relative residual: 0.00022270885818122425
Iteration: 423, relative residual: 0.0002225973100688134
Iteration: 424, relative residual: 0.00022226769229959293
Iteration: 425, relative residual: 0.00022180779370271932
Iteration: 426, relative residual: 0.00022135333912861295
Iteration: 427, relative residual: 0.00022073000709287488
Iteration: 428, relative residual: 0.00022048354322571725
Iteration: 429, relative residual: 0.0002204450868751386
Iteration: 430, relative residual: 0.00022042201822910007
Iteration: 431, relative residual: 0.00022035009292489954
Iteration: 432, relative residual: 0.00022020941403509431
Iteration: 433, relative residual: 0.00021968911019901874
Iteration: 434, relative residual: 0.00021911260269025655
Iteration: 435, relative residual: 0.00021860402036557534
Iteration: 436, relative residual: 0.00021841635006307456
Iteration: 437, relative residual: 0.00021830557902103077
Iteration: 438, relative residual: 0.00021830535264799714
Iteration: 439, relative residual: 0.00021820317879070458
Iteration: 440, relative residual: 0.00021786016584613346
Iteration: 441, relative residual: 0.0002176264726868881
Iteration: 442, relative residual: 0.0002173257709800139
Iteration: 443, relative residual: 0.00021720107407269149
Iteration: 444, relative residual: 0.00021719706997500789
Iteration: 445, relative residual: 0.00021711509948898425
Iteration: 446, relative residual: 0.00021691058223617627
Iteration: 447, relative residual: 0.00021664740579578645
Iteration: 448, relative residual: 0.00021642734372380275
Iteration: 449, relative residual: 0.00021639689284931344
Iteration: 450, relative residual: 0.0002163343042218922
Iteration: 451, relative residual: 0.00021607293181935024
Iteration: 452, relative residual: 0.0002156393319096849
Iteration: 453, relative residual: 0.00021556931683885724
Iteration: 454, relative residual: 0.00021556217752956793
Iteration: 455, relative residual: 0.00021547800101257887
Iteration: 456, relative residual: 0.0002150534010309195
Iteration: 457, relative residual: 0.00021464046283290383
Iteration: 458, relative residual: 0.00021450982088920298
Iteration: 459, relative residual: 0.00021449367687934205
Iteration: 460, relative residual: 0.00021448382278057405
Iteration: 461, relative residual: 0.00021428383004462234
Iteration: 462, relative residual: 0.00021382056036153382
Iteration: 463, relative residual: 0.00021322451623923948
Iteration: 464, relative residual: 0.00021296159459127437
Iteration: 465, relative residual: 0.00021295974659258263
Iteration: 466, relative residual: 0.00021283680628601193
Iteration: 467, relative residual: 0.0002125809818824843
Iteration: 468, relative residual: 0.00021214731449493128
Iteration: 469, relative residual: 0.00021201093318530886
Iteration: 470, relative residual: 0.00021187017119004008
Iteration: 471, relative residual: 0.00021186848774167554
Iteration: 472, relative residual: 0.0002116897028112829
Iteration: 473, relative residual: 0.00021145889241407735
Iteration: 474, relative residual: 0.0002111560758854901
Iteration: 475, relative residual: 0.00021096495968498866
Iteration: 476, relative residual: 0.00021096179942504321
Iteration: 477, relative residual: 0.00021087831741252398
Iteration: 478, relative residual: 0.00021057901534804813
Iteration: 479, relative residual: 0.00021006713590758475
Iteration: 480, relative residual: 0.00020950224342090794
Iteration: 481, relative residual: 0.0002090911150010933
Iteration: 482, relative residual: 0.0002089065390155253
Iteration: 483, relative residual: 0.00020889437071277
Iteration: 484, relative residual: 0.0002087832071703675
Iteration: 485, relative residual: 0.00020840084098055963
Iteration: 486, relative residual: 0.00020712047539960055
Iteration: 487, relative residual: 0.0002066129729993857
Iteration: 488, relative residual: 0.00020630544831649013
Iteration: 489, relative residual: 0.00020630028377545184
Iteration: 490, relative residual: 0.00020610217570041963
Iteration: 491, relative residual: 0.0002057033393474241
Iteration: 492, relative residual: 0.00020448114461485824
Iteration: 493, relative residual: 0.00020312764990268063
Iteration: 494, relative residual: 0.00020266338185148517
Iteration: 495, relative residual: 0.0002024236044546062
Iteration: 496, relative residual: 0.000202236467005851
Iteration: 497, relative residual: 0.00020214977333857085
Iteration: 498, relative residual: 0.0002020939544107885
Iteration: 499, relative residual: 0.00020094340459863422
Iteration: 500, relative residual: 0.00020094340459863422
Residual: 0.00020094340459863422. Restart...
Iteration: 501, relative residual: 0.0002002041882611349
Iteration: 502, relative residual: 0.0002002036823296411
Iteration: 503, relative residual: 0.00020020367008015207
Iteration: 504, relative residual: 0.0002002001214718038
Iteration: 505, relative residual: 0.0002001907401354689
Iteration: 506, relative residual: 0.00020018966464859165
Iteration: 507, relative residual: 0.0002001854235076164
Iteration: 508, relative residual: 0.00020017519317862742
Iteration: 509, relative residual: 0.00020016423134069513
Iteration: 510, relative residual: 0.00020015017218691868
Iteration: 511, relative residual: 0.0002001456484136941
Iteration: 512, relative residual: 0.0002001327845697258
Iteration: 513, relative residual: 0.00020013112463702467
Iteration: 514, relative residual: 0.00020012561689967614
Iteration: 515, relative residual: 0.00020012561200892783
Iteration: 516, relative residual: 0.00020011462898698184
Iteration: 517, relative residual: 0.0002001142942818981
Iteration: 518, relative residual: 0.000200111784564226
Iteration: 519, relative residual: 0.0002000858512949089
Iteration: 520, relative residual: 0.00020006447929799305
Iteration: 521, relative residual: 0.0002000292888421272
Iteration: 522, relative residual: 0.00019998464617804876
Iteration: 523, relative residual: 0.00019998309323608212
Iteration: 524, relative residual: 0.0001998990924389051
Iteration: 525, relative residual: 0.00019972701608680002
Iteration: 526, relative residual: 0.00019928256018549733
Iteration: 527, relative residual: 0.0001988009198136029
Iteration: 528, relative residual: 0.00019845431257990202
Iteration: 529, relative residual: 0.00019833999848163238
Iteration: 530, relative residual: 0.0001983061998029942
Iteration: 531, relative residual: 0.00019829614452120597
Iteration: 532, relative residual: 0.0001982779083092495
Iteration: 533, relative residual: 0.00019820269908287305
Iteration: 534, relative residual: 0.00019791682166640014
Iteration: 535, relative residual: 0.00019762264913492938
Iteration: 536, relative residual: 0.0001975653707985144
Iteration: 537, relative residual: 0.00019755166161385321
Iteration: 538, relative residual: 0.00019728757242304772
Iteration: 539, relative residual: 0.0001966141887947212
Iteration: 540, relative residual: 0.00019641247647813888
Iteration: 541, relative residual: 0.0001961538939326231
Iteration: 542, relative residual: 0.00019588080694480113
Iteration: 543, relative residual: 0.00019586492700573405
Iteration: 544, relative residual: 0.00019582636342511129
Iteration: 545, relative residual: 0.0001954553267579788
Iteration: 546, relative residual: 0.00019476426874338483
Iteration: 547, relative residual: 0.00019430321155863902
Iteration: 548, relative residual: 0.0001938906278361494
Iteration: 549, relative residual: 0.00019387081530261355
Iteration: 550, relative residual: 0.00019375870701733542
Iteration: 551, relative residual: 0.00019303684448725644
Iteration: 552, relative residual: 0.00019246309659998688
Iteration: 553, relative residual: 0.00019238335477707845
Iteration: 554, relative residual: 0.00019223312841168364
Iteration: 555, relative residual: 0.00019174303479480733
Iteration: 556, relative residual: 0.00019103480448296055
Iteration: 557, relative residual: 0.0001906113330328747
Iteration: 558, relative residual: 0.0001901420257452147
Iteration: 559, relative residual: 0.00018993634313035936
Iteration: 560, relative residual: 0.0001899267028112096
Iteration: 561, relative residual: 0.00018930621242928988
Iteration: 562, relative residual: 0.00018881641254826442
Iteration: 563, relative residual: 0.00018846263002984676
Iteration: 564, relative residual: 0.00018837484666966455
Iteration: 565, relative residual: 0.000188302031953607
Iteration: 566, relative residual: 0.00018808582349164052
Iteration: 567, relative residual: 0.00018763561853559166
Iteration: 568, relative residual: 0.00018729823775150554
Iteration: 569, relative residual: 0.00018699152435380374
Iteration: 570, relative residual: 0.0001867923750400841
Iteration: 571, relative residual: 0.00018679023900320383
Iteration: 572, relative residual: 0.00018674926126742875
Iteration: 573, relative residual: 0.00018652798058356338
Iteration: 574, relative residual: 0.00018618988842838174
Iteration: 575, relative residual: 0.0001861184217385487
Iteration: 576, relative residual: 0.0001860811343432148
Iteration: 577, relative residual: 0.0001859740680455141
Iteration: 578, relative residual: 0.00018572539320761328
Iteration: 579, relative residual: 0.0001853260436708557
Iteration: 580, relative residual: 0.0001849282405735064
Iteration: 581, relative residual: 0.00018485314529346805
Iteration: 582, relative residual: 0.00018483037159093137
Iteration: 583, relative residual: 0.00018481339304581915
Iteration: 584, relative residual: 0.0001847192524191213
Iteration: 585, relative residual: 0.0001842359824608754
Iteration: 586, relative residual: 0.00018377291935327763
Iteration: 587, relative residual: 0.00018327278419064444
Iteration: 588, relative residual: 0.00018309492782073847
Iteration: 589, relative residual: 0.00018308623794287295
Iteration: 590, relative residual: 0.00018308549766264602
Iteration: 591, relative residual: 0.0001830249586090035
Iteration: 592, relative residual: 0.0001824292416976088
Iteration: 593, relative residual: 0.00018056792286870384
Iteration: 594, relative residual: 0.00018025608490533873
Iteration: 595, relative residual: 0.00017946208025054647
Iteration: 596, relative residual: 0.00017888501998107874
Iteration: 597, relative residual: 0.0001786514677427934
Iteration: 598, relative residual: 0.00017855347654186703
Iteration: 599, relative residual: 0.00017839326798930316
Iteration: 600, relative residual: 0.00017839326798930316
Residual: 0.00017839326798930316. Restart...
Iteration: 601, relative residual: 0.0001775134149519617
Iteration: 602, relative residual: 0.00017751279408475962
Iteration: 603, relative residual: 0.0001775060894280271
Iteration: 604, relative residual: 0.00017750177968775042
Iteration: 605, relative residual: 0.00017749150418131508
Iteration: 606, relative residual: 0.00017749149448930177
Iteration: 607, relative residual: 0.0001774760399190306
Iteration: 608, relative residual: 0.00017746488878514586
Iteration: 609, relative residual: 0.00017745383933662868
Iteration: 610, relative residual: 0.00017744783386331386
Iteration: 611, relative residual: 0.00017744724595182752
Iteration: 612, relative residual: 0.0001774447593408888
Iteration: 613, relative residual: 0.0001774444733239708
Iteration: 614, relative residual: 0.00017744382771460855
Iteration: 615, relative residual: 0.00017743871634293284
Iteration: 616, relative residual: 0.0001774382011220503
Iteration: 617, relative residual: 0.00017741849424810117
Iteration: 618, relative residual: 0.00017739814243900826
Iteration: 619, relative residual: 0.00017735747424958408
Iteration: 620, relative residual: 0.00017733955805117115
Iteration: 621, relative residual: 0.00017733061129104752
Iteration: 622, relative residual: 0.00017733054436146203
Iteration: 623, relative residual: 0.0001772895861092898
Iteration: 624, relative residual: 0.0001770964811690306
Iteration: 625, relative residual: 0.00017666867774710504
Iteration: 626, relative residual: 0.00017615715465236278
Iteration: 627, relative residual: 0.00017543448024403573
Iteration: 628, relative residual: 0.000175007717513089
Iteration: 629, relative residual: 0.00017477657674252152
Iteration: 630, relative residual: 0.00017470649748954005
Iteration: 631, relative residual: 0.00017468428797686329
Iteration: 632, relative residual: 0.00017467377985188237
Iteration: 633, relative residual: 0.00017466846499223607
Iteration: 634, relative residual: 0.00017457350105012706
Iteration: 635, relative residual: 0.00017437246549092443
Iteration: 636, relative residual: 0.0001741440716494202
Iteration: 637, relative residual: 0.00017406223793453107
Iteration: 638, relative residual: 0.000174035580438695
Iteration: 639, relative residual: 0.00017389401725806627
Iteration: 640, relative residual: 0.00017339962148483245
Iteration: 641, relative residual: 0.00017319604581409812
Iteration: 642, relative residual: 0.00017310197511564705
Iteration: 643, relative residual: 0.00017304521287299458
Iteration: 644, relative residual: 0.00017304455780161335
Iteration: 645, relative residual: 0.00017291941016828253
Iteration: 646, relative residual: 0.00017277526783185637
Iteration: 647, relative residual: 0.00017250284061965876
Iteration: 648, relative residual: 0.00017199702258903282
Iteration: 649, relative residual: 0.00017166073166028563
Iteration: 650, relative residual: 0.00017165887618426486
Iteration: 651, relative residual: 0.0001714983335253069
Iteration: 652, relative residual: 0.000171070831977867
Iteration: 653, relative residual: 0.00017096372031912918
Iteration: 654, relative residual: 0.00017093209988146575
Iteration: 655, relative residual: 0.00017092068178185008
Iteration: 656, relative residual: 0.00017086355577917655
Iteration: 657, relative residual: 0.00017067727683091555
Iteration: 658, relative residual: 0.00017056288076334954
Iteration: 659, relative residual: 0.00017022124495358963
Iteration: 660, relative residual: 0.00016995213169504302
Iteration: 661, relative residual: 0.0001696928180429472
Iteration: 662, relative residual: 0.00016963340254830598
Iteration: 663, relative residual: 0.00016953154844097173
Iteration: 664, relative residual: 0.00016910564003285738
Iteration: 665, relative residual: 0.0001688294927687518
Iteration: 666, relative residual: 0.00016882592316863534
Iteration: 667, relative residual: 0.00016880627412742754
Iteration: 668, relative residual: 0.0001687307954130468
Iteration: 669, relative residual: 0.00016865253105401943
Iteration: 670, relative residual: 0.00016832715624182277
Iteration: 671, relative residual: 0.0001681389046366995
Iteration: 672, relative residual: 0.00016799427940250198
Iteration: 673, relative residual: 0.00016795605639104055
Iteration: 674, relative residual: 0.00016787421002917755
Iteration: 675, relative residual: 0.00016736321419427716
Iteration: 676, relative residual: 0.00016697881780359158
Iteration: 677, relative residual: 0.00016691992632823012
Iteration: 678, relative residual: 0.00016689330158154578
Iteration: 679, relative residual: 0.0001668667092743144
Iteration: 680, relative residual: 0.0001666589680651907
Iteration: 681, relative residual: 0.00016631154216712826
Iteration: 682, relative residual: 0.000165884776281142
Iteration: 683, relative residual: 0.0001658715595511345
Iteration: 684, relative residual: 0.00016576525410371836
Iteration: 685, relative residual: 0.00016557452114572638
Iteration: 686, relative residual: 0.00016518198405262468
Iteration: 687, relative residual: 0.00016490001196419032
Iteration: 688, relative residual: 0.00016441280643615587
Iteration: 689, relative residual: 0.0001640398174129884
Iteration: 690, relative residual: 0.00016392765911095445
Iteration: 691, relative residual: 0.00016392467628333817
Iteration: 692, relative residual: 0.00016386507215732037
Iteration: 693, relative residual: 0.00016341525854244977
Iteration: 694, relative residual: 0.0001626043404724771
Iteration: 695, relative residual: 0.00016204263053556047
Iteration: 696, relative residual: 0.0001618775221324697
Iteration: 697, relative residual: 0.00016183830750510052
Iteration: 698, relative residual: 0.00016182362239290204
Iteration: 699, relative residual: 0.0001614152273887647
Iteration: 700, relative residual: 0.0001614152273887647
Residual: 0.0001614152273887647. Restart...
Iteration: 701, relative residual: 0.00016066991755989834
Iteration: 702, relative residual: 0.0001606698738451017
Iteration: 703, relative residual: 0.0001606686570354752
Iteration: 704, relative residual: 0.00016066698004420907
Iteration: 705, relative residual: 0.00016066313182455267
Iteration: 706, relative residual: 0.00016065969872439262
Iteration: 707, relative residual: 0.00016065624602722872
Iteration: 708, relative residual: 0.00016064943094752982
Iteration: 709, relative residual: 0.0001606423651320581
Iteration: 710, relative residual: 0.0001606311513519863
Iteration: 711, relative residual: 0.00016062757156538518
Iteration: 712, relative residual: 0.00016062193672254863
Iteration: 713, relative residual: 0.00016062044201854616
Iteration: 714, relative residual: 0.00016062031532638137
Iteration: 715, relative residual: 0.00016061872031333994
Iteration: 716, relative residual: 0.00016061724476825064
Iteration: 717, relative residual: 0.00016061322327807695
Iteration: 718, relative residual: 0.00016060961492981104
Iteration: 719, relative residual: 0.00016059723892766976
Iteration: 720, relative residual: 0.0001605860089381705
Iteration: 721, relative residual: 0.00016055342018027322
Iteration: 722, relative residual: 0.0001605431521084066
Iteration: 723, relative residual: 0.00016054198100789346
Iteration: 724, relative residual: 0.00016051239406349223
Iteration: 725, relative residual: 0.0001604449267670264
Iteration: 726, relative residual: 0.00016028518676332464
Iteration: 727, relative residual: 0.0001600734705564728
Iteration: 728, relative residual: 0.00015984732895362895
Iteration: 729, relative residual: 0.00015972930866822805
Iteration: 730, relative residual: 0.00015972008420561478
Iteration: 731, relative residual: 0.0001596960959297492
Iteration: 732, relative residual: 0.0001596959089769562
Iteration: 733, relative residual: 0.0001596733362020466
Iteration: 734, relative residual: 0.00015955557708362725
Iteration: 735, relative residual: 0.00015943462321232898
Iteration: 736, relative residual: 0.0001594300853648739
Iteration: 737, relative residual: 0.00015942990771014738
Iteration: 738, relative residual: 0.00015936137511049234
Iteration: 739, relative residual: 0.00015917652653883694
Iteration: 740, relative residual: 0.00015902345943983207
Iteration: 741, relative residual: 0.00015888972488842243
Iteration: 742, relative residual: 0.00015884910973839488
Iteration: 743, relative residual: 0.00015884897927827756
Iteration: 744, relative residual: 0.00015883437108355037
Iteration: 745, relative residual: 0.00015878000832271653
Iteration: 746, relative residual: 0.0001585771591309219
Iteration: 747, relative residual: 0.00015834151992797794
Iteration: 748, relative residual: 0.00015811277981271873
Iteration: 749, relative residual: 0.00015791904358131102
Iteration: 750, relative residual: 0.00015791842133930188
Iteration: 751, relative residual: 0.0001577241737730309
Iteration: 752, relative residual: 0.00015741744011015535
Iteration: 753, relative residual: 0.00015673618682718104
Iteration: 754, relative residual: 0.00015594373239499043
Iteration: 755, relative residual: 0.00015552242333307644
Iteration: 756, relative residual: 0.00015549950474347355
Iteration: 757, relative residual: 0.00015531335715186315
Iteration: 758, relative residual: 0.00015497254887714094
Iteration: 759, relative residual: 0.00015432813957501007
Iteration: 760, relative residual: 0.00015404894613674954
Iteration: 761, relative residual: 0.00015401396458830083
Iteration: 762, relative residual: 0.00015366247516196676
Iteration: 763, relative residual: 0.00015325684547662014
Iteration: 764, relative residual: 0.00015300917968265768
Iteration: 765, relative residual: 0.00015300769755949772
Iteration: 766, relative residual: 0.00015286213783634875
Iteration: 767, relative residual: 0.00015256759369394252
Iteration: 768, relative residual: 0.00015194338056761557
Iteration: 769, relative residual: 0.00015166767022648807
Iteration: 770, relative residual: 0.000151602772376821
Iteration: 771, relative residual: 0.00015160267214623966
Iteration: 772, relative residual: 0.00015156050509720865
Iteration: 773, relative residual: 0.00015138560067555324
Iteration: 774, relative residual: 0.00015115522109971247
Iteration: 775, relative residual: 0.0001509900165806658
Iteration: 776, relative residual: 0.00015098988908832334
Iteration: 777, relative residual: 0.00015084937745417308
Iteration: 778, relative residual: 0.00015048365501532955
Iteration: 779, relative residual: 0.00015037452704229137
Iteration: 780, relative residual: 0.00015026129522309492
Iteration: 781, relative residual: 0.0001502282067028759
Iteration: 782, relative residual: 0.00015022217609087033
Iteration: 783, relative residual: 0.00015013010395960376
Iteration: 784, relative residual: 0.00015010528604557442
Iteration: 785, relative residual: 0.00014998983386748274
Iteration: 786, relative residual: 0.00014938183241703566
Iteration: 787, relative residual: 0.00014880974474836803
Iteration: 788, relative residual: 0.00014876110645120903
Iteration: 789, relative residual: 0.00014876108950494322
Iteration: 790, relative residual: 0.00014876103307109143
Iteration: 791, relative residual: 0.00014874560288762056
Iteration: 792, relative residual: 0.00014824014102263224
Iteration: 793, relative residual: 0.00014704885987456564
Iteration: 794, relative residual: 0.00014523790729208285
Iteration: 795, relative residual: 0.00014381994602217477
Iteration: 796, relative residual: 0.00014309505995181523
Iteration: 797, relative residual: 0.00014308914425398574
Iteration: 798, relative residual: 0.00014293878045930252
Iteration: 799, relative residual: 0.00014243383542439665
Iteration: 800, relative residual: 0.00014243383542439665
Residual: 0.00014243383542439665. Restart...
Iteration: 801, relative residual: 0.00014162174900223041
Iteration: 802, relative residual: 0.0001416216577351705
Iteration: 803, relative residual: 0.00014161878547223512
Iteration: 804, relative residual: 0.00014161266382752352
Iteration: 805, relative residual: 0.0001415968788559591
Iteration: 806, relative residual: 0.0001415622270452947
Iteration: 807, relative residual: 0.0001415276115408191
Iteration: 808, relative residual: 0.00014152754241662322
Iteration: 809, relative residual: 0.0001415088730752235
Iteration: 810, relative residual: 0.00014147285280213765
Iteration: 811, relative residual: 0.00014143696411198352
Iteration: 812, relative residual: 0.00014143326137324626
Iteration: 813, relative residual: 0.00014142940712921813
Iteration: 814, relative residual: 0.00014140103864977838
Iteration: 815, relative residual: 0.00014136552198424572
Iteration: 816, relative residual: 0.00014136534988327788
Iteration: 817, relative residual: 0.0001413531793353336
Iteration: 818, relative residual: 0.00014131703718078706
Iteration: 819, relative residual: 0.00014120220665094288
Iteration: 820, relative residual: 0.00014114714941270435
Iteration: 821, relative residual: 0.00014109589087439594
Iteration: 822, relative residual: 0.00014109589033883496
Iteration: 823, relative residual: 0.00014106413301685376
Iteration: 824, relative residual: 0.00014087624506793926
Iteration: 825, relative residual: 0.00014053366036231987
Iteration: 826, relative residual: 0.00014012920333536982
Iteration: 827, relative residual: 0.00013978425754818748
Iteration: 828, relative residual: 0.00013946433270004265
Iteration: 829, relative residual: 0.00013939719072313873
Iteration: 830, relative residual: 0.00013939719045529523
Iteration: 831, relative residual: 0.00013939711519716684
Iteration: 832, relative residual: 0.00013931851150827192
Iteration: 833, relative residual: 0.0001390516853638751
Iteration: 834, relative residual: 0.00013841327954800293
Iteration: 835, relative residual: 0.00013794831257565572
Iteration: 836, relative residual: 0.00013787925075865439
Iteration: 837, relative residual: 0.00013787108027600933
Iteration: 838, relative residual: 0.00013775860761897532
Iteration: 839, relative residual: 0.00013720179636781562
Iteration: 840, relative residual: 0.0001369206408113805
Iteration: 841, relative residual: 0.00013675750052253275
Iteration: 842, relative residual: 0.0001366384031122785
Iteration: 843, relative residual: 0.00013656504074251025
Iteration: 844, relative residual: 0.00013654305016410923
Iteration: 845, relative residual: 0.00013650273202108818
Iteration: 846, relative residual: 0.0001364515964899999
Iteration: 847, relative residual: 0.00013627962296303503
Iteration: 848, relative residual: 0.00013597842013633022
Iteration: 849, relative residual: 0.00013581827460955022
Iteration: 850, relative residual: 0.0001357751636682593
Iteration: 851, relative residual: 0.00013575636410314136
Iteration: 852, relative residual: 0.00013569242970873645
Iteration: 853, relative residual: 0.00013548584260627438
Iteration: 854, relative residual: 0.00013529294862545414
Iteration: 855, relative residual: 0.0001350133433022648
Iteration: 856, relative residual: 0.00013499432923607768
Iteration: 857, relative residual: 0.00013498413543893895
Iteration: 858, relative residual: 0.0001349419185492283
Iteration: 859, relative residual: 0.00013475829199711406
Iteration: 860, relative residual: 0.00013466440753841726
Iteration: 861, relative residual: 0.00013461486512577277
Iteration: 862, relative residual: 0.00013460960571894315
Iteration: 863, relative residual: 0.00013443011444466295
Iteration: 864, relative residual: 0.00013398767932925308
Iteration: 865, relative residual: 0.00013385679777781371
Iteration: 866, relative residual: 0.00013385412371142002
Iteration: 867, relative residual: 0.0001337407275752189
Iteration: 868, relative residual: 0.00013357988681252924
Iteration: 869, relative residual: 0.0001333646030066402
Iteration: 870, relative residual: 0.00013273471169358966
Iteration: 871, relative residual: 0.00013263109287642606
Iteration: 872, relative residual: 0.00013250685007322298
Iteration: 873, relative residual: 0.00013247063940546405
Iteration: 874, relative residual: 0.000132438629381456
Iteration: 875, relative residual: 0.00013222714492062583
Iteration: 876, relative residual: 0.00013203972703157825
Iteration: 877, relative residual: 0.00013194269739641958
Iteration: 878, relative residual: 0.0001319420768631499
Iteration: 879, relative residual: 0.00013193608064093399
Iteration: 880, relative residual: 0.00013193121258168978
Iteration: 881, relative residual: 0.00013177092170054737
Iteration: 882, relative residual: 0.00013143878580154314
Iteration: 883, relative residual: 0.00013124444723694798
Iteration: 884, relative residual: 0.00013117102006604688
Iteration: 885, relative residual: 0.00013115100221439802
Iteration: 886, relative residual: 0.0001305758306252768
Iteration: 887, relative residual: 0.00013016334766207055
Iteration: 888, relative residual: 0.00012973830908309745
Iteration: 889, relative residual: 0.00012950545720527887
Iteration: 890, relative residual: 0.00012945300093512234
Iteration: 891, relative residual: 0.00012942680372095766
Iteration: 892, relative residual: 0.00012932207733834552
Iteration: 893, relative residual: 0.000128858696218455
Iteration: 894, relative residual: 0.00012844222993763058
Iteration: 895, relative residual: 0.00012823980015781638
Iteration: 896, relative residual: 0.00012812556144405985
Iteration: 897, relative residual: 0.0001281247768191743
Iteration: 898, relative residual: 0.0001280783125461579
Iteration: 899, relative residual: 0.00012796742601657745
Iteration: 900, relative residual: 0.00012796742601657745
Residual: 0.00012796742601657745. Restart...
Iteration: 901, relative residual: 0.00012779553535041503
Iteration: 902, relative residual: 0.00012779503459786637
Iteration: 903, relative residual: 0.0001277939056679755
Iteration: 904, relative residual: 0.00012779386024876953
Iteration: 905, relative residual: 0.00012779162415375864
Iteration: 906, relative residual: 0.0001277891790873362
Iteration: 907, relative residual: 0.00012778818695507462
Iteration: 908, relative residual: 0.00012778781574425033
Iteration: 909, relative residual: 0.0001277859229275987
Iteration: 910, relative residual: 0.00012778410364466122
Iteration: 911, relative residual: 0.00012778398059255067
Iteration: 912, relative residual: 0.00012778397874376962
Iteration: 913, relative residual: 0.00012778371758297616
Iteration: 914, relative residual: 0.0001277835119612253
Iteration: 915, relative residual: 0.00012778264472244235
Iteration: 916, relative residual: 0.00012778262669759053
Iteration: 917, relative residual: 0.0001277798727776198
Iteration: 918, relative residual: 0.00012776635639158846
Iteration: 919, relative residual: 0.00012773703729852055
Iteration: 920, relative residual: 0.00012773336672288155
Iteration: 921, relative residual: 0.0001277293785895699
Iteration: 922, relative residual: 0.00012772915261256642
Iteration: 923, relative residual: 0.0001277243456537098
Iteration: 924, relative residual: 0.00012770110708817318
Iteration: 925, relative residual: 0.0001276367309308419
Iteration: 926, relative residual: 0.00012752847285218906
Iteration: 927, relative residual: 0.00012741153544454205
Iteration: 928, relative residual: 0.00012730352232268415
Iteration: 929, relative residual: 0.00012727064071030563
Iteration: 930, relative residual: 0.0001272603845985452
Iteration: 931, relative residual: 0.00012725610960108145
Iteration: 932, relative residual: 0.00012725610400259266
Iteration: 933, relative residual: 0.00012724586522940525
Iteration: 934, relative residual: 0.0001271970369241899
Iteration: 935, relative residual: 0.0001271214671235942
Iteration: 936, relative residual: 0.0001271005854847405
Iteration: 937, relative residual: 0.00012708986890957668
Iteration: 938, relative residual: 0.00012707421384799362
Iteration: 939, relative residual: 0.00012696182245316846
Iteration: 940, relative residual: 0.00012683677978514107
Iteration: 941, relative residual: 0.00012673318462155719
Iteration: 942, relative residual: 0.00012671238415384195
Iteration: 943, relative residual: 0.00012671071653684175
Iteration: 944, relative residual: 0.00012670866473384033
Iteration: 945, relative residual: 0.00012669153356238263
Iteration: 946, relative residual: 0.00012656634706764014
Iteration: 947, relative residual: 0.00012627670621489896
Iteration: 948, relative residual: 0.00012595832326377086
Iteration: 949, relative residual: 0.00012587474770423045
Iteration: 950, relative residual: 0.00012587358521276513
Iteration: 951, relative residual: 0.00012575595781577344
Iteration: 952, relative residual: 0.00012556581168693818
Iteration: 953, relative residual: 0.00012521913784500796
Iteration: 954, relative residual: 0.00012473529093927785
Iteration: 955, relative residual: 0.00012450320495539232
Iteration: 956, relative residual: 0.00012449853354563444
Iteration: 957, relative residual: 0.0001241938764094949
Iteration: 958, relative residual: 0.00012376069370013536
Iteration: 959, relative residual: 0.00012345458134052935
Iteration: 960, relative residual: 0.00012339046288284772
Iteration: 961, relative residual: 0.00012323936262732682
Iteration: 962, relative residual: 0.0001226874715380207
Iteration: 963, relative residual: 0.00012222678315276542
Iteration: 964, relative residual: 0.00012212709408081197
Iteration: 965, relative residual: 0.00012211183469632868
Iteration: 966, relative residual: 0.00012199209066698662
Iteration: 967, relative residual: 0.00012149562398653658
Iteration: 968, relative residual: 0.0001210430591548985
Iteration: 969, relative residual: 0.00012085955504949084
Iteration: 970, relative residual: 0.00012082269097557805
Iteration: 971, relative residual: 0.00012082007171939587
Iteration: 972, relative residual: 0.00012067966346901931
Iteration: 973, relative residual: 0.0001203241259555023
Iteration: 974, relative residual: 0.00012012787483111838
Iteration: 975, relative residual: 0.0001200849080404747
Iteration: 976, relative residual: 0.00011993757019949668
Iteration: 977, relative residual: 0.00011953181766162274
Iteration: 978, relative residual: 0.00011907529012557841
Iteration: 979, relative residual: 0.00011849251396151463
Iteration: 980, relative residual: 0.00011825881087629927
Iteration: 981, relative residual: 0.0001182471640137742
Iteration: 982, relative residual: 0.00011815094842383679
Iteration: 983, relative residual: 0.00011794460407701558
Iteration: 984, relative residual: 0.00011758545239992382
Iteration: 985, relative residual: 0.00011722356767717767
Iteration: 986, relative residual: 0.00011679518966033522
Iteration: 987, relative residual: 0.00011668857557460927
Iteration: 988, relative residual: 0.0001166309202957329
Iteration: 989, relative residual: 0.00011631687559962132
Iteration: 990, relative residual: 0.00011534128231607768
Iteration: 991, relative residual: 0.0001146089007076151
Iteration: 992, relative residual: 0.00011399274177322713
Iteration: 993, relative residual: 0.00011358110897661279
Iteration: 994, relative residual: 0.00011347229060022986
Iteration: 995, relative residual: 0.00011346756240185712
Iteration: 996, relative residual: 0.0001133601448228363
Iteration: 997, relative residual: 0.0001124326382016472
Iteration: 998, relative residual: 0.00011132909687159739
Iteration: 999, relative residual: 0.00011058252957742688
Iteration: 1000, relative residual: 0.00011058252957742688
Residual: 0.00011058252957742688. Restart...
Warning!!!!You have reached the maximum number of iterations : 1000.
The run will stop. Check the residual behaviour you might have a bug.For future runs you might consider changing the tolerance or increasing the number of max_iter.
Solve time        : 4758.091623783112s

Calculate Solvation Energy (E_solv)
Calculating solvation energy for region 1, stored in E_solv[0]
6261.757939401976 of 622400 analytical integrals for phi_reac calculation in region 1
Time E_solv: 5.357383966445923s
Region 1: E_solv = -9043.016371617348 kcal/mol = -37835.980498846984 kJ/mol

Calculate Surface Energy (E_surf)
Time E_surf: 0.02044844627380371s

Calculate Coulomb Energy (E_coul)
Calculate Coulomb energy for region 1
Region 1: E_coul = -287641.22144470084 kcal/mol = -1203490.8705246283 kJ/mol
Time E_coul: 33.536785364151s

------------------------------
Totals:
E_solv = -9043.016371617348 kcal/mol
E_surf = 0 kcal/mol
E_coul = -287641.22144470084 kcal/mol

Time = 4881.560699224472 s
