Run started on:
	Date: 2020/5/24
	Time: 22:15:5
	PyGBe version: 0.3.2+5.gea0f875
Config file: /cobra/u/gvargas/code/hPB/pygbe/pygbe/myCrownFinShots/sarsCov2002/snap2/snap2.config
Parameter file: /cobra/u/gvargas/code/hPB/pygbe/pygbe/myCrownFinShots/sarsCov2002/snap2/snap2.param
Geometry folder: /cobra/u/gvargas/code/hPB/pygbe/pygbe/myCrownFinShots/sarsCov2002/snap2/geometry
Running in: /cobra/u/gvargas/code/hPB/pygbe/pygbe/myCrownFinShots/sarsCov2002/snap2

Reading surface 0 from file geometry/crownVF2002
Time load mesh: 10.391901016235352
Removed areas=0: 266

Total elements : 616946
Total equations: 1233892
----------------------------

1 surfaces:

Surface 0:
	616946 elements
	Surface type         : dielectric_interface
	Cells                : 3632
	Twigs                : 3071
	Levels               : 7
	C0 size              : 120.37818092153937
	C0 box center        : 103.006106263217, 113.93784503073744, 113.03415988865585
	Twig cell size       : 1.8809090768990526
	Rbox/theta           : 3.7618181537981052
	Analytic distance    : 1.2972503745644774
	Elem. per Ang^2      : 4.160091813341682
	Max, min, avg elem.  : 1.340539819443084, 4.999999999976695e-07, 0.24037931008948785
	Total area           : 148301.05384246918
------------------------------

2 regions:

Region 0:
	Laplace or Yukawa: 2
	kappa            : 0.125
	dielectric const : 80.0
	Number of charges: 0
	Parent surface   : []
	Child surfaces   : [0]
Region 1:
	Laplace or Yukawa: 1
	kappa            : 1e-12
	dielectric const : 4.0
	Number of charges: 60332
	Parent surface   : [0]
	Child surfaces   : []
------------------------------

Parameters:
	Data type               : <class 'numpy.float64'>
	Use GPU                 : 1
	P                       : 4
	threshold               : 0.50
	theta                   : 0.50
	NCRIT                   : 500
	CUDA block size         : 128
	Gauss points per element: 1
	Gauss points near singlr: 25
	1D Gauss points per side: 9
	GMRES tolerance         : 1e-05
	GMRES max iterations    : 1000
	GMRES restart iteration : 100
----------------------------

Generate interaction list
Transfer data to GPU
Generate RHS
List time          : 3.4691429138183594s
Data transfer time : 0.3919069766998291s
RHS generation time: 1.0468261241912842s
------------------------------
Total setup time   : 77.23435616493225s
Solve
Iteration: 1, relative residual: 0.3327375317415934
Iteration: 2, relative residual: 0.2243457622666819
Iteration: 3, relative residual: 0.17133506673175658
Iteration: 4, relative residual: 0.13547022250971308
Iteration: 5, relative residual: 0.10743175430766015
Iteration: 6, relative residual: 0.08728799531672053
Iteration: 7, relative residual: 0.06831955622409598
Iteration: 8, relative residual: 0.05507124501310074
Iteration: 9, relative residual: 0.04587239664956479
Iteration: 10, relative residual: 0.03900750878733749
Iteration: 11, relative residual: 0.03611349643185694
Iteration: 12, relative residual: 0.035725991728034714
Iteration: 13, relative residual: 0.03307021043486908
Iteration: 14, relative residual: 0.026362502770858668
Iteration: 15, relative residual: 0.021365276832266793
Iteration: 16, relative residual: 0.018005938611625368
Iteration: 17, relative residual: 0.014938041322849678
Iteration: 18, relative residual: 0.011820485048543834
Iteration: 19, relative residual: 0.010316717564560715
Iteration: 20, relative residual: 0.01031236816213637
Iteration: 21, relative residual: 0.00950385906470223
Iteration: 22, relative residual: 0.008063397913778745
Iteration: 23, relative residual: 0.008032326154824415
Iteration: 24, relative residual: 0.007411132319558209
Iteration: 25, relative residual: 0.006777910511549555
Iteration: 26, relative residual: 0.006150542342760478
Iteration: 27, relative residual: 0.006097702720636271
Iteration: 28, relative residual: 0.0058477839128319295
Iteration: 29, relative residual: 0.005636919954747669
Iteration: 30, relative residual: 0.0054466542442954
Iteration: 31, relative residual: 0.005114356602788628
Iteration: 32, relative residual: 0.005071789810701569
Iteration: 33, relative residual: 0.005024663953993408
Iteration: 34, relative residual: 0.0049854026969159155
Iteration: 35, relative residual: 0.004964755980792852
Iteration: 36, relative residual: 0.0045140180018197786
Iteration: 37, relative residual: 0.004474267579073054
Iteration: 38, relative residual: 0.0044293658352674735
Iteration: 39, relative residual: 0.0041245268624335064
Iteration: 40, relative residual: 0.003972821317657433
Iteration: 41, relative residual: 0.0038531895590793296
Iteration: 42, relative residual: 0.003506184576068503
Iteration: 43, relative residual: 0.003250876242536165
Iteration: 44, relative residual: 0.0029330505389508254
Iteration: 45, relative residual: 0.0027444913860919565
Iteration: 46, relative residual: 0.0026917452547448534
Iteration: 47, relative residual: 0.002691427163482522
Iteration: 48, relative residual: 0.00259538901807573
Iteration: 49, relative residual: 0.0024752637361199863
Iteration: 50, relative residual: 0.002459325782427325
Iteration: 51, relative residual: 0.0024482119779993174
Iteration: 52, relative residual: 0.0023972465162671263
Iteration: 53, relative residual: 0.0022939985093460577
Iteration: 54, relative residual: 0.002268101022692319
Iteration: 55, relative residual: 0.002266423703532278
Iteration: 56, relative residual: 0.002204836718417778
Iteration: 57, relative residual: 0.0020954594715726885
Iteration: 58, relative residual: 0.0020722479522730366
Iteration: 59, relative residual: 0.002058527766464312
Iteration: 60, relative residual: 0.0019983761117334633
Iteration: 61, relative residual: 0.0018709933599435121
Iteration: 62, relative residual: 0.0017745441483727072
Iteration: 63, relative residual: 0.0016333727971869164
Iteration: 64, relative residual: 0.0015142817658796786
Iteration: 65, relative residual: 0.0014271913366505865
Iteration: 66, relative residual: 0.0013742099361552082
Iteration: 67, relative residual: 0.001333436958362137
Iteration: 68, relative residual: 0.001321226244449044
Iteration: 69, relative residual: 0.0013211874659223735
Iteration: 70, relative residual: 0.0013062120463481297
Iteration: 71, relative residual: 0.0012720728738151513
Iteration: 72, relative residual: 0.0012549655851150613
Iteration: 73, relative residual: 0.0012492968705032884
Iteration: 74, relative residual: 0.001249277076474735
Iteration: 75, relative residual: 0.0012273931207153477
Iteration: 76, relative residual: 0.001183380206628233
Iteration: 77, relative residual: 0.0011449286265163173
Iteration: 78, relative residual: 0.001125771139136014
Iteration: 79, relative residual: 0.0011196112464307232
Iteration: 80, relative residual: 0.0011170675827736666
Iteration: 81, relative residual: 0.0010972650935868774
Iteration: 82, relative residual: 0.0010616217743823955
Iteration: 83, relative residual: 0.001042728799070628
Iteration: 84, relative residual: 0.0010427057675609502
Iteration: 85, relative residual: 0.0010425166853836644
Iteration: 86, relative residual: 0.001037416962294898
Iteration: 87, relative residual: 0.0010095185942665947
Iteration: 88, relative residual: 0.0009918183001719173
Iteration: 89, relative residual: 0.0009815966335185553
Iteration: 90, relative residual: 0.0009779602793253703
Iteration: 91, relative residual: 0.0009563796234408628
Iteration: 92, relative residual: 0.0009342375893935586
Iteration: 93, relative residual: 0.0009084620405384768
Iteration: 94, relative residual: 0.0008796584192701801
Iteration: 95, relative residual: 0.0008608898270086251
Iteration: 96, relative residual: 0.0008541520560931438
Iteration: 97, relative residual: 0.0008541284282749562
Iteration: 98, relative residual: 0.0008474509399117592
Iteration: 99, relative residual: 0.0008352497011199966
Iteration: 100, relative residual: 0.0008352497011199966
Residual: 0.0008352497011199966. Restart...
Iteration: 101, relative residual: 0.0008257215295771208
Iteration: 102, relative residual: 0.0008256771199046352
Iteration: 103, relative residual: 0.00082566446890152
Iteration: 104, relative residual: 0.0008255942066886762
Iteration: 105, relative residual: 0.0008254703779644236
Iteration: 106, relative residual: 0.000825427632470878
Iteration: 107, relative residual: 0.0008254276320710218
Iteration: 108, relative residual: 0.0008254249606857415
Iteration: 109, relative residual: 0.0008254218727022915
Iteration: 110, relative residual: 0.000825421867851405
Iteration: 111, relative residual: 0.0008254206783449034
Iteration: 112, relative residual: 0.0008254034962941818
Iteration: 113, relative residual: 0.000825402281578651
Iteration: 114, relative residual: 0.0008253823630850366
Iteration: 115, relative residual: 0.0008253152481212425
Iteration: 116, relative residual: 0.000825230948908283
Iteration: 117, relative residual: 0.0008252297984898818
Iteration: 118, relative residual: 0.0008251530908632778
Iteration: 119, relative residual: 0.0008251060101021506
Iteration: 120, relative residual: 0.0008250997573472241
Iteration: 121, relative residual: 0.0008250822354384103
Iteration: 122, relative residual: 0.0008246974128036731
Iteration: 123, relative residual: 0.000823868608708203
Iteration: 124, relative residual: 0.0008236224072654854
Iteration: 125, relative residual: 0.0008235873849987175
Iteration: 126, relative residual: 0.0008233790278161332
Iteration: 127, relative residual: 0.0008221504340722223
Iteration: 128, relative residual: 0.0008221092032397404
Iteration: 129, relative residual: 0.0008214311446882801
Iteration: 130, relative residual: 0.0008212225293760828
Iteration: 131, relative residual: 0.0008211233316670653
Iteration: 132, relative residual: 0.0008202890877028376
Iteration: 133, relative residual: 0.0008192589539893237
Iteration: 134, relative residual: 0.0008191796183883793
Iteration: 135, relative residual: 0.0008186842307751056
Iteration: 136, relative residual: 0.0008180118650936649
Iteration: 137, relative residual: 0.0008180115270505964
Iteration: 138, relative residual: 0.0008178498972257185
Iteration: 139, relative residual: 0.0008168419541249301
Iteration: 140, relative residual: 0.0008163790838395859
Iteration: 141, relative residual: 0.0008162532680153769
Iteration: 142, relative residual: 0.0008162316288187138
Iteration: 143, relative residual: 0.0008162297979883662
Iteration: 144, relative residual: 0.000814607351921367
Iteration: 145, relative residual: 0.0008137825469525377
Iteration: 146, relative residual: 0.0008137783666207694
Iteration: 147, relative residual: 0.0008127971240981548
Iteration: 148, relative residual: 0.0008102998840994911
Iteration: 149, relative residual: 0.0008066231547760289
Iteration: 150, relative residual: 0.0008039225161093613
Iteration: 151, relative residual: 0.0008012709635304529
Iteration: 152, relative residual: 0.0007998881476058351
Iteration: 153, relative residual: 0.0007997946735000349
Iteration: 154, relative residual: 0.0007979576699850101
Iteration: 155, relative residual: 0.0007935422028049494
Iteration: 156, relative residual: 0.0007897507905940445
Iteration: 157, relative residual: 0.0007885923816317357
Iteration: 158, relative residual: 0.0007879564813242934
Iteration: 159, relative residual: 0.0007870593351661015
Iteration: 160, relative residual: 0.0007815384386821738
Iteration: 161, relative residual: 0.0007766048884926269
Iteration: 162, relative residual: 0.0007734929076387966
Iteration: 163, relative residual: 0.0007711210154978825
Iteration: 164, relative residual: 0.0007709134973260016
Iteration: 165, relative residual: 0.0007705276209170319
Iteration: 166, relative residual: 0.0007650237246834037
Iteration: 167, relative residual: 0.0007623668234352942
Iteration: 168, relative residual: 0.0007609895578488591
Iteration: 169, relative residual: 0.0007609397149130342
Iteration: 170, relative residual: 0.0007605225019286253
Iteration: 171, relative residual: 0.0007578366641024989
Iteration: 172, relative residual: 0.0007548282323950984
Iteration: 173, relative residual: 0.0007540511668112542
Iteration: 174, relative residual: 0.0007539582510180333
Iteration: 175, relative residual: 0.0007500887278003903
Iteration: 176, relative residual: 0.0007468189179476249
Iteration: 177, relative residual: 0.0007409032557147149
Iteration: 178, relative residual: 0.0007281258814459414
Iteration: 179, relative residual: 0.0007214888764151948
Iteration: 180, relative residual: 0.0007213354385856962
Iteration: 181, relative residual: 0.0007202998721678102
Iteration: 182, relative residual: 0.0007079947374283107
Iteration: 183, relative residual: 0.0006997922136899955
Iteration: 184, relative residual: 0.0006943193941379699
Iteration: 185, relative residual: 0.0006807989382036211
Iteration: 186, relative residual: 0.0006804007375848425
Iteration: 187, relative residual: 0.0006776432610917003
Iteration: 188, relative residual: 0.0006748056650466676
Iteration: 189, relative residual: 0.0006685890273744576
Iteration: 190, relative residual: 0.0006610267921914107
Iteration: 191, relative residual: 0.0006531695940557096
Iteration: 192, relative residual: 0.0006530956726734458
Iteration: 193, relative residual: 0.0006530817973197312
Iteration: 194, relative residual: 0.0006453766842628003
Iteration: 195, relative residual: 0.0006374660643902008
Iteration: 196, relative residual: 0.0006275346735450881
Iteration: 197, relative residual: 0.0006253143522329961
Iteration: 198, relative residual: 0.0006231232526087444
Iteration: 199, relative residual: 0.0006230904463594676
Iteration: 200, relative residual: 0.0006230904463594676
Residual: 0.0006230904463594676. Restart...
Iteration: 201, relative residual: 0.000621439746502757
Iteration: 202, relative residual: 0.0006214397464155898
Iteration: 203, relative residual: 0.0006214377301560402
Iteration: 204, relative residual: 0.0006214308469032319
Iteration: 205, relative residual: 0.0006214202467970297
Iteration: 206, relative residual: 0.0006214164892509638
Iteration: 207, relative residual: 0.0006214130083498475
Iteration: 208, relative residual: 0.0006214075867631235
Iteration: 209, relative residual: 0.0006214030775177929
Iteration: 210, relative residual: 0.0006214030773988401
Iteration: 211, relative residual: 0.000621401700482224
Iteration: 212, relative residual: 0.0006213997056980887
Iteration: 213, relative residual: 0.0006213982585588906
Iteration: 214, relative residual: 0.000621397608734282
Iteration: 215, relative residual: 0.0006213894133703161
Iteration: 216, relative residual: 0.0006213888979958296
Iteration: 217, relative residual: 0.0006213809325804823
Iteration: 218, relative residual: 0.000621215590662815
Iteration: 219, relative residual: 0.0006211363902315875
Iteration: 220, relative residual: 0.0006210701308262986
Iteration: 221, relative residual: 0.0006206981569597827
Iteration: 222, relative residual: 0.0006203293573973049
Iteration: 223, relative residual: 0.000620125023271857
Iteration: 224, relative residual: 0.0006201193540144274
Iteration: 225, relative residual: 0.0006200310813723991
Iteration: 226, relative residual: 0.0006197017278557984
Iteration: 227, relative residual: 0.0006196998434209886
Iteration: 228, relative residual: 0.0006193239943345724
Iteration: 229, relative residual: 0.0006187865129699734
Iteration: 230, relative residual: 0.0006187748102616385
Iteration: 231, relative residual: 0.000618567864708246
Iteration: 232, relative residual: 0.0006183683642418692
Iteration: 233, relative residual: 0.0006182300050569135
Iteration: 234, relative residual: 0.0006182056764361229
Iteration: 235, relative residual: 0.0006181699915180314
Iteration: 236, relative residual: 0.0006179835455173403
Iteration: 237, relative residual: 0.000617887212470294
Iteration: 238, relative residual: 0.0006178816861309423
Iteration: 239, relative residual: 0.0006177398707279515
Iteration: 240, relative residual: 0.0006173594531401631
Iteration: 241, relative residual: 0.0006172399383320275
Iteration: 242, relative residual: 0.0006172113314661802
Iteration: 243, relative residual: 0.0006171902696271266
Iteration: 244, relative residual: 0.0006169131658717477
Iteration: 245, relative residual: 0.0006167058269346548
Iteration: 246, relative residual: 0.0006166630026837939
Iteration: 247, relative residual: 0.0006166570290833171
Iteration: 248, relative residual: 0.0006164876186528607
Iteration: 249, relative residual: 0.000616206632985921
Iteration: 250, relative residual: 0.0006159430983830595
Iteration: 251, relative residual: 0.0006158056400677131
Iteration: 252, relative residual: 0.0006157411105764532
Iteration: 253, relative residual: 0.0006149297274359403
Iteration: 254, relative residual: 0.0006146992883192623
Iteration: 255, relative residual: 0.0006144850564340345
Iteration: 256, relative residual: 0.0006139089661891337
Iteration: 257, relative residual: 0.0006138694702346944
Iteration: 258, relative residual: 0.0006130236939184227
Iteration: 259, relative residual: 0.0006123540007045041
Iteration: 260, relative residual: 0.0006122313021203255
Iteration: 261, relative residual: 0.0006122054527512886
Iteration: 262, relative residual: 0.0006118352195642202
Iteration: 263, relative residual: 0.0006111862526745779
Iteration: 264, relative residual: 0.000610850958041068
Iteration: 265, relative residual: 0.0006104143698409269
Iteration: 266, relative residual: 0.000610323313079533
Iteration: 267, relative residual: 0.000610223785049855
Iteration: 268, relative residual: 0.0006091665804102004
Iteration: 269, relative residual: 0.0006065004378742481
Iteration: 270, relative residual: 0.0006046246169240933
Iteration: 271, relative residual: 0.0006039392903398046
Iteration: 272, relative residual: 0.0006037925414410753
Iteration: 273, relative residual: 0.0006036352909768084
Iteration: 274, relative residual: 0.0006028324349310681
Iteration: 275, relative residual: 0.0006018981772325974
Iteration: 276, relative residual: 0.000600402986605807
Iteration: 277, relative residual: 0.0006003627695646441
Iteration: 278, relative residual: 0.000598445832781946
Iteration: 279, relative residual: 0.0005958417117030083
Iteration: 280, relative residual: 0.0005944247235158917
Iteration: 281, relative residual: 0.0005934890875609026
Iteration: 282, relative residual: 0.0005929352191147457
Iteration: 283, relative residual: 0.0005928296145662028
Iteration: 284, relative residual: 0.0005909741028780189
Iteration: 285, relative residual: 0.0005890490233082827
Iteration: 286, relative residual: 0.0005887776836357874
Iteration: 287, relative residual: 0.0005880711210630553
Iteration: 288, relative residual: 0.0005878214664149068
Iteration: 289, relative residual: 0.000582779065201912
Iteration: 290, relative residual: 0.0005762896319592469
Iteration: 291, relative residual: 0.0005740152444678721
Iteration: 292, relative residual: 0.0005727848425764089
Iteration: 293, relative residual: 0.0005708760840660327
Iteration: 294, relative residual: 0.0005707404685485263
Iteration: 295, relative residual: 0.0005688852815958066
Iteration: 296, relative residual: 0.0005636588971447825
Iteration: 297, relative residual: 0.0005523977690983699
Iteration: 298, relative residual: 0.0005468226756410009
Iteration: 299, relative residual: 0.0005431020471947975
Iteration: 300, relative residual: 0.0005431020471947975
Residual: 0.0005431020471947975. Restart...
Iteration: 301, relative residual: 0.0005426788827900563
Iteration: 302, relative residual: 0.0005426788642984985
Iteration: 303, relative residual: 0.0005426788565284082
Iteration: 304, relative residual: 0.0005426787951835707
Iteration: 305, relative residual: 0.0005426787919641302
Iteration: 306, relative residual: 0.0005426785431218241
Iteration: 307, relative residual: 0.000542677992059725
Iteration: 308, relative residual: 0.000542677988083078
Iteration: 309, relative residual: 0.0005426763613649361
Iteration: 310, relative residual: 0.0005426745444829363
Iteration: 311, relative residual: 0.0005426745223079981
Iteration: 312, relative residual: 0.0005426688357723264
Iteration: 313, relative residual: 0.0005426346816034688
Iteration: 314, relative residual: 0.0005426340482130593
Iteration: 315, relative residual: 0.0005425902686232297
Iteration: 316, relative residual: 0.0005424151233024015
Iteration: 317, relative residual: 0.0005421115740244312
Iteration: 318, relative residual: 0.0005421016609990959
Iteration: 319, relative residual: 0.0005417143526310343
Iteration: 320, relative residual: 0.0005406922496165936
Iteration: 321, relative residual: 0.0005401880360182391
Iteration: 322, relative residual: 0.0005401873735933436
Iteration: 323, relative residual: 0.0005396742638899138
Iteration: 324, relative residual: 0.0005390982832896216
Iteration: 325, relative residual: 0.0005390942186779009
Iteration: 326, relative residual: 0.0005381873692621915
Iteration: 327, relative residual: 0.0005360182595584863
Iteration: 328, relative residual: 0.000533543020825942
Iteration: 329, relative residual: 0.000533005126944311
Iteration: 330, relative residual: 0.0005328661815964158
Iteration: 331, relative residual: 0.0005327478270181448
Iteration: 332, relative residual: 0.000532711114984155
Iteration: 333, relative residual: 0.0005326147008145093
Iteration: 334, relative residual: 0.000532120383352447
Iteration: 335, relative residual: 0.0005320095359959799
Iteration: 336, relative residual: 0.000531945517024593
Iteration: 337, relative residual: 0.0005318272271463165
Iteration: 338, relative residual: 0.0005304056633567198
Iteration: 339, relative residual: 0.0005301132999075551
Iteration: 340, relative residual: 0.0005301094103072581
Iteration: 341, relative residual: 0.0005295929631155965
Iteration: 342, relative residual: 0.0005280641008289938
Iteration: 343, relative residual: 0.0005270410090536061
Iteration: 344, relative residual: 0.0005269770926776613
Iteration: 345, relative residual: 0.0005267862336883132
Iteration: 346, relative residual: 0.0005264326317610828
Iteration: 347, relative residual: 0.0005262906554332693
Iteration: 348, relative residual: 0.000526265675300791
Iteration: 349, relative residual: 0.0005262637021586575
Iteration: 350, relative residual: 0.0005261361114729465
Iteration: 351, relative residual: 0.0005256923308186876
Iteration: 352, relative residual: 0.0005248431049739704
Iteration: 353, relative residual: 0.0005238702531164912
Iteration: 354, relative residual: 0.0005236163544254098
Iteration: 355, relative residual: 0.0005236046208794133
Iteration: 356, relative residual: 0.0005232575959473494
Iteration: 357, relative residual: 0.0005227427939832521
Iteration: 358, relative residual: 0.0005222016155004809
Iteration: 359, relative residual: 0.0005221755772757213
Iteration: 360, relative residual: 0.0005218050512980671
Iteration: 361, relative residual: 0.0005214332247779223
Iteration: 362, relative residual: 0.0005206808173285107
Iteration: 363, relative residual: 0.000519757960421982
Iteration: 364, relative residual: 0.0005195117280816964
Iteration: 365, relative residual: 0.0005189687721726631
Iteration: 366, relative residual: 0.0005171272116523297
Iteration: 367, relative residual: 0.000514926119147061
Iteration: 368, relative residual: 0.0005120269224694252
Iteration: 369, relative residual: 0.0005108653826694066
Iteration: 370, relative residual: 0.0005108484374446165
Iteration: 371, relative residual: 0.0005089587301334858
Iteration: 372, relative residual: 0.0005035713826654599
Iteration: 373, relative residual: 0.0005022098683176965
Iteration: 374, relative residual: 0.0005022058235561389
Iteration: 375, relative residual: 0.0005018399504705847
Iteration: 376, relative residual: 0.0004993273050051963
Iteration: 377, relative residual: 0.0004965633517297744
Iteration: 378, relative residual: 0.0004950802562297867
Iteration: 379, relative residual: 0.0004949784007393138
Iteration: 380, relative residual: 0.0004934825873996037
Iteration: 381, relative residual: 0.0004897129999735442
Iteration: 382, relative residual: 0.0004877606773278701
Iteration: 383, relative residual: 0.00048717571731719605
Iteration: 384, relative residual: 0.00048715006346385916
Iteration: 385, relative residual: 0.00048460968132441653
Iteration: 386, relative residual: 0.00048125374865870356
Iteration: 387, relative residual: 0.00047536612943950373
Iteration: 388, relative residual: 0.000471304162047244
Iteration: 389, relative residual: 0.0004693085265389192
Iteration: 390, relative residual: 0.00046774857004976155
Iteration: 391, relative residual: 0.0004671588039817038
Iteration: 392, relative residual: 0.00046271067802172743
Iteration: 393, relative residual: 0.0004588289695158115
Iteration: 394, relative residual: 0.00045767196932298
Iteration: 395, relative residual: 0.00045734509033483494
Iteration: 396, relative residual: 0.00045733813619316564
Iteration: 397, relative residual: 0.00045587312984825365
Iteration: 398, relative residual: 0.0004536058848608517
Iteration: 399, relative residual: 0.00044409224547614304
Iteration: 400, relative residual: 0.00044409224547614304
Residual: 0.00044409224547614304. Restart...
Iteration: 401, relative residual: 0.0004419953126291265
Iteration: 402, relative residual: 0.00044199531253103543
Iteration: 403, relative residual: 0.00044199530821259297
Iteration: 404, relative residual: 0.00044199530771343024
Iteration: 405, relative residual: 0.00044199529369183456
Iteration: 406, relative residual: 0.00044199501616944825
Iteration: 407, relative residual: 0.0004419945613195514
Iteration: 408, relative residual: 0.00044199406803003844
Iteration: 409, relative residual: 0.0004419900997875164
Iteration: 410, relative residual: 0.000441988132877148
Iteration: 411, relative residual: 0.00044198734642267133
Iteration: 412, relative residual: 0.0004419805423984063
Iteration: 413, relative residual: 0.0004419703994793898
Iteration: 414, relative residual: 0.0004419646913434973
Iteration: 415, relative residual: 0.00044194562165368416
Iteration: 416, relative residual: 0.0004419455175782003
Iteration: 417, relative residual: 0.00044191240694303995
Iteration: 418, relative residual: 0.0004417375772522903
Iteration: 419, relative residual: 0.0004417343910070045
Iteration: 420, relative residual: 0.0004414397347673351
Iteration: 421, relative residual: 0.00044118459955897057
Iteration: 422, relative residual: 0.0004411701126059615
Iteration: 423, relative residual: 0.00044059149814460385
Iteration: 424, relative residual: 0.0004401024843503932
Iteration: 425, relative residual: 0.0004400935492248902
Iteration: 426, relative residual: 0.0004391506517640807
Iteration: 427, relative residual: 0.00043721944774856276
Iteration: 428, relative residual: 0.0004358506473270736
Iteration: 429, relative residual: 0.0004358192288227425
Iteration: 430, relative residual: 0.00043574433900551323
Iteration: 431, relative residual: 0.00043543167248355404
Iteration: 432, relative residual: 0.00043527854569218755
Iteration: 433, relative residual: 0.00043522863865532867
Iteration: 434, relative residual: 0.0004347726472569205
Iteration: 435, relative residual: 0.00043474612780485206
Iteration: 436, relative residual: 0.00043473552302352976
Iteration: 437, relative residual: 0.0004345276436201237
Iteration: 438, relative residual: 0.00043348756732270165
Iteration: 439, relative residual: 0.0004334018659437465
Iteration: 440, relative residual: 0.0004334006252919474
Iteration: 441, relative residual: 0.0004330482670052855
Iteration: 442, relative residual: 0.0004321015721359381
Iteration: 443, relative residual: 0.00043166660093993495
Iteration: 444, relative residual: 0.0004316634025823251
Iteration: 445, relative residual: 0.00043109571806639735
Iteration: 446, relative residual: 0.00043015154702652145
Iteration: 447, relative residual: 0.0004296291533693234
Iteration: 448, relative residual: 0.0004293590571975888
Iteration: 449, relative residual: 0.0004289011492636253
Iteration: 450, relative residual: 0.00042869942917699553
Iteration: 451, relative residual: 0.00042828842450194437
Iteration: 452, relative residual: 0.00042693934934816437
Iteration: 453, relative residual: 0.0004259321104920424
Iteration: 454, relative residual: 0.00042488595527555577
Iteration: 455, relative residual: 0.0004248582729352736
Iteration: 456, relative residual: 0.00042485823873674567
Iteration: 457, relative residual: 0.00042466219728204126
Iteration: 458, relative residual: 0.0004241018814497325
Iteration: 459, relative residual: 0.0004227168812244771
Iteration: 460, relative residual: 0.00042213593719525795
Iteration: 461, relative residual: 0.0004221298203283158
Iteration: 462, relative residual: 0.00042176400481900065
Iteration: 463, relative residual: 0.0004209686138516361
Iteration: 464, relative residual: 0.00041955530232846923
Iteration: 465, relative residual: 0.00041909027579744727
Iteration: 466, relative residual: 0.0004190639890238283
Iteration: 467, relative residual: 0.00041869466145477474
Iteration: 468, relative residual: 0.00041633502290961045
Iteration: 469, relative residual: 0.00041294220458185614
Iteration: 470, relative residual: 0.0004127692907796209
Iteration: 471, relative residual: 0.00041092128247239516
Iteration: 472, relative residual: 0.0004079784411579175
Iteration: 473, relative residual: 0.000407764272405971
Iteration: 474, relative residual: 0.00040751341084150266
Iteration: 475, relative residual: 0.0004074733343499472
Iteration: 476, relative residual: 0.00040740514507915903
Iteration: 477, relative residual: 0.00040650968055940597
Iteration: 478, relative residual: 0.0004053358633999481
Iteration: 479, relative residual: 0.0004050031685117761
Iteration: 480, relative residual: 0.0004041160910765307
Iteration: 481, relative residual: 0.0004041057112204329
Iteration: 482, relative residual: 0.00040316324076289714
Iteration: 483, relative residual: 0.00039949693327365676
Iteration: 484, relative residual: 0.0003972629455869902
Iteration: 485, relative residual: 0.00039621957030458276
Iteration: 486, relative residual: 0.00039621955120990287
Iteration: 487, relative residual: 0.00039518144924703674
Iteration: 488, relative residual: 0.00039206684869585475
Iteration: 489, relative residual: 0.00038848230627762116
Iteration: 490, relative residual: 0.0003883617772825126
Iteration: 491, relative residual: 0.0003881749502572022
Iteration: 492, relative residual: 0.0003869958088655936
Iteration: 493, relative residual: 0.0003841302443901781
Iteration: 494, relative residual: 0.00038300590208723294
Iteration: 495, relative residual: 0.0003829007040607099
Iteration: 496, relative residual: 0.0003827401272079931
Iteration: 497, relative residual: 0.00038243688047175724
Iteration: 498, relative residual: 0.0003794290578072181
Iteration: 499, relative residual: 0.0003773167260246456
Iteration: 500, relative residual: 0.0003773167260246456
Residual: 0.0003773167260246456. Restart...
Iteration: 501, relative residual: 0.0003729763243559674
Iteration: 502, relative residual: 0.0003729761323483498
Iteration: 503, relative residual: 0.0003729761260237939
Iteration: 504, relative residual: 0.00037297562416238996
Iteration: 505, relative residual: 0.000372973999801139
Iteration: 506, relative residual: 0.0003729720554595152
Iteration: 507, relative residual: 0.00037297192028861765
Iteration: 508, relative residual: 0.00037296907632211146
Iteration: 509, relative residual: 0.00037296599698043983
Iteration: 510, relative residual: 0.0003729657157184996
Iteration: 511, relative residual: 0.0003729638754912559
Iteration: 512, relative residual: 0.0003729602623379038
Iteration: 513, relative residual: 0.0003729592568514899
Iteration: 514, relative residual: 0.0003729537972863635
Iteration: 515, relative residual: 0.0003729504541169167
Iteration: 516, relative residual: 0.0003729465492498978
Iteration: 517, relative residual: 0.000372927467836022
Iteration: 518, relative residual: 0.00037290383767129654
Iteration: 519, relative residual: 0.0003728933483143063
Iteration: 520, relative residual: 0.0003727542367223504
Iteration: 521, relative residual: 0.00037269753412599204
Iteration: 522, relative residual: 0.0003726778025106352
Iteration: 523, relative residual: 0.00037239252764692505
Iteration: 524, relative residual: 0.000371967848957809
Iteration: 525, relative residual: 0.00037193534622685675
Iteration: 526, relative residual: 0.0003715677182043648
Iteration: 527, relative residual: 0.0003711300112024342
Iteration: 528, relative residual: 0.00037042642193507497
Iteration: 529, relative residual: 0.0003701486427293092
Iteration: 530, relative residual: 0.00037012065434516647
Iteration: 531, relative residual: 0.00037002801372893173
Iteration: 532, relative residual: 0.000369888348768547
Iteration: 533, relative residual: 0.00036987558798962176
Iteration: 534, relative residual: 0.00036976881963526436
Iteration: 535, relative residual: 0.00036937016681333305
Iteration: 536, relative residual: 0.00036926140177487304
Iteration: 537, relative residual: 0.00036907329804136306
Iteration: 538, relative residual: 0.00036842866385841894
Iteration: 539, relative residual: 0.0003682692504886682
Iteration: 540, relative residual: 0.00036820986122336415
Iteration: 541, relative residual: 0.00036819018302171384
Iteration: 542, relative residual: 0.0003674200137205294
Iteration: 543, relative residual: 0.0003663891074708555
Iteration: 544, relative residual: 0.0003645846206904428
Iteration: 545, relative residual: 0.00036451619895805614
Iteration: 546, relative residual: 0.0003642632298716056
Iteration: 547, relative residual: 0.0003636610204803523
Iteration: 548, relative residual: 0.0003634266141232905
Iteration: 549, relative residual: 0.0003633825278997303
Iteration: 550, relative residual: 0.00036318581503455073
Iteration: 551, relative residual: 0.00036230848317951657
Iteration: 552, relative residual: 0.00036156197949597135
Iteration: 553, relative residual: 0.00036093671114019124
Iteration: 554, relative residual: 0.00036090240800798446
Iteration: 555, relative residual: 0.00036081408921062315
Iteration: 556, relative residual: 0.0003598869708924713
Iteration: 557, relative residual: 0.00035903670265425295
Iteration: 558, relative residual: 0.0003586524350463501
Iteration: 559, relative residual: 0.0003586507107491571
Iteration: 560, relative residual: 0.00035817969471285536
Iteration: 561, relative residual: 0.0003566137831702969
Iteration: 562, relative residual: 0.00035515435417016997
Iteration: 563, relative residual: 0.0003548898670123034
Iteration: 564, relative residual: 0.0003548792330232243
Iteration: 565, relative residual: 0.0003546615743883019
Iteration: 566, relative residual: 0.00035416240470507966
Iteration: 567, relative residual: 0.00035370337642198936
Iteration: 568, relative residual: 0.0003529718283972762
Iteration: 569, relative residual: 0.00035269943810006463
Iteration: 570, relative residual: 0.00035255183236462004
Iteration: 571, relative residual: 0.0003519363307677437
Iteration: 572, relative residual: 0.0003511835681963748
Iteration: 573, relative residual: 0.0003510260169645102
Iteration: 574, relative residual: 0.00035102050563139413
Iteration: 575, relative residual: 0.0003508282450925723
Iteration: 576, relative residual: 0.0003498944709010751
Iteration: 577, relative residual: 0.0003494919973775285
Iteration: 578, relative residual: 0.00034917248905098723
Iteration: 579, relative residual: 0.00034900892132976974
Iteration: 580, relative residual: 0.00034893932626652675
Iteration: 581, relative residual: 0.00034889330702105796
Iteration: 582, relative residual: 0.00034863999915645807
Iteration: 583, relative residual: 0.0003460488530908891
Iteration: 584, relative residual: 0.00034575211161307355
Iteration: 585, relative residual: 0.0003456057833614795
Iteration: 586, relative residual: 0.00034554840401042526
Iteration: 587, relative residual: 0.00034449440383272744
Iteration: 588, relative residual: 0.0003413046452831127
Iteration: 589, relative residual: 0.00033629433171889373
Iteration: 590, relative residual: 0.00033568195035567957
Iteration: 591, relative residual: 0.0003355909825790219
Iteration: 592, relative residual: 0.00033527559255586294
Iteration: 593, relative residual: 0.00033364383310989087
Iteration: 594, relative residual: 0.0003306914047621763
Iteration: 595, relative residual: 0.00032899632335408837
Iteration: 596, relative residual: 0.0003289350483998046
Iteration: 597, relative residual: 0.00032886507482300436
Iteration: 598, relative residual: 0.00032761920949653104
Iteration: 599, relative residual: 0.000323788591180786
Iteration: 600, relative residual: 0.000323788591180786
Residual: 0.000323788591180786. Restart...
Iteration: 601, relative residual: 0.0003207188668033091
Iteration: 602, relative residual: 0.00032071832905147596
Iteration: 603, relative residual: 0.00032071829301369106
Iteration: 604, relative residual: 0.0003207165832800831
Iteration: 605, relative residual: 0.00032070831358225864
Iteration: 606, relative residual: 0.0003207020050839722
Iteration: 607, relative residual: 0.0003207012137513248
Iteration: 608, relative residual: 0.0003206890126590835
Iteration: 609, relative residual: 0.00032066692490156787
Iteration: 610, relative residual: 0.0003206536653765695
Iteration: 611, relative residual: 0.0003206533652065289
Iteration: 612, relative residual: 0.0003206347485078733
Iteration: 613, relative residual: 0.00032061207900430105
Iteration: 614, relative residual: 0.00032061141226405254
Iteration: 615, relative residual: 0.0003205810594070399
Iteration: 616, relative residual: 0.0003205803336386557
Iteration: 617, relative residual: 0.0003205531350420054
Iteration: 618, relative residual: 0.0003204849112218706
Iteration: 619, relative residual: 0.0003204827986533904
Iteration: 620, relative residual: 0.0003204169228074298
Iteration: 621, relative residual: 0.00032035448307267715
Iteration: 622, relative residual: 0.0003202823586092494
Iteration: 623, relative residual: 0.0003198822391083296
Iteration: 624, relative residual: 0.0003195094560937485
Iteration: 625, relative residual: 0.0003195085457088155
Iteration: 626, relative residual: 0.00031885364116808555
Iteration: 627, relative residual: 0.00031781838494552336
Iteration: 628, relative residual: 0.00031655602038742104
Iteration: 629, relative residual: 0.00031639711499142404
Iteration: 630, relative residual: 0.00031627838184507647
Iteration: 631, relative residual: 0.0003159792559595131
Iteration: 632, relative residual: 0.0003159630094614319
Iteration: 633, relative residual: 0.00031571095014654713
Iteration: 634, relative residual: 0.0003152987788833888
Iteration: 635, relative residual: 0.0003152987743532238
Iteration: 636, relative residual: 0.000315087065907687
Iteration: 637, relative residual: 0.00031480555149968477
Iteration: 638, relative residual: 0.00031440197515996847
Iteration: 639, relative residual: 0.0003143844609503114
Iteration: 640, relative residual: 0.00031429240018979393
Iteration: 641, relative residual: 0.00031416101209343864
Iteration: 642, relative residual: 0.00031377525505301194
Iteration: 643, relative residual: 0.00031369419777392093
Iteration: 644, relative residual: 0.00031368179582703075
Iteration: 645, relative residual: 0.000313368422347055
Iteration: 646, relative residual: 0.0003129356431907488
Iteration: 647, relative residual: 0.00031249754523798173
Iteration: 648, relative residual: 0.0003117495811266022
Iteration: 649, relative residual: 0.0003112656369813113
Iteration: 650, relative residual: 0.00031126213136161064
Iteration: 651, relative residual: 0.0003110296136178422
Iteration: 652, relative residual: 0.0003101736891513229
Iteration: 653, relative residual: 0.00030941168004203266
Iteration: 654, relative residual: 0.0003088539006059951
Iteration: 655, relative residual: 0.00030875605558771215
Iteration: 656, relative residual: 0.0003087036247934479
Iteration: 657, relative residual: 0.000308447335430751
Iteration: 658, relative residual: 0.0003080901156369446
Iteration: 659, relative residual: 0.0003078553968531212
Iteration: 660, relative residual: 0.0003074554602094514
Iteration: 661, relative residual: 0.00030733427396281693
Iteration: 662, relative residual: 0.000307267330934336
Iteration: 663, relative residual: 0.0003068684038632503
Iteration: 664, relative residual: 0.00030656468573618496
Iteration: 665, relative residual: 0.000306299654531442
Iteration: 666, relative residual: 0.00030629717904474417
Iteration: 667, relative residual: 0.00030586674698873515
Iteration: 668, relative residual: 0.0003048026503120545
Iteration: 669, relative residual: 0.00030386314415213714
Iteration: 670, relative residual: 0.0003038254150947677
Iteration: 671, relative residual: 0.0003033865333406822
Iteration: 672, relative residual: 0.00030303894546139683
Iteration: 673, relative residual: 0.00030288530198521637
Iteration: 674, relative residual: 0.00030253496205856457
Iteration: 675, relative residual: 0.0003023565907434229
Iteration: 676, relative residual: 0.00030235642034472316
Iteration: 677, relative residual: 0.0003020222496735058
Iteration: 678, relative residual: 0.00030006723632293745
Iteration: 679, relative residual: 0.0002990788657110651
Iteration: 680, relative residual: 0.00029806419270134057
Iteration: 681, relative residual: 0.0002980341837476774
Iteration: 682, relative residual: 0.00029725106230753945
Iteration: 683, relative residual: 0.00029454844089277113
Iteration: 684, relative residual: 0.0002929600537879546
Iteration: 685, relative residual: 0.00029293194918480635
Iteration: 686, relative residual: 0.0002922044263813154
Iteration: 687, relative residual: 0.00029143061693188223
Iteration: 688, relative residual: 0.00029034335708983316
Iteration: 689, relative residual: 0.00028931962526578903
Iteration: 690, relative residual: 0.0002888232355657247
Iteration: 691, relative residual: 0.00028863140987899513
Iteration: 692, relative residual: 0.0002879975032854504
Iteration: 693, relative residual: 0.0002858808092562036
Iteration: 694, relative residual: 0.00028431515627169273
Iteration: 695, relative residual: 0.00028402209349705514
Iteration: 696, relative residual: 0.00028369098052097124
Iteration: 697, relative residual: 0.00028300245892372397
Iteration: 698, relative residual: 0.00028120382932820176
Iteration: 699, relative residual: 0.00028035611136841514
Iteration: 700, relative residual: 0.00028035611136841514
Residual: 0.00028035611136841514. Restart...
Iteration: 701, relative residual: 0.0002787539414290382
Iteration: 702, relative residual: 0.00027875390605310447
Iteration: 703, relative residual: 0.00027875372318391306
Iteration: 704, relative residual: 0.0002787531771726271
Iteration: 705, relative residual: 0.000278751845508414
Iteration: 706, relative residual: 0.00027875148658559445
Iteration: 707, relative residual: 0.00027875144239161275
Iteration: 708, relative residual: 0.000278750560334792
Iteration: 709, relative residual: 0.0002787505427624673
Iteration: 710, relative residual: 0.00027875020481712856
Iteration: 711, relative residual: 0.00027874933316924643
Iteration: 712, relative residual: 0.0002787488935846144
Iteration: 713, relative residual: 0.00027874860672580474
Iteration: 714, relative residual: 0.00027874486473961887
Iteration: 715, relative residual: 0.00027874396874762023
Iteration: 716, relative residual: 0.0002787414013293871
Iteration: 717, relative residual: 0.0002787163719955562
Iteration: 718, relative residual: 0.0002786868703581273
Iteration: 719, relative residual: 0.0002786719828297108
Iteration: 720, relative residual: 0.0002786026083933899
Iteration: 721, relative residual: 0.00027859903940628524
Iteration: 722, relative residual: 0.00027852879135430224
Iteration: 723, relative residual: 0.0002783087798837771
Iteration: 724, relative residual: 0.00027804050304671584
Iteration: 725, relative residual: 0.0002776803529004685
Iteration: 726, relative residual: 0.0002776312580172737
Iteration: 727, relative residual: 0.00027744263745568907
Iteration: 728, relative residual: 0.000276793626379988
Iteration: 729, relative residual: 0.0002765075827262857
Iteration: 730, relative residual: 0.0002763682910908801
Iteration: 731, relative residual: 0.00027635850456804727
Iteration: 732, relative residual: 0.00027624483354261745
Iteration: 733, relative residual: 0.0002761649072712017
Iteration: 734, relative residual: 0.000276017145194111
Iteration: 735, relative residual: 0.00027562849972879414
Iteration: 736, relative residual: 0.0002752755963978172
Iteration: 737, relative residual: 0.0002752739004173092
Iteration: 738, relative residual: 0.0002751383632291587
Iteration: 739, relative residual: 0.0002750382112345678
Iteration: 740, relative residual: 0.00027503561529099803
Iteration: 741, relative residual: 0.00027494500493214336
Iteration: 742, relative residual: 0.0002746078536173304
Iteration: 743, relative residual: 0.00027370677712532207
Iteration: 744, relative residual: 0.000272660702170661
Iteration: 745, relative residual: 0.0002722861091543775
Iteration: 746, relative residual: 0.00027228522720224203
Iteration: 747, relative residual: 0.00027207022259294875
Iteration: 748, relative residual: 0.00027171718349593144
Iteration: 749, relative residual: 0.00027126510018583735
Iteration: 750, relative residual: 0.00027126508671224
Iteration: 751, relative residual: 0.00027098742370928303
Iteration: 752, relative residual: 0.0002699885234540376
Iteration: 753, relative residual: 0.0002690567227705648
Iteration: 754, relative residual: 0.00026875372800889177
Iteration: 755, relative residual: 0.00026874732499896633
Iteration: 756, relative residual: 0.00026788939072081914
Iteration: 757, relative residual: 0.0002671937960684959
Iteration: 758, relative residual: 0.00026654930138643354
Iteration: 759, relative residual: 0.0002662797078391161
Iteration: 760, relative residual: 0.00026622634720244995
Iteration: 761, relative residual: 0.0002659063745402637
Iteration: 762, relative residual: 0.00026474114985792726
Iteration: 763, relative residual: 0.0002636569984057946
Iteration: 764, relative residual: 0.0002636406171113572
Iteration: 765, relative residual: 0.00026350891925552177
Iteration: 766, relative residual: 0.000263208238261335
Iteration: 767, relative residual: 0.000262411521021051
Iteration: 768, relative residual: 0.0002617673852403925
Iteration: 769, relative residual: 0.0002616845215968845
Iteration: 770, relative residual: 0.0002614656300293177
Iteration: 771, relative residual: 0.00026031622676520776
Iteration: 772, relative residual: 0.00025970541397231335
Iteration: 773, relative residual: 0.0002596733633239049
Iteration: 774, relative residual: 0.0002595239513798575
Iteration: 775, relative residual: 0.0002590567982627801
Iteration: 776, relative residual: 0.00025857214551137166
Iteration: 777, relative residual: 0.0002579386274602711
Iteration: 778, relative residual: 0.0002578923545424018
Iteration: 779, relative residual: 0.00025783633866003
Iteration: 780, relative residual: 0.00025755830729057717
Iteration: 781, relative residual: 0.00025639657882827756
Iteration: 782, relative residual: 0.00025574216849573927
Iteration: 783, relative residual: 0.00025497621717411286
Iteration: 784, relative residual: 0.0002548629038628843
Iteration: 785, relative residual: 0.0002542250285714546
Iteration: 786, relative residual: 0.00025334332363271156
Iteration: 787, relative residual: 0.0002529422627358498
Iteration: 788, relative residual: 0.00025255339892096184
Iteration: 789, relative residual: 0.0002519563770684849
Iteration: 790, relative residual: 0.0002515351922628078
Iteration: 791, relative residual: 0.0002515214773087821
Iteration: 792, relative residual: 0.00025152038317664116
Iteration: 793, relative residual: 0.0002515202389846377
Iteration: 794, relative residual: 0.00025107590239647294
Iteration: 795, relative residual: 0.0002507687138355937
Iteration: 796, relative residual: 0.0002504427320509902
Iteration: 797, relative residual: 0.0002504209185012299
Iteration: 798, relative residual: 0.00025040750014088467
Iteration: 799, relative residual: 0.00025005575481827364
Iteration: 800, relative residual: 0.00025005575481827364
Residual: 0.00025005575481827364. Restart...
Iteration: 801, relative residual: 0.000249852545077615
Iteration: 802, relative residual: 0.00024985241724030655
Iteration: 803, relative residual: 0.0002498524030422411
Iteration: 804, relative residual: 0.0002498520273395855
Iteration: 805, relative residual: 0.0002498507619293508
Iteration: 806, relative residual: 0.00024984915470180764
Iteration: 807, relative residual: 0.0002498476987142543
Iteration: 808, relative residual: 0.0002498469358102581
Iteration: 809, relative residual: 0.000249842240809236
Iteration: 810, relative residual: 0.00024983978129773746
Iteration: 811, relative residual: 0.0002498397798079862
Iteration: 812, relative residual: 0.00024983540929191786
Iteration: 813, relative residual: 0.0002498303241517809
Iteration: 814, relative residual: 0.00024982830554037415
Iteration: 815, relative residual: 0.00024982563918644755
Iteration: 816, relative residual: 0.0002498176293333181
Iteration: 817, relative residual: 0.0002498170801905385
Iteration: 818, relative residual: 0.00024981697319443355
Iteration: 819, relative residual: 0.00024981359127961017
Iteration: 820, relative residual: 0.00024981246497204164
Iteration: 821, relative residual: 0.00024980722531344716
Iteration: 822, relative residual: 0.000249797016841131
Iteration: 823, relative residual: 0.00024979379812132635
Iteration: 824, relative residual: 0.00024979369029217173
Iteration: 825, relative residual: 0.0002497634338861756
Iteration: 826, relative residual: 0.000249757223491086
Iteration: 827, relative residual: 0.00024973045639919636
Iteration: 828, relative residual: 0.00024959625013113557
Iteration: 829, relative residual: 0.00024950387094466853
Iteration: 830, relative residual: 0.00024947748260145235
Iteration: 831, relative residual: 0.0002494499895006921
Iteration: 832, relative residual: 0.00024939806639662297
Iteration: 833, relative residual: 0.00024939791024718524
Iteration: 834, relative residual: 0.00024927084034867146
Iteration: 835, relative residual: 0.00024917035479561287
Iteration: 836, relative residual: 0.00024917002338966325
Iteration: 837, relative residual: 0.00024911347228052456
Iteration: 838, relative residual: 0.00024890554027101646
Iteration: 839, relative residual: 0.0002488055343103793
Iteration: 840, relative residual: 0.00024879326467454566
Iteration: 841, relative residual: 0.00024877190976432036
Iteration: 842, relative residual: 0.0002486950385207697
Iteration: 843, relative residual: 0.0002484238600676538
Iteration: 844, relative residual: 0.0002482197948714702
Iteration: 845, relative residual: 0.0002482031753666366
Iteration: 846, relative residual: 0.0002479410853813965
Iteration: 847, relative residual: 0.0002472830424355659
Iteration: 848, relative residual: 0.00024625857825385
Iteration: 849, relative residual: 0.0002454358398748897
Iteration: 850, relative residual: 0.0002453643357270653
Iteration: 851, relative residual: 0.00024530055719599084
Iteration: 852, relative residual: 0.00024457007277661714
Iteration: 853, relative residual: 0.00024380573825146334
Iteration: 854, relative residual: 0.00024305163716859186
Iteration: 855, relative residual: 0.0002425677557877454
Iteration: 856, relative residual: 0.00024234539939974655
Iteration: 857, relative residual: 0.0002422491673776768
Iteration: 858, relative residual: 0.00024201500408116324
Iteration: 859, relative residual: 0.00024166366169838422
Iteration: 860, relative residual: 0.000241560774290344
Iteration: 861, relative residual: 0.00024146897517299314
Iteration: 862, relative residual: 0.00024133856677140768
Iteration: 863, relative residual: 0.00024108206019533525
Iteration: 864, relative residual: 0.0002406834578647219
Iteration: 865, relative residual: 0.00024039236284817205
Iteration: 866, relative residual: 0.00024032312320408823
Iteration: 867, relative residual: 0.00024031348836886393
Iteration: 868, relative residual: 0.00024004642836682918
Iteration: 869, relative residual: 0.00023900197659378956
Iteration: 870, relative residual: 0.00023848509330969545
Iteration: 871, relative residual: 0.00023827767128154555
Iteration: 872, relative residual: 0.00023824822157919156
Iteration: 873, relative residual: 0.00023816588027946155
Iteration: 874, relative residual: 0.0002379959751150271
Iteration: 875, relative residual: 0.00023703847537429433
Iteration: 876, relative residual: 0.00023646531160179284
Iteration: 877, relative residual: 0.00023644075889230211
Iteration: 878, relative residual: 0.00023596147931845304
Iteration: 879, relative residual: 0.00023510239442334332
Iteration: 880, relative residual: 0.0002344750319924905
Iteration: 881, relative residual: 0.00023429934199487436
Iteration: 882, relative residual: 0.00023429844727122169
Iteration: 883, relative residual: 0.00023423147279686505
Iteration: 884, relative residual: 0.00023334289226160503
Iteration: 885, relative residual: 0.00023314744617315144
Iteration: 886, relative residual: 0.00023314743748118898
Iteration: 887, relative residual: 0.00023310709764369367
Iteration: 888, relative residual: 0.00023290683866789304
Iteration: 889, relative residual: 0.0002321087316328013
Iteration: 890, relative residual: 0.00023147674730194194
Iteration: 891, relative residual: 0.00023147156451414332
Iteration: 892, relative residual: 0.00023146945005070687
Iteration: 893, relative residual: 0.0002313440307218335
Iteration: 894, relative residual: 0.00023092926706573132
Iteration: 895, relative residual: 0.00023063923291155122
Iteration: 896, relative residual: 0.0002304541459265715
Iteration: 897, relative residual: 0.00023041386895350199
Iteration: 898, relative residual: 0.0002304131659369762
Iteration: 899, relative residual: 0.0002304129435064224
Iteration: 900, relative residual: 0.0002304129435064224
Residual: 0.0002304129435064224. Restart...
Iteration: 901, relative residual: 0.00023035559247886378
Iteration: 902, relative residual: 0.00023035558501787243
Iteration: 903, relative residual: 0.00023035558398484804
Iteration: 904, relative residual: 0.00023035555116423801
Iteration: 905, relative residual: 0.00023035544761192353
Iteration: 906, relative residual: 0.00023035539276370701
Iteration: 907, relative residual: 0.00023035538922888476
Iteration: 908, relative residual: 0.00023035517356269735
Iteration: 909, relative residual: 0.00023035508053646878
Iteration: 910, relative residual: 0.00023035507997149572
Iteration: 911, relative residual: 0.00023035491000878355
Iteration: 912, relative residual: 0.00023035452314214587
Iteration: 913, relative residual: 0.00023035396268639887
Iteration: 914, relative residual: 0.00023035386414553186
Iteration: 915, relative residual: 0.00023035372626247448
Iteration: 916, relative residual: 0.00023035338438888098
Iteration: 917, relative residual: 0.00023035309184533625
Iteration: 918, relative residual: 0.00023035309038731445
Iteration: 919, relative residual: 0.00023035252687805534
Iteration: 920, relative residual: 0.0002303524954152771
Iteration: 921, relative residual: 0.00023035121265149505
Iteration: 922, relative residual: 0.00023034909569178466
Iteration: 923, relative residual: 0.0002303489715514792
Iteration: 924, relative residual: 0.00023034646054320232
Iteration: 925, relative residual: 0.0002303247783740188
Iteration: 926, relative residual: 0.00023027948538451948
Iteration: 927, relative residual: 0.00023025817634796217
Iteration: 928, relative residual: 0.00023022873799610974
Iteration: 929, relative residual: 0.00023012886373225146
Iteration: 930, relative residual: 0.00023003772604303415
Iteration: 931, relative residual: 0.00023003354599426208
Iteration: 932, relative residual: 0.000230013408406064
Iteration: 933, relative residual: 0.00022997909958639715
Iteration: 934, relative residual: 0.000229970460909996
Iteration: 935, relative residual: 0.00022987174934829902
Iteration: 936, relative residual: 0.0002297119746476583
Iteration: 937, relative residual: 0.0002296373462463498
Iteration: 938, relative residual: 0.0002296329579529091
Iteration: 939, relative residual: 0.00022958487949129345
Iteration: 940, relative residual: 0.00022950022343676081
Iteration: 941, relative residual: 0.0002294668300986881
Iteration: 942, relative residual: 0.0002294662893625653
Iteration: 943, relative residual: 0.00022939133900177358
Iteration: 944, relative residual: 0.0002291585457497246
Iteration: 945, relative residual: 0.00022905963689292494
Iteration: 946, relative residual: 0.00022905824269524414
Iteration: 947, relative residual: 0.00022898516187177522
Iteration: 948, relative residual: 0.00022887291059327114
Iteration: 949, relative residual: 0.00022865417980319838
Iteration: 950, relative residual: 0.0002286314810116216
Iteration: 951, relative residual: 0.00022862773093667777
Iteration: 952, relative residual: 0.00022859091659230876
Iteration: 953, relative residual: 0.0002284663856469264
Iteration: 954, relative residual: 0.0002282851626963821
Iteration: 955, relative residual: 0.0002280759883388388
Iteration: 956, relative residual: 0.0002280254529212608
Iteration: 957, relative residual: 0.0002280250011917662
Iteration: 958, relative residual: 0.00022795047146020943
Iteration: 959, relative residual: 0.00022757975901576397
Iteration: 960, relative residual: 0.00022723834179822668
Iteration: 961, relative residual: 0.00022721452318918243
Iteration: 962, relative residual: 0.00022713644098355503
Iteration: 963, relative residual: 0.00022674605120691753
Iteration: 964, relative residual: 0.00022618487221269412
Iteration: 965, relative residual: 0.00022586563327860673
Iteration: 966, relative residual: 0.00022586442990065608
Iteration: 967, relative residual: 0.00022560295396159243
Iteration: 968, relative residual: 0.00022490560826799263
Iteration: 969, relative residual: 0.00022339490387031464
Iteration: 970, relative residual: 0.00022307158313113188
Iteration: 971, relative residual: 0.00022305176032500564
Iteration: 972, relative residual: 0.0002225851362022091
Iteration: 973, relative residual: 0.00022223080047601153
Iteration: 974, relative residual: 0.00022192146083070298
Iteration: 975, relative residual: 0.00022184342104756007
Iteration: 976, relative residual: 0.00022182726213099425
Iteration: 977, relative residual: 0.0002215473150571296
Iteration: 978, relative residual: 0.0002207555770199064
Iteration: 979, relative residual: 0.00022064199664231817
Iteration: 980, relative residual: 0.00022063487134638693
Iteration: 981, relative residual: 0.00022044529707223223
Iteration: 982, relative residual: 0.00022006651038377183
Iteration: 983, relative residual: 0.0002195156299090991
Iteration: 984, relative residual: 0.00021907805615319005
Iteration: 985, relative residual: 0.0002190403680338404
Iteration: 986, relative residual: 0.00021903981895405805
Iteration: 987, relative residual: 0.00021886058043763708
Iteration: 988, relative residual: 0.00021849703279241888
Iteration: 989, relative residual: 0.00021776948307530267
Iteration: 990, relative residual: 0.00021744231615659232
Iteration: 991, relative residual: 0.0002174164925654544
Iteration: 992, relative residual: 0.00021741637342792002
Iteration: 993, relative residual: 0.00021732598392137746
Iteration: 994, relative residual: 0.00021645973673706115
Iteration: 995, relative residual: 0.00021592855932464587
Iteration: 996, relative residual: 0.0002158137950325657
Iteration: 997, relative residual: 0.00021579714849507802
Iteration: 998, relative residual: 0.00021576508451993882
Iteration: 999, relative residual: 0.0002155941528601
Iteration: 1000, relative residual: 0.0002155941528601
Residual: 0.0002155941528601. Restart...
Warning!!!!You have reached the maximum number of iterations : 1000.
The run will stop. Check the residual behaviour you might have a bug.For future runs you might consider changing the tolerance or increasing the number of max_iter.
Solve time        : 4611.1650240421295s

Calculate Solvation Energy (E_solv)
Calculating solvation energy for region 1, stored in E_solv[0]
6175.439136776504 of 616946 analytical integrals for phi_reac calculation in region 1
Time E_solv: 5.216326713562012s
Region 1: E_solv = -8804.867680797179 kcal/mol = -36839.5663764554 kJ/mol

Calculate Surface Energy (E_surf)
Time E_surf: 0.020529508590698242s

Calculate Coulomb Energy (E_coul)
Calculate Coulomb energy for region 1
Region 1: E_coul = -287855.78585352545 kcal/mol = -1204388.6080111505 kJ/mol
Time E_coul: 33.45097041130066s

------------------------------
Totals:
E_solv = -8804.867680797179 kcal/mol
E_surf = 0 kcal/mol
E_coul = -287855.78585352545 kcal/mol

Time = 4730.481362104416 s
