Run started on:
	Date: 2020/5/24
	Time: 22:38:1
	PyGBe version: 0.3.2+5.gea0f875
Config file: /cobra/u/gvargas/code/hPB/pygbe/pygbe/myCrownFinShots/sarsCov2002/snap5/snap5.config
Parameter file: /cobra/u/gvargas/code/hPB/pygbe/pygbe/myCrownFinShots/sarsCov2002/snap5/snap5.param
Geometry folder: /cobra/u/gvargas/code/hPB/pygbe/pygbe/myCrownFinShots/sarsCov2002/snap5/geometry
Running in: /cobra/u/gvargas/code/hPB/pygbe/pygbe/myCrownFinShots/sarsCov2002/snap5

Reading surface 0 from file geometry/crownVF2002
Time load mesh: 10.29586935043335
Removed areas=0: 268

Total elements : 624372
Total equations: 1248744
----------------------------

1 surfaces:

Surface 0:
	624372 elements
	Surface type         : dielectric_interface
	Cells                : 4077
	Twigs                : 3462
	Levels               : 7
	C0 size              : 124.52564817685796
	C0 box center        : 101.21734465671108, 103.32056483741532, 108.69843372433958
	Twig cell size       : 1.9457132527634056
	Rbox/theta           : 3.891426505526811
	Analytic distance    : 1.2974278282530227
	Elem. per Ang^2      : 4.158862127598262
	Max, min, avg elem.  : 1.38296400535308, 5.000000000012221e-07, 0.24045038506181468
	Total area           : 150130.48782181536
------------------------------

2 regions:

Region 0:
	Laplace or Yukawa: 2
	kappa            : 0.125
	dielectric const : 80.0
	Number of charges: 0
	Parent surface   : []
	Child surfaces   : [0]
Region 1:
	Laplace or Yukawa: 1
	kappa            : 1e-12
	dielectric const : 4.0
	Number of charges: 60332
	Parent surface   : [0]
	Child surfaces   : []
------------------------------

Parameters:
	Data type               : <class 'numpy.float64'>
	Use GPU                 : 1
	P                       : 4
	threshold               : 0.50
	theta                   : 0.50
	NCRIT                   : 500
	CUDA block size         : 128
	Gauss points per element: 1
	Gauss points near singlr: 25
	1D Gauss points per side: 9
	GMRES tolerance         : 1e-05
	GMRES max iterations    : 1000
	GMRES restart iteration : 100
----------------------------

Generate interaction list
Transfer data to GPU
Generate RHS
List time          : 3.7780814170837402s
Data transfer time : 0.46628475189208984s
RHS generation time: 0.5911111831665039s
------------------------------
Total setup time   : 78.99904823303223s
Solve
Iteration: 1, relative residual: 0.30931147006828047
Iteration: 2, relative residual: 0.1909651415574291
Iteration: 3, relative residual: 0.1528557514543923
Iteration: 4, relative residual: 0.11819716698705525
Iteration: 5, relative residual: 0.09016616477297529
Iteration: 6, relative residual: 0.07786436825604141
Iteration: 7, relative residual: 0.0689726516271023
Iteration: 8, relative residual: 0.058057089112389916
Iteration: 9, relative residual: 0.04515236569077032
Iteration: 10, relative residual: 0.0361341280935411
Iteration: 11, relative residual: 0.030427666267466392
Iteration: 12, relative residual: 0.02511454864855661
Iteration: 13, relative residual: 0.02146505981369523
Iteration: 14, relative residual: 0.01794828968291038
Iteration: 15, relative residual: 0.01428748148288679
Iteration: 16, relative residual: 0.013435805369963198
Iteration: 17, relative residual: 0.012833818163394753
Iteration: 18, relative residual: 0.010831974596666504
Iteration: 19, relative residual: 0.00987033158968274
Iteration: 20, relative residual: 0.009168825434068297
Iteration: 21, relative residual: 0.008956387329002325
Iteration: 22, relative residual: 0.007634647880222346
Iteration: 23, relative residual: 0.006963867680081679
Iteration: 24, relative residual: 0.0065378154548157725
Iteration: 25, relative residual: 0.006465565711911326
Iteration: 26, relative residual: 0.0059862998079633365
Iteration: 27, relative residual: 0.005344147375352805
Iteration: 28, relative residual: 0.004859352966588612
Iteration: 29, relative residual: 0.004615106322494991
Iteration: 30, relative residual: 0.004485102845482712
Iteration: 31, relative residual: 0.004484510746579185
Iteration: 32, relative residual: 0.004455566421475921
Iteration: 33, relative residual: 0.004393698062928045
Iteration: 34, relative residual: 0.004388097846179043
Iteration: 35, relative residual: 0.004314849408647098
Iteration: 36, relative residual: 0.004162955277623802
Iteration: 37, relative residual: 0.00413814255293366
Iteration: 38, relative residual: 0.0040638239871439615
Iteration: 39, relative residual: 0.0038235382669169118
Iteration: 40, relative residual: 0.003692432067064112
Iteration: 41, relative residual: 0.00368993634890256
Iteration: 42, relative residual: 0.0036008534908256377
Iteration: 43, relative residual: 0.0034625032952232972
Iteration: 44, relative residual: 0.0033214871246776503
Iteration: 45, relative residual: 0.0032391189730717872
Iteration: 46, relative residual: 0.0032280730970286713
Iteration: 47, relative residual: 0.003119663350857676
Iteration: 48, relative residual: 0.0029053975568727637
Iteration: 49, relative residual: 0.0026131359946464376
Iteration: 50, relative residual: 0.002472393329299932
Iteration: 51, relative residual: 0.002430632325087719
Iteration: 52, relative residual: 0.0023945432218141554
Iteration: 53, relative residual: 0.0022760895172583067
Iteration: 54, relative residual: 0.002057430531610026
Iteration: 55, relative residual: 0.0019677770284791864
Iteration: 56, relative residual: 0.0019368214378903703
Iteration: 57, relative residual: 0.0019172575853565348
Iteration: 58, relative residual: 0.0019159943019793956
Iteration: 59, relative residual: 0.0018903692724643048
Iteration: 60, relative residual: 0.0017960577084468177
Iteration: 61, relative residual: 0.0016894512997102284
Iteration: 62, relative residual: 0.0015741627339677208
Iteration: 63, relative residual: 0.0014498739437412982
Iteration: 64, relative residual: 0.0013844603342296185
Iteration: 65, relative residual: 0.0013390418851187446
Iteration: 66, relative residual: 0.0012804939938173055
Iteration: 67, relative residual: 0.001255880681702906
Iteration: 68, relative residual: 0.0012549765453377618
Iteration: 69, relative residual: 0.0012466031355785026
Iteration: 70, relative residual: 0.0012081616462766012
Iteration: 71, relative residual: 0.0011915231759171002
Iteration: 72, relative residual: 0.0011880994257875048
Iteration: 73, relative residual: 0.0011849860558448319
Iteration: 74, relative residual: 0.0011765165269814735
Iteration: 75, relative residual: 0.0011536283905715541
Iteration: 76, relative residual: 0.001123554781171175
Iteration: 77, relative residual: 0.0011226082559390661
Iteration: 78, relative residual: 0.0011197866025208227
Iteration: 79, relative residual: 0.0011037621717744593
Iteration: 80, relative residual: 0.0010772012461361126
Iteration: 81, relative residual: 0.001048194635119706
Iteration: 82, relative residual: 0.0010186509707850377
Iteration: 83, relative residual: 0.0009630601335310981
Iteration: 84, relative residual: 0.00092230912081843
Iteration: 85, relative residual: 0.0009053073865393916
Iteration: 86, relative residual: 0.0009052811605786571
Iteration: 87, relative residual: 0.0009043331417479205
Iteration: 88, relative residual: 0.0008994425037815029
Iteration: 89, relative residual: 0.000875181606522528
Iteration: 90, relative residual: 0.0008447669853704542
Iteration: 91, relative residual: 0.0008413651900032159
Iteration: 92, relative residual: 0.000839351822713092
Iteration: 93, relative residual: 0.0008342350084693448
Iteration: 94, relative residual: 0.0008095264571074938
Iteration: 95, relative residual: 0.000775199070735434
Iteration: 96, relative residual: 0.0007584413182010905
Iteration: 97, relative residual: 0.0007476456679709881
Iteration: 98, relative residual: 0.0007473081902644115
Iteration: 99, relative residual: 0.0007304397098866994
Iteration: 100, relative residual: 0.0007304397098866994
Residual: 0.0007304397098866994. Restart...
Iteration: 101, relative residual: 0.0007030839356597722
Iteration: 102, relative residual: 0.0007019974435679005
Iteration: 103, relative residual: 0.0007001287680658589
Iteration: 104, relative residual: 0.0007000875087421988
Iteration: 105, relative residual: 0.0006991911432594254
Iteration: 106, relative residual: 0.0006959397352551173
Iteration: 107, relative residual: 0.0006909606880140897
Iteration: 108, relative residual: 0.0006901985428421658
Iteration: 109, relative residual: 0.0006900887840435568
Iteration: 110, relative residual: 0.0006898771395537318
Iteration: 111, relative residual: 0.0006896506451459892
Iteration: 112, relative residual: 0.0006896051891375418
Iteration: 113, relative residual: 0.0006894710264223374
Iteration: 114, relative residual: 0.0006878186426320927
Iteration: 115, relative residual: 0.0006858309555851333
Iteration: 116, relative residual: 0.0006857674302989453
Iteration: 117, relative residual: 0.000683004400903156
Iteration: 118, relative residual: 0.0006795730400005629
Iteration: 119, relative residual: 0.000678910215073335
Iteration: 120, relative residual: 0.0006785052252916773
Iteration: 121, relative residual: 0.0006783511986823514
Iteration: 122, relative residual: 0.0006777242993340981
Iteration: 123, relative residual: 0.0006763074002879572
Iteration: 124, relative residual: 0.0006762592971367639
Iteration: 125, relative residual: 0.0006759833096475448
Iteration: 126, relative residual: 0.0006753220906762079
Iteration: 127, relative residual: 0.0006743063400563819
Iteration: 128, relative residual: 0.0006734113179073949
Iteration: 129, relative residual: 0.0006714386782024301
Iteration: 130, relative residual: 0.0006664425587398379
Iteration: 131, relative residual: 0.0006628890572109882
Iteration: 132, relative residual: 0.0006628336533449687
Iteration: 133, relative residual: 0.0006602334609057897
Iteration: 134, relative residual: 0.0006584574642792641
Iteration: 135, relative residual: 0.0006550822759873391
Iteration: 136, relative residual: 0.0006528552180874511
Iteration: 137, relative residual: 0.0006527882683129069
Iteration: 138, relative residual: 0.0006526639010055248
Iteration: 139, relative residual: 0.0006512386102145945
Iteration: 140, relative residual: 0.000645273971791545
Iteration: 141, relative residual: 0.0006386617656381024
Iteration: 142, relative residual: 0.0006360552637007236
Iteration: 143, relative residual: 0.0006358481231290216
Iteration: 144, relative residual: 0.0006343550518085359
Iteration: 145, relative residual: 0.000631721448285395
Iteration: 146, relative residual: 0.0006310056394457643
Iteration: 147, relative residual: 0.0006306229788063562
Iteration: 148, relative residual: 0.0006269374696813358
Iteration: 149, relative residual: 0.0006204416307616646
Iteration: 150, relative residual: 0.0006133016241079742
Iteration: 151, relative residual: 0.0006021332128302606
Iteration: 152, relative residual: 0.0005884923069211623
Iteration: 153, relative residual: 0.0005872977861772509
Iteration: 154, relative residual: 0.0005869114116399811
Iteration: 155, relative residual: 0.0005784342670172069
Iteration: 156, relative residual: 0.0005632657522253777
Iteration: 157, relative residual: 0.0005556644515688003
Iteration: 158, relative residual: 0.0005533847258394147
Iteration: 159, relative residual: 0.0005533416257330509
Iteration: 160, relative residual: 0.0005503855117620792
Iteration: 161, relative residual: 0.0005396217241821821
Iteration: 162, relative residual: 0.0005303575067962253
Iteration: 163, relative residual: 0.0005218191149133994
Iteration: 164, relative residual: 0.0005214903365746172
Iteration: 165, relative residual: 0.0005214686227254862
Iteration: 166, relative residual: 0.0005197977338766282
Iteration: 167, relative residual: 0.0005142857526248038
Iteration: 168, relative residual: 0.0005101969867469624
Iteration: 169, relative residual: 0.000502818753215033
Iteration: 170, relative residual: 0.0004911075865939621
Iteration: 171, relative residual: 0.0004861112035884262
Iteration: 172, relative residual: 0.0004859906271800804
Iteration: 173, relative residual: 0.00048347066810475127
Iteration: 174, relative residual: 0.0004765284526779872
Iteration: 175, relative residual: 0.00047101355681125693
Iteration: 176, relative residual: 0.000462431493363448
Iteration: 177, relative residual: 0.0004605884917258951
Iteration: 178, relative residual: 0.0004601453622874748
Iteration: 179, relative residual: 0.00045960639736292744
Iteration: 180, relative residual: 0.00045611031198366614
Iteration: 181, relative residual: 0.00044978898189697243
Iteration: 182, relative residual: 0.0004478140208681869
Iteration: 183, relative residual: 0.0004469786675600333
Iteration: 184, relative residual: 0.000444193404948667
Iteration: 185, relative residual: 0.0004411462291483435
Iteration: 186, relative residual: 0.0004357023003403054
Iteration: 187, relative residual: 0.00043283939642966993
Iteration: 188, relative residual: 0.0004318056244873095
Iteration: 189, relative residual: 0.0004318048912604283
Iteration: 190, relative residual: 0.00042816913058955414
Iteration: 191, relative residual: 0.00041951307453094976
Iteration: 192, relative residual: 0.0004041543357911443
Iteration: 193, relative residual: 0.0003951486900953379
Iteration: 194, relative residual: 0.00038763271693635317
Iteration: 195, relative residual: 0.0003839642594627869
Iteration: 196, relative residual: 0.0003838949411697826
Iteration: 197, relative residual: 0.0003826075486039073
Iteration: 198, relative residual: 0.00037854377156140034
Iteration: 199, relative residual: 0.00037193350405023495
Iteration: 200, relative residual: 0.00037193350405023495
Residual: 0.00037193350405023495. Restart...
Iteration: 201, relative residual: 0.0003627988646563208
Iteration: 202, relative residual: 0.00036279860032062606
Iteration: 203, relative residual: 0.00036278027225728865
Iteration: 204, relative residual: 0.0003626971872504871
Iteration: 205, relative residual: 0.0003624221225221951
Iteration: 206, relative residual: 0.0003620465316564294
Iteration: 207, relative residual: 0.0003612553598994201
Iteration: 208, relative residual: 0.0003612463130218772
Iteration: 209, relative residual: 0.00036080401001843237
Iteration: 210, relative residual: 0.0003604888174822928
Iteration: 211, relative residual: 0.00036001173616246023
Iteration: 212, relative residual: 0.000360010930750181
Iteration: 213, relative residual: 0.00035998243116486137
Iteration: 214, relative residual: 0.0003597873340228113
Iteration: 215, relative residual: 0.000359785812609595
Iteration: 216, relative residual: 0.0003593695648323237
Iteration: 217, relative residual: 0.0003579777533107486
Iteration: 218, relative residual: 0.0003565332593415176
Iteration: 219, relative residual: 0.0003564111880662057
Iteration: 220, relative residual: 0.0003561478696021391
Iteration: 221, relative residual: 0.00035565125110742756
Iteration: 222, relative residual: 0.0003555118061800448
Iteration: 223, relative residual: 0.00035533853069850404
Iteration: 224, relative residual: 0.00035412470216387407
Iteration: 225, relative residual: 0.00035357815348089955
Iteration: 226, relative residual: 0.0003535563217313522
Iteration: 227, relative residual: 0.0003528308583678674
Iteration: 228, relative residual: 0.0003509551442450967
Iteration: 229, relative residual: 0.0003475800385939617
Iteration: 230, relative residual: 0.0003449945391715071
Iteration: 231, relative residual: 0.00034486480764951726
Iteration: 232, relative residual: 0.00034406343573567343
Iteration: 233, relative residual: 0.00034166738552740105
Iteration: 234, relative residual: 0.00034010554404083847
Iteration: 235, relative residual: 0.00033845327773557684
Iteration: 236, relative residual: 0.0003383752780860432
Iteration: 237, relative residual: 0.0003372477223665634
Iteration: 238, relative residual: 0.0003359684443161199
Iteration: 239, relative residual: 0.0003356120806000339
Iteration: 240, relative residual: 0.00033500519072570024
Iteration: 241, relative residual: 0.00033447928402393127
Iteration: 242, relative residual: 0.0003332605235691523
Iteration: 243, relative residual: 0.0003306114833489607
Iteration: 244, relative residual: 0.0003285498928512576
Iteration: 245, relative residual: 0.0003262459414088354
Iteration: 246, relative residual: 0.0003252326261763865
Iteration: 247, relative residual: 0.0003249256927472262
Iteration: 248, relative residual: 0.0003249209029990192
Iteration: 249, relative residual: 0.0003234149942960372
Iteration: 250, relative residual: 0.00032218238540437504
Iteration: 251, relative residual: 0.00032062046620123276
Iteration: 252, relative residual: 0.0003204471383878743
Iteration: 253, relative residual: 0.00031891387615451254
Iteration: 254, relative residual: 0.0003158950624778942
Iteration: 255, relative residual: 0.00031371815743629555
Iteration: 256, relative residual: 0.00031302429399547826
Iteration: 257, relative residual: 0.00031302303290930625
Iteration: 258, relative residual: 0.0003125760273905598
Iteration: 259, relative residual: 0.0003107760771802908
Iteration: 260, relative residual: 0.0003080933457634451
Iteration: 261, relative residual: 0.00030582265678427895
Iteration: 262, relative residual: 0.0003052302055517498
Iteration: 263, relative residual: 0.0003052144843390512
Iteration: 264, relative residual: 0.00030516695759455936
Iteration: 265, relative residual: 0.00030383659621775907
Iteration: 266, relative residual: 0.00030167967796687883
Iteration: 267, relative residual: 0.0002971379554861356
Iteration: 268, relative residual: 0.00029555241734740363
Iteration: 269, relative residual: 0.00029547803995885784
Iteration: 270, relative residual: 0.0002954767757986207
Iteration: 271, relative residual: 0.00029528136450778864
Iteration: 272, relative residual: 0.00029374332441751326
Iteration: 273, relative residual: 0.00029246726065300334
Iteration: 274, relative residual: 0.0002918056736725908
Iteration: 275, relative residual: 0.0002918016029107117
Iteration: 276, relative residual: 0.00029179808471211906
Iteration: 277, relative residual: 0.0002907743933144545
Iteration: 278, relative residual: 0.0002885542867683034
Iteration: 279, relative residual: 0.00028469084782657244
Iteration: 280, relative residual: 0.00028158707062073547
Iteration: 281, relative residual: 0.00027879840432449334
Iteration: 282, relative residual: 0.0002774813650301172
Iteration: 283, relative residual: 0.00027747857501071325
Iteration: 284, relative residual: 0.0002766074040341304
Iteration: 285, relative residual: 0.0002749573993403338
Iteration: 286, relative residual: 0.0002720382860209142
Iteration: 287, relative residual: 0.0002709357950981964
Iteration: 288, relative residual: 0.00027038683681389905
Iteration: 289, relative residual: 0.00027031776288279
Iteration: 290, relative residual: 0.00026814007868524505
Iteration: 291, relative residual: 0.0002671878600082892
Iteration: 292, relative residual: 0.00026552112458300896
Iteration: 293, relative residual: 0.00026415762070562925
Iteration: 294, relative residual: 0.0002641436168912229
Iteration: 295, relative residual: 0.0002640280644179133
Iteration: 296, relative residual: 0.0002623421934990443
Iteration: 297, relative residual: 0.00025735625837254583
Iteration: 298, relative residual: 0.0002538621168899796
Iteration: 299, relative residual: 0.00025030050249817947
Iteration: 300, relative residual: 0.00025030050249817947
Residual: 0.00025030050249817947. Restart...
Iteration: 301, relative residual: 0.0002494856832817871
Iteration: 302, relative residual: 0.0002494856055309065
Iteration: 303, relative residual: 0.00024948558839962744
Iteration: 304, relative residual: 0.0002494854430081058
Iteration: 305, relative residual: 0.00024948525935793804
Iteration: 306, relative residual: 0.0002494851086574603
Iteration: 307, relative residual: 0.00024948456983838835
Iteration: 308, relative residual: 0.0002494845485786339
Iteration: 309, relative residual: 0.00024947637183520005
Iteration: 310, relative residual: 0.0002494543755613567
Iteration: 311, relative residual: 0.00024942092180158567
Iteration: 312, relative residual: 0.00024937618073909296
Iteration: 313, relative residual: 0.0002493741560940554
Iteration: 314, relative residual: 0.00024936205024073143
Iteration: 315, relative residual: 0.00024932687215523585
Iteration: 316, relative residual: 0.0002493175437487228
Iteration: 317, relative residual: 0.00024930817997275003
Iteration: 318, relative residual: 0.0002491996091422766
Iteration: 319, relative residual: 0.00024906931395353703
Iteration: 320, relative residual: 0.0002490518956357325
Iteration: 321, relative residual: 0.0002489919572161768
Iteration: 322, relative residual: 0.00024883212025682684
Iteration: 323, relative residual: 0.0002487771933049941
Iteration: 324, relative residual: 0.00024873640502009076
Iteration: 325, relative residual: 0.0002483011993304835
Iteration: 326, relative residual: 0.0002475782001797394
Iteration: 327, relative residual: 0.00024687714810886144
Iteration: 328, relative residual: 0.00024648282494498224
Iteration: 329, relative residual: 0.0002462874099933512
Iteration: 330, relative residual: 0.0002462489278624832
Iteration: 331, relative residual: 0.0002457632909571775
Iteration: 332, relative residual: 0.00024489992560801355
Iteration: 333, relative residual: 0.00024357707127732904
Iteration: 334, relative residual: 0.00024264948888718882
Iteration: 335, relative residual: 0.00024260343127275263
Iteration: 336, relative residual: 0.00024239600643182838
Iteration: 337, relative residual: 0.00024187573053871918
Iteration: 338, relative residual: 0.00024116165225931163
Iteration: 339, relative residual: 0.00024108630825812804
Iteration: 340, relative residual: 0.00024086574311372395
Iteration: 341, relative residual: 0.00024035272702206103
Iteration: 342, relative residual: 0.0002395525953634689
Iteration: 343, relative residual: 0.00023841593412249085
Iteration: 344, relative residual: 0.00023809375115819135
Iteration: 345, relative residual: 0.0002380533110482482
Iteration: 346, relative residual: 0.0002378872501637614
Iteration: 347, relative residual: 0.0002375911676317892
Iteration: 348, relative residual: 0.00023613783703031204
Iteration: 349, relative residual: 0.00023528073359222582
Iteration: 350, relative residual: 0.00023463597941711308
Iteration: 351, relative residual: 0.00023452384140885244
Iteration: 352, relative residual: 0.00023452206867349249
Iteration: 353, relative residual: 0.00023425845422057252
Iteration: 354, relative residual: 0.00023395983570110597
Iteration: 355, relative residual: 0.0002332493458590124
Iteration: 356, relative residual: 0.00023296829471248446
Iteration: 357, relative residual: 0.00023296151835048906
Iteration: 358, relative residual: 0.00023286061788997857
Iteration: 359, relative residual: 0.0002325616805565286
Iteration: 360, relative residual: 0.00023194010241963352
Iteration: 361, relative residual: 0.00023148366527114716
Iteration: 362, relative residual: 0.00023143484023507656
Iteration: 363, relative residual: 0.00023143446015142568
Iteration: 364, relative residual: 0.00023142425873374915
Iteration: 365, relative residual: 0.0002311649881643116
Iteration: 366, relative residual: 0.00023012268840128154
Iteration: 367, relative residual: 0.00022976139241189867
Iteration: 368, relative residual: 0.0002296400101776007
Iteration: 369, relative residual: 0.0002296245402522935
Iteration: 370, relative residual: 0.00022930776060504408
Iteration: 371, relative residual: 0.0002288662883769494
Iteration: 372, relative residual: 0.00022849452272911356
Iteration: 373, relative residual: 0.00022822263827429454
Iteration: 374, relative residual: 0.00022792031185687756
Iteration: 375, relative residual: 0.00022786585676303525
Iteration: 376, relative residual: 0.00022779881997231027
Iteration: 377, relative residual: 0.0002277881153218459
Iteration: 378, relative residual: 0.0002274235945121389
Iteration: 379, relative residual: 0.00022711416658378693
Iteration: 380, relative residual: 0.00022654359529062076
Iteration: 381, relative residual: 0.00022641445581114355
Iteration: 382, relative residual: 0.0002264136078900528
Iteration: 383, relative residual: 0.0002263967514661139
Iteration: 384, relative residual: 0.00022627450091319514
Iteration: 385, relative residual: 0.00022598352469794828
Iteration: 386, relative residual: 0.0002255980381415697
Iteration: 387, relative residual: 0.00022487620076417803
Iteration: 388, relative residual: 0.00022466661505283065
Iteration: 389, relative residual: 0.00022466369315335012
Iteration: 390, relative residual: 0.00022456111987362981
Iteration: 391, relative residual: 0.00022390919694917396
Iteration: 392, relative residual: 0.00022341286292812716
Iteration: 393, relative residual: 0.0002231379838201739
Iteration: 394, relative residual: 0.0002231061382509435
Iteration: 395, relative residual: 0.00022288937328509724
Iteration: 396, relative residual: 0.00022148636804599476
Iteration: 397, relative residual: 0.00021988479391465873
Iteration: 398, relative residual: 0.00021872549846831238
Iteration: 399, relative residual: 0.0002182299627477167
Iteration: 400, relative residual: 0.0002182299627477167
Residual: 0.0002182299627477167. Restart...
Iteration: 401, relative residual: 0.00021809257968502903
Iteration: 402, relative residual: 0.00021809257968165226
Iteration: 403, relative residual: 0.00021809256076422783
Iteration: 404, relative residual: 0.00021809245886610925
Iteration: 405, relative residual: 0.00021809245648731656
Iteration: 406, relative residual: 0.00021809226971029208
Iteration: 407, relative residual: 0.0002180910805575675
Iteration: 408, relative residual: 0.00021808539816312486
Iteration: 409, relative residual: 0.00021808134516151202
Iteration: 410, relative residual: 0.00021807729937608732
Iteration: 411, relative residual: 0.00021807630868830004
Iteration: 412, relative residual: 0.00021807618442918903
Iteration: 413, relative residual: 0.00021807555570155387
Iteration: 414, relative residual: 0.00021807477904323215
Iteration: 415, relative residual: 0.0002180747759826423
Iteration: 416, relative residual: 0.00021806993466698646
Iteration: 417, relative residual: 0.00021804551968545398
Iteration: 418, relative residual: 0.000218014436444843
Iteration: 419, relative residual: 0.0002180115684988897
Iteration: 420, relative residual: 0.00021800358081075646
Iteration: 421, relative residual: 0.00021794667945298636
Iteration: 422, relative residual: 0.00021790962396155245
Iteration: 423, relative residual: 0.00021790058913916634
Iteration: 424, relative residual: 0.00021779279404982428
Iteration: 425, relative residual: 0.00021746778681960244
Iteration: 426, relative residual: 0.00021718939248796415
Iteration: 427, relative residual: 0.000216845835392418
Iteration: 428, relative residual: 0.00021678599819662518
Iteration: 429, relative residual: 0.00021674428651750354
Iteration: 430, relative residual: 0.00021649264744682577
Iteration: 431, relative residual: 0.00021620859377700246
Iteration: 432, relative residual: 0.00021587826186193708
Iteration: 433, relative residual: 0.0002157313069475172
Iteration: 434, relative residual: 0.00021571936618923937
Iteration: 435, relative residual: 0.00021553275196759382
Iteration: 436, relative residual: 0.00021528739156907134
Iteration: 437, relative residual: 0.00021515534245808259
Iteration: 438, relative residual: 0.00021515528915099012
Iteration: 439, relative residual: 0.0002151444317570478
Iteration: 440, relative residual: 0.00021481949112599582
Iteration: 441, relative residual: 0.00021447278944384767
Iteration: 442, relative residual: 0.00021387090909081243
Iteration: 443, relative residual: 0.00021371234327799478
Iteration: 444, relative residual: 0.00021363940536592348
Iteration: 445, relative residual: 0.00021360833941591755
Iteration: 446, relative residual: 0.0002134282173611877
Iteration: 447, relative residual: 0.00021298351912536016
Iteration: 448, relative residual: 0.00021266426723441404
Iteration: 449, relative residual: 0.00021239717129317923
Iteration: 450, relative residual: 0.00021234929752388877
Iteration: 451, relative residual: 0.00021233052201388
Iteration: 452, relative residual: 0.00021206759991717028
Iteration: 453, relative residual: 0.00021172460010253014
Iteration: 454, relative residual: 0.00021129750601700086
Iteration: 455, relative residual: 0.00021096010195022555
Iteration: 456, relative residual: 0.0002108768175841054
Iteration: 457, relative residual: 0.00021084689329800332
Iteration: 458, relative residual: 0.00021079497128692986
Iteration: 459, relative residual: 0.00021056007105408662
Iteration: 460, relative residual: 0.00021032069874381954
Iteration: 461, relative residual: 0.0002102634485013947
Iteration: 462, relative residual: 0.000210215701166729
Iteration: 463, relative residual: 0.00020996753579334798
Iteration: 464, relative residual: 0.00020946302570947072
Iteration: 465, relative residual: 0.0002089740562346437
Iteration: 466, relative residual: 0.0002087572293993402
Iteration: 467, relative residual: 0.00020875684237527906
Iteration: 468, relative residual: 0.0002086669253708743
Iteration: 469, relative residual: 0.00020846956074955546
Iteration: 470, relative residual: 0.00020803180436979895
Iteration: 471, relative residual: 0.0002078610650875697
Iteration: 472, relative residual: 0.00020780705379550216
Iteration: 473, relative residual: 0.00020778286417524064
Iteration: 474, relative residual: 0.00020778283921740745
Iteration: 475, relative residual: 0.00020772236119763794
Iteration: 476, relative residual: 0.00020722217632511381
Iteration: 477, relative residual: 0.00020682656001225555
Iteration: 478, relative residual: 0.0002062329769597387
Iteration: 479, relative residual: 0.000205985928282731
Iteration: 480, relative residual: 0.00020584239801343563
Iteration: 481, relative residual: 0.00020583421670585173
Iteration: 482, relative residual: 0.0002058330984090318
Iteration: 483, relative residual: 0.0002055518516494704
Iteration: 484, relative residual: 0.00020508957696214087
Iteration: 485, relative residual: 0.00020474840244733594
Iteration: 486, relative residual: 0.00020464524765055188
Iteration: 487, relative residual: 0.00020461675850024552
Iteration: 488, relative residual: 0.00020459509579904514
Iteration: 489, relative residual: 0.00020436924174797787
Iteration: 490, relative residual: 0.00020405743836243763
Iteration: 491, relative residual: 0.0002039486559921582
Iteration: 492, relative residual: 0.00020381543466049197
Iteration: 493, relative residual: 0.0002037916528684619
Iteration: 494, relative residual: 0.00020373222139463326
Iteration: 495, relative residual: 0.0002031561547438486
Iteration: 496, relative residual: 0.0002018869885955505
Iteration: 497, relative residual: 0.00020118221508719003
Iteration: 498, relative residual: 0.00020097583651418048
Iteration: 499, relative residual: 0.0002009662350290312
Iteration: 500, relative residual: 0.0002009662350290312
Residual: 0.0002009662350290312. Restart...
Iteration: 501, relative residual: 0.00020085811145586536
Iteration: 502, relative residual: 0.00020085810561642462
Iteration: 503, relative residual: 0.00020085787461311685
Iteration: 504, relative residual: 0.00020085698335085836
Iteration: 505, relative residual: 0.00020085652780500577
Iteration: 506, relative residual: 0.0002008562542145699
Iteration: 507, relative residual: 0.00020085518454422663
Iteration: 508, relative residual: 0.00020085498296597837
Iteration: 509, relative residual: 0.0002008535409565924
Iteration: 510, relative residual: 0.00020085065455270295
Iteration: 511, relative residual: 0.0002008435671081659
Iteration: 512, relative residual: 0.00020083527915309795
Iteration: 513, relative residual: 0.00020083323892865624
Iteration: 514, relative residual: 0.00020083240188654454
Iteration: 515, relative residual: 0.0002008296478705282
Iteration: 516, relative residual: 0.00020082424341407088
Iteration: 517, relative residual: 0.00020082375300363718
Iteration: 518, relative residual: 0.00020081336024546154
Iteration: 519, relative residual: 0.00020079395901472858
Iteration: 520, relative residual: 0.00020078888178218644
Iteration: 521, relative residual: 0.0002007843257909527
Iteration: 522, relative residual: 0.0002007684034682927
Iteration: 523, relative residual: 0.0002007672010048199
Iteration: 524, relative residual: 0.00020076072931219307
Iteration: 525, relative residual: 0.0002007049502089343
Iteration: 526, relative residual: 0.00020056891140908338
Iteration: 527, relative residual: 0.0002004715180969464
Iteration: 528, relative residual: 0.0002004689272255613
Iteration: 529, relative residual: 0.00020043476017355655
Iteration: 530, relative residual: 0.00020015631650125963
Iteration: 531, relative residual: 0.00019988256522677076
Iteration: 532, relative residual: 0.00019960117626903449
Iteration: 533, relative residual: 0.0001995012856155442
Iteration: 534, relative residual: 0.0001994636183120034
Iteration: 535, relative residual: 0.0001990937613191059
Iteration: 536, relative residual: 0.00019877832217390264
Iteration: 537, relative residual: 0.00019864399085701287
Iteration: 538, relative residual: 0.00019854531681244683
Iteration: 539, relative residual: 0.00019851265845848432
Iteration: 540, relative residual: 0.00019827400436518274
Iteration: 541, relative residual: 0.00019783281537853178
Iteration: 542, relative residual: 0.00019742346690078972
Iteration: 543, relative residual: 0.00019719466567681487
Iteration: 544, relative residual: 0.00019717164764361625
Iteration: 545, relative residual: 0.00019709318052171356
Iteration: 546, relative residual: 0.00019701516180402565
Iteration: 547, relative residual: 0.00019679850748328232
Iteration: 548, relative residual: 0.0001964641675403856
Iteration: 549, relative residual: 0.00019620990010284564
Iteration: 550, relative residual: 0.00019620785785234922
Iteration: 551, relative residual: 0.00019620747824151524
Iteration: 552, relative residual: 0.00019620683362900332
Iteration: 553, relative residual: 0.00019619520543085042
Iteration: 554, relative residual: 0.00019605784723358483
Iteration: 555, relative residual: 0.00019596075118094147
Iteration: 556, relative residual: 0.000195953641336518
Iteration: 557, relative residual: 0.00019595049985822628
Iteration: 558, relative residual: 0.00019591280579983773
Iteration: 559, relative residual: 0.00019577385781755218
Iteration: 560, relative residual: 0.00019570836304818389
Iteration: 561, relative residual: 0.00019565148676603782
Iteration: 562, relative residual: 0.0001956323161029287
Iteration: 563, relative residual: 0.00019562520432820914
Iteration: 564, relative residual: 0.0001956163275321676
Iteration: 565, relative residual: 0.00019545624652646262
Iteration: 566, relative residual: 0.0001951334745135772
Iteration: 567, relative residual: 0.0001950124459511316
Iteration: 568, relative residual: 0.00019498745423119984
Iteration: 569, relative residual: 0.00019497307925120177
Iteration: 570, relative residual: 0.0001949287359425528
Iteration: 571, relative residual: 0.00019478666993040535
Iteration: 572, relative residual: 0.000194621861263882
Iteration: 573, relative residual: 0.00019441842466058276
Iteration: 574, relative residual: 0.00019441432304059065
Iteration: 575, relative residual: 0.00019437325493144045
Iteration: 576, relative residual: 0.0001942180051935057
Iteration: 577, relative residual: 0.0001939745658629755
Iteration: 578, relative residual: 0.00019359937904312051
Iteration: 579, relative residual: 0.0001931794825926792
Iteration: 580, relative residual: 0.00019317924243009675
Iteration: 581, relative residual: 0.0001931192855441399
Iteration: 582, relative residual: 0.0001929913854365554
Iteration: 583, relative residual: 0.00019267940228893718
Iteration: 584, relative residual: 0.0001925969281242757
Iteration: 585, relative residual: 0.0001925024008050526
Iteration: 586, relative residual: 0.00019250099661336442
Iteration: 587, relative residual: 0.00019250076008102768
Iteration: 588, relative residual: 0.00019249342271086944
Iteration: 589, relative residual: 0.00019244651267661663
Iteration: 590, relative residual: 0.00019234651791066984
Iteration: 591, relative residual: 0.00019215654143178848
Iteration: 592, relative residual: 0.0001921486831777887
Iteration: 593, relative residual: 0.0001920318703284334
Iteration: 594, relative residual: 0.00019190679487616954
Iteration: 595, relative residual: 0.00019165771824458685
Iteration: 596, relative residual: 0.0001910312087185611
Iteration: 597, relative residual: 0.00019041679701673484
Iteration: 598, relative residual: 0.0001902981154890959
Iteration: 599, relative residual: 0.0001902496754529258
Iteration: 600, relative residual: 0.0001902496754529258
Residual: 0.0001902496754529258. Restart...
Iteration: 601, relative residual: 0.0001902368627910384
Iteration: 602, relative residual: 0.00019023686269321747
Iteration: 603, relative residual: 0.00019023684731391002
Iteration: 604, relative residual: 0.00019023681901976007
Iteration: 605, relative residual: 0.00019023680102082203
Iteration: 606, relative residual: 0.00019023672139516462
Iteration: 607, relative residual: 0.00019023668600237016
Iteration: 608, relative residual: 0.00019023661116644258
Iteration: 609, relative residual: 0.00019023630099220153
Iteration: 610, relative residual: 0.00019023590449903982
Iteration: 611, relative residual: 0.0001902352883756003
Iteration: 612, relative residual: 0.00019023501053141634
Iteration: 613, relative residual: 0.000190234974808069
Iteration: 614, relative residual: 0.00019023467897267673
Iteration: 615, relative residual: 0.00019023429662477426
Iteration: 616, relative residual: 0.00019023420701512424
Iteration: 617, relative residual: 0.00019023311975873008
Iteration: 618, relative residual: 0.00019023029458377464
Iteration: 619, relative residual: 0.0001902288749691167
Iteration: 620, relative residual: 0.00019022746110583367
Iteration: 621, relative residual: 0.00019022218477244142
Iteration: 622, relative residual: 0.00019022199212956445
Iteration: 623, relative residual: 0.00019021644698297312
Iteration: 624, relative residual: 0.00019019835253209887
Iteration: 625, relative residual: 0.00019013262423239714
Iteration: 626, relative residual: 0.00019006476659945185
Iteration: 627, relative residual: 0.00019003015102733958
Iteration: 628, relative residual: 0.00019002445560134865
Iteration: 629, relative residual: 0.0001899388945519016
Iteration: 630, relative residual: 0.00018978238819125038
Iteration: 631, relative residual: 0.00018962351153648037
Iteration: 632, relative residual: 0.00018957167224603323
Iteration: 633, relative residual: 0.00018957153076391755
Iteration: 634, relative residual: 0.00018950163138358432
Iteration: 635, relative residual: 0.00018929855021996872
Iteration: 636, relative residual: 0.00018912582162187004
Iteration: 637, relative residual: 0.0001890965191091105
Iteration: 638, relative residual: 0.0001890928662975985
Iteration: 639, relative residual: 0.00018902152162746306
Iteration: 640, relative residual: 0.00018885024514321482
Iteration: 641, relative residual: 0.00018871916653392953
Iteration: 642, relative residual: 0.00018849530208692023
Iteration: 643, relative residual: 0.00018838791443583043
Iteration: 644, relative residual: 0.00018828343686021464
Iteration: 645, relative residual: 0.00018828338012427754
Iteration: 646, relative residual: 0.00018824438930473025
Iteration: 647, relative residual: 0.00018792439018977783
Iteration: 648, relative residual: 0.00018779992887130346
Iteration: 649, relative residual: 0.0001876761926101265
Iteration: 650, relative residual: 0.0001876553207064362
Iteration: 651, relative residual: 0.00018761473336187845
Iteration: 652, relative residual: 0.00018743684128765033
Iteration: 653, relative residual: 0.0001872982647574653
Iteration: 654, relative residual: 0.0001872871879989785
Iteration: 655, relative residual: 0.0001872868232456279
Iteration: 656, relative residual: 0.00018724482152508473
Iteration: 657, relative residual: 0.00018722245047636814
Iteration: 658, relative residual: 0.00018709447174849293
Iteration: 659, relative residual: 0.00018686541251635233
Iteration: 660, relative residual: 0.00018673812707278162
Iteration: 661, relative residual: 0.00018665853025219098
Iteration: 662, relative residual: 0.0001866504203441598
Iteration: 663, relative residual: 0.00018663637682411142
Iteration: 664, relative residual: 0.00018656230300702668
Iteration: 665, relative residual: 0.0001864452147172924
Iteration: 666, relative residual: 0.00018629969986627617
Iteration: 667, relative residual: 0.00018625529057023424
Iteration: 668, relative residual: 0.00018625127120692464
Iteration: 669, relative residual: 0.00018621890932483295
Iteration: 670, relative residual: 0.00018611963155359002
Iteration: 671, relative residual: 0.0001859113050404837
Iteration: 672, relative residual: 0.00018579547247051854
Iteration: 673, relative residual: 0.0001856271568346525
Iteration: 674, relative residual: 0.00018557864770396118
Iteration: 675, relative residual: 0.0001855600816394373
Iteration: 676, relative residual: 0.00018550650387599155
Iteration: 677, relative residual: 0.00018522660556755165
Iteration: 678, relative residual: 0.00018493192830284518
Iteration: 679, relative residual: 0.0001844291112885804
Iteration: 680, relative residual: 0.00018423364286383726
Iteration: 681, relative residual: 0.00018423242085497437
Iteration: 682, relative residual: 0.00018416567464561172
Iteration: 683, relative residual: 0.00018398725725411074
Iteration: 684, relative residual: 0.00018359807482496538
Iteration: 685, relative residual: 0.0001833007279368299
Iteration: 686, relative residual: 0.0001832279027226844
Iteration: 687, relative residual: 0.00018321614300249918
Iteration: 688, relative residual: 0.0001832007657493863
Iteration: 689, relative residual: 0.00018301143809337057
Iteration: 690, relative residual: 0.0001827415371808821
Iteration: 691, relative residual: 0.00018259054927420904
Iteration: 692, relative residual: 0.0001824802967903484
Iteration: 693, relative residual: 0.00018246987828593125
Iteration: 694, relative residual: 0.00018237200796012676
Iteration: 695, relative residual: 0.00018195375449010784
Iteration: 696, relative residual: 0.00018131126760366912
Iteration: 697, relative residual: 0.00018076589892455656
Iteration: 698, relative residual: 0.00018062580413408686
Iteration: 699, relative residual: 0.00018059047239086867
Iteration: 700, relative residual: 0.00018059047239086867
Residual: 0.00018059047239086867. Restart...
Iteration: 701, relative residual: 0.0001804329331505713
Iteration: 702, relative residual: 0.00018043292046077619
Iteration: 703, relative residual: 0.0001804324112743161
Iteration: 704, relative residual: 0.00018043183720718956
Iteration: 705, relative residual: 0.00018043182588300738
Iteration: 706, relative residual: 0.00018043112288897655
Iteration: 707, relative residual: 0.00018043036169524697
Iteration: 708, relative residual: 0.00018043019447931154
Iteration: 709, relative residual: 0.00018042801422368983
Iteration: 710, relative residual: 0.00018042165359184636
Iteration: 711, relative residual: 0.00018041149276034737
Iteration: 712, relative residual: 0.00018040685434621628
Iteration: 713, relative residual: 0.00018040600979206365
Iteration: 714, relative residual: 0.0001803980413598534
Iteration: 715, relative residual: 0.00018038736778654518
Iteration: 716, relative residual: 0.00018038635304233264
Iteration: 717, relative residual: 0.00018037897627911628
Iteration: 718, relative residual: 0.00018034711904178787
Iteration: 719, relative residual: 0.00018031466216353453
Iteration: 720, relative residual: 0.00018031423191384386
Iteration: 721, relative residual: 0.00018030875474977953
Iteration: 722, relative residual: 0.00018029094132453316
Iteration: 723, relative residual: 0.0001802907035336417
Iteration: 724, relative residual: 0.00018028928569963608
Iteration: 725, relative residual: 0.00018025719598335288
Iteration: 726, relative residual: 0.0001801755336979404
Iteration: 727, relative residual: 0.00018014519889098378
Iteration: 728, relative residual: 0.00018013709216394878
Iteration: 729, relative residual: 0.0001800231364747868
Iteration: 730, relative residual: 0.00017979473555394484
Iteration: 731, relative residual: 0.00017965580426024193
Iteration: 732, relative residual: 0.00017962069139609727
Iteration: 733, relative residual: 0.000179616860511859
Iteration: 734, relative residual: 0.00017948607310746734
Iteration: 735, relative residual: 0.00017912991498946978
Iteration: 736, relative residual: 0.00017903906999694471
Iteration: 737, relative residual: 0.0001789861587222481
Iteration: 738, relative residual: 0.0001789856434186747
Iteration: 739, relative residual: 0.00017891531350996246
Iteration: 740, relative residual: 0.0001787769746846007
Iteration: 741, relative residual: 0.00017860399505916985
Iteration: 742, relative residual: 0.00017830917760540315
Iteration: 743, relative residual: 0.00017823090643059546
Iteration: 744, relative residual: 0.0001782077204176023
Iteration: 745, relative residual: 0.0001781829078180596
Iteration: 746, relative residual: 0.00017811996631279974
Iteration: 747, relative residual: 0.00017800939963148908
Iteration: 748, relative residual: 0.00017793424213337401
Iteration: 749, relative residual: 0.00017778865466802057
Iteration: 750, relative residual: 0.00017775911106600865
Iteration: 751, relative residual: 0.00017774043759389037
Iteration: 752, relative residual: 0.00017773411033446292
Iteration: 753, relative residual: 0.00017772654301168804
Iteration: 754, relative residual: 0.00017762624715957176
Iteration: 755, relative residual: 0.00017754760699063791
Iteration: 756, relative residual: 0.00017753431297886152
Iteration: 757, relative residual: 0.00017753354680414708
Iteration: 758, relative residual: 0.000177492520873954
Iteration: 759, relative residual: 0.00017739892595549842
Iteration: 760, relative residual: 0.0001773022681002622
Iteration: 761, relative residual: 0.00017714487107629563
Iteration: 762, relative residual: 0.0001770364808420454
Iteration: 763, relative residual: 0.0001770239011735203
Iteration: 764, relative residual: 0.0001770153270542354
Iteration: 765, relative residual: 0.00017691927213702027
Iteration: 766, relative residual: 0.00017675251947267784
Iteration: 767, relative residual: 0.00017663053993418639
Iteration: 768, relative residual: 0.0001765286893712148
Iteration: 769, relative residual: 0.000176487402959442
Iteration: 770, relative residual: 0.00017648604460910076
Iteration: 771, relative residual: 0.00017636205200248422
Iteration: 772, relative residual: 0.0001762305816156956
Iteration: 773, relative residual: 0.00017602308145266745
Iteration: 774, relative residual: 0.00017592738446518672
Iteration: 775, relative residual: 0.00017592715368238055
Iteration: 776, relative residual: 0.00017576542057667994
Iteration: 777, relative residual: 0.00017552807085851542
Iteration: 778, relative residual: 0.00017528218143116335
Iteration: 779, relative residual: 0.00017482895302345844
Iteration: 780, relative residual: 0.00017464345454424164
Iteration: 781, relative residual: 0.00017464344263573854
Iteration: 782, relative residual: 0.00017454556880777575
Iteration: 783, relative residual: 0.0001743160557899069
Iteration: 784, relative residual: 0.00017415142981240834
Iteration: 785, relative residual: 0.00017407532721783138
Iteration: 786, relative residual: 0.00017404453578178197
Iteration: 787, relative residual: 0.00017397890918661307
Iteration: 788, relative residual: 0.0001739362697972488
Iteration: 789, relative residual: 0.000173892929752549
Iteration: 790, relative residual: 0.0001736422430566721
Iteration: 791, relative residual: 0.0001735428458956775
Iteration: 792, relative residual: 0.00017352228623436044
Iteration: 793, relative residual: 0.00017352012575995194
Iteration: 794, relative residual: 0.00017339339680916673
Iteration: 795, relative residual: 0.00017326138513720405
Iteration: 796, relative residual: 0.00017304628791995076
Iteration: 797, relative residual: 0.00017291042384784449
Iteration: 798, relative residual: 0.00017283840263380623
Iteration: 799, relative residual: 0.00017283623349502081
Iteration: 800, relative residual: 0.00017283623349502081
Residual: 0.00017283623349502081. Restart...
Iteration: 801, relative residual: 0.00017283051027892267
Iteration: 802, relative residual: 0.00017283051009303678
Iteration: 803, relative residual: 0.0001728305016548164
Iteration: 804, relative residual: 0.0001728304822041426
Iteration: 805, relative residual: 0.00017283048205919728
Iteration: 806, relative residual: 0.00017283045346425465
Iteration: 807, relative residual: 0.00017283042433318609
Iteration: 808, relative residual: 0.00017283041167676376
Iteration: 809, relative residual: 0.00017283029124517556
Iteration: 810, relative residual: 0.00017283007284366007
Iteration: 811, relative residual: 0.00017282979827625027
Iteration: 812, relative residual: 0.00017282979820528946
Iteration: 813, relative residual: 0.00017282966980129697
Iteration: 814, relative residual: 0.00017282944805799814
Iteration: 815, relative residual: 0.0001728292847285873
Iteration: 816, relative residual: 0.00017282928137692086
Iteration: 817, relative residual: 0.00017282905128969398
Iteration: 818, relative residual: 0.00017282839720723605
Iteration: 819, relative residual: 0.00017282803429370292
Iteration: 820, relative residual: 0.00017282784347320796
Iteration: 821, relative residual: 0.0001728270533742465
Iteration: 822, relative residual: 0.0001728268339489329
Iteration: 823, relative residual: 0.00017282646708097354
Iteration: 824, relative residual: 0.0001728248908201077
Iteration: 825, relative residual: 0.00017281352700134842
Iteration: 826, relative residual: 0.00017279338044737008
Iteration: 827, relative residual: 0.00017277914426688673
Iteration: 828, relative residual: 0.00017277878579352148
Iteration: 829, relative residual: 0.0001727678729039609
Iteration: 830, relative residual: 0.00017273019053297553
Iteration: 831, relative residual: 0.00017267106259609487
Iteration: 832, relative residual: 0.00017262277060954635
Iteration: 833, relative residual: 0.00017261990561278425
Iteration: 834, relative residual: 0.0001725970843565915
Iteration: 835, relative residual: 0.0001724621836515605
Iteration: 836, relative residual: 0.00017236652172659004
Iteration: 837, relative residual: 0.0001723349553857504
Iteration: 838, relative residual: 0.00017233483389073905
Iteration: 839, relative residual: 0.00017231462855271573
Iteration: 840, relative residual: 0.00017225241453190315
Iteration: 841, relative residual: 0.00017213130433484515
Iteration: 842, relative residual: 0.00017195271496298336
Iteration: 843, relative residual: 0.00017184010337068466
Iteration: 844, relative residual: 0.00017174033774333333
Iteration: 845, relative residual: 0.0001717402206948693
Iteration: 846, relative residual: 0.00017169276833253424
Iteration: 847, relative residual: 0.0001715494414942664
Iteration: 848, relative residual: 0.00017141006035599889
Iteration: 849, relative residual: 0.0001712939856373088
Iteration: 850, relative residual: 0.0001712800136205442
Iteration: 851, relative residual: 0.00017126705750720482
Iteration: 852, relative residual: 0.00017120909539105068
Iteration: 853, relative residual: 0.0001711104528048936
Iteration: 854, relative residual: 0.00017109407261630007
Iteration: 855, relative residual: 0.00017109386763473593
Iteration: 856, relative residual: 0.00017106466914085263
Iteration: 857, relative residual: 0.0001710345075687219
Iteration: 858, relative residual: 0.00017092705953997034
Iteration: 859, relative residual: 0.00017078633140748782
Iteration: 860, relative residual: 0.00017070716329039483
Iteration: 861, relative residual: 0.00017065337645959144
Iteration: 862, relative residual: 0.00017064779453976748
Iteration: 863, relative residual: 0.0001706374470954959
Iteration: 864, relative residual: 0.0001705644409210662
Iteration: 865, relative residual: 0.00017045252052562144
Iteration: 866, relative residual: 0.0001702903953891063
Iteration: 867, relative residual: 0.0001701728383998379
Iteration: 868, relative residual: 0.0001701418375087748
Iteration: 869, relative residual: 0.00017013655886500016
Iteration: 870, relative residual: 0.00017013110264637625
Iteration: 871, relative residual: 0.00017003288574803365
Iteration: 872, relative residual: 0.00016981922796672566
Iteration: 873, relative residual: 0.00016958385017665735
Iteration: 874, relative residual: 0.00016938235039831254
Iteration: 875, relative residual: 0.00016934999943061746
Iteration: 876, relative residual: 0.00016931097890565352
Iteration: 877, relative residual: 0.0001691155184246226
Iteration: 878, relative residual: 0.0001688649772229781
Iteration: 879, relative residual: 0.0001686076162711607
Iteration: 880, relative residual: 0.00016846078391986728
Iteration: 881, relative residual: 0.00016843344473519063
Iteration: 882, relative residual: 0.00016841991508300248
Iteration: 883, relative residual: 0.00016811281833042642
Iteration: 884, relative residual: 0.00016767286260799825
Iteration: 885, relative residual: 0.0001674429197391502
Iteration: 886, relative residual: 0.00016737297326697775
Iteration: 887, relative residual: 0.00016737142200640067
Iteration: 888, relative residual: 0.0001673687999285316
Iteration: 889, relative residual: 0.0001671287576926792
Iteration: 890, relative residual: 0.00016683067731953252
Iteration: 891, relative residual: 0.0001666882003750347
Iteration: 892, relative residual: 0.00016657808536821599
Iteration: 893, relative residual: 0.00016657472065222513
Iteration: 894, relative residual: 0.00016650196041759796
Iteration: 895, relative residual: 0.00016634060634454246
Iteration: 896, relative residual: 0.00016599592541433717
Iteration: 897, relative residual: 0.00016577033438775285
Iteration: 898, relative residual: 0.0001657160604807119
Iteration: 899, relative residual: 0.0001656982430677654
Iteration: 900, relative residual: 0.0001656982430677654
Residual: 0.0001656982430677654. Restart...
Iteration: 901, relative residual: 0.00016556387327566402
Iteration: 902, relative residual: 0.0001655634520459992
Iteration: 903, relative residual: 0.00016556320347698827
Iteration: 904, relative residual: 0.00016556280045037768
Iteration: 905, relative residual: 0.00016556279294665076
Iteration: 906, relative residual: 0.0001655618765405976
Iteration: 907, relative residual: 0.00016556156924878106
Iteration: 908, relative residual: 0.00016556098650073042
Iteration: 909, relative residual: 0.00016555768026822726
Iteration: 910, relative residual: 0.00016555204469388652
Iteration: 911, relative residual: 0.00016554469357146222
Iteration: 912, relative residual: 0.00016554300321442282
Iteration: 913, relative residual: 0.0001655419823982535
Iteration: 914, relative residual: 0.00016553835910205472
Iteration: 915, relative residual: 0.00016553481883713038
Iteration: 916, relative residual: 0.00016553479688705036
Iteration: 917, relative residual: 0.00016553155719008434
Iteration: 918, relative residual: 0.00016551713825478214
Iteration: 919, relative residual: 0.00016550398547745661
Iteration: 920, relative residual: 0.0001655013589319004
Iteration: 921, relative residual: 0.00016549940851264417
Iteration: 922, relative residual: 0.0001654952333272225
Iteration: 923, relative residual: 0.00016549198461160476
Iteration: 924, relative residual: 0.00016549191277162375
Iteration: 925, relative residual: 0.00016548372834669645
Iteration: 926, relative residual: 0.0001654437150392769
Iteration: 927, relative residual: 0.00016540982826990304
Iteration: 928, relative residual: 0.00016540811486172275
Iteration: 929, relative residual: 0.00016537625886520435
Iteration: 930, relative residual: 0.0001652546146313681
Iteration: 931, relative residual: 0.00016517416898450548
Iteration: 932, relative residual: 0.0001651495937080833
Iteration: 933, relative residual: 0.00016513996105608865
Iteration: 934, relative residual: 0.000165081372342886
Iteration: 935, relative residual: 0.00016488813226145594
Iteration: 936, relative residual: 0.00016480309591218882
Iteration: 937, relative residual: 0.00016478473307042791
Iteration: 938, relative residual: 0.00016478178620723478
Iteration: 939, relative residual: 0.00016471446914872895
Iteration: 940, relative residual: 0.000164538277622251
Iteration: 941, relative residual: 0.00016437994177211586
Iteration: 942, relative residual: 0.00016411864522054845
Iteration: 943, relative residual: 0.00016404252292339522
Iteration: 944, relative residual: 0.0001640167756668748
Iteration: 945, relative residual: 0.00016399135973047452
Iteration: 946, relative residual: 0.000163935956606265
Iteration: 947, relative residual: 0.0001638311447995774
Iteration: 948, relative residual: 0.0001637404192085678
Iteration: 949, relative residual: 0.00016362935066938515
Iteration: 950, relative residual: 0.00016360722827788286
Iteration: 951, relative residual: 0.00016359442699530942
Iteration: 952, relative residual: 0.0001635918397425843
Iteration: 953, relative residual: 0.0001635904062860238
Iteration: 954, relative residual: 0.00016352429273623132
Iteration: 955, relative residual: 0.00016344933623832044
Iteration: 956, relative residual: 0.00016342354034465576
Iteration: 957, relative residual: 0.00016342187993553895
Iteration: 958, relative residual: 0.00016341717314053182
Iteration: 959, relative residual: 0.00016332623011027178
Iteration: 960, relative residual: 0.00016325148528124723
Iteration: 961, relative residual: 0.00016311354952376988
Iteration: 962, relative residual: 0.00016300394504556562
Iteration: 963, relative residual: 0.00016297000978007518
Iteration: 964, relative residual: 0.00016296893451290496
Iteration: 965, relative residual: 0.00016292836637016132
Iteration: 966, relative residual: 0.00016260432057468532
Iteration: 967, relative residual: 0.00016239251896634472
Iteration: 968, relative residual: 0.00016219289214508274
Iteration: 969, relative residual: 0.00016216763303676372
Iteration: 970, relative residual: 0.00016215329538883593
Iteration: 971, relative residual: 0.0001620060108901717
Iteration: 972, relative residual: 0.00016175181536034038
Iteration: 973, relative residual: 0.00016160741753281152
Iteration: 974, relative residual: 0.00016157482753223018
Iteration: 975, relative residual: 0.00016157463761919369
Iteration: 976, relative residual: 0.0001614647237997599
Iteration: 977, relative residual: 0.0001611878555627952
Iteration: 978, relative residual: 0.00016087654697288656
Iteration: 979, relative residual: 0.00016051428290899734
Iteration: 980, relative residual: 0.00016042361112436488
Iteration: 981, relative residual: 0.00016040841637503258
Iteration: 982, relative residual: 0.00016038993336882303
Iteration: 983, relative residual: 0.00016029947522669925
Iteration: 984, relative residual: 0.0001602139032613812
Iteration: 985, relative residual: 0.0001601798360422075
Iteration: 986, relative residual: 0.00016017919195793917
Iteration: 987, relative residual: 0.00016013189860463142
Iteration: 988, relative residual: 0.00016009934870360988
Iteration: 989, relative residual: 0.00016006378210987242
Iteration: 990, relative residual: 0.0001599406215040962
Iteration: 991, relative residual: 0.00015985848948353858
Iteration: 992, relative residual: 0.0001597656600934208
Iteration: 993, relative residual: 0.00015975935007738834
Iteration: 994, relative residual: 0.000159709725453374
Iteration: 995, relative residual: 0.0001595753556009657
Iteration: 996, relative residual: 0.00015937091222630682
Iteration: 997, relative residual: 0.0001592003894683395
Iteration: 998, relative residual: 0.00015918764459698335
Iteration: 999, relative residual: 0.00015918456151423348
Iteration: 1000, relative residual: 0.00015918456151423348
Residual: 0.00015918456151423348. Restart...
Warning!!!!You have reached the maximum number of iterations : 1000.
The run will stop. Check the residual behaviour you might have a bug.For future runs you might consider changing the tolerance or increasing the number of max_iter.
Solve time        : 4735.252608060837s

Calculate Solvation Energy (E_solv)
Calculating solvation energy for region 1, stored in E_solv[0]
6109.466004773586 of 624372 analytical integrals for phi_reac calculation in region 1
Time E_solv: 5.278149604797363s
Region 1: E_solv = -8910.441133892793 kcal/mol = -37281.28570420745 kJ/mol

Calculate Surface Energy (E_surf)
Time E_surf: 0.020419597625732422s

Calculate Coulomb Energy (E_coul)
Calculate Coulomb energy for region 1
Region 1: E_coul = -287711.28298092505 kcal/mol = -1203784.0079921905 kJ/mol
Time E_coul: 33.455437898635864s

------------------------------
Totals:
E_solv = -8910.441133892793 kcal/mol
E_surf = 0 kcal/mol
E_coul = -287711.28298092505 kcal/mol

Time = 4856.384133815765 s
