Run started on:
	Date: 2020/5/24
	Time: 22:13:7
	PyGBe version: 0.3.2+5.gea0f875
Config file: /cobra/u/gvargas/code/hPB/pygbe/pygbe/myCrownFinShots/sarsCov2002/snap1/snap1.config
Parameter file: /cobra/u/gvargas/code/hPB/pygbe/pygbe/myCrownFinShots/sarsCov2002/snap1/snap1.param
Geometry folder: /cobra/u/gvargas/code/hPB/pygbe/pygbe/myCrownFinShots/sarsCov2002/snap1/geometry
Running in: /cobra/u/gvargas/code/hPB/pygbe/pygbe/myCrownFinShots/sarsCov2002/snap1

Reading surface 0 from file geometry/crownVF2002
Time load mesh: 10.458336353302002
Removed areas=0: 234

Total elements : 621519
Total equations: 1243038
----------------------------

1 surfaces:

Surface 0:
	621519 elements
	Surface type         : dielectric_interface
	Cells                : 4493
	Twigs                : 3826
	Levels               : 7
	C0 size              : 128.66484427714346
	C0 box center        : 94.37196220228184, 84.56912401658946, 124.59818643141509
	Twig cell size       : 2.0103881918303665
	Rbox/theta           : 4.020776383660733
	Analytic distance    : 1.299175527352479
	Elem. per Ang^2      : 4.151346396885208
	Max, min, avg elem.  : 1.5968132668205128, 4.999999999941167e-07, 0.24088570415379187
	Total area           : 149715.04195996057
------------------------------

2 regions:

Region 0:
	Laplace or Yukawa: 2
	kappa            : 0.125
	dielectric const : 80.0
	Number of charges: 0
	Parent surface   : []
	Child surfaces   : [0]
Region 1:
	Laplace or Yukawa: 1
	kappa            : 1e-12
	dielectric const : 4.0
	Number of charges: 60332
	Parent surface   : [0]
	Child surfaces   : []
------------------------------

Parameters:
	Data type               : <class 'numpy.float64'>
	Use GPU                 : 1
	P                       : 4
	threshold               : 0.50
	theta                   : 0.50
	NCRIT                   : 500
	CUDA block size         : 128
	Gauss points per element: 1
	Gauss points near singlr: 25
	1D Gauss points per side: 9
	GMRES tolerance         : 1e-05
	GMRES max iterations    : 1000
	GMRES restart iteration : 100
----------------------------

Generate interaction list
Transfer data to GPU
Generate RHS
List time          : 4.2229413986206055s
Data transfer time : 0.5460031032562256s
RHS generation time: 1.0263433456420898s
------------------------------
Total setup time   : 80.39590167999268s
Solve
Iteration: 1, relative residual: 0.32525662356416757
Iteration: 2, relative residual: 0.22804091928399178
Iteration: 3, relative residual: 0.17505582421100652
Iteration: 4, relative residual: 0.12389779972128863
Iteration: 5, relative residual: 0.10764917305054156
Iteration: 6, relative residual: 0.08874744870591034
Iteration: 7, relative residual: 0.07083164169458753
Iteration: 8, relative residual: 0.05322429166239079
Iteration: 9, relative residual: 0.04531129946543709
Iteration: 10, relative residual: 0.03986386428054227
Iteration: 11, relative residual: 0.035060477016233424
Iteration: 12, relative residual: 0.035013385881636994
Iteration: 13, relative residual: 0.02958713547710069
Iteration: 14, relative residual: 0.026526609322780004
Iteration: 15, relative residual: 0.022656042394978523
Iteration: 16, relative residual: 0.019636102335104377
Iteration: 17, relative residual: 0.017052424152745382
Iteration: 18, relative residual: 0.015937323539869503
Iteration: 19, relative residual: 0.014400344020608625
Iteration: 20, relative residual: 0.01247225269993914
Iteration: 21, relative residual: 0.01240703701983029
Iteration: 22, relative residual: 0.010660520559363708
Iteration: 23, relative residual: 0.008421027040795444
Iteration: 24, relative residual: 0.007977055029722414
Iteration: 25, relative residual: 0.007846483406105243
Iteration: 26, relative residual: 0.00728219210258025
Iteration: 27, relative residual: 0.007025428144132524
Iteration: 28, relative residual: 0.006520200198138906
Iteration: 29, relative residual: 0.005773100156966218
Iteration: 30, relative residual: 0.005052277710195058
Iteration: 31, relative residual: 0.004534409047048061
Iteration: 32, relative residual: 0.0040917723183285975
Iteration: 33, relative residual: 0.0040912886774572485
Iteration: 34, relative residual: 0.00384400679045958
Iteration: 35, relative residual: 0.003571078301309212
Iteration: 36, relative residual: 0.0032430336885776174
Iteration: 37, relative residual: 0.0030667233174222503
Iteration: 38, relative residual: 0.002972374476601425
Iteration: 39, relative residual: 0.0029693111314614837
Iteration: 40, relative residual: 0.0027979258252537353
Iteration: 41, relative residual: 0.002598084389993236
Iteration: 42, relative residual: 0.002491879560022913
Iteration: 43, relative residual: 0.0024853287651393544
Iteration: 44, relative residual: 0.002446436377977925
Iteration: 45, relative residual: 0.0022702522215260475
Iteration: 46, relative residual: 0.0022127740039421823
Iteration: 47, relative residual: 0.0021927289812291783
Iteration: 48, relative residual: 0.0020778439481530337
Iteration: 49, relative residual: 0.001910347755781536
Iteration: 50, relative residual: 0.0017017165113983937
Iteration: 51, relative residual: 0.0015494188839732899
Iteration: 52, relative residual: 0.001487360120439466
Iteration: 53, relative residual: 0.0014854239911389643
Iteration: 54, relative residual: 0.0014694407419590621
Iteration: 55, relative residual: 0.0013619954790625405
Iteration: 56, relative residual: 0.0012594843858075482
Iteration: 57, relative residual: 0.0011785081672783658
Iteration: 58, relative residual: 0.0010804595573712839
Iteration: 59, relative residual: 0.0010477164436067741
Iteration: 60, relative residual: 0.0010457523356737861
Iteration: 61, relative residual: 0.0010206831993554491
Iteration: 62, relative residual: 0.0009486290832383684
Iteration: 63, relative residual: 0.0008832119464664086
Iteration: 64, relative residual: 0.0008207902561596308
Iteration: 65, relative residual: 0.0007795324411318065
Iteration: 66, relative residual: 0.0007278453718265824
Iteration: 67, relative residual: 0.0007135189392289624
Iteration: 68, relative residual: 0.0007132380514832868
Iteration: 69, relative residual: 0.0007034346437758689
Iteration: 70, relative residual: 0.0006769933501627972
Iteration: 71, relative residual: 0.0006446188773029368
Iteration: 72, relative residual: 0.0005860764299885461
Iteration: 73, relative residual: 0.0005586321301165901
Iteration: 74, relative residual: 0.0005372610591966164
Iteration: 75, relative residual: 0.0005126814801287274
Iteration: 76, relative residual: 0.0005027800754199695
Iteration: 77, relative residual: 0.0005022450054069821
Iteration: 78, relative residual: 0.0005020014903736468
Iteration: 79, relative residual: 0.0004950320277629446
Iteration: 80, relative residual: 0.00048217751227799187
Iteration: 81, relative residual: 0.0004730135247713583
Iteration: 82, relative residual: 0.000469233191423613
Iteration: 83, relative residual: 0.0004683149526227578
Iteration: 84, relative residual: 0.00046598032130165705
Iteration: 85, relative residual: 0.0004599787791250716
Iteration: 86, relative residual: 0.0004486821690269978
Iteration: 87, relative residual: 0.00043752986694261484
Iteration: 88, relative residual: 0.00043144298427375796
Iteration: 89, relative residual: 0.00043131645626171347
Iteration: 90, relative residual: 0.0004288257461551114
Iteration: 91, relative residual: 0.00042705143409708484
Iteration: 92, relative residual: 0.00041817851476919754
Iteration: 93, relative residual: 0.0004143139911328625
Iteration: 94, relative residual: 0.0004117494304386993
Iteration: 95, relative residual: 0.00041084817381650997
Iteration: 96, relative residual: 0.00041028353051202206
Iteration: 97, relative residual: 0.0004043734892827167
Iteration: 98, relative residual: 0.00039831005511361346
Iteration: 99, relative residual: 0.0003976134669215565
Iteration: 100, relative residual: 0.0003976134669215565
Residual: 0.0003976134669215565. Restart...
Iteration: 101, relative residual: 0.0003975686217023368
Iteration: 102, relative residual: 0.0003975686214392091
Iteration: 103, relative residual: 0.0003975686056067619
Iteration: 104, relative residual: 0.0003975685989420115
Iteration: 105, relative residual: 0.00039756859892422266
Iteration: 106, relative residual: 0.0003975685277784621
Iteration: 107, relative residual: 0.0003975680458610781
Iteration: 108, relative residual: 0.00039756743868435553
Iteration: 109, relative residual: 0.00039756735499435627
Iteration: 110, relative residual: 0.0003975633142158137
Iteration: 111, relative residual: 0.0003975578406968077
Iteration: 112, relative residual: 0.0003975574966212817
Iteration: 113, relative residual: 0.0003975472242676885
Iteration: 114, relative residual: 0.0003974576903632991
Iteration: 115, relative residual: 0.0003973985565023983
Iteration: 116, relative residual: 0.0003973973852886621
Iteration: 117, relative residual: 0.0003971720197422038
Iteration: 118, relative residual: 0.00039639025751504796
Iteration: 119, relative residual: 0.0003952906192671861
Iteration: 120, relative residual: 0.0003946733255594345
Iteration: 121, relative residual: 0.00039453537639854265
Iteration: 122, relative residual: 0.00039450184993855076
Iteration: 123, relative residual: 0.0003939319176233024
Iteration: 124, relative residual: 0.0003937111825836375
Iteration: 125, relative residual: 0.00039368087953248134
Iteration: 126, relative residual: 0.0003936649172293256
Iteration: 127, relative residual: 0.0003934863275714634
Iteration: 128, relative residual: 0.00039319844635799526
Iteration: 129, relative residual: 0.0003930206063546679
Iteration: 130, relative residual: 0.00039299621852917436
Iteration: 131, relative residual: 0.0003929588560828347
Iteration: 132, relative residual: 0.0003928244344805664
Iteration: 133, relative residual: 0.00039279737916012903
Iteration: 134, relative residual: 0.0003927360961616271
Iteration: 135, relative residual: 0.00039251714987748775
Iteration: 136, relative residual: 0.0003925121752237579
Iteration: 137, relative residual: 0.0003922104999995867
Iteration: 138, relative residual: 0.00039155200701580003
Iteration: 139, relative residual: 0.0003906143602057039
Iteration: 140, relative residual: 0.00039001094949050666
Iteration: 141, relative residual: 0.0003896067822696379
Iteration: 142, relative residual: 0.0003895510500229689
Iteration: 143, relative residual: 0.00038949154771431835
Iteration: 144, relative residual: 0.00038909595359386793
Iteration: 145, relative residual: 0.0003887320753070359
Iteration: 146, relative residual: 0.0003885134882904145
Iteration: 147, relative residual: 0.0003884946518269786
Iteration: 148, relative residual: 0.00038848961817414273
Iteration: 149, relative residual: 0.00038788910146636736
Iteration: 150, relative residual: 0.000387304349339388
Iteration: 151, relative residual: 0.00038725047587894677
Iteration: 152, relative residual: 0.0003870441402378291
Iteration: 153, relative residual: 0.00038683219853613256
Iteration: 154, relative residual: 0.00038605090601423123
Iteration: 155, relative residual: 0.0003847568327544476
Iteration: 156, relative residual: 0.0003833101006558751
Iteration: 157, relative residual: 0.00038221754279999074
Iteration: 158, relative residual: 0.00038177817610794603
Iteration: 159, relative residual: 0.00038174781798265496
Iteration: 160, relative residual: 0.000381468864254206
Iteration: 161, relative residual: 0.0003800145128796169
Iteration: 162, relative residual: 0.0003792360467093559
Iteration: 163, relative residual: 0.00037827207292063624
Iteration: 164, relative residual: 0.0003781519322674742
Iteration: 165, relative residual: 0.00037815086593628877
Iteration: 166, relative residual: 0.000377686260382265
Iteration: 167, relative residual: 0.00037671325212334296
Iteration: 168, relative residual: 0.00037534714707798645
Iteration: 169, relative residual: 0.00037369684565342426
Iteration: 170, relative residual: 0.000372235153679555
Iteration: 171, relative residual: 0.0003712492303333938
Iteration: 172, relative residual: 0.0003708170135321012
Iteration: 173, relative residual: 0.00037081660632821777
Iteration: 174, relative residual: 0.0003707224563170711
Iteration: 175, relative residual: 0.0003700213776181031
Iteration: 176, relative residual: 0.0003698541256331112
Iteration: 177, relative residual: 0.00036977350490157655
Iteration: 178, relative residual: 0.00036975080551905116
Iteration: 179, relative residual: 0.0003697436640636523
Iteration: 180, relative residual: 0.00036972762583371756
Iteration: 181, relative residual: 0.00036946070055811575
Iteration: 182, relative residual: 0.00036805934342786114
Iteration: 183, relative residual: 0.0003675296771514314
Iteration: 184, relative residual: 0.0003671853668437775
Iteration: 185, relative residual: 0.0003670079107904576
Iteration: 186, relative residual: 0.00036681001244923735
Iteration: 187, relative residual: 0.00036655899709378114
Iteration: 188, relative residual: 0.0003658349926485427
Iteration: 189, relative residual: 0.0003651502341052583
Iteration: 190, relative residual: 0.0003635185595511589
Iteration: 191, relative residual: 0.00036173699363199665
Iteration: 192, relative residual: 0.0003590280645112812
Iteration: 193, relative residual: 0.000358247658867453
Iteration: 194, relative residual: 0.0003564761557073559
Iteration: 195, relative residual: 0.0003564410926225192
Iteration: 196, relative residual: 0.00035592954217419156
Iteration: 197, relative residual: 0.00035348474739385567
Iteration: 198, relative residual: 0.0003507197459604679
Iteration: 199, relative residual: 0.0003488654628806491
Iteration: 200, relative residual: 0.0003488654628806491
Residual: 0.0003488654628806491. Restart...
Iteration: 201, relative residual: 0.00034713218575249183
Iteration: 202, relative residual: 0.00034713205245691023
Iteration: 203, relative residual: 0.00034713129437316916
Iteration: 204, relative residual: 0.0003471312719051608
Iteration: 205, relative residual: 0.00034712961052834994
Iteration: 206, relative residual: 0.0003471265693435996
Iteration: 207, relative residual: 0.00034712544923625464
Iteration: 208, relative residual: 0.0003471050172474283
Iteration: 209, relative residual: 0.0003470942742482397
Iteration: 210, relative residual: 0.0003470895917345298
Iteration: 211, relative residual: 0.00034705527061826123
Iteration: 212, relative residual: 0.00034697397426540656
Iteration: 213, relative residual: 0.00034688606666644306
Iteration: 214, relative residual: 0.0003467663637404879
Iteration: 215, relative residual: 0.00034676505357350036
Iteration: 216, relative residual: 0.00034665473199396046
Iteration: 217, relative residual: 0.0003465748392064318
Iteration: 218, relative residual: 0.00034656673989944757
Iteration: 219, relative residual: 0.0003465164471497331
Iteration: 220, relative residual: 0.00034650695905715266
Iteration: 221, relative residual: 0.0003465065559739838
Iteration: 222, relative residual: 0.0003464832229804917
Iteration: 223, relative residual: 0.00034639385265748744
Iteration: 224, relative residual: 0.00034635410557717076
Iteration: 225, relative residual: 0.0003463456206429365
Iteration: 226, relative residual: 0.00034628361583578777
Iteration: 227, relative residual: 0.00034622961375674446
Iteration: 228, relative residual: 0.00034621797146774073
Iteration: 229, relative residual: 0.00034618621371374414
Iteration: 230, relative residual: 0.000346078304337805
Iteration: 231, relative residual: 0.0003460519158757985
Iteration: 232, relative residual: 0.0003460260015660004
Iteration: 233, relative residual: 0.00034591380874053276
Iteration: 234, relative residual: 0.00034568336089981335
Iteration: 235, relative residual: 0.00034550123695215376
Iteration: 236, relative residual: 0.00034524606352503127
Iteration: 237, relative residual: 0.00034516777473086226
Iteration: 238, relative residual: 0.0003451581291366382
Iteration: 239, relative residual: 0.00034508183090096767
Iteration: 240, relative residual: 0.00034473022654382993
Iteration: 241, relative residual: 0.0003445034260813518
Iteration: 242, relative residual: 0.0003444560904295058
Iteration: 243, relative residual: 0.00034441729441946864
Iteration: 244, relative residual: 0.00034419344400516414
Iteration: 245, relative residual: 0.00034401282863441796
Iteration: 246, relative residual: 0.00034392799169602196
Iteration: 247, relative residual: 0.0003439192636070124
Iteration: 248, relative residual: 0.00034390529556284225
Iteration: 249, relative residual: 0.00034374209347901063
Iteration: 250, relative residual: 0.00034318305156724597
Iteration: 251, relative residual: 0.0003424305508501843
Iteration: 252, relative residual: 0.000342254986555758
Iteration: 253, relative residual: 0.0003422178762808203
Iteration: 254, relative residual: 0.00034205160768970586
Iteration: 255, relative residual: 0.00034142723862785255
Iteration: 256, relative residual: 0.0003408832855407478
Iteration: 257, relative residual: 0.00034029084187556084
Iteration: 258, relative residual: 0.00033981324564993833
Iteration: 259, relative residual: 0.0003395311976714862
Iteration: 260, relative residual: 0.0003393977038248497
Iteration: 261, relative residual: 0.00033936531271921185
Iteration: 262, relative residual: 0.00033930182492166984
Iteration: 263, relative residual: 0.00033890144642708883
Iteration: 264, relative residual: 0.0003384391680769809
Iteration: 265, relative residual: 0.0003380466652819431
Iteration: 266, relative residual: 0.00033757868858199714
Iteration: 267, relative residual: 0.00033753400636745865
Iteration: 268, relative residual: 0.00033753286266475016
Iteration: 269, relative residual: 0.0003375301909373955
Iteration: 270, relative residual: 0.000337521558827196
Iteration: 271, relative residual: 0.0003373949869599234
Iteration: 272, relative residual: 0.000337077532618497
Iteration: 273, relative residual: 0.00033667963745966203
Iteration: 274, relative residual: 0.0003366433102665298
Iteration: 275, relative residual: 0.0003365490289149256
Iteration: 276, relative residual: 0.00033601625435275144
Iteration: 277, relative residual: 0.0003351042775510161
Iteration: 278, relative residual: 0.0003343286243675485
Iteration: 279, relative residual: 0.00033366455865186463
Iteration: 280, relative residual: 0.0003334066387803612
Iteration: 281, relative residual: 0.00033260359104935193
Iteration: 282, relative residual: 0.00033186189846366656
Iteration: 283, relative residual: 0.0003317798889644269
Iteration: 284, relative residual: 0.00033168076508699614
Iteration: 285, relative residual: 0.00033081734531984245
Iteration: 286, relative residual: 0.00032951770938848115
Iteration: 287, relative residual: 0.00032822568253698214
Iteration: 288, relative residual: 0.00032779080731111884
Iteration: 289, relative residual: 0.0003274474535072196
Iteration: 290, relative residual: 0.0003271966123308123
Iteration: 291, relative residual: 0.0003243023669451461
Iteration: 292, relative residual: 0.0003230951478456467
Iteration: 293, relative residual: 0.00032231786389588503
Iteration: 294, relative residual: 0.00032230980740329955
Iteration: 295, relative residual: 0.00032148829714976945
Iteration: 296, relative residual: 0.00032041620735835734
Iteration: 297, relative residual: 0.00031848848408566925
Iteration: 298, relative residual: 0.0003151077608027703
Iteration: 299, relative residual: 0.00031301491439734535
Iteration: 300, relative residual: 0.00031301491439734535
Residual: 0.00031301491439734535. Restart...
Iteration: 301, relative residual: 0.0003123807115400513
Iteration: 302, relative residual: 0.0003123807114583529
Iteration: 303, relative residual: 0.00031238071007983886
Iteration: 304, relative residual: 0.00031238070630006055
Iteration: 305, relative residual: 0.00031238069847664974
Iteration: 306, relative residual: 0.00031238069514961307
Iteration: 307, relative residual: 0.00031238065619551954
Iteration: 308, relative residual: 0.0003123806411763775
Iteration: 309, relative residual: 0.00031238055172217317
Iteration: 310, relative residual: 0.00031238041254946514
Iteration: 311, relative residual: 0.0003123801887857648
Iteration: 312, relative residual: 0.00031237508567477326
Iteration: 313, relative residual: 0.00031236640104558255
Iteration: 314, relative residual: 0.00031236076754318593
Iteration: 315, relative residual: 0.00031235026715005634
Iteration: 316, relative residual: 0.0003122962765433403
Iteration: 317, relative residual: 0.0003120536485636285
Iteration: 318, relative residual: 0.0003118511164315608
Iteration: 319, relative residual: 0.0003117190061173435
Iteration: 320, relative residual: 0.0003116653124882251
Iteration: 321, relative residual: 0.0003115050788132393
Iteration: 322, relative residual: 0.0003112973969325341
Iteration: 323, relative residual: 0.00031121640194875397
Iteration: 324, relative residual: 0.00031120664504303235
Iteration: 325, relative residual: 0.0003107501517746749
Iteration: 326, relative residual: 0.00031010487604467914
Iteration: 327, relative residual: 0.00030986794855491617
Iteration: 328, relative residual: 0.0003098509273417763
Iteration: 329, relative residual: 0.0003093271049581475
Iteration: 330, relative residual: 0.00030899875540658483
Iteration: 331, relative residual: 0.00030878494594795933
Iteration: 332, relative residual: 0.0003085867802914915
Iteration: 333, relative residual: 0.0003080588223336151
Iteration: 334, relative residual: 0.00030785547537758663
Iteration: 335, relative residual: 0.0003078523298049812
Iteration: 336, relative residual: 0.0003077750908962079
Iteration: 337, relative residual: 0.00030745960738404085
Iteration: 338, relative residual: 0.0003069262816798852
Iteration: 339, relative residual: 0.00030674976146371694
Iteration: 340, relative residual: 0.0003067488339041102
Iteration: 341, relative residual: 0.0003063649268695058
Iteration: 342, relative residual: 0.000305823042994629
Iteration: 343, relative residual: 0.0003050376914702205
Iteration: 344, relative residual: 0.0003048516411383803
Iteration: 345, relative residual: 0.00030476324764947113
Iteration: 346, relative residual: 0.0003039802062701383
Iteration: 347, relative residual: 0.0003026696554515011
Iteration: 348, relative residual: 0.0003018847410573701
Iteration: 349, relative residual: 0.0003016622734614125
Iteration: 350, relative residual: 0.00030164413302422564
Iteration: 351, relative residual: 0.00030147211876358605
Iteration: 352, relative residual: 0.0003011473434205499
Iteration: 353, relative residual: 0.0003005533472724546
Iteration: 354, relative residual: 0.00029995543353213036
Iteration: 355, relative residual: 0.00029984817513745024
Iteration: 356, relative residual: 0.0002998459128857341
Iteration: 357, relative residual: 0.0002996473598651147
Iteration: 358, relative residual: 0.0002989119588656866
Iteration: 359, relative residual: 0.00029811820532572094
Iteration: 360, relative residual: 0.0002975211657171306
Iteration: 361, relative residual: 0.0002962750006074944
Iteration: 362, relative residual: 0.00029550924721039013
Iteration: 363, relative residual: 0.0002954555208581021
Iteration: 364, relative residual: 0.00029545479096467105
Iteration: 365, relative residual: 0.0002952219186299257
Iteration: 366, relative residual: 0.00029515988379509995
Iteration: 367, relative residual: 0.0002946629371672357
Iteration: 368, relative residual: 0.00029423380226172366
Iteration: 369, relative residual: 0.00029423176945745353
Iteration: 370, relative residual: 0.00029400360343378095
Iteration: 371, relative residual: 0.0002936642526486483
Iteration: 372, relative residual: 0.0002933290614003659
Iteration: 373, relative residual: 0.0002929953711483718
Iteration: 374, relative residual: 0.0002927696068020654
Iteration: 375, relative residual: 0.0002926883085173423
Iteration: 376, relative residual: 0.0002926851648364329
Iteration: 377, relative residual: 0.0002925825724629108
Iteration: 378, relative residual: 0.0002925764750706106
Iteration: 379, relative residual: 0.000292572293487775
Iteration: 380, relative residual: 0.0002924236614100822
Iteration: 381, relative residual: 0.00029241802443293963
Iteration: 382, relative residual: 0.00029228621257458565
Iteration: 383, relative residual: 0.00029218713851603335
Iteration: 384, relative residual: 0.0002921870515928324
Iteration: 385, relative residual: 0.0002921499201331423
Iteration: 386, relative residual: 0.00029186395059863145
Iteration: 387, relative residual: 0.00029146287552337297
Iteration: 388, relative residual: 0.0002912235914458056
Iteration: 389, relative residual: 0.0002911303928426727
Iteration: 390, relative residual: 0.00029112983570632825
Iteration: 391, relative residual: 0.0002910135763217257
Iteration: 392, relative residual: 0.00029044971614292835
Iteration: 393, relative residual: 0.00028977791473521955
Iteration: 394, relative residual: 0.0002891449420955979
Iteration: 395, relative residual: 0.00028903179259596735
Iteration: 396, relative residual: 0.00028903002494097476
Iteration: 397, relative residual: 0.0002888584019128473
Iteration: 398, relative residual: 0.00028766541244533894
Iteration: 399, relative residual: 0.0002863426642847919
Iteration: 400, relative residual: 0.0002863426642847919
Residual: 0.0002863426642847919. Restart...
Iteration: 401, relative residual: 0.0002847167676106162
Iteration: 402, relative residual: 0.0002847165485949068
Iteration: 403, relative residual: 0.0002847150563481156
Iteration: 404, relative residual: 0.00028471496930877597
Iteration: 405, relative residual: 0.00028471057260406717
Iteration: 406, relative residual: 0.0002847094393043104
Iteration: 407, relative residual: 0.00028469862097935117
Iteration: 408, relative residual: 0.00028465972538955136
Iteration: 409, relative residual: 0.00028465891552426087
Iteration: 410, relative residual: 0.0002846510793596484
Iteration: 411, relative residual: 0.00028459804784289246
Iteration: 412, relative residual: 0.00028451750850613046
Iteration: 413, relative residual: 0.00028448640680868594
Iteration: 414, relative residual: 0.0002844857448447819
Iteration: 415, relative residual: 0.0002844516065432813
Iteration: 416, relative residual: 0.00028439699381755556
Iteration: 417, relative residual: 0.00028438063972906967
Iteration: 418, relative residual: 0.0002843699292875847
Iteration: 419, relative residual: 0.0002843605092117224
Iteration: 420, relative residual: 0.0002843245325909424
Iteration: 421, relative residual: 0.00028430368046728925
Iteration: 422, relative residual: 0.0002843012667665298
Iteration: 423, relative residual: 0.0002842649997458798
Iteration: 424, relative residual: 0.00028417204856080616
Iteration: 425, relative residual: 0.0002841674224553193
Iteration: 426, relative residual: 0.00028414250415130374
Iteration: 427, relative residual: 0.00028392114931489126
Iteration: 428, relative residual: 0.0002836842841029557
Iteration: 429, relative residual: 0.0002836831483930457
Iteration: 430, relative residual: 0.00028352726097717173
Iteration: 431, relative residual: 0.00028324689429345046
Iteration: 432, relative residual: 0.00028312658653883353
Iteration: 433, relative residual: 0.00028311799186473807
Iteration: 434, relative residual: 0.00028278155415246384
Iteration: 435, relative residual: 0.00028248869882560183
Iteration: 436, relative residual: 0.0002823339832090763
Iteration: 437, relative residual: 0.0002823335030947842
Iteration: 438, relative residual: 0.0002823156782991677
Iteration: 439, relative residual: 0.0002820318816998137
Iteration: 440, relative residual: 0.00028164007694740883
Iteration: 441, relative residual: 0.00028162459169295864
Iteration: 442, relative residual: 0.00028155819786757866
Iteration: 443, relative residual: 0.0002813744667299582
Iteration: 444, relative residual: 0.0002809647374937279
Iteration: 445, relative residual: 0.0002808234672920891
Iteration: 446, relative residual: 0.00028078572639232913
Iteration: 447, relative residual: 0.00028030982378241556
Iteration: 448, relative residual: 0.0002799932409742149
Iteration: 449, relative residual: 0.0002798803233029269
Iteration: 450, relative residual: 0.0002798521966031406
Iteration: 451, relative residual: 0.00027985133703506974
Iteration: 452, relative residual: 0.00027985002450016367
Iteration: 453, relative residual: 0.00027984601974977125
Iteration: 454, relative residual: 0.00027977351618945786
Iteration: 455, relative residual: 0.00027953004458500567
Iteration: 456, relative residual: 0.00027925377213210373
Iteration: 457, relative residual: 0.0002790740910830576
Iteration: 458, relative residual: 0.0002790719118233674
Iteration: 459, relative residual: 0.00027904826050915955
Iteration: 460, relative residual: 0.00027900743439532506
Iteration: 461, relative residual: 0.0002788096944995467
Iteration: 462, relative residual: 0.00027831639205513724
Iteration: 463, relative residual: 0.0002779219661236269
Iteration: 464, relative residual: 0.0002778037898369882
Iteration: 465, relative residual: 0.0002776897199885944
Iteration: 466, relative residual: 0.0002775565785709858
Iteration: 467, relative residual: 0.00027754975352527504
Iteration: 468, relative residual: 0.00027743760134501665
Iteration: 469, relative residual: 0.0002771287348747038
Iteration: 470, relative residual: 0.0002769418190751638
Iteration: 471, relative residual: 0.0002768930559713924
Iteration: 472, relative residual: 0.0002768926582635033
Iteration: 473, relative residual: 0.0002768704044409159
Iteration: 474, relative residual: 0.0002766299810056078
Iteration: 475, relative residual: 0.0002763086248987005
Iteration: 476, relative residual: 0.00027590788305667963
Iteration: 477, relative residual: 0.00027565775239578696
Iteration: 478, relative residual: 0.00027546839336173025
Iteration: 479, relative residual: 0.00027500955819880006
Iteration: 480, relative residual: 0.00027498138537971386
Iteration: 481, relative residual: 0.00027497687795368286
Iteration: 482, relative residual: 0.00027457598399377377
Iteration: 483, relative residual: 0.00027367490023103545
Iteration: 484, relative residual: 0.00027284553121072663
Iteration: 485, relative residual: 0.00027206499343297084
Iteration: 486, relative residual: 0.0002716761045163504
Iteration: 487, relative residual: 0.0002716742213721586
Iteration: 488, relative residual: 0.00027150991080439443
Iteration: 489, relative residual: 0.00027083960910585824
Iteration: 490, relative residual: 0.00026934463202969873
Iteration: 491, relative residual: 0.000269158204827217
Iteration: 492, relative residual: 0.0002691345968074503
Iteration: 493, relative residual: 0.00026896273365777936
Iteration: 494, relative residual: 0.00026861151950831265
Iteration: 495, relative residual: 0.00026783550852018344
Iteration: 496, relative residual: 0.0002663883546341201
Iteration: 497, relative residual: 0.00026569245816521973
Iteration: 498, relative residual: 0.0002645524049210045
Iteration: 499, relative residual: 0.00026450882955989777
Iteration: 500, relative residual: 0.00026450882955989777
Residual: 0.00026450882955989777. Restart...
Iteration: 501, relative residual: 0.00026437302641605363
Iteration: 502, relative residual: 0.000264373026402561
Iteration: 503, relative residual: 0.00026437291158079037
Iteration: 504, relative residual: 0.000264372871789073
Iteration: 505, relative residual: 0.00026437244363598404
Iteration: 506, relative residual: 0.00026437240886175253
Iteration: 507, relative residual: 0.00026437188800208756
Iteration: 508, relative residual: 0.000264367818435214
Iteration: 509, relative residual: 0.00026436780336321276
Iteration: 510, relative residual: 0.0002643655399950864
Iteration: 511, relative residual: 0.0002643630608282089
Iteration: 512, relative residual: 0.0002643617159415298
Iteration: 513, relative residual: 0.0002643615534085497
Iteration: 514, relative residual: 0.00026435738483035064
Iteration: 515, relative residual: 0.0002643510293923209
Iteration: 516, relative residual: 0.0002643089561350706
Iteration: 517, relative residual: 0.00026420716293557305
Iteration: 518, relative residual: 0.00026413270805465374
Iteration: 519, relative residual: 0.0002640722411263794
Iteration: 520, relative residual: 0.0002640678103296785
Iteration: 521, relative residual: 0.000264044462307354
Iteration: 522, relative residual: 0.0002639755634333746
Iteration: 523, relative residual: 0.0002639627918115047
Iteration: 524, relative residual: 0.0002639579172305118
Iteration: 525, relative residual: 0.0002638280630235038
Iteration: 526, relative residual: 0.0002636041691786512
Iteration: 527, relative residual: 0.0002633589987486793
Iteration: 528, relative residual: 0.00026334043840907335
Iteration: 529, relative residual: 0.0002632687109208598
Iteration: 530, relative residual: 0.00026308156973743895
Iteration: 531, relative residual: 0.00026300235549114165
Iteration: 532, relative residual: 0.0002630023506636135
Iteration: 533, relative residual: 0.0002628989683998487
Iteration: 534, relative residual: 0.00026273080020103534
Iteration: 535, relative residual: 0.00026270345909085846
Iteration: 536, relative residual: 0.00026269628130265335
Iteration: 537, relative residual: 0.0002625630695877537
Iteration: 538, relative residual: 0.00026232850836223673
Iteration: 539, relative residual: 0.00026218996850385754
Iteration: 540, relative residual: 0.000262186879480053
Iteration: 541, relative residual: 0.00026188989788177475
Iteration: 542, relative residual: 0.00026135884609429554
Iteration: 543, relative residual: 0.0002611976274503021
Iteration: 544, relative residual: 0.0002611881938377897
Iteration: 545, relative residual: 0.00026110544268690436
Iteration: 546, relative residual: 0.00026083160010555086
Iteration: 547, relative residual: 0.00026030894442146237
Iteration: 548, relative residual: 0.00025993842964493826
Iteration: 549, relative residual: 0.00025974972446583214
Iteration: 550, relative residual: 0.0002596926969988732
Iteration: 551, relative residual: 0.00025969218458380745
Iteration: 552, relative residual: 0.0002595623490544076
Iteration: 553, relative residual: 0.00025919102942852047
Iteration: 554, relative residual: 0.00025878726638864645
Iteration: 555, relative residual: 0.0002585787042316421
Iteration: 556, relative residual: 0.0002585718269367001
Iteration: 557, relative residual: 0.0002584803393805637
Iteration: 558, relative residual: 0.00025809345248496246
Iteration: 559, relative residual: 0.00025787937567693317
Iteration: 560, relative residual: 0.00025771516226149796
Iteration: 561, relative residual: 0.0002574110953870042
Iteration: 562, relative residual: 0.0002571963388177135
Iteration: 563, relative residual: 0.000256937325424548
Iteration: 564, relative residual: 0.0002567976879107836
Iteration: 565, relative residual: 0.00025679561010590946
Iteration: 566, relative residual: 0.0002567746695493001
Iteration: 567, relative residual: 0.00025643347466005586
Iteration: 568, relative residual: 0.0002562782941465075
Iteration: 569, relative residual: 0.00025625611693023346
Iteration: 570, relative residual: 0.0002562510862379699
Iteration: 571, relative residual: 0.00025625002381718897
Iteration: 572, relative residual: 0.00025624782235619066
Iteration: 573, relative residual: 0.0002562305337493121
Iteration: 574, relative residual: 0.00025615198645390465
Iteration: 575, relative residual: 0.0002560919848547949
Iteration: 576, relative residual: 0.00025603319033993784
Iteration: 577, relative residual: 0.0002558190797793714
Iteration: 578, relative residual: 0.0002557162000595912
Iteration: 579, relative residual: 0.0002556840820450265
Iteration: 580, relative residual: 0.0002556496194793823
Iteration: 581, relative residual: 0.0002554545318647369
Iteration: 582, relative residual: 0.00025495155583396155
Iteration: 583, relative residual: 0.000254720941475505
Iteration: 584, relative residual: 0.0002544792644113461
Iteration: 585, relative residual: 0.0002544536560672852
Iteration: 586, relative residual: 0.00025424898337003866
Iteration: 587, relative residual: 0.000253888485508009
Iteration: 588, relative residual: 0.00025332597965635516
Iteration: 589, relative residual: 0.00025254670502028746
Iteration: 590, relative residual: 0.0002524936115405302
Iteration: 591, relative residual: 0.0002520591947784606
Iteration: 592, relative residual: 0.0002516398413429205
Iteration: 593, relative residual: 0.0002506028169520621
Iteration: 594, relative residual: 0.00025021368461049427
Iteration: 595, relative residual: 0.000250201330494173
Iteration: 596, relative residual: 0.000250068597590058
Iteration: 597, relative residual: 0.0002498125233365119
Iteration: 598, relative residual: 0.0002492620613397698
Iteration: 599, relative residual: 0.000248701813881988
Iteration: 600, relative residual: 0.000248701813881988
Residual: 0.000248701813881988. Restart...
Iteration: 601, relative residual: 0.0002472798745925497
Iteration: 602, relative residual: 0.00024727987142392227
Iteration: 603, relative residual: 0.00024727935017461206
Iteration: 604, relative residual: 0.0002472792030828
Iteration: 605, relative residual: 0.0002472778793531422
Iteration: 606, relative residual: 0.0002472774439769409
Iteration: 607, relative residual: 0.0002472754762557588
Iteration: 608, relative residual: 0.0002472654476605349
Iteration: 609, relative residual: 0.00024726544722120065
Iteration: 610, relative residual: 0.0002472581286228253
Iteration: 611, relative residual: 0.00024724550896616565
Iteration: 612, relative residual: 0.00024723078423824816
Iteration: 613, relative residual: 0.00024721716251950517
Iteration: 614, relative residual: 0.00024721075490737157
Iteration: 615, relative residual: 0.0002471821870246711
Iteration: 616, relative residual: 0.00024714499483892796
Iteration: 617, relative residual: 0.0002471128786202305
Iteration: 618, relative residual: 0.00024711078129367953
Iteration: 619, relative residual: 0.0002471050056308544
Iteration: 620, relative residual: 0.00024707422139982557
Iteration: 621, relative residual: 0.00024705743718932816
Iteration: 622, relative residual: 0.0002470556768347479
Iteration: 623, relative residual: 0.0002470343435012043
Iteration: 624, relative residual: 0.00024698520318604424
Iteration: 625, relative residual: 0.00024692427182336474
Iteration: 626, relative residual: 0.0002469133580011746
Iteration: 627, relative residual: 0.00024687979496207336
Iteration: 628, relative residual: 0.0002466987495545684
Iteration: 629, relative residual: 0.0002465481087779575
Iteration: 630, relative residual: 0.0002465435933422083
Iteration: 631, relative residual: 0.0002464350087791227
Iteration: 632, relative residual: 0.0002461415446839885
Iteration: 633, relative residual: 0.0002457727474472219
Iteration: 634, relative residual: 0.0002457657096746032
Iteration: 635, relative residual: 0.00024569948860806324
Iteration: 636, relative residual: 0.00024545309781280107
Iteration: 637, relative residual: 0.0002453943332886873
Iteration: 638, relative residual: 0.00024539354770127127
Iteration: 639, relative residual: 0.0002452013017007748
Iteration: 640, relative residual: 0.0002448866749632631
Iteration: 641, relative residual: 0.00024484234488694674
Iteration: 642, relative residual: 0.00024480446181371444
Iteration: 643, relative residual: 0.00024471871161225225
Iteration: 644, relative residual: 0.00024451714556438854
Iteration: 645, relative residual: 0.00024436541589300826
Iteration: 646, relative residual: 0.00024435107520609885
Iteration: 647, relative residual: 0.0002442925671935666
Iteration: 648, relative residual: 0.00024413435555102202
Iteration: 649, relative residual: 0.00024393432248301806
Iteration: 650, relative residual: 0.00024369178999348782
Iteration: 651, relative residual: 0.00024367770261911695
Iteration: 652, relative residual: 0.00024364363905182343
Iteration: 653, relative residual: 0.00024347318550941105
Iteration: 654, relative residual: 0.00024338141268448308
Iteration: 655, relative residual: 0.00024324068941574027
Iteration: 656, relative residual: 0.00024311765320916262
Iteration: 657, relative residual: 0.00024306111829487307
Iteration: 658, relative residual: 0.00024304811427894535
Iteration: 659, relative residual: 0.0002430226878909272
Iteration: 660, relative residual: 0.00024284693891901566
Iteration: 661, relative residual: 0.0002426137430011319
Iteration: 662, relative residual: 0.0002424137366593014
Iteration: 663, relative residual: 0.00024237047946601352
Iteration: 664, relative residual: 0.0002423507873420389
Iteration: 665, relative residual: 0.0002423491222121121
Iteration: 666, relative residual: 0.000242325701475073
Iteration: 667, relative residual: 0.00024230953243636294
Iteration: 668, relative residual: 0.00024230555692128324
Iteration: 669, relative residual: 0.0002420345943438259
Iteration: 670, relative residual: 0.0002418950799934494
Iteration: 671, relative residual: 0.0002418793068174567
Iteration: 672, relative residual: 0.0002418230555802051
Iteration: 673, relative residual: 0.00024177174086071528
Iteration: 674, relative residual: 0.00024175470878929592
Iteration: 675, relative residual: 0.0002416686796590338
Iteration: 676, relative residual: 0.00024158345644105593
Iteration: 677, relative residual: 0.00024150070437896798
Iteration: 678, relative residual: 0.00024144325372990963
Iteration: 679, relative residual: 0.0002413670969025442
Iteration: 680, relative residual: 0.00024135912946308182
Iteration: 681, relative residual: 0.00024135138509760208
Iteration: 682, relative residual: 0.0002411354440374846
Iteration: 683, relative residual: 0.0002406364241384777
Iteration: 684, relative residual: 0.00024006700687975664
Iteration: 685, relative residual: 0.00023929326460718427
Iteration: 686, relative residual: 0.0002387472131335181
Iteration: 687, relative residual: 0.00023874242446100843
Iteration: 688, relative residual: 0.00023864612888184377
Iteration: 689, relative residual: 0.0002382111910060115
Iteration: 690, relative residual: 0.00023782951248573641
Iteration: 691, relative residual: 0.00023775449660296027
Iteration: 692, relative residual: 0.00023774791946199077
Iteration: 693, relative residual: 0.00023771156250008483
Iteration: 694, relative residual: 0.0002376229751632938
Iteration: 695, relative residual: 0.00023706478539254984
Iteration: 696, relative residual: 0.00023595745507202557
Iteration: 697, relative residual: 0.00023482959772195316
Iteration: 698, relative residual: 0.00023393336958450357
Iteration: 699, relative residual: 0.00023356789120487867
Iteration: 700, relative residual: 0.00023356789120487867
Residual: 0.00023356789120487867. Restart...
Iteration: 701, relative residual: 0.00023356310346480983
Iteration: 702, relative residual: 0.00023356310338994052
Iteration: 703, relative residual: 0.00023356310328463318
Iteration: 704, relative residual: 0.00023356310268934105
Iteration: 705, relative residual: 0.00023356310227233914
Iteration: 706, relative residual: 0.00023356309094301893
Iteration: 707, relative residual: 0.00023356309010766295
Iteration: 708, relative residual: 0.0002335630496460755
Iteration: 709, relative residual: 0.0002335629381170812
Iteration: 710, relative residual: 0.00023356292499641907
Iteration: 711, relative residual: 0.00023356237225745783
Iteration: 712, relative residual: 0.00023355998378934729
Iteration: 713, relative residual: 0.00023355737495318882
Iteration: 714, relative residual: 0.0002335564870261786
Iteration: 715, relative residual: 0.0002335257582430441
Iteration: 716, relative residual: 0.00023347918545322808
Iteration: 717, relative residual: 0.0002333947097301147
Iteration: 718, relative residual: 0.0002333094415770391
Iteration: 719, relative residual: 0.0002332059555986926
Iteration: 720, relative residual: 0.0002331897640738504
Iteration: 721, relative residual: 0.00023313336018955427
Iteration: 722, relative residual: 0.0002329727530895006
Iteration: 723, relative residual: 0.00023295922829221708
Iteration: 724, relative residual: 0.00023287738257698497
Iteration: 725, relative residual: 0.000232706601793877
Iteration: 726, relative residual: 0.00023250182539844225
Iteration: 727, relative residual: 0.00023241924961834798
Iteration: 728, relative residual: 0.0002324168894630632
Iteration: 729, relative residual: 0.00023225593010210493
Iteration: 730, relative residual: 0.00023214594741643527
Iteration: 731, relative residual: 0.0002321199898607851
Iteration: 732, relative residual: 0.00023208944876989326
Iteration: 733, relative residual: 0.00023196646761683445
Iteration: 734, relative residual: 0.00023184971506022016
Iteration: 735, relative residual: 0.00023175960809881488
Iteration: 736, relative residual: 0.00023175255171163542
Iteration: 737, relative residual: 0.00023168639107752338
Iteration: 738, relative residual: 0.00023151816680507846
Iteration: 739, relative residual: 0.00023137480645597878
Iteration: 740, relative residual: 0.00023134511588809802
Iteration: 741, relative residual: 0.00023130599027902107
Iteration: 742, relative residual: 0.00023111817903446064
Iteration: 743, relative residual: 0.0002309518709826076
Iteration: 744, relative residual: 0.00023080389324919078
Iteration: 745, relative residual: 0.00023079369088004222
Iteration: 746, relative residual: 0.0002305701635278795
Iteration: 747, relative residual: 0.00023020766303069308
Iteration: 748, relative residual: 0.00022982282835618816
Iteration: 749, relative residual: 0.00022970782245066356
Iteration: 750, relative residual: 0.0002296785480076288
Iteration: 751, relative residual: 0.00022966164340717252
Iteration: 752, relative residual: 0.00022959168863774206
Iteration: 753, relative residual: 0.00022950853316923704
Iteration: 754, relative residual: 0.0002292836250534217
Iteration: 755, relative residual: 0.00022907255450534063
Iteration: 756, relative residual: 0.00022899745657885997
Iteration: 757, relative residual: 0.00022899744694982634
Iteration: 758, relative residual: 0.00022894288630370547
Iteration: 759, relative residual: 0.00022864136204115603
Iteration: 760, relative residual: 0.00022814519247379433
Iteration: 761, relative residual: 0.0002278119218312076
Iteration: 762, relative residual: 0.0002276858534175386
Iteration: 763, relative residual: 0.00022761873114354183
Iteration: 764, relative residual: 0.00022760700448863514
Iteration: 765, relative residual: 0.00022759832202099217
Iteration: 766, relative residual: 0.00022749567015533702
Iteration: 767, relative residual: 0.00022735539288057393
Iteration: 768, relative residual: 0.00022733079619343118
Iteration: 769, relative residual: 0.00022732781683803548
Iteration: 770, relative residual: 0.0002273272308314842
Iteration: 771, relative residual: 0.00022731851140221296
Iteration: 772, relative residual: 0.00022730792578605982
Iteration: 773, relative residual: 0.0002272992278300571
Iteration: 774, relative residual: 0.00022727495378644546
Iteration: 775, relative residual: 0.00022721654792599166
Iteration: 776, relative residual: 0.00022718626859382263
Iteration: 777, relative residual: 0.00022717687061323905
Iteration: 778, relative residual: 0.00022717018198115623
Iteration: 779, relative residual: 0.00022714427998685632
Iteration: 780, relative residual: 0.00022711138324206032
Iteration: 781, relative residual: 0.0002270316290086492
Iteration: 782, relative residual: 0.00022682760259026436
Iteration: 783, relative residual: 0.00022667154056464858
Iteration: 784, relative residual: 0.00022663452389153925
Iteration: 785, relative residual: 0.00022662975278943116
Iteration: 786, relative residual: 0.00022660316691084886
Iteration: 787, relative residual: 0.00022650205864058588
Iteration: 788, relative residual: 0.00022632329744452312
Iteration: 789, relative residual: 0.00022601043388246575
Iteration: 790, relative residual: 0.0002259786923836516
Iteration: 791, relative residual: 0.00022574206104733705
Iteration: 792, relative residual: 0.00022528457985968148
Iteration: 793, relative residual: 0.0002249522279065553
Iteration: 794, relative residual: 0.00022478687397632202
Iteration: 795, relative residual: 0.00022477411682849643
Iteration: 796, relative residual: 0.00022468776128029976
Iteration: 797, relative residual: 0.00022451361079414733
Iteration: 798, relative residual: 0.00022400548786510917
Iteration: 799, relative residual: 0.0002237826779511906
Iteration: 800, relative residual: 0.0002237826779511906
Residual: 0.0002237826779511906. Restart...
Iteration: 801, relative residual: 0.0002236700413042457
Iteration: 802, relative residual: 0.00022367004088948774
Iteration: 803, relative residual: 0.00022367001047066685
Iteration: 804, relative residual: 0.0002236699896438241
Iteration: 805, relative residual: 0.00022366992615895412
Iteration: 806, relative residual: 0.0002236699128706939
Iteration: 807, relative residual: 0.0002236697881836791
Iteration: 808, relative residual: 0.000223669232196546
Iteration: 809, relative residual: 0.00022366918528431777
Iteration: 810, relative residual: 0.00022366893196166572
Iteration: 811, relative residual: 0.00022366812046771214
Iteration: 812, relative residual: 0.0002236666427112926
Iteration: 813, relative residual: 0.0002236650822805788
Iteration: 814, relative residual: 0.00022366449966443783
Iteration: 815, relative residual: 0.00022365574111015324
Iteration: 816, relative residual: 0.00022364224735230015
Iteration: 817, relative residual: 0.00022363169923151808
Iteration: 818, relative residual: 0.0002236224431220009
Iteration: 819, relative residual: 0.00022361538104652973
Iteration: 820, relative residual: 0.00022361346943951333
Iteration: 821, relative residual: 0.00022361055638633344
Iteration: 822, relative residual: 0.00022360216035160465
Iteration: 823, relative residual: 0.0002235996521656802
Iteration: 824, relative residual: 0.00022359485011058444
Iteration: 825, relative residual: 0.00022358379575403907
Iteration: 826, relative residual: 0.00022357254117618905
Iteration: 827, relative residual: 0.00022357156483749597
Iteration: 828, relative residual: 0.00022355843809304904
Iteration: 829, relative residual: 0.00022354437917349902
Iteration: 830, relative residual: 0.00022354432637061792
Iteration: 831, relative residual: 0.00022352861804707496
Iteration: 832, relative residual: 0.00022348357512658076
Iteration: 833, relative residual: 0.00022348347287999304
Iteration: 834, relative residual: 0.00022344090486329593
Iteration: 835, relative residual: 0.00022332603126285836
Iteration: 836, relative residual: 0.00022323127196643495
Iteration: 837, relative residual: 0.00022316426540545565
Iteration: 838, relative residual: 0.00022315020266887436
Iteration: 839, relative residual: 0.00022313180303973988
Iteration: 840, relative residual: 0.0002230369166161498
Iteration: 841, relative residual: 0.00022299855855128446
Iteration: 842, relative residual: 0.00022298787683901753
Iteration: 843, relative residual: 0.00022298761230439212
Iteration: 844, relative residual: 0.00022294173364076236
Iteration: 845, relative residual: 0.00022285524159808298
Iteration: 846, relative residual: 0.00022279812417572164
Iteration: 847, relative residual: 0.0002227557163781873
Iteration: 848, relative residual: 0.00022275561829367707
Iteration: 849, relative residual: 0.00022270272647142023
Iteration: 850, relative residual: 0.00022263332849422598
Iteration: 851, relative residual: 0.00022253555963403865
Iteration: 852, relative residual: 0.0002225086341302166
Iteration: 853, relative residual: 0.0002225079806283483
Iteration: 854, relative residual: 0.0002224802410509821
Iteration: 855, relative residual: 0.00022237162921330948
Iteration: 856, relative residual: 0.00022225967211973784
Iteration: 857, relative residual: 0.0002221874879080329
Iteration: 858, relative residual: 0.00022210050471325974
Iteration: 859, relative residual: 0.00022207664104498617
Iteration: 860, relative residual: 0.00022207662549216694
Iteration: 861, relative residual: 0.00022204499672820905
Iteration: 862, relative residual: 0.00022194088028501817
Iteration: 863, relative residual: 0.00022175108815642526
Iteration: 864, relative residual: 0.00022160694800785565
Iteration: 865, relative residual: 0.00022152005245483933
Iteration: 866, relative residual: 0.00022150012965317753
Iteration: 867, relative residual: 0.00022149915340493193
Iteration: 868, relative residual: 0.0002214728039016429
Iteration: 869, relative residual: 0.0002214191644833759
Iteration: 870, relative residual: 0.00022134510516146102
Iteration: 871, relative residual: 0.00022129830566520819
Iteration: 872, relative residual: 0.00022129505440193745
Iteration: 873, relative residual: 0.0002212947446939349
Iteration: 874, relative residual: 0.00022126904665810027
Iteration: 875, relative residual: 0.0002211855290492334
Iteration: 876, relative residual: 0.00022111042948767888
Iteration: 877, relative residual: 0.00022098077406029472
Iteration: 878, relative residual: 0.00022086149540284563
Iteration: 879, relative residual: 0.0002206230750520402
Iteration: 880, relative residual: 0.00022048072296124732
Iteration: 881, relative residual: 0.0002204140484112793
Iteration: 882, relative residual: 0.00022041377470508248
Iteration: 883, relative residual: 0.00022037037077372865
Iteration: 884, relative residual: 0.00022009495472405044
Iteration: 885, relative residual: 0.00021962557949861715
Iteration: 886, relative residual: 0.00021918516586668928
Iteration: 887, relative residual: 0.00021910272245793976
Iteration: 888, relative residual: 0.00021908914251396645
Iteration: 889, relative residual: 0.00021869340859518116
Iteration: 890, relative residual: 0.00021786783341777775
Iteration: 891, relative residual: 0.00021729282263350223
Iteration: 892, relative residual: 0.0002170165439698058
Iteration: 893, relative residual: 0.00021697868520803508
Iteration: 894, relative residual: 0.0002169768142227816
Iteration: 895, relative residual: 0.00021683714092042984
Iteration: 896, relative residual: 0.00021629291331720592
Iteration: 897, relative residual: 0.000215417244348243
Iteration: 898, relative residual: 0.00021500631078862537
Iteration: 899, relative residual: 0.00021484337444544122
Iteration: 900, relative residual: 0.00021484337444544122
Residual: 0.00021484337444544122. Restart...
Iteration: 901, relative residual: 0.0002148179328022401
Iteration: 902, relative residual: 0.00021481793168815974
Iteration: 903, relative residual: 0.00021481788572391867
Iteration: 904, relative residual: 0.0002148178255572399
Iteration: 905, relative residual: 0.00021481771221928698
Iteration: 906, relative residual: 0.0002148176564164631
Iteration: 907, relative residual: 0.00021481730804687695
Iteration: 908, relative residual: 0.00021481658990344589
Iteration: 909, relative residual: 0.00021481658818800785
Iteration: 910, relative residual: 0.00021481612002332737
Iteration: 911, relative residual: 0.00021481608463235594
Iteration: 912, relative residual: 0.00021481569164230298
Iteration: 913, relative residual: 0.00021481323325608405
Iteration: 914, relative residual: 0.00021480568774713115
Iteration: 915, relative residual: 0.00021479439454109741
Iteration: 916, relative residual: 0.00021476861610734838
Iteration: 917, relative residual: 0.00021470363676052127
Iteration: 918, relative residual: 0.00021464880884836967
Iteration: 919, relative residual: 0.00021456490221234283
Iteration: 920, relative residual: 0.00021454955125653222
Iteration: 921, relative residual: 0.00021453950032234204
Iteration: 922, relative residual: 0.00021446948799485233
Iteration: 923, relative residual: 0.00021444729944887711
Iteration: 924, relative residual: 0.00021444688774146405
Iteration: 925, relative residual: 0.00021441035352015188
Iteration: 926, relative residual: 0.00021436559852607497
Iteration: 927, relative residual: 0.00021432526647473048
Iteration: 928, relative residual: 0.00021432511461936428
Iteration: 929, relative residual: 0.00021428831883025054
Iteration: 930, relative residual: 0.00021423204219386488
Iteration: 931, relative residual: 0.00021420981100011505
Iteration: 932, relative residual: 0.00021420325415171272
Iteration: 933, relative residual: 0.0002141272445244286
Iteration: 934, relative residual: 0.00021405281283765214
Iteration: 935, relative residual: 0.00021402387889557492
Iteration: 936, relative residual: 0.00021401963612616108
Iteration: 937, relative residual: 0.00021399796158338925
Iteration: 938, relative residual: 0.00021394344139838252
Iteration: 939, relative residual: 0.00021387238359633334
Iteration: 940, relative residual: 0.00021384304177619022
Iteration: 941, relative residual: 0.00021382458835419286
Iteration: 942, relative residual: 0.0002137532341686493
Iteration: 943, relative residual: 0.00021359734890537526
Iteration: 944, relative residual: 0.0002133819856813474
Iteration: 945, relative residual: 0.0002133251601364999
Iteration: 946, relative residual: 0.0002133148879917183
Iteration: 947, relative residual: 0.00021329464496561495
Iteration: 948, relative residual: 0.00021320172843312452
Iteration: 949, relative residual: 0.000213136584326195
Iteration: 950, relative residual: 0.00021310904519632323
Iteration: 951, relative residual: 0.00021310687601197877
Iteration: 952, relative residual: 0.00021306089053762278
Iteration: 953, relative residual: 0.00021304304052780735
Iteration: 954, relative residual: 0.00021294768281248264
Iteration: 955, relative residual: 0.000212864857709807
Iteration: 956, relative residual: 0.00021282286634464591
Iteration: 957, relative residual: 0.0002128156137871404
Iteration: 958, relative residual: 0.00021281544234070087
Iteration: 959, relative residual: 0.00021279381979006262
Iteration: 960, relative residual: 0.00021273025619997443
Iteration: 961, relative residual: 0.0002125177112846329
Iteration: 962, relative residual: 0.00021221635107320812
Iteration: 963, relative residual: 0.00021187120851587352
Iteration: 964, relative residual: 0.00021176815034952914
Iteration: 965, relative residual: 0.00021173788263594606
Iteration: 966, relative residual: 0.00021173155719848564
Iteration: 967, relative residual: 0.00021172961868060126
Iteration: 968, relative residual: 0.00021168917533662688
Iteration: 969, relative residual: 0.00021163153384936355
Iteration: 970, relative residual: 0.00021157015881804003
Iteration: 971, relative residual: 0.00021145343053516997
Iteration: 972, relative residual: 0.00021143318925171098
Iteration: 973, relative residual: 0.0002114330474499563
Iteration: 974, relative residual: 0.0002114319868777976
Iteration: 975, relative residual: 0.00021142245970109735
Iteration: 976, relative residual: 0.0002114003156608283
Iteration: 977, relative residual: 0.00021135477977660038
Iteration: 978, relative residual: 0.00021123725929709318
Iteration: 979, relative residual: 0.0002111344517051212
Iteration: 980, relative residual: 0.00021110494012960667
Iteration: 981, relative residual: 0.00021109735294101465
Iteration: 982, relative residual: 0.00021106142126356103
Iteration: 983, relative residual: 0.00021096908803211302
Iteration: 984, relative residual: 0.0002108961482601002
Iteration: 985, relative residual: 0.00021065086403641267
Iteration: 986, relative residual: 0.00021058913119859988
Iteration: 987, relative residual: 0.00021058721738201615
Iteration: 988, relative residual: 0.00021052321639636497
Iteration: 989, relative residual: 0.0002104090459290257
Iteration: 990, relative residual: 0.00021020939275109206
Iteration: 991, relative residual: 0.00021016825550095416
Iteration: 992, relative residual: 0.00021016798931269658
Iteration: 993, relative residual: 0.00021014501588797108
Iteration: 994, relative residual: 0.00021004240176690557
Iteration: 995, relative residual: 0.00020989381251759707
Iteration: 996, relative residual: 0.00020936848670943825
Iteration: 997, relative residual: 0.00020857088284473622
Iteration: 998, relative residual: 0.00020800786683183365
Iteration: 999, relative residual: 0.00020749460027735543
Iteration: 1000, relative residual: 0.00020749460027735543
Residual: 0.00020749460027735543. Restart...
Warning!!!!You have reached the maximum number of iterations : 1000.
The run will stop. Check the residual behaviour you might have a bug.For future runs you might consider changing the tolerance or increasing the number of max_iter.
Solve time        : 5021.7330894470215s

Calculate Solvation Energy (E_solv)
Calculating solvation energy for region 1, stored in E_solv[0]
6087.484999668501 of 621519 analytical integrals for phi_reac calculation in region 1
Time E_solv: 5.262193441390991s
Region 1: E_solv = -8895.397742973035 kcal/mol = -37218.34415659918 kJ/mol

Calculate Surface Energy (E_surf)
Time E_surf: 0.02059340476989746s

Calculate Coulomb Energy (E_coul)
Calculate Coulomb energy for region 1
Region 1: E_coul = -287679.6864843847 kcal/mol = -1203651.8082506657 kJ/mol
Time E_coul: 33.45393514633179s

------------------------------
Totals:
E_solv = -8895.397742973035 kcal/mol
E_surf = 0 kcal/mol
E_coul = -287679.6864843847 kcal/mol

Time = 5144.26845741272 s
