Run started on:
	Date: 2020/5/25
	Time: 16:4:58
	PyGBe version: 0.3.2+5.gea0f875
Config file: /cobra/u/gvargas/code/hPB/pygbe/pygbe/myCrownFinShots/sarsCov2002noACE2/snap2/snap2.config
Parameter file: /cobra/u/gvargas/code/hPB/pygbe/pygbe/myCrownFinShots/sarsCov2002noACE2/snap2/snap2.param
Geometry folder: /cobra/u/gvargas/code/hPB/pygbe/pygbe/myCrownFinShots/sarsCov2002noACE2/snap2/geometry
Running in: /cobra/u/gvargas/code/hPB/pygbe/pygbe/myCrownFinShots/sarsCov2002noACE2/snap2

Reading surface 0 from file geometry/crownVF2002noACE2
Time load mesh: 8.802276849746704
Removed areas=0: 212

Total elements : 529084
Total equations: 1058168
----------------------------

1 surfaces:

Surface 0:
	529084 elements
	Surface type         : dielectric_interface
	Cells                : 4363
	Twigs                : 3702
	Levels               : 6
	C0 size              : 91.60872866737867
	C0 box center        : 68.79423359932763, 85.91220273025326, 107.41348534448218
	Twig cell size       : 2.8627727708555835
	Rbox/theta           : 5.725545541711167
	Analytic distance    : 1.295901739839806
	Elem. per Ang^2      : 4.167437900700531
	Max, min, avg elem.  : 1.2180060472479228, 4.99999999995893e-07, 0.23995558514066972
	Total area           : 126956.6608085661
------------------------------

2 regions:

Region 0:
	Laplace or Yukawa: 2
	kappa            : 0.125
	dielectric const : 80.0
	Number of charges: 0
	Parent surface   : []
	Child surfaces   : [0]
Region 1:
	Laplace or Yukawa: 1
	kappa            : 1e-12
	dielectric const : 4.0
	Number of charges: 50825
	Parent surface   : [0]
	Child surfaces   : []
------------------------------

Parameters:
	Data type               : <class 'numpy.float64'>
	Use GPU                 : 1
	P                       : 4
	threshold               : 0.50
	theta                   : 0.50
	NCRIT                   : 500
	CUDA block size         : 128
	Gauss points per element: 1
	Gauss points near singlr: 25
	1D Gauss points per side: 9
	GMRES tolerance         : 1e-05
	GMRES max iterations    : 1000
	GMRES restart iteration : 100
----------------------------

Generate interaction list
Transfer data to GPU
Generate RHS
List time          : 4.133314609527588s
Data transfer time : 0.5067932605743408s
RHS generation time: 0.9659061431884766s
------------------------------
Total setup time   : 68.65637016296387s
Solve
Iteration: 1, relative residual: 0.8573446575558257
Iteration: 2, relative residual: 0.5742522146681752
Iteration: 3, relative residual: 0.43863446657027316
Iteration: 4, relative residual: 0.37551138686869967
Iteration: 5, relative residual: 0.2991430547808017
Iteration: 6, relative residual: 0.26546357499156753
Iteration: 7, relative residual: 0.21438322291343326
Iteration: 8, relative residual: 0.1763382455290757
Iteration: 9, relative residual: 0.1478560225182191
Iteration: 10, relative residual: 0.12540505390791667
Iteration: 11, relative residual: 0.09964230703466542
Iteration: 12, relative residual: 0.08143338348555126
Iteration: 13, relative residual: 0.07214595171059386
Iteration: 14, relative residual: 0.07045313016452681
Iteration: 15, relative residual: 0.05868840832699286
Iteration: 16, relative residual: 0.049713761993832
Iteration: 17, relative residual: 0.04349252205745854
Iteration: 18, relative residual: 0.03925778918343638
Iteration: 19, relative residual: 0.034817454177072577
Iteration: 20, relative residual: 0.02901843399223088
Iteration: 21, relative residual: 0.024449588658130378
Iteration: 22, relative residual: 0.022158951670917713
Iteration: 23, relative residual: 0.02096216939452376
Iteration: 24, relative residual: 0.020930420164464822
Iteration: 25, relative residual: 0.019992934586743293
Iteration: 26, relative residual: 0.018316730206348532
Iteration: 27, relative residual: 0.01661924442004336
Iteration: 28, relative residual: 0.015337353759732898
Iteration: 29, relative residual: 0.013903991914136228
Iteration: 30, relative residual: 0.012366785730016601
Iteration: 31, relative residual: 0.01230511711539592
Iteration: 32, relative residual: 0.01177714898818191
Iteration: 33, relative residual: 0.010191611137757559
Iteration: 34, relative residual: 0.009508812033183031
Iteration: 35, relative residual: 0.008510216328124034
Iteration: 36, relative residual: 0.007906671671652222
Iteration: 37, relative residual: 0.007222400026147645
Iteration: 38, relative residual: 0.007004252073687723
Iteration: 39, relative residual: 0.006984974329807754
Iteration: 40, relative residual: 0.0069201683975699075
Iteration: 41, relative residual: 0.006725188312103896
Iteration: 42, relative residual: 0.006515626227044792
Iteration: 43, relative residual: 0.006470575907252604
Iteration: 44, relative residual: 0.0064702882681925734
Iteration: 45, relative residual: 0.006417339101260947
Iteration: 46, relative residual: 0.006076821781336665
Iteration: 47, relative residual: 0.0057116103818110435
Iteration: 48, relative residual: 0.005377415484633352
Iteration: 49, relative residual: 0.00517599128633301
Iteration: 50, relative residual: 0.00501498627987847
Iteration: 51, relative residual: 0.0049292927575365075
Iteration: 52, relative residual: 0.004927853046815944
Iteration: 53, relative residual: 0.004826180328660563
Iteration: 54, relative residual: 0.004670297889783244
Iteration: 55, relative residual: 0.004380105279440723
Iteration: 56, relative residual: 0.004066518846374555
Iteration: 57, relative residual: 0.0038687013646730834
Iteration: 58, relative residual: 0.0037273278207671534
Iteration: 59, relative residual: 0.0035914654363260728
Iteration: 60, relative residual: 0.0035560827453480132
Iteration: 61, relative residual: 0.0035460615599155506
Iteration: 62, relative residual: 0.0035458882890125115
Iteration: 63, relative residual: 0.003518330823300813
Iteration: 64, relative residual: 0.003474190223648833
Iteration: 65, relative residual: 0.0034375548341905133
Iteration: 66, relative residual: 0.0034313249837931797
Iteration: 67, relative residual: 0.0034289147810005853
Iteration: 68, relative residual: 0.0034124467487571582
Iteration: 69, relative residual: 0.0034073903980157655
Iteration: 70, relative residual: 0.003376558209516521
Iteration: 71, relative residual: 0.003360672965758897
Iteration: 72, relative residual: 0.0033373083908832973
Iteration: 73, relative residual: 0.003325463126011395
Iteration: 74, relative residual: 0.0033252141017999733
Iteration: 75, relative residual: 0.0033222793662155007
Iteration: 76, relative residual: 0.003293143473175856
Iteration: 77, relative residual: 0.0032648530924028296
Iteration: 78, relative residual: 0.003259971088241836
Iteration: 79, relative residual: 0.003251736036972793
Iteration: 80, relative residual: 0.0032500199822048255
Iteration: 81, relative residual: 0.0032399714002081838
Iteration: 82, relative residual: 0.0032399580592802875
Iteration: 83, relative residual: 0.0032398365546351037
Iteration: 84, relative residual: 0.003239432775463189
Iteration: 85, relative residual: 0.003239432116015598
Iteration: 86, relative residual: 0.00323927177095711
Iteration: 87, relative residual: 0.0032155747933868602
Iteration: 88, relative residual: 0.003215224179875063
Iteration: 89, relative residual: 0.0032121501392081333
Iteration: 90, relative residual: 0.003210764101434021
Iteration: 91, relative residual: 0.0032088878354122226
Iteration: 92, relative residual: 0.0031989095314822443
Iteration: 93, relative residual: 0.003178585165325831
Iteration: 94, relative residual: 0.0031650720179015805
Iteration: 95, relative residual: 0.0031543707476128268
Iteration: 96, relative residual: 0.003151498306266685
Iteration: 97, relative residual: 0.003151077555410828
Iteration: 98, relative residual: 0.003146637498228126
Iteration: 99, relative residual: 0.003128255276332525
Iteration: 100, relative residual: 0.003128255276332525
Residual: 0.003128255276332525. Restart...
Iteration: 101, relative residual: 0.0030779466186728883
Iteration: 102, relative residual: 0.003077944598762118
Iteration: 103, relative residual: 0.0030778725521225887
Iteration: 104, relative residual: 0.0030774376309180484
Iteration: 105, relative residual: 0.0030770685488522406
Iteration: 106, relative residual: 0.0030762687995904334
Iteration: 107, relative residual: 0.003075380462963165
Iteration: 108, relative residual: 0.003075198173569012
Iteration: 109, relative residual: 0.003075143176298835
Iteration: 110, relative residual: 0.0030751397300192596
Iteration: 111, relative residual: 0.0030751269909758423
Iteration: 112, relative residual: 0.0030750995283774806
Iteration: 113, relative residual: 0.003075021118594415
Iteration: 114, relative residual: 0.003075009467010554
Iteration: 115, relative residual: 0.003074741794257023
Iteration: 116, relative residual: 0.003074741659232129
Iteration: 117, relative residual: 0.003074017315587826
Iteration: 118, relative residual: 0.0030736693510646828
Iteration: 119, relative residual: 0.0030736070745321625
Iteration: 120, relative residual: 0.003073499269182968
Iteration: 121, relative residual: 0.0030733015114256515
Iteration: 122, relative residual: 0.0030710493627457243
Iteration: 123, relative residual: 0.0030710332742436247
Iteration: 124, relative residual: 0.003069759069612716
Iteration: 125, relative residual: 0.003068064324866496
Iteration: 126, relative residual: 0.0030678630864008007
Iteration: 127, relative residual: 0.0030677730887153374
Iteration: 128, relative residual: 0.0030677435283097496
Iteration: 129, relative residual: 0.003067493267941683
Iteration: 130, relative residual: 0.0030660191455804137
Iteration: 131, relative residual: 0.0030653099921734185
Iteration: 132, relative residual: 0.0030646264312741973
Iteration: 133, relative residual: 0.0030638473053984294
Iteration: 134, relative residual: 0.003062752756015802
Iteration: 135, relative residual: 0.003058117274688846
Iteration: 136, relative residual: 0.003048034743624781
Iteration: 137, relative residual: 0.0030456303904820574
Iteration: 138, relative residual: 0.003045624585508659
Iteration: 139, relative residual: 0.0030456193840305464
Iteration: 140, relative residual: 0.0030444406622233727
Iteration: 141, relative residual: 0.0030376950487242304
Iteration: 142, relative residual: 0.0030304834161949995
Iteration: 143, relative residual: 0.003029125778932689
Iteration: 144, relative residual: 0.00302707094788778
Iteration: 145, relative residual: 0.0030269278423605958
Iteration: 146, relative residual: 0.0030269131325595324
Iteration: 147, relative residual: 0.0030211970035870822
Iteration: 148, relative residual: 0.0030022288308887736
Iteration: 149, relative residual: 0.002998366912792568
Iteration: 150, relative residual: 0.0029969267560749227
Iteration: 151, relative residual: 0.0029969021060666304
Iteration: 152, relative residual: 0.0029942366783902814
Iteration: 153, relative residual: 0.0029814449957260973
Iteration: 154, relative residual: 0.0029726826805449797
Iteration: 155, relative residual: 0.0029615929551911296
Iteration: 156, relative residual: 0.0029614565239019577
Iteration: 157, relative residual: 0.002955896948805861
Iteration: 158, relative residual: 0.002935607829262591
Iteration: 159, relative residual: 0.0029195120189457013
Iteration: 160, relative residual: 0.0029027353272297923
Iteration: 161, relative residual: 0.002872972023416079
Iteration: 162, relative residual: 0.002869909691328971
Iteration: 163, relative residual: 0.0028693884615622377
Iteration: 164, relative residual: 0.002860205518828823
Iteration: 165, relative residual: 0.0028475626464052346
Iteration: 166, relative residual: 0.0028357584730470562
Iteration: 167, relative residual: 0.002810784941553509
Iteration: 168, relative residual: 0.0027758907973202793
Iteration: 169, relative residual: 0.002759133006092026
Iteration: 170, relative residual: 0.0027561019585119148
Iteration: 171, relative residual: 0.0027538010410518136
Iteration: 172, relative residual: 0.0027295980983517722
Iteration: 173, relative residual: 0.002667036135801142
Iteration: 174, relative residual: 0.0026460890273950015
Iteration: 175, relative residual: 0.002614364967425676
Iteration: 176, relative residual: 0.0026036755627901697
Iteration: 177, relative residual: 0.002603373609415785
Iteration: 178, relative residual: 0.0026008405133416575
Iteration: 179, relative residual: 0.0025806743543006073
Iteration: 180, relative residual: 0.0025514757157121828
Iteration: 181, relative residual: 0.002505709977087892
Iteration: 182, relative residual: 0.0024616921085512146
Iteration: 183, relative residual: 0.002430879645282886
Iteration: 184, relative residual: 0.0024244328617301007
Iteration: 185, relative residual: 0.002421337472671795
Iteration: 186, relative residual: 0.0024175238524661363
Iteration: 187, relative residual: 0.002398327776810512
Iteration: 188, relative residual: 0.0023666418515016665
Iteration: 189, relative residual: 0.002350962276924431
Iteration: 190, relative residual: 0.002350081980474004
Iteration: 191, relative residual: 0.002349396858161732
Iteration: 192, relative residual: 0.0023293970912798036
Iteration: 193, relative residual: 0.002292466863546224
Iteration: 194, relative residual: 0.0022253716354014505
Iteration: 195, relative residual: 0.0022153460051790976
Iteration: 196, relative residual: 0.002214875683068429
Iteration: 197, relative residual: 0.0022110718215995373
Iteration: 198, relative residual: 0.002207135790365285
Iteration: 199, relative residual: 0.0021745411627973454
Iteration: 200, relative residual: 0.0021745411627973454
Residual: 0.0021745411627973454. Restart...
Iteration: 201, relative residual: 0.002110164832636072
Iteration: 202, relative residual: 0.0021101640878614246
Iteration: 203, relative residual: 0.0021097345526367352
Iteration: 204, relative residual: 0.0021081174854948553
Iteration: 205, relative residual: 0.002104577735940138
Iteration: 206, relative residual: 0.0021028424037239342
Iteration: 207, relative residual: 0.002098880539350279
Iteration: 208, relative residual: 0.0020970711935090346
Iteration: 209, relative residual: 0.002094930223272372
Iteration: 210, relative residual: 0.0020917307611870227
Iteration: 211, relative residual: 0.002089521383604825
Iteration: 212, relative residual: 0.002089512982722649
Iteration: 213, relative residual: 0.002089140954789516
Iteration: 214, relative residual: 0.0020881894601817177
Iteration: 215, relative residual: 0.002087637389739528
Iteration: 216, relative residual: 0.002087544376466519
Iteration: 217, relative residual: 0.0020850358047316774
Iteration: 218, relative residual: 0.00207783425383565
Iteration: 219, relative residual: 0.0020686810715815898
Iteration: 220, relative residual: 0.0020671183386830956
Iteration: 221, relative residual: 0.0020649532578057724
Iteration: 222, relative residual: 0.0020621513041589484
Iteration: 223, relative residual: 0.0020562298741561204
Iteration: 224, relative residual: 0.002055688800636406
Iteration: 225, relative residual: 0.002055629440250298
Iteration: 226, relative residual: 0.002054699842042149
Iteration: 227, relative residual: 0.002048635392847527
Iteration: 228, relative residual: 0.002044745543705082
Iteration: 229, relative residual: 0.0020434965350555915
Iteration: 230, relative residual: 0.002041583806724127
Iteration: 231, relative residual: 0.0020325458826668105
Iteration: 232, relative residual: 0.002018683069504214
Iteration: 233, relative residual: 0.0020146569860871807
Iteration: 234, relative residual: 0.002003565325213276
Iteration: 235, relative residual: 0.0019976986553568304
Iteration: 236, relative residual: 0.001997549040968639
Iteration: 237, relative residual: 0.0019888452902868544
Iteration: 238, relative residual: 0.0019781744030540876
Iteration: 239, relative residual: 0.001961518231509785
Iteration: 240, relative residual: 0.001952826942329926
Iteration: 241, relative residual: 0.001950930861627824
Iteration: 242, relative residual: 0.001949500873761832
Iteration: 243, relative residual: 0.0019421867870034505
Iteration: 244, relative residual: 0.0019344869636814758
Iteration: 245, relative residual: 0.0019182894363275827
Iteration: 246, relative residual: 0.001908233838658563
Iteration: 247, relative residual: 0.001904449904081335
Iteration: 248, relative residual: 0.0019043874288192275
Iteration: 249, relative residual: 0.0018994396940813399
Iteration: 250, relative residual: 0.001881141474450566
Iteration: 251, relative residual: 0.0018590925276426604
Iteration: 252, relative residual: 0.001846692206161575
Iteration: 253, relative residual: 0.0018461504161904013
Iteration: 254, relative residual: 0.0018426527103785656
Iteration: 255, relative residual: 0.001793603234379155
Iteration: 256, relative residual: 0.0017625007654181596
Iteration: 257, relative residual: 0.001728569015798733
Iteration: 258, relative residual: 0.0017130949697539517
Iteration: 259, relative residual: 0.0017128304687578945
Iteration: 260, relative residual: 0.00168522761410667
Iteration: 261, relative residual: 0.0016655845036491713
Iteration: 262, relative residual: 0.0016309320679280678
Iteration: 263, relative residual: 0.0015893418600439193
Iteration: 264, relative residual: 0.0015734329493673168
Iteration: 265, relative residual: 0.0015706242298368874
Iteration: 266, relative residual: 0.0015636310361470697
Iteration: 267, relative residual: 0.001551149222624027
Iteration: 268, relative residual: 0.0015123162257856216
Iteration: 269, relative residual: 0.0014780162892237048
Iteration: 270, relative residual: 0.0014401505094507638
Iteration: 271, relative residual: 0.0014072334356817866
Iteration: 272, relative residual: 0.0014024469914171484
Iteration: 273, relative residual: 0.0014021098934632933
Iteration: 274, relative residual: 0.0013904499811675912
Iteration: 275, relative residual: 0.001374320401826047
Iteration: 276, relative residual: 0.0013488846657082351
Iteration: 277, relative residual: 0.0013313192403941502
Iteration: 278, relative residual: 0.0013257490518367575
Iteration: 279, relative residual: 0.001319719974831954
Iteration: 280, relative residual: 0.0013197190581841175
Iteration: 281, relative residual: 0.0013162058580486991
Iteration: 282, relative residual: 0.001306629141169064
Iteration: 283, relative residual: 0.0012909282048337602
Iteration: 284, relative residual: 0.0012721265426159194
Iteration: 285, relative residual: 0.0012629681037281035
Iteration: 286, relative residual: 0.0012613747746540015
Iteration: 287, relative residual: 0.0012613567964049398
Iteration: 288, relative residual: 0.00125782650848056
Iteration: 289, relative residual: 0.0012467069102444824
Iteration: 290, relative residual: 0.001234186349234291
Iteration: 291, relative residual: 0.0012232663603425665
Iteration: 292, relative residual: 0.001222627622458062
Iteration: 293, relative residual: 0.001221223644000043
Iteration: 294, relative residual: 0.001216561692231506
Iteration: 295, relative residual: 0.001209862926010851
Iteration: 296, relative residual: 0.0012058546401208868
Iteration: 297, relative residual: 0.0012056687331050383
Iteration: 298, relative residual: 0.0012015687862072324
Iteration: 299, relative residual: 0.00119388458024566
Iteration: 300, relative residual: 0.00119388458024566
Residual: 0.00119388458024566. Restart...
Iteration: 301, relative residual: 0.001183178936890938
Iteration: 302, relative residual: 0.0011831759252735568
Iteration: 303, relative residual: 0.0011829984169079992
Iteration: 304, relative residual: 0.0011825529879141102
Iteration: 305, relative residual: 0.0011807146814571817
Iteration: 306, relative residual: 0.0011799124813509595
Iteration: 307, relative residual: 0.0011785341426691419
Iteration: 308, relative residual: 0.0011777077117872178
Iteration: 309, relative residual: 0.0011771772687910321
Iteration: 310, relative residual: 0.0011768504826907334
Iteration: 311, relative residual: 0.0011768377400864216
Iteration: 312, relative residual: 0.0011767963520360107
Iteration: 313, relative residual: 0.0011765884805369354
Iteration: 314, relative residual: 0.0011765337027215118
Iteration: 315, relative residual: 0.0011761444486296188
Iteration: 316, relative residual: 0.0011759377720714412
Iteration: 317, relative residual: 0.00117407750873357
Iteration: 318, relative residual: 0.0011724194477030173
Iteration: 319, relative residual: 0.0011721038275761242
Iteration: 320, relative residual: 0.0011718728434398852
Iteration: 321, relative residual: 0.0011715781227641623
Iteration: 322, relative residual: 0.0011708826503108495
Iteration: 323, relative residual: 0.0011708292633482926
Iteration: 324, relative residual: 0.0011708024931861613
Iteration: 325, relative residual: 0.0011696553724715904
Iteration: 326, relative residual: 0.0011681745701238608
Iteration: 327, relative residual: 0.0011649606724314038
Iteration: 328, relative residual: 0.0011610486258024394
Iteration: 329, relative residual: 0.001156914200251438
Iteration: 330, relative residual: 0.0011546040850612305
Iteration: 331, relative residual: 0.0011545811745776306
Iteration: 332, relative residual: 0.0011521315287629065
Iteration: 333, relative residual: 0.0011472809992220322
Iteration: 334, relative residual: 0.001142696876611794
Iteration: 335, relative residual: 0.0011420103051187826
Iteration: 336, relative residual: 0.0011420024532171654
Iteration: 337, relative residual: 0.001139014750048903
Iteration: 338, relative residual: 0.001135498100525869
Iteration: 339, relative residual: 0.0011308150156461017
Iteration: 340, relative residual: 0.0011297335664455525
Iteration: 341, relative residual: 0.0011295720481617028
Iteration: 342, relative residual: 0.0011289462318465136
Iteration: 343, relative residual: 0.0011255718581593117
Iteration: 344, relative residual: 0.001119421905829605
Iteration: 345, relative residual: 0.0011162448735506602
Iteration: 346, relative residual: 0.0011156261200986025
Iteration: 347, relative residual: 0.001115609378097878
Iteration: 348, relative residual: 0.0011145274380837456
Iteration: 349, relative residual: 0.0011082137689118904
Iteration: 350, relative residual: 0.0010996836390428592
Iteration: 351, relative residual: 0.0010915783353848618
Iteration: 352, relative residual: 0.0010870263876675197
Iteration: 353, relative residual: 0.0010866908278600773
Iteration: 354, relative residual: 0.0010857168737130832
Iteration: 355, relative residual: 0.0010811449641192185
Iteration: 356, relative residual: 0.0010743136273597515
Iteration: 357, relative residual: 0.001073415273761907
Iteration: 358, relative residual: 0.0010733064164510859
Iteration: 359, relative residual: 0.0010704666851277414
Iteration: 360, relative residual: 0.001065732853778068
Iteration: 361, relative residual: 0.001057384979244395
Iteration: 362, relative residual: 0.0010548654592802298
Iteration: 363, relative residual: 0.0010548647609501347
Iteration: 364, relative residual: 0.0010544083842011678
Iteration: 365, relative residual: 0.0010508383586140574
Iteration: 366, relative residual: 0.0010429772878043893
Iteration: 367, relative residual: 0.001032816818136028
Iteration: 368, relative residual: 0.0010238099799680326
Iteration: 369, relative residual: 0.0010203774240509702
Iteration: 370, relative residual: 0.0010200170066311143
Iteration: 371, relative residual: 0.00102000293911572
Iteration: 372, relative residual: 0.0010164317405117382
Iteration: 373, relative residual: 0.0010092949710392206
Iteration: 374, relative residual: 0.0009957998237470986
Iteration: 375, relative residual: 0.0009750425789410333
Iteration: 376, relative residual: 0.0009616764174881392
Iteration: 377, relative residual: 0.0009566857644499094
Iteration: 378, relative residual: 0.0009566834579206855
Iteration: 379, relative residual: 0.0009557716864607437
Iteration: 380, relative residual: 0.0009515910428069891
Iteration: 381, relative residual: 0.0009341572288162841
Iteration: 382, relative residual: 0.0009194446800758466
Iteration: 383, relative residual: 0.0009055259198515537
Iteration: 384, relative residual: 0.0008954025514941634
Iteration: 385, relative residual: 0.0008926450573625903
Iteration: 386, relative residual: 0.0008917020813244401
Iteration: 387, relative residual: 0.0008879424632097069
Iteration: 388, relative residual: 0.000873276307044035
Iteration: 389, relative residual: 0.0008614517399720033
Iteration: 390, relative residual: 0.0008602925880003739
Iteration: 391, relative residual: 0.0008599476634432008
Iteration: 392, relative residual: 0.0008549558019002744
Iteration: 393, relative residual: 0.0008436401537354221
Iteration: 394, relative residual: 0.000830460976596256
Iteration: 395, relative residual: 0.0008203986024329033
Iteration: 396, relative residual: 0.0008153366577741919
Iteration: 397, relative residual: 0.0008126928683134057
Iteration: 398, relative residual: 0.0008125546712068013
Iteration: 399, relative residual: 0.000810721986805458
Iteration: 400, relative residual: 0.000810721986805458
Residual: 0.000810721986805458. Restart...
Iteration: 401, relative residual: 0.0008053399618880058
Iteration: 402, relative residual: 0.0008053364079113389
Iteration: 403, relative residual: 0.0008053000682640292
Iteration: 404, relative residual: 0.0008051215740412184
Iteration: 405, relative residual: 0.000804604540529483
Iteration: 406, relative residual: 0.000804082554452384
Iteration: 407, relative residual: 0.0008037570293040897
Iteration: 408, relative residual: 0.000803703506398632
Iteration: 409, relative residual: 0.0008036968188359057
Iteration: 410, relative residual: 0.0008036291556633108
Iteration: 411, relative residual: 0.0008034319088449222
Iteration: 412, relative residual: 0.0008032957525654706
Iteration: 413, relative residual: 0.000803140204291284
Iteration: 414, relative residual: 0.0008031373619714398
Iteration: 415, relative residual: 0.0008028712429665963
Iteration: 416, relative residual: 0.0008024279031114545
Iteration: 417, relative residual: 0.0008022014189408054
Iteration: 418, relative residual: 0.0008021162102639756
Iteration: 419, relative residual: 0.0008020982002671724
Iteration: 420, relative residual: 0.0008019114288454752
Iteration: 421, relative residual: 0.0008017519329618573
Iteration: 422, relative residual: 0.00080174742936629
Iteration: 423, relative residual: 0.0008016932161779943
Iteration: 424, relative residual: 0.0008014838146602182
Iteration: 425, relative residual: 0.0008003695997264983
Iteration: 426, relative residual: 0.0007990212292727697
Iteration: 427, relative residual: 0.000796883619811857
Iteration: 428, relative residual: 0.0007951789108960973
Iteration: 429, relative residual: 0.0007945521610463376
Iteration: 430, relative residual: 0.0007944941743413703
Iteration: 431, relative residual: 0.0007932038764796223
Iteration: 432, relative residual: 0.0007906250835177002
Iteration: 433, relative residual: 0.0007900316590459788
Iteration: 434, relative residual: 0.0007895620674215905
Iteration: 435, relative residual: 0.0007895592780809243
Iteration: 436, relative residual: 0.0007888980165692648
Iteration: 437, relative residual: 0.000787687332320619
Iteration: 438, relative residual: 0.0007866877140499102
Iteration: 439, relative residual: 0.0007865046173776738
Iteration: 440, relative residual: 0.0007864722243598663
Iteration: 441, relative residual: 0.0007864153240136874
Iteration: 442, relative residual: 0.0007858746776164715
Iteration: 443, relative residual: 0.0007848704351955663
Iteration: 444, relative residual: 0.0007837475941893152
Iteration: 445, relative residual: 0.0007831854064565345
Iteration: 446, relative residual: 0.0007827090130046139
Iteration: 447, relative residual: 0.0007825650239957247
Iteration: 448, relative residual: 0.0007821424014091082
Iteration: 449, relative residual: 0.0007799078929155723
Iteration: 450, relative residual: 0.0007775472419577672
Iteration: 451, relative residual: 0.0007739708783914606
Iteration: 452, relative residual: 0.0007727503180907842
Iteration: 453, relative residual: 0.0007727183414895869
Iteration: 454, relative residual: 0.0007705572310156673
Iteration: 455, relative residual: 0.0007641631837610219
Iteration: 456, relative residual: 0.0007593913511188248
Iteration: 457, relative residual: 0.0007580257486654774
Iteration: 458, relative residual: 0.0007580092119831425
Iteration: 459, relative residual: 0.0007565207855261058
Iteration: 460, relative residual: 0.0007484312948360629
Iteration: 461, relative residual: 0.0007419632099385849
Iteration: 462, relative residual: 0.0007374022124004595
Iteration: 463, relative residual: 0.0007341818845227715
Iteration: 464, relative residual: 0.0007339363571480038
Iteration: 465, relative residual: 0.000733876303074402
Iteration: 466, relative residual: 0.0007306390096630067
Iteration: 467, relative residual: 0.0007262301241746921
Iteration: 468, relative residual: 0.0007218891417403855
Iteration: 469, relative residual: 0.0007190045422837386
Iteration: 470, relative residual: 0.0007178824903151301
Iteration: 471, relative residual: 0.0007176435412018606
Iteration: 472, relative residual: 0.0007173299297247833
Iteration: 473, relative residual: 0.0007163276404307492
Iteration: 474, relative residual: 0.0007138202717452722
Iteration: 475, relative residual: 0.0007103808316289249
Iteration: 476, relative residual: 0.0007096904132332616
Iteration: 477, relative residual: 0.0007093907324596085
Iteration: 478, relative residual: 0.0007093622882842874
Iteration: 479, relative residual: 0.0007093369371803899
Iteration: 480, relative residual: 0.0007091140804130463
Iteration: 481, relative residual: 0.0007084472326914196
Iteration: 482, relative residual: 0.000706971156439003
Iteration: 483, relative residual: 0.0007059689129026768
Iteration: 484, relative residual: 0.0007047095105024771
Iteration: 485, relative residual: 0.0007043877091026317
Iteration: 486, relative residual: 0.000704382251423972
Iteration: 487, relative residual: 0.0007038070838286414
Iteration: 488, relative residual: 0.0007020660031253663
Iteration: 489, relative residual: 0.0007009069552306385
Iteration: 490, relative residual: 0.0007005135656705014
Iteration: 491, relative residual: 0.0007000931917280496
Iteration: 492, relative residual: 0.0006998391712939328
Iteration: 493, relative residual: 0.000699703015453534
Iteration: 494, relative residual: 0.0006991139361751883
Iteration: 495, relative residual: 0.0006987842434575007
Iteration: 496, relative residual: 0.0006984567917847454
Iteration: 497, relative residual: 0.0006983888840168754
Iteration: 498, relative residual: 0.0006979142259006793
Iteration: 499, relative residual: 0.0006972771497617871
Iteration: 500, relative residual: 0.0006972771497617871
Residual: 0.0006972771497617871. Restart...
Iteration: 501, relative residual: 0.0006959857793828383
Iteration: 502, relative residual: 0.0006959855025470614
Iteration: 503, relative residual: 0.0006959812656051902
Iteration: 504, relative residual: 0.000695970015739956
Iteration: 505, relative residual: 0.0006959547418615101
Iteration: 506, relative residual: 0.0006959102603905892
Iteration: 507, relative residual: 0.0006958985843493798
Iteration: 508, relative residual: 0.0006958971021370603
Iteration: 509, relative residual: 0.0006958968414883062
Iteration: 510, relative residual: 0.0006958913944999966
Iteration: 511, relative residual: 0.0006958861095763511
Iteration: 512, relative residual: 0.0006958689653531235
Iteration: 513, relative residual: 0.0006958551523084675
Iteration: 514, relative residual: 0.0006958380922668523
Iteration: 515, relative residual: 0.0006958360078317663
Iteration: 516, relative residual: 0.0006958334956657327
Iteration: 517, relative residual: 0.0006958327044572677
Iteration: 518, relative residual: 0.0006958304399949435
Iteration: 519, relative residual: 0.0006958304134443861
Iteration: 520, relative residual: 0.0006958247010276292
Iteration: 521, relative residual: 0.0006958216158173434
Iteration: 522, relative residual: 0.000695801233269715
Iteration: 523, relative residual: 0.0006957991213764853
Iteration: 524, relative residual: 0.0006957970214508296
Iteration: 525, relative residual: 0.0006957698508710963
Iteration: 526, relative residual: 0.0006956391237127015
Iteration: 527, relative residual: 0.0006954106721193782
Iteration: 528, relative residual: 0.0006951045851461286
Iteration: 529, relative residual: 0.0006946966816825038
Iteration: 530, relative residual: 0.0006945130936858023
Iteration: 531, relative residual: 0.0006944971335863267
Iteration: 532, relative residual: 0.0006944853833609938
Iteration: 533, relative residual: 0.0006940548817417829
Iteration: 534, relative residual: 0.0006937016797490227
Iteration: 535, relative residual: 0.0006935255037158561
Iteration: 536, relative residual: 0.0006935247000644075
Iteration: 537, relative residual: 0.0006935043738347809
Iteration: 538, relative residual: 0.0006934510247138252
Iteration: 539, relative residual: 0.0006931041308614378
Iteration: 540, relative residual: 0.000692976081498783
Iteration: 541, relative residual: 0.0006929618460764216
Iteration: 542, relative residual: 0.000692830117756347
Iteration: 543, relative residual: 0.0006927797775413196
Iteration: 544, relative residual: 0.000692563221862542
Iteration: 545, relative residual: 0.0006921910964928941
Iteration: 546, relative residual: 0.00069200626570523
Iteration: 547, relative residual: 0.0006919266865346197
Iteration: 548, relative residual: 0.0006919004549322764
Iteration: 549, relative residual: 0.0006918184231211664
Iteration: 550, relative residual: 0.0006915646979276388
Iteration: 551, relative residual: 0.0006912368192084977
Iteration: 552, relative residual: 0.0006911639998267787
Iteration: 553, relative residual: 0.0006911569144726266
Iteration: 554, relative residual: 0.0006911568836167596
Iteration: 555, relative residual: 0.000691050860591308
Iteration: 556, relative residual: 0.0006910124611862633
Iteration: 557, relative residual: 0.0006910056722027833
Iteration: 558, relative residual: 0.000690986705377733
Iteration: 559, relative residual: 0.0006909293625508549
Iteration: 560, relative residual: 0.0006907644876844551
Iteration: 561, relative residual: 0.0006906443257266287
Iteration: 562, relative residual: 0.0006906209117170679
Iteration: 563, relative residual: 0.000690557882515812
Iteration: 564, relative residual: 0.0006905563750072969
Iteration: 565, relative residual: 0.0006905194664268399
Iteration: 566, relative residual: 0.0006905192264164445
Iteration: 567, relative residual: 0.0006904787055350884
Iteration: 568, relative residual: 0.0006904572261221267
Iteration: 569, relative residual: 0.000690394060339764
Iteration: 570, relative residual: 0.0006903435518623741
Iteration: 571, relative residual: 0.000690265857470336
Iteration: 572, relative residual: 0.0006902078998450958
Iteration: 573, relative residual: 0.0006902007127219997
Iteration: 574, relative residual: 0.0006900685700641502
Iteration: 575, relative residual: 0.0006898904412273465
Iteration: 576, relative residual: 0.000689305348383643
Iteration: 577, relative residual: 0.0006889810790849638
Iteration: 578, relative residual: 0.0006889799114689076
Iteration: 579, relative residual: 0.0006889171468793947
Iteration: 580, relative residual: 0.0006888952249148243
Iteration: 581, relative residual: 0.0006888948389277145
Iteration: 582, relative residual: 0.0006887563381589141
Iteration: 583, relative residual: 0.0006885750941231031
Iteration: 584, relative residual: 0.0006880697029466501
Iteration: 585, relative residual: 0.0006872990019369596
Iteration: 586, relative residual: 0.0006864774616807998
Iteration: 587, relative residual: 0.0006860098343288431
Iteration: 588, relative residual: 0.0006859630491088407
Iteration: 589, relative residual: 0.0006855058522170075
Iteration: 590, relative residual: 0.0006853768810636266
Iteration: 591, relative residual: 0.0006853115724644803
Iteration: 592, relative residual: 0.0006851877265330133
Iteration: 593, relative residual: 0.0006851780856392583
Iteration: 594, relative residual: 0.0006851772218159669
Iteration: 595, relative residual: 0.0006848166338668248
Iteration: 596, relative residual: 0.0006845729757600754
Iteration: 597, relative residual: 0.0006841199236607008
Iteration: 598, relative residual: 0.0006837233474535872
Iteration: 599, relative residual: 0.0006833762679100225
Iteration: 600, relative residual: 0.0006833762679100225
Residual: 0.0006833762679100225. Restart...
Iteration: 601, relative residual: 0.0006829485309223664
Iteration: 602, relative residual: 0.0006829485090494473
Iteration: 603, relative residual: 0.0006829483640714151
Iteration: 604, relative residual: 0.0006829478302839771
Iteration: 605, relative residual: 0.0006829469428698525
Iteration: 606, relative residual: 0.000682945909470727
Iteration: 607, relative residual: 0.0006829456256847269
Iteration: 608, relative residual: 0.0006829455535339962
Iteration: 609, relative residual: 0.000682945171356795
Iteration: 610, relative residual: 0.000682944240564115
Iteration: 611, relative residual: 0.0006829432380681373
Iteration: 612, relative residual: 0.0006829405109262899
Iteration: 613, relative residual: 0.0006829387431371875
Iteration: 614, relative residual: 0.0006829382582246528
Iteration: 615, relative residual: 0.0006829378292460862
Iteration: 616, relative residual: 0.0006829354907022379
Iteration: 617, relative residual: 0.000682934732007333
Iteration: 618, relative residual: 0.0006829341700409988
Iteration: 619, relative residual: 0.0006829341502169075
Iteration: 620, relative residual: 0.0006829334936039449
Iteration: 621, relative residual: 0.000682932775197229
Iteration: 622, relative residual: 0.0006829316845366452
Iteration: 623, relative residual: 0.0006829314642947216
Iteration: 624, relative residual: 0.0006829287856102615
Iteration: 625, relative residual: 0.0006829207216461125
Iteration: 626, relative residual: 0.0006828849737856152
Iteration: 627, relative residual: 0.000682825000672527
Iteration: 628, relative residual: 0.0006827464960322173
Iteration: 629, relative residual: 0.0006826604397341379
Iteration: 630, relative residual: 0.0006826366965758642
Iteration: 631, relative residual: 0.000682636233290696
Iteration: 632, relative residual: 0.0006826065466844436
Iteration: 633, relative residual: 0.0006825313835073842
Iteration: 634, relative residual: 0.000682421620187971
Iteration: 635, relative residual: 0.0006823469433375196
Iteration: 636, relative residual: 0.0006823460290457023
Iteration: 637, relative residual: 0.000682329290546169
Iteration: 638, relative residual: 0.0006822851920583527
Iteration: 639, relative residual: 0.0006821678653209024
Iteration: 640, relative residual: 0.0006820991190434299
Iteration: 641, relative residual: 0.0006820708263952723
Iteration: 642, relative residual: 0.0006820704704261047
Iteration: 643, relative residual: 0.000682023348291325
Iteration: 644, relative residual: 0.0006818287044567971
Iteration: 645, relative residual: 0.0006817130568539476
Iteration: 646, relative residual: 0.0006816630926632893
Iteration: 647, relative residual: 0.0006816609221334791
Iteration: 648, relative residual: 0.0006816332613068778
Iteration: 649, relative residual: 0.000681564395823971
Iteration: 650, relative residual: 0.0006814862631320018
Iteration: 651, relative residual: 0.0006814208587770618
Iteration: 652, relative residual: 0.0006812654119713027
Iteration: 653, relative residual: 0.0006811626948369761
Iteration: 654, relative residual: 0.0006811524677999206
Iteration: 655, relative residual: 0.0006811106960274904
Iteration: 656, relative residual: 0.0006808139878892613
Iteration: 657, relative residual: 0.0006805762808134912
Iteration: 658, relative residual: 0.0006805306234465462
Iteration: 659, relative residual: 0.0006805304846269398
Iteration: 660, relative residual: 0.0006803942219880742
Iteration: 661, relative residual: 0.0006800290709563124
Iteration: 662, relative residual: 0.0006792838256463964
Iteration: 663, relative residual: 0.0006790900602638964
Iteration: 664, relative residual: 0.0006790167036273946
Iteration: 665, relative residual: 0.0006790166184447382
Iteration: 666, relative residual: 0.0006788197383175447
Iteration: 667, relative residual: 0.0006786412411214759
Iteration: 668, relative residual: 0.0006785567019918668
Iteration: 669, relative residual: 0.0006785235457689021
Iteration: 670, relative residual: 0.0006785023886525821
Iteration: 671, relative residual: 0.0006784841522604791
Iteration: 672, relative residual: 0.0006784283217098436
Iteration: 673, relative residual: 0.0006784117908679153
Iteration: 674, relative residual: 0.0006784117628483267
Iteration: 675, relative residual: 0.0006783993465159977
Iteration: 676, relative residual: 0.0006783866716326013
Iteration: 677, relative residual: 0.0006783519029903346
Iteration: 678, relative residual: 0.0006783501196057691
Iteration: 679, relative residual: 0.0006782978102178653
Iteration: 680, relative residual: 0.0006781626290811258
Iteration: 681, relative residual: 0.0006779457361390038
Iteration: 682, relative residual: 0.0006777069335220848
Iteration: 683, relative residual: 0.0006776659003094828
Iteration: 684, relative residual: 0.0006776201597785708
Iteration: 685, relative residual: 0.0006775040178361039
Iteration: 686, relative residual: 0.0006772968266233311
Iteration: 687, relative residual: 0.000676834491605896
Iteration: 688, relative residual: 0.0006766707938996432
Iteration: 689, relative residual: 0.0006764401160407496
Iteration: 690, relative residual: 0.0006757672134350976
Iteration: 691, relative residual: 0.0006757143839907509
Iteration: 692, relative residual: 0.0006756691825931333
Iteration: 693, relative residual: 0.0006754367874740935
Iteration: 694, relative residual: 0.0006748805313623523
Iteration: 695, relative residual: 0.0006738277413762863
Iteration: 696, relative residual: 0.0006734678459252414
Iteration: 697, relative residual: 0.0006734265292263966
Iteration: 698, relative residual: 0.0006732151005457794
Iteration: 699, relative residual: 0.0006729965173361176
Iteration: 700, relative residual: 0.0006729965173361176
Residual: 0.0006729965173361176. Restart...
Iteration: 701, relative residual: 0.0006724013156277113
Iteration: 702, relative residual: 0.0006724013047583222
Iteration: 703, relative residual: 0.0006724012699566638
Iteration: 704, relative residual: 0.000672401099556613
Iteration: 705, relative residual: 0.000672400735885192
Iteration: 706, relative residual: 0.00067240056635461
Iteration: 707, relative residual: 0.0006724005625278356
Iteration: 708, relative residual: 0.0006724001331478509
Iteration: 709, relative residual: 0.0006723985484258519
Iteration: 710, relative residual: 0.0006723971982974844
Iteration: 711, relative residual: 0.0006723956117402996
Iteration: 712, relative residual: 0.0006723910317769503
Iteration: 713, relative residual: 0.0006723844555273171
Iteration: 714, relative residual: 0.0006723801781582951
Iteration: 715, relative residual: 0.0006723786528408037
Iteration: 716, relative residual: 0.0006723772642656826
Iteration: 717, relative residual: 0.0006723739759391569
Iteration: 718, relative residual: 0.0006723715180815515
Iteration: 719, relative residual: 0.00067237133783513
Iteration: 720, relative residual: 0.0006723655744075912
Iteration: 721, relative residual: 0.0006723620009567602
Iteration: 722, relative residual: 0.0006723616383121515
Iteration: 723, relative residual: 0.0006723537766775814
Iteration: 724, relative residual: 0.0006723346395700779
Iteration: 725, relative residual: 0.0006723050245341757
Iteration: 726, relative residual: 0.0006722315219348893
Iteration: 727, relative residual: 0.0006721452232288254
Iteration: 728, relative residual: 0.0006720797908901469
Iteration: 729, relative residual: 0.0006720383665766769
Iteration: 730, relative residual: 0.0006720371934390341
Iteration: 731, relative residual: 0.0006720123072676617
Iteration: 732, relative residual: 0.0006718198690226758
Iteration: 733, relative residual: 0.0006715977819300947
Iteration: 734, relative residual: 0.0006715219052866477
Iteration: 735, relative residual: 0.0006714734386038597
Iteration: 736, relative residual: 0.0006714730605569816
Iteration: 737, relative residual: 0.0006714404332097629
Iteration: 738, relative residual: 0.0006713722181298956
Iteration: 739, relative residual: 0.0006712789987641532
Iteration: 740, relative residual: 0.0006712112083926874
Iteration: 741, relative residual: 0.0006711810793473204
Iteration: 742, relative residual: 0.0006711703579324221
Iteration: 743, relative residual: 0.0006710838605925198
Iteration: 744, relative residual: 0.0006709321975662416
Iteration: 745, relative residual: 0.0006708776839765467
Iteration: 746, relative residual: 0.0006708541346405009
Iteration: 747, relative residual: 0.0006708537444091633
Iteration: 748, relative residual: 0.0006707943126540549
Iteration: 749, relative residual: 0.0006705832080635378
Iteration: 750, relative residual: 0.0006704572804902109
Iteration: 751, relative residual: 0.0006703124168999252
Iteration: 752, relative residual: 0.0006701363033568145
Iteration: 753, relative residual: 0.0006701138565039057
Iteration: 754, relative residual: 0.0006701117277382911
Iteration: 755, relative residual: 0.0006701020549174261
Iteration: 756, relative residual: 0.0006700786240343307
Iteration: 757, relative residual: 0.0006699531284107776
Iteration: 758, relative residual: 0.0006699064752634249
Iteration: 759, relative residual: 0.0006699036708852814
Iteration: 760, relative residual: 0.00066989077214593
Iteration: 761, relative residual: 0.0006697044528228582
Iteration: 762, relative residual: 0.0006696149542203921
Iteration: 763, relative residual: 0.0006694469550875128
Iteration: 764, relative residual: 0.0006693854367367342
Iteration: 765, relative residual: 0.0006693621617979133
Iteration: 766, relative residual: 0.0006693472569181711
Iteration: 767, relative residual: 0.0006692486335203262
Iteration: 768, relative residual: 0.000669226040230005
Iteration: 769, relative residual: 0.0006691109914435237
Iteration: 770, relative residual: 0.0006689711987606293
Iteration: 771, relative residual: 0.0006688697883097368
Iteration: 772, relative residual: 0.0006688384427932105
Iteration: 773, relative residual: 0.0006688382449541337
Iteration: 774, relative residual: 0.0006687697719296299
Iteration: 775, relative residual: 0.0006685874829280595
Iteration: 776, relative residual: 0.0006683813399556197
Iteration: 777, relative residual: 0.0006682744326755581
Iteration: 778, relative residual: 0.0006682164661172069
Iteration: 779, relative residual: 0.0006681420320688273
Iteration: 780, relative residual: 0.0006680223224344073
Iteration: 781, relative residual: 0.0006679494236034633
Iteration: 782, relative residual: 0.0006679490475162087
Iteration: 783, relative residual: 0.0006679464730369542
Iteration: 784, relative residual: 0.000667828320890249
Iteration: 785, relative residual: 0.0006676957899975739
Iteration: 786, relative residual: 0.0006676328736181769
Iteration: 787, relative residual: 0.0006676019857214189
Iteration: 788, relative residual: 0.0006675215515598091
Iteration: 789, relative residual: 0.0006670457005963664
Iteration: 790, relative residual: 0.0006667579946541298
Iteration: 791, relative residual: 0.0006660846697757705
Iteration: 792, relative residual: 0.0006657954889343025
Iteration: 793, relative residual: 0.0006656225382419105
Iteration: 794, relative residual: 0.0006656225241429705
Iteration: 795, relative residual: 0.0006656001710044435
Iteration: 796, relative residual: 0.0006655705541830885
Iteration: 797, relative residual: 0.0006654260857442972
Iteration: 798, relative residual: 0.0006650302382608698
Iteration: 799, relative residual: 0.0006648045929910126
Iteration: 800, relative residual: 0.0006648045929910126
Residual: 0.0006648045929910126. Restart...
Iteration: 801, relative residual: 0.0006646394960175193
Iteration: 802, relative residual: 0.0006646394953885467
Iteration: 803, relative residual: 0.0006646394885119301
Iteration: 804, relative residual: 0.0006646394748574246
Iteration: 805, relative residual: 0.0006646394713985618
Iteration: 806, relative residual: 0.0006646394259416977
Iteration: 807, relative residual: 0.0006646389311434816
Iteration: 808, relative residual: 0.0006646382693197577
Iteration: 809, relative residual: 0.0006646366983000877
Iteration: 810, relative residual: 0.0006646357257571734
Iteration: 811, relative residual: 0.0006646350886190483
Iteration: 812, relative residual: 0.0006646342464783475
Iteration: 813, relative residual: 0.0006646336541479677
Iteration: 814, relative residual: 0.0006646335649593007
Iteration: 815, relative residual: 0.0006646334984740746
Iteration: 816, relative residual: 0.0006646327066940806
Iteration: 817, relative residual: 0.0006646324472723374
Iteration: 818, relative residual: 0.000664632441645644
Iteration: 819, relative residual: 0.0006646324144099502
Iteration: 820, relative residual: 0.000664632317079288
Iteration: 821, relative residual: 0.0006646323115588985
Iteration: 822, relative residual: 0.0006646323090947891
Iteration: 823, relative residual: 0.0006646313974510145
Iteration: 824, relative residual: 0.0006646259033121678
Iteration: 825, relative residual: 0.0006646112266700629
Iteration: 826, relative residual: 0.0006645812594728953
Iteration: 827, relative residual: 0.0006645635846407818
Iteration: 828, relative residual: 0.0006645626341617765
Iteration: 829, relative residual: 0.0006645547307170624
Iteration: 830, relative residual: 0.000664498477768372
Iteration: 831, relative residual: 0.0006643999579721519
Iteration: 832, relative residual: 0.0006642120330446461
Iteration: 833, relative residual: 0.000664029673914988
Iteration: 834, relative residual: 0.0006639758108162843
Iteration: 835, relative residual: 0.000663966567846562
Iteration: 836, relative residual: 0.0006639424155960657
Iteration: 837, relative residual: 0.0006638223312334788
Iteration: 838, relative residual: 0.0006637100285455484
Iteration: 839, relative residual: 0.0006636219069752146
Iteration: 840, relative residual: 0.000663583024944534
Iteration: 841, relative residual: 0.0006635828475824734
Iteration: 842, relative residual: 0.0006635430888652719
Iteration: 843, relative residual: 0.0006634766343187155
Iteration: 844, relative residual: 0.0006633876939883402
Iteration: 845, relative residual: 0.0006633773477455993
Iteration: 846, relative residual: 0.0006633772863658931
Iteration: 847, relative residual: 0.0006633548050873142
Iteration: 848, relative residual: 0.0006632830511574307
Iteration: 849, relative residual: 0.0006632152779642199
Iteration: 850, relative residual: 0.0006631589011578882
Iteration: 851, relative residual: 0.0006629525829930789
Iteration: 852, relative residual: 0.0006628200252852643
Iteration: 853, relative residual: 0.0006627589600736293
Iteration: 854, relative residual: 0.0006627567278798386
Iteration: 855, relative residual: 0.0006627221068377584
Iteration: 856, relative residual: 0.0006626150439671436
Iteration: 857, relative residual: 0.0006625595985240867
Iteration: 858, relative residual: 0.0006625406780966168
Iteration: 859, relative residual: 0.0006625218667030995
Iteration: 860, relative residual: 0.000662520921152473
Iteration: 861, relative residual: 0.0006624803100686346
Iteration: 862, relative residual: 0.000662382085106591
Iteration: 863, relative residual: 0.0006622054704435234
Iteration: 864, relative residual: 0.0006620530159434342
Iteration: 865, relative residual: 0.0006619064727941941
Iteration: 866, relative residual: 0.0006618887996195796
Iteration: 867, relative residual: 0.0006618869361841175
Iteration: 868, relative residual: 0.0006618859156334426
Iteration: 869, relative residual: 0.0006618316289950608
Iteration: 870, relative residual: 0.0006617602038479865
Iteration: 871, relative residual: 0.0006617273892313089
Iteration: 872, relative residual: 0.0006616928655990221
Iteration: 873, relative residual: 0.0006616870945148866
Iteration: 874, relative residual: 0.0006616584742532639
Iteration: 875, relative residual: 0.0006616283658763965
Iteration: 876, relative residual: 0.0006616237714958358
Iteration: 877, relative residual: 0.0006616185732565335
Iteration: 878, relative residual: 0.0006616185168162483
Iteration: 879, relative residual: 0.0006616185111090547
Iteration: 880, relative residual: 0.0006615972313463345
Iteration: 881, relative residual: 0.0006615887201909615
Iteration: 882, relative residual: 0.0006615882563912073
Iteration: 883, relative residual: 0.0006615745636114586
Iteration: 884, relative residual: 0.0006615673058593365
Iteration: 885, relative residual: 0.0006615672139944704
Iteration: 886, relative residual: 0.0006615671842853314
Iteration: 887, relative residual: 0.0006615149256121118
Iteration: 888, relative residual: 0.0006614124697064833
Iteration: 889, relative residual: 0.0006612906565762535
Iteration: 890, relative residual: 0.0006612452434501595
Iteration: 891, relative residual: 0.0006612444379713151
Iteration: 892, relative residual: 0.0006612443866816447
Iteration: 893, relative residual: 0.0006612346906565673
Iteration: 894, relative residual: 0.0006611033587155251
Iteration: 895, relative residual: 0.0006610426452970014
Iteration: 896, relative residual: 0.0006608787271435466
Iteration: 897, relative residual: 0.0006608777360287275
Iteration: 898, relative residual: 0.0006608327847372514
Iteration: 899, relative residual: 0.0006607024350765622
Iteration: 900, relative residual: 0.0006607024350765622
Residual: 0.0006607024350765622. Restart...
Iteration: 901, relative residual: 0.0006603000010115627
Iteration: 902, relative residual: 0.0006602999966349945
Iteration: 903, relative residual: 0.0006602999515356304
Iteration: 904, relative residual: 0.0006602997400183432
Iteration: 905, relative residual: 0.0006602993009541053
Iteration: 906, relative residual: 0.0006602989771939383
Iteration: 907, relative residual: 0.0006602988996958784
Iteration: 908, relative residual: 0.0006602988321739549
Iteration: 909, relative residual: 0.000660298422875631
Iteration: 910, relative residual: 0.0006602982874452042
Iteration: 911, relative residual: 0.0006602981566882608
Iteration: 912, relative residual: 0.0006602976973972999
Iteration: 913, relative residual: 0.0006602971225544263
Iteration: 914, relative residual: 0.000660296567348012
Iteration: 915, relative residual: 0.0006602961742344359
Iteration: 916, relative residual: 0.0006602957990053956
Iteration: 917, relative residual: 0.0006602949542453383
Iteration: 918, relative residual: 0.0006602947370056953
Iteration: 919, relative residual: 0.0006602943792053738
Iteration: 920, relative residual: 0.0006602932237012576
Iteration: 921, relative residual: 0.0006602931878895215
Iteration: 922, relative residual: 0.000660292943094633
Iteration: 923, relative residual: 0.0006602923768731217
Iteration: 924, relative residual: 0.0006602911146823053
Iteration: 925, relative residual: 0.0006602877466665639
Iteration: 926, relative residual: 0.0006602746599829125
Iteration: 927, relative residual: 0.0006602655891707041
Iteration: 928, relative residual: 0.000660260994920878
Iteration: 929, relative residual: 0.0006602604145522783
Iteration: 930, relative residual: 0.0006602571128850251
Iteration: 931, relative residual: 0.0006602457204125106
Iteration: 932, relative residual: 0.0006601900869956891
Iteration: 933, relative residual: 0.0006600979491165012
Iteration: 934, relative residual: 0.000660020429694923
Iteration: 935, relative residual: 0.000659968441511681
Iteration: 936, relative residual: 0.000659955972759743
Iteration: 937, relative residual: 0.0006599549221401168
Iteration: 938, relative residual: 0.0006599547858944252
Iteration: 939, relative residual: 0.0006599407131193256
Iteration: 940, relative residual: 0.0006599256694492171
Iteration: 941, relative residual: 0.0006599185681469226
Iteration: 942, relative residual: 0.0006599175812384816
Iteration: 943, relative residual: 0.000659917536300006
Iteration: 944, relative residual: 0.0006599090667376464
Iteration: 945, relative residual: 0.0006598866972795594
Iteration: 946, relative residual: 0.0006598615611378353
Iteration: 947, relative residual: 0.0006598548594323373
Iteration: 948, relative residual: 0.0006598511683130496
Iteration: 949, relative residual: 0.0006598371822824358
Iteration: 950, relative residual: 0.0006598335994744064
Iteration: 951, relative residual: 0.0006598238025081337
Iteration: 952, relative residual: 0.0006598122073766466
Iteration: 953, relative residual: 0.0006598112528730141
Iteration: 954, relative residual: 0.0006598060928463238
Iteration: 955, relative residual: 0.0006598013697853321
Iteration: 956, relative residual: 0.0006597999933705052
Iteration: 957, relative residual: 0.0006597994606851862
Iteration: 958, relative residual: 0.000659796931200872
Iteration: 959, relative residual: 0.0006597884638576239
Iteration: 960, relative residual: 0.0006597765371910401
Iteration: 961, relative residual: 0.0006597764007876461
Iteration: 962, relative residual: 0.0006597763007028306
Iteration: 963, relative residual: 0.0006597691850806732
Iteration: 964, relative residual: 0.0006597681096346522
Iteration: 965, relative residual: 0.0006597423566591225
Iteration: 966, relative residual: 0.0006597274589256781
Iteration: 967, relative residual: 0.0006597150009285111
Iteration: 968, relative residual: 0.0006596564137500845
Iteration: 969, relative residual: 0.0006596540316438734
Iteration: 970, relative residual: 0.0006596168852124258
Iteration: 971, relative residual: 0.0006595791326384831
Iteration: 972, relative residual: 0.0006595605242410671
Iteration: 973, relative residual: 0.0006595136629489489
Iteration: 974, relative residual: 0.0006594950412342356
Iteration: 975, relative residual: 0.0006594927725040986
Iteration: 976, relative residual: 0.0006594908319971181
Iteration: 977, relative residual: 0.0006594816348946244
Iteration: 978, relative residual: 0.0006594741920711873
Iteration: 979, relative residual: 0.0006594695758025472
Iteration: 980, relative residual: 0.0006594262142942767
Iteration: 981, relative residual: 0.000659288126862919
Iteration: 982, relative residual: 0.0006592614234386201
Iteration: 983, relative residual: 0.0006592294963649346
Iteration: 984, relative residual: 0.0006592061732582628
Iteration: 985, relative residual: 0.0006592045763329389
Iteration: 986, relative residual: 0.0006591839018383721
Iteration: 987, relative residual: 0.0006590744159878053
Iteration: 988, relative residual: 0.0006590400037975498
Iteration: 989, relative residual: 0.0006590072668966842
Iteration: 990, relative residual: 0.0006589078554755395
Iteration: 991, relative residual: 0.0006588956686945569
Iteration: 992, relative residual: 0.0006588955889542629
Iteration: 993, relative residual: 0.0006588695833836419
Iteration: 994, relative residual: 0.0006587861427458311
Iteration: 995, relative residual: 0.0006586841379489762
Iteration: 996, relative residual: 0.0006585983023197682
Iteration: 997, relative residual: 0.0006585788943513357
Iteration: 998, relative residual: 0.0006585681748611725
Iteration: 999, relative residual: 0.0006585493175583926
Iteration: 1000, relative residual: 0.0006585493175583926
Residual: 0.0006585493175583926. Restart...
Warning!!!!You have reached the maximum number of iterations : 1000.
The run will stop. Check the residual behaviour you might have a bug.For future runs you might consider changing the tolerance or increasing the number of max_iter.
Solve time        : 4745.960792064667s

Calculate Solvation Energy (E_solv)
Calculating solvation energy for region 1, stored in E_solv[0]
6254.892041318249 of 529084 analytical integrals for phi_reac calculation in region 1
Time E_solv: 4.489827394485474s
Region 1: E_solv = -6376.94646918926 kcal/mol = -26681.144027087863 kJ/mol

Calculate Surface Energy (E_surf)
Time E_surf: 0.02052903175354004s

Calculate Coulomb Energy (E_coul)
Calculate Coulomb energy for region 1
Region 1: E_coul = -242917.64475899874 kcal/mol = -1016367.4256716508 kJ/mol
Time E_coul: 23.723886728286743s

------------------------------
Totals:
E_solv = -6376.94646918926 kcal/mol
E_surf = 0 kcal/mol
E_coul = -242917.64475899874 kcal/mol

Time = 4845.740218639374 s
