Run started on:
	Date: 2020/5/25
	Time: 16:8:0
	PyGBe version: 0.3.2+5.gea0f875
Config file: /cobra/u/gvargas/code/hPB/pygbe/pygbe/myCrownFinShots/sarsCov2002noACE2/snap4/snap4.config
Parameter file: /cobra/u/gvargas/code/hPB/pygbe/pygbe/myCrownFinShots/sarsCov2002noACE2/snap4/snap4.param
Geometry folder: /cobra/u/gvargas/code/hPB/pygbe/pygbe/myCrownFinShots/sarsCov2002noACE2/snap4/geometry
Running in: /cobra/u/gvargas/code/hPB/pygbe/pygbe/myCrownFinShots/sarsCov2002noACE2/snap4

Reading surface 0 from file geometry/crownVF2002noACE2
Time load mesh: 8.836607456207275
Removed areas=0: 238

Total elements : 527416
Total equations: 1054832
----------------------------

1 surfaces:

Surface 0:
	527416 elements
	Surface type         : dielectric_interface
	Cells                : 4353
	Twigs                : 3697
	Levels               : 7
	C0 size              : 91.93371176468926
	C0 box center        : 98.60417525444811, 82.25541614146454, 107.42962515800306
	Twig cell size       : 1.4364642463232697
	Rbox/theta           : 2.8729284926465395
	Analytic distance    : 1.2974044453900937
	Elem. per Ang^2      : 4.157974308752737
	Max, min, avg elem.  : 1.4369890680907282, 4.99999999995893e-07, 0.24050172650055857
	Total area           : 126844.45858401859
------------------------------

2 regions:

Region 0:
	Laplace or Yukawa: 2
	kappa            : 0.125
	dielectric const : 80.0
	Number of charges: 0
	Parent surface   : []
	Child surfaces   : [0]
Region 1:
	Laplace or Yukawa: 1
	kappa            : 1e-12
	dielectric const : 4.0
	Number of charges: 50820
	Parent surface   : [0]
	Child surfaces   : []
------------------------------

Parameters:
	Data type               : <class 'numpy.float64'>
	Use GPU                 : 1
	P                       : 4
	threshold               : 0.50
	theta                   : 0.50
	NCRIT                   : 500
	CUDA block size         : 128
	Gauss points per element: 1
	Gauss points near singlr: 25
	1D Gauss points per side: 9
	GMRES tolerance         : 1e-05
	GMRES max iterations    : 1000
	GMRES restart iteration : 100
----------------------------

Generate interaction list
Transfer data to GPU
Generate RHS
List time          : 4.034134149551392s
Data transfer time : 0.5116610527038574s
RHS generation time: 2.7011258602142334s
------------------------------
Total setup time   : 70.62998366355896s
Solve
Iteration: 1, relative residual: 0.727214563695539
Iteration: 2, relative residual: 0.4721761327649897
Iteration: 3, relative residual: 0.3981041855967268
Iteration: 4, relative residual: 0.3111649431838885
Iteration: 5, relative residual: 0.283515003596894
Iteration: 6, relative residual: 0.23355782429239216
Iteration: 7, relative residual: 0.17559314292212566
Iteration: 8, relative residual: 0.1463222350216559
Iteration: 9, relative residual: 0.1290961487958135
Iteration: 10, relative residual: 0.09205779145361444
Iteration: 11, relative residual: 0.07806574499933186
Iteration: 12, relative residual: 0.06742593272273853
Iteration: 13, relative residual: 0.05679722371953067
Iteration: 14, relative residual: 0.04583951933925242
Iteration: 15, relative residual: 0.04568198781898228
Iteration: 16, relative residual: 0.04181510770064729
Iteration: 17, relative residual: 0.0354574301544026
Iteration: 18, relative residual: 0.033203466692811844
Iteration: 19, relative residual: 0.0267786637349097
Iteration: 20, relative residual: 0.021212542064843746
Iteration: 21, relative residual: 0.018626485481850624
Iteration: 22, relative residual: 0.01694807196034253
Iteration: 23, relative residual: 0.014193137280675425
Iteration: 24, relative residual: 0.01347626655731079
Iteration: 25, relative residual: 0.012835819174155294
Iteration: 26, relative residual: 0.012614677364823948
Iteration: 27, relative residual: 0.011375443792425478
Iteration: 28, relative residual: 0.010577220154881793
Iteration: 29, relative residual: 0.009228186580009802
Iteration: 30, relative residual: 0.008064231522713173
Iteration: 31, relative residual: 0.007491165704416658
Iteration: 32, relative residual: 0.006840350734008058
Iteration: 33, relative residual: 0.0065938654990498075
Iteration: 34, relative residual: 0.006593863604408523
Iteration: 35, relative residual: 0.006442498646971428
Iteration: 36, relative residual: 0.005950095101735499
Iteration: 37, relative residual: 0.0054453124236549305
Iteration: 38, relative residual: 0.0048364379397029525
Iteration: 39, relative residual: 0.004369348013086558
Iteration: 40, relative residual: 0.004129476344276786
Iteration: 41, relative residual: 0.0038589784856263897
Iteration: 42, relative residual: 0.0037373776565278877
Iteration: 43, relative residual: 0.003733502956708963
Iteration: 44, relative residual: 0.003714730708453664
Iteration: 45, relative residual: 0.0035679586130987185
Iteration: 46, relative residual: 0.0034293917217597023
Iteration: 47, relative residual: 0.0033677831031625827
Iteration: 48, relative residual: 0.003323074546414982
Iteration: 49, relative residual: 0.0033067927203894727
Iteration: 50, relative residual: 0.0033066234673375565
Iteration: 51, relative residual: 0.0032811809311394206
Iteration: 52, relative residual: 0.003182774308788461
Iteration: 53, relative residual: 0.0031329389287887894
Iteration: 54, relative residual: 0.003102641626946924
Iteration: 55, relative residual: 0.003102629216921627
Iteration: 56, relative residual: 0.0030664998842845127
Iteration: 57, relative residual: 0.0029920768495958557
Iteration: 58, relative residual: 0.00292012529986274
Iteration: 59, relative residual: 0.002808898639079237
Iteration: 60, relative residual: 0.0027669025239534834
Iteration: 61, relative residual: 0.002766860941301105
Iteration: 62, relative residual: 0.0027523344103128787
Iteration: 63, relative residual: 0.0026709422198977085
Iteration: 64, relative residual: 0.002591094405943385
Iteration: 65, relative residual: 0.0025171363444080417
Iteration: 66, relative residual: 0.0024641074363997645
Iteration: 67, relative residual: 0.002443597942331629
Iteration: 68, relative residual: 0.0024384251353435473
Iteration: 69, relative residual: 0.0024355107906474742
Iteration: 70, relative residual: 0.002430774520926513
Iteration: 71, relative residual: 0.00241685820911567
Iteration: 72, relative residual: 0.002393772777103362
Iteration: 73, relative residual: 0.0023874512601152406
Iteration: 74, relative residual: 0.0023767584645654643
Iteration: 75, relative residual: 0.0023761752031499954
Iteration: 76, relative residual: 0.0023754020810720414
Iteration: 77, relative residual: 0.0023689569759473565
Iteration: 78, relative residual: 0.002347217599664442
Iteration: 79, relative residual: 0.0023221826163524117
Iteration: 80, relative residual: 0.0023133547775107495
Iteration: 81, relative residual: 0.0023071878470551014
Iteration: 82, relative residual: 0.0023065689787841715
Iteration: 83, relative residual: 0.002259466925455443
Iteration: 84, relative residual: 0.0022359361895627084
Iteration: 85, relative residual: 0.0021695250285302787
Iteration: 86, relative residual: 0.0020656734076074336
Iteration: 87, relative residual: 0.0019933027616216587
Iteration: 88, relative residual: 0.0019515680783514992
Iteration: 89, relative residual: 0.0019297962059107718
Iteration: 90, relative residual: 0.0019258354344016365
Iteration: 91, relative residual: 0.0019256268676272465
Iteration: 92, relative residual: 0.001876474956147185
Iteration: 93, relative residual: 0.0018474251645106755
Iteration: 94, relative residual: 0.0017521920621216779
Iteration: 95, relative residual: 0.0016841810721763717
Iteration: 96, relative residual: 0.0016463895981109389
Iteration: 97, relative residual: 0.001611160155753747
Iteration: 98, relative residual: 0.0016095787000242519
Iteration: 99, relative residual: 0.0016070121861626577
Iteration: 100, relative residual: 0.0016070121861626577
Residual: 0.0016070121861626577. Restart...
Iteration: 101, relative residual: 0.0016046872487193635
Iteration: 102, relative residual: 0.0016046870720134022
Iteration: 103, relative residual: 0.0016046840264986129
Iteration: 104, relative residual: 0.0016046479042818953
Iteration: 105, relative residual: 0.0016045600117886027
Iteration: 106, relative residual: 0.0016043310060788703
Iteration: 107, relative residual: 0.0016040869292462186
Iteration: 108, relative residual: 0.0016039883947426678
Iteration: 109, relative residual: 0.0016039224107574702
Iteration: 110, relative residual: 0.0016035840081924941
Iteration: 111, relative residual: 0.0016035266628138878
Iteration: 112, relative residual: 0.0016035259152156324
Iteration: 113, relative residual: 0.001602753402227336
Iteration: 114, relative residual: 0.0016006489483220644
Iteration: 115, relative residual: 0.0015961335591750312
Iteration: 116, relative residual: 0.0015934304672040054
Iteration: 117, relative residual: 0.0015931386582298875
Iteration: 118, relative residual: 0.0015920188747554358
Iteration: 119, relative residual: 0.001589861875070645
Iteration: 120, relative residual: 0.001586311992731222
Iteration: 121, relative residual: 0.0015825855655375997
Iteration: 122, relative residual: 0.0015788652264277058
Iteration: 123, relative residual: 0.0015700394619004023
Iteration: 124, relative residual: 0.0015611404997113807
Iteration: 125, relative residual: 0.001552667938366594
Iteration: 126, relative residual: 0.0015494291506654029
Iteration: 127, relative residual: 0.0015486731353604088
Iteration: 128, relative residual: 0.0015459495330709643
Iteration: 129, relative residual: 0.0015404668891967402
Iteration: 130, relative residual: 0.0015374240840440488
Iteration: 131, relative residual: 0.001528029585104347
Iteration: 132, relative residual: 0.001522514410109135
Iteration: 133, relative residual: 0.0015164882055170319
Iteration: 134, relative residual: 0.0015163476116754483
Iteration: 135, relative residual: 0.0015153040418915845
Iteration: 136, relative residual: 0.0015132452234970853
Iteration: 137, relative residual: 0.0015045350454220199
Iteration: 138, relative residual: 0.0014977905988837745
Iteration: 139, relative residual: 0.001493351427638129
Iteration: 140, relative residual: 0.0014933513604130989
Iteration: 141, relative residual: 0.0014917586888798127
Iteration: 142, relative residual: 0.0014887359898142895
Iteration: 143, relative residual: 0.001481221359350126
Iteration: 144, relative residual: 0.0014746662919756074
Iteration: 145, relative residual: 0.0014666145596451772
Iteration: 146, relative residual: 0.0014619697349721856
Iteration: 147, relative residual: 0.001461091706946422
Iteration: 148, relative residual: 0.0014608716767373902
Iteration: 149, relative residual: 0.0014531050339420231
Iteration: 150, relative residual: 0.001445171041424389
Iteration: 151, relative residual: 0.0014435484086937156
Iteration: 152, relative residual: 0.0014434474675814235
Iteration: 153, relative residual: 0.0014430850864815483
Iteration: 154, relative residual: 0.0014394221247281058
Iteration: 155, relative residual: 0.0014284177015996514
Iteration: 156, relative residual: 0.0014186117368183721
Iteration: 157, relative residual: 0.001404905530116771
Iteration: 158, relative residual: 0.0014029423328021653
Iteration: 159, relative residual: 0.0014020150318503532
Iteration: 160, relative residual: 0.0014018336504030542
Iteration: 161, relative residual: 0.0013988760599950635
Iteration: 162, relative residual: 0.0013953763282723232
Iteration: 163, relative residual: 0.0013922909205422648
Iteration: 164, relative residual: 0.0013871475420818246
Iteration: 165, relative residual: 0.0013844154966750264
Iteration: 166, relative residual: 0.0013838867696808882
Iteration: 167, relative residual: 0.0013837785386404742
Iteration: 168, relative residual: 0.0013795768634555137
Iteration: 169, relative residual: 0.0013760305901287736
Iteration: 170, relative residual: 0.0013635196675775443
Iteration: 171, relative residual: 0.0013584813474350368
Iteration: 172, relative residual: 0.0013547455574678211
Iteration: 173, relative residual: 0.0013532021022169727
Iteration: 174, relative residual: 0.001350158515216574
Iteration: 175, relative residual: 0.0013499413762005392
Iteration: 176, relative residual: 0.0013492596693832361
Iteration: 177, relative residual: 0.0013429217743408074
Iteration: 178, relative residual: 0.0013400922532053388
Iteration: 179, relative residual: 0.0013394322624930412
Iteration: 180, relative residual: 0.0013347087025714973
Iteration: 181, relative residual: 0.0013306166687330713
Iteration: 182, relative residual: 0.001330001451323941
Iteration: 183, relative residual: 0.0013293482552573916
Iteration: 184, relative residual: 0.00132919681973906
Iteration: 185, relative residual: 0.0013214511701270953
Iteration: 186, relative residual: 0.0013132098905682854
Iteration: 187, relative residual: 0.0013043439885110787
Iteration: 188, relative residual: 0.0012674966362228475
Iteration: 189, relative residual: 0.001240733932043175
Iteration: 190, relative residual: 0.001233090064705013
Iteration: 191, relative residual: 0.001217116033372703
Iteration: 192, relative residual: 0.0012102589111621538
Iteration: 193, relative residual: 0.0012092429562243676
Iteration: 194, relative residual: 0.0012082564341630204
Iteration: 195, relative residual: 0.0012067389520952294
Iteration: 196, relative residual: 0.0012052216397135597
Iteration: 197, relative residual: 0.0012017984707084837
Iteration: 198, relative residual: 0.0011978963802660306
Iteration: 199, relative residual: 0.0011893512406865585
Iteration: 200, relative residual: 0.0011893512406865585
Residual: 0.0011893512406865585. Restart...
Iteration: 201, relative residual: 0.0011850811309765035
Iteration: 202, relative residual: 0.0011850806045102084
Iteration: 203, relative residual: 0.001185080602864449
Iteration: 204, relative residual: 0.001185069892228479
Iteration: 205, relative residual: 0.001185043667477026
Iteration: 206, relative residual: 0.0011849571000124334
Iteration: 207, relative residual: 0.0011849272359721098
Iteration: 208, relative residual: 0.001184917238794255
Iteration: 209, relative residual: 0.0011847729877619614
Iteration: 210, relative residual: 0.0011842080976091033
Iteration: 211, relative residual: 0.0011834524231595649
Iteration: 212, relative residual: 0.0011821595509282305
Iteration: 213, relative residual: 0.0011811023344687822
Iteration: 214, relative residual: 0.0011806610198775204
Iteration: 215, relative residual: 0.0011806573766002654
Iteration: 216, relative residual: 0.0011804476945935346
Iteration: 217, relative residual: 0.0011797841654089174
Iteration: 218, relative residual: 0.0011790946891676772
Iteration: 219, relative residual: 0.001178676228703495
Iteration: 220, relative residual: 0.0011780880718335479
Iteration: 221, relative residual: 0.0011778226327524878
Iteration: 222, relative residual: 0.0011778029425284964
Iteration: 223, relative residual: 0.0011776065301506366
Iteration: 224, relative residual: 0.0011762249407437446
Iteration: 225, relative residual: 0.001173756363611467
Iteration: 226, relative residual: 0.0011723226964140366
Iteration: 227, relative residual: 0.0011718031077462038
Iteration: 228, relative residual: 0.00117179981561248
Iteration: 229, relative residual: 0.0011715040334849193
Iteration: 230, relative residual: 0.0011704197543937012
Iteration: 231, relative residual: 0.0011687994973524588
Iteration: 232, relative residual: 0.0011660673403948436
Iteration: 233, relative residual: 0.0011621731443249006
Iteration: 234, relative residual: 0.0011588895122778015
Iteration: 235, relative residual: 0.0011570420545991794
Iteration: 236, relative residual: 0.0011569450772701622
Iteration: 237, relative residual: 0.0011565574453012671
Iteration: 238, relative residual: 0.0011534307696280622
Iteration: 239, relative residual: 0.0011467094914094525
Iteration: 240, relative residual: 0.0011458502148989833
Iteration: 241, relative residual: 0.0011457234478546967
Iteration: 242, relative residual: 0.0011436294210538686
Iteration: 243, relative residual: 0.001139982375743153
Iteration: 244, relative residual: 0.0011338708558005061
Iteration: 245, relative residual: 0.0011295758872799455
Iteration: 246, relative residual: 0.0011272586916996124
Iteration: 247, relative residual: 0.0011271713146473554
Iteration: 248, relative residual: 0.0011269271135907904
Iteration: 249, relative residual: 0.001125808981212728
Iteration: 250, relative residual: 0.0011236695676440044
Iteration: 251, relative residual: 0.0011227161354368637
Iteration: 252, relative residual: 0.0011223279604320837
Iteration: 253, relative residual: 0.001122148990352134
Iteration: 254, relative residual: 0.0011212377816129692
Iteration: 255, relative residual: 0.0011192194389518233
Iteration: 256, relative residual: 0.0011155310881479344
Iteration: 257, relative residual: 0.0011109845170310044
Iteration: 258, relative residual: 0.0011082250301329654
Iteration: 259, relative residual: 0.0011058043936674371
Iteration: 260, relative residual: 0.0011049323456501835
Iteration: 261, relative residual: 0.001104535803116398
Iteration: 262, relative residual: 0.0011041487651893527
Iteration: 263, relative residual: 0.0011007908975027988
Iteration: 264, relative residual: 0.0010957018382091192
Iteration: 265, relative residual: 0.0010938784796078365
Iteration: 266, relative residual: 0.0010937386596059535
Iteration: 267, relative residual: 0.001093734297208502
Iteration: 268, relative residual: 0.0010936584967130686
Iteration: 269, relative residual: 0.0010935384709329712
Iteration: 270, relative residual: 0.0010926541472416544
Iteration: 271, relative residual: 0.0010885100026643258
Iteration: 272, relative residual: 0.0010846973300866513
Iteration: 273, relative residual: 0.0010835173005968003
Iteration: 274, relative residual: 0.0010820385754368661
Iteration: 275, relative residual: 0.0010802884672291926
Iteration: 276, relative residual: 0.0010791828852071202
Iteration: 277, relative residual: 0.0010789849179662595
Iteration: 278, relative residual: 0.001078066048393339
Iteration: 279, relative residual: 0.0010742607430449566
Iteration: 280, relative residual: 0.0010696526296025992
Iteration: 281, relative residual: 0.0010666601950117466
Iteration: 282, relative residual: 0.001064324377520208
Iteration: 283, relative residual: 0.0010623974631959097
Iteration: 284, relative residual: 0.001061692273115555
Iteration: 285, relative residual: 0.0010615260282805074
Iteration: 286, relative residual: 0.0010611857970109953
Iteration: 287, relative residual: 0.0010604615720561524
Iteration: 288, relative residual: 0.0010589489753665717
Iteration: 289, relative residual: 0.0010543740552299316
Iteration: 290, relative residual: 0.0010475915812190565
Iteration: 291, relative residual: 0.0010454421086530596
Iteration: 292, relative residual: 0.0010429106060737552
Iteration: 293, relative residual: 0.001042226891310961
Iteration: 294, relative residual: 0.0010422267702079344
Iteration: 295, relative residual: 0.0010420380487396225
Iteration: 296, relative residual: 0.0010343154154462896
Iteration: 297, relative residual: 0.001024975154150042
Iteration: 298, relative residual: 0.0010190936729325484
Iteration: 299, relative residual: 0.0010128184166363753
Iteration: 300, relative residual: 0.0010128184166363753
Residual: 0.0010128184166363753. Restart...
Iteration: 301, relative residual: 0.001002259881287869
Iteration: 302, relative residual: 0.001002255369372705
Iteration: 303, relative residual: 0.0010022553661721218
Iteration: 304, relative residual: 0.0010022306946786755
Iteration: 305, relative residual: 0.0010022044966816928
Iteration: 306, relative residual: 0.0010022043559568304
Iteration: 307, relative residual: 0.0010021537522380108
Iteration: 308, relative residual: 0.001002069512314339
Iteration: 309, relative residual: 0.0010019253945051144
Iteration: 310, relative residual: 0.001001786453290489
Iteration: 311, relative residual: 0.0010016850970284577
Iteration: 312, relative residual: 0.0010016309173808194
Iteration: 313, relative residual: 0.001001630813898177
Iteration: 314, relative residual: 0.0010015374793199865
Iteration: 315, relative residual: 0.0010013182413628752
Iteration: 316, relative residual: 0.0010009992590913192
Iteration: 317, relative residual: 0.001000918833948272
Iteration: 318, relative residual: 0.0010009085208450845
Iteration: 319, relative residual: 0.001000857034483508
Iteration: 320, relative residual: 0.001000647093039577
Iteration: 321, relative residual: 0.0010002338796568442
Iteration: 322, relative residual: 0.001000011734771874
Iteration: 323, relative residual: 0.0010000103796855427
Iteration: 324, relative residual: 0.0009998734498845676
Iteration: 325, relative residual: 0.0009996134695703508
Iteration: 326, relative residual: 0.0009991673919731241
Iteration: 327, relative residual: 0.0009985039264981768
Iteration: 328, relative residual: 0.0009972337183626642
Iteration: 329, relative residual: 0.0009947690091696281
Iteration: 330, relative residual: 0.0009914119392090703
Iteration: 331, relative residual: 0.000987606196459463
Iteration: 332, relative residual: 0.0009871092441633411
Iteration: 333, relative residual: 0.0009869650030095325
Iteration: 334, relative residual: 0.0009867190997612785
Iteration: 335, relative residual: 0.000985846896920942
Iteration: 336, relative residual: 0.0009837394239850367
Iteration: 337, relative residual: 0.0009828584587928872
Iteration: 338, relative residual: 0.0009804350782688606
Iteration: 339, relative residual: 0.0009799615613233436
Iteration: 340, relative residual: 0.0009799293361919975
Iteration: 341, relative residual: 0.0009779166106853954
Iteration: 342, relative residual: 0.0009753955989065737
Iteration: 343, relative residual: 0.0009706645916770224
Iteration: 344, relative residual: 0.0009669694647999172
Iteration: 345, relative residual: 0.0009633174483324123
Iteration: 346, relative residual: 0.0009614807336466227
Iteration: 347, relative residual: 0.0009611598354688171
Iteration: 348, relative residual: 0.0009607280724475985
Iteration: 349, relative residual: 0.000960076655456996
Iteration: 350, relative residual: 0.0009593273423803986
Iteration: 351, relative residual: 0.0009587995031574429
Iteration: 352, relative residual: 0.0009583218497492171
Iteration: 353, relative residual: 0.0009583099402181575
Iteration: 354, relative residual: 0.000958176306853796
Iteration: 355, relative residual: 0.0009574045680692558
Iteration: 356, relative residual: 0.0009565207181742513
Iteration: 357, relative residual: 0.0009560781143460122
Iteration: 358, relative residual: 0.0009554406181901513
Iteration: 359, relative residual: 0.0009549931580864744
Iteration: 360, relative residual: 0.0009549907514650656
Iteration: 361, relative residual: 0.000954525577974714
Iteration: 362, relative residual: 0.0009544769152725784
Iteration: 363, relative residual: 0.0009542904350218537
Iteration: 364, relative residual: 0.000954152919265149
Iteration: 365, relative residual: 0.0009533658402407492
Iteration: 366, relative residual: 0.0009526825372098236
Iteration: 367, relative residual: 0.0009526704054594417
Iteration: 368, relative residual: 0.0009525825291150239
Iteration: 369, relative residual: 0.0009525682147074122
Iteration: 370, relative residual: 0.0009514606991462869
Iteration: 371, relative residual: 0.0009501936670708489
Iteration: 372, relative residual: 0.0009497123750457611
Iteration: 373, relative residual: 0.0009492886925431891
Iteration: 374, relative residual: 0.0009484572208056824
Iteration: 375, relative residual: 0.0009482828411751964
Iteration: 376, relative residual: 0.000947993450585601
Iteration: 377, relative residual: 0.0009478975346931605
Iteration: 378, relative residual: 0.0009472609968333257
Iteration: 379, relative residual: 0.000946042113975168
Iteration: 380, relative residual: 0.0009435647180941056
Iteration: 381, relative residual: 0.0009407359538187852
Iteration: 382, relative residual: 0.0009402251731642717
Iteration: 383, relative residual: 0.0009402212601482261
Iteration: 384, relative residual: 0.0009392463297501397
Iteration: 385, relative residual: 0.0009369938144345145
Iteration: 386, relative residual: 0.0009294273922086356
Iteration: 387, relative residual: 0.0009275029417232123
Iteration: 388, relative residual: 0.000926754279908227
Iteration: 389, relative residual: 0.0009266300181700355
Iteration: 390, relative residual: 0.0009265148898838326
Iteration: 391, relative residual: 0.0009259362945609838
Iteration: 392, relative residual: 0.0009254486844129293
Iteration: 393, relative residual: 0.0009253177817864911
Iteration: 394, relative residual: 0.0009241575985097348
Iteration: 395, relative residual: 0.0009218068727031619
Iteration: 396, relative residual: 0.0009206273460095162
Iteration: 397, relative residual: 0.0009205127875558831
Iteration: 398, relative residual: 0.0009202863077171896
Iteration: 399, relative residual: 0.0009192026154749036
Iteration: 400, relative residual: 0.0009192026154749036
Residual: 0.0009192026154749036. Restart...
Iteration: 401, relative residual: 0.0009178114980149376
Iteration: 402, relative residual: 0.0009178111657005772
Iteration: 403, relative residual: 0.0009178108116447175
Iteration: 404, relative residual: 0.0009178107749324259
Iteration: 405, relative residual: 0.000917810416163077
Iteration: 406, relative residual: 0.0009178104016949504
Iteration: 407, relative residual: 0.0009178098102771999
Iteration: 408, relative residual: 0.0009178089137055017
Iteration: 409, relative residual: 0.0009178089071812462
Iteration: 410, relative residual: 0.0009178076708773621
Iteration: 411, relative residual: 0.0009178046990688429
Iteration: 412, relative residual: 0.00091780111570118
Iteration: 413, relative residual: 0.000917800616436497
Iteration: 414, relative residual: 0.0009177989757696435
Iteration: 415, relative residual: 0.0009177950028556561
Iteration: 416, relative residual: 0.0009177925058929813
Iteration: 417, relative residual: 0.0009177853952409532
Iteration: 418, relative residual: 0.0009177717493295931
Iteration: 419, relative residual: 0.0009177428138123892
Iteration: 420, relative residual: 0.0009176836872542822
Iteration: 421, relative residual: 0.0009176118805408267
Iteration: 422, relative residual: 0.0009175818360934115
Iteration: 423, relative residual: 0.00091757406241878
Iteration: 424, relative residual: 0.0009175693847313808
Iteration: 425, relative residual: 0.0009175214129359251
Iteration: 426, relative residual: 0.0009174135375957346
Iteration: 427, relative residual: 0.0009172063296921846
Iteration: 428, relative residual: 0.0009169096546071991
Iteration: 429, relative residual: 0.0009165736036714011
Iteration: 430, relative residual: 0.0009162331428543427
Iteration: 431, relative residual: 0.0009158305069030072
Iteration: 432, relative residual: 0.0009152427176598631
Iteration: 433, relative residual: 0.0009148245260700014
Iteration: 434, relative residual: 0.0009144227744759246
Iteration: 435, relative residual: 0.0009141892561685394
Iteration: 436, relative residual: 0.0009141666208941594
Iteration: 437, relative residual: 0.0009141265485134462
Iteration: 438, relative residual: 0.0009139431295130742
Iteration: 439, relative residual: 0.0009134524059224782
Iteration: 440, relative residual: 0.0009124444189559817
Iteration: 441, relative residual: 0.0009118581236996803
Iteration: 442, relative residual: 0.0009117298699519176
Iteration: 443, relative residual: 0.0009117270825949211
Iteration: 444, relative residual: 0.0009115815094743055
Iteration: 445, relative residual: 0.0009113958358335006
Iteration: 446, relative residual: 0.0009110644124493476
Iteration: 447, relative residual: 0.0009105755833164469
Iteration: 448, relative residual: 0.0009103446256254918
Iteration: 449, relative residual: 0.000910344442191218
Iteration: 450, relative residual: 0.0009101888682367516
Iteration: 451, relative residual: 0.0009097926959949329
Iteration: 452, relative residual: 0.0009095171012890034
Iteration: 453, relative residual: 0.0009094889367727178
Iteration: 454, relative residual: 0.000909484773286841
Iteration: 455, relative residual: 0.0009094726163620196
Iteration: 456, relative residual: 0.0009094253007396419
Iteration: 457, relative residual: 0.0009089087934463926
Iteration: 458, relative residual: 0.0009077325791645072
Iteration: 459, relative residual: 0.0009067797349414495
Iteration: 460, relative residual: 0.0009065103849956149
Iteration: 461, relative residual: 0.0009062487655588061
Iteration: 462, relative residual: 0.0009061662287147707
Iteration: 463, relative residual: 0.0009060189843555338
Iteration: 464, relative residual: 0.0009056362526274405
Iteration: 465, relative residual: 0.000905169622420682
Iteration: 466, relative residual: 0.0009049242212191683
Iteration: 467, relative residual: 0.0009049241918345094
Iteration: 468, relative residual: 0.000904758126267285
Iteration: 469, relative residual: 0.0009046148588334427
Iteration: 470, relative residual: 0.0009038155064012174
Iteration: 471, relative residual: 0.0009033700570069951
Iteration: 472, relative residual: 0.0009029272625445194
Iteration: 473, relative residual: 0.0009023046357768266
Iteration: 474, relative residual: 0.0009018460224049236
Iteration: 475, relative residual: 0.0009017171065598915
Iteration: 476, relative residual: 0.0009017005206148652
Iteration: 477, relative residual: 0.0009014593198353603
Iteration: 478, relative residual: 0.0009013317708977562
Iteration: 479, relative residual: 0.0009012206098203368
Iteration: 480, relative residual: 0.0009010664507419958
Iteration: 481, relative residual: 0.0009010653433061151
Iteration: 482, relative residual: 0.0009009116059542355
Iteration: 483, relative residual: 0.0009009114616696651
Iteration: 484, relative residual: 0.0009006030692099181
Iteration: 485, relative residual: 0.0009001888461347336
Iteration: 486, relative residual: 0.0008993281807886559
Iteration: 487, relative residual: 0.0008990587292972685
Iteration: 488, relative residual: 0.0008990413344801682
Iteration: 489, relative residual: 0.000898919722788819
Iteration: 490, relative residual: 0.0008984523079206088
Iteration: 491, relative residual: 0.0008979963593894497
Iteration: 492, relative residual: 0.000897907288178688
Iteration: 493, relative residual: 0.0008973696669719632
Iteration: 494, relative residual: 0.0008964464348564692
Iteration: 495, relative residual: 0.0008955808069903703
Iteration: 496, relative residual: 0.0008935479512531933
Iteration: 497, relative residual: 0.0008922863721738206
Iteration: 498, relative residual: 0.0008914861616501896
Iteration: 499, relative residual: 0.0008903703050666202
Iteration: 500, relative residual: 0.0008903703050666202
Residual: 0.0008903703050666202. Restart...
Iteration: 501, relative residual: 0.0008898163695138295
Iteration: 502, relative residual: 0.0008898162062505577
Iteration: 503, relative residual: 0.0008898161858508738
Iteration: 504, relative residual: 0.0008898159694400961
Iteration: 505, relative residual: 0.0008898157991663987
Iteration: 506, relative residual: 0.0008898157846472667
Iteration: 507, relative residual: 0.0008898152800556274
Iteration: 508, relative residual: 0.0008898136152284359
Iteration: 509, relative residual: 0.0008898117263667644
Iteration: 510, relative residual: 0.0008898102414858868
Iteration: 511, relative residual: 0.0008898094820334758
Iteration: 512, relative residual: 0.0008898094483772264
Iteration: 513, relative residual: 0.0008898089416867934
Iteration: 514, relative residual: 0.0008898059393015786
Iteration: 515, relative residual: 0.0008897990786725467
Iteration: 516, relative residual: 0.0008897850785296425
Iteration: 517, relative residual: 0.0008897720988375297
Iteration: 518, relative residual: 0.0008897569446831297
Iteration: 519, relative residual: 0.0008897447310587933
Iteration: 520, relative residual: 0.0008897405946874054
Iteration: 521, relative residual: 0.0008897393732499617
Iteration: 522, relative residual: 0.0008897168755547371
Iteration: 523, relative residual: 0.00088969533414584
Iteration: 524, relative residual: 0.0008896599687881381
Iteration: 525, relative residual: 0.0008896252731455088
Iteration: 526, relative residual: 0.0008896210045686482
Iteration: 527, relative residual: 0.0008896067374970025
Iteration: 528, relative residual: 0.0008895296122594442
Iteration: 529, relative residual: 0.0008893592478703799
Iteration: 530, relative residual: 0.0008889885580428051
Iteration: 531, relative residual: 0.0008884457611658537
Iteration: 532, relative residual: 0.0008878228071409157
Iteration: 533, relative residual: 0.000887288833094503
Iteration: 534, relative residual: 0.0008871183151619308
Iteration: 535, relative residual: 0.0008870670850651918
Iteration: 536, relative residual: 0.0008870161453553327
Iteration: 537, relative residual: 0.000886866329203452
Iteration: 538, relative residual: 0.0008864062765755237
Iteration: 539, relative residual: 0.0008859574193182467
Iteration: 540, relative residual: 0.0008856847798507641
Iteration: 541, relative residual: 0.0008856324256981519
Iteration: 542, relative residual: 0.0008855831734201554
Iteration: 543, relative residual: 0.0008853375367701154
Iteration: 544, relative residual: 0.0008849047261785286
Iteration: 545, relative residual: 0.0008841399211031167
Iteration: 546, relative residual: 0.0008831307393302769
Iteration: 547, relative residual: 0.0008820561722946372
Iteration: 548, relative residual: 0.0008816411265037113
Iteration: 549, relative residual: 0.0008816401112141513
Iteration: 550, relative residual: 0.0008815515609087508
Iteration: 551, relative residual: 0.0008812372191800053
Iteration: 552, relative residual: 0.0008809232812648793
Iteration: 553, relative residual: 0.0008807641527974667
Iteration: 554, relative residual: 0.0008805549107740924
Iteration: 555, relative residual: 0.0008805478912183482
Iteration: 556, relative residual: 0.0008805192408490386
Iteration: 557, relative residual: 0.0008803766605354774
Iteration: 558, relative residual: 0.0008799636177801755
Iteration: 559, relative residual: 0.0008795988083066161
Iteration: 560, relative residual: 0.0008795554491238818
Iteration: 561, relative residual: 0.0008795539536441941
Iteration: 562, relative residual: 0.0008795080659805362
Iteration: 563, relative residual: 0.0008793641509357926
Iteration: 564, relative residual: 0.0008793160295696022
Iteration: 565, relative residual: 0.0008792657990092183
Iteration: 566, relative residual: 0.0008791038378398403
Iteration: 567, relative residual: 0.0008789018584170465
Iteration: 568, relative residual: 0.0008787415066340762
Iteration: 569, relative residual: 0.0008787401461050225
Iteration: 570, relative residual: 0.000878493097516858
Iteration: 571, relative residual: 0.0008782172811741216
Iteration: 572, relative residual: 0.0008779235681121446
Iteration: 573, relative residual: 0.0008775109496275922
Iteration: 574, relative residual: 0.0008768581445898199
Iteration: 575, relative residual: 0.0008764720675113732
Iteration: 576, relative residual: 0.0008764719486238064
Iteration: 577, relative residual: 0.0008763083600830111
Iteration: 578, relative residual: 0.000875788713102916
Iteration: 579, relative residual: 0.0008753351601941302
Iteration: 580, relative residual: 0.0008748982648336992
Iteration: 581, relative residual: 0.0008742793778199892
Iteration: 582, relative residual: 0.0008738325767586843
Iteration: 583, relative residual: 0.0008735842074824104
Iteration: 584, relative residual: 0.0008735825331627335
Iteration: 585, relative residual: 0.0008733533022024436
Iteration: 586, relative residual: 0.0008729388050346815
Iteration: 587, relative residual: 0.0008726836935390535
Iteration: 588, relative residual: 0.0008721659443624061
Iteration: 589, relative residual: 0.0008718209271213493
Iteration: 590, relative residual: 0.0008713165428704566
Iteration: 591, relative residual: 0.0008707829937930892
Iteration: 592, relative residual: 0.0008707808101468609
Iteration: 593, relative residual: 0.0008706888987475988
Iteration: 594, relative residual: 0.0008704526112536887
Iteration: 595, relative residual: 0.000870425250260188
Iteration: 596, relative residual: 0.0008704221446820382
Iteration: 597, relative residual: 0.0008704203029334677
Iteration: 598, relative residual: 0.00087041119113637
Iteration: 599, relative residual: 0.0008701625914814037
Iteration: 600, relative residual: 0.0008701625914814037
Residual: 0.0008701625914814037. Restart...
Iteration: 601, relative residual: 0.0008700410324307766
Iteration: 602, relative residual: 0.0008700409921383203
Iteration: 603, relative residual: 0.0008700409728227679
Iteration: 604, relative residual: 0.0008700409662217868
Iteration: 605, relative residual: 0.0008700409357834896
Iteration: 606, relative residual: 0.0008700409349127042
Iteration: 607, relative residual: 0.0008700408559848457
Iteration: 608, relative residual: 0.0008700403403349759
Iteration: 609, relative residual: 0.0008700397581312911
Iteration: 610, relative residual: 0.0008700388058062323
Iteration: 611, relative residual: 0.0008700381195070539
Iteration: 612, relative residual: 0.000870037650860513
Iteration: 613, relative residual: 0.0008700376416744245
Iteration: 614, relative residual: 0.000870037123995309
Iteration: 615, relative residual: 0.0008700359408599233
Iteration: 616, relative residual: 0.0008700338977764189
Iteration: 617, relative residual: 0.0008700322344488063
Iteration: 618, relative residual: 0.0008700304172509896
Iteration: 619, relative residual: 0.000870029490197946
Iteration: 620, relative residual: 0.0008700284523213952
Iteration: 621, relative residual: 0.0008700281612694793
Iteration: 622, relative residual: 0.0008700281073101123
Iteration: 623, relative residual: 0.0008700281059217084
Iteration: 624, relative residual: 0.0008700270940881049
Iteration: 625, relative residual: 0.0008700220660830225
Iteration: 626, relative residual: 0.0008700153344089746
Iteration: 627, relative residual: 0.000870008207956004
Iteration: 628, relative residual: 0.0008700044737398948
Iteration: 629, relative residual: 0.0008700033754390246
Iteration: 630, relative residual: 0.0008700031420652052
Iteration: 631, relative residual: 0.0008699930487726223
Iteration: 632, relative residual: 0.0008699709828838248
Iteration: 633, relative residual: 0.0008699513050884607
Iteration: 634, relative residual: 0.000869934525201623
Iteration: 635, relative residual: 0.0008699199267825686
Iteration: 636, relative residual: 0.0008699041596485368
Iteration: 637, relative residual: 0.0008699003745437689
Iteration: 638, relative residual: 0.0008698880497869419
Iteration: 639, relative residual: 0.000869829911084508
Iteration: 640, relative residual: 0.000869729378152829
Iteration: 641, relative residual: 0.0008696848449892236
Iteration: 642, relative residual: 0.0008696716551565
Iteration: 643, relative residual: 0.000869667821437614
Iteration: 644, relative residual: 0.0008696676702253573
Iteration: 645, relative residual: 0.0008696457279441989
Iteration: 646, relative residual: 0.0008695348006330533
Iteration: 647, relative residual: 0.0008693347780789708
Iteration: 648, relative residual: 0.000869209553304571
Iteration: 649, relative residual: 0.000869209518622509
Iteration: 650, relative residual: 0.0008691861371577852
Iteration: 651, relative residual: 0.0008691064378971814
Iteration: 652, relative residual: 0.0008690494167618207
Iteration: 653, relative residual: 0.0008690250760613228
Iteration: 654, relative residual: 0.0008689475595464201
Iteration: 655, relative residual: 0.0008689154278784746
Iteration: 656, relative residual: 0.0008689038111875144
Iteration: 657, relative residual: 0.0008687562392846712
Iteration: 658, relative residual: 0.000868644356998014
Iteration: 659, relative residual: 0.0008685689700097689
Iteration: 660, relative residual: 0.0008684031298840048
Iteration: 661, relative residual: 0.0008683976520580302
Iteration: 662, relative residual: 0.0008683045813457665
Iteration: 663, relative residual: 0.0008681147598919005
Iteration: 664, relative residual: 0.0008681048983916009
Iteration: 665, relative residual: 0.0008681034117400601
Iteration: 666, relative residual: 0.0008680369199164657
Iteration: 667, relative residual: 0.0008679006860154775
Iteration: 668, relative residual: 0.0008678996387542907
Iteration: 669, relative residual: 0.0008675947617894622
Iteration: 670, relative residual: 0.000867594719424552
Iteration: 671, relative residual: 0.0008675873119471713
Iteration: 672, relative residual: 0.0008675789853252832
Iteration: 673, relative residual: 0.0008675227466941721
Iteration: 674, relative residual: 0.0008674715513781981
Iteration: 675, relative residual: 0.000867326018985591
Iteration: 676, relative residual: 0.0008672745393372983
Iteration: 677, relative residual: 0.0008672716698478798
Iteration: 678, relative residual: 0.0008671985721950703
Iteration: 679, relative residual: 0.0008670689804384702
Iteration: 680, relative residual: 0.0008668066121710857
Iteration: 681, relative residual: 0.0008667055246459886
Iteration: 682, relative residual: 0.0008666775291553794
Iteration: 683, relative residual: 0.0008666725159778135
Iteration: 684, relative residual: 0.0008666110914310547
Iteration: 685, relative residual: 0.0008666000707560466
Iteration: 686, relative residual: 0.0008661004669667474
Iteration: 687, relative residual: 0.0008659697261825834
Iteration: 688, relative residual: 0.0008659619512135544
Iteration: 689, relative residual: 0.0008657232952968455
Iteration: 690, relative residual: 0.0008651844901064879
Iteration: 691, relative residual: 0.0008650042178031357
Iteration: 692, relative residual: 0.00086498122549499
Iteration: 693, relative residual: 0.0008649748300643625
Iteration: 694, relative residual: 0.0008649159313156018
Iteration: 695, relative residual: 0.0008645858498867052
Iteration: 696, relative residual: 0.0008635671938120594
Iteration: 697, relative residual: 0.0008629593028305363
Iteration: 698, relative residual: 0.0008622474191892962
Iteration: 699, relative residual: 0.0008618626979874598
Iteration: 700, relative residual: 0.0008618626979874598
Residual: 0.0008618626979874598. Restart...
Iteration: 701, relative residual: 0.0008602019995674166
Iteration: 702, relative residual: 0.0008602019411106964
Iteration: 703, relative residual: 0.0008602016575282531
Iteration: 704, relative residual: 0.0008602002236066437
Iteration: 705, relative residual: 0.0008602002221518652
Iteration: 706, relative residual: 0.0008601983634271583
Iteration: 707, relative residual: 0.0008601934933729035
Iteration: 708, relative residual: 0.0008601786590407306
Iteration: 709, relative residual: 0.000860172570853574
Iteration: 710, relative residual: 0.0008601719558691008
Iteration: 711, relative residual: 0.0008601710242193868
Iteration: 712, relative residual: 0.0008601614837279923
Iteration: 713, relative residual: 0.0008601424169601438
Iteration: 714, relative residual: 0.000860079160785189
Iteration: 715, relative residual: 0.000859985743888394
Iteration: 716, relative residual: 0.0008598817361133849
Iteration: 717, relative residual: 0.000859797378760665
Iteration: 718, relative residual: 0.0008596927367935714
Iteration: 719, relative residual: 0.0008596610986920416
Iteration: 720, relative residual: 0.0008596607610754106
Iteration: 721, relative residual: 0.0008596104216234879
Iteration: 722, relative residual: 0.0008594929975934724
Iteration: 723, relative residual: 0.0008593893673783477
Iteration: 724, relative residual: 0.000859246640819452
Iteration: 725, relative residual: 0.0008589549717469854
Iteration: 726, relative residual: 0.0008587108209500398
Iteration: 727, relative residual: 0.0008585607375067054
Iteration: 728, relative residual: 0.000858372953967817
Iteration: 729, relative residual: 0.0008582360755013304
Iteration: 730, relative residual: 0.0008581859575130658
Iteration: 731, relative residual: 0.000858179853936123
Iteration: 732, relative residual: 0.0008581770691701383
Iteration: 733, relative residual: 0.0008581721265858437
Iteration: 734, relative residual: 0.0008581464707587434
Iteration: 735, relative residual: 0.0008580722939664855
Iteration: 736, relative residual: 0.0008579001450096403
Iteration: 737, relative residual: 0.0008578581536742335
Iteration: 738, relative residual: 0.0008578580576565284
Iteration: 739, relative residual: 0.0008578416381565436
Iteration: 740, relative residual: 0.0008577362774243703
Iteration: 741, relative residual: 0.000857608716928555
Iteration: 742, relative residual: 0.0008575310425357577
Iteration: 743, relative residual: 0.0008574829278722779
Iteration: 744, relative residual: 0.0008574696305166198
Iteration: 745, relative residual: 0.0008574588981059244
Iteration: 746, relative residual: 0.0008574240369141313
Iteration: 747, relative residual: 0.0008570435752385051
Iteration: 748, relative residual: 0.0008568094391620156
Iteration: 749, relative residual: 0.0008567956789783861
Iteration: 750, relative residual: 0.0008567943827795144
Iteration: 751, relative residual: 0.0008567919849067037
Iteration: 752, relative residual: 0.0008567597507994837
Iteration: 753, relative residual: 0.0008565447981206145
Iteration: 754, relative residual: 0.0008563582625882248
Iteration: 755, relative residual: 0.0008562988243114792
Iteration: 756, relative residual: 0.0008562868351546335
Iteration: 757, relative residual: 0.0008562758981526398
Iteration: 758, relative residual: 0.0008562470709765454
Iteration: 759, relative residual: 0.0008562470479614689
Iteration: 760, relative residual: 0.0008562212811611835
Iteration: 761, relative residual: 0.0008562016262738762
Iteration: 762, relative residual: 0.000856104241037581
Iteration: 763, relative residual: 0.0008558255814461378
Iteration: 764, relative residual: 0.0008558226618493354
Iteration: 765, relative residual: 0.0008557936945955575
Iteration: 766, relative residual: 0.000855707516575542
Iteration: 767, relative residual: 0.0008554667526901845
Iteration: 768, relative residual: 0.0008552066652417704
Iteration: 769, relative residual: 0.0008551820036260916
Iteration: 770, relative residual: 0.0008551803229759818
Iteration: 771, relative residual: 0.0008551535511276284
Iteration: 772, relative residual: 0.0008551291679636399
Iteration: 773, relative residual: 0.00085511620266478
Iteration: 774, relative residual: 0.0008550366862083672
Iteration: 775, relative residual: 0.0008550000978358702
Iteration: 776, relative residual: 0.0008549838021680961
Iteration: 777, relative residual: 0.0008548794134449442
Iteration: 778, relative residual: 0.0008548499346983525
Iteration: 779, relative residual: 0.0008548009003841833
Iteration: 780, relative residual: 0.0008547973511318165
Iteration: 781, relative residual: 0.0008546732995963767
Iteration: 782, relative residual: 0.0008545585533843521
Iteration: 783, relative residual: 0.0008543495212712504
Iteration: 784, relative residual: 0.0008542572775202468
Iteration: 785, relative residual: 0.0008541969768033623
Iteration: 786, relative residual: 0.0008539382052698478
Iteration: 787, relative residual: 0.000853734784832535
Iteration: 788, relative residual: 0.000853666885556744
Iteration: 789, relative residual: 0.0008536586785415867
Iteration: 790, relative residual: 0.000853387217554391
Iteration: 791, relative residual: 0.0008530857890723284
Iteration: 792, relative residual: 0.0008526611210125558
Iteration: 793, relative residual: 0.0008516664446866787
Iteration: 794, relative residual: 0.000850748130396588
Iteration: 795, relative residual: 0.000850323982748247
Iteration: 796, relative residual: 0.0008499878616922314
Iteration: 797, relative residual: 0.0008489823372736649
Iteration: 798, relative residual: 0.000848194914620548
Iteration: 799, relative residual: 0.0008463917258320784
Iteration: 800, relative residual: 0.0008463917258320784
Residual: 0.0008463917258320784. Restart...
Iteration: 801, relative residual: 0.0008463340206125381
Iteration: 802, relative residual: 0.000846334020611524
Iteration: 803, relative residual: 0.0008463340202028508
Iteration: 804, relative residual: 0.0008463340174216186
Iteration: 805, relative residual: 0.0008463340154932069
Iteration: 806, relative residual: 0.000846334014517784
Iteration: 807, relative residual: 0.0008463339995862725
Iteration: 808, relative residual: 0.0008463339825119136
Iteration: 809, relative residual: 0.0008463339587785945
Iteration: 810, relative residual: 0.0008463337328449311
Iteration: 811, relative residual: 0.000846333522375042
Iteration: 812, relative residual: 0.0008463333933922965
Iteration: 813, relative residual: 0.000846333179060611
Iteration: 814, relative residual: 0.0008463268170163936
Iteration: 815, relative residual: 0.0008463103518564948
Iteration: 816, relative residual: 0.0008462851281051354
Iteration: 817, relative residual: 0.0008462674370581809
Iteration: 818, relative residual: 0.0008462663887816972
Iteration: 819, relative residual: 0.0008462571309394626
Iteration: 820, relative residual: 0.0008462298648361325
Iteration: 821, relative residual: 0.0008461736589099696
Iteration: 822, relative residual: 0.0008461080637322334
Iteration: 823, relative residual: 0.0008460118642931412
Iteration: 824, relative residual: 0.0008458335107530151
Iteration: 825, relative residual: 0.0008456281115314528
Iteration: 826, relative residual: 0.0008454104896935315
Iteration: 827, relative residual: 0.000845191359660045
Iteration: 828, relative residual: 0.0008449090513186317
Iteration: 829, relative residual: 0.0008444725823115233
Iteration: 830, relative residual: 0.000844057280850129
Iteration: 831, relative residual: 0.0008437334451578588
Iteration: 832, relative residual: 0.000843499714621107
Iteration: 833, relative residual: 0.0008433672561509274
Iteration: 834, relative residual: 0.0008432321002420401
Iteration: 835, relative residual: 0.0008431536704403269
Iteration: 836, relative residual: 0.0008431500132652829
Iteration: 837, relative residual: 0.0008431207599378299
Iteration: 838, relative residual: 0.0008430167501942596
Iteration: 839, relative residual: 0.0008429227058548906
Iteration: 840, relative residual: 0.0008427708087928321
Iteration: 841, relative residual: 0.0008427133165768141
Iteration: 842, relative residual: 0.0008427117667500801
Iteration: 843, relative residual: 0.0008427101628983684
Iteration: 844, relative residual: 0.0008426755716379677
Iteration: 845, relative residual: 0.0008425359317262643
Iteration: 846, relative residual: 0.0008422870674557658
Iteration: 847, relative residual: 0.0008421917559536605
Iteration: 848, relative residual: 0.0008421740136728518
Iteration: 849, relative residual: 0.0008421658551934515
Iteration: 850, relative residual: 0.0008420592060694568
Iteration: 851, relative residual: 0.0008418374895995105
Iteration: 852, relative residual: 0.0008417828057531903
Iteration: 853, relative residual: 0.0008417823311430189
Iteration: 854, relative residual: 0.0008417816821439576
Iteration: 855, relative residual: 0.0008417167570976032
Iteration: 856, relative residual: 0.0008414942243084848
Iteration: 857, relative residual: 0.0008414087504046208
Iteration: 858, relative residual: 0.0008413722118269857
Iteration: 859, relative residual: 0.0008413656273047994
Iteration: 860, relative residual: 0.0008413607349864752
Iteration: 861, relative residual: 0.0008413234790575322
Iteration: 862, relative residual: 0.0008411900302105246
Iteration: 863, relative residual: 0.0008409657601280861
Iteration: 864, relative residual: 0.0008409447308396176
Iteration: 865, relative residual: 0.0008409108282387035
Iteration: 866, relative residual: 0.0008408852115956494
Iteration: 867, relative residual: 0.0008408469784933141
Iteration: 868, relative residual: 0.000840803515599584
Iteration: 869, relative residual: 0.0008407999929202941
Iteration: 870, relative residual: 0.0008407999813235304
Iteration: 871, relative residual: 0.0008407738484602589
Iteration: 872, relative residual: 0.0008407463914187905
Iteration: 873, relative residual: 0.0008407085537615051
Iteration: 874, relative residual: 0.0008406511001880945
Iteration: 875, relative residual: 0.0008406463238365716
Iteration: 876, relative residual: 0.0008406156043756381
Iteration: 877, relative residual: 0.0008405085608694551
Iteration: 878, relative residual: 0.0008404500804513927
Iteration: 879, relative residual: 0.0008404471856059357
Iteration: 880, relative residual: 0.0008404470593419226
Iteration: 881, relative residual: 0.0008404436287796032
Iteration: 882, relative residual: 0.0008404436276649792
Iteration: 883, relative residual: 0.0008404428862926219
Iteration: 884, relative residual: 0.0008404270587628833
Iteration: 885, relative residual: 0.0008403374356084834
Iteration: 886, relative residual: 0.0008403302212758162
Iteration: 887, relative residual: 0.0008403300706498432
Iteration: 888, relative residual: 0.0008403296059953002
Iteration: 889, relative residual: 0.0008401755497409293
Iteration: 890, relative residual: 0.0008397465976860035
Iteration: 891, relative residual: 0.0008395953719784777
Iteration: 892, relative residual: 0.000839446747362914
Iteration: 893, relative residual: 0.0008394040062724018
Iteration: 894, relative residual: 0.0008394017358860291
Iteration: 895, relative residual: 0.0008393002526264132
Iteration: 896, relative residual: 0.0008392688804883651
Iteration: 897, relative residual: 0.0008391950327333848
Iteration: 898, relative residual: 0.0008391949220661034
Iteration: 899, relative residual: 0.0008391908507302853
Iteration: 900, relative residual: 0.0008391908507302853
Residual: 0.0008391908507302853. Restart...
Iteration: 901, relative residual: 0.0008391398843265707
Iteration: 902, relative residual: 0.000839139883742545
Iteration: 903, relative residual: 0.00083913988373806
Iteration: 904, relative residual: 0.0008391398833560104
Iteration: 905, relative residual: 0.0008391398830766432
Iteration: 906, relative residual: 0.0008391398829500101
Iteration: 907, relative residual: 0.0008391398771602687
Iteration: 908, relative residual: 0.0008391398377810794
Iteration: 909, relative residual: 0.000839139790586056
Iteration: 910, relative residual: 0.0008391397108416953
Iteration: 911, relative residual: 0.0008391397105894331
Iteration: 912, relative residual: 0.000839139691929309
Iteration: 913, relative residual: 0.0008391396236222482
Iteration: 914, relative residual: 0.0008391395499820309
Iteration: 915, relative residual: 0.0008391394870426277
Iteration: 916, relative residual: 0.0008391394806485248
Iteration: 917, relative residual: 0.0008391393209381763
Iteration: 918, relative residual: 0.0008391388308016431
Iteration: 919, relative residual: 0.0008391379262649343
Iteration: 920, relative residual: 0.0008391378547557002
Iteration: 921, relative residual: 0.0008391373951561853
Iteration: 922, relative residual: 0.0008391362184037094
Iteration: 923, relative residual: 0.0008391344787024798
Iteration: 924, relative residual: 0.0008391302729789867
Iteration: 925, relative residual: 0.000839122612000432
Iteration: 926, relative residual: 0.000839119048351968
Iteration: 927, relative residual: 0.0008391186076494232
Iteration: 928, relative residual: 0.00083911657471372
Iteration: 929, relative residual: 0.0008391150792894776
Iteration: 930, relative residual: 0.0008391109387771876
Iteration: 931, relative residual: 0.0008391099691407082
Iteration: 932, relative residual: 0.0008391099380904956
Iteration: 933, relative residual: 0.0008391084818904906
Iteration: 934, relative residual: 0.0008391059062736121
Iteration: 935, relative residual: 0.0008391044078793131
Iteration: 936, relative residual: 0.0008391021684388114
Iteration: 937, relative residual: 0.000839102158671551
Iteration: 938, relative residual: 0.0008391019241927878
Iteration: 939, relative residual: 0.0008391017103188985
Iteration: 940, relative residual: 0.0008391015552186464
Iteration: 941, relative residual: 0.0008390978034949842
Iteration: 942, relative residual: 0.000839093375705708
Iteration: 943, relative residual: 0.0008390933674193765
Iteration: 944, relative residual: 0.0008390923332927537
Iteration: 945, relative residual: 0.0008390919683755945
Iteration: 946, relative residual: 0.0008390898036259332
Iteration: 947, relative residual: 0.0008390894794145852
Iteration: 948, relative residual: 0.0008390864064277177
Iteration: 949, relative residual: 0.0008390826984630443
Iteration: 950, relative residual: 0.0008390810798251356
Iteration: 951, relative residual: 0.0008390696046227022
Iteration: 952, relative residual: 0.0008390695804778814
Iteration: 953, relative residual: 0.0008390686560374257
Iteration: 954, relative residual: 0.0008390635414212421
Iteration: 955, relative residual: 0.0008390621634827077
Iteration: 956, relative residual: 0.0008390602673248556
Iteration: 957, relative residual: 0.0008390579584840159
Iteration: 958, relative residual: 0.0008390577680423029
Iteration: 959, relative residual: 0.0008390557697472937
Iteration: 960, relative residual: 0.0008390554583303201
Iteration: 961, relative residual: 0.0008390551166214856
Iteration: 962, relative residual: 0.0008390529653633846
Iteration: 963, relative residual: 0.0008390508477858192
Iteration: 964, relative residual: 0.0008390380364521365
Iteration: 965, relative residual: 0.0008389920661061568
Iteration: 966, relative residual: 0.0008389313175729898
Iteration: 967, relative residual: 0.0008389304177215298
Iteration: 968, relative residual: 0.0008389050832341031
Iteration: 969, relative residual: 0.0008389038443885989
Iteration: 970, relative residual: 0.0008389023145370915
Iteration: 971, relative residual: 0.0008388886439446363
Iteration: 972, relative residual: 0.0008388564808494342
Iteration: 973, relative residual: 0.0008387792450896692
Iteration: 974, relative residual: 0.0008387787706206172
Iteration: 975, relative residual: 0.0008387636337761293
Iteration: 976, relative residual: 0.0008387624001150976
Iteration: 977, relative residual: 0.000838732535034598
Iteration: 978, relative residual: 0.0008386513406860536
Iteration: 979, relative residual: 0.0008386343299385231
Iteration: 980, relative residual: 0.000838614651273955
Iteration: 981, relative residual: 0.0008386142379262409
Iteration: 982, relative residual: 0.0008386106192399131
Iteration: 983, relative residual: 0.0008386078383832017
Iteration: 984, relative residual: 0.0008385984920787708
Iteration: 985, relative residual: 0.0008385911248772766
Iteration: 986, relative residual: 0.000838553452412438
Iteration: 987, relative residual: 0.0008383676808368924
Iteration: 988, relative residual: 0.000838208148911871
Iteration: 989, relative residual: 0.0008381943730680067
Iteration: 990, relative residual: 0.0008381529165964206
Iteration: 991, relative residual: 0.0008379798129845311
Iteration: 992, relative residual: 0.0008379688543101441
Iteration: 993, relative residual: 0.0008379576526921939
Iteration: 994, relative residual: 0.0008379429692442423
Iteration: 995, relative residual: 0.0008379424894751567
Iteration: 996, relative residual: 0.0008377213996936137
Iteration: 997, relative residual: 0.0008376046500708839
Iteration: 998, relative residual: 0.0008372264718376082
Iteration: 999, relative residual: 0.0008360727906204223
Iteration: 1000, relative residual: 0.0008360727906204223
Residual: 0.0008360727906204223. Restart...
Warning!!!!You have reached the maximum number of iterations : 1000.
The run will stop. Check the residual behaviour you might have a bug.For future runs you might consider changing the tolerance or increasing the number of max_iter.
Solve time        : 4710.895167350769s

Calculate Solvation Energy (E_solv)
Calculating solvation energy for region 1, stored in E_solv[0]
6248.305017709563 of 527416 analytical integrals for phi_reac calculation in region 1
Time E_solv: 4.531205654144287s
Region 1: E_solv = -6424.519251066555 kcal/mol = -26880.188546462465 kJ/mol

Calculate Surface Energy (E_surf)
Time E_surf: 0.020626544952392578s

Calculate Coulomb Energy (E_coul)
Calculate Coulomb energy for region 1
Region 1: E_coul = -242907.02050630323 kcal/mol = -1016322.9737983728 kJ/mol
Time E_coul: 23.795487642288208s

------------------------------
Totals:
E_solv = -6424.519251066555 kcal/mol
E_surf = 0 kcal/mol
E_coul = -242907.02050630323 kcal/mol

Time = 4812.693116188049 s
