Run started on:
	Date: 2020/5/24
	Time: 22:3:26
	PyGBe version: 0.3.2+5.gea0f875
Config file: /cobra/u/gvargas/code/hPB/pygbe/pygbe/myCrownFinShots/sarsCov2/snap1/snap1.config
Parameter file: /cobra/u/gvargas/code/hPB/pygbe/pygbe/myCrownFinShots/sarsCov2/snap1/snap1.param
Geometry folder: /cobra/u/gvargas/code/hPB/pygbe/pygbe/myCrownFinShots/sarsCov2/snap1/geometry
Running in: /cobra/u/gvargas/code/hPB/pygbe/pygbe/myCrownFinShots/sarsCov2/snap1

Reading surface 0 from file geometry/crownVF
Time load mesh: 10.66154432296753
Removed areas=0: 236

Total elements : 628936
Total equations: 1257872
----------------------------

1 surfaces:

Surface 0:
	628936 elements
	Surface type         : dielectric_interface
	Cells                : 4259
	Twigs                : 3618
	Levels               : 7
	C0 size              : 125.36914034611546
	C0 box center        : 103.94511255835253, 122.99728619605165, 94.01773581890687
	Twig cell size       : 1.958892817908054
	Rbox/theta           : 3.917785635816108
	Analytic distance    : 1.3010411611628758
	Elem. per Ang^2      : 4.142289853780212
	Max, min, avg elem.  : 1.6724595369252628, 4.999999999976695e-07, 0.24141236738597857
	Total area           : 151832.92869426782
------------------------------

2 regions:

Region 0:
	Laplace or Yukawa: 2
	kappa            : 0.125
	dielectric const : 80.0
	Number of charges: 0
	Parent surface   : []
	Child surfaces   : [0]
Region 1:
	Laplace or Yukawa: 1
	kappa            : 1e-12
	dielectric const : 4.0
	Number of charges: 61336
	Parent surface   : [0]
	Child surfaces   : []
------------------------------

Parameters:
	Data type               : <class 'numpy.float64'>
	Use GPU                 : 1
	P                       : 4
	threshold               : 0.50
	theta                   : 0.50
	NCRIT                   : 500
	CUDA block size         : 128
	Gauss points per element: 1
	Gauss points near singlr: 25
	1D Gauss points per side: 9
	GMRES tolerance         : 1e-05
	GMRES max iterations    : 1000
	GMRES restart iteration : 100
----------------------------

Generate interaction list
Transfer data to GPU
Generate RHS
List time          : 3.8898255825042725s
Data transfer time : 0.5099613666534424s
RHS generation time: 6.798645734786987s
------------------------------
Total setup time   : 85.73657870292664s
Solve
Iteration: 1, relative residual: 0.4470848151766824
Iteration: 2, relative residual: 0.23294901755391004
Iteration: 3, relative residual: 0.20557268103710186
Iteration: 4, relative residual: 0.17114677600941797
Iteration: 5, relative residual: 0.1301305368475766
Iteration: 6, relative residual: 0.10950137290777731
Iteration: 7, relative residual: 0.07976697685324839
Iteration: 8, relative residual: 0.06965820323903825
Iteration: 9, relative residual: 0.06097974610354025
Iteration: 10, relative residual: 0.046234361051846015
Iteration: 11, relative residual: 0.039665063361322736
Iteration: 12, relative residual: 0.031582478178694154
Iteration: 13, relative residual: 0.02707954191873248
Iteration: 14, relative residual: 0.024486125792092743
Iteration: 15, relative residual: 0.0233072684728089
Iteration: 16, relative residual: 0.020555667731828393
Iteration: 17, relative residual: 0.017493247371160345
Iteration: 18, relative residual: 0.016150770732594015
Iteration: 19, relative residual: 0.014461705055549565
Iteration: 20, relative residual: 0.011761348636941608
Iteration: 21, relative residual: 0.010394883709580813
Iteration: 22, relative residual: 0.009728794188620894
Iteration: 23, relative residual: 0.009715840009472615
Iteration: 24, relative residual: 0.009106024088680779
Iteration: 25, relative residual: 0.007946048857090335
Iteration: 26, relative residual: 0.007640412294658277
Iteration: 27, relative residual: 0.0076403084468659845
Iteration: 28, relative residual: 0.006902288259013131
Iteration: 29, relative residual: 0.005950778634913863
Iteration: 30, relative residual: 0.005605872951634425
Iteration: 31, relative residual: 0.004858511804935686
Iteration: 32, relative residual: 0.004501559794605346
Iteration: 33, relative residual: 0.004240690846146837
Iteration: 34, relative residual: 0.004194330049590744
Iteration: 35, relative residual: 0.004163600920463977
Iteration: 36, relative residual: 0.0039177645725266535
Iteration: 37, relative residual: 0.0035203637550000467
Iteration: 38, relative residual: 0.0034595593435585528
Iteration: 39, relative residual: 0.003403383157156345
Iteration: 40, relative residual: 0.0032363838587244477
Iteration: 41, relative residual: 0.0029612952493919373
Iteration: 42, relative residual: 0.0029583388867995327
Iteration: 43, relative residual: 0.0029149343835550585
Iteration: 44, relative residual: 0.0027089143826669283
Iteration: 45, relative residual: 0.0023953674214889004
Iteration: 46, relative residual: 0.0023104962219123296
Iteration: 47, relative residual: 0.00231041546188825
Iteration: 48, relative residual: 0.0022234824099126678
Iteration: 49, relative residual: 0.002071859205498316
Iteration: 50, relative residual: 0.001937400174911155
Iteration: 51, relative residual: 0.0018681520592462465
Iteration: 52, relative residual: 0.001868124888051858
Iteration: 53, relative residual: 0.001775194712422614
Iteration: 54, relative residual: 0.0016940384667177622
Iteration: 55, relative residual: 0.0016046504770085286
Iteration: 56, relative residual: 0.0015533785598424474
Iteration: 57, relative residual: 0.0014919939241605955
Iteration: 58, relative residual: 0.0014700806003812774
Iteration: 59, relative residual: 0.0014501550978462193
Iteration: 60, relative residual: 0.001449695700583059
Iteration: 61, relative residual: 0.0014495938255281882
Iteration: 62, relative residual: 0.0014404233756669604
Iteration: 63, relative residual: 0.0014067566387968768
Iteration: 64, relative residual: 0.0013915906802843857
Iteration: 65, relative residual: 0.001364101045110268
Iteration: 66, relative residual: 0.0013640990530447606
Iteration: 67, relative residual: 0.0013566408592355604
Iteration: 68, relative residual: 0.0013279540680959136
Iteration: 69, relative residual: 0.0012773794458896459
Iteration: 70, relative residual: 0.0012376835834832759
Iteration: 71, relative residual: 0.001229595281044075
Iteration: 72, relative residual: 0.0012292965114495383
Iteration: 73, relative residual: 0.0012292824867991671
Iteration: 74, relative residual: 0.0012158516847893422
Iteration: 75, relative residual: 0.0011808519608168474
Iteration: 76, relative residual: 0.0011561528445430279
Iteration: 77, relative residual: 0.0011397882939763579
Iteration: 78, relative residual: 0.0011397509941496178
Iteration: 79, relative residual: 0.0011322915429268503
Iteration: 80, relative residual: 0.0010959412544827884
Iteration: 81, relative residual: 0.0010604084436508945
Iteration: 82, relative residual: 0.0010385238666686476
Iteration: 83, relative residual: 0.0010044479099517343
Iteration: 84, relative residual: 0.0009978682049241994
Iteration: 85, relative residual: 0.0009843948764268423
Iteration: 86, relative residual: 0.000970235828242384
Iteration: 87, relative residual: 0.0009332144709779112
Iteration: 88, relative residual: 0.0009068822564753901
Iteration: 89, relative residual: 0.0008932744311542294
Iteration: 90, relative residual: 0.0008930496492395884
Iteration: 91, relative residual: 0.0008870015190933023
Iteration: 92, relative residual: 0.0008677236969100806
Iteration: 93, relative residual: 0.0008361301073657379
Iteration: 94, relative residual: 0.000800740079945112
Iteration: 95, relative residual: 0.0007807948873909954
Iteration: 96, relative residual: 0.0007804576950386914
Iteration: 97, relative residual: 0.0007693059340427725
Iteration: 98, relative residual: 0.000743580460556644
Iteration: 99, relative residual: 0.0007009042204654178
Iteration: 100, relative residual: 0.0007009042204654178
Residual: 0.0007009042204654178. Restart...
Iteration: 101, relative residual: 0.0006643902741134614
Iteration: 102, relative residual: 0.0006637477487362799
Iteration: 103, relative residual: 0.0006626103949973061
Iteration: 104, relative residual: 0.0006624349247152414
Iteration: 105, relative residual: 0.000661620003071699
Iteration: 106, relative residual: 0.0006598721443471814
Iteration: 107, relative residual: 0.0006590014376302651
Iteration: 108, relative residual: 0.0006574614457655034
Iteration: 109, relative residual: 0.0006569137326513743
Iteration: 110, relative residual: 0.0006569137322797366
Iteration: 111, relative residual: 0.0006564133288109304
Iteration: 112, relative residual: 0.0006559496507659758
Iteration: 113, relative residual: 0.000655944791940095
Iteration: 114, relative residual: 0.0006539223511703796
Iteration: 115, relative residual: 0.0006525067450635724
Iteration: 116, relative residual: 0.0006521799979129885
Iteration: 117, relative residual: 0.0006521441265541391
Iteration: 118, relative residual: 0.0006504518703141359
Iteration: 119, relative residual: 0.0006487127317285408
Iteration: 120, relative residual: 0.0006485243946346606
Iteration: 121, relative residual: 0.0006472502566103652
Iteration: 122, relative residual: 0.0006465983322843384
Iteration: 123, relative residual: 0.0006450563347973713
Iteration: 124, relative residual: 0.000645034236898607
Iteration: 125, relative residual: 0.0006449365106883108
Iteration: 126, relative residual: 0.0006415252800495353
Iteration: 127, relative residual: 0.0006341949637817947
Iteration: 128, relative residual: 0.0006288898648185097
Iteration: 129, relative residual: 0.0006246836737245131
Iteration: 130, relative residual: 0.0006184288369590001
Iteration: 131, relative residual: 0.0006163578512992612
Iteration: 132, relative residual: 0.0006153217143600648
Iteration: 133, relative residual: 0.0006152883496544889
Iteration: 134, relative residual: 0.0006142060816409776
Iteration: 135, relative residual: 0.0006120901201021
Iteration: 136, relative residual: 0.0006111432987563149
Iteration: 137, relative residual: 0.0006108604342657239
Iteration: 138, relative residual: 0.0006098359991305998
Iteration: 139, relative residual: 0.0006070883252177485
Iteration: 140, relative residual: 0.000606200907478613
Iteration: 141, relative residual: 0.000605617564528233
Iteration: 142, relative residual: 0.0006027431988542398
Iteration: 143, relative residual: 0.00059734229471832
Iteration: 144, relative residual: 0.0005964109024168559
Iteration: 145, relative residual: 0.0005963201575028547
Iteration: 146, relative residual: 0.0005938994544863897
Iteration: 147, relative residual: 0.0005899965062598861
Iteration: 148, relative residual: 0.0005884845425739836
Iteration: 149, relative residual: 0.0005881434610866534
Iteration: 150, relative residual: 0.0005881276599037082
Iteration: 151, relative residual: 0.0005858285124158252
Iteration: 152, relative residual: 0.0005815337134435786
Iteration: 153, relative residual: 0.0005744056425134132
Iteration: 154, relative residual: 0.0005688497705322082
Iteration: 155, relative residual: 0.0005669102632742114
Iteration: 156, relative residual: 0.0005668875440080671
Iteration: 157, relative residual: 0.0005646994194825572
Iteration: 158, relative residual: 0.0005602861215127223
Iteration: 159, relative residual: 0.0005558420269006062
Iteration: 160, relative residual: 0.0005522555258180052
Iteration: 161, relative residual: 0.0005511797625832478
Iteration: 162, relative residual: 0.0005509647677668425
Iteration: 163, relative residual: 0.0005506368613077843
Iteration: 164, relative residual: 0.0005461887828508439
Iteration: 165, relative residual: 0.0005403825281215069
Iteration: 166, relative residual: 0.0005354839059248551
Iteration: 167, relative residual: 0.0005351793921227387
Iteration: 168, relative residual: 0.0005351715413897684
Iteration: 169, relative residual: 0.0005329197894617025
Iteration: 170, relative residual: 0.0005314692692874345
Iteration: 171, relative residual: 0.0005292090053022846
Iteration: 172, relative residual: 0.0005256381503775978
Iteration: 173, relative residual: 0.0005240972376948091
Iteration: 174, relative residual: 0.0005240416449001047
Iteration: 175, relative residual: 0.0005232094864544578
Iteration: 176, relative residual: 0.0005206595644635194
Iteration: 177, relative residual: 0.0005177503529732086
Iteration: 178, relative residual: 0.00051686928772734
Iteration: 179, relative residual: 0.0005158520414937657
Iteration: 180, relative residual: 0.0005158270809411732
Iteration: 181, relative residual: 0.0005143117019469711
Iteration: 182, relative residual: 0.0005103335308090498
Iteration: 183, relative residual: 0.0005092353042754372
Iteration: 184, relative residual: 0.0005087590903264542
Iteration: 185, relative residual: 0.0005085020173095032
Iteration: 186, relative residual: 0.0005072883648615736
Iteration: 187, relative residual: 0.0005054113695833431
Iteration: 188, relative residual: 0.0004998480228273552
Iteration: 189, relative residual: 0.0004966992677640158
Iteration: 190, relative residual: 0.0004961266448075182
Iteration: 191, relative residual: 0.0004959835089590263
Iteration: 192, relative residual: 0.0004943145308251352
Iteration: 193, relative residual: 0.0004931928300003457
Iteration: 194, relative residual: 0.00048801942618300394
Iteration: 195, relative residual: 0.0004797709805125434
Iteration: 196, relative residual: 0.0004698149060120155
Iteration: 197, relative residual: 0.0004626521728701731
Iteration: 198, relative residual: 0.0004626066503293981
Iteration: 199, relative residual: 0.0004617459403589007
Iteration: 200, relative residual: 0.0004617459403589007
Residual: 0.0004617459403589007. Restart...
Iteration: 201, relative residual: 0.00045435801650927537
Iteration: 202, relative residual: 0.00045429364381281375
Iteration: 203, relative residual: 0.0004542826712261993
Iteration: 204, relative residual: 0.0004542548742796756
Iteration: 205, relative residual: 0.0004539534609030508
Iteration: 206, relative residual: 0.00045298685906401524
Iteration: 207, relative residual: 0.0004523023320712087
Iteration: 208, relative residual: 0.0004520335012032211
Iteration: 209, relative residual: 0.00045196156620209093
Iteration: 210, relative residual: 0.00045195663286636803
Iteration: 211, relative residual: 0.00045193891030467293
Iteration: 212, relative residual: 0.00045189220340070623
Iteration: 213, relative residual: 0.00045186775214016455
Iteration: 214, relative residual: 0.0004518163040995967
Iteration: 215, relative residual: 0.0004515585622682167
Iteration: 216, relative residual: 0.00045116218157560185
Iteration: 217, relative residual: 0.00045115892522707546
Iteration: 218, relative residual: 0.00045090659380979305
Iteration: 219, relative residual: 0.00045041358431260783
Iteration: 220, relative residual: 0.0004494114775523974
Iteration: 221, relative residual: 0.00044935763572458615
Iteration: 222, relative residual: 0.0004478331257708884
Iteration: 223, relative residual: 0.0004458439664330627
Iteration: 224, relative residual: 0.0004439815834425526
Iteration: 225, relative residual: 0.0004439721018101228
Iteration: 226, relative residual: 0.00044209231418712325
Iteration: 227, relative residual: 0.0004378830162853503
Iteration: 228, relative residual: 0.00043379067167584003
Iteration: 229, relative residual: 0.00043212966107604244
Iteration: 230, relative residual: 0.0004314810936456621
Iteration: 231, relative residual: 0.0004313421109463725
Iteration: 232, relative residual: 0.00043125930583304473
Iteration: 233, relative residual: 0.0004307436045040959
Iteration: 234, relative residual: 0.00042948038801179174
Iteration: 235, relative residual: 0.00042944841657359466
Iteration: 236, relative residual: 0.0004293481374277333
Iteration: 237, relative residual: 0.0004282388465423868
Iteration: 238, relative residual: 0.00042563922116004607
Iteration: 239, relative residual: 0.0004235793986719242
Iteration: 240, relative residual: 0.0004233725827020703
Iteration: 241, relative residual: 0.0004231864710996918
Iteration: 242, relative residual: 0.00042135974870479565
Iteration: 243, relative residual: 0.0004206145819193308
Iteration: 244, relative residual: 0.0004204812357231271
Iteration: 245, relative residual: 0.0004203590940749538
Iteration: 246, relative residual: 0.0004195965391896783
Iteration: 247, relative residual: 0.0004158687230821368
Iteration: 248, relative residual: 0.0004153794248868301
Iteration: 249, relative residual: 0.00041519095159970286
Iteration: 250, relative residual: 0.0004140186883724644
Iteration: 251, relative residual: 0.0004134618570231443
Iteration: 252, relative residual: 0.00041181969728163094
Iteration: 253, relative residual: 0.0004116655051500036
Iteration: 254, relative residual: 0.0004112689083712176
Iteration: 255, relative residual: 0.0004105612531764742
Iteration: 256, relative residual: 0.0004102001407379116
Iteration: 257, relative residual: 0.0004083798103597973
Iteration: 258, relative residual: 0.0004074975927432628
Iteration: 259, relative residual: 0.0004074752600270619
Iteration: 260, relative residual: 0.00040725791450421303
Iteration: 261, relative residual: 0.0004069700414377849
Iteration: 262, relative residual: 0.000405966251303557
Iteration: 263, relative residual: 0.0004052242812688954
Iteration: 264, relative residual: 0.00040325259816675625
Iteration: 265, relative residual: 0.0004029337803824706
Iteration: 266, relative residual: 0.00040227212049886063
Iteration: 267, relative residual: 0.0004017983714353878
Iteration: 268, relative residual: 0.00039940735490839505
Iteration: 269, relative residual: 0.0003988157965081149
Iteration: 270, relative residual: 0.0003987039861617599
Iteration: 271, relative residual: 0.0003984478851400369
Iteration: 272, relative residual: 0.0003961183330848031
Iteration: 273, relative residual: 0.00039379481550366643
Iteration: 274, relative residual: 0.0003929909549268187
Iteration: 275, relative residual: 0.0003929872510364157
Iteration: 276, relative residual: 0.0003929519931582009
Iteration: 277, relative residual: 0.00039278958054553504
Iteration: 278, relative residual: 0.00039075778499294666
Iteration: 279, relative residual: 0.00038814644172862413
Iteration: 280, relative residual: 0.00038715031465641584
Iteration: 281, relative residual: 0.00038665371651980176
Iteration: 282, relative residual: 0.0003866514623570933
Iteration: 283, relative residual: 0.0003855255550740255
Iteration: 284, relative residual: 0.00038265538585836775
Iteration: 285, relative residual: 0.0003763072396345539
Iteration: 286, relative residual: 0.00037138992612251344
Iteration: 287, relative residual: 0.0003681511386506333
Iteration: 288, relative residual: 0.00036500375996766646
Iteration: 289, relative residual: 0.0003649123295000425
Iteration: 290, relative residual: 0.0003645337862332464
Iteration: 291, relative residual: 0.0003616378147349251
Iteration: 292, relative residual: 0.00035459824272112144
Iteration: 293, relative residual: 0.0003450514346195676
Iteration: 294, relative residual: 0.0003367919999676821
Iteration: 295, relative residual: 0.00033159280936374255
Iteration: 296, relative residual: 0.00033132791501927044
Iteration: 297, relative residual: 0.00033073680374322685
Iteration: 298, relative residual: 0.0003218142866217659
Iteration: 299, relative residual: 0.0003083427831263505
Iteration: 300, relative residual: 0.0003083427831263505
Residual: 0.0003083427831263505. Restart...
Iteration: 301, relative residual: 0.00028890286761398175
Iteration: 302, relative residual: 0.0002888994636457096
Iteration: 303, relative residual: 0.00028878240847178354
Iteration: 304, relative residual: 0.00028782713661805513
Iteration: 305, relative residual: 0.00028598310262553553
Iteration: 306, relative residual: 0.00028370995385218267
Iteration: 307, relative residual: 0.0002823443363754996
Iteration: 308, relative residual: 0.0002820758016709098
Iteration: 309, relative residual: 0.00028178323528441274
Iteration: 310, relative residual: 0.00028163581472434053
Iteration: 311, relative residual: 0.0002807981679335272
Iteration: 312, relative residual: 0.0002794268899618826
Iteration: 313, relative residual: 0.0002789042846326151
Iteration: 314, relative residual: 0.00027884770230559013
Iteration: 315, relative residual: 0.0002776037922867677
Iteration: 316, relative residual: 0.00027709295769192657
Iteration: 317, relative residual: 0.00027689248793197395
Iteration: 318, relative residual: 0.0002755118925854882
Iteration: 319, relative residual: 0.000273201591721623
Iteration: 320, relative residual: 0.00027218889475806764
Iteration: 321, relative residual: 0.0002717155606535654
Iteration: 322, relative residual: 0.00026874414176861205
Iteration: 323, relative residual: 0.0002674133855218534
Iteration: 324, relative residual: 0.0002672608290195506
Iteration: 325, relative residual: 0.00026608924050242413
Iteration: 326, relative residual: 0.00026263128832499874
Iteration: 327, relative residual: 0.00025836991422368823
Iteration: 328, relative residual: 0.00025677363397397923
Iteration: 329, relative residual: 0.00025565682160436727
Iteration: 330, relative residual: 0.0002556397186686237
Iteration: 331, relative residual: 0.00025563956272873833
Iteration: 332, relative residual: 0.0002533846628773554
Iteration: 333, relative residual: 0.00025192131907690645
Iteration: 334, relative residual: 0.00025186115083303864
Iteration: 335, relative residual: 0.00025165486490645627
Iteration: 336, relative residual: 0.00024847938341859984
Iteration: 337, relative residual: 0.00024642228736521484
Iteration: 338, relative residual: 0.0002445666186318333
Iteration: 339, relative residual: 0.0002445250147214317
Iteration: 340, relative residual: 0.00024322444719867553
Iteration: 341, relative residual: 0.00024179410623829164
Iteration: 342, relative residual: 0.00024108184339693194
Iteration: 343, relative residual: 0.00024099306371405947
Iteration: 344, relative residual: 0.0002405982504976059
Iteration: 345, relative residual: 0.0002393771607523666
Iteration: 346, relative residual: 0.00023887589401576928
Iteration: 347, relative residual: 0.00023884632503956552
Iteration: 348, relative residual: 0.00023882896784106438
Iteration: 349, relative residual: 0.00023804562301807044
Iteration: 350, relative residual: 0.00023650554407653076
Iteration: 351, relative residual: 0.00023569687468120922
Iteration: 352, relative residual: 0.00023541112374649104
Iteration: 353, relative residual: 0.0002350071663172905
Iteration: 354, relative residual: 0.00023478371052700314
Iteration: 355, relative residual: 0.0002345118403510305
Iteration: 356, relative residual: 0.00023451176219936495
Iteration: 357, relative residual: 0.000233303447464967
Iteration: 358, relative residual: 0.00023092576440296922
Iteration: 359, relative residual: 0.00023019539157014208
Iteration: 360, relative residual: 0.0002297106104267947
Iteration: 361, relative residual: 0.00022940647513863181
Iteration: 362, relative residual: 0.0002294030020614351
Iteration: 363, relative residual: 0.00022923466365458626
Iteration: 364, relative residual: 0.0002288172492237289
Iteration: 365, relative residual: 0.0002282713769017132
Iteration: 366, relative residual: 0.0002268269577326981
Iteration: 367, relative residual: 0.00022567267197856858
Iteration: 368, relative residual: 0.00022556235564621436
Iteration: 369, relative residual: 0.0002254564288971345
Iteration: 370, relative residual: 0.00022489529520258432
Iteration: 371, relative residual: 0.0002235980293756267
Iteration: 372, relative residual: 0.00022307374686542358
Iteration: 373, relative residual: 0.00022235926279614782
Iteration: 374, relative residual: 0.00022235878571104514
Iteration: 375, relative residual: 0.00022197639373454717
Iteration: 376, relative residual: 0.00021972823436294898
Iteration: 377, relative residual: 0.00021900573593787722
Iteration: 378, relative residual: 0.00021885238815421944
Iteration: 379, relative residual: 0.00021870648777972096
Iteration: 380, relative residual: 0.00021866542909327412
Iteration: 381, relative residual: 0.00021790315843382208
Iteration: 382, relative residual: 0.00021643710687246974
Iteration: 383, relative residual: 0.0002151165131806665
Iteration: 384, relative residual: 0.00021387371806548926
Iteration: 385, relative residual: 0.00021387240798180997
Iteration: 386, relative residual: 0.000213380984593431
Iteration: 387, relative residual: 0.00021188589081807017
Iteration: 388, relative residual: 0.00021102475151539893
Iteration: 389, relative residual: 0.000210270570186719
Iteration: 390, relative residual: 0.00021026789537278856
Iteration: 391, relative residual: 0.00021014178259214357
Iteration: 392, relative residual: 0.00020899717956338913
Iteration: 393, relative residual: 0.00020710997794483305
Iteration: 394, relative residual: 0.00020504264099372075
Iteration: 395, relative residual: 0.00020312389176187486
Iteration: 396, relative residual: 0.0002000062747430282
Iteration: 397, relative residual: 0.00019937201584455542
Iteration: 398, relative residual: 0.00019936302945313455
Iteration: 399, relative residual: 0.0001992892408933793
Iteration: 400, relative residual: 0.0001992892408933793
Residual: 0.0001992892408933793. Restart...
Iteration: 401, relative residual: 0.00019797101409509994
Iteration: 402, relative residual: 0.00019797100253622402
Iteration: 403, relative residual: 0.0001979569673714103
Iteration: 404, relative residual: 0.00019792983213050787
Iteration: 405, relative residual: 0.00019785136371136975
Iteration: 406, relative residual: 0.00019777390531028826
Iteration: 407, relative residual: 0.0001976977410752954
Iteration: 408, relative residual: 0.00019768089858045784
Iteration: 409, relative residual: 0.00019767975942893405
Iteration: 410, relative residual: 0.0001976796684974975
Iteration: 411, relative residual: 0.00019761706658919312
Iteration: 412, relative residual: 0.0001975136997576938
Iteration: 413, relative residual: 0.0001974754018130812
Iteration: 414, relative residual: 0.00019744218227752262
Iteration: 415, relative residual: 0.00019722291026118564
Iteration: 416, relative residual: 0.00019707526183673288
Iteration: 417, relative residual: 0.0001970607377849752
Iteration: 418, relative residual: 0.00019695476998454628
Iteration: 419, relative residual: 0.00019673761859825283
Iteration: 420, relative residual: 0.00019641087955684337
Iteration: 421, relative residual: 0.0001963276065457692
Iteration: 422, relative residual: 0.00019631080123737432
Iteration: 423, relative residual: 0.00019613868238780747
Iteration: 424, relative residual: 0.000195900368389065
Iteration: 425, relative residual: 0.00019575594409996884
Iteration: 426, relative residual: 0.00019575483535126816
Iteration: 427, relative residual: 0.00019565874390749645
Iteration: 428, relative residual: 0.00019557929169754663
Iteration: 429, relative residual: 0.00019557572033341913
Iteration: 430, relative residual: 0.00019555111456748977
Iteration: 431, relative residual: 0.00019545157172232519
Iteration: 432, relative residual: 0.00019541093847339928
Iteration: 433, relative residual: 0.00019540740995700599
Iteration: 434, relative residual: 0.00019538079478394573
Iteration: 435, relative residual: 0.00019528813505923718
Iteration: 436, relative residual: 0.0001951199761405714
Iteration: 437, relative residual: 0.00019497594258338565
Iteration: 438, relative residual: 0.00019496327475877014
Iteration: 439, relative residual: 0.00019489470283818927
Iteration: 440, relative residual: 0.0001948049502987019
Iteration: 441, relative residual: 0.00019475164832518407
Iteration: 442, relative residual: 0.0001947462755403059
Iteration: 443, relative residual: 0.00019473666859483996
Iteration: 444, relative residual: 0.00019466578095672307
Iteration: 445, relative residual: 0.00019462603952077624
Iteration: 446, relative residual: 0.00019458339202089585
Iteration: 447, relative residual: 0.00019457989769617275
Iteration: 448, relative residual: 0.00019457545984665752
Iteration: 449, relative residual: 0.000194451833961627
Iteration: 450, relative residual: 0.00019442904324179714
Iteration: 451, relative residual: 0.0001942701880121331
Iteration: 452, relative residual: 0.0001937932977378502
Iteration: 453, relative residual: 0.00019340827457864845
Iteration: 454, relative residual: 0.00019338201658496149
Iteration: 455, relative residual: 0.00019297049122532066
Iteration: 456, relative residual: 0.00019247214724968302
Iteration: 457, relative residual: 0.00019067227540201748
Iteration: 458, relative residual: 0.00018917022882028553
Iteration: 459, relative residual: 0.00018775306725274282
Iteration: 460, relative residual: 0.000187349242835966
Iteration: 461, relative residual: 0.00018732768379939213
Iteration: 462, relative residual: 0.0001872057059208364
Iteration: 463, relative residual: 0.0001859546400762706
Iteration: 464, relative residual: 0.00018351845508997802
Iteration: 465, relative residual: 0.00018208122744614585
Iteration: 466, relative residual: 0.00018170826788889774
Iteration: 467, relative residual: 0.0001815006655470227
Iteration: 468, relative residual: 0.00018024188308356099
Iteration: 469, relative residual: 0.00017658660186878713
Iteration: 470, relative residual: 0.0001716232824358189
Iteration: 471, relative residual: 0.0001695933294373909
Iteration: 472, relative residual: 0.000168525331570121
Iteration: 473, relative residual: 0.00016851440251857718
Iteration: 474, relative residual: 0.00016842284971580412
Iteration: 475, relative residual: 0.00016783215484692866
Iteration: 476, relative residual: 0.00016622932302958512
Iteration: 477, relative residual: 0.00016542162026222964
Iteration: 478, relative residual: 0.00016523954953953743
Iteration: 479, relative residual: 0.00016514767715000445
Iteration: 480, relative residual: 0.0001648978222859517
Iteration: 481, relative residual: 0.0001637078081790828
Iteration: 482, relative residual: 0.00016279007996212091
Iteration: 483, relative residual: 0.00016190555714780253
Iteration: 484, relative residual: 0.0001613998934948129
Iteration: 485, relative residual: 0.0001613881322982464
Iteration: 486, relative residual: 0.00016134222116148664
Iteration: 487, relative residual: 0.00016106668292164872
Iteration: 488, relative residual: 0.00016004333434037853
Iteration: 489, relative residual: 0.00015915735549027808
Iteration: 490, relative residual: 0.00015846370603532576
Iteration: 491, relative residual: 0.0001580757197489976
Iteration: 492, relative residual: 0.00015806356964166032
Iteration: 493, relative residual: 0.00015701717606511308
Iteration: 494, relative residual: 0.0001539984242883353
Iteration: 495, relative residual: 0.00015181595174543094
Iteration: 496, relative residual: 0.00015077390978775833
Iteration: 497, relative residual: 0.000150459863118056
Iteration: 498, relative residual: 0.00015019514869720233
Iteration: 499, relative residual: 0.00014928809598800495
Iteration: 500, relative residual: 0.00014928809598800495
Residual: 0.00014928809598800495. Restart...
Iteration: 501, relative residual: 0.00014711707209753638
Iteration: 502, relative residual: 0.00014711695620877897
Iteration: 503, relative residual: 0.00014707760934862737
Iteration: 504, relative residual: 0.0001469773700066522
Iteration: 505, relative residual: 0.0001467450723404241
Iteration: 506, relative residual: 0.00014638302356459058
Iteration: 507, relative residual: 0.00014604234940122988
Iteration: 508, relative residual: 0.00014588915059887943
Iteration: 509, relative residual: 0.0001457736944890638
Iteration: 510, relative residual: 0.00014574646238555677
Iteration: 511, relative residual: 0.00014574095723093034
Iteration: 512, relative residual: 0.0001457192424309441
Iteration: 513, relative residual: 0.00014559264671352377
Iteration: 514, relative residual: 0.0001455912638863352
Iteration: 515, relative residual: 0.00014552584871800403
Iteration: 516, relative residual: 0.00014542554637554298
Iteration: 517, relative residual: 0.00014542053763439696
Iteration: 518, relative residual: 0.0001453101995394969
Iteration: 519, relative residual: 0.00014516095964795108
Iteration: 520, relative residual: 0.0001451419901707524
Iteration: 521, relative residual: 0.0001450127311739157
Iteration: 522, relative residual: 0.00014468483620213825
Iteration: 523, relative residual: 0.00014465194554077858
Iteration: 524, relative residual: 0.00014464421166876051
Iteration: 525, relative residual: 0.00014447570909269472
Iteration: 526, relative residual: 0.00014373529332469307
Iteration: 527, relative residual: 0.00014334781958727673
Iteration: 528, relative residual: 0.00014292826679488356
Iteration: 529, relative residual: 0.00014275821282701262
Iteration: 530, relative residual: 0.00014274446974052695
Iteration: 531, relative residual: 0.0001426180591758416
Iteration: 532, relative residual: 0.00014241764251603442
Iteration: 533, relative residual: 0.00014229937908449099
Iteration: 534, relative residual: 0.00014229447287653806
Iteration: 535, relative residual: 0.00014215196113193996
Iteration: 536, relative residual: 0.00014182855064301893
Iteration: 537, relative residual: 0.00014177942658293846
Iteration: 538, relative residual: 0.00014161610781408436
Iteration: 539, relative residual: 0.0001413050603566186
Iteration: 540, relative residual: 0.0001408527775651487
Iteration: 541, relative residual: 0.0001405515534928768
Iteration: 542, relative residual: 0.00014047955283566274
Iteration: 543, relative residual: 0.000140346006372911
Iteration: 544, relative residual: 0.00014017090246649033
Iteration: 545, relative residual: 0.00014014840164487614
Iteration: 546, relative residual: 0.00014009437703369038
Iteration: 547, relative residual: 0.00014007907138519052
Iteration: 548, relative residual: 0.00014006403999252556
Iteration: 549, relative residual: 0.00013985839899902918
Iteration: 550, relative residual: 0.00013979406127027927
Iteration: 551, relative residual: 0.00013947291904283215
Iteration: 552, relative residual: 0.00013906025368910256
Iteration: 553, relative residual: 0.000138868669065147
Iteration: 554, relative residual: 0.0001388505824626999
Iteration: 555, relative residual: 0.00013884106847319536
Iteration: 556, relative residual: 0.00013884032298621426
Iteration: 557, relative residual: 0.00013871439857750484
Iteration: 558, relative residual: 0.00013831134550343322
Iteration: 559, relative residual: 0.00013822230592368124
Iteration: 560, relative residual: 0.00013818166709601506
Iteration: 561, relative residual: 0.00013817935663359648
Iteration: 562, relative residual: 0.00013816505644040892
Iteration: 563, relative residual: 0.00013816374148618212
Iteration: 564, relative residual: 0.00013753279015428155
Iteration: 565, relative residual: 0.00013700474563707712
Iteration: 566, relative residual: 0.00013683608531707008
Iteration: 567, relative residual: 0.00013666647880858053
Iteration: 568, relative residual: 0.000136632270956762
Iteration: 569, relative residual: 0.00013651902482413476
Iteration: 570, relative residual: 0.0001363263777538866
Iteration: 571, relative residual: 0.0001359320198074694
Iteration: 572, relative residual: 0.00013555519325810208
Iteration: 573, relative residual: 0.0001354853162851039
Iteration: 574, relative residual: 0.00013548296453452097
Iteration: 575, relative residual: 0.00013517718085428215
Iteration: 576, relative residual: 0.00013497048670347336
Iteration: 577, relative residual: 0.00013462263008857768
Iteration: 578, relative residual: 0.00013421681331486946
Iteration: 579, relative residual: 0.00013392873965665524
Iteration: 580, relative residual: 0.00013374565929832354
Iteration: 581, relative residual: 0.00013372960774993308
Iteration: 582, relative residual: 0.00013353847314772916
Iteration: 583, relative residual: 0.0001332335284899669
Iteration: 584, relative residual: 0.00013296316453820996
Iteration: 585, relative residual: 0.0001328457016419056
Iteration: 586, relative residual: 0.0001328115412429173
Iteration: 587, relative residual: 0.00013257678528090828
Iteration: 588, relative residual: 0.00013237367945827965
Iteration: 589, relative residual: 0.00013205876661460218
Iteration: 590, relative residual: 0.00013200030151656257
Iteration: 591, relative residual: 0.0001318854727504461
Iteration: 592, relative residual: 0.00013188466106510126
Iteration: 593, relative residual: 0.00013177215912357564
Iteration: 594, relative residual: 0.00013159266606318349
Iteration: 595, relative residual: 0.00013103685430530264
Iteration: 596, relative residual: 0.00013103492500315565
Iteration: 597, relative residual: 0.00013102750811026367
Iteration: 598, relative residual: 0.00013101212381558125
Iteration: 599, relative residual: 0.000130572063571519
Iteration: 600, relative residual: 0.000130572063571519
Residual: 0.000130572063571519. Restart...
Iteration: 601, relative residual: 0.00013026669963014416
Iteration: 602, relative residual: 0.00013026576167204557
Iteration: 603, relative residual: 0.0001302657591005999
Iteration: 604, relative residual: 0.0001302652393736012
Iteration: 605, relative residual: 0.00013026208413001501
Iteration: 606, relative residual: 0.0001302555538830089
Iteration: 607, relative residual: 0.00013024553299869146
Iteration: 608, relative residual: 0.00013023419726893064
Iteration: 609, relative residual: 0.0001302274220114106
Iteration: 610, relative residual: 0.0001302211930016544
Iteration: 611, relative residual: 0.00013022116829303676
Iteration: 612, relative residual: 0.00013021094838970785
Iteration: 613, relative residual: 0.00013020982076980902
Iteration: 614, relative residual: 0.00013020619866251676
Iteration: 615, relative residual: 0.0001301994314804712
Iteration: 616, relative residual: 0.00013019451715567707
Iteration: 617, relative residual: 0.0001301916969710394
Iteration: 618, relative residual: 0.00013018774273907197
Iteration: 619, relative residual: 0.00013016422796488405
Iteration: 620, relative residual: 0.00013015353434921953
Iteration: 621, relative residual: 0.0001301470586141006
Iteration: 622, relative residual: 0.00013011733879880104
Iteration: 623, relative residual: 0.00013010293484297278
Iteration: 624, relative residual: 0.0001300893881684923
Iteration: 625, relative residual: 0.00013004524045222922
Iteration: 626, relative residual: 0.00012992620281741457
Iteration: 627, relative residual: 0.00012981174869824405
Iteration: 628, relative residual: 0.00012973782374056032
Iteration: 629, relative residual: 0.00012970353804151098
Iteration: 630, relative residual: 0.00012970272630846429
Iteration: 631, relative residual: 0.00012969605415345708
Iteration: 632, relative residual: 0.0001296484554417549
Iteration: 633, relative residual: 0.00012964275335299033
Iteration: 634, relative residual: 0.0001296421737559252
Iteration: 635, relative residual: 0.0001296239897268409
Iteration: 636, relative residual: 0.00012961830714267118
Iteration: 637, relative residual: 0.00012961188131817704
Iteration: 638, relative residual: 0.0001296116337299908
Iteration: 639, relative residual: 0.00012959194129819263
Iteration: 640, relative residual: 0.0001295593419927254
Iteration: 641, relative residual: 0.0001295585903138572
Iteration: 642, relative residual: 0.00012955207092734994
Iteration: 643, relative residual: 0.00012954183430237924
Iteration: 644, relative residual: 0.00012954078217986613
Iteration: 645, relative residual: 0.00012952164893712104
Iteration: 646, relative residual: 0.00012946689364585432
Iteration: 647, relative residual: 0.0001294628143785192
Iteration: 648, relative residual: 0.00012946205789160728
Iteration: 649, relative residual: 0.00012946112623937007
Iteration: 650, relative residual: 0.00012945371347626065
Iteration: 651, relative residual: 0.0001294107993494963
Iteration: 652, relative residual: 0.00012933434168732524
Iteration: 653, relative residual: 0.00012929706469759307
Iteration: 654, relative residual: 0.00012928021247783853
Iteration: 655, relative residual: 0.00012927632222260404
Iteration: 656, relative residual: 0.00012927534544065534
Iteration: 657, relative residual: 0.00012923759314159683
Iteration: 658, relative residual: 0.00012911585396035077
Iteration: 659, relative residual: 0.00012894275573684653
Iteration: 660, relative residual: 0.00012894157394478356
Iteration: 661, relative residual: 0.00012893572121484276
Iteration: 662, relative residual: 0.00012892595080316372
Iteration: 663, relative residual: 0.00012877336149526568
Iteration: 664, relative residual: 0.00012851913174571447
Iteration: 665, relative residual: 0.00012837704315426406
Iteration: 666, relative residual: 0.00012837703530688114
Iteration: 667, relative residual: 0.00012813837063674772
Iteration: 668, relative residual: 0.000127763478965463
Iteration: 669, relative residual: 0.0001273473458600382
Iteration: 670, relative residual: 0.00012727798017214573
Iteration: 671, relative residual: 0.00012723969375859183
Iteration: 672, relative residual: 0.0001271825473009629
Iteration: 673, relative residual: 0.00012694940459380167
Iteration: 674, relative residual: 0.00012648716450301982
Iteration: 675, relative residual: 0.0001264121303875196
Iteration: 676, relative residual: 0.00012639277515391162
Iteration: 677, relative residual: 0.00012638863248739464
Iteration: 678, relative residual: 0.00012636881718767999
Iteration: 679, relative residual: 0.00012626252069374968
Iteration: 680, relative residual: 0.0001261283410814305
Iteration: 681, relative residual: 0.0001259431583186975
Iteration: 682, relative residual: 0.000125756990531271
Iteration: 683, relative residual: 0.0001256337376074877
Iteration: 684, relative residual: 0.00012558971736468757
Iteration: 685, relative residual: 0.0001253226827333907
Iteration: 686, relative residual: 0.0001251361958253028
Iteration: 687, relative residual: 0.0001248440126559532
Iteration: 688, relative residual: 0.00012469920241920545
Iteration: 689, relative residual: 0.00012469527497841905
Iteration: 690, relative residual: 0.0001246951779789968
Iteration: 691, relative residual: 0.00012442319324525297
Iteration: 692, relative residual: 0.00012355987093309016
Iteration: 693, relative residual: 0.00012288115505169124
Iteration: 694, relative residual: 0.0001217026445176913
Iteration: 695, relative residual: 0.0001213719522555169
Iteration: 696, relative residual: 0.00012137193070720086
Iteration: 697, relative residual: 0.00012087088082711756
Iteration: 698, relative residual: 0.00011940992712944182
Iteration: 699, relative residual: 0.00011783592261255287
Iteration: 700, relative residual: 0.00011783592261255287
Residual: 0.00011783592261255287. Restart...
Iteration: 701, relative residual: 0.00011543343095655419
Iteration: 702, relative residual: 0.00011543037483393331
Iteration: 703, relative residual: 0.00011542587866388891
Iteration: 704, relative residual: 0.00011537559711442
Iteration: 705, relative residual: 0.00011528153637380228
Iteration: 706, relative residual: 0.0001151365083839486
Iteration: 707, relative residual: 0.00011497986294342226
Iteration: 708, relative residual: 0.000114910600433112
Iteration: 709, relative residual: 0.00011486830622255423
Iteration: 710, relative residual: 0.00011486806648547134
Iteration: 711, relative residual: 0.00011483707904207457
Iteration: 712, relative residual: 0.00011480817672748418
Iteration: 713, relative residual: 0.00011473933355773367
Iteration: 714, relative residual: 0.00011473762809720238
Iteration: 715, relative residual: 0.00011470770984369231
Iteration: 716, relative residual: 0.00011464940579821084
Iteration: 717, relative residual: 0.00011462157632460565
Iteration: 718, relative residual: 0.00011448048136318555
Iteration: 719, relative residual: 0.00011437717868443606
Iteration: 720, relative residual: 0.00011435595273713418
Iteration: 721, relative residual: 0.00011421225523553146
Iteration: 722, relative residual: 0.0001139326226611783
Iteration: 723, relative residual: 0.00011390222536801042
Iteration: 724, relative residual: 0.00011388102846007168
Iteration: 725, relative residual: 0.0001137117622249742
Iteration: 726, relative residual: 0.00011344902100645058
Iteration: 727, relative residual: 0.00011304299920471709
Iteration: 728, relative residual: 0.00011270102225893576
Iteration: 729, relative residual: 0.00011261634705098728
Iteration: 730, relative residual: 0.00011259942297692688
Iteration: 731, relative residual: 0.00011255670628071838
Iteration: 732, relative residual: 0.00011244469898343061
Iteration: 733, relative residual: 0.0001124287872968591
Iteration: 734, relative residual: 0.0001124266223437597
Iteration: 735, relative residual: 0.00011239083246789957
Iteration: 736, relative residual: 0.00011219215443043282
Iteration: 737, relative residual: 0.00011210544153462489
Iteration: 738, relative residual: 0.00011210284106019486
Iteration: 739, relative residual: 0.00011204199743928424
Iteration: 740, relative residual: 0.00011197625569293308
Iteration: 741, relative residual: 0.00011194909929750617
Iteration: 742, relative residual: 0.00011191676458199231
Iteration: 743, relative residual: 0.00011191434591436402
Iteration: 744, relative residual: 0.00011188787517976404
Iteration: 745, relative residual: 0.00011180378526241175
Iteration: 746, relative residual: 0.00011180243131251577
Iteration: 747, relative residual: 0.00011178153661575582
Iteration: 748, relative residual: 0.00011170238985779859
Iteration: 749, relative residual: 0.00011155295786674705
Iteration: 750, relative residual: 0.00011148126192928093
Iteration: 751, relative residual: 0.0001114430828775619
Iteration: 752, relative residual: 0.00011142623553029038
Iteration: 753, relative residual: 0.00011141094687744501
Iteration: 754, relative residual: 0.00011141027176889259
Iteration: 755, relative residual: 0.00011139542676855017
Iteration: 756, relative residual: 0.00011135418236200774
Iteration: 757, relative residual: 0.00011125421708713936
Iteration: 758, relative residual: 0.00011125421217831755
Iteration: 759, relative residual: 0.00011125161728478563
Iteration: 760, relative residual: 0.00011125109624717997
Iteration: 761, relative residual: 0.00011123498414230493
Iteration: 762, relative residual: 0.00011123082551852491
Iteration: 763, relative residual: 0.00011122717509270219
Iteration: 764, relative residual: 0.00011119246861200788
Iteration: 765, relative residual: 0.0001111623494212561
Iteration: 766, relative residual: 0.0001111467661761382
Iteration: 767, relative residual: 0.00011113803853201713
Iteration: 768, relative residual: 0.00011113757914884819
Iteration: 769, relative residual: 0.0001110640586729235
Iteration: 770, relative residual: 0.00011106083720815153
Iteration: 771, relative residual: 0.00011068721191383585
Iteration: 772, relative residual: 0.00011048941736897704
Iteration: 773, relative residual: 0.00011048938881046725
Iteration: 774, relative residual: 0.00011041524464306262
Iteration: 775, relative residual: 0.00011035222094484414
Iteration: 776, relative residual: 0.00010992888411488641
Iteration: 777, relative residual: 0.00010968549591998465
Iteration: 778, relative residual: 0.00010960034078271054
Iteration: 779, relative residual: 0.00010959462053915589
Iteration: 780, relative residual: 0.00010952490599771658
Iteration: 781, relative residual: 0.00010926864393595366
Iteration: 782, relative residual: 0.00010894329421357544
Iteration: 783, relative residual: 0.00010873257914798997
Iteration: 784, relative residual: 0.00010870428132139826
Iteration: 785, relative residual: 0.00010863232193681713
Iteration: 786, relative residual: 0.00010847612353083519
Iteration: 787, relative residual: 0.00010802223210412202
Iteration: 788, relative residual: 0.00010772893518692226
Iteration: 789, relative residual: 0.00010754456018417192
Iteration: 790, relative residual: 0.00010747822671648099
Iteration: 791, relative residual: 0.00010746339476142079
Iteration: 792, relative residual: 0.0001073600567141699
Iteration: 793, relative residual: 0.00010724374177097719
Iteration: 794, relative residual: 0.0001070506000450338
Iteration: 795, relative residual: 0.00010674150044893797
Iteration: 796, relative residual: 0.00010665563384365226
Iteration: 797, relative residual: 0.00010660115104183402
Iteration: 798, relative residual: 0.00010653716996882835
Iteration: 799, relative residual: 0.00010639037474960516
Iteration: 800, relative residual: 0.00010639037474960516
Residual: 0.00010639037474960516. Restart...
Iteration: 801, relative residual: 0.00010616619766333882
Iteration: 802, relative residual: 0.00010616616142879698
Iteration: 803, relative residual: 0.00010616573996001633
Iteration: 804, relative residual: 0.0001061638901186855
Iteration: 805, relative residual: 0.00010616034284124186
Iteration: 806, relative residual: 0.00010614462133827106
Iteration: 807, relative residual: 0.00010612620570210469
Iteration: 808, relative residual: 0.0001061205227982317
Iteration: 809, relative residual: 0.00010611780736223534
Iteration: 810, relative residual: 0.00010611501976356742
Iteration: 811, relative residual: 0.0001061032198198124
Iteration: 812, relative residual: 0.00010609570829014537
Iteration: 813, relative residual: 0.00010607697771708937
Iteration: 814, relative residual: 0.00010607681063667662
Iteration: 815, relative residual: 0.00010607416359525773
Iteration: 816, relative residual: 0.00010606871407401872
Iteration: 817, relative residual: 0.0001060686249317264
Iteration: 818, relative residual: 0.00010606386941584442
Iteration: 819, relative residual: 0.0001060595844405717
Iteration: 820, relative residual: 0.00010605726979155703
Iteration: 821, relative residual: 0.00010603954603177607
Iteration: 822, relative residual: 0.00010603250082355327
Iteration: 823, relative residual: 0.00010603187956212702
Iteration: 824, relative residual: 0.0001060273589969972
Iteration: 825, relative residual: 0.00010601456022099762
Iteration: 826, relative residual: 0.00010599116336558412
Iteration: 827, relative residual: 0.00010591570404214868
Iteration: 828, relative residual: 0.00010586616010099234
Iteration: 829, relative residual: 0.00010582979359455148
Iteration: 830, relative residual: 0.00010582660266993249
Iteration: 831, relative residual: 0.0001058244987838831
Iteration: 832, relative residual: 0.00010581094486440395
Iteration: 833, relative residual: 0.00010579775892424225
Iteration: 834, relative residual: 0.00010579072672910493
Iteration: 835, relative residual: 0.00010578955086272814
Iteration: 836, relative residual: 0.00010578350495781062
Iteration: 837, relative residual: 0.00010573354065348617
Iteration: 838, relative residual: 0.00010572372360089919
Iteration: 839, relative residual: 0.00010570035825416629
Iteration: 840, relative residual: 0.00010563940817906868
Iteration: 841, relative residual: 0.00010556645270933306
Iteration: 842, relative residual: 0.00010551226231424123
Iteration: 843, relative residual: 0.00010546219347481717
Iteration: 844, relative residual: 0.00010544608404853887
Iteration: 845, relative residual: 0.00010533003288729328
Iteration: 846, relative residual: 0.0001052138886632955
Iteration: 847, relative residual: 0.00010520545619585745
Iteration: 848, relative residual: 0.00010520336026544435
Iteration: 849, relative residual: 0.00010517059040304116
Iteration: 850, relative residual: 0.00010512687919445474
Iteration: 851, relative residual: 0.00010508903997050105
Iteration: 852, relative residual: 0.00010505423237759496
Iteration: 853, relative residual: 0.00010503865988813427
Iteration: 854, relative residual: 0.00010503004585368221
Iteration: 855, relative residual: 0.00010502174743298758
Iteration: 856, relative residual: 0.00010501002005744964
Iteration: 857, relative residual: 0.00010493612420191775
Iteration: 858, relative residual: 0.00010481629512461074
Iteration: 859, relative residual: 0.00010470526453874717
Iteration: 860, relative residual: 0.00010466150698135247
Iteration: 861, relative residual: 0.00010463482333048566
Iteration: 862, relative residual: 0.00010462517452506879
Iteration: 863, relative residual: 0.00010462133551634272
Iteration: 864, relative residual: 0.00010456808081947228
Iteration: 865, relative residual: 0.00010438697129884729
Iteration: 866, relative residual: 0.00010427529450958369
Iteration: 867, relative residual: 0.00010427059877371882
Iteration: 868, relative residual: 0.00010427039117904815
Iteration: 869, relative residual: 0.00010423246267281782
Iteration: 870, relative residual: 0.00010415697971885338
Iteration: 871, relative residual: 0.00010406955987859673
Iteration: 872, relative residual: 0.0001039658428324824
Iteration: 873, relative residual: 0.00010396144780991699
Iteration: 874, relative residual: 0.00010395604061601433
Iteration: 875, relative residual: 0.00010390309288719266
Iteration: 876, relative residual: 0.00010371495645143727
Iteration: 877, relative residual: 0.00010351113821024858
Iteration: 878, relative residual: 0.00010350052158119847
Iteration: 879, relative residual: 0.00010345584645944403
Iteration: 880, relative residual: 0.00010342323753241514
Iteration: 881, relative residual: 0.0001033780360134816
Iteration: 882, relative residual: 0.00010331604277757505
Iteration: 883, relative residual: 0.00010328055484958816
Iteration: 884, relative residual: 0.00010327679303643435
Iteration: 885, relative residual: 0.00010327659092853465
Iteration: 886, relative residual: 0.00010325204829235517
Iteration: 887, relative residual: 0.00010316958440057589
Iteration: 888, relative residual: 0.00010305355786909554
Iteration: 889, relative residual: 0.00010299323368211151
Iteration: 890, relative residual: 0.00010291697815834819
Iteration: 891, relative residual: 0.00010290330512047428
Iteration: 892, relative residual: 0.00010275769325398148
Iteration: 893, relative residual: 0.000102544386771571
Iteration: 894, relative residual: 0.00010223025230042062
Iteration: 895, relative residual: 0.0001020277963819947
Iteration: 896, relative residual: 0.00010199008060291698
Iteration: 897, relative residual: 0.00010194164433812357
Iteration: 898, relative residual: 0.00010157053263554635
Iteration: 899, relative residual: 0.00010097948163794755
Iteration: 900, relative residual: 0.00010097948163794755
Residual: 0.00010097948163794755. Restart...
Iteration: 901, relative residual: 0.00010037942008421066
Iteration: 902, relative residual: 0.00010037939931572641
Iteration: 903, relative residual: 0.00010037866005024182
Iteration: 904, relative residual: 0.00010037417282709237
Iteration: 905, relative residual: 0.00010036873321041065
Iteration: 906, relative residual: 0.00010034465871747065
Iteration: 907, relative residual: 0.00010033502282144846
Iteration: 908, relative residual: 0.00010033484473285358
Iteration: 909, relative residual: 0.0001003342482211138
Iteration: 910, relative residual: 0.00010032709960546352
Iteration: 911, relative residual: 0.0001003203457116453
Iteration: 912, relative residual: 0.00010031435482750881
Iteration: 913, relative residual: 0.0001003137681228713
Iteration: 914, relative residual: 0.00010031372829213703
Iteration: 915, relative residual: 0.00010030693079002169
Iteration: 916, relative residual: 0.00010030577315370281
Iteration: 917, relative residual: 0.0001003008924110026
Iteration: 918, relative residual: 0.00010028567493219083
Iteration: 919, relative residual: 0.00010026208822279515
Iteration: 920, relative residual: 0.00010025995093314483
Iteration: 921, relative residual: 0.00010024133267526654
Iteration: 922, relative residual: 0.0001001928204275
Iteration: 923, relative residual: 0.00010017535266026303
Iteration: 924, relative residual: 0.00010017534933699668
Iteration: 925, relative residual: 0.00010010109733319784
Iteration: 926, relative residual: 0.0001000501738675101
Iteration: 927, relative residual: 9.988947375420749e-05
Iteration: 928, relative residual: 9.980861476509638e-05
Iteration: 929, relative residual: 9.98038541000639e-05
Iteration: 930, relative residual: 9.980352160442112e-05
Iteration: 931, relative residual: 9.978510146505938e-05
Iteration: 932, relative residual: 9.976663024207781e-05
Iteration: 933, relative residual: 9.974953501779328e-05
Iteration: 934, relative residual: 9.974946854439619e-05
Iteration: 935, relative residual: 9.974614387497074e-05
Iteration: 936, relative residual: 9.966980577544102e-05
Iteration: 937, relative residual: 9.952242370865406e-05
Iteration: 938, relative residual: 9.951992374312155e-05
Iteration: 939, relative residual: 9.946016733372321e-05
Iteration: 940, relative residual: 9.942379387168958e-05
Iteration: 941, relative residual: 9.93488063225405e-05
Iteration: 942, relative residual: 9.933708876996459e-05
Iteration: 943, relative residual: 9.933000507909502e-05
Iteration: 944, relative residual: 9.92916089145896e-05
Iteration: 945, relative residual: 9.929152469891143e-05
Iteration: 946, relative residual: 9.92858837844813e-05
Iteration: 947, relative residual: 9.927242980997568e-05
Iteration: 948, relative residual: 9.924886451147063e-05
Iteration: 949, relative residual: 9.923084670947633e-05
Iteration: 950, relative residual: 9.9183548648585e-05
Iteration: 951, relative residual: 9.917742529447588e-05
Iteration: 952, relative residual: 9.91745792551742e-05
Iteration: 953, relative residual: 9.915376574979442e-05
Iteration: 954, relative residual: 9.915376215244455e-05
Iteration: 955, relative residual: 9.914881762379543e-05
Iteration: 956, relative residual: 9.914292910794417e-05
Iteration: 957, relative residual: 9.912661391209077e-05
Iteration: 958, relative residual: 9.908381347979253e-05
Iteration: 959, relative residual: 9.906497276173841e-05
Iteration: 960, relative residual: 9.90352950391614e-05
Iteration: 961, relative residual: 9.903526992851056e-05
Iteration: 962, relative residual: 9.903372361713766e-05
Iteration: 963, relative residual: 9.901481641800491e-05
Iteration: 964, relative residual: 9.894256536064181e-05
Iteration: 965, relative residual: 9.88360389453509e-05
Iteration: 966, relative residual: 9.87941561392686e-05
Iteration: 967, relative residual: 9.879365187038582e-05
Iteration: 968, relative residual: 9.879331092516448e-05
Iteration: 969, relative residual: 9.874012094733457e-05
Iteration: 970, relative residual: 9.870335927074642e-05
Iteration: 971, relative residual: 9.862328323043087e-05
Iteration: 972, relative residual: 9.857257087275086e-05
Iteration: 973, relative residual: 9.857247405556826e-05
Iteration: 974, relative residual: 9.854208797410575e-05
Iteration: 975, relative residual: 9.837401049669355e-05
Iteration: 976, relative residual: 9.8145711983227e-05
Iteration: 977, relative residual: 9.796938895266288e-05
Iteration: 978, relative residual: 9.788615753563644e-05
Iteration: 979, relative residual: 9.788604650195163e-05
Iteration: 980, relative residual: 9.781227664765607e-05
Iteration: 981, relative residual: 9.770245204799727e-05
Iteration: 982, relative residual: 9.746282777462585e-05
Iteration: 983, relative residual: 9.739432787887288e-05
Iteration: 984, relative residual: 9.73903944351641e-05
Iteration: 985, relative residual: 9.729077137040977e-05
Iteration: 986, relative residual: 9.713977853348583e-05
Iteration: 987, relative residual: 9.693248947855084e-05
Iteration: 988, relative residual: 9.676863766087635e-05
Iteration: 989, relative residual: 9.672101754499878e-05
Iteration: 990, relative residual: 9.672100120775228e-05
Iteration: 991, relative residual: 9.660805561100585e-05
Iteration: 992, relative residual: 9.64129217964418e-05
Iteration: 993, relative residual: 9.630989092292153e-05
Iteration: 994, relative residual: 9.620696547042012e-05
Iteration: 995, relative residual: 9.608979035533642e-05
Iteration: 996, relative residual: 9.59346455276069e-05
Iteration: 997, relative residual: 9.572832034051025e-05
Iteration: 998, relative residual: 9.566008153776152e-05
Iteration: 999, relative residual: 9.565992237711784e-05
Iteration: 1000, relative residual: 9.565992237711784e-05
Residual: 9.565992237711784e-05. Restart...
Warning!!!!You have reached the maximum number of iterations : 1000.
The run will stop. Check the residual behaviour you might have a bug.For future runs you might consider changing the tolerance or increasing the number of max_iter.
Solve time        : 9691.72416639328s

Calculate Solvation Energy (E_solv)
Calculating solvation energy for region 1, stored in E_solv[0]
6149.170291509065 of 628936 analytical integrals for phi_reac calculation in region 1
Time E_solv: 29.253894805908203s
Region 1: E_solv = -9169.398701970817 kcal/mol = -38364.7641690459 kJ/mol

Calculate Surface Energy (E_surf)
Time E_surf: 0.020951509475708008s

Calculate Coulomb Energy (E_coul)
Calculate Coulomb energy for region 1
Region 1: E_coul = -295436.38184704224 kcal/mol = -1236105.8216480247 kJ/mol
Time E_coul: 34.658339977264404s

------------------------------
Totals:
E_solv = -9169.398701970817 kcal/mol
E_surf = 0 kcal/mol
E_coul = -295436.38184704224 kcal/mol

Time = 9844.730570554733 s
