Run started on:
	Date: 2020/5/25
	Time: 1:0:34
	PyGBe version: 0.3.2+5.gea0f875
Config file: /cobra/u/gvargas/code/hPB/pygbe/pygbe/myCrownFinShots/sarsCov2/snap5/snap5.config
Parameter file: /cobra/u/gvargas/code/hPB/pygbe/pygbe/myCrownFinShots/sarsCov2/snap5/snap5.param
Geometry folder: /cobra/u/gvargas/code/hPB/pygbe/pygbe/myCrownFinShots/sarsCov2/snap5/geometry
Running in: /cobra/u/gvargas/code/hPB/pygbe/pygbe/myCrownFinShots/sarsCov2/snap5

Reading surface 0 from file geometry/crownVF
Time load mesh: 10.875876188278198
Removed areas=0: 240

Total elements : 653010
Total equations: 1306020
----------------------------

1 surfaces:

Surface 0:
	653010 elements
	Surface type         : dielectric_interface
	Cells                : 4512
	Twigs                : 3841
	Levels               : 7
	C0 size              : 126.85951839027142
	C0 box center        : 122.64364023368708, 128.08846006288826, 98.67931952139581
	Twig cell size       : 1.982179974847991
	Rbox/theta           : 3.964359949695982
	Analytic distance    : 1.2955080702313118
	Elem. per Ang^2      : 4.171137614211833
	Max, min, avg elem.  : 1.3058405812229636, 4.999999999976695e-07, 0.2397427494582811
	Total area           : 156554.41282375215
------------------------------

2 regions:

Region 0:
	Laplace or Yukawa: 2
	kappa            : 0.125
	dielectric const : 80.0
	Number of charges: 0
	Parent surface   : []
	Child surfaces   : [0]
Region 1:
	Laplace or Yukawa: 1
	kappa            : 1e-12
	dielectric const : 4.0
	Number of charges: 61338
	Parent surface   : [0]
	Child surfaces   : []
------------------------------

Parameters:
	Data type               : <class 'numpy.float64'>
	Use GPU                 : 1
	P                       : 4
	threshold               : 0.50
	theta                   : 0.50
	NCRIT                   : 500
	CUDA block size         : 128
	Gauss points per element: 1
	Gauss points near singlr: 25
	1D Gauss points per side: 9
	GMRES tolerance         : 1e-05
	GMRES max iterations    : 1000
	GMRES restart iteration : 100
----------------------------

Generate interaction list
Transfer data to GPU
Generate RHS
List time          : 4.148176431655884s
Data transfer time : 0.5646471977233887s
RHS generation time: 6.729262351989746s
------------------------------
Total setup time   : 88.53518414497375s
Solve
Iteration: 1, relative residual: 0.5738357036305207
Iteration: 2, relative residual: 0.35224249140522534
Iteration: 3, relative residual: 0.2833001389842061
Iteration: 4, relative residual: 0.2714496053656582
Iteration: 5, relative residual: 0.2031596486134183
Iteration: 6, relative residual: 0.18241685661852938
Iteration: 7, relative residual: 0.16723027024372866
Iteration: 8, relative residual: 0.1229731197843301
Iteration: 9, relative residual: 0.10428823986794963
Iteration: 10, relative residual: 0.0838184705396172
Iteration: 11, relative residual: 0.08297462846095142
Iteration: 12, relative residual: 0.06585556681760024
Iteration: 13, relative residual: 0.06296999277452801
Iteration: 14, relative residual: 0.051819434511914016
Iteration: 15, relative residual: 0.04740754620694488
Iteration: 16, relative residual: 0.03565327070633661
Iteration: 17, relative residual: 0.03161549507161722
Iteration: 18, relative residual: 0.024775853588356107
Iteration: 19, relative residual: 0.021687716844894882
Iteration: 20, relative residual: 0.020156180950997273
Iteration: 21, relative residual: 0.017259456635063255
Iteration: 22, relative residual: 0.015539354831290781
Iteration: 23, relative residual: 0.015493325277346445
Iteration: 24, relative residual: 0.01472377028613388
Iteration: 25, relative residual: 0.012035107197185495
Iteration: 26, relative residual: 0.011506716270631509
Iteration: 27, relative residual: 0.011211840834345522
Iteration: 28, relative residual: 0.01119853264897106
Iteration: 29, relative residual: 0.011196229705842433
Iteration: 30, relative residual: 0.010370335390756075
Iteration: 31, relative residual: 0.009944243571657558
Iteration: 32, relative residual: 0.009758589038098885
Iteration: 33, relative residual: 0.008434625166800309
Iteration: 34, relative residual: 0.006866207059906874
Iteration: 35, relative residual: 0.006165031009735702
Iteration: 36, relative residual: 0.0053140694523019375
Iteration: 37, relative residual: 0.0046176539617756775
Iteration: 38, relative residual: 0.004162229002118808
Iteration: 39, relative residual: 0.0039062131447142223
Iteration: 40, relative residual: 0.0036915443165800735
Iteration: 41, relative residual: 0.0036317507359514925
Iteration: 42, relative residual: 0.003596901989460442
Iteration: 43, relative residual: 0.003594774318184121
Iteration: 44, relative residual: 0.003560690554178783
Iteration: 45, relative residual: 0.0035255016551117174
Iteration: 46, relative residual: 0.0035076386379721764
Iteration: 47, relative residual: 0.0034977482957694187
Iteration: 48, relative residual: 0.003461986432992564
Iteration: 49, relative residual: 0.0033385265691647805
Iteration: 50, relative residual: 0.003172816357747952
Iteration: 51, relative residual: 0.0031356501445564755
Iteration: 52, relative residual: 0.003116560880588366
Iteration: 53, relative residual: 0.003079063023290057
Iteration: 54, relative residual: 0.0028459428952000666
Iteration: 55, relative residual: 0.0027571652280690105
Iteration: 56, relative residual: 0.002519579250464849
Iteration: 57, relative residual: 0.0024508060938705696
Iteration: 58, relative residual: 0.0024507028627880237
Iteration: 59, relative residual: 0.0024414106297153894
Iteration: 60, relative residual: 0.002373142409969631
Iteration: 61, relative residual: 0.0022642749403733132
Iteration: 62, relative residual: 0.002212978432683966
Iteration: 63, relative residual: 0.00219383701743048
Iteration: 64, relative residual: 0.002170256095516853
Iteration: 65, relative residual: 0.0021377872810053756
Iteration: 66, relative residual: 0.002092443485563072
Iteration: 67, relative residual: 0.002089008252018576
Iteration: 68, relative residual: 0.0020646205873323686
Iteration: 69, relative residual: 0.0019293499409398977
Iteration: 70, relative residual: 0.0017992472489419516
Iteration: 71, relative residual: 0.0017788760847007514
Iteration: 72, relative residual: 0.0017727209867728214
Iteration: 73, relative residual: 0.0017706293493291775
Iteration: 74, relative residual: 0.001746772043911558
Iteration: 75, relative residual: 0.0016725792630854618
Iteration: 76, relative residual: 0.001631451774586574
Iteration: 77, relative residual: 0.0016277037973448088
Iteration: 78, relative residual: 0.001619068703192206
Iteration: 79, relative residual: 0.001579205606581561
Iteration: 80, relative residual: 0.0015022706072271067
Iteration: 81, relative residual: 0.0013890395692526668
Iteration: 82, relative residual: 0.0013720516044581118
Iteration: 83, relative residual: 0.0013688209177163257
Iteration: 84, relative residual: 0.0013672133184495195
Iteration: 85, relative residual: 0.0013609474989416648
Iteration: 86, relative residual: 0.0013365934622919763
Iteration: 87, relative residual: 0.0013115326900804264
Iteration: 88, relative residual: 0.001305888545076857
Iteration: 89, relative residual: 0.0013058874511019654
Iteration: 90, relative residual: 0.001296643437189791
Iteration: 91, relative residual: 0.0012713339046479615
Iteration: 92, relative residual: 0.0012347129763778354
Iteration: 93, relative residual: 0.0011967887224452044
Iteration: 94, relative residual: 0.0011713395052565978
Iteration: 95, relative residual: 0.0011631388629637935
Iteration: 96, relative residual: 0.0011631328104523123
Iteration: 97, relative residual: 0.0011478906167222353
Iteration: 98, relative residual: 0.001115749106410477
Iteration: 99, relative residual: 0.0010923476934025554
Iteration: 100, relative residual: 0.0010923476934025554
Residual: 0.0010923476934025554. Restart...
Iteration: 101, relative residual: 0.0010876253755168258
Iteration: 102, relative residual: 0.0010876252185212936
Iteration: 103, relative residual: 0.0010876242747613774
Iteration: 104, relative residual: 0.0010876183260277743
Iteration: 105, relative residual: 0.0010875781140803902
Iteration: 106, relative residual: 0.0010874881355941307
Iteration: 107, relative residual: 0.0010873658842615456
Iteration: 108, relative residual: 0.0010867865592689451
Iteration: 109, relative residual: 0.0010860513985286844
Iteration: 110, relative residual: 0.0010840656145592556
Iteration: 111, relative residual: 0.0010814121910579318
Iteration: 112, relative residual: 0.0010810143750969094
Iteration: 113, relative residual: 0.0010804252540952972
Iteration: 114, relative residual: 0.0010782175548124748
Iteration: 115, relative residual: 0.0010748830350162503
Iteration: 116, relative residual: 0.0010731548507734352
Iteration: 117, relative residual: 0.0010720210271488383
Iteration: 118, relative residual: 0.0010719815050331154
Iteration: 119, relative residual: 0.0010718299991374673
Iteration: 120, relative residual: 0.001071470693218556
Iteration: 121, relative residual: 0.001071413179623441
Iteration: 122, relative residual: 0.0010714023604403147
Iteration: 123, relative residual: 0.0010710306579260894
Iteration: 124, relative residual: 0.0010690202837409263
Iteration: 125, relative residual: 0.001066931333486421
Iteration: 126, relative residual: 0.0010650284975880961
Iteration: 127, relative residual: 0.001064413707198145
Iteration: 128, relative residual: 0.0010644121310511012
Iteration: 129, relative residual: 0.0010643384547955616
Iteration: 130, relative residual: 0.001063523206433071
Iteration: 131, relative residual: 0.001061736534501617
Iteration: 132, relative residual: 0.0010610121012118044
Iteration: 133, relative residual: 0.0010609644214367767
Iteration: 134, relative residual: 0.0010605299920820527
Iteration: 135, relative residual: 0.0010576926576360039
Iteration: 136, relative residual: 0.0010545218519746092
Iteration: 137, relative residual: 0.001050718856530242
Iteration: 138, relative residual: 0.001046980811328809
Iteration: 139, relative residual: 0.0010457737592189293
Iteration: 140, relative residual: 0.0010456898256842994
Iteration: 141, relative residual: 0.0010449191432666217
Iteration: 142, relative residual: 0.0010438657180193945
Iteration: 143, relative residual: 0.0010424600209042911
Iteration: 144, relative residual: 0.0010413828022373677
Iteration: 145, relative residual: 0.0010413357747232573
Iteration: 146, relative residual: 0.0010408810726808256
Iteration: 147, relative residual: 0.0010392762808784026
Iteration: 148, relative residual: 0.0010379533060451474
Iteration: 149, relative residual: 0.0010367419383626576
Iteration: 150, relative residual: 0.001034980498661767
Iteration: 151, relative residual: 0.0010348046089384887
Iteration: 152, relative residual: 0.001034775160335792
Iteration: 153, relative residual: 0.0010341814120278245
Iteration: 154, relative residual: 0.0010336545928642418
Iteration: 155, relative residual: 0.0010331387547917303
Iteration: 156, relative residual: 0.001033042006695968
Iteration: 157, relative residual: 0.0010319243621394365
Iteration: 158, relative residual: 0.001029399987645896
Iteration: 159, relative residual: 0.0010275986718289404
Iteration: 160, relative residual: 0.0010270845428167665
Iteration: 161, relative residual: 0.0010269166868546707
Iteration: 162, relative residual: 0.0010240315946095488
Iteration: 163, relative residual: 0.0010222811304989232
Iteration: 164, relative residual: 0.0010216251094182986
Iteration: 165, relative residual: 0.0010214377635683592
Iteration: 166, relative residual: 0.0010205900666019221
Iteration: 167, relative residual: 0.001016241663877092
Iteration: 168, relative residual: 0.0010134057316651059
Iteration: 169, relative residual: 0.0010117585069293424
Iteration: 170, relative residual: 0.001011625642716333
Iteration: 171, relative residual: 0.0010079251074155444
Iteration: 172, relative residual: 0.0009965756214356139
Iteration: 173, relative residual: 0.0009907953205572557
Iteration: 174, relative residual: 0.0009846368087394993
Iteration: 175, relative residual: 0.0009791696226174793
Iteration: 176, relative residual: 0.0009791366080598518
Iteration: 177, relative residual: 0.0009669009779822277
Iteration: 178, relative residual: 0.0009536561778139848
Iteration: 179, relative residual: 0.000947629540801916
Iteration: 180, relative residual: 0.0009466067639678151
Iteration: 181, relative residual: 0.0009461823240106715
Iteration: 182, relative residual: 0.0009416923981157767
Iteration: 183, relative residual: 0.0009312626293231103
Iteration: 184, relative residual: 0.0009135705589258098
Iteration: 185, relative residual: 0.0008992063906535301
Iteration: 186, relative residual: 0.0008895570854478622
Iteration: 187, relative residual: 0.0008892651193708666
Iteration: 188, relative residual: 0.0008885989634217956
Iteration: 189, relative residual: 0.0008860997925292016
Iteration: 190, relative residual: 0.0008831818867993235
Iteration: 191, relative residual: 0.0008768957874908726
Iteration: 192, relative residual: 0.0008735181361717427
Iteration: 193, relative residual: 0.0008731422892870667
Iteration: 194, relative residual: 0.0008702700018589584
Iteration: 195, relative residual: 0.0008688649158899883
Iteration: 196, relative residual: 0.000865524391551007
Iteration: 197, relative residual: 0.0008623223262551867
Iteration: 198, relative residual: 0.000862268565172546
Iteration: 199, relative residual: 0.0008565523100613977
Iteration: 200, relative residual: 0.0008565523100613977
Residual: 0.0008565523100613977. Restart...
Iteration: 201, relative residual: 0.0008500429825382881
Iteration: 202, relative residual: 0.0008500418727307548
Iteration: 203, relative residual: 0.0008500370228158737
Iteration: 204, relative residual: 0.0008500172759899208
Iteration: 205, relative residual: 0.000849971293327903
Iteration: 206, relative residual: 0.0008498896238920225
Iteration: 207, relative residual: 0.000849850342795008
Iteration: 208, relative residual: 0.0008498395649322615
Iteration: 209, relative residual: 0.0008497313556827106
Iteration: 210, relative residual: 0.000849682661906691
Iteration: 211, relative residual: 0.0008496756507515763
Iteration: 212, relative residual: 0.0008496618540385433
Iteration: 213, relative residual: 0.0008496303949672851
Iteration: 214, relative residual: 0.0008495965673971481
Iteration: 215, relative residual: 0.0008495888178972537
Iteration: 216, relative residual: 0.0008495791632386039
Iteration: 217, relative residual: 0.0008495778258746942
Iteration: 218, relative residual: 0.00084955561179486
Iteration: 219, relative residual: 0.0008495443484606119
Iteration: 220, relative residual: 0.0008494080967797209
Iteration: 221, relative residual: 0.0008493804104570193
Iteration: 222, relative residual: 0.0008493738521253108
Iteration: 223, relative residual: 0.000849285942216125
Iteration: 224, relative residual: 0.0008491496512874282
Iteration: 225, relative residual: 0.0008490993044768174
Iteration: 226, relative residual: 0.0008490897591534571
Iteration: 227, relative residual: 0.000849080189712144
Iteration: 228, relative residual: 0.0008487726967081849
Iteration: 229, relative residual: 0.0008482041847836324
Iteration: 230, relative residual: 0.000847502011250915
Iteration: 231, relative residual: 0.0008457708745746685
Iteration: 232, relative residual: 0.0008450243265374418
Iteration: 233, relative residual: 0.0008436870117792561
Iteration: 234, relative residual: 0.0008414572649874679
Iteration: 235, relative residual: 0.0008408257389361411
Iteration: 236, relative residual: 0.0008408245927180306
Iteration: 237, relative residual: 0.0008400911168729694
Iteration: 238, relative residual: 0.0008382228472244234
Iteration: 239, relative residual: 0.0008375033134220692
Iteration: 240, relative residual: 0.0008374922005051487
Iteration: 241, relative residual: 0.000837143256468507
Iteration: 242, relative residual: 0.0008366272871358925
Iteration: 243, relative residual: 0.0008346079441231135
Iteration: 244, relative residual: 0.0008320252188877437
Iteration: 245, relative residual: 0.0008295807083969772
Iteration: 246, relative residual: 0.0008295383150977034
Iteration: 247, relative residual: 0.0008288022855941249
Iteration: 248, relative residual: 0.0008269951042144771
Iteration: 249, relative residual: 0.0008259795853467536
Iteration: 250, relative residual: 0.0008240048666740474
Iteration: 251, relative residual: 0.0008239644307102351
Iteration: 252, relative residual: 0.0008237754245118645
Iteration: 253, relative residual: 0.000821487077592871
Iteration: 254, relative residual: 0.0008196565783283773
Iteration: 255, relative residual: 0.0008195608608568401
Iteration: 256, relative residual: 0.0008195402390395124
Iteration: 257, relative residual: 0.0008189623173091602
Iteration: 258, relative residual: 0.0008173177787259974
Iteration: 259, relative residual: 0.0008156575631623312
Iteration: 260, relative residual: 0.0008139672204895272
Iteration: 261, relative residual: 0.0008133523318223228
Iteration: 262, relative residual: 0.0008109330390102809
Iteration: 263, relative residual: 0.0008083249277302567
Iteration: 264, relative residual: 0.0008053360568283512
Iteration: 265, relative residual: 0.000802891533772672
Iteration: 266, relative residual: 0.0008028710219288581
Iteration: 267, relative residual: 0.0008001869670046394
Iteration: 268, relative residual: 0.0007945012505976293
Iteration: 269, relative residual: 0.0007920684667177986
Iteration: 270, relative residual: 0.0007916574392391037
Iteration: 271, relative residual: 0.0007916003623369668
Iteration: 272, relative residual: 0.0007903332725957833
Iteration: 273, relative residual: 0.0007836817286076214
Iteration: 274, relative residual: 0.0007796486354801662
Iteration: 275, relative residual: 0.0007758999903314939
Iteration: 276, relative residual: 0.0007756611215031528
Iteration: 277, relative residual: 0.0007731242928046794
Iteration: 278, relative residual: 0.0007680437626211138
Iteration: 279, relative residual: 0.0007654794429937263
Iteration: 280, relative residual: 0.0007619623946085864
Iteration: 281, relative residual: 0.0007617635743761353
Iteration: 282, relative residual: 0.0007576743627745764
Iteration: 283, relative residual: 0.0007474529737658674
Iteration: 284, relative residual: 0.0007308509040969601
Iteration: 285, relative residual: 0.0007218950132833774
Iteration: 286, relative residual: 0.0007211788804025557
Iteration: 287, relative residual: 0.0007208519286479614
Iteration: 288, relative residual: 0.0007193885607915842
Iteration: 289, relative residual: 0.0007084907751619101
Iteration: 290, relative residual: 0.0006995244057344474
Iteration: 291, relative residual: 0.0006993327305835589
Iteration: 292, relative residual: 0.0006990697950531211
Iteration: 293, relative residual: 0.0006935896922774857
Iteration: 294, relative residual: 0.0006819719079636009
Iteration: 295, relative residual: 0.00065649502225401
Iteration: 296, relative residual: 0.0006341412493087458
Iteration: 297, relative residual: 0.000624580801568902
Iteration: 298, relative residual: 0.0006217509012812078
Iteration: 299, relative residual: 0.0006182413876530803
Iteration: 300, relative residual: 0.0006182413876530803
Residual: 0.0006182413876530803. Restart...
Iteration: 301, relative residual: 0.0006074197944732675
Iteration: 302, relative residual: 0.0006074098377047553
Iteration: 303, relative residual: 0.0006074009758532228
Iteration: 304, relative residual: 0.0006073273711652523
Iteration: 305, relative residual: 0.0006070882177400638
Iteration: 306, relative residual: 0.0006068740140397215
Iteration: 307, relative residual: 0.0006063783033558402
Iteration: 308, relative residual: 0.0006056963175386295
Iteration: 309, relative residual: 0.0006056053918092463
Iteration: 310, relative residual: 0.0006055871149715559
Iteration: 311, relative residual: 0.0006052611836281927
Iteration: 312, relative residual: 0.0006051480591066885
Iteration: 313, relative residual: 0.0006048998643088756
Iteration: 314, relative residual: 0.0006042049133615938
Iteration: 315, relative residual: 0.0006029120554325811
Iteration: 316, relative residual: 0.0006023663751964369
Iteration: 317, relative residual: 0.0006023652261565801
Iteration: 318, relative residual: 0.0006019046820870814
Iteration: 319, relative residual: 0.0006006364462589199
Iteration: 320, relative residual: 0.0006004224186778017
Iteration: 321, relative residual: 0.0006004141011533644
Iteration: 322, relative residual: 0.000599543787492461
Iteration: 323, relative residual: 0.0005991048414531111
Iteration: 324, relative residual: 0.0005982990854535832
Iteration: 325, relative residual: 0.0005980639666986189
Iteration: 326, relative residual: 0.0005980114256586592
Iteration: 327, relative residual: 0.0005967512454039267
Iteration: 328, relative residual: 0.0005910126276296021
Iteration: 329, relative residual: 0.0005850192003587047
Iteration: 330, relative residual: 0.0005790710715776299
Iteration: 331, relative residual: 0.000574915708401219
Iteration: 332, relative residual: 0.0005729277575221204
Iteration: 333, relative residual: 0.0005729273947300926
Iteration: 334, relative residual: 0.0005714246789999075
Iteration: 335, relative residual: 0.0005662722507427191
Iteration: 336, relative residual: 0.0005630833041809497
Iteration: 337, relative residual: 0.0005612065798738959
Iteration: 338, relative residual: 0.0005607154639631193
Iteration: 339, relative residual: 0.0005607089393770151
Iteration: 340, relative residual: 0.0005587323190965938
Iteration: 341, relative residual: 0.0005545148686390107
Iteration: 342, relative residual: 0.0005514064065447847
Iteration: 343, relative residual: 0.0005504513503843643
Iteration: 344, relative residual: 0.0005503556442975675
Iteration: 345, relative residual: 0.0005489482187916695
Iteration: 346, relative residual: 0.0005460851818718255
Iteration: 347, relative residual: 0.0005443449339367133
Iteration: 348, relative residual: 0.0005439179715497765
Iteration: 349, relative residual: 0.0005438341051955884
Iteration: 350, relative residual: 0.0005412832748129629
Iteration: 351, relative residual: 0.0005370553250051535
Iteration: 352, relative residual: 0.0005353145931196057
Iteration: 353, relative residual: 0.0005350524123481216
Iteration: 354, relative residual: 0.000535052410182305
Iteration: 355, relative residual: 0.0005330421164832601
Iteration: 356, relative residual: 0.0005309873176775177
Iteration: 357, relative residual: 0.0005294829495388399
Iteration: 358, relative residual: 0.0005286212996529187
Iteration: 359, relative residual: 0.0005281103936748798
Iteration: 360, relative residual: 0.0005200304638110806
Iteration: 361, relative residual: 0.000518078623587731
Iteration: 362, relative residual: 0.0005174808076911243
Iteration: 363, relative residual: 0.0005166637191396129
Iteration: 364, relative residual: 0.0005153766756831218
Iteration: 365, relative residual: 0.0005076487257630434
Iteration: 366, relative residual: 0.0005046638908539413
Iteration: 367, relative residual: 0.0005033372748356389
Iteration: 368, relative residual: 0.000503247641580899
Iteration: 369, relative residual: 0.0005027080299574725
Iteration: 370, relative residual: 0.0005019779331759733
Iteration: 371, relative residual: 0.0004984986124778736
Iteration: 372, relative residual: 0.000495687109409784
Iteration: 373, relative residual: 0.0004956641453135559
Iteration: 374, relative residual: 0.0004929100126958378
Iteration: 375, relative residual: 0.0004904732932922381
Iteration: 376, relative residual: 0.0004840899607437028
Iteration: 377, relative residual: 0.0004834585186029227
Iteration: 378, relative residual: 0.0004828630967210593
Iteration: 379, relative residual: 0.0004821138695201343
Iteration: 380, relative residual: 0.00047981615299349037
Iteration: 381, relative residual: 0.00047845481549256693
Iteration: 382, relative residual: 0.0004770496002823056
Iteration: 383, relative residual: 0.00047668236969220906
Iteration: 384, relative residual: 0.00047668213028401256
Iteration: 385, relative residual: 0.0004742539251828697
Iteration: 386, relative residual: 0.00047266963360910664
Iteration: 387, relative residual: 0.0004693400937502332
Iteration: 388, relative residual: 0.00046816356684180457
Iteration: 389, relative residual: 0.000466940968468922
Iteration: 390, relative residual: 0.0004668773252825115
Iteration: 391, relative residual: 0.0004667322601521914
Iteration: 392, relative residual: 0.00046513068850357686
Iteration: 393, relative residual: 0.00046376513957783447
Iteration: 394, relative residual: 0.0004627762500343097
Iteration: 395, relative residual: 0.0004615391355358932
Iteration: 396, relative residual: 0.0004605873024319318
Iteration: 397, relative residual: 0.00045333054888094595
Iteration: 398, relative residual: 0.0004509076322025936
Iteration: 399, relative residual: 0.0004508989405307385
Iteration: 400, relative residual: 0.0004508989405307385
Residual: 0.0004508989405307385. Restart...
Iteration: 401, relative residual: 0.0004508202346260289
Iteration: 402, relative residual: 0.0004508202087844817
Iteration: 403, relative residual: 0.00045082015181229624
Iteration: 404, relative residual: 0.00045082010295725475
Iteration: 405, relative residual: 0.00045082000895486126
Iteration: 406, relative residual: 0.00045081990577462466
Iteration: 407, relative residual: 0.00045081978604496987
Iteration: 408, relative residual: 0.00045081938273098724
Iteration: 409, relative residual: 0.0004508145503449531
Iteration: 410, relative residual: 0.0004508077130935185
Iteration: 411, relative residual: 0.00045080771169262227
Iteration: 412, relative residual: 0.00045079220448958
Iteration: 413, relative residual: 0.0004507495323447775
Iteration: 414, relative residual: 0.0004507161944009176
Iteration: 415, relative residual: 0.00045070613626511
Iteration: 416, relative residual: 0.00045070612506512394
Iteration: 417, relative residual: 0.0004506913764275449
Iteration: 418, relative residual: 0.0004506713707662119
Iteration: 419, relative residual: 0.0004506604881952023
Iteration: 420, relative residual: 0.0004506564722418602
Iteration: 421, relative residual: 0.0004506555348124555
Iteration: 422, relative residual: 0.00045065119501097475
Iteration: 423, relative residual: 0.00045063052628399527
Iteration: 424, relative residual: 0.00045061808301424507
Iteration: 425, relative residual: 0.0004506135696038251
Iteration: 426, relative residual: 0.0004506045196754299
Iteration: 427, relative residual: 0.0004503064832146073
Iteration: 428, relative residual: 0.0004494605983784261
Iteration: 429, relative residual: 0.0004486277688515813
Iteration: 430, relative residual: 0.0004482064061385401
Iteration: 431, relative residual: 0.0004478458859765621
Iteration: 432, relative residual: 0.00044754017954085404
Iteration: 433, relative residual: 0.0004473369846015357
Iteration: 434, relative residual: 0.0004472938216239064
Iteration: 435, relative residual: 0.0004472683826306826
Iteration: 436, relative residual: 0.00044692214455006445
Iteration: 437, relative residual: 0.00044622178824566005
Iteration: 438, relative residual: 0.0004455966145247558
Iteration: 439, relative residual: 0.0004454132807458263
Iteration: 440, relative residual: 0.00044541315786964647
Iteration: 441, relative residual: 0.00044520584042911996
Iteration: 442, relative residual: 0.0004446331010752343
Iteration: 443, relative residual: 0.0004439273098975261
Iteration: 444, relative residual: 0.0004437210221764158
Iteration: 445, relative residual: 0.0004434532137648683
Iteration: 446, relative residual: 0.00044266997677714417
Iteration: 447, relative residual: 0.00044178640333732226
Iteration: 448, relative residual: 0.00044108570751591177
Iteration: 449, relative residual: 0.0004407145848500396
Iteration: 450, relative residual: 0.00044059857144724483
Iteration: 451, relative residual: 0.00044037846011665236
Iteration: 452, relative residual: 0.00043932818842556693
Iteration: 453, relative residual: 0.00043802189553693077
Iteration: 454, relative residual: 0.00043771257931188377
Iteration: 455, relative residual: 0.00043744589559524235
Iteration: 456, relative residual: 0.00043561001973023243
Iteration: 457, relative residual: 0.0004330733969841173
Iteration: 458, relative residual: 0.00043148411801939714
Iteration: 459, relative residual: 0.0004306623608259447
Iteration: 460, relative residual: 0.0004306188683607973
Iteration: 461, relative residual: 0.0004296717958632525
Iteration: 462, relative residual: 0.00042771267803268893
Iteration: 463, relative residual: 0.0004273502510877209
Iteration: 464, relative residual: 0.000427282653997878
Iteration: 465, relative residual: 0.0004272525403364689
Iteration: 466, relative residual: 0.0004263253015527061
Iteration: 467, relative residual: 0.00042412074343734527
Iteration: 468, relative residual: 0.00042180747433777767
Iteration: 469, relative residual: 0.00042157941783563593
Iteration: 470, relative residual: 0.0004215392689394923
Iteration: 471, relative residual: 0.0004204236024019705
Iteration: 472, relative residual: 0.00041915514774020597
Iteration: 473, relative residual: 0.0004174421344262974
Iteration: 474, relative residual: 0.00041687289816740627
Iteration: 475, relative residual: 0.00041674706400286624
Iteration: 476, relative residual: 0.00041664468270677596
Iteration: 477, relative residual: 0.00041502446927428594
Iteration: 478, relative residual: 0.00041330293470507164
Iteration: 479, relative residual: 0.00041298456485453714
Iteration: 480, relative residual: 0.00041296875546661336
Iteration: 481, relative residual: 0.00041295340683934295
Iteration: 482, relative residual: 0.0004120233721702652
Iteration: 483, relative residual: 0.000410652717530812
Iteration: 484, relative residual: 0.000409508533943159
Iteration: 485, relative residual: 0.0004091637857524802
Iteration: 486, relative residual: 0.00040913151224090466
Iteration: 487, relative residual: 0.00040773444796501706
Iteration: 488, relative residual: 0.00040516257623736943
Iteration: 489, relative residual: 0.00040156062619056384
Iteration: 490, relative residual: 0.0004014935410176722
Iteration: 491, relative residual: 0.0004012260353145639
Iteration: 492, relative residual: 0.0004002227110534213
Iteration: 493, relative residual: 0.00039760369275633153
Iteration: 494, relative residual: 0.00039582085770176575
Iteration: 495, relative residual: 0.0003956487960739866
Iteration: 496, relative residual: 0.00039375743067976426
Iteration: 497, relative residual: 0.0003896588721492011
Iteration: 498, relative residual: 0.00038542809190005934
Iteration: 499, relative residual: 0.0003823728603259997
Iteration: 500, relative residual: 0.0003823728603259997
Residual: 0.0003823728603259997. Restart...
Iteration: 501, relative residual: 0.00038098244211911896
Iteration: 502, relative residual: 0.0003809822916185625
Iteration: 503, relative residual: 0.00038098211702673095
Iteration: 504, relative residual: 0.0003809813631645242
Iteration: 505, relative residual: 0.00038097718123627307
Iteration: 506, relative residual: 0.00038096212004684344
Iteration: 507, relative residual: 0.0003809416051326415
Iteration: 508, relative residual: 0.0003808888285428619
Iteration: 509, relative residual: 0.0003808579728760708
Iteration: 510, relative residual: 0.00038085791455136803
Iteration: 511, relative residual: 0.00038083458665261866
Iteration: 512, relative residual: 0.00038075454107483
Iteration: 513, relative residual: 0.00038070650269571
Iteration: 514, relative residual: 0.00038069987341738786
Iteration: 515, relative residual: 0.00038069592618359424
Iteration: 516, relative residual: 0.0003806061410743874
Iteration: 517, relative residual: 0.0003803425070033577
Iteration: 518, relative residual: 0.0003801533570674709
Iteration: 519, relative residual: 0.0003800769968758423
Iteration: 520, relative residual: 0.00038007687522674093
Iteration: 521, relative residual: 0.0003799961957726773
Iteration: 522, relative residual: 0.00037989843636959366
Iteration: 523, relative residual: 0.0003798874739827365
Iteration: 524, relative residual: 0.00037984137855963
Iteration: 525, relative residual: 0.0003795519350284121
Iteration: 526, relative residual: 0.0003787864056765856
Iteration: 527, relative residual: 0.0003770184088839817
Iteration: 528, relative residual: 0.0003752957418624654
Iteration: 529, relative residual: 0.0003735205032086468
Iteration: 530, relative residual: 0.00037275153971842197
Iteration: 531, relative residual: 0.000372552037404382
Iteration: 532, relative residual: 0.0003725050489872833
Iteration: 533, relative residual: 0.00037249530769124887
Iteration: 534, relative residual: 0.00037223295492326634
Iteration: 535, relative residual: 0.000371683311096485
Iteration: 536, relative residual: 0.00037119837559421935
Iteration: 537, relative residual: 0.0003706363883955834
Iteration: 538, relative residual: 0.0003703739628079892
Iteration: 539, relative residual: 0.00037037161416731275
Iteration: 540, relative residual: 0.0003701808726281295
Iteration: 541, relative residual: 0.00036944312459851435
Iteration: 542, relative residual: 0.0003691889333964146
Iteration: 543, relative residual: 0.00036910426250573415
Iteration: 544, relative residual: 0.00036909374896065887
Iteration: 545, relative residual: 0.00036854462273618245
Iteration: 546, relative residual: 0.0003678945912088522
Iteration: 547, relative residual: 0.00036740259702586534
Iteration: 548, relative residual: 0.00036737299014165295
Iteration: 549, relative residual: 0.0003671012969400856
Iteration: 550, relative residual: 0.0003663889436919213
Iteration: 551, relative residual: 0.0003648828471179346
Iteration: 552, relative residual: 0.00036342023658498553
Iteration: 553, relative residual: 0.0003631262723529541
Iteration: 554, relative residual: 0.0003629638602803106
Iteration: 555, relative residual: 0.0003615630536525385
Iteration: 556, relative residual: 0.0003604564236182502
Iteration: 557, relative residual: 0.000360090367286052
Iteration: 558, relative residual: 0.00036006519538744046
Iteration: 559, relative residual: 0.00035939658687594183
Iteration: 560, relative residual: 0.0003573763837614786
Iteration: 561, relative residual: 0.0003567823340499167
Iteration: 562, relative residual: 0.0003562769656946641
Iteration: 563, relative residual: 0.00035622112602580794
Iteration: 564, relative residual: 0.0003560176706516024
Iteration: 565, relative residual: 0.00035505357467674107
Iteration: 566, relative residual: 0.00035409352439901
Iteration: 567, relative residual: 0.00035382308240501957
Iteration: 568, relative residual: 0.0003537738093588375
Iteration: 569, relative residual: 0.00035325844945589905
Iteration: 570, relative residual: 0.00035227694680304043
Iteration: 571, relative residual: 0.0003516327552593391
Iteration: 572, relative residual: 0.00035151206202122936
Iteration: 573, relative residual: 0.00035150847890592603
Iteration: 574, relative residual: 0.00035107248350788565
Iteration: 575, relative residual: 0.00035014849155405554
Iteration: 576, relative residual: 0.00034914460790777215
Iteration: 577, relative residual: 0.0003482755701029242
Iteration: 578, relative residual: 0.00034744321333712034
Iteration: 579, relative residual: 0.00034739675298071725
Iteration: 580, relative residual: 0.000347184013732799
Iteration: 581, relative residual: 0.0003463136000779047
Iteration: 582, relative residual: 0.00034552453459984133
Iteration: 583, relative residual: 0.0003454963649861275
Iteration: 584, relative residual: 0.0003454016656744919
Iteration: 585, relative residual: 0.0003451840186288694
Iteration: 586, relative residual: 0.0003441580694266219
Iteration: 587, relative residual: 0.0003420520430576636
Iteration: 588, relative residual: 0.00034152101446254435
Iteration: 589, relative residual: 0.00034152071970661066
Iteration: 590, relative residual: 0.00034148803215034996
Iteration: 591, relative residual: 0.00034083131925749863
Iteration: 592, relative residual: 0.00034013447218251007
Iteration: 593, relative residual: 0.0003396671688620043
Iteration: 594, relative residual: 0.0003394825565041245
Iteration: 595, relative residual: 0.00033947142260013467
Iteration: 596, relative residual: 0.0003387494276418294
Iteration: 597, relative residual: 0.0003377965301937028
Iteration: 598, relative residual: 0.0003368239029770936
Iteration: 599, relative residual: 0.0003361574724844823
Iteration: 600, relative residual: 0.0003361574724844823
Residual: 0.0003361574724844823. Restart...
Iteration: 601, relative residual: 0.0003361371681955901
Iteration: 602, relative residual: 0.000336137167141495
Iteration: 603, relative residual: 0.0003361371647757541
Iteration: 604, relative residual: 0.00033613711898041924
Iteration: 605, relative residual: 0.000336136887512357
Iteration: 606, relative residual: 0.0003361357096011624
Iteration: 607, relative residual: 0.00033613326419023334
Iteration: 608, relative residual: 0.00033612570117138674
Iteration: 609, relative residual: 0.0003361191890001999
Iteration: 610, relative residual: 0.00033611909730903964
Iteration: 611, relative residual: 0.00033611459421191187
Iteration: 612, relative residual: 0.00033609334693281465
Iteration: 613, relative residual: 0.00033607880659889837
Iteration: 614, relative residual: 0.00033606834218580933
Iteration: 615, relative residual: 0.00033606706031231656
Iteration: 616, relative residual: 0.0003360644141838539
Iteration: 617, relative residual: 0.0003360312852310139
Iteration: 618, relative residual: 0.0003359971412592778
Iteration: 619, relative residual: 0.00033597650535048925
Iteration: 620, relative residual: 0.0003359668252976277
Iteration: 621, relative residual: 0.00033595739637777035
Iteration: 622, relative residual: 0.00033594095585284605
Iteration: 623, relative residual: 0.0003359293564624648
Iteration: 624, relative residual: 0.0003359265040467552
Iteration: 625, relative residual: 0.00033590205980930335
Iteration: 626, relative residual: 0.0003357779961991587
Iteration: 627, relative residual: 0.00033534092420526424
Iteration: 628, relative residual: 0.0003347321075583898
Iteration: 629, relative residual: 0.0003338671142063618
Iteration: 630, relative residual: 0.00033362219261358166
Iteration: 631, relative residual: 0.0003334965250510348
Iteration: 632, relative residual: 0.0003334648900766296
Iteration: 633, relative residual: 0.0003334536435266973
Iteration: 634, relative residual: 0.00033344993468118037
Iteration: 635, relative residual: 0.00033343662071998127
Iteration: 636, relative residual: 0.0003333387771183881
Iteration: 637, relative residual: 0.00033293895924061686
Iteration: 638, relative residual: 0.0003327557608602649
Iteration: 639, relative residual: 0.00033272064265792617
Iteration: 640, relative residual: 0.0003326882879930072
Iteration: 641, relative residual: 0.0003324610044301872
Iteration: 642, relative residual: 0.0003321754685234034
Iteration: 643, relative residual: 0.0003320637111139537
Iteration: 644, relative residual: 0.0003320616569953649
Iteration: 645, relative residual: 0.00033191888557390197
Iteration: 646, relative residual: 0.0003317051891499581
Iteration: 647, relative residual: 0.0003309842883845969
Iteration: 648, relative residual: 0.0003305800126194116
Iteration: 649, relative residual: 0.00033053807817644997
Iteration: 650, relative residual: 0.00033051725197246243
Iteration: 651, relative residual: 0.00033031488467892285
Iteration: 652, relative residual: 0.0003300284147248916
Iteration: 653, relative residual: 0.0003296319837122153
Iteration: 654, relative residual: 0.0003296034700800497
Iteration: 655, relative residual: 0.0003295049706944388
Iteration: 656, relative residual: 0.00032907950229298506
Iteration: 657, relative residual: 0.0003286644456985496
Iteration: 658, relative residual: 0.000328465772107261
Iteration: 659, relative residual: 0.00032844273337652457
Iteration: 660, relative residual: 0.00032832801243259404
Iteration: 661, relative residual: 0.000328007034750512
Iteration: 662, relative residual: 0.00032758265414573035
Iteration: 663, relative residual: 0.0003272428567259535
Iteration: 664, relative residual: 0.0003272185116584433
Iteration: 665, relative residual: 0.0003270627927896069
Iteration: 666, relative residual: 0.0003265733605273366
Iteration: 667, relative residual: 0.00032621554337507766
Iteration: 668, relative residual: 0.00032612351313074915
Iteration: 669, relative residual: 0.00032605680271032336
Iteration: 670, relative residual: 0.00032470991438844106
Iteration: 671, relative residual: 0.00032327213163773407
Iteration: 672, relative residual: 0.00032193990813841243
Iteration: 673, relative residual: 0.0003206974359755953
Iteration: 674, relative residual: 0.0003205979076429943
Iteration: 675, relative residual: 0.00032022802798563907
Iteration: 676, relative residual: 0.0003186859756727547
Iteration: 677, relative residual: 0.0003176183650871497
Iteration: 678, relative residual: 0.0003173915837075987
Iteration: 679, relative residual: 0.0003173739759378553
Iteration: 680, relative residual: 0.00031658327823332684
Iteration: 681, relative residual: 0.0003154217229263024
Iteration: 682, relative residual: 0.00031414905869717186
Iteration: 683, relative residual: 0.00031359246691775795
Iteration: 684, relative residual: 0.0003135263799720484
Iteration: 685, relative residual: 0.00031333507803664933
Iteration: 686, relative residual: 0.0003127278749381995
Iteration: 687, relative residual: 0.00031181224216511903
Iteration: 688, relative residual: 0.00031134964151793864
Iteration: 689, relative residual: 0.00031128428365640896
Iteration: 690, relative residual: 0.00031108594366248616
Iteration: 691, relative residual: 0.00031012988702979583
Iteration: 692, relative residual: 0.00030953144260950085
Iteration: 693, relative residual: 0.00030886681154714506
Iteration: 694, relative residual: 0.0003083820040777387
Iteration: 695, relative residual: 0.0003083779332159056
Iteration: 696, relative residual: 0.00030738747257138253
Iteration: 697, relative residual: 0.00030513172454590324
Iteration: 698, relative residual: 0.00030339661534068915
Iteration: 699, relative residual: 0.00029973513322748414
Iteration: 700, relative residual: 0.00029973513322748414
Residual: 0.00029973513322748414. Restart...
Iteration: 701, relative residual: 0.00029757297630064283
Iteration: 702, relative residual: 0.00029757249651441955
Iteration: 703, relative residual: 0.0002975723538944281
Iteration: 704, relative residual: 0.0002975721010829443
Iteration: 705, relative residual: 0.00029757201853390506
Iteration: 706, relative residual: 0.0002975718015544584
Iteration: 707, relative residual: 0.00029757015553885934
Iteration: 708, relative residual: 0.0002975409676857535
Iteration: 709, relative residual: 0.00029751152184047
Iteration: 710, relative residual: 0.0002975089278706982
Iteration: 711, relative residual: 0.0002974735099635969
Iteration: 712, relative residual: 0.000297426130016726
Iteration: 713, relative residual: 0.0002973880535101699
Iteration: 714, relative residual: 0.00029738620112905337
Iteration: 715, relative residual: 0.00029733006120649614
Iteration: 716, relative residual: 0.0002971879051499195
Iteration: 717, relative residual: 0.0002969131996129292
Iteration: 718, relative residual: 0.0002967969602653319
Iteration: 719, relative residual: 0.00029673433527147155
Iteration: 720, relative residual: 0.0002967291459952493
Iteration: 721, relative residual: 0.0002965983266172502
Iteration: 722, relative residual: 0.0002965041362596904
Iteration: 723, relative residual: 0.00029648858410790833
Iteration: 724, relative residual: 0.00029646793368540836
Iteration: 725, relative residual: 0.00029618043723185527
Iteration: 726, relative residual: 0.0002955314409076234
Iteration: 727, relative residual: 0.00029427842287931195
Iteration: 728, relative residual: 0.0002928842477626552
Iteration: 729, relative residual: 0.0002917161963390796
Iteration: 730, relative residual: 0.00029104175788271884
Iteration: 731, relative residual: 0.0002907335888537176
Iteration: 732, relative residual: 0.0002904505321630794
Iteration: 733, relative residual: 0.00029044617635363133
Iteration: 734, relative residual: 0.0002903616400427155
Iteration: 735, relative residual: 0.0002902261048338542
Iteration: 736, relative residual: 0.00028991969010033064
Iteration: 737, relative residual: 0.0002895818149494746
Iteration: 738, relative residual: 0.0002893111472711652
Iteration: 739, relative residual: 0.0002892960430811554
Iteration: 740, relative residual: 0.00028887942739775913
Iteration: 741, relative residual: 0.0002880605943143005
Iteration: 742, relative residual: 0.0002878362717155757
Iteration: 743, relative residual: 0.0002877830935012249
Iteration: 744, relative residual: 0.00028775574695539684
Iteration: 745, relative residual: 0.00028761733346044745
Iteration: 746, relative residual: 0.00028728962186909114
Iteration: 747, relative residual: 0.0002865278116132837
Iteration: 748, relative residual: 0.00028587675207389764
Iteration: 749, relative residual: 0.00028574520320796186
Iteration: 750, relative residual: 0.0002857451952243574
Iteration: 751, relative residual: 0.0002850279004372366
Iteration: 752, relative residual: 0.0002843498198409465
Iteration: 753, relative residual: 0.00028420746950503015
Iteration: 754, relative residual: 0.00028420464790120397
Iteration: 755, relative residual: 0.00028383391955915895
Iteration: 756, relative residual: 0.000282544835506156
Iteration: 757, relative residual: 0.00028159487786947387
Iteration: 758, relative residual: 0.00028124472629901425
Iteration: 759, relative residual: 0.0002811483754590066
Iteration: 760, relative residual: 0.0002810149424188273
Iteration: 761, relative residual: 0.00028024862908817975
Iteration: 762, relative residual: 0.00027971279361832025
Iteration: 763, relative residual: 0.0002794916873414133
Iteration: 764, relative residual: 0.0002794818298181672
Iteration: 765, relative residual: 0.000279369979678968
Iteration: 766, relative residual: 0.00027892975468941277
Iteration: 767, relative residual: 0.00027849184743305815
Iteration: 768, relative residual: 0.00027844887482384963
Iteration: 769, relative residual: 0.00027842610865159875
Iteration: 770, relative residual: 0.0002784218659790155
Iteration: 771, relative residual: 0.0002782820726825733
Iteration: 772, relative residual: 0.00027784836370914687
Iteration: 773, relative residual: 0.00027754452062634175
Iteration: 774, relative residual: 0.00027752099997226906
Iteration: 775, relative residual: 0.0002774721331286957
Iteration: 776, relative residual: 0.0002769688171344424
Iteration: 777, relative residual: 0.00027650499819450254
Iteration: 778, relative residual: 0.0002757366185131637
Iteration: 779, relative residual: 0.00027532743675450503
Iteration: 780, relative residual: 0.0002753274367422307
Iteration: 781, relative residual: 0.0002750017325566976
Iteration: 782, relative residual: 0.0002738693946098798
Iteration: 783, relative residual: 0.00027309857620934434
Iteration: 784, relative residual: 0.0002729901590074239
Iteration: 785, relative residual: 0.0002726457439366331
Iteration: 786, relative residual: 0.00027207128716995283
Iteration: 787, relative residual: 0.0002714238578224975
Iteration: 788, relative residual: 0.0002708481979342159
Iteration: 789, relative residual: 0.0002706462845233218
Iteration: 790, relative residual: 0.00027064120470524794
Iteration: 791, relative residual: 0.0002705741851727141
Iteration: 792, relative residual: 0.0002702228466323333
Iteration: 793, relative residual: 0.00026894883251864915
Iteration: 794, relative residual: 0.00026871928452403427
Iteration: 795, relative residual: 0.00026870223304390004
Iteration: 796, relative residual: 0.00026815502098641596
Iteration: 797, relative residual: 0.00026719467721864217
Iteration: 798, relative residual: 0.00026606368175593705
Iteration: 799, relative residual: 0.0002658896813244069
Iteration: 800, relative residual: 0.0002658896813244069
Residual: 0.0002658896813244069. Restart...
Iteration: 801, relative residual: 0.0002656393248601591
Iteration: 802, relative residual: 0.00026563931980394366
Iteration: 803, relative residual: 0.0002656393045102858
Iteration: 804, relative residual: 0.0002656391158714202
Iteration: 805, relative residual: 0.000265638590347472
Iteration: 806, relative residual: 0.00026563723712045483
Iteration: 807, relative residual: 0.00026563433900918124
Iteration: 808, relative residual: 0.0002656271653862813
Iteration: 809, relative residual: 0.00026562620097496517
Iteration: 810, relative residual: 0.00026562604348974217
Iteration: 811, relative residual: 0.00026561836490904907
Iteration: 812, relative residual: 0.00026561197527664906
Iteration: 813, relative residual: 0.000265607980371474
Iteration: 814, relative residual: 0.00026560750829464835
Iteration: 815, relative residual: 0.0002656062410514258
Iteration: 816, relative residual: 0.0002655911110583707
Iteration: 817, relative residual: 0.0002655405462766262
Iteration: 818, relative residual: 0.00026549685369005115
Iteration: 819, relative residual: 0.00026547116910413644
Iteration: 820, relative residual: 0.0002654590883157392
Iteration: 821, relative residual: 0.0002654341619295737
Iteration: 822, relative residual: 0.00026541431847641397
Iteration: 823, relative residual: 0.00026538640537400763
Iteration: 824, relative residual: 0.0002653863872648076
Iteration: 825, relative residual: 0.0002653241070224368
Iteration: 826, relative residual: 0.0002652028871029823
Iteration: 827, relative residual: 0.0002648157609695732
Iteration: 828, relative residual: 0.00026435041604003153
Iteration: 829, relative residual: 0.0002638135199151412
Iteration: 830, relative residual: 0.0002631431749564398
Iteration: 831, relative residual: 0.0002628401948927476
Iteration: 832, relative residual: 0.0002627885821202419
Iteration: 833, relative residual: 0.0002627773135309913
Iteration: 834, relative residual: 0.00026275228744268667
Iteration: 835, relative residual: 0.00026269443479362315
Iteration: 836, relative residual: 0.000262566065834939
Iteration: 837, relative residual: 0.0002622145344223902
Iteration: 838, relative residual: 0.0002621640850793105
Iteration: 839, relative residual: 0.0002621629422570842
Iteration: 840, relative residual: 0.00026201518405358253
Iteration: 841, relative residual: 0.0002617668412572777
Iteration: 842, relative residual: 0.0002615147102126096
Iteration: 843, relative residual: 0.0002615098202207665
Iteration: 844, relative residual: 0.0002613919030388783
Iteration: 845, relative residual: 0.00026099066741253193
Iteration: 846, relative residual: 0.0002603865540698564
Iteration: 847, relative residual: 0.0002600153885832548
Iteration: 848, relative residual: 0.00025997326418742355
Iteration: 849, relative residual: 0.0002599719386757467
Iteration: 850, relative residual: 0.0002598500119954703
Iteration: 851, relative residual: 0.00025949899355207545
Iteration: 852, relative residual: 0.0002593614632249594
Iteration: 853, relative residual: 0.00025926887314880803
Iteration: 854, relative residual: 0.00025919646470595775
Iteration: 855, relative residual: 0.00025824270119642194
Iteration: 856, relative residual: 0.00025769042394424216
Iteration: 857, relative residual: 0.00025742831648810864
Iteration: 858, relative residual: 0.0002574223673785432
Iteration: 859, relative residual: 0.0002573163532456038
Iteration: 860, relative residual: 0.00025699650590827063
Iteration: 861, relative residual: 0.00025680897006979774
Iteration: 862, relative residual: 0.000256791186761356
Iteration: 863, relative residual: 0.0002567728241270317
Iteration: 864, relative residual: 0.00025671136176862777
Iteration: 865, relative residual: 0.00025641383178567196
Iteration: 866, relative residual: 0.00025596255642787794
Iteration: 867, relative residual: 0.0002557982200641692
Iteration: 868, relative residual: 0.0002557623941217156
Iteration: 869, relative residual: 0.00025535769953226106
Iteration: 870, relative residual: 0.00025397759327465744
Iteration: 871, relative residual: 0.0002533813105660972
Iteration: 872, relative residual: 0.0002530083323480842
Iteration: 873, relative residual: 0.0002528682624064132
Iteration: 874, relative residual: 0.0002528081524115658
Iteration: 875, relative residual: 0.00025272898459908615
Iteration: 876, relative residual: 0.00025256362086815466
Iteration: 877, relative residual: 0.0002521385991673827
Iteration: 878, relative residual: 0.00025207752259861235
Iteration: 879, relative residual: 0.0002519122733134887
Iteration: 880, relative residual: 0.00025144899459942797
Iteration: 881, relative residual: 0.00025051925433202434
Iteration: 882, relative residual: 0.0002497524363626792
Iteration: 883, relative residual: 0.00024954270713568405
Iteration: 884, relative residual: 0.0002495280216363934
Iteration: 885, relative residual: 0.0002488707786708033
Iteration: 886, relative residual: 0.00024842317339923855
Iteration: 887, relative residual: 0.0002480346306061006
Iteration: 888, relative residual: 0.0002480089559328949
Iteration: 889, relative residual: 0.0002479361085549968
Iteration: 890, relative residual: 0.0002476906050246686
Iteration: 891, relative residual: 0.00024716755904214744
Iteration: 892, relative residual: 0.00024690815511376347
Iteration: 893, relative residual: 0.000246544708880019
Iteration: 894, relative residual: 0.0002464657360197726
Iteration: 895, relative residual: 0.0002461969797271302
Iteration: 896, relative residual: 0.0002456484180112802
Iteration: 897, relative residual: 0.000244402688454613
Iteration: 898, relative residual: 0.0002425757745185266
Iteration: 899, relative residual: 0.00024112496095682326
Iteration: 900, relative residual: 0.00024112496095682326
Residual: 0.00024112496095682326. Restart...
Iteration: 901, relative residual: 0.000240258883070239
Iteration: 902, relative residual: 0.00024025887995144887
Iteration: 903, relative residual: 0.00024025887115054786
Iteration: 904, relative residual: 0.0002402588701223016
Iteration: 905, relative residual: 0.0002402587406552441
Iteration: 906, relative residual: 0.00024025822344338698
Iteration: 907, relative residual: 0.00024025612655289221
Iteration: 908, relative residual: 0.00024024807309440995
Iteration: 909, relative residual: 0.00024024422519599385
Iteration: 910, relative residual: 0.00024024420485052567
Iteration: 911, relative residual: 0.0002402358074025138
Iteration: 912, relative residual: 0.00024022839522905813
Iteration: 913, relative residual: 0.00024022532186145326
Iteration: 914, relative residual: 0.0002402253161652603
Iteration: 915, relative residual: 0.0002402116055001493
Iteration: 916, relative residual: 0.0002401489766704794
Iteration: 917, relative residual: 0.00024000384267091224
Iteration: 918, relative residual: 0.00023991046853097058
Iteration: 919, relative residual: 0.00023989541611029686
Iteration: 920, relative residual: 0.00023987503224067613
Iteration: 921, relative residual: 0.00023978425200935657
Iteration: 922, relative residual: 0.00023973270131486874
Iteration: 923, relative residual: 0.00023972340736815495
Iteration: 924, relative residual: 0.00023971899804961952
Iteration: 925, relative residual: 0.00023950969350405336
Iteration: 926, relative residual: 0.00023907108059730852
Iteration: 927, relative residual: 0.00023812035229114838
Iteration: 928, relative residual: 0.00023751471998687953
Iteration: 929, relative residual: 0.00023670189453836195
Iteration: 930, relative residual: 0.00023614990537952903
Iteration: 931, relative residual: 0.00023539381933209964
Iteration: 932, relative residual: 0.0002350446148670011
Iteration: 933, relative residual: 0.00023504413386434965
Iteration: 934, relative residual: 0.00023502433553330694
Iteration: 935, relative residual: 0.00023499845861301835
Iteration: 936, relative residual: 0.00023481547748693422
Iteration: 937, relative residual: 0.00023462346395828555
Iteration: 938, relative residual: 0.00023450343948404678
Iteration: 939, relative residual: 0.00023446521921572798
Iteration: 940, relative residual: 0.00023423512791356004
Iteration: 941, relative residual: 0.00023372018564425103
Iteration: 942, relative residual: 0.00023318115481977254
Iteration: 943, relative residual: 0.00023306864452228047
Iteration: 944, relative residual: 0.00023302407137700378
Iteration: 945, relative residual: 0.00023299393535926316
Iteration: 946, relative residual: 0.00023286786623968886
Iteration: 947, relative residual: 0.00023193031843260048
Iteration: 948, relative residual: 0.0002318000382655421
Iteration: 949, relative residual: 0.0002317580380823201
Iteration: 950, relative residual: 0.0002315726069629696
Iteration: 951, relative residual: 0.00023074157348976256
Iteration: 952, relative residual: 0.00023002930578744016
Iteration: 953, relative residual: 0.00022970058498543455
Iteration: 954, relative residual: 0.00022960937942626903
Iteration: 955, relative residual: 0.00022936500104424098
Iteration: 956, relative residual: 0.00022839572162200214
Iteration: 957, relative residual: 0.00022736212445008551
Iteration: 958, relative residual: 0.00022730108202033137
Iteration: 959, relative residual: 0.0002270464929121165
Iteration: 960, relative residual: 0.00022631768926121288
Iteration: 961, relative residual: 0.00022555290562195575
Iteration: 962, relative residual: 0.00022536539924687568
Iteration: 963, relative residual: 0.00022536538578959872
Iteration: 964, relative residual: 0.0002252209809355576
Iteration: 965, relative residual: 0.00022497169128424585
Iteration: 966, relative residual: 0.0002246654374081127
Iteration: 967, relative residual: 0.00022445019685118163
Iteration: 968, relative residual: 0.0002244224344590059
Iteration: 969, relative residual: 0.00022442232248628434
Iteration: 970, relative residual: 0.0002242777050670176
Iteration: 971, relative residual: 0.00022402168537047012
Iteration: 972, relative residual: 0.00022380998359524225
Iteration: 973, relative residual: 0.00022375639489145886
Iteration: 974, relative residual: 0.00022374142803280493
Iteration: 975, relative residual: 0.0002236221198487928
Iteration: 976, relative residual: 0.00022340670479460467
Iteration: 977, relative residual: 0.00022332921183790798
Iteration: 978, relative residual: 0.00022332112062545587
Iteration: 979, relative residual: 0.00022328425448523876
Iteration: 980, relative residual: 0.000223274892932278
Iteration: 981, relative residual: 0.0002232393088210188
Iteration: 982, relative residual: 0.000222944530884161
Iteration: 983, relative residual: 0.00022287777633417909
Iteration: 984, relative residual: 0.00022284928944481044
Iteration: 985, relative residual: 0.00022270834109835132
Iteration: 986, relative residual: 0.0002220174220465954
Iteration: 987, relative residual: 0.00022063020396480363
Iteration: 988, relative residual: 0.00022032652728561566
Iteration: 989, relative residual: 0.00022020005701542711
Iteration: 990, relative residual: 0.0002201994511938089
Iteration: 991, relative residual: 0.00022011309840266457
Iteration: 992, relative residual: 0.00021981441159775605
Iteration: 993, relative residual: 0.00021913911752161243
Iteration: 994, relative residual: 0.00021856770115489212
Iteration: 995, relative residual: 0.00021853125329504927
Iteration: 996, relative residual: 0.00021814969147415287
Iteration: 997, relative residual: 0.0002170745843314525
Iteration: 998, relative residual: 0.00021582044383371889
Iteration: 999, relative residual: 0.0002151775687815544
Iteration: 1000, relative residual: 0.0002151775687815544
Residual: 0.0002151775687815544. Restart...
Warning!!!!You have reached the maximum number of iterations : 1000.
The run will stop. Check the residual behaviour you might have a bug.For future runs you might consider changing the tolerance or increasing the number of max_iter.
Solve time        : 10123.772495985031s

Calculate Solvation Energy (E_solv)
Calculating solvation energy for region 1, stored in E_solv[0]
6332.505168085037 of 653010 analytical integrals for phi_reac calculation in region 1
Time E_solv: 30.04291605949402s
Region 1: E_solv = -9448.284385369923 kcal/mol = -39531.62186838776 kJ/mol

Calculate Surface Energy (E_surf)
Time E_surf: 0.02091193199157715s

Calculate Coulomb Energy (E_coul)
Calculate Coulomb energy for region 1
Region 1: E_coul = -295032.73693919776 kcal/mol = -1234416.9713536035 kJ/mol
Time E_coul: 34.57512855529785s

------------------------------
Totals:
E_solv = -9448.284385369923 kcal/mol
E_surf = 0 kcal/mol
E_coul = -295032.73693919776 kcal/mol

Time = 10280.580032587051 s
