Run started on:
	Date: 2020/5/24
	Time: 23:34:37
	PyGBe version: 0.3.2+5.gea0f875
Config file: /cobra/u/gvargas/code/hPB/pygbe/pygbe/myCrownFinShots/sarsCov2002noACE2/snap4/snap4.config
Parameter file: /cobra/u/gvargas/code/hPB/pygbe/pygbe/myCrownFinShots/sarsCov2002noACE2/snap4/snap4.param
Geometry folder: /cobra/u/gvargas/code/hPB/pygbe/pygbe/myCrownFinShots/sarsCov2002noACE2/snap4/geometry
Running in: /cobra/u/gvargas/code/hPB/pygbe/pygbe/myCrownFinShots/sarsCov2002noACE2/snap4

Reading surface 0 from file geometry/crownVF2002noACE2
Time load mesh: 8.754889726638794
Removed areas=0: 236

Total elements : 527340
Total equations: 1054680
----------------------------

1 surfaces:

Surface 0:
	527340 elements
	Surface type         : dielectric_interface
	Cells                : 4352
	Twigs                : 3696
	Levels               : 7
	C0 size              : 91.93091127328798
	C0 box center        : 98.6012709441094, 82.25290666110415, 107.42970902643455
	Twig cell size       : 1.4364204886451246
	Rbox/theta           : 2.8728409772902492
	Analytic distance    : 1.297530357173268
	Elem. per Ang^2      : 4.157354762056929
	Max, min, avg elem.  : 1.4369890680907282, 4.99999999995893e-07, 0.24053756709115465
	Total area           : 126845.08062984949
------------------------------

2 regions:

Region 0:
	Laplace or Yukawa: 2
	kappa            : 0.125
	dielectric const : 80.0
	Number of charges: 0
	Parent surface   : []
	Child surfaces   : [0]
Region 1:
	Laplace or Yukawa: 1
	kappa            : 1e-12
	dielectric const : 4.0
	Number of charges: 50813
	Parent surface   : [0]
	Child surfaces   : []
------------------------------

Parameters:
	Data type               : <class 'numpy.float64'>
	Use GPU                 : 1
	P                       : 4
	threshold               : 0.50
	theta                   : 0.50
	NCRIT                   : 500
	CUDA block size         : 128
	Gauss points per element: 1
	Gauss points near singlr: 25
	1D Gauss points per side: 9
	GMRES tolerance         : 1e-05
	GMRES max iterations    : 1000
	GMRES restart iteration : 100
----------------------------

Generate interaction list
Transfer data to GPU
Generate RHS
List time          : 4.159924507141113s
Data transfer time : 0.4987351894378662s
RHS generation time: 0.44126296043395996s
------------------------------
Total setup time   : 67.74994039535522s
Solve
Iteration: 1, relative residual: 0.5041373798639752
Iteration: 2, relative residual: 0.31848423609965165
Iteration: 3, relative residual: 0.27143454793848126
Iteration: 4, relative residual: 0.20699547281523448
Iteration: 5, relative residual: 0.1897506412868183
Iteration: 6, relative residual: 0.1526926733957983
Iteration: 7, relative residual: 0.11584779529766527
Iteration: 8, relative residual: 0.09507272001916801
Iteration: 9, relative residual: 0.08337821535075662
Iteration: 10, relative residual: 0.06031947847231824
Iteration: 11, relative residual: 0.0505208240416088
Iteration: 12, relative residual: 0.04424522811440876
Iteration: 13, relative residual: 0.03570537719778881
Iteration: 14, relative residual: 0.03056675368206307
Iteration: 15, relative residual: 0.030566690735496557
Iteration: 16, relative residual: 0.027050920514297683
Iteration: 17, relative residual: 0.02311863115125653
Iteration: 18, relative residual: 0.021805746534017404
Iteration: 19, relative residual: 0.01718802014496558
Iteration: 20, relative residual: 0.014060527709263115
Iteration: 21, relative residual: 0.01221484969371043
Iteration: 22, relative residual: 0.010998051583042387
Iteration: 23, relative residual: 0.009260808065248581
Iteration: 24, relative residual: 0.008623545037243757
Iteration: 25, relative residual: 0.007772624487259911
Iteration: 26, relative residual: 0.007705233183237333
Iteration: 27, relative residual: 0.007350185394917252
Iteration: 28, relative residual: 0.006860656340121102
Iteration: 29, relative residual: 0.006110830509775353
Iteration: 30, relative residual: 0.00527975241621122
Iteration: 31, relative residual: 0.004912267668323677
Iteration: 32, relative residual: 0.0044155653644638556
Iteration: 33, relative residual: 0.0040983884984896616
Iteration: 34, relative residual: 0.0038683066091512413
Iteration: 35, relative residual: 0.0037518431141210676
Iteration: 36, relative residual: 0.0037490461602818687
Iteration: 37, relative residual: 0.003560421603912871
Iteration: 38, relative residual: 0.0032039048801385936
Iteration: 39, relative residual: 0.0028557550315660117
Iteration: 40, relative residual: 0.0026785277384081567
Iteration: 41, relative residual: 0.002465878115563241
Iteration: 42, relative residual: 0.002363457940367201
Iteration: 43, relative residual: 0.002349699507291736
Iteration: 44, relative residual: 0.0023453435926859877
Iteration: 45, relative residual: 0.0022330660343200795
Iteration: 46, relative residual: 0.002133210335742554
Iteration: 47, relative residual: 0.0020683609797769744
Iteration: 48, relative residual: 0.0019858842849411707
Iteration: 49, relative residual: 0.001918302100023905
Iteration: 50, relative residual: 0.0018734731029648173
Iteration: 51, relative residual: 0.0018604901777836713
Iteration: 52, relative residual: 0.001849060877908614
Iteration: 53, relative residual: 0.0018342583664829207
Iteration: 54, relative residual: 0.001788369450195631
Iteration: 55, relative residual: 0.0017442336346896175
Iteration: 56, relative residual: 0.001695666324169974
Iteration: 57, relative residual: 0.001683092861212333
Iteration: 58, relative residual: 0.0016776244185703986
Iteration: 59, relative residual: 0.0016680478463100639
Iteration: 60, relative residual: 0.0016481059151751095
Iteration: 61, relative residual: 0.001628815464137812
Iteration: 62, relative residual: 0.0016044214083292996
Iteration: 63, relative residual: 0.0015946191348062686
Iteration: 64, relative residual: 0.001589054252045043
Iteration: 65, relative residual: 0.0015885390504701729
Iteration: 66, relative residual: 0.0015885046336133
Iteration: 67, relative residual: 0.001587471378307383
Iteration: 68, relative residual: 0.0015852303875525326
Iteration: 69, relative residual: 0.001582018499357893
Iteration: 70, relative residual: 0.001582010906887339
Iteration: 71, relative residual: 0.001581717575202212
Iteration: 72, relative residual: 0.0015738452992942022
Iteration: 73, relative residual: 0.001567943731504172
Iteration: 74, relative residual: 0.0015509744988590913
Iteration: 75, relative residual: 0.0015484707353789822
Iteration: 76, relative residual: 0.001548469067067087
Iteration: 77, relative residual: 0.001547736881561956
Iteration: 78, relative residual: 0.0015341039844090718
Iteration: 79, relative residual: 0.0015238578875322892
Iteration: 80, relative residual: 0.0015109719346924552
Iteration: 81, relative residual: 0.0014870778749108682
Iteration: 82, relative residual: 0.0014870730810750278
Iteration: 83, relative residual: 0.0014836118676338599
Iteration: 84, relative residual: 0.0014791047045264597
Iteration: 85, relative residual: 0.001448503949700748
Iteration: 86, relative residual: 0.0013919419371985838
Iteration: 87, relative residual: 0.001333618386447962
Iteration: 88, relative residual: 0.0012784045771716756
Iteration: 89, relative residual: 0.0012309031953714833
Iteration: 90, relative residual: 0.0011499851647938275
Iteration: 91, relative residual: 0.0011128756347885845
Iteration: 92, relative residual: 0.0010979404962914135
Iteration: 93, relative residual: 0.001096210327282429
Iteration: 94, relative residual: 0.001090274585827995
Iteration: 95, relative residual: 0.0010720503707698289
Iteration: 96, relative residual: 0.0010490108872246657
Iteration: 97, relative residual: 0.0010036097764878143
Iteration: 98, relative residual: 0.0009912222858119125
Iteration: 99, relative residual: 0.0009661575256914347
Iteration: 100, relative residual: 0.0009661575256914347
Residual: 0.0009661575256914347. Restart...
Iteration: 101, relative residual: 0.0009535959674932241
Iteration: 102, relative residual: 0.0009535953899015272
Iteration: 103, relative residual: 0.0009535951287841848
Iteration: 104, relative residual: 0.0009535792618646542
Iteration: 105, relative residual: 0.0009535521193799574
Iteration: 106, relative residual: 0.000953524165731869
Iteration: 107, relative residual: 0.0009535178096249208
Iteration: 108, relative residual: 0.0009535127747282238
Iteration: 109, relative residual: 0.0009535034418547797
Iteration: 110, relative residual: 0.0009534926566334924
Iteration: 111, relative residual: 0.0009534866602728072
Iteration: 112, relative residual: 0.0009534776238329315
Iteration: 113, relative residual: 0.0009534181634195521
Iteration: 114, relative residual: 0.0009533495177545643
Iteration: 115, relative residual: 0.0009532988951396327
Iteration: 116, relative residual: 0.0009532981996369707
Iteration: 117, relative residual: 0.0009530117660168357
Iteration: 118, relative residual: 0.0009521764204464233
Iteration: 119, relative residual: 0.0009515398797300216
Iteration: 120, relative residual: 0.0009496006551990964
Iteration: 121, relative residual: 0.0009484330510852799
Iteration: 122, relative residual: 0.0009468175377065258
Iteration: 123, relative residual: 0.000946173074444087
Iteration: 124, relative residual: 0.0009460184931319601
Iteration: 125, relative residual: 0.0009454963457735298
Iteration: 126, relative residual: 0.0009435438633177206
Iteration: 127, relative residual: 0.0009386855904456698
Iteration: 128, relative residual: 0.0009332677662253929
Iteration: 129, relative residual: 0.0009265519434069399
Iteration: 130, relative residual: 0.0009187566946843884
Iteration: 131, relative residual: 0.0009116571883002224
Iteration: 132, relative residual: 0.0009018014164613283
Iteration: 133, relative residual: 0.0008964902449098271
Iteration: 134, relative residual: 0.0008954255930098476
Iteration: 135, relative residual: 0.0008946505645836073
Iteration: 136, relative residual: 0.0008910543088077283
Iteration: 137, relative residual: 0.0008838380118020801
Iteration: 138, relative residual: 0.0008774658356830555
Iteration: 139, relative residual: 0.0008721683413127598
Iteration: 140, relative residual: 0.0008715221957973996
Iteration: 141, relative residual: 0.0008710140670690613
Iteration: 142, relative residual: 0.0008679977060077261
Iteration: 143, relative residual: 0.0008580341140787158
Iteration: 144, relative residual: 0.0008511366104545096
Iteration: 145, relative residual: 0.0008388071530702607
Iteration: 146, relative residual: 0.0008264654571739307
Iteration: 147, relative residual: 0.0008237212683041988
Iteration: 148, relative residual: 0.0008232561197727297
Iteration: 149, relative residual: 0.000821828587026203
Iteration: 150, relative residual: 0.0008179050977465887
Iteration: 151, relative residual: 0.0008110885610800402
Iteration: 152, relative residual: 0.0008081259281524913
Iteration: 153, relative residual: 0.0008049988625648725
Iteration: 154, relative residual: 0.0008018311838688302
Iteration: 155, relative residual: 0.0008007508964926949
Iteration: 156, relative residual: 0.000800643801124132
Iteration: 157, relative residual: 0.0008003441225540265
Iteration: 158, relative residual: 0.0007998494031375349
Iteration: 159, relative residual: 0.0007973961710113073
Iteration: 160, relative residual: 0.000791821869616771
Iteration: 161, relative residual: 0.0007884315972834924
Iteration: 162, relative residual: 0.0007871677135822045
Iteration: 163, relative residual: 0.0007865195295609618
Iteration: 164, relative residual: 0.0007864013468239316
Iteration: 165, relative residual: 0.0007863091430991617
Iteration: 166, relative residual: 0.000785253406320482
Iteration: 167, relative residual: 0.0007839990932360005
Iteration: 168, relative residual: 0.0007815891980594736
Iteration: 169, relative residual: 0.0007790908986122294
Iteration: 170, relative residual: 0.000777801417211301
Iteration: 171, relative residual: 0.0007772589588364506
Iteration: 172, relative residual: 0.0007768108057606227
Iteration: 173, relative residual: 0.0007756987513424852
Iteration: 174, relative residual: 0.0007735134079880224
Iteration: 175, relative residual: 0.0007718317575021564
Iteration: 176, relative residual: 0.000770139649216088
Iteration: 177, relative residual: 0.000766153500502466
Iteration: 178, relative residual: 0.0007651579783853626
Iteration: 179, relative residual: 0.000765131989908715
Iteration: 180, relative residual: 0.0007642787688088132
Iteration: 181, relative residual: 0.0007641189058473403
Iteration: 182, relative residual: 0.0007639481734761536
Iteration: 183, relative residual: 0.0007606428549624617
Iteration: 184, relative residual: 0.0007570029494691206
Iteration: 185, relative residual: 0.0007543155390019763
Iteration: 186, relative residual: 0.0007521034331355855
Iteration: 187, relative residual: 0.0007507443621537837
Iteration: 188, relative residual: 0.000750290718742351
Iteration: 189, relative residual: 0.0007502839490284031
Iteration: 190, relative residual: 0.0007500247844962479
Iteration: 191, relative residual: 0.000749730545901683
Iteration: 192, relative residual: 0.0007497288808291415
Iteration: 193, relative residual: 0.0007496251561134935
Iteration: 194, relative residual: 0.0007482215811578118
Iteration: 195, relative residual: 0.0007460998221180256
Iteration: 196, relative residual: 0.0007453255420128616
Iteration: 197, relative residual: 0.000745075778979767
Iteration: 198, relative residual: 0.0007428852701069788
Iteration: 199, relative residual: 0.0007419434958433405
Iteration: 200, relative residual: 0.0007419434958433405
Residual: 0.0007419434958433405. Restart...
Iteration: 201, relative residual: 0.0007408218194459791
Iteration: 202, relative residual: 0.0007408218027098358
Iteration: 203, relative residual: 0.0007408216910562636
Iteration: 204, relative residual: 0.0007408201792027478
Iteration: 205, relative residual: 0.0007408160786099586
Iteration: 206, relative residual: 0.0007408066031111191
Iteration: 207, relative residual: 0.000740800940654419
Iteration: 208, relative residual: 0.0007407950637278718
Iteration: 209, relative residual: 0.0007407949982169785
Iteration: 210, relative residual: 0.0007407859655963116
Iteration: 211, relative residual: 0.0007407797172664197
Iteration: 212, relative residual: 0.0007407598797638634
Iteration: 213, relative residual: 0.0007407463530421339
Iteration: 214, relative residual: 0.0007407406925505365
Iteration: 215, relative residual: 0.0007407404953111735
Iteration: 216, relative residual: 0.0007407328212363734
Iteration: 217, relative residual: 0.0007407319827983862
Iteration: 218, relative residual: 0.0007407219079137888
Iteration: 219, relative residual: 0.0007407085293870691
Iteration: 220, relative residual: 0.000740707660142223
Iteration: 221, relative residual: 0.0007406944042563764
Iteration: 222, relative residual: 0.0007406150260348496
Iteration: 223, relative residual: 0.0007405360894547037
Iteration: 224, relative residual: 0.0007404576319991224
Iteration: 225, relative residual: 0.0007404047199081813
Iteration: 226, relative residual: 0.0007403932986925012
Iteration: 227, relative residual: 0.0007403928689478766
Iteration: 228, relative residual: 0.0007403925234594679
Iteration: 229, relative residual: 0.0007403919422623345
Iteration: 230, relative residual: 0.0007403872785880947
Iteration: 231, relative residual: 0.000740368361255286
Iteration: 232, relative residual: 0.0007403055372315597
Iteration: 233, relative residual: 0.0007401626124172471
Iteration: 234, relative residual: 0.0007400251997731941
Iteration: 235, relative residual: 0.0007399919110388156
Iteration: 236, relative residual: 0.000739985483074385
Iteration: 237, relative residual: 0.0007399178801584564
Iteration: 238, relative residual: 0.0007398773630500839
Iteration: 239, relative residual: 0.0007398520217347212
Iteration: 240, relative residual: 0.000739767269965463
Iteration: 241, relative residual: 0.0007397091037494846
Iteration: 242, relative residual: 0.0007396869103811227
Iteration: 243, relative residual: 0.0007396687226083428
Iteration: 244, relative residual: 0.0007396318623844162
Iteration: 245, relative residual: 0.0007394769016128859
Iteration: 246, relative residual: 0.0007394588879013746
Iteration: 247, relative residual: 0.0007394456033202621
Iteration: 248, relative residual: 0.000739423599866376
Iteration: 249, relative residual: 0.0007393774022409944
Iteration: 250, relative residual: 0.0007390979685180309
Iteration: 251, relative residual: 0.0007388903679356275
Iteration: 252, relative residual: 0.0007388155808984718
Iteration: 253, relative residual: 0.0007388079385520402
Iteration: 254, relative residual: 0.0007387923087024151
Iteration: 255, relative residual: 0.0007386900080264333
Iteration: 256, relative residual: 0.0007384708936961445
Iteration: 257, relative residual: 0.0007383618496063676
Iteration: 258, relative residual: 0.0007383179855850188
Iteration: 259, relative residual: 0.0007383158066427958
Iteration: 260, relative residual: 0.0007383075134921002
Iteration: 261, relative residual: 0.0007383074488791492
Iteration: 262, relative residual: 0.0007382996587176598
Iteration: 263, relative residual: 0.0007382057336341746
Iteration: 264, relative residual: 0.0007380646536435772
Iteration: 265, relative residual: 0.0007379362027193948
Iteration: 266, relative residual: 0.0007379361077164896
Iteration: 267, relative residual: 0.0007379354542329362
Iteration: 268, relative residual: 0.0007377834728591706
Iteration: 269, relative residual: 0.0007375981819073643
Iteration: 270, relative residual: 0.0007375972330963648
Iteration: 271, relative residual: 0.0007374471156387639
Iteration: 272, relative residual: 0.000737415685545019
Iteration: 273, relative residual: 0.0007373531762664872
Iteration: 274, relative residual: 0.0007373529245316108
Iteration: 275, relative residual: 0.0007372834964899518
Iteration: 276, relative residual: 0.0007372621662657585
Iteration: 277, relative residual: 0.0007372621550149283
Iteration: 278, relative residual: 0.0007372304163458996
Iteration: 279, relative residual: 0.0007372235491331725
Iteration: 280, relative residual: 0.000737213461529244
Iteration: 281, relative residual: 0.0007371206228536023
Iteration: 282, relative residual: 0.0007371139929301775
Iteration: 283, relative residual: 0.0007370572332892649
Iteration: 284, relative residual: 0.0007370414873191707
Iteration: 285, relative residual: 0.0007369337929466307
Iteration: 286, relative residual: 0.0007369335456216238
Iteration: 287, relative residual: 0.0007367920579420266
Iteration: 288, relative residual: 0.0007367778910754075
Iteration: 289, relative residual: 0.0007367757682455648
Iteration: 290, relative residual: 0.0007366661367367758
Iteration: 291, relative residual: 0.0007362920660567432
Iteration: 292, relative residual: 0.0007360530121466866
Iteration: 293, relative residual: 0.0007357716686195464
Iteration: 294, relative residual: 0.0007357571951495507
Iteration: 295, relative residual: 0.0007356435130858184
Iteration: 296, relative residual: 0.000735580828532653
Iteration: 297, relative residual: 0.0007354837575095095
Iteration: 298, relative residual: 0.0007354832251814333
Iteration: 299, relative residual: 0.0007354758730165482
Iteration: 300, relative residual: 0.0007354758730165482
Residual: 0.0007354758730165482. Restart...
Iteration: 301, relative residual: 0.0007354665902135555
Iteration: 302, relative residual: 0.0007354665901801819
Iteration: 303, relative residual: 0.0007354665896089883
Iteration: 304, relative residual: 0.0007354665852524067
Iteration: 305, relative residual: 0.0007354665794373091
Iteration: 306, relative residual: 0.0007354665778512927
Iteration: 307, relative residual: 0.0007354665758874875
Iteration: 308, relative residual: 0.0007354665685220974
Iteration: 309, relative residual: 0.0007354665649577207
Iteration: 310, relative residual: 0.0007354665448886738
Iteration: 311, relative residual: 0.0007354665199649477
Iteration: 312, relative residual: 0.000735466519625532
Iteration: 313, relative residual: 0.0007354664032427611
Iteration: 314, relative residual: 0.0007354663121765791
Iteration: 315, relative residual: 0.0007354662809851988
Iteration: 316, relative residual: 0.0007354658750791792
Iteration: 317, relative residual: 0.0007354658371483269
Iteration: 318, relative residual: 0.0007354656355104818
Iteration: 319, relative residual: 0.0007354651962456629
Iteration: 320, relative residual: 0.0007354647959943485
Iteration: 321, relative residual: 0.0007354644754703507
Iteration: 322, relative residual: 0.0007354633430322145
Iteration: 323, relative residual: 0.0007354627097758947
Iteration: 324, relative residual: 0.0007354627058763945
Iteration: 325, relative residual: 0.0007354623186200286
Iteration: 326, relative residual: 0.000735462154310546
Iteration: 327, relative residual: 0.0007354621526597835
Iteration: 328, relative residual: 0.0007354621522836526
Iteration: 329, relative residual: 0.0007354614181938887
Iteration: 330, relative residual: 0.0007354587094413821
Iteration: 331, relative residual: 0.0007354581530494182
Iteration: 332, relative residual: 0.0007354580511384116
Iteration: 333, relative residual: 0.0007354565021036847
Iteration: 334, relative residual: 0.0007354547863937158
Iteration: 335, relative residual: 0.0007354539573499031
Iteration: 336, relative residual: 0.0007354538838069162
Iteration: 337, relative residual: 0.0007354538810041683
Iteration: 338, relative residual: 0.0007354537872747742
Iteration: 339, relative residual: 0.0007354536539040821
Iteration: 340, relative residual: 0.000735453578115198
Iteration: 341, relative residual: 0.0007354523164553778
Iteration: 342, relative residual: 0.0007354494979381725
Iteration: 343, relative residual: 0.0007354418007402823
Iteration: 344, relative residual: 0.0007354336816645247
Iteration: 345, relative residual: 0.0007354334163350569
Iteration: 346, relative residual: 0.0007354292422446174
Iteration: 347, relative residual: 0.0007354166450218495
Iteration: 348, relative residual: 0.0007354126997382806
Iteration: 349, relative residual: 0.0007354091414318972
Iteration: 350, relative residual: 0.0007353954343431791
Iteration: 351, relative residual: 0.0007353541085263076
Iteration: 352, relative residual: 0.0007353498576973441
Iteration: 353, relative residual: 0.0007353473493700355
Iteration: 354, relative residual: 0.0007353342047587276
Iteration: 355, relative residual: 0.0007353256397675881
Iteration: 356, relative residual: 0.0007353185490283195
Iteration: 357, relative residual: 0.000735310718135424
Iteration: 358, relative residual: 0.000735303357061896
Iteration: 359, relative residual: 0.0007353033489697671
Iteration: 360, relative residual: 0.0007352936738609701
Iteration: 361, relative residual: 0.000735275529702103
Iteration: 362, relative residual: 0.000735252913624068
Iteration: 363, relative residual: 0.0007352412310292665
Iteration: 364, relative residual: 0.0007352411287435626
Iteration: 365, relative residual: 0.0007352406941761385
Iteration: 366, relative residual: 0.0007352307063654246
Iteration: 367, relative residual: 0.000735230020060955
Iteration: 368, relative residual: 0.000735221738708933
Iteration: 369, relative residual: 0.0007352213621607292
Iteration: 370, relative residual: 0.0007352212881434323
Iteration: 371, relative residual: 0.0007352179494836028
Iteration: 372, relative residual: 0.0007352160721923026
Iteration: 373, relative residual: 0.0007352119846272446
Iteration: 374, relative residual: 0.000735178022831292
Iteration: 375, relative residual: 0.0007351763655538312
Iteration: 376, relative residual: 0.0007351749496190632
Iteration: 377, relative residual: 0.0007351725097231977
Iteration: 378, relative residual: 0.0007351669371112482
Iteration: 379, relative residual: 0.0007351591487273071
Iteration: 380, relative residual: 0.0007351284864255665
Iteration: 381, relative residual: 0.0007350834567202937
Iteration: 382, relative residual: 0.000735081440434159
Iteration: 383, relative residual: 0.0007350610454546228
Iteration: 384, relative residual: 0.0007350383527403145
Iteration: 385, relative residual: 0.0007350203731986195
Iteration: 386, relative residual: 0.000734975494975724
Iteration: 387, relative residual: 0.0007348386109454016
Iteration: 388, relative residual: 0.0007347148958795414
Iteration: 389, relative residual: 0.0007344759588963533
Iteration: 390, relative residual: 0.0007341242882934056
Iteration: 391, relative residual: 0.000733981788579501
Iteration: 392, relative residual: 0.0007338709391519226
Iteration: 393, relative residual: 0.0007337859210130461
Iteration: 394, relative residual: 0.0007337809056277137
Iteration: 395, relative residual: 0.0007337010841889632
Iteration: 396, relative residual: 0.0007335926921163664
Iteration: 397, relative residual: 0.0007333582448374116
Iteration: 398, relative residual: 0.000732712851146201
Iteration: 399, relative residual: 0.0007324338282256184
Iteration: 400, relative residual: 0.0007324338282256184
Residual: 0.0007324338282256184. Restart...
Iteration: 401, relative residual: 0.0007322547347801746
Iteration: 402, relative residual: 0.0007322547337758484
Iteration: 403, relative residual: 0.0007322547237308763
Iteration: 404, relative residual: 0.0007322546293776374
Iteration: 405, relative residual: 0.0007322545092212758
Iteration: 406, relative residual: 0.0007322545002796931
Iteration: 407, relative residual: 0.0007322543902491653
Iteration: 408, relative residual: 0.0007322541198008743
Iteration: 409, relative residual: 0.0007322537867676023
Iteration: 410, relative residual: 0.0007322530355965398
Iteration: 411, relative residual: 0.0007322527318823301
Iteration: 412, relative residual: 0.0007322525826466695
Iteration: 413, relative residual: 0.0007322524177990198
Iteration: 414, relative residual: 0.0007322512655130352
Iteration: 415, relative residual: 0.000732249101078342
Iteration: 416, relative residual: 0.0007322440382255554
Iteration: 417, relative residual: 0.000732241523654919
Iteration: 418, relative residual: 0.0007322341643100192
Iteration: 419, relative residual: 0.0007322275617303393
Iteration: 420, relative residual: 0.0007322243085558227
Iteration: 421, relative residual: 0.0007322241963166411
Iteration: 422, relative residual: 0.0007322227221955274
Iteration: 423, relative residual: 0.0007322218713962061
Iteration: 424, relative residual: 0.0007322210870399304
Iteration: 425, relative residual: 0.0007322197225457243
Iteration: 426, relative residual: 0.0007322166383714852
Iteration: 427, relative residual: 0.0007322121893557816
Iteration: 428, relative residual: 0.0007322114105753151
Iteration: 429, relative residual: 0.0007322104241518425
Iteration: 430, relative residual: 0.0007322066202655571
Iteration: 431, relative residual: 0.0007322013055680328
Iteration: 432, relative residual: 0.0007321949322780336
Iteration: 433, relative residual: 0.0007321891246895543
Iteration: 434, relative residual: 0.0007321861240701148
Iteration: 435, relative residual: 0.0007321852749119718
Iteration: 436, relative residual: 0.0007321850030317675
Iteration: 437, relative residual: 0.0007321844474868778
Iteration: 438, relative residual: 0.0007321839530665326
Iteration: 439, relative residual: 0.0007321802685975351
Iteration: 440, relative residual: 0.0007321749397658188
Iteration: 441, relative residual: 0.0007321724666790585
Iteration: 442, relative residual: 0.000732171773527211
Iteration: 443, relative residual: 0.0007321641575977476
Iteration: 444, relative residual: 0.0007321554047080663
Iteration: 445, relative residual: 0.0007321455281642858
Iteration: 446, relative residual: 0.0007321275268595773
Iteration: 447, relative residual: 0.0007321218207570018
Iteration: 448, relative residual: 0.0007321177605492936
Iteration: 449, relative residual: 0.000732089295220745
Iteration: 450, relative residual: 0.0007320300710710685
Iteration: 451, relative residual: 0.0007318992058916528
Iteration: 452, relative residual: 0.000731785227964615
Iteration: 453, relative residual: 0.0007317568533776719
Iteration: 454, relative residual: 0.0007317530374440697
Iteration: 455, relative residual: 0.0007317251732918591
Iteration: 456, relative residual: 0.0007316718696031381
Iteration: 457, relative residual: 0.000731539789988431
Iteration: 458, relative residual: 0.0007314554578697278
Iteration: 459, relative residual: 0.0007314537688882744
Iteration: 460, relative residual: 0.000731430894476109
Iteration: 461, relative residual: 0.0007314187339809781
Iteration: 462, relative residual: 0.0007313929050605499
Iteration: 463, relative residual: 0.0007312243262401406
Iteration: 464, relative residual: 0.000731143091653187
Iteration: 465, relative residual: 0.0007311128613840537
Iteration: 466, relative residual: 0.0007311000068006871
Iteration: 467, relative residual: 0.0007310966574796982
Iteration: 468, relative residual: 0.000731063446704518
Iteration: 469, relative residual: 0.0007310329146177182
Iteration: 470, relative residual: 0.0007310013520362123
Iteration: 471, relative residual: 0.0007309052952061524
Iteration: 472, relative residual: 0.0007308215465715342
Iteration: 473, relative residual: 0.0007308199325393979
Iteration: 474, relative residual: 0.0007307872907559495
Iteration: 475, relative residual: 0.0007307684955696298
Iteration: 476, relative residual: 0.000730749962654301
Iteration: 477, relative residual: 0.0007305976858366962
Iteration: 478, relative residual: 0.0007304184839826901
Iteration: 479, relative residual: 0.0007300367608421154
Iteration: 480, relative residual: 0.0007299580670339174
Iteration: 481, relative residual: 0.0007299542207261218
Iteration: 482, relative residual: 0.000729937042598428
Iteration: 483, relative residual: 0.0007298668238120077
Iteration: 484, relative residual: 0.0007295787887512912
Iteration: 485, relative residual: 0.0007288894346869466
Iteration: 486, relative residual: 0.0007287309537803091
Iteration: 487, relative residual: 0.0007287048581941236
Iteration: 488, relative residual: 0.0007286932172512747
Iteration: 489, relative residual: 0.0007286748646401014
Iteration: 490, relative residual: 0.0007284051203933837
Iteration: 491, relative residual: 0.0007280508585296104
Iteration: 492, relative residual: 0.0007275497376377863
Iteration: 493, relative residual: 0.0007270083653000548
Iteration: 494, relative residual: 0.0007267372748812694
Iteration: 495, relative residual: 0.0007267372665418574
Iteration: 496, relative residual: 0.0007266722362402588
Iteration: 497, relative residual: 0.0007266653639326849
Iteration: 498, relative residual: 0.000726549978308332
Iteration: 499, relative residual: 0.0007265491638505206
Iteration: 500, relative residual: 0.0007265491638505206
Residual: 0.0007265491638505206. Restart...
Iteration: 501, relative residual: 0.000726522796363565
Iteration: 502, relative residual: 0.0007265227963177257
Iteration: 503, relative residual: 0.0007265227932788043
Iteration: 504, relative residual: 0.0007265227849569315
Iteration: 505, relative residual: 0.0007265227838874796
Iteration: 506, relative residual: 0.0007265227550673044
Iteration: 507, relative residual: 0.0007265227227841996
Iteration: 508, relative residual: 0.000726522704336267
Iteration: 509, relative residual: 0.0007265227003292344
Iteration: 510, relative residual: 0.0007265227003161835
Iteration: 511, relative residual: 0.0007265226954350789
Iteration: 512, relative residual: 0.0007265226799992723
Iteration: 513, relative residual: 0.0007265226448181683
Iteration: 514, relative residual: 0.0007265221963490572
Iteration: 515, relative residual: 0.0007265218518341881
Iteration: 516, relative residual: 0.0007265218421558978
Iteration: 517, relative residual: 0.0007265214536379373
Iteration: 518, relative residual: 0.0007265214504049604
Iteration: 519, relative residual: 0.0007265207378054496
Iteration: 520, relative residual: 0.0007265207309055439
Iteration: 521, relative residual: 0.0007265187747435885
Iteration: 522, relative residual: 0.0007265144704543729
Iteration: 523, relative residual: 0.0007265132145061618
Iteration: 524, relative residual: 0.0007265131902904101
Iteration: 525, relative residual: 0.0007265131780040121
Iteration: 526, relative residual: 0.0007265131699104706
Iteration: 527, relative residual: 0.0007265131545507476
Iteration: 528, relative residual: 0.0007265115015137848
Iteration: 529, relative residual: 0.0007265070217562924
Iteration: 530, relative residual: 0.0007265045285533751
Iteration: 531, relative residual: 0.0007265043671484146
Iteration: 532, relative residual: 0.0007265040435980366
Iteration: 533, relative residual: 0.0007265040159089575
Iteration: 534, relative residual: 0.0007265034011568927
Iteration: 535, relative residual: 0.000726498745991281
Iteration: 536, relative residual: 0.0007264882605327248
Iteration: 537, relative residual: 0.0007264783493735162
Iteration: 538, relative residual: 0.0007264770543678427
Iteration: 539, relative residual: 0.0007264769779406218
Iteration: 540, relative residual: 0.0007264753717090568
Iteration: 541, relative residual: 0.0007264548764672709
Iteration: 542, relative residual: 0.0007264021856043022
Iteration: 543, relative residual: 0.0007263522550022706
Iteration: 544, relative residual: 0.0007263205542016402
Iteration: 545, relative residual: 0.0007263120830559125
Iteration: 546, relative residual: 0.0007263109773293775
Iteration: 547, relative residual: 0.000726298165204174
Iteration: 548, relative residual: 0.0007262501853020073
Iteration: 549, relative residual: 0.0007261562013494995
Iteration: 550, relative residual: 0.0007260812187872516
Iteration: 551, relative residual: 0.000726004084431821
Iteration: 552, relative residual: 0.0007259897323051608
Iteration: 553, relative residual: 0.0007259845493454676
Iteration: 554, relative residual: 0.0007259551140674728
Iteration: 555, relative residual: 0.0007259189478371118
Iteration: 556, relative residual: 0.0007259021817774382
Iteration: 557, relative residual: 0.0007258916306736805
Iteration: 558, relative residual: 0.0007258852489241888
Iteration: 559, relative residual: 0.0007258293181895219
Iteration: 560, relative residual: 0.000725766580177738
Iteration: 561, relative residual: 0.000725694837668384
Iteration: 562, relative residual: 0.0007256592373840888
Iteration: 563, relative residual: 0.0007256204516609118
Iteration: 564, relative residual: 0.0007255936873364355
Iteration: 565, relative residual: 0.0007255931052504596
Iteration: 566, relative residual: 0.0007255795202175255
Iteration: 567, relative residual: 0.0007255257121384264
Iteration: 568, relative residual: 0.0007254389463082481
Iteration: 569, relative residual: 0.0007253799518617398
Iteration: 570, relative residual: 0.0007253642839205589
Iteration: 571, relative residual: 0.0007253603748188012
Iteration: 572, relative residual: 0.0007253418205104366
Iteration: 573, relative residual: 0.0007252625667273754
Iteration: 574, relative residual: 0.000725063425371259
Iteration: 575, relative residual: 0.0007249378542422001
Iteration: 576, relative residual: 0.0007249093817920627
Iteration: 577, relative residual: 0.0007249081827161156
Iteration: 578, relative residual: 0.0007248767197196501
Iteration: 579, relative residual: 0.000724773172444578
Iteration: 580, relative residual: 0.0007244805095955354
Iteration: 581, relative residual: 0.0007236868845333316
Iteration: 582, relative residual: 0.0007232595654419321
Iteration: 583, relative residual: 0.00072283139768349
Iteration: 584, relative residual: 0.0007225704614151223
Iteration: 585, relative residual: 0.0007224223738753113
Iteration: 586, relative residual: 0.0007224171750951882
Iteration: 587, relative residual: 0.0007221148392129445
Iteration: 588, relative residual: 0.0007217000435698477
Iteration: 589, relative residual: 0.0007212226983109561
Iteration: 590, relative residual: 0.0007204168118963592
Iteration: 591, relative residual: 0.000719292862563076
Iteration: 592, relative residual: 0.0007187733276993561
Iteration: 593, relative residual: 0.0007186986169971685
Iteration: 594, relative residual: 0.0007186373461584844
Iteration: 595, relative residual: 0.0007182630009209512
Iteration: 596, relative residual: 0.0007177451083973078
Iteration: 597, relative residual: 0.0007173575102124774
Iteration: 598, relative residual: 0.000716079627695602
Iteration: 599, relative residual: 0.0007158781326072934
Iteration: 600, relative residual: 0.0007158781326072934
Residual: 0.0007158781326072934. Restart...
Iteration: 601, relative residual: 0.0007157069750837092
Iteration: 602, relative residual: 0.0007157069750763857
Iteration: 603, relative residual: 0.0007157069675924763
Iteration: 604, relative residual: 0.0007157069625164326
Iteration: 605, relative residual: 0.0007157069465171812
Iteration: 606, relative residual: 0.0007157068199891542
Iteration: 607, relative residual: 0.0007157065488865618
Iteration: 608, relative residual: 0.0007157061083637673
Iteration: 609, relative residual: 0.0007157055884792634
Iteration: 610, relative residual: 0.0007157045202153133
Iteration: 611, relative residual: 0.0007157040344647032
Iteration: 612, relative residual: 0.0007157039078771043
Iteration: 613, relative residual: 0.0007157032174652278
Iteration: 614, relative residual: 0.0007157003335021881
Iteration: 615, relative residual: 0.0007156950346849166
Iteration: 616, relative residual: 0.0007156895455520727
Iteration: 617, relative residual: 0.0007156885929720777
Iteration: 618, relative residual: 0.0007156838696933216
Iteration: 619, relative residual: 0.0007156762898935638
Iteration: 620, relative residual: 0.0007156716298381743
Iteration: 621, relative residual: 0.0007156713425836509
Iteration: 622, relative residual: 0.000715670212842836
Iteration: 623, relative residual: 0.0007156680664557203
Iteration: 624, relative residual: 0.0007156657659958526
Iteration: 625, relative residual: 0.0007156622526080928
Iteration: 626, relative residual: 0.0007156606922790071
Iteration: 627, relative residual: 0.0007156593937210844
Iteration: 628, relative residual: 0.0007156592842370564
Iteration: 629, relative residual: 0.0007156591618508529
Iteration: 630, relative residual: 0.0007156585563076388
Iteration: 631, relative residual: 0.0007156548002319684
Iteration: 632, relative residual: 0.0007156435715265161
Iteration: 633, relative residual: 0.0007156293137735623
Iteration: 634, relative residual: 0.0007156254820850627
Iteration: 635, relative residual: 0.0007156254820140729
Iteration: 636, relative residual: 0.0007156251469844738
Iteration: 637, relative residual: 0.0007156246769751424
Iteration: 638, relative residual: 0.0007156223636373123
Iteration: 639, relative residual: 0.0007156089509821879
Iteration: 640, relative residual: 0.0007155955121394757
Iteration: 641, relative residual: 0.0007155879269634624
Iteration: 642, relative residual: 0.000715587293896942
Iteration: 643, relative residual: 0.0007155590579831468
Iteration: 644, relative residual: 0.0007154991807650306
Iteration: 645, relative residual: 0.0007154265369347041
Iteration: 646, relative residual: 0.0007153133804811718
Iteration: 647, relative residual: 0.0007152398809365078
Iteration: 648, relative residual: 0.0007152291854860398
Iteration: 649, relative residual: 0.0007152065570768623
Iteration: 650, relative residual: 0.0007150317739042714
Iteration: 651, relative residual: 0.0007146320283524273
Iteration: 652, relative residual: 0.0007143024692822204
Iteration: 653, relative residual: 0.0007141553999784053
Iteration: 654, relative residual: 0.0007141349244218746
Iteration: 655, relative residual: 0.0007141096711200019
Iteration: 656, relative residual: 0.0007139326925503728
Iteration: 657, relative residual: 0.0007136513752234554
Iteration: 658, relative residual: 0.0007135511154283698
Iteration: 659, relative residual: 0.0007135482363150614
Iteration: 660, relative residual: 0.000713539733566862
Iteration: 661, relative residual: 0.0007133955529225377
Iteration: 662, relative residual: 0.0007132047087130253
Iteration: 663, relative residual: 0.0007128576896327842
Iteration: 664, relative residual: 0.0007127554304289252
Iteration: 665, relative residual: 0.0007126896657580559
Iteration: 666, relative residual: 0.0007126882678631867
Iteration: 667, relative residual: 0.0007126762993038811
Iteration: 668, relative residual: 0.0007125808776630181
Iteration: 669, relative residual: 0.0007124363845699953
Iteration: 670, relative residual: 0.000712304368600588
Iteration: 671, relative residual: 0.0007121665197941694
Iteration: 672, relative residual: 0.0007121469153543234
Iteration: 673, relative residual: 0.0007121074226983598
Iteration: 674, relative residual: 0.0007119893486658589
Iteration: 675, relative residual: 0.0007118253870783461
Iteration: 676, relative residual: 0.0007116973071944658
Iteration: 677, relative residual: 0.0007116604735632263
Iteration: 678, relative residual: 0.0007116394035793294
Iteration: 679, relative residual: 0.000711597245524038
Iteration: 680, relative residual: 0.0007109956648024004
Iteration: 681, relative residual: 0.000710351744784232
Iteration: 682, relative residual: 0.0007096976568174325
Iteration: 683, relative residual: 0.0007092851090426608
Iteration: 684, relative residual: 0.0007088760607876119
Iteration: 685, relative residual: 0.0007086058806474979
Iteration: 686, relative residual: 0.0007085308312844935
Iteration: 687, relative residual: 0.0007083245395933627
Iteration: 688, relative residual: 0.000708114532032622
Iteration: 689, relative residual: 0.0007074184799993963
Iteration: 690, relative residual: 0.0007064168804658397
Iteration: 691, relative residual: 0.0007054031210177986
Iteration: 692, relative residual: 0.0007046200677751095
Iteration: 693, relative residual: 0.000704515763548367
Iteration: 694, relative residual: 0.0007045154096893784
Iteration: 695, relative residual: 0.0007043971169883388
Iteration: 696, relative residual: 0.0007043086477424177
Iteration: 697, relative residual: 0.0007042931880639582
Iteration: 698, relative residual: 0.0007037717111114129
Iteration: 699, relative residual: 0.0007035852758682448
Iteration: 700, relative residual: 0.0007035852758682448
Residual: 0.0007035852758682448. Restart...
Iteration: 701, relative residual: 0.0007034639016289621
Iteration: 702, relative residual: 0.0007034639016124857
Iteration: 703, relative residual: 0.0007034638964356127
Iteration: 704, relative residual: 0.0007034638918387057
Iteration: 705, relative residual: 0.0007034638820803335
Iteration: 706, relative residual: 0.0007034637955515373
Iteration: 707, relative residual: 0.000703463563817528
Iteration: 708, relative residual: 0.0007034632319795487
Iteration: 709, relative residual: 0.0007034627248873835
Iteration: 710, relative residual: 0.0007034616348367121
Iteration: 711, relative residual: 0.0007034610929652639
Iteration: 712, relative residual: 0.0007034601858155811
Iteration: 713, relative residual: 0.0007034601173760897
Iteration: 714, relative residual: 0.0007034593818384666
Iteration: 715, relative residual: 0.0007034582777377864
Iteration: 716, relative residual: 0.0007034579248322742
Iteration: 717, relative residual: 0.0007034575754940474
Iteration: 718, relative residual: 0.0007034573329836304
Iteration: 719, relative residual: 0.0007034550759410465
Iteration: 720, relative residual: 0.0007034521712078688
Iteration: 721, relative residual: 0.0007034519621522768
Iteration: 722, relative residual: 0.0007034513178857029
Iteration: 723, relative residual: 0.0007034500530134952
Iteration: 724, relative residual: 0.0007034477638991099
Iteration: 725, relative residual: 0.0007034452607351621
Iteration: 726, relative residual: 0.0007034452029472047
Iteration: 727, relative residual: 0.0007034443897189215
Iteration: 728, relative residual: 0.000703443594394117
Iteration: 729, relative residual: 0.0007034435888815735
Iteration: 730, relative residual: 0.0007034434910905954
Iteration: 731, relative residual: 0.000703441792659144
Iteration: 732, relative residual: 0.0007034342698612584
Iteration: 733, relative residual: 0.0007034290948116703
Iteration: 734, relative residual: 0.0007034289463630467
Iteration: 735, relative residual: 0.0007034252764274911
Iteration: 736, relative residual: 0.0007034115500361063
Iteration: 737, relative residual: 0.0007034090072550641
Iteration: 738, relative residual: 0.0007034079268364035
Iteration: 739, relative residual: 0.0007034065635602976
Iteration: 740, relative residual: 0.0007034027121960875
Iteration: 741, relative residual: 0.0007033969505221485
Iteration: 742, relative residual: 0.0007033965128324467
Iteration: 743, relative residual: 0.0007033618623549715
Iteration: 744, relative residual: 0.0007033130990288277
Iteration: 745, relative residual: 0.0007032821655144972
Iteration: 746, relative residual: 0.0007032203417201451
Iteration: 747, relative residual: 0.0007031949446626673
Iteration: 748, relative residual: 0.0007031758131738976
Iteration: 749, relative residual: 0.0007031758047506211
Iteration: 750, relative residual: 0.0007031166312782745
Iteration: 751, relative residual: 0.0007029184039485294
Iteration: 752, relative residual: 0.0007027841731877917
Iteration: 753, relative residual: 0.0007027056457649066
Iteration: 754, relative residual: 0.0007026909572495623
Iteration: 755, relative residual: 0.0007026909478742254
Iteration: 756, relative residual: 0.0007026748270432538
Iteration: 757, relative residual: 0.0007026058837483279
Iteration: 758, relative residual: 0.000702546099569189
Iteration: 759, relative residual: 0.0007025207987958553
Iteration: 760, relative residual: 0.0007025201088965963
Iteration: 761, relative residual: 0.0007024054629037062
Iteration: 762, relative residual: 0.0007022292789829892
Iteration: 763, relative residual: 0.000701965028954378
Iteration: 764, relative residual: 0.000701925773765887
Iteration: 765, relative residual: 0.0007019253355173052
Iteration: 766, relative residual: 0.000701921380092812
Iteration: 767, relative residual: 0.0007019064737121484
Iteration: 768, relative residual: 0.0007017873250146562
Iteration: 769, relative residual: 0.0007015336181205714
Iteration: 770, relative residual: 0.0007013650837470317
Iteration: 771, relative residual: 0.0007013403578420357
Iteration: 772, relative residual: 0.0007013025085016602
Iteration: 773, relative residual: 0.0007012765079172287
Iteration: 774, relative residual: 0.0007011938302943512
Iteration: 775, relative residual: 0.0007010428615687009
Iteration: 776, relative residual: 0.0007009098514344509
Iteration: 777, relative residual: 0.0007008835572100023
Iteration: 778, relative residual: 0.00070085396585029
Iteration: 779, relative residual: 0.0007005752259319726
Iteration: 780, relative residual: 0.0007003633559505582
Iteration: 781, relative residual: 0.0007001291154981782
Iteration: 782, relative residual: 0.0006997933109297905
Iteration: 783, relative residual: 0.0006994081590950367
Iteration: 784, relative residual: 0.0006993099567427601
Iteration: 785, relative residual: 0.0006993023779486371
Iteration: 786, relative residual: 0.0006991780292403534
Iteration: 787, relative residual: 0.0006989905872058412
Iteration: 788, relative residual: 0.0006986867173729749
Iteration: 789, relative residual: 0.0006981762191705052
Iteration: 790, relative residual: 0.0006977014678791564
Iteration: 791, relative residual: 0.0006976073732604171
Iteration: 792, relative residual: 0.0006974652683372056
Iteration: 793, relative residual: 0.0006974643878840913
Iteration: 794, relative residual: 0.0006974321261174764
Iteration: 795, relative residual: 0.0006967845056112547
Iteration: 796, relative residual: 0.0006964020417050793
Iteration: 797, relative residual: 0.0006961082917183458
Iteration: 798, relative residual: 0.0006956969849065699
Iteration: 799, relative residual: 0.0006956102754948694
Iteration: 800, relative residual: 0.0006956102754948694
Residual: 0.0006956102754948694. Restart...
Iteration: 801, relative residual: 0.0006952169179548981
Iteration: 802, relative residual: 0.0006952169179474904
Iteration: 803, relative residual: 0.0006952168988077292
Iteration: 804, relative residual: 0.0006952168877978909
Iteration: 805, relative residual: 0.0006952168415950255
Iteration: 806, relative residual: 0.0006952165399366435
Iteration: 807, relative residual: 0.0006952161087608909
Iteration: 808, relative residual: 0.0006952158411736917
Iteration: 809, relative residual: 0.0006952158411688898
Iteration: 810, relative residual: 0.0006952158411661376
Iteration: 811, relative residual: 0.0006952158066550212
Iteration: 812, relative residual: 0.0006952157654416224
Iteration: 813, relative residual: 0.0006952156716981975
Iteration: 814, relative residual: 0.0006952154036886695
Iteration: 815, relative residual: 0.0006952145198633605
Iteration: 816, relative residual: 0.0006952140034293297
Iteration: 817, relative residual: 0.0006952139028105371
Iteration: 818, relative residual: 0.0006952138772865828
Iteration: 819, relative residual: 0.0006952131929888926
Iteration: 820, relative residual: 0.0006952131697125193
Iteration: 821, relative residual: 0.0006952118870176395
Iteration: 822, relative residual: 0.0006952093830035151
Iteration: 823, relative residual: 0.0006952086301302552
Iteration: 824, relative residual: 0.000695208495865126
Iteration: 825, relative residual: 0.0006952080502013412
Iteration: 826, relative residual: 0.0006952077166484307
Iteration: 827, relative residual: 0.0006952076582637429
Iteration: 828, relative residual: 0.0006952064460510553
Iteration: 829, relative residual: 0.000695203900320319
Iteration: 830, relative residual: 0.000695202610062256
Iteration: 831, relative residual: 0.0006952018797756213
Iteration: 832, relative residual: 0.0006952015096390854
Iteration: 833, relative residual: 0.0006952013215978724
Iteration: 834, relative residual: 0.0006952007907698134
Iteration: 835, relative residual: 0.0006952007333683974
Iteration: 836, relative residual: 0.0006952006529283542
Iteration: 837, relative residual: 0.0006951964797592555
Iteration: 838, relative residual: 0.0006951847322540409
Iteration: 839, relative residual: 0.0006951625180246346
Iteration: 840, relative residual: 0.0006951589029210533
Iteration: 841, relative residual: 0.0006951585266919745
Iteration: 842, relative residual: 0.0006951524911781156
Iteration: 843, relative residual: 0.0006951494896246223
Iteration: 844, relative residual: 0.0006951387608791536
Iteration: 845, relative residual: 0.0006951110175074785
Iteration: 846, relative residual: 0.0006950355182952442
Iteration: 847, relative residual: 0.0006949449786953775
Iteration: 848, relative residual: 0.0006949319414616145
Iteration: 849, relative residual: 0.0006949241028166357
Iteration: 850, relative residual: 0.0006948852669994631
Iteration: 851, relative residual: 0.0006948054999470685
Iteration: 852, relative residual: 0.0006946767849883186
Iteration: 853, relative residual: 0.0006945587551768006
Iteration: 854, relative residual: 0.0006945316524088065
Iteration: 855, relative residual: 0.000694529907105115
Iteration: 856, relative residual: 0.0006944769241810166
Iteration: 857, relative residual: 0.0006944201543457599
Iteration: 858, relative residual: 0.0006943909148660707
Iteration: 859, relative residual: 0.000694375654414068
Iteration: 860, relative residual: 0.0006943749103343839
Iteration: 861, relative residual: 0.0006943344845405079
Iteration: 862, relative residual: 0.0006942348744001959
Iteration: 863, relative residual: 0.0006941043968049499
Iteration: 864, relative residual: 0.0006940562820853236
Iteration: 865, relative residual: 0.0006940432784994029
Iteration: 866, relative residual: 0.0006940365593414388
Iteration: 867, relative residual: 0.0006940273316205508
Iteration: 868, relative residual: 0.0006940108369429938
Iteration: 869, relative residual: 0.0006939373579835609
Iteration: 870, relative residual: 0.0006938731192285195
Iteration: 871, relative residual: 0.0006938449606848019
Iteration: 872, relative residual: 0.0006938439850781116
Iteration: 873, relative residual: 0.0006938439813686224
Iteration: 874, relative residual: 0.000693823249520262
Iteration: 875, relative residual: 0.0006937601880083637
Iteration: 876, relative residual: 0.00069364769683704
Iteration: 877, relative residual: 0.0006935626234762033
Iteration: 878, relative residual: 0.0006935573324457807
Iteration: 879, relative residual: 0.0006935389685732667
Iteration: 880, relative residual: 0.0006934546190802026
Iteration: 881, relative residual: 0.0006933469165309252
Iteration: 882, relative residual: 0.0006932980625331154
Iteration: 883, relative residual: 0.0006931769564384086
Iteration: 884, relative residual: 0.0006931506098392744
Iteration: 885, relative residual: 0.0006931502213333144
Iteration: 886, relative residual: 0.0006931465096385933
Iteration: 887, relative residual: 0.0006929892145563356
Iteration: 888, relative residual: 0.0006929150776824374
Iteration: 889, relative residual: 0.0006927383832789303
Iteration: 890, relative residual: 0.0006924810474435014
Iteration: 891, relative residual: 0.0006923795451318734
Iteration: 892, relative residual: 0.000692358241228179
Iteration: 893, relative residual: 0.0006923580151961699
Iteration: 894, relative residual: 0.0006923324698033313
Iteration: 895, relative residual: 0.0006922149107727266
Iteration: 896, relative residual: 0.0006918067125187712
Iteration: 897, relative residual: 0.0006915645480347216
Iteration: 898, relative residual: 0.0006912835395163437
Iteration: 899, relative residual: 0.0006912346106020743
Iteration: 900, relative residual: 0.0006912346106020743
Residual: 0.0006912346106020743. Restart...
Iteration: 901, relative residual: 0.0006910220823757071
Iteration: 902, relative residual: 0.0006910220823673149
Iteration: 903, relative residual: 0.0006910220760747739
Iteration: 904, relative residual: 0.0006910220730448126
Iteration: 905, relative residual: 0.0006910220519392279
Iteration: 906, relative residual: 0.0006910219111108564
Iteration: 907, relative residual: 0.0006910216616488074
Iteration: 908, relative residual: 0.0006910214634038268
Iteration: 909, relative residual: 0.0006910214420225289
Iteration: 910, relative residual: 0.0006910214246002699
Iteration: 911, relative residual: 0.0006910213764926421
Iteration: 912, relative residual: 0.0006910213764909575
Iteration: 913, relative residual: 0.0006910213567374036
Iteration: 914, relative residual: 0.0006910213207549764
Iteration: 915, relative residual: 0.0006910210221999905
Iteration: 916, relative residual: 0.0006910207530202482
Iteration: 917, relative residual: 0.000691020719819971
Iteration: 918, relative residual: 0.0006910205809141806
Iteration: 919, relative residual: 0.0006910205766668015
Iteration: 920, relative residual: 0.000691020023591558
Iteration: 921, relative residual: 0.0006910189510985107
Iteration: 922, relative residual: 0.0006910171835061352
Iteration: 923, relative residual: 0.0006910163046259505
Iteration: 924, relative residual: 0.0006910163015996905
Iteration: 925, relative residual: 0.0006910163004829346
Iteration: 926, relative residual: 0.0006910162927535941
Iteration: 927, relative residual: 0.0006910162838422992
Iteration: 928, relative residual: 0.0006910156857764415
Iteration: 929, relative residual: 0.0006910138866402679
Iteration: 930, relative residual: 0.0006910132135156863
Iteration: 931, relative residual: 0.0006910132106839771
Iteration: 932, relative residual: 0.0006910131382038192
Iteration: 933, relative residual: 0.0006910129212505721
Iteration: 934, relative residual: 0.0006910128270214939
Iteration: 935, relative residual: 0.0006910121720331768
Iteration: 936, relative residual: 0.0006910101877666623
Iteration: 937, relative residual: 0.000691008834707391
Iteration: 938, relative residual: 0.0006910070167550015
Iteration: 939, relative residual: 0.0006910036213280563
Iteration: 940, relative residual: 0.0006910025611276693
Iteration: 941, relative residual: 0.0006910025295778055
Iteration: 942, relative residual: 0.0006910021806031275
Iteration: 943, relative residual: 0.000691000140334214
Iteration: 944, relative residual: 0.0006909939841744427
Iteration: 945, relative residual: 0.0006909809392297829
Iteration: 946, relative residual: 0.0006909592698599971
Iteration: 947, relative residual: 0.0006909336038548881
Iteration: 948, relative residual: 0.0006909236352315765
Iteration: 949, relative residual: 0.0006909236173197891
Iteration: 950, relative residual: 0.0006909160339427414
Iteration: 951, relative residual: 0.0006908950875855894
Iteration: 952, relative residual: 0.0006908680616958011
Iteration: 953, relative residual: 0.0006908444218121284
Iteration: 954, relative residual: 0.0006908332095603427
Iteration: 955, relative residual: 0.0006908308340129497
Iteration: 956, relative residual: 0.0006908307223081806
Iteration: 957, relative residual: 0.000690821004415079
Iteration: 958, relative residual: 0.0006908089248916075
Iteration: 959, relative residual: 0.0006908022578708076
Iteration: 960, relative residual: 0.0006908009700186174
Iteration: 961, relative residual: 0.0006907952250071807
Iteration: 962, relative residual: 0.0006907755449785602
Iteration: 963, relative residual: 0.0006907464565255241
Iteration: 964, relative residual: 0.000690724974402198
Iteration: 965, relative residual: 0.0006907140952865264
Iteration: 966, relative residual: 0.0006907077482664624
Iteration: 967, relative residual: 0.0006907067862385581
Iteration: 968, relative residual: 0.0006907057318308298
Iteration: 969, relative residual: 0.0006906864621004506
Iteration: 970, relative residual: 0.0006906625169760793
Iteration: 971, relative residual: 0.0006906427386965165
Iteration: 972, relative residual: 0.0006906425550116493
Iteration: 973, relative residual: 0.0006906362861703906
Iteration: 974, relative residual: 0.0006906297867880105
Iteration: 975, relative residual: 0.0006906194401968881
Iteration: 976, relative residual: 0.0006905825661739898
Iteration: 977, relative residual: 0.0006905636463831881
Iteration: 978, relative residual: 0.0006905631013491512
Iteration: 979, relative residual: 0.000690538794389764
Iteration: 980, relative residual: 0.0006904657285080631
Iteration: 981, relative residual: 0.0006904328831153669
Iteration: 982, relative residual: 0.0006904108004839643
Iteration: 983, relative residual: 0.0006903702762342652
Iteration: 984, relative residual: 0.0006903453320379621
Iteration: 985, relative residual: 0.0006903367290172862
Iteration: 986, relative residual: 0.0006903367012049135
Iteration: 987, relative residual: 0.0006903206878375239
Iteration: 988, relative residual: 0.0006903065599980482
Iteration: 989, relative residual: 0.0006901857427441332
Iteration: 990, relative residual: 0.0006901553786752788
Iteration: 991, relative residual: 0.0006901459655844095
Iteration: 992, relative residual: 0.0006901326973535229
Iteration: 993, relative residual: 0.000690125030872394
Iteration: 994, relative residual: 0.0006901172390338019
Iteration: 995, relative residual: 0.000689967455675711
Iteration: 996, relative residual: 0.0006898644773363268
Iteration: 997, relative residual: 0.0006897470141089814
Iteration: 998, relative residual: 0.0006895940274303568
Iteration: 999, relative residual: 0.000689577291932632
Iteration: 1000, relative residual: 0.000689577291932632
Residual: 0.000689577291932632. Restart...
Warning!!!!You have reached the maximum number of iterations : 1000.
The run will stop. Check the residual behaviour you might have a bug.For future runs you might consider changing the tolerance or increasing the number of max_iter.
Solve time        : 4831.878235578537s

Calculate Solvation Energy (E_solv)
Calculating solvation energy for region 1, stored in E_solv[0]
6248.350697656112 of 527340 analytical integrals for phi_reac calculation in region 1
Time E_solv: 4.574422121047974s
Region 1: E_solv = -6624.875070485152 kcal/mol = -27718.477294909877 kJ/mol

Calculate Surface Energy (E_surf)
Time E_surf: 0.02051091194152832s

Calculate Coulomb Energy (E_coul)
Calculate Coulomb energy for region 1
Region 1: E_coul = -242839.42443012478 kcal/mol = -1016040.1518156421 kJ/mol
Time E_coul: 23.72688889503479s

------------------------------
Totals:
E_solv = -6624.875070485152 kcal/mol
E_surf = 0 kcal/mol
E_coul = -242839.42443012478 kcal/mol

Time = 4930.764307498932 s
