Run started on:
	Date: 2020/5/24
	Time: 23:39:6
	PyGBe version: 0.3.2+5.gea0f875
Config file: /cobra/u/gvargas/code/hPB/pygbe/pygbe/myCrownFinShots/sarsCov2002noACE2/snap5/snap5.config
Parameter file: /cobra/u/gvargas/code/hPB/pygbe/pygbe/myCrownFinShots/sarsCov2002noACE2/snap5/snap5.param
Geometry folder: /cobra/u/gvargas/code/hPB/pygbe/pygbe/myCrownFinShots/sarsCov2002noACE2/snap5/geometry
Running in: /cobra/u/gvargas/code/hPB/pygbe/pygbe/myCrownFinShots/sarsCov2002noACE2/snap5

Reading surface 0 from file geometry/crownVF2002noACE2
Time load mesh: 8.918577909469604
Removed areas=0: 176

Total elements : 531952
Total equations: 1063904
----------------------------

1 surfaces:

Surface 0:
	531952 elements
	Surface type         : dielectric_interface
	Cells                : 4400
	Twigs                : 3735
	Levels               : 6
	C0 size              : 90.97382293791874
	C0 box center        : 83.78737450559451, 81.80436009953281, 84.28953665932262
	Twig cell size       : 2.8429319668099606
	Rbox/theta           : 5.685863933619921
	Analytic distance    : 1.2935532615039738
	Elem. per Ang^2      : 4.178004067294181
	Max, min, avg elem.  : 1.3038786199426349, 4.999999999976695e-07, 0.23934873779278876
	Total area           : 127322.03976634957
------------------------------

2 regions:

Region 0:
	Laplace or Yukawa: 2
	kappa            : 0.125
	dielectric const : 80.0
	Number of charges: 0
	Parent surface   : []
	Child surfaces   : [0]
Region 1:
	Laplace or Yukawa: 1
	kappa            : 1e-12
	dielectric const : 4.0
	Number of charges: 50814
	Parent surface   : [0]
	Child surfaces   : []
------------------------------

Parameters:
	Data type               : <class 'numpy.float64'>
	Use GPU                 : 1
	P                       : 4
	threshold               : 0.50
	theta                   : 0.50
	NCRIT                   : 500
	CUDA block size         : 128
	Gauss points per element: 1
	Gauss points near singlr: 25
	1D Gauss points per side: 9
	GMRES tolerance         : 1e-05
	GMRES max iterations    : 1000
	GMRES restart iteration : 100
----------------------------

Generate interaction list
Transfer data to GPU
Generate RHS
List time          : 4.256317615509033s
Data transfer time : 0.5150892734527588s
RHS generation time: 0.5047092437744141s
------------------------------
Total setup time   : 68.68418216705322s
Solve
Iteration: 1, relative residual: 0.48099483424610673
Iteration: 2, relative residual: 0.3400170537230552
Iteration: 3, relative residual: 0.294461924647912
Iteration: 4, relative residual: 0.27670620332125384
Iteration: 5, relative residual: 0.2553730042914897
Iteration: 6, relative residual: 0.2040133154058752
Iteration: 7, relative residual: 0.17843612028944025
Iteration: 8, relative residual: 0.17836604076389778
Iteration: 9, relative residual: 0.15467917626121752
Iteration: 10, relative residual: 0.1268202660168957
Iteration: 11, relative residual: 0.12464637955168614
Iteration: 12, relative residual: 0.08496658937268196
Iteration: 13, relative residual: 0.07946257009587408
Iteration: 14, relative residual: 0.07252994752710848
Iteration: 15, relative residual: 0.06563869292604792
Iteration: 16, relative residual: 0.05704618822469334
Iteration: 17, relative residual: 0.0397001426020835
Iteration: 18, relative residual: 0.03438975108600689
Iteration: 19, relative residual: 0.030756363651190527
Iteration: 20, relative residual: 0.027333314777089213
Iteration: 21, relative residual: 0.02732881923501397
Iteration: 22, relative residual: 0.02693060082565031
Iteration: 23, relative residual: 0.02378382138356042
Iteration: 24, relative residual: 0.023515409899598317
Iteration: 25, relative residual: 0.02143082568633231
Iteration: 26, relative residual: 0.01858710580635646
Iteration: 27, relative residual: 0.017965779641502144
Iteration: 28, relative residual: 0.017601917811400053
Iteration: 29, relative residual: 0.015468414084631336
Iteration: 30, relative residual: 0.013709589092650494
Iteration: 31, relative residual: 0.011467854522462064
Iteration: 32, relative residual: 0.010069744104915082
Iteration: 33, relative residual: 0.008752032615361385
Iteration: 34, relative residual: 0.008162558267967211
Iteration: 35, relative residual: 0.008156460218647745
Iteration: 36, relative residual: 0.007637723335126958
Iteration: 37, relative residual: 0.006775583506055296
Iteration: 38, relative residual: 0.006213108306958784
Iteration: 39, relative residual: 0.005614733590050504
Iteration: 40, relative residual: 0.005412629351503021
Iteration: 41, relative residual: 0.005411275355898933
Iteration: 42, relative residual: 0.005052543218057174
Iteration: 43, relative residual: 0.004868072078247552
Iteration: 44, relative residual: 0.0047245880332550515
Iteration: 45, relative residual: 0.004714416474943782
Iteration: 46, relative residual: 0.004685739857217594
Iteration: 47, relative residual: 0.004534710448056745
Iteration: 48, relative residual: 0.004522203437196428
Iteration: 49, relative residual: 0.004520431227821873
Iteration: 50, relative residual: 0.004497434018177047
Iteration: 51, relative residual: 0.004393697016347548
Iteration: 52, relative residual: 0.004381092415729767
Iteration: 53, relative residual: 0.0043117327417130855
Iteration: 54, relative residual: 0.004104589183941126
Iteration: 55, relative residual: 0.003890507974639574
Iteration: 56, relative residual: 0.00383030011181059
Iteration: 57, relative residual: 0.0038300057655274843
Iteration: 58, relative residual: 0.0036619739816366975
Iteration: 59, relative residual: 0.0034239015068174145
Iteration: 60, relative residual: 0.0034120507669629604
Iteration: 61, relative residual: 0.003410698828223525
Iteration: 62, relative residual: 0.003238347945865748
Iteration: 63, relative residual: 0.0029659776345689927
Iteration: 64, relative residual: 0.002782547100122427
Iteration: 65, relative residual: 0.0026975309279184427
Iteration: 66, relative residual: 0.002682776126949433
Iteration: 67, relative residual: 0.0026823618241651934
Iteration: 68, relative residual: 0.002626772098293916
Iteration: 69, relative residual: 0.0025614021294244086
Iteration: 70, relative residual: 0.0025174412875616234
Iteration: 71, relative residual: 0.002506280142696969
Iteration: 72, relative residual: 0.002499703176431697
Iteration: 73, relative residual: 0.0024471108090054704
Iteration: 74, relative residual: 0.002366413155469772
Iteration: 75, relative residual: 0.0022633147280771257
Iteration: 76, relative residual: 0.0021714981396733506
Iteration: 77, relative residual: 0.002171485771103846
Iteration: 78, relative residual: 0.0021398267632013928
Iteration: 79, relative residual: 0.0020938894430144817
Iteration: 80, relative residual: 0.002023926248589912
Iteration: 81, relative residual: 0.0019437712592456024
Iteration: 82, relative residual: 0.0018854644727134922
Iteration: 83, relative residual: 0.0018614033220419924
Iteration: 84, relative residual: 0.0018589656492049487
Iteration: 85, relative residual: 0.0018484969074309217
Iteration: 86, relative residual: 0.00181273494010862
Iteration: 87, relative residual: 0.0017291795645963458
Iteration: 88, relative residual: 0.0016747625627110336
Iteration: 89, relative residual: 0.0016403429805524762
Iteration: 90, relative residual: 0.0016283836356747199
Iteration: 91, relative residual: 0.001628021237450454
Iteration: 92, relative residual: 0.0016075793641042151
Iteration: 93, relative residual: 0.0015814626479946257
Iteration: 94, relative residual: 0.0015548773176447864
Iteration: 95, relative residual: 0.0015333437048572472
Iteration: 96, relative residual: 0.0015321201908796767
Iteration: 97, relative residual: 0.0015103643890093318
Iteration: 98, relative residual: 0.0014848784438786084
Iteration: 99, relative residual: 0.001434734522934461
Iteration: 100, relative residual: 0.001434734522934461
Residual: 0.001434734522934461. Restart...
Iteration: 101, relative residual: 0.0013851592049278635
Iteration: 102, relative residual: 0.001384972340718785
Iteration: 103, relative residual: 0.001384715713884831
Iteration: 104, relative residual: 0.0013833980646392038
Iteration: 105, relative residual: 0.0013833668511436074
Iteration: 106, relative residual: 0.0013832792405586206
Iteration: 107, relative residual: 0.0013803498784559752
Iteration: 108, relative residual: 0.001377852215074813
Iteration: 109, relative residual: 0.0013769880310401732
Iteration: 110, relative residual: 0.0013764154576994642
Iteration: 111, relative residual: 0.0013764092376340159
Iteration: 112, relative residual: 0.0013764036716721853
Iteration: 113, relative residual: 0.0013758196158538156
Iteration: 114, relative residual: 0.0013758163110256846
Iteration: 115, relative residual: 0.0013757298236653404
Iteration: 116, relative residual: 0.0013757152870469535
Iteration: 117, relative residual: 0.001375715227799693
Iteration: 118, relative residual: 0.0013757101732665468
Iteration: 119, relative residual: 0.0013755382984649554
Iteration: 120, relative residual: 0.0013755330218321374
Iteration: 121, relative residual: 0.0013755169429251555
Iteration: 122, relative residual: 0.0013754148993366468
Iteration: 123, relative residual: 0.0013753160028138923
Iteration: 124, relative residual: 0.0013752571464692403
Iteration: 125, relative residual: 0.0013751567456426806
Iteration: 126, relative residual: 0.0013750346830507761
Iteration: 127, relative residual: 0.0013750289878099742
Iteration: 128, relative residual: 0.0013750198410474586
Iteration: 129, relative residual: 0.001374772629431703
Iteration: 130, relative residual: 0.001374665042710608
Iteration: 131, relative residual: 0.0013746382902439715
Iteration: 132, relative residual: 0.0013708271885503832
Iteration: 133, relative residual: 0.0013702617821262659
Iteration: 134, relative residual: 0.0013672830417853666
Iteration: 135, relative residual: 0.0013638092196075293
Iteration: 136, relative residual: 0.0013621410212533306
Iteration: 137, relative residual: 0.0013610242940404217
Iteration: 138, relative residual: 0.0013606458180246428
Iteration: 139, relative residual: 0.0013587210379893784
Iteration: 140, relative residual: 0.0013585665044745223
Iteration: 141, relative residual: 0.001358560246683779
Iteration: 142, relative residual: 0.0013583903237488436
Iteration: 143, relative residual: 0.0013581704941960505
Iteration: 144, relative residual: 0.0013566892116110474
Iteration: 145, relative residual: 0.001350966079756585
Iteration: 146, relative residual: 0.0013497524639224168
Iteration: 147, relative residual: 0.001349697649857719
Iteration: 148, relative residual: 0.0013450161732446466
Iteration: 149, relative residual: 0.0013430442930055097
Iteration: 150, relative residual: 0.0013426909636503417
Iteration: 151, relative residual: 0.001339682885730727
Iteration: 152, relative residual: 0.0013376003264978387
Iteration: 153, relative residual: 0.0013333545975192367
Iteration: 154, relative residual: 0.0013308200991691175
Iteration: 155, relative residual: 0.001330705166616426
Iteration: 156, relative residual: 0.0013266052003872934
Iteration: 157, relative residual: 0.0013204125482140989
Iteration: 158, relative residual: 0.001307506550686884
Iteration: 159, relative residual: 0.0012997881107917903
Iteration: 160, relative residual: 0.0012981007548182049
Iteration: 161, relative residual: 0.001297336307195725
Iteration: 162, relative residual: 0.0012936881424700142
Iteration: 163, relative residual: 0.0012829591710041477
Iteration: 164, relative residual: 0.001273432807079931
Iteration: 165, relative residual: 0.001264112621368638
Iteration: 166, relative residual: 0.0012600497455513004
Iteration: 167, relative residual: 0.0012600166319717853
Iteration: 168, relative residual: 0.0012517567099469514
Iteration: 169, relative residual: 0.0012404444300873035
Iteration: 170, relative residual: 0.001231470602153361
Iteration: 171, relative residual: 0.0012245271613878599
Iteration: 172, relative residual: 0.001224177368172329
Iteration: 173, relative residual: 0.0012152610399076853
Iteration: 174, relative residual: 0.0011932229770027548
Iteration: 175, relative residual: 0.0011843943617766877
Iteration: 176, relative residual: 0.0011834077876507474
Iteration: 177, relative residual: 0.0011826152743235013
Iteration: 178, relative residual: 0.0011729138166968955
Iteration: 179, relative residual: 0.0011516211176777265
Iteration: 180, relative residual: 0.0011220420167781988
Iteration: 181, relative residual: 0.0011123512032212466
Iteration: 182, relative residual: 0.0010998434483656815
Iteration: 183, relative residual: 0.0010970037435098477
Iteration: 184, relative residual: 0.0010968169227102069
Iteration: 185, relative residual: 0.0010884174941554678
Iteration: 186, relative residual: 0.0010821441959681173
Iteration: 187, relative residual: 0.0010723187331601986
Iteration: 188, relative residual: 0.001068724393036429
Iteration: 189, relative residual: 0.0010682269585714655
Iteration: 190, relative residual: 0.0010682102096477167
Iteration: 191, relative residual: 0.0010647347742592979
Iteration: 192, relative residual: 0.0010550728180081235
Iteration: 193, relative residual: 0.0010502889293492398
Iteration: 194, relative residual: 0.0010476109004010955
Iteration: 195, relative residual: 0.0010456813651971704
Iteration: 196, relative residual: 0.0010452076200617943
Iteration: 197, relative residual: 0.0010450538859337
Iteration: 198, relative residual: 0.0010436607877229232
Iteration: 199, relative residual: 0.0010412496792317413
Iteration: 200, relative residual: 0.0010412496792317413
Residual: 0.0010412496792317413. Restart...
Iteration: 201, relative residual: 0.0010380229078541415
Iteration: 202, relative residual: 0.0010380133729606096
Iteration: 203, relative residual: 0.0010380086273773328
Iteration: 204, relative residual: 0.001038006875536875
Iteration: 205, relative residual: 0.0010380018835676264
Iteration: 206, relative residual: 0.0010379369173736078
Iteration: 207, relative residual: 0.0010377831950894008
Iteration: 208, relative residual: 0.0010373904194122562
Iteration: 209, relative residual: 0.0010372209700648025
Iteration: 210, relative residual: 0.0010366619021176353
Iteration: 211, relative residual: 0.0010365384659044717
Iteration: 212, relative residual: 0.001036525634664993
Iteration: 213, relative residual: 0.0010364848903343202
Iteration: 214, relative residual: 0.001036101648784207
Iteration: 215, relative residual: 0.001035905835924121
Iteration: 216, relative residual: 0.001035887486497028
Iteration: 217, relative residual: 0.0010356336228177878
Iteration: 218, relative residual: 0.0010355461409346709
Iteration: 219, relative residual: 0.001035490272247865
Iteration: 220, relative residual: 0.001035456236149903
Iteration: 221, relative residual: 0.0010350751677194153
Iteration: 222, relative residual: 0.0010349664069899695
Iteration: 223, relative residual: 0.0010349455286832484
Iteration: 224, relative residual: 0.0010349174817506706
Iteration: 225, relative residual: 0.0010346692770393604
Iteration: 226, relative residual: 0.0010342950672591494
Iteration: 227, relative residual: 0.0010342925412806757
Iteration: 228, relative residual: 0.0010339425976843338
Iteration: 229, relative residual: 0.0010338222770580859
Iteration: 230, relative residual: 0.0010337760017531923
Iteration: 231, relative residual: 0.0010327176987769133
Iteration: 232, relative residual: 0.0010308955038160579
Iteration: 233, relative residual: 0.0010303528557630392
Iteration: 234, relative residual: 0.0010302845238472384
Iteration: 235, relative residual: 0.0010280295051027955
Iteration: 236, relative residual: 0.0010254427672315933
Iteration: 237, relative residual: 0.0010228752073446162
Iteration: 238, relative residual: 0.0010216429268700843
Iteration: 239, relative residual: 0.0010206731561944308
Iteration: 240, relative residual: 0.0010167561789350358
Iteration: 241, relative residual: 0.00101511926799329
Iteration: 242, relative residual: 0.001014646861623519
Iteration: 243, relative residual: 0.0010141017274962042
Iteration: 244, relative residual: 0.0010107133784700625
Iteration: 245, relative residual: 0.00100922962259256
Iteration: 246, relative residual: 0.0010084807614343277
Iteration: 247, relative residual: 0.001004916654885029
Iteration: 248, relative residual: 0.0010006930906473698
Iteration: 249, relative residual: 0.0009967436979645898
Iteration: 250, relative residual: 0.000996364552555427
Iteration: 251, relative residual: 0.0009948408299102018
Iteration: 252, relative residual: 0.0009831911543352234
Iteration: 253, relative residual: 0.0009732664231388859
Iteration: 254, relative residual: 0.0009711692495788594
Iteration: 255, relative residual: 0.0009702945902188753
Iteration: 256, relative residual: 0.0009600834880539743
Iteration: 257, relative residual: 0.0009477020544841998
Iteration: 258, relative residual: 0.0009369008931168025
Iteration: 259, relative residual: 0.0009299940154248783
Iteration: 260, relative residual: 0.0009290909190013285
Iteration: 261, relative residual: 0.0009278919407804769
Iteration: 262, relative residual: 0.0009196060067279082
Iteration: 263, relative residual: 0.0009021389802039035
Iteration: 264, relative residual: 0.0008865216379910905
Iteration: 265, relative residual: 0.000883163798745725
Iteration: 266, relative residual: 0.0008831567334654047
Iteration: 267, relative residual: 0.0008812499851376545
Iteration: 268, relative residual: 0.0008761454929908991
Iteration: 269, relative residual: 0.0008713992816087053
Iteration: 270, relative residual: 0.0008697591595484539
Iteration: 271, relative residual: 0.0008696970879082474
Iteration: 272, relative residual: 0.000869123363401251
Iteration: 273, relative residual: 0.0008666104095961446
Iteration: 274, relative residual: 0.0008641638872855719
Iteration: 275, relative residual: 0.0008620712501490043
Iteration: 276, relative residual: 0.000860738806072696
Iteration: 277, relative residual: 0.0008601504388058837
Iteration: 278, relative residual: 0.0008601504354150765
Iteration: 279, relative residual: 0.0008598729841741248
Iteration: 280, relative residual: 0.0008588246493896328
Iteration: 281, relative residual: 0.000858270736343922
Iteration: 282, relative residual: 0.0008561294773652636
Iteration: 283, relative residual: 0.0008548148091983691
Iteration: 284, relative residual: 0.0008542939262835435
Iteration: 285, relative residual: 0.0008542616869506002
Iteration: 286, relative residual: 0.0008538238471924091
Iteration: 287, relative residual: 0.0008515590127607309
Iteration: 288, relative residual: 0.0008468256213112269
Iteration: 289, relative residual: 0.0008456028617399388
Iteration: 290, relative residual: 0.0008449063480310882
Iteration: 291, relative residual: 0.0008448910633750938
Iteration: 292, relative residual: 0.000844301607096343
Iteration: 293, relative residual: 0.0008419044069709197
Iteration: 294, relative residual: 0.0008362191117579829
Iteration: 295, relative residual: 0.0008344725725051452
Iteration: 296, relative residual: 0.0008340998837253667
Iteration: 297, relative residual: 0.0008332066744164476
Iteration: 298, relative residual: 0.0008282909074769367
Iteration: 299, relative residual: 0.0008166422306386272
Iteration: 300, relative residual: 0.0008166422306386272
Residual: 0.0008166422306386272. Restart...
Iteration: 301, relative residual: 0.0008085619957032552
Iteration: 302, relative residual: 0.0008085616019285628
Iteration: 303, relative residual: 0.0008085423552911215
Iteration: 304, relative residual: 0.0008085048304764043
Iteration: 305, relative residual: 0.0008083787696862156
Iteration: 306, relative residual: 0.0008082837195191939
Iteration: 307, relative residual: 0.0008078388344193553
Iteration: 308, relative residual: 0.0008074688122743087
Iteration: 309, relative residual: 0.0008072409216019245
Iteration: 310, relative residual: 0.0008071679119973708
Iteration: 311, relative residual: 0.0008067360984100996
Iteration: 312, relative residual: 0.0008061815178130407
Iteration: 313, relative residual: 0.0008059609707560311
Iteration: 314, relative residual: 0.0008059246345079901
Iteration: 315, relative residual: 0.0008059238921808407
Iteration: 316, relative residual: 0.0008058870558841731
Iteration: 317, relative residual: 0.0008057973246752764
Iteration: 318, relative residual: 0.0008056263193514709
Iteration: 319, relative residual: 0.0008045925453964523
Iteration: 320, relative residual: 0.0008042269413942676
Iteration: 321, relative residual: 0.0008041300195107567
Iteration: 322, relative residual: 0.0008039210898734632
Iteration: 323, relative residual: 0.0008029469870289416
Iteration: 324, relative residual: 0.0008023681668825232
Iteration: 325, relative residual: 0.0008023666482881176
Iteration: 326, relative residual: 0.0008014291207546452
Iteration: 327, relative residual: 0.0008013151500847524
Iteration: 328, relative residual: 0.000801294234816284
Iteration: 329, relative residual: 0.0008008661552067353
Iteration: 330, relative residual: 0.0008003378846096029
Iteration: 331, relative residual: 0.0007999182707774024
Iteration: 332, relative residual: 0.0007998040216145749
Iteration: 333, relative residual: 0.0007997345699689461
Iteration: 334, relative residual: 0.0007996270650436732
Iteration: 335, relative residual: 0.0007995945347475534
Iteration: 336, relative residual: 0.0007995713722938149
Iteration: 337, relative residual: 0.0007994411593887059
Iteration: 338, relative residual: 0.0007993875410340154
Iteration: 339, relative residual: 0.0007993742773655979
Iteration: 340, relative residual: 0.0007993740392193461
Iteration: 341, relative residual: 0.0007992948374435698
Iteration: 342, relative residual: 0.0007992037103176226
Iteration: 343, relative residual: 0.0007991395350048248
Iteration: 344, relative residual: 0.0007988942547940626
Iteration: 345, relative residual: 0.0007988942358689454
Iteration: 346, relative residual: 0.000798894219798943
Iteration: 347, relative residual: 0.0007988302356051642
Iteration: 348, relative residual: 0.000798791831021372
Iteration: 349, relative residual: 0.0007984982473760593
Iteration: 350, relative residual: 0.0007984471830459457
Iteration: 351, relative residual: 0.0007982972693748166
Iteration: 352, relative residual: 0.0007980368192262687
Iteration: 353, relative residual: 0.0007978403188085558
Iteration: 354, relative residual: 0.0007978402875163045
Iteration: 355, relative residual: 0.0007977854824479173
Iteration: 356, relative residual: 0.0007977151314051655
Iteration: 357, relative residual: 0.0007970481649686918
Iteration: 358, relative residual: 0.0007964417615811927
Iteration: 359, relative residual: 0.000796328653266732
Iteration: 360, relative residual: 0.0007962251414373908
Iteration: 361, relative residual: 0.0007957273189171401
Iteration: 362, relative residual: 0.0007953199664080844
Iteration: 363, relative residual: 0.0007938785564263406
Iteration: 364, relative residual: 0.0007932434409777093
Iteration: 365, relative residual: 0.000793240128015038
Iteration: 366, relative residual: 0.0007927771305893578
Iteration: 367, relative residual: 0.0007923291948999392
Iteration: 368, relative residual: 0.0007916338205583589
Iteration: 369, relative residual: 0.0007907087045167433
Iteration: 370, relative residual: 0.0007897993651032391
Iteration: 371, relative residual: 0.0007896779527789776
Iteration: 372, relative residual: 0.0007896701026633095
Iteration: 373, relative residual: 0.0007889592615576759
Iteration: 374, relative residual: 0.0007869672570663463
Iteration: 375, relative residual: 0.0007858031377247551
Iteration: 376, relative residual: 0.0007852560925532725
Iteration: 377, relative residual: 0.0007851924538627202
Iteration: 378, relative residual: 0.0007848748642407753
Iteration: 379, relative residual: 0.0007838429369369024
Iteration: 380, relative residual: 0.000781949031966444
Iteration: 381, relative residual: 0.0007812184600764479
Iteration: 382, relative residual: 0.0007810479537114476
Iteration: 383, relative residual: 0.0007809280821673565
Iteration: 384, relative residual: 0.0007799980208535727
Iteration: 385, relative residual: 0.0007794943625924842
Iteration: 386, relative residual: 0.0007780855532681893
Iteration: 387, relative residual: 0.0007769866343643339
Iteration: 388, relative residual: 0.0007769257681526412
Iteration: 389, relative residual: 0.000776199124177318
Iteration: 390, relative residual: 0.000774048841114927
Iteration: 391, relative residual: 0.0007714521892574918
Iteration: 392, relative residual: 0.0007677904807598885
Iteration: 393, relative residual: 0.0007662899615877396
Iteration: 394, relative residual: 0.0007658537811076315
Iteration: 395, relative residual: 0.0007658537809468826
Iteration: 396, relative residual: 0.0007651667974518534
Iteration: 397, relative residual: 0.0007643399887837757
Iteration: 398, relative residual: 0.0007611639531946347
Iteration: 399, relative residual: 0.0007590921262157059
Iteration: 400, relative residual: 0.0007590921262157059
Residual: 0.0007590921262157059. Restart...
Iteration: 401, relative residual: 0.0007583332757363806
Iteration: 402, relative residual: 0.0007583332737078979
Iteration: 403, relative residual: 0.0007583332734253128
Iteration: 404, relative residual: 0.0007583332628554421
Iteration: 405, relative residual: 0.0007583332486255772
Iteration: 406, relative residual: 0.0007583327252622593
Iteration: 407, relative residual: 0.0007583301099513789
Iteration: 408, relative residual: 0.00075832836314239
Iteration: 409, relative residual: 0.0007583280099191334
Iteration: 410, relative residual: 0.0007583249557820508
Iteration: 411, relative residual: 0.0007583019646835188
Iteration: 412, relative residual: 0.0007581770096286839
Iteration: 413, relative residual: 0.0007579900046680847
Iteration: 414, relative residual: 0.0007575856971430505
Iteration: 415, relative residual: 0.0007573960649744057
Iteration: 416, relative residual: 0.0007573906946387742
Iteration: 417, relative residual: 0.0007573349241247764
Iteration: 418, relative residual: 0.0007568415918190793
Iteration: 419, relative residual: 0.0007566261805366698
Iteration: 420, relative residual: 0.0007565858939307218
Iteration: 421, relative residual: 0.0007565617461829516
Iteration: 422, relative residual: 0.0007562605642504835
Iteration: 423, relative residual: 0.000755916108825931
Iteration: 424, relative residual: 0.0007557805026291394
Iteration: 425, relative residual: 0.0007557798017854783
Iteration: 426, relative residual: 0.0007557153419325904
Iteration: 427, relative residual: 0.0007555542766528592
Iteration: 428, relative residual: 0.0007555541337957731
Iteration: 429, relative residual: 0.0007554098721060234
Iteration: 430, relative residual: 0.0007551597492875922
Iteration: 431, relative residual: 0.0007550942389165051
Iteration: 432, relative residual: 0.0007550750920709189
Iteration: 433, relative residual: 0.0007549792605574766
Iteration: 434, relative residual: 0.0007549449999726921
Iteration: 435, relative residual: 0.0007549254639478667
Iteration: 436, relative residual: 0.0007548647911337655
Iteration: 437, relative residual: 0.0007547459446484099
Iteration: 438, relative residual: 0.0007546890746668769
Iteration: 439, relative residual: 0.0007546863372408419
Iteration: 440, relative residual: 0.0007546222763743529
Iteration: 441, relative residual: 0.0007545148958639433
Iteration: 442, relative residual: 0.0007544610554263358
Iteration: 443, relative residual: 0.0007544426135548277
Iteration: 444, relative residual: 0.0007544396658028741
Iteration: 445, relative residual: 0.0007544271931070055
Iteration: 446, relative residual: 0.000754411669642277
Iteration: 447, relative residual: 0.0007543995995441207
Iteration: 448, relative residual: 0.0007543762041334084
Iteration: 449, relative residual: 0.000754367764186638
Iteration: 450, relative residual: 0.0007542299536298655
Iteration: 451, relative residual: 0.0007539661103267913
Iteration: 452, relative residual: 0.0007538321500646434
Iteration: 453, relative residual: 0.0007537827611597745
Iteration: 454, relative residual: 0.000753782726573539
Iteration: 455, relative residual: 0.0007537724795442266
Iteration: 456, relative residual: 0.0007537025665713105
Iteration: 457, relative residual: 0.0007535341592895182
Iteration: 458, relative residual: 0.0007534344389931805
Iteration: 459, relative residual: 0.0007534311802761096
Iteration: 460, relative residual: 0.0007534185295883486
Iteration: 461, relative residual: 0.000753285685401676
Iteration: 462, relative residual: 0.0007531487042347016
Iteration: 463, relative residual: 0.000753007923444761
Iteration: 464, relative residual: 0.0007529925363416278
Iteration: 465, relative residual: 0.0007529295148954076
Iteration: 466, relative residual: 0.0007528528959315435
Iteration: 467, relative residual: 0.0007526664342445353
Iteration: 468, relative residual: 0.0007525388992475865
Iteration: 469, relative residual: 0.0007525026972642126
Iteration: 470, relative residual: 0.0007524773866087063
Iteration: 471, relative residual: 0.000752243312522279
Iteration: 472, relative residual: 0.0007520177262570909
Iteration: 473, relative residual: 0.0007518946188833331
Iteration: 474, relative residual: 0.0007517308791693827
Iteration: 475, relative residual: 0.0007516845124853664
Iteration: 476, relative residual: 0.0007516776203960149
Iteration: 477, relative residual: 0.0007514684004139804
Iteration: 478, relative residual: 0.0007511430693600051
Iteration: 479, relative residual: 0.0007504797647540194
Iteration: 480, relative residual: 0.0007498753960443768
Iteration: 481, relative residual: 0.0007497935839092675
Iteration: 482, relative residual: 0.000749789030680991
Iteration: 483, relative residual: 0.0007497576869887933
Iteration: 484, relative residual: 0.0007496039647802378
Iteration: 485, relative residual: 0.000749214815073549
Iteration: 486, relative residual: 0.0007489367988036422
Iteration: 487, relative residual: 0.0007489335816283245
Iteration: 488, relative residual: 0.000748910533198527
Iteration: 489, relative residual: 0.0007486531488734552
Iteration: 490, relative residual: 0.0007483619810398106
Iteration: 491, relative residual: 0.0007481296614645118
Iteration: 492, relative residual: 0.0007479511423249037
Iteration: 493, relative residual: 0.0007479359973838062
Iteration: 494, relative residual: 0.00074793323855971
Iteration: 495, relative residual: 0.000747699251661644
Iteration: 496, relative residual: 0.0007472034712687598
Iteration: 497, relative residual: 0.0007462903406642567
Iteration: 498, relative residual: 0.000746015005114637
Iteration: 499, relative residual: 0.0007459953595078078
Iteration: 500, relative residual: 0.0007459953595078078
Residual: 0.0007459953595078078. Restart...
Iteration: 501, relative residual: 0.0007457573042437916
Iteration: 502, relative residual: 0.0007457572973582706
Iteration: 503, relative residual: 0.0007457565595447398
Iteration: 504, relative residual: 0.0007457562808357975
Iteration: 505, relative residual: 0.000745752510029911
Iteration: 506, relative residual: 0.0007457509513390628
Iteration: 507, relative residual: 0.0007457488087739495
Iteration: 508, relative residual: 0.0007457481120404066
Iteration: 509, relative residual: 0.0007457447454498958
Iteration: 510, relative residual: 0.0007457382320696893
Iteration: 511, relative residual: 0.0007457352085919857
Iteration: 512, relative residual: 0.0007457348057511066
Iteration: 513, relative residual: 0.0007457340500807625
Iteration: 514, relative residual: 0.000745724773736323
Iteration: 515, relative residual: 0.0007457141979622039
Iteration: 516, relative residual: 0.0007457132188371681
Iteration: 517, relative residual: 0.000745706548845345
Iteration: 518, relative residual: 0.0007456171979781109
Iteration: 519, relative residual: 0.0007455655921671603
Iteration: 520, relative residual: 0.0007455155353044821
Iteration: 521, relative residual: 0.0007455148411618061
Iteration: 522, relative residual: 0.0007454700283295148
Iteration: 523, relative residual: 0.0007452682277113237
Iteration: 524, relative residual: 0.0007452304450172108
Iteration: 525, relative residual: 0.0007452062567007923
Iteration: 526, relative residual: 0.0007451800128169555
Iteration: 527, relative residual: 0.0007451111729551408
Iteration: 528, relative residual: 0.0007451101184706367
Iteration: 529, relative residual: 0.000745081224509446
Iteration: 530, relative residual: 0.0007449511891126972
Iteration: 531, relative residual: 0.0007449270090089798
Iteration: 532, relative residual: 0.0007449241419256135
Iteration: 533, relative residual: 0.0007448799114305579
Iteration: 534, relative residual: 0.0007448668514663309
Iteration: 535, relative residual: 0.000744866836049743
Iteration: 536, relative residual: 0.0007448374720537891
Iteration: 537, relative residual: 0.0007448133485779625
Iteration: 538, relative residual: 0.0007448073523941867
Iteration: 539, relative residual: 0.0007448065929277361
Iteration: 540, relative residual: 0.0007447997159102787
Iteration: 541, relative residual: 0.0007447874219917931
Iteration: 542, relative residual: 0.0007447798024053207
Iteration: 543, relative residual: 0.0007447797064540025
Iteration: 544, relative residual: 0.0007447797055604767
Iteration: 545, relative residual: 0.000744759815994737
Iteration: 546, relative residual: 0.0007447565802291173
Iteration: 547, relative residual: 0.0007447416186646298
Iteration: 548, relative residual: 0.0007446522230733651
Iteration: 549, relative residual: 0.0007445577461469088
Iteration: 550, relative residual: 0.0007444957605464965
Iteration: 551, relative residual: 0.000744495372858977
Iteration: 552, relative residual: 0.00074448417978882
Iteration: 553, relative residual: 0.00074445250605621
Iteration: 554, relative residual: 0.0007444470008572916
Iteration: 555, relative residual: 0.0007444282094136208
Iteration: 556, relative residual: 0.0007443958035256444
Iteration: 557, relative residual: 0.0007442811786291394
Iteration: 558, relative residual: 0.0007442045125916028
Iteration: 559, relative residual: 0.0007441773745298767
Iteration: 560, relative residual: 0.0007441499956216946
Iteration: 561, relative residual: 0.0007439622428412021
Iteration: 562, relative residual: 0.0007438768372219714
Iteration: 563, relative residual: 0.0007438611877670614
Iteration: 564, relative residual: 0.0007438597116345053
Iteration: 565, relative residual: 0.0007437899877348327
Iteration: 566, relative residual: 0.0007437611677082425
Iteration: 567, relative residual: 0.000743553151638353
Iteration: 568, relative residual: 0.0007433752493672005
Iteration: 569, relative residual: 0.000743295870866504
Iteration: 570, relative residual: 0.0007432843176515712
Iteration: 571, relative residual: 0.0007431718332292738
Iteration: 572, relative residual: 0.0007429799858345322
Iteration: 573, relative residual: 0.0007427670342568174
Iteration: 574, relative residual: 0.0007426847390677575
Iteration: 575, relative residual: 0.000742681169367972
Iteration: 576, relative residual: 0.0007425970597719871
Iteration: 577, relative residual: 0.0007424075211094185
Iteration: 578, relative residual: 0.0007421494388236026
Iteration: 579, relative residual: 0.0007418783215130662
Iteration: 580, relative residual: 0.000741757751029732
Iteration: 581, relative residual: 0.000741729743371894
Iteration: 582, relative residual: 0.000741618874465956
Iteration: 583, relative residual: 0.0007412991877789119
Iteration: 584, relative residual: 0.0007408357395024109
Iteration: 585, relative residual: 0.0007406032245671211
Iteration: 586, relative residual: 0.0007405197239165784
Iteration: 587, relative residual: 0.000740513007320861
Iteration: 588, relative residual: 0.0007404576889502594
Iteration: 589, relative residual: 0.0007397720613443831
Iteration: 590, relative residual: 0.000739151061619782
Iteration: 591, relative residual: 0.000738378727059898
Iteration: 592, relative residual: 0.0007381930814007553
Iteration: 593, relative residual: 0.0007381344472129913
Iteration: 594, relative residual: 0.0007377112569229479
Iteration: 595, relative residual: 0.0007365035023630628
Iteration: 596, relative residual: 0.0007346610135315299
Iteration: 597, relative residual: 0.0007334931221655235
Iteration: 598, relative residual: 0.0007334048818591589
Iteration: 599, relative residual: 0.0007329988124031891
Iteration: 600, relative residual: 0.0007329988124031891
Residual: 0.0007329988124031891. Restart...
Iteration: 601, relative residual: 0.0007315576355353596
Iteration: 602, relative residual: 0.0007315557289501002
Iteration: 603, relative residual: 0.0007315556291712988
Iteration: 604, relative residual: 0.0007315348652983595
Iteration: 605, relative residual: 0.000731525136225975
Iteration: 606, relative residual: 0.0007314955010455478
Iteration: 607, relative residual: 0.0007314953491863479
Iteration: 608, relative residual: 0.0007314528075690848
Iteration: 609, relative residual: 0.0007313581060684058
Iteration: 610, relative residual: 0.0007311391179623063
Iteration: 611, relative residual: 0.0007310100879396441
Iteration: 612, relative residual: 0.0007309921628677414
Iteration: 613, relative residual: 0.0007309916433663234
Iteration: 614, relative residual: 0.0007309909803303017
Iteration: 615, relative residual: 0.0007309651782003233
Iteration: 616, relative residual: 0.00073093753985161
Iteration: 617, relative residual: 0.0007309317892325419
Iteration: 618, relative residual: 0.0007308775717329173
Iteration: 619, relative residual: 0.0007308083448813813
Iteration: 620, relative residual: 0.0007307811706381754
Iteration: 621, relative residual: 0.0007307558862823406
Iteration: 622, relative residual: 0.0007305192278214238
Iteration: 623, relative residual: 0.0007300877166047273
Iteration: 624, relative residual: 0.0007299661584468329
Iteration: 625, relative residual: 0.0007299586612423027
Iteration: 626, relative residual: 0.0007298424538977904
Iteration: 627, relative residual: 0.0007297480659792442
Iteration: 628, relative residual: 0.0007296550228652862
Iteration: 629, relative residual: 0.0007296534462879484
Iteration: 630, relative residual: 0.0007294913742814012
Iteration: 631, relative residual: 0.0007294699779564473
Iteration: 632, relative residual: 0.0007294614590549391
Iteration: 633, relative residual: 0.0007294378982221378
Iteration: 634, relative residual: 0.000729405688010917
Iteration: 635, relative residual: 0.0007294025829933403
Iteration: 636, relative residual: 0.0007293919710481515
Iteration: 637, relative residual: 0.0007293911871937967
Iteration: 638, relative residual: 0.0007293835827202246
Iteration: 639, relative residual: 0.0007293825103849195
Iteration: 640, relative residual: 0.0007293768550261753
Iteration: 641, relative residual: 0.0007293749218561043
Iteration: 642, relative residual: 0.0007293419399244182
Iteration: 643, relative residual: 0.0007293418553454201
Iteration: 644, relative residual: 0.0007293389349345809
Iteration: 645, relative residual: 0.0007292959516012705
Iteration: 646, relative residual: 0.0007292784861827424
Iteration: 647, relative residual: 0.0007292756891171452
Iteration: 648, relative residual: 0.0007292616559164167
Iteration: 649, relative residual: 0.0007292295907830232
Iteration: 650, relative residual: 0.0007292285090852392
Iteration: 651, relative residual: 0.000729210483800281
Iteration: 652, relative residual: 0.0007291375911313915
Iteration: 653, relative residual: 0.00072903288850031
Iteration: 654, relative residual: 0.000728930453766762
Iteration: 655, relative residual: 0.0007288436641108499
Iteration: 656, relative residual: 0.0007288390612261324
Iteration: 657, relative residual: 0.0007288187029314482
Iteration: 658, relative residual: 0.0007286998187615931
Iteration: 659, relative residual: 0.0007285940712241901
Iteration: 660, relative residual: 0.0007285022706976451
Iteration: 661, relative residual: 0.000728500040503062
Iteration: 662, relative residual: 0.0007284764344638639
Iteration: 663, relative residual: 0.0007283602287032327
Iteration: 664, relative residual: 0.0007282063157458946
Iteration: 665, relative residual: 0.0007280613103929981
Iteration: 666, relative residual: 0.0007280605509612347
Iteration: 667, relative residual: 0.0007279551064657331
Iteration: 668, relative residual: 0.0007277461255818438
Iteration: 669, relative residual: 0.0007274692163005577
Iteration: 670, relative residual: 0.0007273850147689447
Iteration: 671, relative residual: 0.0007273843291360353
Iteration: 672, relative residual: 0.0007272798910108381
Iteration: 673, relative residual: 0.0007271334192110677
Iteration: 674, relative residual: 0.0007268043107914473
Iteration: 675, relative residual: 0.0007266944103235447
Iteration: 676, relative residual: 0.0007266923291556734
Iteration: 677, relative residual: 0.0007266654208598029
Iteration: 678, relative residual: 0.0007266210076182465
Iteration: 679, relative residual: 0.0007263819737996499
Iteration: 680, relative residual: 0.0007261625012276207
Iteration: 681, relative residual: 0.0007260280158491093
Iteration: 682, relative residual: 0.0007260267237948658
Iteration: 683, relative residual: 0.0007259346883959168
Iteration: 684, relative residual: 0.0007258025404964589
Iteration: 685, relative residual: 0.0007254770855208822
Iteration: 686, relative residual: 0.0007254064187249381
Iteration: 687, relative residual: 0.000725373137402365
Iteration: 688, relative residual: 0.000725371138789341
Iteration: 689, relative residual: 0.0007252393269867147
Iteration: 690, relative residual: 0.0007250245596788331
Iteration: 691, relative residual: 0.0007247125146699069
Iteration: 692, relative residual: 0.0007246132491857982
Iteration: 693, relative residual: 0.0007246106284232795
Iteration: 694, relative residual: 0.000724583723105397
Iteration: 695, relative residual: 0.0007243766710020534
Iteration: 696, relative residual: 0.0007236835312489776
Iteration: 697, relative residual: 0.0007233620385174573
Iteration: 698, relative residual: 0.0007232545175024371
Iteration: 699, relative residual: 0.0007232541193824497
Iteration: 700, relative residual: 0.0007232541193824497
Residual: 0.0007232541193824497. Restart...
Iteration: 701, relative residual: 0.0007230601781140508
Iteration: 702, relative residual: 0.000723060164735273
Iteration: 703, relative residual: 0.000723060158307874
Iteration: 704, relative residual: 0.0007230592760283132
Iteration: 705, relative residual: 0.0007230585821797033
Iteration: 706, relative residual: 0.0007230548694162725
Iteration: 707, relative residual: 0.0007230545854561992
Iteration: 708, relative residual: 0.0007230539043551856
Iteration: 709, relative residual: 0.0007230477444042587
Iteration: 710, relative residual: 0.0007230402936190239
Iteration: 711, relative residual: 0.0007230372933615533
Iteration: 712, relative residual: 0.0007230357998699854
Iteration: 713, relative residual: 0.0007230322853557764
Iteration: 714, relative residual: 0.0007230281921220592
Iteration: 715, relative residual: 0.0007230222403404878
Iteration: 716, relative residual: 0.0007230184825739389
Iteration: 717, relative residual: 0.0007230036604405682
Iteration: 718, relative residual: 0.000722914759523189
Iteration: 719, relative residual: 0.0007228216772500624
Iteration: 720, relative residual: 0.0007227748668233911
Iteration: 721, relative residual: 0.0007227747647439937
Iteration: 722, relative residual: 0.0007226967471587607
Iteration: 723, relative residual: 0.000722587605117033
Iteration: 724, relative residual: 0.0007225739997905705
Iteration: 725, relative residual: 0.0007225739549353015
Iteration: 726, relative residual: 0.0007225615552298811
Iteration: 727, relative residual: 0.0007225515752294155
Iteration: 728, relative residual: 0.0007225515724251551
Iteration: 729, relative residual: 0.000722547662097858
Iteration: 730, relative residual: 0.000722541805259007
Iteration: 731, relative residual: 0.0007225352404142343
Iteration: 732, relative residual: 0.0007225352393249295
Iteration: 733, relative residual: 0.0007225278388116175
Iteration: 734, relative residual: 0.0007225278307649018
Iteration: 735, relative residual: 0.0007225273774964314
Iteration: 736, relative residual: 0.0007225271780774616
Iteration: 737, relative residual: 0.0007225269069732213
Iteration: 738, relative residual: 0.0007225254050106096
Iteration: 739, relative residual: 0.000722522089430004
Iteration: 740, relative residual: 0.0007225205628323521
Iteration: 741, relative residual: 0.0007225158933987781
Iteration: 742, relative residual: 0.0007225148917622231
Iteration: 743, relative residual: 0.0007225071158753674
Iteration: 744, relative residual: 0.0007224984394174394
Iteration: 745, relative residual: 0.0007224891848976104
Iteration: 746, relative residual: 0.0007224752196103945
Iteration: 747, relative residual: 0.0007224677455428647
Iteration: 748, relative residual: 0.0007224677449073501
Iteration: 749, relative residual: 0.0007224653114064814
Iteration: 750, relative residual: 0.0007224525797829645
Iteration: 751, relative residual: 0.0007224511243060988
Iteration: 752, relative residual: 0.0007224508553566423
Iteration: 753, relative residual: 0.0007224281704352487
Iteration: 754, relative residual: 0.0007223687620216517
Iteration: 755, relative residual: 0.0007223335472677087
Iteration: 756, relative residual: 0.0007223329013400888
Iteration: 757, relative residual: 0.0007223094422116825
Iteration: 758, relative residual: 0.0007222293668602771
Iteration: 759, relative residual: 0.0007220891959481418
Iteration: 760, relative residual: 0.0007220458408366049
Iteration: 761, relative residual: 0.0007220447280643516
Iteration: 762, relative residual: 0.0007220016312534848
Iteration: 763, relative residual: 0.0007218012783645084
Iteration: 764, relative residual: 0.0007215712308626044
Iteration: 765, relative residual: 0.0007214919203587577
Iteration: 766, relative residual: 0.0007214894163912625
Iteration: 767, relative residual: 0.0007214327975233714
Iteration: 768, relative residual: 0.0007213469478559905
Iteration: 769, relative residual: 0.0007212907795308409
Iteration: 770, relative residual: 0.0007212825734547798
Iteration: 771, relative residual: 0.0007212774316963507
Iteration: 772, relative residual: 0.0007212656119865904
Iteration: 773, relative residual: 0.0007212249537929391
Iteration: 774, relative residual: 0.0007211161935763826
Iteration: 775, relative residual: 0.0007211130878082014
Iteration: 776, relative residual: 0.0007211130852505889
Iteration: 777, relative residual: 0.000721065195274551
Iteration: 778, relative residual: 0.0007209191577304117
Iteration: 779, relative residual: 0.0007207772173432318
Iteration: 780, relative residual: 0.0007207625271952252
Iteration: 781, relative residual: 0.0007207620523139302
Iteration: 782, relative residual: 0.0007207287812796661
Iteration: 783, relative residual: 0.0007205574558776515
Iteration: 784, relative residual: 0.0007204872816774717
Iteration: 785, relative residual: 0.0007204649504706094
Iteration: 786, relative residual: 0.000720464201875614
Iteration: 787, relative residual: 0.0007204040606319065
Iteration: 788, relative residual: 0.0007203914685944802
Iteration: 789, relative residual: 0.0007203908195198655
Iteration: 790, relative residual: 0.0007202932909229595
Iteration: 791, relative residual: 0.0007202000901033948
Iteration: 792, relative residual: 0.0007201841083139752
Iteration: 793, relative residual: 0.0007201824915335536
Iteration: 794, relative residual: 0.0007201814993759738
Iteration: 795, relative residual: 0.000720029994095335
Iteration: 796, relative residual: 0.0007196499673628893
Iteration: 797, relative residual: 0.0007194144406150188
Iteration: 798, relative residual: 0.0007193980077451143
Iteration: 799, relative residual: 0.0007192462040315577
Iteration: 800, relative residual: 0.0007192462040315577
Residual: 0.0007192462040315577. Restart...
Iteration: 801, relative residual: 0.0007189767422612896
Iteration: 802, relative residual: 0.0007189764064487999
Iteration: 803, relative residual: 0.0007189764013629788
Iteration: 804, relative residual: 0.0007189762499079655
Iteration: 805, relative residual: 0.0007189760403041861
Iteration: 806, relative residual: 0.0007189731055063967
Iteration: 807, relative residual: 0.0007189712519369919
Iteration: 808, relative residual: 0.0007189712393380513
Iteration: 809, relative residual: 0.0007189672127521174
Iteration: 810, relative residual: 0.0007189515884052704
Iteration: 811, relative residual: 0.0007189404682228841
Iteration: 812, relative residual: 0.0007189358243710097
Iteration: 813, relative residual: 0.000718935800698682
Iteration: 814, relative residual: 0.0007189301938758137
Iteration: 815, relative residual: 0.0007189169567513825
Iteration: 816, relative residual: 0.0007189073890107734
Iteration: 817, relative residual: 0.000718902324280185
Iteration: 818, relative residual: 0.0007189010755167115
Iteration: 819, relative residual: 0.0007188955360661373
Iteration: 820, relative residual: 0.0007188810836701319
Iteration: 821, relative residual: 0.0007188731371299965
Iteration: 822, relative residual: 0.0007188727794431813
Iteration: 823, relative residual: 0.0007188615829533659
Iteration: 824, relative residual: 0.000718855246943901
Iteration: 825, relative residual: 0.0007188523658922466
Iteration: 826, relative residual: 0.0007188523439886833
Iteration: 827, relative residual: 0.0007188484512140191
Iteration: 828, relative residual: 0.0007188364565569755
Iteration: 829, relative residual: 0.0007188331147537987
Iteration: 830, relative residual: 0.0007188316818633987
Iteration: 831, relative residual: 0.0007188235900065543
Iteration: 832, relative residual: 0.0007188234014288212
Iteration: 833, relative residual: 0.0007188228901411352
Iteration: 834, relative residual: 0.0007188226972983604
Iteration: 835, relative residual: 0.0007188225368991144
Iteration: 836, relative residual: 0.000718819486610982
Iteration: 837, relative residual: 0.0007188005960758549
Iteration: 838, relative residual: 0.0007187877749057238
Iteration: 839, relative residual: 0.0007187874716508419
Iteration: 840, relative residual: 0.0007187712280097982
Iteration: 841, relative residual: 0.0007187677362932493
Iteration: 842, relative residual: 0.0007187672532209908
Iteration: 843, relative residual: 0.0007187659913548748
Iteration: 844, relative residual: 0.000718765410874041
Iteration: 845, relative residual: 0.0007187644981697679
Iteration: 846, relative residual: 0.0007187632366814241
Iteration: 847, relative residual: 0.0007187588332127411
Iteration: 848, relative residual: 0.0007187583591918126
Iteration: 849, relative residual: 0.0007187438673360809
Iteration: 850, relative residual: 0.0007187096710670257
Iteration: 851, relative residual: 0.0007186884538630622
Iteration: 852, relative residual: 0.0007186866396442468
Iteration: 853, relative residual: 0.0007186777096744539
Iteration: 854, relative residual: 0.0007186485099496574
Iteration: 855, relative residual: 0.0007186237109808389
Iteration: 856, relative residual: 0.0007186005767779211
Iteration: 857, relative residual: 0.0007186001276495911
Iteration: 858, relative residual: 0.0007185886477888066
Iteration: 859, relative residual: 0.0007185421066820297
Iteration: 860, relative residual: 0.0007185145268086082
Iteration: 861, relative residual: 0.0007184986499679073
Iteration: 862, relative residual: 0.0007184959877386763
Iteration: 863, relative residual: 0.0007184838984582096
Iteration: 864, relative residual: 0.0007184382846149478
Iteration: 865, relative residual: 0.0007183868954142811
Iteration: 866, relative residual: 0.000718325688750814
Iteration: 867, relative residual: 0.0007183198954761753
Iteration: 868, relative residual: 0.00071828610622884
Iteration: 869, relative residual: 0.0007182508015183433
Iteration: 870, relative residual: 0.0007182379294691656
Iteration: 871, relative residual: 0.0007182373395490205
Iteration: 872, relative residual: 0.0007182371707201841
Iteration: 873, relative residual: 0.0007182282975850643
Iteration: 874, relative residual: 0.0007181911107142362
Iteration: 875, relative residual: 0.000718137742854835
Iteration: 876, relative residual: 0.0007181088954714491
Iteration: 877, relative residual: 0.0007180882099971739
Iteration: 878, relative residual: 0.0007180882094980594
Iteration: 879, relative residual: 0.0007180522053795172
Iteration: 880, relative residual: 0.0007179777955479416
Iteration: 881, relative residual: 0.0007179171683658186
Iteration: 882, relative residual: 0.000717914169122669
Iteration: 883, relative residual: 0.0007179041908870217
Iteration: 884, relative residual: 0.0007179007936452471
Iteration: 885, relative residual: 0.0007178827379476033
Iteration: 886, relative residual: 0.0007178485063218525
Iteration: 887, relative residual: 0.0007178205193703986
Iteration: 888, relative residual: 0.0007178105565600137
Iteration: 889, relative residual: 0.0007178104583304602
Iteration: 890, relative residual: 0.0007177943776474769
Iteration: 891, relative residual: 0.0007177757002458713
Iteration: 892, relative residual: 0.0007177154931868497
Iteration: 893, relative residual: 0.0007177060668045812
Iteration: 894, relative residual: 0.0007177060118021265
Iteration: 895, relative residual: 0.0007176913614924602
Iteration: 896, relative residual: 0.0007176715912613104
Iteration: 897, relative residual: 0.0007176456700029673
Iteration: 898, relative residual: 0.0007176400433175754
Iteration: 899, relative residual: 0.0007176400404745668
Iteration: 900, relative residual: 0.0007176400404745668
Residual: 0.0007176400404745668. Restart...
Iteration: 901, relative residual: 0.0007176360572752942
Iteration: 902, relative residual: 0.0007176360571767794
Iteration: 903, relative residual: 0.0007176360570721744
Iteration: 904, relative residual: 0.0007176360569219469
Iteration: 905, relative residual: 0.0007176360556167771
Iteration: 906, relative residual: 0.0007176360549404097
Iteration: 907, relative residual: 0.0007176360538835356
Iteration: 908, relative residual: 0.0007176360538785052
Iteration: 909, relative residual: 0.0007176360532654125
Iteration: 910, relative residual: 0.0007176360527832904
Iteration: 911, relative residual: 0.0007176360527526589
Iteration: 912, relative residual: 0.0007176360526512651
Iteration: 913, relative residual: 0.0007176360526018423
Iteration: 914, relative residual: 0.0007176360517700028
Iteration: 915, relative residual: 0.0007176360513772651
Iteration: 916, relative residual: 0.000717636051376966
Iteration: 917, relative residual: 0.0007176360488141634
Iteration: 918, relative residual: 0.0007176360479745792
Iteration: 919, relative residual: 0.000717636030728024
Iteration: 920, relative residual: 0.0007176360015484165
Iteration: 921, relative residual: 0.0007176359908936643
Iteration: 922, relative residual: 0.0007176359855370773
Iteration: 923, relative residual: 0.0007176359316072736
Iteration: 924, relative residual: 0.0007176357648109028
Iteration: 925, relative residual: 0.0007176351996854236
Iteration: 926, relative residual: 0.0007176350366123752
Iteration: 927, relative residual: 0.0007176349499713004
Iteration: 928, relative residual: 0.000717634214426369
Iteration: 929, relative residual: 0.0007176334635200104
Iteration: 930, relative residual: 0.0007176334413333021
Iteration: 931, relative residual: 0.0007176332820945456
Iteration: 932, relative residual: 0.0007176327126680075
Iteration: 933, relative residual: 0.0007176319873136802
Iteration: 934, relative residual: 0.0007176318228948094
Iteration: 935, relative residual: 0.000717631677312287
Iteration: 936, relative residual: 0.000717629775855193
Iteration: 937, relative residual: 0.000717627713410895
Iteration: 938, relative residual: 0.000717625847479923
Iteration: 939, relative residual: 0.0007176258379288712
Iteration: 940, relative residual: 0.0007176244052185656
Iteration: 941, relative residual: 0.0007176223423745084
Iteration: 942, relative residual: 0.000717622274343526
Iteration: 943, relative residual: 0.0007176221513373723
Iteration: 944, relative residual: 0.0007176215968508978
Iteration: 945, relative residual: 0.0007176190603674116
Iteration: 946, relative residual: 0.0007176116578275888
Iteration: 947, relative residual: 0.0007176093698452762
Iteration: 948, relative residual: 0.0007176086859845531
Iteration: 949, relative residual: 0.0007176050582085578
Iteration: 950, relative residual: 0.0007176023551299814
Iteration: 951, relative residual: 0.0007176015776169654
Iteration: 952, relative residual: 0.0007176015735239986
Iteration: 953, relative residual: 0.0007175973878800648
Iteration: 954, relative residual: 0.0007175906750120967
Iteration: 955, relative residual: 0.0007175893863533161
Iteration: 956, relative residual: 0.0007175888873030449
Iteration: 957, relative residual: 0.000717588800873035
Iteration: 958, relative residual: 0.0007175869273780565
Iteration: 959, relative residual: 0.000717583311624886
Iteration: 960, relative residual: 0.0007175797987800485
Iteration: 961, relative residual: 0.0007175771191804043
Iteration: 962, relative residual: 0.0007175758478274963
Iteration: 963, relative residual: 0.0007175700268252784
Iteration: 964, relative residual: 0.0007175579132586917
Iteration: 965, relative residual: 0.0007175506724482909
Iteration: 966, relative residual: 0.0007175380584268989
Iteration: 967, relative residual: 0.0007175267748936702
Iteration: 968, relative residual: 0.0007175266097573558
Iteration: 969, relative residual: 0.0007175183167348388
Iteration: 970, relative residual: 0.0007175017236167166
Iteration: 971, relative residual: 0.0007174950634275564
Iteration: 972, relative residual: 0.0007174938623188976
Iteration: 973, relative residual: 0.0007174938439963775
Iteration: 974, relative residual: 0.0007174883725720383
Iteration: 975, relative residual: 0.0007174694916009473
Iteration: 976, relative residual: 0.0007174444645092929
Iteration: 977, relative residual: 0.0007174443422968247
Iteration: 978, relative residual: 0.0007174412216458983
Iteration: 979, relative residual: 0.0007174383328893602
Iteration: 980, relative residual: 0.0007174294353589529
Iteration: 981, relative residual: 0.000717415152309776
Iteration: 982, relative residual: 0.0007174014863945554
Iteration: 983, relative residual: 0.0007173963659559437
Iteration: 984, relative residual: 0.0007173926986041769
Iteration: 985, relative residual: 0.0007173919793947963
Iteration: 986, relative residual: 0.0007173779584914589
Iteration: 987, relative residual: 0.0007173460184366348
Iteration: 988, relative residual: 0.0007173107789292865
Iteration: 989, relative residual: 0.0007173033383660897
Iteration: 990, relative residual: 0.0007173022162379513
Iteration: 991, relative residual: 0.0007172865860951336
Iteration: 992, relative residual: 0.0007172697920254536
Iteration: 993, relative residual: 0.0007171941122703756
Iteration: 994, relative residual: 0.000717113368154936
Iteration: 995, relative residual: 0.0007170737347106098
Iteration: 996, relative residual: 0.0007170560163557135
Iteration: 997, relative residual: 0.0007170119060208194
Iteration: 998, relative residual: 0.000716905067846979
Iteration: 999, relative residual: 0.0007167068845743202
Iteration: 1000, relative residual: 0.0007167068845743202
Residual: 0.0007167068845743202. Restart...
Warning!!!!You have reached the maximum number of iterations : 1000.
The run will stop. Check the residual behaviour you might have a bug.For future runs you might consider changing the tolerance or increasing the number of max_iter.
Solve time        : 4815.006608724594s

Calculate Solvation Energy (E_solv)
Calculating solvation energy for region 1, stored in E_solv[0]
6248.418368953438 of 531952 analytical integrals for phi_reac calculation in region 1
Time E_solv: 4.509864568710327s
Region 1: E_solv = -6399.746422650068 kcal/mol = -26776.539032367884 kJ/mol

Calculate Surface Energy (E_surf)
Time E_surf: 0.020476579666137695s

Calculate Coulomb Energy (E_coul)
Calculate Coulomb energy for region 1
Region 1: E_coul = -243024.1945570104 kcal/mol = -1016813.2300265315 kJ/mol
Time E_coul: 23.728997945785522s

------------------------------
Totals:
E_solv = -6399.746422650068 kcal/mol
E_surf = 0 kcal/mol
E_coul = -243024.1945570104 kcal/mol

Time = 4914.7488350868225 s
