Run started on:
	Date: 2020/5/24
	Time: 22:46:4
	PyGBe version: 0.3.2+5.gea0f875
Config file: /cobra/u/gvargas/code/hPB/pygbe/pygbe/myCrownFinShots/sarsCov2002noACE2/snap1/snap1.config
Parameter file: /cobra/u/gvargas/code/hPB/pygbe/pygbe/myCrownFinShots/sarsCov2002noACE2/snap1/snap1.param
Geometry folder: /cobra/u/gvargas/code/hPB/pygbe/pygbe/myCrownFinShots/sarsCov2002noACE2/snap1/geometry
Running in: /cobra/u/gvargas/code/hPB/pygbe/pygbe/myCrownFinShots/sarsCov2002noACE2/snap1

Reading surface 0 from file geometry/crownVF2002noACE2
Time load mesh: 8.969253063201904
Removed areas=0: 218

Total elements : 537236
Total equations: 1074472
----------------------------

1 surfaces:

Surface 0:
	537236 elements
	Surface type         : dielectric_interface
	Cells                : 4222
	Twigs                : 3579
	Levels               : 6
	C0 size              : 93.65593872412623
	C0 box center        : 115.0163447522752, 88.23479424250546, 99.51200532106313
	Twig cell size       : 2.9267480851289447
	Rbox/theta           : 5.853496170257889
	Analytic distance    : 1.2948725580120917
	Elem. per Ang^2      : 4.171754159726625
	Max, min, avg elem.  : 1.5428708192666416, 4.999999999976695e-07, 0.23970731776426873
	Total area           : 128779.40056640469
------------------------------

2 regions:

Region 0:
	Laplace or Yukawa: 2
	kappa            : 0.125
	dielectric const : 80.0
	Number of charges: 0
	Parent surface   : []
	Child surfaces   : [0]
Region 1:
	Laplace or Yukawa: 1
	kappa            : 1e-12
	dielectric const : 4.0
	Number of charges: 50813
	Parent surface   : [0]
	Child surfaces   : []
------------------------------

Parameters:
	Data type               : <class 'numpy.float64'>
	Use GPU                 : 1
	P                       : 4
	threshold               : 0.50
	theta                   : 0.50
	NCRIT                   : 500
	CUDA block size         : 128
	Gauss points per element: 1
	Gauss points near singlr: 25
	1D Gauss points per side: 9
	GMRES tolerance         : 1e-05
	GMRES max iterations    : 1000
	GMRES restart iteration : 100
----------------------------

Generate interaction list
Transfer data to GPU
Generate RHS
List time          : 3.9557271003723145s
Data transfer time : 0.48039793968200684s
RHS generation time: 0.5605099201202393s
------------------------------
Total setup time   : 69.29593563079834s
Solve
Iteration: 1, relative residual: 0.4801784193604214
Iteration: 2, relative residual: 0.39042987222155867
Iteration: 3, relative residual: 0.3117387850825921
Iteration: 4, relative residual: 0.2289024871946002
Iteration: 5, relative residual: 0.1910577520615186
Iteration: 6, relative residual: 0.15580101051206086
Iteration: 7, relative residual: 0.12656008561558588
Iteration: 8, relative residual: 0.10215232040467638
Iteration: 9, relative residual: 0.07995788585115157
Iteration: 10, relative residual: 0.06864542851228536
Iteration: 11, relative residual: 0.06181120585678635
Iteration: 12, relative residual: 0.050407226655686095
Iteration: 13, relative residual: 0.04354380375456126
Iteration: 14, relative residual: 0.04240381403460539
Iteration: 15, relative residual: 0.0382032997351034
Iteration: 16, relative residual: 0.03258140203825073
Iteration: 17, relative residual: 0.027727586868736886
Iteration: 18, relative residual: 0.023648000183751614
Iteration: 19, relative residual: 0.021299498568145885
Iteration: 20, relative residual: 0.01807924758228238
Iteration: 21, relative residual: 0.01680909039529027
Iteration: 22, relative residual: 0.016809006168706085
Iteration: 23, relative residual: 0.014310904341642835
Iteration: 24, relative residual: 0.012591393221400925
Iteration: 25, relative residual: 0.011146367692449675
Iteration: 26, relative residual: 0.010733246613679966
Iteration: 27, relative residual: 0.010687460155340963
Iteration: 28, relative residual: 0.009648669281603692
Iteration: 29, relative residual: 0.008536447363000693
Iteration: 30, relative residual: 0.007587199242974139
Iteration: 31, relative residual: 0.006864590160650806
Iteration: 32, relative residual: 0.006483050141183467
Iteration: 33, relative residual: 0.006300537993493244
Iteration: 34, relative residual: 0.006104674170505951
Iteration: 35, relative residual: 0.006101906507451836
Iteration: 36, relative residual: 0.005966349543765382
Iteration: 37, relative residual: 0.0056760944984042315
Iteration: 38, relative residual: 0.005380570915839777
Iteration: 39, relative residual: 0.005099538432401619
Iteration: 40, relative residual: 0.00491348946560543
Iteration: 41, relative residual: 0.004879102527459189
Iteration: 42, relative residual: 0.004809731209773386
Iteration: 43, relative residual: 0.004472711991770596
Iteration: 44, relative residual: 0.004356028342870888
Iteration: 45, relative residual: 0.003986455947482758
Iteration: 46, relative residual: 0.003930481322200219
Iteration: 47, relative residual: 0.003922836209130782
Iteration: 48, relative residual: 0.003880017752716715
Iteration: 49, relative residual: 0.0036368484492420453
Iteration: 50, relative residual: 0.0034917518565990456
Iteration: 51, relative residual: 0.0033447160788191684
Iteration: 52, relative residual: 0.0032574809684628777
Iteration: 53, relative residual: 0.00318081651413689
Iteration: 54, relative residual: 0.002753977372530797
Iteration: 55, relative residual: 0.0026195762294181323
Iteration: 56, relative residual: 0.002480921738970575
Iteration: 57, relative residual: 0.0024704667688845855
Iteration: 58, relative residual: 0.0022112731585390817
Iteration: 59, relative residual: 0.0020329519104564553
Iteration: 60, relative residual: 0.0019227813157758637
Iteration: 61, relative residual: 0.0017664057947191347
Iteration: 62, relative residual: 0.0017014848309648636
Iteration: 63, relative residual: 0.0016953858296275101
Iteration: 64, relative residual: 0.001685098472027321
Iteration: 65, relative residual: 0.0016188327859874194
Iteration: 66, relative residual: 0.001542768526114933
Iteration: 67, relative residual: 0.0015185444119302665
Iteration: 68, relative residual: 0.0014911603968650873
Iteration: 69, relative residual: 0.0014885538001167989
Iteration: 70, relative residual: 0.0014836871689562835
Iteration: 71, relative residual: 0.0014446635843598742
Iteration: 72, relative residual: 0.0014298242837804892
Iteration: 73, relative residual: 0.0014175662006622523
Iteration: 74, relative residual: 0.0014175509106430346
Iteration: 75, relative residual: 0.001396195536020018
Iteration: 76, relative residual: 0.0013596946077165262
Iteration: 77, relative residual: 0.0013275183075102447
Iteration: 78, relative residual: 0.0013024195055357129
Iteration: 79, relative residual: 0.0012989328327409387
Iteration: 80, relative residual: 0.0012945792520206083
Iteration: 81, relative residual: 0.0012551745008313748
Iteration: 82, relative residual: 0.0012206279523097722
Iteration: 83, relative residual: 0.0011600596491911864
Iteration: 84, relative residual: 0.0011387812690585722
Iteration: 85, relative residual: 0.0011265767441317731
Iteration: 86, relative residual: 0.0011263049835522798
Iteration: 87, relative residual: 0.001115217613193342
Iteration: 88, relative residual: 0.0010890143212940566
Iteration: 89, relative residual: 0.0010553200710685983
Iteration: 90, relative residual: 0.0010259407396711515
Iteration: 91, relative residual: 0.001023733085007482
Iteration: 92, relative residual: 0.0010219005658429806
Iteration: 93, relative residual: 0.0009946592707146384
Iteration: 94, relative residual: 0.000960375611825603
Iteration: 95, relative residual: 0.0009355887018282445
Iteration: 96, relative residual: 0.0009141909353082045
Iteration: 97, relative residual: 0.0009080333551315431
Iteration: 98, relative residual: 0.0009079762124393167
Iteration: 99, relative residual: 0.000902342455235499
Iteration: 100, relative residual: 0.000902342455235499
Residual: 0.000902342455235499. Restart...
Iteration: 101, relative residual: 0.000884696275912653
Iteration: 102, relative residual: 0.0008845496936331891
Iteration: 103, relative residual: 0.0008842277321402972
Iteration: 104, relative residual: 0.0008841621952558024
Iteration: 105, relative residual: 0.0008833464284355959
Iteration: 106, relative residual: 0.0008820196021190061
Iteration: 107, relative residual: 0.0008806770730900304
Iteration: 108, relative residual: 0.0008801234185156612
Iteration: 109, relative residual: 0.0008800832124539868
Iteration: 110, relative residual: 0.0008798918832376274
Iteration: 111, relative residual: 0.0008798702138753068
Iteration: 112, relative residual: 0.0008796784895979538
Iteration: 113, relative residual: 0.000879429673959519
Iteration: 114, relative residual: 0.0008794066888899465
Iteration: 115, relative residual: 0.0008785206883030876
Iteration: 116, relative residual: 0.0008774636581597294
Iteration: 117, relative residual: 0.0008774569955703033
Iteration: 118, relative residual: 0.0008771357722020692
Iteration: 119, relative residual: 0.0008770052898063778
Iteration: 120, relative residual: 0.0008769673593346278
Iteration: 121, relative residual: 0.0008769485967252292
Iteration: 122, relative residual: 0.0008757882895752958
Iteration: 123, relative residual: 0.0008716546672325725
Iteration: 124, relative residual: 0.0008676557811230628
Iteration: 125, relative residual: 0.0008665183964391309
Iteration: 126, relative residual: 0.0008663365742257372
Iteration: 127, relative residual: 0.0008632864301107851
Iteration: 128, relative residual: 0.0008595640099321203
Iteration: 129, relative residual: 0.0008555279068005002
Iteration: 130, relative residual: 0.0008529695969018949
Iteration: 131, relative residual: 0.0008522796611856713
Iteration: 132, relative residual: 0.0008522767992962324
Iteration: 133, relative residual: 0.0008512015116433529
Iteration: 134, relative residual: 0.0008448875495667688
Iteration: 135, relative residual: 0.0008350607046561352
Iteration: 136, relative residual: 0.0008300729734737444
Iteration: 137, relative residual: 0.0008293887010291434
Iteration: 138, relative residual: 0.0008289761704847259
Iteration: 139, relative residual: 0.0008245563555208121
Iteration: 140, relative residual: 0.0008235244891561883
Iteration: 141, relative residual: 0.0008235227811311995
Iteration: 142, relative residual: 0.0008215587928372823
Iteration: 143, relative residual: 0.000816312232554679
Iteration: 144, relative residual: 0.0008124994581486962
Iteration: 145, relative residual: 0.0008111437066415166
Iteration: 146, relative residual: 0.0008111371326926318
Iteration: 147, relative residual: 0.0008084778484059605
Iteration: 148, relative residual: 0.0008005639163755856
Iteration: 149, relative residual: 0.0007928678184023861
Iteration: 150, relative residual: 0.0007920453798277008
Iteration: 151, relative residual: 0.0007919858709883575
Iteration: 152, relative residual: 0.0007897004694657506
Iteration: 153, relative residual: 0.0007745271153585246
Iteration: 154, relative residual: 0.0007561621842416186
Iteration: 155, relative residual: 0.0007473615439615142
Iteration: 156, relative residual: 0.0007436665552035702
Iteration: 157, relative residual: 0.0007405277714360685
Iteration: 158, relative residual: 0.0007402868216885252
Iteration: 159, relative residual: 0.0007351809784815486
Iteration: 160, relative residual: 0.0007262718465178112
Iteration: 161, relative residual: 0.0007180120262259669
Iteration: 162, relative residual: 0.0007152060564274782
Iteration: 163, relative residual: 0.0007134282075789575
Iteration: 164, relative residual: 0.0007087652553093655
Iteration: 165, relative residual: 0.0006964735551058988
Iteration: 166, relative residual: 0.0006872592633138602
Iteration: 167, relative residual: 0.0006853653704461051
Iteration: 168, relative residual: 0.0006784466870538403
Iteration: 169, relative residual: 0.0006732277781931927
Iteration: 170, relative residual: 0.0006652149168163605
Iteration: 171, relative residual: 0.0006610521625443841
Iteration: 172, relative residual: 0.0006610319459547791
Iteration: 173, relative residual: 0.0006576950902237917
Iteration: 174, relative residual: 0.0006461542711190348
Iteration: 175, relative residual: 0.000639793182507978
Iteration: 176, relative residual: 0.0006278100744719794
Iteration: 177, relative residual: 0.0006115239041030042
Iteration: 178, relative residual: 0.0006072051881701871
Iteration: 179, relative residual: 0.000607032102250943
Iteration: 180, relative residual: 0.000605870614335467
Iteration: 181, relative residual: 0.0005985297816377526
Iteration: 182, relative residual: 0.0005865178828678014
Iteration: 183, relative residual: 0.0005745631306175505
Iteration: 184, relative residual: 0.0005703012651582438
Iteration: 185, relative residual: 0.0005697975369908513
Iteration: 186, relative residual: 0.0005693725457079022
Iteration: 187, relative residual: 0.0005671090594352942
Iteration: 188, relative residual: 0.0005589541727574117
Iteration: 189, relative residual: 0.0005442238220292801
Iteration: 190, relative residual: 0.0005368266262128123
Iteration: 191, relative residual: 0.0005282523751033406
Iteration: 192, relative residual: 0.0005238151492111169
Iteration: 193, relative residual: 0.0005223940300207281
Iteration: 194, relative residual: 0.0005223033197940037
Iteration: 195, relative residual: 0.0005179933049602349
Iteration: 196, relative residual: 0.0005128532864957375
Iteration: 197, relative residual: 0.0005032840575482843
Iteration: 198, relative residual: 0.0004988575668153465
Iteration: 199, relative residual: 0.0004988525613472739
Iteration: 200, relative residual: 0.0004988525613472739
Residual: 0.0004988525613472739. Restart...
Iteration: 201, relative residual: 0.0004981923000126632
Iteration: 202, relative residual: 0.000498192240669798
Iteration: 203, relative residual: 0.0004981908798405909
Iteration: 204, relative residual: 0.0004981842957827838
Iteration: 205, relative residual: 0.0004981715755758353
Iteration: 206, relative residual: 0.0004981539433515269
Iteration: 207, relative residual: 0.0004981253208180821
Iteration: 208, relative residual: 0.0004981224340098988
Iteration: 209, relative residual: 0.00049809309900228
Iteration: 210, relative residual: 0.0004980463206189261
Iteration: 211, relative residual: 0.0004979815762776651
Iteration: 212, relative residual: 0.000497920251584772
Iteration: 213, relative residual: 0.0004975823958701093
Iteration: 214, relative residual: 0.0004974634584965714
Iteration: 215, relative residual: 0.0004974130787003174
Iteration: 216, relative residual: 0.0004966437984496214
Iteration: 217, relative residual: 0.0004962609012104073
Iteration: 218, relative residual: 0.0004962595902468979
Iteration: 219, relative residual: 0.0004958105857736778
Iteration: 220, relative residual: 0.0004952104061581852
Iteration: 221, relative residual: 0.0004934493403096354
Iteration: 222, relative residual: 0.0004920991007515958
Iteration: 223, relative residual: 0.0004906663683206954
Iteration: 224, relative residual: 0.0004895239706704526
Iteration: 225, relative residual: 0.0004893746264136216
Iteration: 226, relative residual: 0.0004889141048443726
Iteration: 227, relative residual: 0.0004874646491153973
Iteration: 228, relative residual: 0.00048580681454063793
Iteration: 229, relative residual: 0.0004853266482323634
Iteration: 230, relative residual: 0.0004852080635081617
Iteration: 231, relative residual: 0.0004838551166346882
Iteration: 232, relative residual: 0.0004826231677427125
Iteration: 233, relative residual: 0.00048139516635637965
Iteration: 234, relative residual: 0.00048114815395192297
Iteration: 235, relative residual: 0.0004810287930141108
Iteration: 236, relative residual: 0.00047983605296332164
Iteration: 237, relative residual: 0.00047722779930620926
Iteration: 238, relative residual: 0.00047497588035743375
Iteration: 239, relative residual: 0.0004748754909577219
Iteration: 240, relative residual: 0.00047430137879969864
Iteration: 241, relative residual: 0.0004712069869937492
Iteration: 242, relative residual: 0.0004673188279493064
Iteration: 243, relative residual: 0.0004668510820703973
Iteration: 244, relative residual: 0.0004656466413538627
Iteration: 245, relative residual: 0.0004621962033093632
Iteration: 246, relative residual: 0.00045886548353574826
Iteration: 247, relative residual: 0.000452849058896942
Iteration: 248, relative residual: 0.0004517153036084135
Iteration: 249, relative residual: 0.00045033818187116325
Iteration: 250, relative residual: 0.00045032996873752414
Iteration: 251, relative residual: 0.00044971498389233055
Iteration: 252, relative residual: 0.00044802657430525886
Iteration: 253, relative residual: 0.0004459784883499462
Iteration: 254, relative residual: 0.00044538460009404754
Iteration: 255, relative residual: 0.00044531509303861024
Iteration: 256, relative residual: 0.00044475499950172385
Iteration: 257, relative residual: 0.0004396760531501357
Iteration: 258, relative residual: 0.0004374516976853288
Iteration: 259, relative residual: 0.0004371310365368303
Iteration: 260, relative residual: 0.0004370751067851629
Iteration: 261, relative residual: 0.0004360356865995161
Iteration: 262, relative residual: 0.00043237924317704235
Iteration: 263, relative residual: 0.0004293923905812244
Iteration: 264, relative residual: 0.0004279787386856369
Iteration: 265, relative residual: 0.000427831101085223
Iteration: 266, relative residual: 0.0004264958788228653
Iteration: 267, relative residual: 0.0004243682069085376
Iteration: 268, relative residual: 0.00041997060445877696
Iteration: 269, relative residual: 0.0004180962917138754
Iteration: 270, relative residual: 0.0004174369604040534
Iteration: 271, relative residual: 0.00041723009342735503
Iteration: 272, relative residual: 0.00041658035627780863
Iteration: 273, relative residual: 0.0004130694107222456
Iteration: 274, relative residual: 0.0004077375024557971
Iteration: 275, relative residual: 0.00040707831498213733
Iteration: 276, relative residual: 0.0004066494090229516
Iteration: 277, relative residual: 0.00040597198467079204
Iteration: 278, relative residual: 0.0004058334795423079
Iteration: 279, relative residual: 0.00040470445821237644
Iteration: 280, relative residual: 0.0004007471612796919
Iteration: 281, relative residual: 0.0003941042806823106
Iteration: 282, relative residual: 0.0003909002537772574
Iteration: 283, relative residual: 0.0003863992575200008
Iteration: 284, relative residual: 0.00038639924956612715
Iteration: 285, relative residual: 0.0003863803352200532
Iteration: 286, relative residual: 0.0003852224727543697
Iteration: 287, relative residual: 0.0003769541002982159
Iteration: 288, relative residual: 0.0003749160418598754
Iteration: 289, relative residual: 0.0003723473956265213
Iteration: 290, relative residual: 0.00037234521346667684
Iteration: 291, relative residual: 0.00037107693622290353
Iteration: 292, relative residual: 0.0003670791826226594
Iteration: 293, relative residual: 0.0003612416586620341
Iteration: 294, relative residual: 0.0003563569346269784
Iteration: 295, relative residual: 0.00035404069184844335
Iteration: 296, relative residual: 0.00035310724692903047
Iteration: 297, relative residual: 0.0003528312302630044
Iteration: 298, relative residual: 0.0003505635039554709
Iteration: 299, relative residual: 0.00034605550351112066
Iteration: 300, relative residual: 0.00034605550351112066
Residual: 0.00034605550351112066. Restart...
Iteration: 301, relative residual: 0.00033755485704213436
Iteration: 302, relative residual: 0.0003375376793733585
Iteration: 303, relative residual: 0.00033752101408808597
Iteration: 304, relative residual: 0.00033751994721670545
Iteration: 305, relative residual: 0.0003374670814155597
Iteration: 306, relative residual: 0.00033736021166522607
Iteration: 307, relative residual: 0.0003371758815671605
Iteration: 308, relative residual: 0.0003369464147197401
Iteration: 309, relative residual: 0.0003368567235100544
Iteration: 310, relative residual: 0.0003368522901170797
Iteration: 311, relative residual: 0.0003367406556581622
Iteration: 312, relative residual: 0.0003365627021104882
Iteration: 313, relative residual: 0.00033642433600276987
Iteration: 314, relative residual: 0.00033628041228650675
Iteration: 315, relative residual: 0.00033601252229599325
Iteration: 316, relative residual: 0.00033599576731177636
Iteration: 317, relative residual: 0.00033599371020131365
Iteration: 318, relative residual: 0.0003359024760813883
Iteration: 319, relative residual: 0.0003356380775063302
Iteration: 320, relative residual: 0.0003355050354096237
Iteration: 321, relative residual: 0.0003353415004763124
Iteration: 322, relative residual: 0.0003353357932298003
Iteration: 323, relative residual: 0.0003353356208117941
Iteration: 324, relative residual: 0.0003348491728715954
Iteration: 325, relative residual: 0.00033414056438652777
Iteration: 326, relative residual: 0.00033389689296059975
Iteration: 327, relative residual: 0.0003338916102400526
Iteration: 328, relative residual: 0.0003335562908495759
Iteration: 329, relative residual: 0.0003329139781631627
Iteration: 330, relative residual: 0.0003327650976043318
Iteration: 331, relative residual: 0.00033272062858097124
Iteration: 332, relative residual: 0.00033267792090936615
Iteration: 333, relative residual: 0.0003324279362559912
Iteration: 334, relative residual: 0.0003309797902389905
Iteration: 335, relative residual: 0.00032900297836105683
Iteration: 336, relative residual: 0.00032617463685119107
Iteration: 337, relative residual: 0.0003258409992494562
Iteration: 338, relative residual: 0.0003249821798660422
Iteration: 339, relative residual: 0.00032239075879703284
Iteration: 340, relative residual: 0.00031966176520146166
Iteration: 341, relative residual: 0.00031928632686910297
Iteration: 342, relative residual: 0.00031885165067510244
Iteration: 343, relative residual: 0.0003153813170392681
Iteration: 344, relative residual: 0.0003130589728892835
Iteration: 345, relative residual: 0.00031289987141657887
Iteration: 346, relative residual: 0.0003127548644140314
Iteration: 347, relative residual: 0.0003106856904356403
Iteration: 348, relative residual: 0.0003072863895644432
Iteration: 349, relative residual: 0.00030491741617358727
Iteration: 350, relative residual: 0.00030491738284203204
Iteration: 351, relative residual: 0.00030406440439041427
Iteration: 352, relative residual: 0.0003011774795669255
Iteration: 353, relative residual: 0.000297979312401792
Iteration: 354, relative residual: 0.0002951745572095378
Iteration: 355, relative residual: 0.00029393613886779884
Iteration: 356, relative residual: 0.0002939360370151876
Iteration: 357, relative residual: 0.0002923079902634598
Iteration: 358, relative residual: 0.0002903396802720149
Iteration: 359, relative residual: 0.00028943090436807313
Iteration: 360, relative residual: 0.00028919540279652173
Iteration: 361, relative residual: 0.000289132278304634
Iteration: 362, relative residual: 0.0002881050300717359
Iteration: 363, relative residual: 0.00028644645544713036
Iteration: 364, relative residual: 0.0002861834619453207
Iteration: 365, relative residual: 0.000286160998729726
Iteration: 366, relative residual: 0.00028576193476869804
Iteration: 367, relative residual: 0.00028520115561432265
Iteration: 368, relative residual: 0.0002839280250983955
Iteration: 369, relative residual: 0.00028296888217941066
Iteration: 370, relative residual: 0.0002816689953913483
Iteration: 371, relative residual: 0.0002816010772159082
Iteration: 372, relative residual: 0.00028153092581328275
Iteration: 373, relative residual: 0.0002804046362694055
Iteration: 374, relative residual: 0.00027842172737110144
Iteration: 375, relative residual: 0.00027712639466750396
Iteration: 376, relative residual: 0.0002764421799000075
Iteration: 377, relative residual: 0.00027598005444407744
Iteration: 378, relative residual: 0.0002758860884362762
Iteration: 379, relative residual: 0.00027482884904113847
Iteration: 380, relative residual: 0.0002732173775365582
Iteration: 381, relative residual: 0.00027097873489639895
Iteration: 382, relative residual: 0.00026796204637930904
Iteration: 383, relative residual: 0.0002657085435060446
Iteration: 384, relative residual: 0.00026558158862893333
Iteration: 385, relative residual: 0.00026469715402049074
Iteration: 386, relative residual: 0.00026345637119854447
Iteration: 387, relative residual: 0.0002590502130718483
Iteration: 388, relative residual: 0.0002545823540117554
Iteration: 389, relative residual: 0.0002493749433269914
Iteration: 390, relative residual: 0.00024811527872905614
Iteration: 391, relative residual: 0.0002477948562362037
Iteration: 392, relative residual: 0.00024766324232461596
Iteration: 393, relative residual: 0.00024465507075953845
Iteration: 394, relative residual: 0.0002407595439369903
Iteration: 395, relative residual: 0.00023597080316213414
Iteration: 396, relative residual: 0.0002339061931452291
Iteration: 397, relative residual: 0.0002337161729529108
Iteration: 398, relative residual: 0.00023367490783612915
Iteration: 399, relative residual: 0.00023195371004704684
Iteration: 400, relative residual: 0.00023195371004704684
Residual: 0.00023195371004704684. Restart...
Iteration: 401, relative residual: 0.00022895626269376924
Iteration: 402, relative residual: 0.00022895622958000499
Iteration: 403, relative residual: 0.0002288779084980409
Iteration: 404, relative residual: 0.0002286130089653538
Iteration: 405, relative residual: 0.00022852208635187402
Iteration: 406, relative residual: 0.00022808114953544022
Iteration: 407, relative residual: 0.0002279145994187597
Iteration: 408, relative residual: 0.00022780829048863374
Iteration: 409, relative residual: 0.0002277581593275768
Iteration: 410, relative residual: 0.00022773498284220793
Iteration: 411, relative residual: 0.00022733213520354162
Iteration: 412, relative residual: 0.00022727420450555926
Iteration: 413, relative residual: 0.0002272240012569539
Iteration: 414, relative residual: 0.00022712634040408854
Iteration: 415, relative residual: 0.00022712540792890296
Iteration: 416, relative residual: 0.00022666547734446961
Iteration: 417, relative residual: 0.00022647102488482644
Iteration: 418, relative residual: 0.00022614520086476403
Iteration: 419, relative residual: 0.00022584945635968894
Iteration: 420, relative residual: 0.0002257971615435182
Iteration: 421, relative residual: 0.0002256740880137595
Iteration: 422, relative residual: 0.00022502797610682212
Iteration: 423, relative residual: 0.00022406441565664018
Iteration: 424, relative residual: 0.00022395936364335035
Iteration: 425, relative residual: 0.00022395214862840762
Iteration: 426, relative residual: 0.00022393912375194666
Iteration: 427, relative residual: 0.0002237097194261016
Iteration: 428, relative residual: 0.00022328451780563485
Iteration: 429, relative residual: 0.00022291607113012884
Iteration: 430, relative residual: 0.00022291541333272754
Iteration: 431, relative residual: 0.00022274188272190841
Iteration: 432, relative residual: 0.00022253519785243506
Iteration: 433, relative residual: 0.00022236189693123853
Iteration: 434, relative residual: 0.00022181097663917073
Iteration: 435, relative residual: 0.00022168936009408688
Iteration: 436, relative residual: 0.0002215436477986203
Iteration: 437, relative residual: 0.0002214602812083165
Iteration: 438, relative residual: 0.0002212327090524332
Iteration: 439, relative residual: 0.0002207003096996239
Iteration: 440, relative residual: 0.0002205556526292343
Iteration: 441, relative residual: 0.00022039125798990725
Iteration: 442, relative residual: 0.0002201423847054896
Iteration: 443, relative residual: 0.00021994357768997635
Iteration: 444, relative residual: 0.0002196618605825676
Iteration: 445, relative residual: 0.0002195359738490598
Iteration: 446, relative residual: 0.00021914651737762398
Iteration: 447, relative residual: 0.00021861691674160028
Iteration: 448, relative residual: 0.0002184683295255257
Iteration: 449, relative residual: 0.0002179450757153414
Iteration: 450, relative residual: 0.000217943865373549
Iteration: 451, relative residual: 0.00021743276898331993
Iteration: 452, relative residual: 0.00021681676933815204
Iteration: 453, relative residual: 0.0002165400091276562
Iteration: 454, relative residual: 0.00021638048412411692
Iteration: 455, relative residual: 0.0002163507968439146
Iteration: 456, relative residual: 0.0002163494995158523
Iteration: 457, relative residual: 0.00021621122817859191
Iteration: 458, relative residual: 0.00021566830124626531
Iteration: 459, relative residual: 0.00021564409984299216
Iteration: 460, relative residual: 0.00021538230377310906
Iteration: 461, relative residual: 0.00021537263606058845
Iteration: 462, relative residual: 0.00021494691933504902
Iteration: 463, relative residual: 0.00021355609811154404
Iteration: 464, relative residual: 0.00021206864167492106
Iteration: 465, relative residual: 0.00021190398449733353
Iteration: 466, relative residual: 0.00021188063873987844
Iteration: 467, relative residual: 0.00021160560530231512
Iteration: 468, relative residual: 0.00021080015217501662
Iteration: 469, relative residual: 0.0002094758963549086
Iteration: 470, relative residual: 0.0002086650544871691
Iteration: 471, relative residual: 0.0002086489296208504
Iteration: 472, relative residual: 0.00020855967977430895
Iteration: 473, relative residual: 0.00020817376392033078
Iteration: 474, relative residual: 0.00020760984183034085
Iteration: 475, relative residual: 0.00020728537601341147
Iteration: 476, relative residual: 0.00020714584114242188
Iteration: 477, relative residual: 0.00020701829153167782
Iteration: 478, relative residual: 0.00020693132850052533
Iteration: 479, relative residual: 0.00020675810687842264
Iteration: 480, relative residual: 0.00020659846003806334
Iteration: 481, relative residual: 0.0002060152632104045
Iteration: 482, relative residual: 0.00020494133342042093
Iteration: 483, relative residual: 0.00020486089686714355
Iteration: 484, relative residual: 0.00020483767189272367
Iteration: 485, relative residual: 0.0002041141692005146
Iteration: 486, relative residual: 0.00020362461367292746
Iteration: 487, relative residual: 0.00020250612988222068
Iteration: 488, relative residual: 0.00020208214818660269
Iteration: 489, relative residual: 0.00020197851879983923
Iteration: 490, relative residual: 0.0002017277988721581
Iteration: 491, relative residual: 0.00020136880816257172
Iteration: 492, relative residual: 0.0002008521278507585
Iteration: 493, relative residual: 0.00019952995400337
Iteration: 494, relative residual: 0.00019787258408834313
Iteration: 495, relative residual: 0.00019654251290768257
Iteration: 496, relative residual: 0.0001963144565487655
Iteration: 497, relative residual: 0.00019631120508154133
Iteration: 498, relative residual: 0.00019605725292349942
Iteration: 499, relative residual: 0.0001943454916867376
Iteration: 500, relative residual: 0.0001943454916867376
Residual: 0.0001943454916867376. Restart...
Iteration: 501, relative residual: 0.00019289430767789454
Iteration: 502, relative residual: 0.00019288598286490213
Iteration: 503, relative residual: 0.00019288498861201844
Iteration: 504, relative residual: 0.0001928543492172858
Iteration: 505, relative residual: 0.0001927678110006015
Iteration: 506, relative residual: 0.0001925655618732837
Iteration: 507, relative residual: 0.00019243885653774824
Iteration: 508, relative residual: 0.00019236011889811047
Iteration: 509, relative residual: 0.0001923599776383155
Iteration: 510, relative residual: 0.00019219725041879718
Iteration: 511, relative residual: 0.00019207614990144391
Iteration: 512, relative residual: 0.000192043114530724
Iteration: 513, relative residual: 0.0001920353659630219
Iteration: 514, relative residual: 0.00019192464810089923
Iteration: 515, relative residual: 0.00019182475121468854
Iteration: 516, relative residual: 0.0001917957811642116
Iteration: 517, relative residual: 0.0001917702293234426
Iteration: 518, relative residual: 0.00019175168786034102
Iteration: 519, relative residual: 0.0001916892523721901
Iteration: 520, relative residual: 0.0001916738341351747
Iteration: 521, relative residual: 0.0001916634847487394
Iteration: 522, relative residual: 0.0001916008330430495
Iteration: 523, relative residual: 0.00019150115640166366
Iteration: 524, relative residual: 0.0001913962754622603
Iteration: 525, relative residual: 0.00019129510413869869
Iteration: 526, relative residual: 0.00019123356617748225
Iteration: 527, relative residual: 0.0001912318051549046
Iteration: 528, relative residual: 0.00019108769969830228
Iteration: 529, relative residual: 0.00019057947166048185
Iteration: 530, relative residual: 0.00019043952020574375
Iteration: 531, relative residual: 0.00019036411385092125
Iteration: 532, relative residual: 0.00019031554413376315
Iteration: 533, relative residual: 0.00019030903732744904
Iteration: 534, relative residual: 0.00019001243604270296
Iteration: 535, relative residual: 0.00018976039706036682
Iteration: 536, relative residual: 0.0001897588191636106
Iteration: 537, relative residual: 0.0001897480250875092
Iteration: 538, relative residual: 0.00018953905087843077
Iteration: 539, relative residual: 0.0001894917541705813
Iteration: 540, relative residual: 0.0001893553997130616
Iteration: 541, relative residual: 0.00018934992578925264
Iteration: 542, relative residual: 0.00018934000265218885
Iteration: 543, relative residual: 0.00018926574497441873
Iteration: 544, relative residual: 0.0001892230296721949
Iteration: 545, relative residual: 0.0001892165388937034
Iteration: 546, relative residual: 0.0001891886396328352
Iteration: 547, relative residual: 0.0001891435106026655
Iteration: 548, relative residual: 0.00018912516628287509
Iteration: 549, relative residual: 0.00018887641099344334
Iteration: 550, relative residual: 0.00018887436967864133
Iteration: 551, relative residual: 0.00018882832217774747
Iteration: 552, relative residual: 0.00018869222610552164
Iteration: 553, relative residual: 0.0001884665740981786
Iteration: 554, relative residual: 0.00018824990410915484
Iteration: 555, relative residual: 0.00018824962618453874
Iteration: 556, relative residual: 0.00018817524990299582
Iteration: 557, relative residual: 0.00018817176711329037
Iteration: 558, relative residual: 0.00018813867044592287
Iteration: 559, relative residual: 0.00018812859731733665
Iteration: 560, relative residual: 0.00018798223999415108
Iteration: 561, relative residual: 0.00018796866054225983
Iteration: 562, relative residual: 0.00018796610695907766
Iteration: 563, relative residual: 0.00018794933999391884
Iteration: 564, relative residual: 0.0001879471301558688
Iteration: 565, relative residual: 0.00018782992449448136
Iteration: 566, relative residual: 0.00018751997624778487
Iteration: 567, relative residual: 0.00018725824568373474
Iteration: 568, relative residual: 0.00018725372893820455
Iteration: 569, relative residual: 0.0001872533912646723
Iteration: 570, relative residual: 0.0001871855656596074
Iteration: 571, relative residual: 0.00018699261042832543
Iteration: 572, relative residual: 0.0001865557191440198
Iteration: 573, relative residual: 0.00018644160243701222
Iteration: 574, relative residual: 0.00018638811754236677
Iteration: 575, relative residual: 0.0001863815029498638
Iteration: 576, relative residual: 0.00018611562898681976
Iteration: 577, relative residual: 0.00018525718135176092
Iteration: 578, relative residual: 0.00018404893692031206
Iteration: 579, relative residual: 0.00018350984601175793
Iteration: 580, relative residual: 0.00018344411181934244
Iteration: 581, relative residual: 0.0001834019814401937
Iteration: 582, relative residual: 0.00018336081953552948
Iteration: 583, relative residual: 0.0001819220609911805
Iteration: 584, relative residual: 0.00018088010183612405
Iteration: 585, relative residual: 0.0001802092634448707
Iteration: 586, relative residual: 0.00017954385077989854
Iteration: 587, relative residual: 0.0001794917928839554
Iteration: 588, relative residual: 0.00017921669226040633
Iteration: 589, relative residual: 0.00017857551591576656
Iteration: 590, relative residual: 0.00017790380822050637
Iteration: 591, relative residual: 0.0001771374765949264
Iteration: 592, relative residual: 0.00017708149541311715
Iteration: 593, relative residual: 0.0001770811852206304
Iteration: 594, relative residual: 0.0001770666555097464
Iteration: 595, relative residual: 0.00017697654261484476
Iteration: 596, relative residual: 0.0001764393634895554
Iteration: 597, relative residual: 0.0001756228300774982
Iteration: 598, relative residual: 0.00017519447804370387
Iteration: 599, relative residual: 0.00017519445956300757
Iteration: 600, relative residual: 0.00017519445956300757
Residual: 0.00017519445956300757. Restart...
Iteration: 601, relative residual: 0.0001749936554726205
Iteration: 602, relative residual: 0.00017499365057803808
Iteration: 603, relative residual: 0.00017499345802324053
Iteration: 604, relative residual: 0.00017499249001380715
Iteration: 605, relative residual: 0.00017499141721775244
Iteration: 606, relative residual: 0.00017499077263630414
Iteration: 607, relative residual: 0.00017499075228344735
Iteration: 608, relative residual: 0.000174989638713785
Iteration: 609, relative residual: 0.0001749890679704431
Iteration: 610, relative residual: 0.00017498875916829707
Iteration: 611, relative residual: 0.0001749887563168887
Iteration: 612, relative residual: 0.00017498575708926523
Iteration: 613, relative residual: 0.00017498561133875613
Iteration: 614, relative residual: 0.00017498007372488105
Iteration: 615, relative residual: 0.00017496110792098588
Iteration: 616, relative residual: 0.0001748698853275822
Iteration: 617, relative residual: 0.00017483031473472486
Iteration: 618, relative residual: 0.000174757848879268
Iteration: 619, relative residual: 0.00017472238861185026
Iteration: 620, relative residual: 0.0001747172960694463
Iteration: 621, relative residual: 0.00017467043296780994
Iteration: 622, relative residual: 0.00017457664843042455
Iteration: 623, relative residual: 0.0001744385720551535
Iteration: 624, relative residual: 0.00017437541304613394
Iteration: 625, relative residual: 0.0001743673309613068
Iteration: 626, relative residual: 0.00017432977645236625
Iteration: 627, relative residual: 0.0001741892999822483
Iteration: 628, relative residual: 0.00017407450791273168
Iteration: 629, relative residual: 0.00017398548468280331
Iteration: 630, relative residual: 0.0001739849119354476
Iteration: 631, relative residual: 0.00017392483693607976
Iteration: 632, relative residual: 0.00017381848364727642
Iteration: 633, relative residual: 0.00017366059832000036
Iteration: 634, relative residual: 0.00017361781504705276
Iteration: 635, relative residual: 0.00017361643203486283
Iteration: 636, relative residual: 0.0001735924222635093
Iteration: 637, relative residual: 0.00017351020944870882
Iteration: 638, relative residual: 0.00017346872167417555
Iteration: 639, relative residual: 0.0001734637841791947
Iteration: 640, relative residual: 0.00017340656703962446
Iteration: 641, relative residual: 0.00017331108200532218
Iteration: 642, relative residual: 0.00017320888605587074
Iteration: 643, relative residual: 0.00017317265033101268
Iteration: 644, relative residual: 0.00017316793726132286
Iteration: 645, relative residual: 0.00017307771922080154
Iteration: 646, relative residual: 0.00017290907160210492
Iteration: 647, relative residual: 0.00017280813314237862
Iteration: 648, relative residual: 0.00017259915041001483
Iteration: 649, relative residual: 0.00017248604751391553
Iteration: 650, relative residual: 0.00017246716626356697
Iteration: 651, relative residual: 0.00017207808107934697
Iteration: 652, relative residual: 0.0001716961722048723
Iteration: 653, relative residual: 0.00017126725772496947
Iteration: 654, relative residual: 0.00017098876924781834
Iteration: 655, relative residual: 0.00017098771349687882
Iteration: 656, relative residual: 0.00017055387426347045
Iteration: 657, relative residual: 0.00016976157469566512
Iteration: 658, relative residual: 0.00016914726407239232
Iteration: 659, relative residual: 0.00016874402576784938
Iteration: 660, relative residual: 0.00016873295364703157
Iteration: 661, relative residual: 0.00016860238171527715
Iteration: 662, relative residual: 0.00016802915066259084
Iteration: 663, relative residual: 0.00016776066466946037
Iteration: 664, relative residual: 0.00016773347024309312
Iteration: 665, relative residual: 0.00016767353373961264
Iteration: 666, relative residual: 0.0001673441224628046
Iteration: 667, relative residual: 0.0001666128205928733
Iteration: 668, relative residual: 0.00016619101060843123
Iteration: 669, relative residual: 0.00016601435624488296
Iteration: 670, relative residual: 0.00016594725575549122
Iteration: 671, relative residual: 0.000165939024755302
Iteration: 672, relative residual: 0.00016572544594324308
Iteration: 673, relative residual: 0.0001654931938681032
Iteration: 674, relative residual: 0.00016517458871368934
Iteration: 675, relative residual: 0.00016491694737329833
Iteration: 676, relative residual: 0.00016487636205366046
Iteration: 677, relative residual: 0.00016487631170185836
Iteration: 678, relative residual: 0.00016464130980535754
Iteration: 679, relative residual: 0.00016385033966270885
Iteration: 680, relative residual: 0.00016341342184712508
Iteration: 681, relative residual: 0.00016320111568333555
Iteration: 682, relative residual: 0.00016317179879015814
Iteration: 683, relative residual: 0.0001631694078854422
Iteration: 684, relative residual: 0.0001630009290802333
Iteration: 685, relative residual: 0.00016254779747455934
Iteration: 686, relative residual: 0.00016188727871999293
Iteration: 687, relative residual: 0.000161182308647318
Iteration: 688, relative residual: 0.00016116828203730228
Iteration: 689, relative residual: 0.0001611676605649385
Iteration: 690, relative residual: 0.00016110192612775148
Iteration: 691, relative residual: 0.00016086693963008464
Iteration: 692, relative residual: 0.00016021465462169753
Iteration: 693, relative residual: 0.00015971455988123353
Iteration: 694, relative residual: 0.00015925408378284284
Iteration: 695, relative residual: 0.00015904799772606832
Iteration: 696, relative residual: 0.0001590097014164524
Iteration: 697, relative residual: 0.00015882560995194114
Iteration: 698, relative residual: 0.00015838181034542244
Iteration: 699, relative residual: 0.00015738328463653947
Iteration: 700, relative residual: 0.00015738328463653947
Residual: 0.00015738328463653947. Restart...
Iteration: 701, relative residual: 0.00015592835913981378
Iteration: 702, relative residual: 0.00015592318869731798
Iteration: 703, relative residual: 0.000155923119378857
Iteration: 704, relative residual: 0.0001558994612548151
Iteration: 705, relative residual: 0.00015583877340854242
Iteration: 706, relative residual: 0.00015576682052115886
Iteration: 707, relative residual: 0.00015575537374442925
Iteration: 708, relative residual: 0.00015575069816850466
Iteration: 709, relative residual: 0.00015572449079185793
Iteration: 710, relative residual: 0.0001555976175826559
Iteration: 711, relative residual: 0.00015552236374033815
Iteration: 712, relative residual: 0.00015551895944386992
Iteration: 713, relative residual: 0.00015548541091739822
Iteration: 714, relative residual: 0.00015536607682575728
Iteration: 715, relative residual: 0.00015530873107829984
Iteration: 716, relative residual: 0.00015528243036697713
Iteration: 717, relative residual: 0.00015528034738454633
Iteration: 718, relative residual: 0.00015525712322683936
Iteration: 719, relative residual: 0.00015524805853267217
Iteration: 720, relative residual: 0.00015524764273309584
Iteration: 721, relative residual: 0.00015522908432370988
Iteration: 722, relative residual: 0.00015522260377926037
Iteration: 723, relative residual: 0.00015514954806080002
Iteration: 724, relative residual: 0.00015505169178201857
Iteration: 725, relative residual: 0.00015496383524727633
Iteration: 726, relative residual: 0.00015476225396907984
Iteration: 727, relative residual: 0.00015463160478730993
Iteration: 728, relative residual: 0.00015462097359223158
Iteration: 729, relative residual: 0.00015444922374331549
Iteration: 730, relative residual: 0.0001542863304873474
Iteration: 731, relative residual: 0.000154204937950494
Iteration: 732, relative residual: 0.0001541711275156014
Iteration: 733, relative residual: 0.00015412250150672108
Iteration: 734, relative residual: 0.00015400223759263142
Iteration: 735, relative residual: 0.00015390800471017031
Iteration: 736, relative residual: 0.00015389646018043647
Iteration: 737, relative residual: 0.0001538964104563855
Iteration: 738, relative residual: 0.00015378721966468072
Iteration: 739, relative residual: 0.00015373220986535912
Iteration: 740, relative residual: 0.0001536854222363573
Iteration: 741, relative residual: 0.00015362376099443061
Iteration: 742, relative residual: 0.00015360984280995404
Iteration: 743, relative residual: 0.00015356227734558434
Iteration: 744, relative residual: 0.0001534964333390443
Iteration: 745, relative residual: 0.0001534799607451999
Iteration: 746, relative residual: 0.0001534412570720933
Iteration: 747, relative residual: 0.00015343282793716677
Iteration: 748, relative residual: 0.00015341783722140875
Iteration: 749, relative residual: 0.00015339036926212892
Iteration: 750, relative residual: 0.00015334373281820004
Iteration: 751, relative residual: 0.00015332310072135007
Iteration: 752, relative residual: 0.00015332307170841408
Iteration: 753, relative residual: 0.00015332041081390509
Iteration: 754, relative residual: 0.0001533186991859226
Iteration: 755, relative residual: 0.00015327243460894769
Iteration: 756, relative residual: 0.00015314946319676062
Iteration: 757, relative residual: 0.00015314798917009302
Iteration: 758, relative residual: 0.00015314797971565183
Iteration: 759, relative residual: 0.00015312605862808338
Iteration: 760, relative residual: 0.00015296163390481404
Iteration: 761, relative residual: 0.00015282889721168289
Iteration: 762, relative residual: 0.00015282861280624843
Iteration: 763, relative residual: 0.00015281411572087088
Iteration: 764, relative residual: 0.0001523936804798742
Iteration: 765, relative residual: 0.0001518370813727718
Iteration: 766, relative residual: 0.0001516207736778386
Iteration: 767, relative residual: 0.00015159357198131815
Iteration: 768, relative residual: 0.00015159357148071027
Iteration: 769, relative residual: 0.00015147118467252448
Iteration: 770, relative residual: 0.00015108602418820898
Iteration: 771, relative residual: 0.0001509284233925579
Iteration: 772, relative residual: 0.000150911671765063
Iteration: 773, relative residual: 0.0001509051729318984
Iteration: 774, relative residual: 0.00015088261659631887
Iteration: 775, relative residual: 0.00015082408729879165
Iteration: 776, relative residual: 0.00015036818471313615
Iteration: 777, relative residual: 0.000149907453094099
Iteration: 778, relative residual: 0.00014984940884929507
Iteration: 779, relative residual: 0.0001498442404292807
Iteration: 780, relative residual: 0.00014983172579370097
Iteration: 781, relative residual: 0.0001497889695578429
Iteration: 782, relative residual: 0.00014956431807537182
Iteration: 783, relative residual: 0.00014909182177121527
Iteration: 784, relative residual: 0.00014891901846045337
Iteration: 785, relative residual: 0.00014891672556360762
Iteration: 786, relative residual: 0.0001488925921288283
Iteration: 787, relative residual: 0.0001487790745825871
Iteration: 788, relative residual: 0.00014855218141134911
Iteration: 789, relative residual: 0.00014835440990326095
Iteration: 790, relative residual: 0.00014819337189798959
Iteration: 791, relative residual: 0.00014819098583081995
Iteration: 792, relative residual: 0.00014814941515473414
Iteration: 793, relative residual: 0.00014807620345715295
Iteration: 794, relative residual: 0.00014798272581998672
Iteration: 795, relative residual: 0.00014777884637747269
Iteration: 796, relative residual: 0.0001476130895517071
Iteration: 797, relative residual: 0.00014755253951439828
Iteration: 798, relative residual: 0.00014755016267730008
Iteration: 799, relative residual: 0.00014746548811766846
Iteration: 800, relative residual: 0.00014746548811766846
Residual: 0.00014746548811766846. Restart...
Iteration: 801, relative residual: 0.00014725789098196546
Iteration: 802, relative residual: 0.00014725788427145866
Iteration: 803, relative residual: 0.000147257752590188
Iteration: 804, relative residual: 0.00014725651659330065
Iteration: 805, relative residual: 0.0001472532079628367
Iteration: 806, relative residual: 0.00014724941104351055
Iteration: 807, relative residual: 0.00014724653226315387
Iteration: 808, relative residual: 0.0001472459497176039
Iteration: 809, relative residual: 0.00014724557639358225
Iteration: 810, relative residual: 0.00014723863072430265
Iteration: 811, relative residual: 0.0001472345639808119
Iteration: 812, relative residual: 0.0001472345618091962
Iteration: 813, relative residual: 0.00014723369374068204
Iteration: 814, relative residual: 0.00014723030191059574
Iteration: 815, relative residual: 0.00014722951139026187
Iteration: 816, relative residual: 0.00014722945967403806
Iteration: 817, relative residual: 0.0001472290083116173
Iteration: 818, relative residual: 0.0001472228352862531
Iteration: 819, relative residual: 0.0001472142243226865
Iteration: 820, relative residual: 0.00014721366810585015
Iteration: 821, relative residual: 0.00014721365348029048
Iteration: 822, relative residual: 0.000147212206028593
Iteration: 823, relative residual: 0.00014720921934140415
Iteration: 824, relative residual: 0.00014720727743801142
Iteration: 825, relative residual: 0.00014720503813290707
Iteration: 826, relative residual: 0.0001472049860894053
Iteration: 827, relative residual: 0.00014720074952292693
Iteration: 828, relative residual: 0.00014717481988400978
Iteration: 829, relative residual: 0.0001471070905145363
Iteration: 830, relative residual: 0.00014704830329769275
Iteration: 831, relative residual: 0.00014699282296200985
Iteration: 832, relative residual: 0.0001469604959881996
Iteration: 833, relative residual: 0.00014695994360071249
Iteration: 834, relative residual: 0.00014689184282552472
Iteration: 835, relative residual: 0.0001468409509813654
Iteration: 836, relative residual: 0.0001468405222687283
Iteration: 837, relative residual: 0.00014681798780627982
Iteration: 838, relative residual: 0.0001467162783402531
Iteration: 839, relative residual: 0.00014665307141343062
Iteration: 840, relative residual: 0.00014664291196058574
Iteration: 841, relative residual: 0.00014663543487704743
Iteration: 842, relative residual: 0.00014655362074779692
Iteration: 843, relative residual: 0.00014642044598726822
Iteration: 844, relative residual: 0.0001463911678419004
Iteration: 845, relative residual: 0.00014639079374648647
Iteration: 846, relative residual: 0.00014633723025410028
Iteration: 847, relative residual: 0.00014622150273038885
Iteration: 848, relative residual: 0.00014616350753070522
Iteration: 849, relative residual: 0.00014609861788425342
Iteration: 850, relative residual: 0.00014609857151829506
Iteration: 851, relative residual: 0.0001459697646100846
Iteration: 852, relative residual: 0.0001457554461690358
Iteration: 853, relative residual: 0.00014563417872551492
Iteration: 854, relative residual: 0.00014555623044662129
Iteration: 855, relative residual: 0.00014555406299643142
Iteration: 856, relative residual: 0.00014551315799234452
Iteration: 857, relative residual: 0.00014541649958696117
Iteration: 858, relative residual: 0.00014532795269850646
Iteration: 859, relative residual: 0.0001450400747028857
Iteration: 860, relative residual: 0.000144826692286138
Iteration: 861, relative residual: 0.00014481750539459154
Iteration: 862, relative residual: 0.00014475542728985147
Iteration: 863, relative residual: 0.00014453690078894743
Iteration: 864, relative residual: 0.00014432379920084845
Iteration: 865, relative residual: 0.00014423781451460623
Iteration: 866, relative residual: 0.00014420586189467892
Iteration: 867, relative residual: 0.000143894802365608
Iteration: 868, relative residual: 0.00014359013059871327
Iteration: 869, relative residual: 0.00014335411178440906
Iteration: 870, relative residual: 0.000143288577961862
Iteration: 871, relative residual: 0.00014328499479143608
Iteration: 872, relative residual: 0.00014322510826586253
Iteration: 873, relative residual: 0.0001430803964845741
Iteration: 874, relative residual: 0.0001429249300769441
Iteration: 875, relative residual: 0.0001426060465971675
Iteration: 876, relative residual: 0.00014245891465234958
Iteration: 877, relative residual: 0.00014245790632536073
Iteration: 878, relative residual: 0.00014236074519282527
Iteration: 879, relative residual: 0.00014199915688761075
Iteration: 880, relative residual: 0.00014137995654642894
Iteration: 881, relative residual: 0.00014080693908280714
Iteration: 882, relative residual: 0.00014068800675382133
Iteration: 883, relative residual: 0.00014068541050082687
Iteration: 884, relative residual: 0.00014064129278848437
Iteration: 885, relative residual: 0.0001405362930722197
Iteration: 886, relative residual: 0.00014045153514357297
Iteration: 887, relative residual: 0.0001403379033187554
Iteration: 888, relative residual: 0.00014013776501068623
Iteration: 889, relative residual: 0.00014011191677397778
Iteration: 890, relative residual: 0.00014011184482662912
Iteration: 891, relative residual: 0.0001401093990880671
Iteration: 892, relative residual: 0.00014005494165347885
Iteration: 893, relative residual: 0.00013978048152489634
Iteration: 894, relative residual: 0.00013949459138840276
Iteration: 895, relative residual: 0.00013919946291286058
Iteration: 896, relative residual: 0.00013888713491800824
Iteration: 897, relative residual: 0.00013868615366198275
Iteration: 898, relative residual: 0.00013866259208789795
Iteration: 899, relative residual: 0.00013864080652618252
Iteration: 900, relative residual: 0.00013864080652618252
Residual: 0.00013864080652618252. Restart...
Iteration: 901, relative residual: 0.00013836327952377217
Iteration: 902, relative residual: 0.00013836317174197764
Iteration: 903, relative residual: 0.00013836276663354454
Iteration: 904, relative residual: 0.0001383594561479851
Iteration: 905, relative residual: 0.00013835702300767988
Iteration: 906, relative residual: 0.00013835693404592824
Iteration: 907, relative residual: 0.0001383545677363951
Iteration: 908, relative residual: 0.00013834858344787275
Iteration: 909, relative residual: 0.00013834370761550224
Iteration: 910, relative residual: 0.000138339463655371
Iteration: 911, relative residual: 0.00013833895173435317
Iteration: 912, relative residual: 0.00013832102906500025
Iteration: 913, relative residual: 0.0001383031663615338
Iteration: 914, relative residual: 0.00013829498707248726
Iteration: 915, relative residual: 0.00013829480022329034
Iteration: 916, relative residual: 0.00013827345073152023
Iteration: 917, relative residual: 0.00013826353582856692
Iteration: 918, relative residual: 0.00013824697712591598
Iteration: 919, relative residual: 0.00013824026979757738
Iteration: 920, relative residual: 0.00013822833671736637
Iteration: 921, relative residual: 0.0001381550386431081
Iteration: 922, relative residual: 0.00013806992884572017
Iteration: 923, relative residual: 0.0001379596063723042
Iteration: 924, relative residual: 0.00013782548060769796
Iteration: 925, relative residual: 0.00013779276022335977
Iteration: 926, relative residual: 0.00013778525626501558
Iteration: 927, relative residual: 0.00013778316604720202
Iteration: 928, relative residual: 0.00013772583946376014
Iteration: 929, relative residual: 0.00013759999852016978
Iteration: 930, relative residual: 0.0001374584690223061
Iteration: 931, relative residual: 0.00013743927769240512
Iteration: 932, relative residual: 0.00013743906398447041
Iteration: 933, relative residual: 0.00013740475220843588
Iteration: 934, relative residual: 0.0001373290661121277
Iteration: 935, relative residual: 0.00013731179771707828
Iteration: 936, relative residual: 0.00013728085418270988
Iteration: 937, relative residual: 0.00013724690589006792
Iteration: 938, relative residual: 0.00013724043262954068
Iteration: 939, relative residual: 0.00013722736292521304
Iteration: 940, relative residual: 0.000137225212531185
Iteration: 941, relative residual: 0.0001372209664905261
Iteration: 942, relative residual: 0.00013720317740376076
Iteration: 943, relative residual: 0.0001371879305576418
Iteration: 944, relative residual: 0.00013717131325782436
Iteration: 945, relative residual: 0.0001371411691916323
Iteration: 946, relative residual: 0.00013713697183526834
Iteration: 947, relative residual: 0.00013713529048757094
Iteration: 948, relative residual: 0.00013711190407309502
Iteration: 949, relative residual: 0.00013698963747810284
Iteration: 950, relative residual: 0.00013682182198943612
Iteration: 951, relative residual: 0.00013677716498470212
Iteration: 952, relative residual: 0.00013676917841672483
Iteration: 953, relative residual: 0.00013671823149449455
Iteration: 954, relative residual: 0.0001365554226308831
Iteration: 955, relative residual: 0.0001364609553337841
Iteration: 956, relative residual: 0.00013636880073985988
Iteration: 957, relative residual: 0.00013635796177005686
Iteration: 958, relative residual: 0.00013633338282162592
Iteration: 959, relative residual: 0.000136218903306932
Iteration: 960, relative residual: 0.00013597997064875147
Iteration: 961, relative residual: 0.00013597224425923693
Iteration: 962, relative residual: 0.00013593680035425666
Iteration: 963, relative residual: 0.00013577309142411462
Iteration: 964, relative residual: 0.00013548345644527225
Iteration: 965, relative residual: 0.00013527040570294544
Iteration: 966, relative residual: 0.00013516299604902882
Iteration: 967, relative residual: 0.00013516281993752923
Iteration: 968, relative residual: 0.00013509457931918777
Iteration: 969, relative residual: 0.00013488678688686821
Iteration: 970, relative residual: 0.00013459716408428316
Iteration: 971, relative residual: 0.0001345128569427645
Iteration: 972, relative residual: 0.0001344856886837593
Iteration: 973, relative residual: 0.0001343866925580155
Iteration: 974, relative residual: 0.0001342919976929008
Iteration: 975, relative residual: 0.00013419550382071885
Iteration: 976, relative residual: 0.00013390064558388884
Iteration: 977, relative residual: 0.0001337677342340192
Iteration: 978, relative residual: 0.00013375390912428962
Iteration: 979, relative residual: 0.00013374768350544973
Iteration: 980, relative residual: 0.00013361456400543087
Iteration: 981, relative residual: 0.0001334072197964989
Iteration: 982, relative residual: 0.00013323921757586417
Iteration: 983, relative residual: 0.0001329828560825737
Iteration: 984, relative residual: 0.00013286502404391475
Iteration: 985, relative residual: 0.00013285890686329748
Iteration: 986, relative residual: 0.00013283117085121618
Iteration: 987, relative residual: 0.0001327450997537126
Iteration: 988, relative residual: 0.00013250481269089283
Iteration: 989, relative residual: 0.00013230695197232205
Iteration: 990, relative residual: 0.00013228374838444108
Iteration: 991, relative residual: 0.00013227711464595607
Iteration: 992, relative residual: 0.00013227677145457884
Iteration: 993, relative residual: 0.00013226396519398577
Iteration: 994, relative residual: 0.0001321736097344759
Iteration: 995, relative residual: 0.0001320334727993253
Iteration: 996, relative residual: 0.0001319694834946488
Iteration: 997, relative residual: 0.0001319694616834083
Iteration: 998, relative residual: 0.000131954291413251
Iteration: 999, relative residual: 0.00013189767015269624
Iteration: 1000, relative residual: 0.00013189767015269624
Residual: 0.00013189767015269624. Restart...
Warning!!!!You have reached the maximum number of iterations : 1000.
The run will stop. Check the residual behaviour you might have a bug.For future runs you might consider changing the tolerance or increasing the number of max_iter.
Solve time        : 4720.862866640091s

Calculate Solvation Energy (E_solv)
Calculating solvation energy for region 1, stored in E_solv[0]
6301.960521913684 of 537236 analytical integrals for phi_reac calculation in region 1
Time E_solv: 4.580332040786743s
Region 1: E_solv = -6597.0181690803565 kcal/mol = -27601.924019432212 kJ/mol

Calculate Surface Energy (E_surf)
Time E_surf: 0.02098226547241211s

Calculate Coulomb Energy (E_coul)
Calculate Coulomb energy for region 1
Region 1: E_coul = -242887.69425812835 kcal/mol = -1016242.112776009 kJ/mol
Time E_coul: 23.73063898086548s

------------------------------
Totals:
E_solv = -6597.0181690803565 kcal/mol
E_surf = 0 kcal/mol
E_coul = -242887.69425812835 kcal/mol

Time = 4821.350875616074 s
