Run started on:
	Date: 2020/5/22
	Time: 20:10:38
	PyGBe version: 0.3.2+5.gea0f875
Config file: /cobra/u/gvargas/code/hPB/pygbe/pygbe/myCrownFinShots/sarsCov2002/snap5/snap5.config
Parameter file: /cobra/u/gvargas/code/hPB/pygbe/pygbe/myCrownFinShots/sarsCov2002/snap5/snap5.param
Geometry folder: /cobra/u/gvargas/code/hPB/pygbe/pygbe/myCrownFinShots/sarsCov2002/snap5/geometry
Running in: /cobra/u/gvargas/code/hPB/pygbe/pygbe/myCrownFinShots/sarsCov2002/snap5

Reading surface 0 from file geometry/crownVF2002
Time load mesh: 10.485478639602661
Removed areas=0: 268

Total elements : 624504
Total equations: 1249008
----------------------------

1 surfaces:

Surface 0:
	624504 elements
	Surface type         : dielectric_interface
	Cells                : 4067
	Twigs                : 3453
	Levels               : 7
	C0 size              : 124.52831741269345
	C0 box center        : 101.21797630813145, 103.316137298827, 108.69820665360028
	Twig cell size       : 1.9457549595733352
	Rbox/theta           : 3.8915099191466704
	Analytic distance    : 1.2972841432928726
	Elem. per Ang^2      : 4.159620913712415
	Max, min, avg elem.  : 1.3829640053530798, 5.000000000012221e-07, 0.24040652279236455
	Total area           : 150134.83510992283
------------------------------

2 regions:

Region 0:
	Laplace or Yukawa: 2
	kappa            : 0.125
	dielectric const : 80.0
	Number of charges: 0
	Parent surface   : []
	Child surfaces   : [0]
Region 1:
	Laplace or Yukawa: 1
	kappa            : 1e-12
	dielectric const : 4.0
	Number of charges: 60331
	Parent surface   : [0]
	Child surfaces   : []
------------------------------

Parameters:
	Data type               : <class 'numpy.float64'>
	Use GPU                 : 1
	P                       : 4
	threshold               : 0.50
	theta                   : 0.50
	NCRIT                   : 500
	CUDA block size         : 128
	Gauss points per element: 1
	Gauss points near singlr: 25
	1D Gauss points per side: 9
	GMRES tolerance         : 1e-05
	GMRES max iterations    : 1000
	GMRES restart iteration : 100
----------------------------

Generate interaction list
Transfer data to GPU
Generate RHS
List time          : 3.6970460414886475s
Data transfer time : 0.47255969047546387s
RHS generation time: 0.5288634300231934s
------------------------------
Total setup time   : 78.56959581375122s
Solve
Iteration: 1, relative residual: 0.3109417485735754
Iteration: 2, relative residual: 0.18776536779548558
Iteration: 3, relative residual: 0.15028031589387486
Iteration: 4, relative residual: 0.11560457917803826
Iteration: 5, relative residual: 0.0874027835153124
Iteration: 6, relative residual: 0.07573496501664836
Iteration: 7, relative residual: 0.06739054290953957
Iteration: 8, relative residual: 0.05673923122668682
Iteration: 9, relative residual: 0.04408049617970942
Iteration: 10, relative residual: 0.034930994238952844
Iteration: 11, relative residual: 0.02955702084490189
Iteration: 12, relative residual: 0.02338985724624569
Iteration: 13, relative residual: 0.019022947235811154
Iteration: 14, relative residual: 0.01717365523633609
Iteration: 15, relative residual: 0.013893968753514523
Iteration: 16, relative residual: 0.013099291148853177
Iteration: 17, relative residual: 0.01255096860825373
Iteration: 18, relative residual: 0.010563301088596648
Iteration: 19, relative residual: 0.009605343731782548
Iteration: 20, relative residual: 0.00891484228744912
Iteration: 21, relative residual: 0.008680311555097266
Iteration: 22, relative residual: 0.007442841428655927
Iteration: 23, relative residual: 0.006753204996976487
Iteration: 24, relative residual: 0.006349105131173518
Iteration: 25, relative residual: 0.006278743000143701
Iteration: 26, relative residual: 0.005825382471072994
Iteration: 27, relative residual: 0.00520530052570037
Iteration: 28, relative residual: 0.004732354919051726
Iteration: 29, relative residual: 0.004487423707191293
Iteration: 30, relative residual: 0.004355240468663022
Iteration: 31, relative residual: 0.004354818225872744
Iteration: 32, relative residual: 0.004327338546018332
Iteration: 33, relative residual: 0.004261335302909626
Iteration: 34, relative residual: 0.004252667833482925
Iteration: 35, relative residual: 0.004186070144478729
Iteration: 36, relative residual: 0.004047299115947574
Iteration: 37, relative residual: 0.0040220921522529365
Iteration: 38, relative residual: 0.003948479560133271
Iteration: 39, relative residual: 0.003703174091847784
Iteration: 40, relative residual: 0.003587242201988003
Iteration: 41, relative residual: 0.003583690848343727
Iteration: 42, relative residual: 0.0034905120752427377
Iteration: 43, relative residual: 0.0033587550503219755
Iteration: 44, relative residual: 0.0032152484131573998
Iteration: 45, relative residual: 0.0031426035830919323
Iteration: 46, relative residual: 0.0031302006248003344
Iteration: 47, relative residual: 0.003024916392343723
Iteration: 48, relative residual: 0.0027837322362532055
Iteration: 49, relative residual: 0.0025240584167705196
Iteration: 50, relative residual: 0.002382865878807458
Iteration: 51, relative residual: 0.002346040182430552
Iteration: 52, relative residual: 0.0023131116848365027
Iteration: 53, relative residual: 0.0022002552399735063
Iteration: 54, relative residual: 0.0019769702698243428
Iteration: 55, relative residual: 0.0018885571627543967
Iteration: 56, relative residual: 0.0018554651377974344
Iteration: 57, relative residual: 0.0018342399928015281
Iteration: 58, relative residual: 0.0018335907049828336
Iteration: 59, relative residual: 0.0018090736277949237
Iteration: 60, relative residual: 0.00171430854982038
Iteration: 61, relative residual: 0.0016101626814659408
Iteration: 62, relative residual: 0.0014921065028486434
Iteration: 63, relative residual: 0.0013705677930651906
Iteration: 64, relative residual: 0.0012909761932315682
Iteration: 65, relative residual: 0.0012433384146884829
Iteration: 66, relative residual: 0.0011782579333734745
Iteration: 67, relative residual: 0.0011589806272696791
Iteration: 68, relative residual: 0.0011582201821034508
Iteration: 69, relative residual: 0.0011484371374642511
Iteration: 70, relative residual: 0.0011138037286832787
Iteration: 71, relative residual: 0.0010950990826358322
Iteration: 72, relative residual: 0.0010906002768024177
Iteration: 73, relative residual: 0.0010879186660483443
Iteration: 74, relative residual: 0.0010783663123891455
Iteration: 75, relative residual: 0.001053129463791212
Iteration: 76, relative residual: 0.0010209293151247233
Iteration: 77, relative residual: 0.0010189395403227164
Iteration: 78, relative residual: 0.0010127967203557543
Iteration: 79, relative residual: 0.000995723248702195
Iteration: 80, relative residual: 0.0009664463980390579
Iteration: 81, relative residual: 0.0009270328536173706
Iteration: 82, relative residual: 0.0008933643285302665
Iteration: 83, relative residual: 0.0008442673043026984
Iteration: 84, relative residual: 0.0008127089069108217
Iteration: 85, relative residual: 0.0007989250832083187
Iteration: 86, relative residual: 0.000798925034571121
Iteration: 87, relative residual: 0.0007976055053491302
Iteration: 88, relative residual: 0.0007890343163841874
Iteration: 89, relative residual: 0.0007698729430756174
Iteration: 90, relative residual: 0.0007433175559831238
Iteration: 91, relative residual: 0.0007407917577276415
Iteration: 92, relative residual: 0.0007379993724684598
Iteration: 93, relative residual: 0.000729994400637668
Iteration: 94, relative residual: 0.0007008535784879116
Iteration: 95, relative residual: 0.0006693658318611146
Iteration: 96, relative residual: 0.0006548602851338957
Iteration: 97, relative residual: 0.0006481187133696594
Iteration: 98, relative residual: 0.000647496415559651
Iteration: 99, relative residual: 0.0006264378521242324
Iteration: 100, relative residual: 0.0006264378521242324
Residual: 0.0006264378521242324. Restart...
Iteration: 101, relative residual: 0.0006029127302287072
Iteration: 102, relative residual: 0.0006019881430140647
Iteration: 103, relative residual: 0.0006007343969837607
Iteration: 104, relative residual: 0.000600730345981257
Iteration: 105, relative residual: 0.0006000117957781433
Iteration: 106, relative residual: 0.0005975236124151328
Iteration: 107, relative residual: 0.000593225633673074
Iteration: 108, relative residual: 0.0005921345496737272
Iteration: 109, relative residual: 0.0005920237507540315
Iteration: 110, relative residual: 0.0005917051859739636
Iteration: 111, relative residual: 0.000591654981839071
Iteration: 112, relative residual: 0.0005916351766673781
Iteration: 113, relative residual: 0.0005916084526105965
Iteration: 114, relative residual: 0.0005910921048043866
Iteration: 115, relative residual: 0.0005905740604211004
Iteration: 116, relative residual: 0.0005905407013281862
Iteration: 117, relative residual: 0.0005896862486844961
Iteration: 118, relative residual: 0.0005875358057229581
Iteration: 119, relative residual: 0.0005858307625231596
Iteration: 120, relative residual: 0.0005852135060146883
Iteration: 121, relative residual: 0.0005845173122239375
Iteration: 122, relative residual: 0.0005840472878895152
Iteration: 123, relative residual: 0.0005827887504710309
Iteration: 124, relative residual: 0.0005826110976926302
Iteration: 125, relative residual: 0.0005821717401560672
Iteration: 126, relative residual: 0.0005808838973830579
Iteration: 127, relative residual: 0.0005794955658868071
Iteration: 128, relative residual: 0.0005792386418185447
Iteration: 129, relative residual: 0.0005787430192012293
Iteration: 130, relative residual: 0.0005753703507907662
Iteration: 131, relative residual: 0.0005733498666491998
Iteration: 132, relative residual: 0.0005727497356013785
Iteration: 133, relative residual: 0.0005723631601736701
Iteration: 134, relative residual: 0.0005686806959540614
Iteration: 135, relative residual: 0.000566606000021459
Iteration: 136, relative residual: 0.0005643161528074277
Iteration: 137, relative residual: 0.0005633091915746323
Iteration: 138, relative residual: 0.0005633091271850857
Iteration: 139, relative residual: 0.0005632958488188556
Iteration: 140, relative residual: 0.0005619378407097888
Iteration: 141, relative residual: 0.0005566393403502777
Iteration: 142, relative residual: 0.0005552568238866684
Iteration: 143, relative residual: 0.0005544428284007892
Iteration: 144, relative residual: 0.0005524778760227827
Iteration: 145, relative residual: 0.0005502440779942482
Iteration: 146, relative residual: 0.0005470897305166332
Iteration: 147, relative residual: 0.0005470897304268797
Iteration: 148, relative residual: 0.0005449704744391005
Iteration: 149, relative residual: 0.0005424023999642571
Iteration: 150, relative residual: 0.0005385003142809939
Iteration: 151, relative residual: 0.0005300514763485825
Iteration: 152, relative residual: 0.0005225362455875086
Iteration: 153, relative residual: 0.0005224404615471806
Iteration: 154, relative residual: 0.0005217949975711984
Iteration: 155, relative residual: 0.0005163316552857908
Iteration: 156, relative residual: 0.0005062650494508092
Iteration: 157, relative residual: 0.0004998121778932844
Iteration: 158, relative residual: 0.0004990924293098288
Iteration: 159, relative residual: 0.0004990301325322133
Iteration: 160, relative residual: 0.0004957145316398347
Iteration: 161, relative residual: 0.0004879759158594984
Iteration: 162, relative residual: 0.00047686723394377257
Iteration: 163, relative residual: 0.00047289809868191
Iteration: 164, relative residual: 0.00047124128362096505
Iteration: 165, relative residual: 0.00047120926036423743
Iteration: 166, relative residual: 0.0004705907238325844
Iteration: 167, relative residual: 0.0004692988173089525
Iteration: 168, relative residual: 0.0004641980865215969
Iteration: 169, relative residual: 0.00046113070216428085
Iteration: 170, relative residual: 0.00045037781959315963
Iteration: 171, relative residual: 0.00044586915777280903
Iteration: 172, relative residual: 0.00044584865128031656
Iteration: 173, relative residual: 0.00044512133974548634
Iteration: 174, relative residual: 0.00043849842397863313
Iteration: 175, relative residual: 0.0004330996047201049
Iteration: 176, relative residual: 0.0004274276847671096
Iteration: 177, relative residual: 0.00042581649486230416
Iteration: 178, relative residual: 0.0004254296770125595
Iteration: 179, relative residual: 0.0004252946529758316
Iteration: 180, relative residual: 0.00042219863703450277
Iteration: 181, relative residual: 0.0004188545053104608
Iteration: 182, relative residual: 0.0004153342857366744
Iteration: 183, relative residual: 0.000414015657357279
Iteration: 184, relative residual: 0.00041390472489816785
Iteration: 185, relative residual: 0.0004102431322746022
Iteration: 186, relative residual: 0.0004071838072025825
Iteration: 187, relative residual: 0.0004039359649516127
Iteration: 188, relative residual: 0.0004024346650012175
Iteration: 189, relative residual: 0.00040230251159492533
Iteration: 190, relative residual: 0.00039910114159861826
Iteration: 191, relative residual: 0.00039126333122478267
Iteration: 192, relative residual: 0.00038142588673884014
Iteration: 193, relative residual: 0.0003709645815792888
Iteration: 194, relative residual: 0.0003633500470152698
Iteration: 195, relative residual: 0.000361884727452771
Iteration: 196, relative residual: 0.00036188469458492433
Iteration: 197, relative residual: 0.00036067815410990996
Iteration: 198, relative residual: 0.000357467688917021
Iteration: 199, relative residual: 0.00035232698127401433
Iteration: 200, relative residual: 0.00035232698127401433
Residual: 0.00035232698127401433. Restart...
Iteration: 201, relative residual: 0.0003464617506268948
Iteration: 202, relative residual: 0.0003464617332834096
Iteration: 203, relative residual: 0.0003464433163000768
Iteration: 204, relative residual: 0.00034638070270530576
Iteration: 205, relative residual: 0.0003461696133733435
Iteration: 206, relative residual: 0.0003457435156304532
Iteration: 207, relative residual: 0.0003447143898945099
Iteration: 208, relative residual: 0.00034471141251324035
Iteration: 209, relative residual: 0.0003439073087935926
Iteration: 210, relative residual: 0.0003425984435466028
Iteration: 211, relative residual: 0.0003415425587468692
Iteration: 212, relative residual: 0.00034154028014775145
Iteration: 213, relative residual: 0.0003414947526399844
Iteration: 214, relative residual: 0.0003412100898981104
Iteration: 215, relative residual: 0.00034119722805518444
Iteration: 216, relative residual: 0.00034064595173025585
Iteration: 217, relative residual: 0.0003395449881317403
Iteration: 218, relative residual: 0.00033839911432043216
Iteration: 219, relative residual: 0.00033816265921027933
Iteration: 220, relative residual: 0.00033811728503367643
Iteration: 221, relative residual: 0.0003377275088158692
Iteration: 222, relative residual: 0.00033730467085912446
Iteration: 223, relative residual: 0.0003371785335984454
Iteration: 224, relative residual: 0.00033615150967353246
Iteration: 225, relative residual: 0.00033563622381654407
Iteration: 226, relative residual: 0.0003355816691088061
Iteration: 227, relative residual: 0.00033503877038827494
Iteration: 228, relative residual: 0.0003332207630703101
Iteration: 229, relative residual: 0.0003308567451813767
Iteration: 230, relative residual: 0.0003277395235353958
Iteration: 231, relative residual: 0.0003275485467183086
Iteration: 232, relative residual: 0.0003271425294588827
Iteration: 233, relative residual: 0.0003250689242498819
Iteration: 234, relative residual: 0.00032394098576272166
Iteration: 235, relative residual: 0.00032237437924689295
Iteration: 236, relative residual: 0.00032214702952887203
Iteration: 237, relative residual: 0.0003214593803314791
Iteration: 238, relative residual: 0.00031965425387289666
Iteration: 239, relative residual: 0.0003188998174104826
Iteration: 240, relative residual: 0.0003183994241671309
Iteration: 241, relative residual: 0.0003175930524372155
Iteration: 242, relative residual: 0.00031676176580800955
Iteration: 243, relative residual: 0.00031453677380969094
Iteration: 244, relative residual: 0.0003121292441103307
Iteration: 245, relative residual: 0.000311093711068378
Iteration: 246, relative residual: 0.00031033285200126774
Iteration: 247, relative residual: 0.0003102541662165461
Iteration: 248, relative residual: 0.000309952138466652
Iteration: 249, relative residual: 0.0003083599660117233
Iteration: 250, relative residual: 0.00030720316724457304
Iteration: 251, relative residual: 0.00030663724389063676
Iteration: 252, relative residual: 0.00030661435328763957
Iteration: 253, relative residual: 0.00030592012790057045
Iteration: 254, relative residual: 0.0003040741952825764
Iteration: 255, relative residual: 0.0003017809177266862
Iteration: 256, relative residual: 0.0003006475109854793
Iteration: 257, relative residual: 0.0003004935620139846
Iteration: 258, relative residual: 0.0002987700385230468
Iteration: 259, relative residual: 0.000296671751041859
Iteration: 260, relative residual: 0.0002952376028861334
Iteration: 261, relative residual: 0.0002937876390476685
Iteration: 262, relative residual: 0.00029318408035335113
Iteration: 263, relative residual: 0.00029316735768595973
Iteration: 264, relative residual: 0.0002926266534248961
Iteration: 265, relative residual: 0.00029089853652474395
Iteration: 266, relative residual: 0.00028971916317033377
Iteration: 267, relative residual: 0.00028499956958483993
Iteration: 268, relative residual: 0.00028388701644519853
Iteration: 269, relative residual: 0.0002833277607949352
Iteration: 270, relative residual: 0.0002833273290408638
Iteration: 271, relative residual: 0.00028328611807045234
Iteration: 272, relative residual: 0.0002828577510293713
Iteration: 273, relative residual: 0.0002805162333505682
Iteration: 274, relative residual: 0.0002791785663977321
Iteration: 275, relative residual: 0.0002790937186442155
Iteration: 276, relative residual: 0.00027908923061405953
Iteration: 277, relative residual: 0.00027865047294167375
Iteration: 278, relative residual: 0.0002766905449987371
Iteration: 279, relative residual: 0.00027244499799665076
Iteration: 280, relative residual: 0.0002678986651757021
Iteration: 281, relative residual: 0.00026439698221284255
Iteration: 282, relative residual: 0.00026387450989780783
Iteration: 283, relative residual: 0.0002638699947683469
Iteration: 284, relative residual: 0.0002637221222238489
Iteration: 285, relative residual: 0.00026214250946043357
Iteration: 286, relative residual: 0.0002595619462390146
Iteration: 287, relative residual: 0.0002583505295654921
Iteration: 288, relative residual: 0.0002580026168205195
Iteration: 289, relative residual: 0.00025787966846127437
Iteration: 290, relative residual: 0.0002568350724812541
Iteration: 291, relative residual: 0.0002548204518044176
Iteration: 292, relative residual: 0.00025284427605432887
Iteration: 293, relative residual: 0.00025117567699612617
Iteration: 294, relative residual: 0.0002510026656925572
Iteration: 295, relative residual: 0.0002504669262719154
Iteration: 296, relative residual: 0.00024802605672561383
Iteration: 297, relative residual: 0.0002439252478670041
Iteration: 298, relative residual: 0.00024045513119392905
Iteration: 299, relative residual: 0.00023716236204045793
Iteration: 300, relative residual: 0.00023716236204045793
Residual: 0.00023716236204045793. Restart...
Iteration: 301, relative residual: 0.0002368631392441165
Iteration: 302, relative residual: 0.00023686308039893726
Iteration: 303, relative residual: 0.00023686305528250652
Iteration: 304, relative residual: 0.0002368630469924273
Iteration: 305, relative residual: 0.0002368624403845696
Iteration: 306, relative residual: 0.00023686237360617346
Iteration: 307, relative residual: 0.00023686149091265755
Iteration: 308, relative residual: 0.00023684892691717887
Iteration: 309, relative residual: 0.00023680277580705273
Iteration: 310, relative residual: 0.00023673509518746887
Iteration: 311, relative residual: 0.0002366969805877583
Iteration: 312, relative residual: 0.0002366917865930927
Iteration: 313, relative residual: 0.00023666922580816723
Iteration: 314, relative residual: 0.00023664879702330296
Iteration: 315, relative residual: 0.0002366356617551988
Iteration: 316, relative residual: 0.0002366356300053909
Iteration: 317, relative residual: 0.0002365951474254201
Iteration: 318, relative residual: 0.000236434554593206
Iteration: 319, relative residual: 0.00023631054140095748
Iteration: 320, relative residual: 0.00023628306380585283
Iteration: 321, relative residual: 0.00023622850615080917
Iteration: 322, relative residual: 0.00023602632387872947
Iteration: 323, relative residual: 0.00023593224450990202
Iteration: 324, relative residual: 0.00023590480339125166
Iteration: 325, relative residual: 0.00023542729258465108
Iteration: 326, relative residual: 0.0002349735982264328
Iteration: 327, relative residual: 0.00023425222672648763
Iteration: 328, relative residual: 0.00023349136613352877
Iteration: 329, relative residual: 0.00023330698758707808
Iteration: 330, relative residual: 0.0002333069862432936
Iteration: 331, relative residual: 0.0002326751045193794
Iteration: 332, relative residual: 0.00023196590642192834
Iteration: 333, relative residual: 0.00023055647988681936
Iteration: 334, relative residual: 0.0002299681272016836
Iteration: 335, relative residual: 0.0002299170428594137
Iteration: 336, relative residual: 0.00022981213176170238
Iteration: 337, relative residual: 0.00022939843156614975
Iteration: 338, relative residual: 0.0002289034558053402
Iteration: 339, relative residual: 0.0002288940163350679
Iteration: 340, relative residual: 0.00022857679832063069
Iteration: 341, relative residual: 0.00022789322503918966
Iteration: 342, relative residual: 0.00022712289625330317
Iteration: 343, relative residual: 0.00022626797756015077
Iteration: 344, relative residual: 0.0002260287454777048
Iteration: 345, relative residual: 0.00022601971463843924
Iteration: 346, relative residual: 0.0002257452311069756
Iteration: 347, relative residual: 0.0002254687790035319
Iteration: 348, relative residual: 0.0002242927608717288
Iteration: 349, relative residual: 0.00022335665624745673
Iteration: 350, relative residual: 0.0002231689899981759
Iteration: 351, relative residual: 0.0002231595867298117
Iteration: 352, relative residual: 0.00022315497255888885
Iteration: 353, relative residual: 0.00022298021901616448
Iteration: 354, relative residual: 0.00022235814471918992
Iteration: 355, relative residual: 0.00022117508205115994
Iteration: 356, relative residual: 0.00022042198565555424
Iteration: 357, relative residual: 0.0002203187750693416
Iteration: 358, relative residual: 0.00022030186893365393
Iteration: 359, relative residual: 0.00021991947450259876
Iteration: 360, relative residual: 0.00021939383907578703
Iteration: 361, relative residual: 0.00021912188740362486
Iteration: 362, relative residual: 0.0002190731535881434
Iteration: 363, relative residual: 0.00021907302788041314
Iteration: 364, relative residual: 0.00021904684796939842
Iteration: 365, relative residual: 0.00021877687587999641
Iteration: 366, relative residual: 0.0002180256377448957
Iteration: 367, relative residual: 0.00021754194603573382
Iteration: 368, relative residual: 0.00021742453749926428
Iteration: 369, relative residual: 0.00021742448199317885
Iteration: 370, relative residual: 0.0002172957879218708
Iteration: 371, relative residual: 0.00021675137401017643
Iteration: 372, relative residual: 0.0002164429342549419
Iteration: 373, relative residual: 0.00021617104945256517
Iteration: 374, relative residual: 0.00021611382592245424
Iteration: 375, relative residual: 0.00021611146270768212
Iteration: 376, relative residual: 0.0002160868374042251
Iteration: 377, relative residual: 0.00021555988246494082
Iteration: 378, relative residual: 0.00021516032404926265
Iteration: 379, relative residual: 0.00021473930043547045
Iteration: 380, relative residual: 0.00021452808983564648
Iteration: 381, relative residual: 0.00021435885172895234
Iteration: 382, relative residual: 0.00021435586234845843
Iteration: 383, relative residual: 0.000214255487548153
Iteration: 384, relative residual: 0.00021404167809350332
Iteration: 385, relative residual: 0.00021377332631999907
Iteration: 386, relative residual: 0.00021319900555315442
Iteration: 387, relative residual: 0.00021280470608482126
Iteration: 388, relative residual: 0.0002127946444909525
Iteration: 389, relative residual: 0.00021277588265304628
Iteration: 390, relative residual: 0.0002126415859409656
Iteration: 391, relative residual: 0.00021177611529588062
Iteration: 392, relative residual: 0.0002110586357357266
Iteration: 393, relative residual: 0.00021094692042559885
Iteration: 394, relative residual: 0.0002109065001323165
Iteration: 395, relative residual: 0.00021075879149547904
Iteration: 396, relative residual: 0.0002096134447742869
Iteration: 397, relative residual: 0.00020853928909040395
Iteration: 398, relative residual: 0.00020764328670848942
Iteration: 399, relative residual: 0.0002075517950954349
Iteration: 400, relative residual: 0.0002075517950954349
Residual: 0.0002075517950954349. Restart...
Iteration: 401, relative residual: 0.00020742516489748508
Iteration: 402, relative residual: 0.00020742516484302802
Iteration: 403, relative residual: 0.00020742516013663048
Iteration: 404, relative residual: 0.00020742510873954866
Iteration: 405, relative residual: 0.0002074250365192517
Iteration: 406, relative residual: 0.00020742503118475317
Iteration: 407, relative residual: 0.0002074246034272684
Iteration: 408, relative residual: 0.00020742131344226496
Iteration: 409, relative residual: 0.00020741725454203792
Iteration: 410, relative residual: 0.0002074105263746605
Iteration: 411, relative residual: 0.00020740857931655018
Iteration: 412, relative residual: 0.00020740827712826965
Iteration: 413, relative residual: 0.0002074064894143518
Iteration: 414, relative residual: 0.00020740204818175525
Iteration: 415, relative residual: 0.00020739868724109226
Iteration: 416, relative residual: 0.00020739794919931467
Iteration: 417, relative residual: 0.00020739341135816162
Iteration: 418, relative residual: 0.00020735805344040793
Iteration: 419, relative residual: 0.0002073280406792962
Iteration: 420, relative residual: 0.00020732684803556825
Iteration: 421, relative residual: 0.00020729269041788555
Iteration: 422, relative residual: 0.0002072383299187344
Iteration: 423, relative residual: 0.0002072353016137506
Iteration: 424, relative residual: 0.0002071965323388357
Iteration: 425, relative residual: 0.0002070051529807727
Iteration: 426, relative residual: 0.00020683683406832844
Iteration: 427, relative residual: 0.0002063321003655654
Iteration: 428, relative residual: 0.00020610382136693312
Iteration: 429, relative residual: 0.00020610336694366633
Iteration: 430, relative residual: 0.00020591768848571097
Iteration: 431, relative residual: 0.0002056655544833396
Iteration: 432, relative residual: 0.00020539512198882972
Iteration: 433, relative residual: 0.00020536438448851384
Iteration: 434, relative residual: 0.00020534802957995627
Iteration: 435, relative residual: 0.00020521802550369338
Iteration: 436, relative residual: 0.0002051597313725298
Iteration: 437, relative residual: 0.00020514368942434693
Iteration: 438, relative residual: 0.00020514079260238187
Iteration: 439, relative residual: 0.0002048335783561776
Iteration: 440, relative residual: 0.0002044176733692169
Iteration: 441, relative residual: 0.00020412466905493195
Iteration: 442, relative residual: 0.0002037762499970532
Iteration: 443, relative residual: 0.00020355579500194837
Iteration: 444, relative residual: 0.00020348517533849106
Iteration: 445, relative residual: 0.00020342185991738753
Iteration: 446, relative residual: 0.00020316665193549773
Iteration: 447, relative residual: 0.00020244693572954672
Iteration: 448, relative residual: 0.00020210279758659845
Iteration: 449, relative residual: 0.0002020289524526809
Iteration: 450, relative residual: 0.0002019851585465796
Iteration: 451, relative residual: 0.00020196742099593543
Iteration: 452, relative residual: 0.00020183709946726866
Iteration: 453, relative residual: 0.0002014568264647823
Iteration: 454, relative residual: 0.00020111835772735
Iteration: 455, relative residual: 0.00020056929138424553
Iteration: 456, relative residual: 0.00020039305833458593
Iteration: 457, relative residual: 0.0002003345412866929
Iteration: 458, relative residual: 0.00020029123774815912
Iteration: 459, relative residual: 0.0001999881154784345
Iteration: 460, relative residual: 0.00019981914899618296
Iteration: 461, relative residual: 0.00019976071541977068
Iteration: 462, relative residual: 0.00019975533755564034
Iteration: 463, relative residual: 0.000199657305748908
Iteration: 464, relative residual: 0.00019936687488289739
Iteration: 465, relative residual: 0.0001989872622270812
Iteration: 466, relative residual: 0.0001986252642551917
Iteration: 467, relative residual: 0.0001985922501614661
Iteration: 468, relative residual: 0.00019858404204119818
Iteration: 469, relative residual: 0.00019847173912727924
Iteration: 470, relative residual: 0.00019802751146568508
Iteration: 471, relative residual: 0.00019757167076985398
Iteration: 472, relative residual: 0.0001974911556925203
Iteration: 473, relative residual: 0.00019746944474415115
Iteration: 474, relative residual: 0.0001974606066175345
Iteration: 475, relative residual: 0.00019722391891381196
Iteration: 476, relative residual: 0.00019666648623478395
Iteration: 477, relative residual: 0.00019635155101246533
Iteration: 478, relative residual: 0.00019584642234220917
Iteration: 479, relative residual: 0.00019559091291031317
Iteration: 480, relative residual: 0.00019540321749887546
Iteration: 481, relative residual: 0.00019540171744927717
Iteration: 482, relative residual: 0.0001953727433521523
Iteration: 483, relative residual: 0.00019487931970081228
Iteration: 484, relative residual: 0.0001945495540893303
Iteration: 485, relative residual: 0.00019428502816782163
Iteration: 486, relative residual: 0.00019422264859750619
Iteration: 487, relative residual: 0.00019420607320758178
Iteration: 488, relative residual: 0.00019401153142543535
Iteration: 489, relative residual: 0.00019393471881371516
Iteration: 490, relative residual: 0.00019377205389198271
Iteration: 491, relative residual: 0.00019356939690582149
Iteration: 492, relative residual: 0.00019354412861453583
Iteration: 493, relative residual: 0.0001935434157387602
Iteration: 494, relative residual: 0.0001934790084672064
Iteration: 495, relative residual: 0.00019271349167445908
Iteration: 496, relative residual: 0.00019167200584535815
Iteration: 497, relative residual: 0.0001911500412985826
Iteration: 498, relative residual: 0.00019056495527827302
Iteration: 499, relative residual: 0.00019045445950994654
Iteration: 500, relative residual: 0.00019045445950994654
Residual: 0.00019045445950994654. Restart...
Iteration: 501, relative residual: 0.00019044230709956497
Iteration: 502, relative residual: 0.0001904423070964643
Iteration: 503, relative residual: 0.00019044228404006998
Iteration: 504, relative residual: 0.0001904422354338884
Iteration: 505, relative residual: 0.00019044222031445397
Iteration: 506, relative residual: 0.00019044215087075548
Iteration: 507, relative residual: 0.00019044205921431252
Iteration: 508, relative residual: 0.00019044201124491928
Iteration: 509, relative residual: 0.00019044103218184737
Iteration: 510, relative residual: 0.00019043970396205907
Iteration: 511, relative residual: 0.00019043824884490632
Iteration: 512, relative residual: 0.00019043823399671358
Iteration: 513, relative residual: 0.00019043531653335574
Iteration: 514, relative residual: 0.00019043310210491222
Iteration: 515, relative residual: 0.00019043196468771593
Iteration: 516, relative residual: 0.00019043184051154344
Iteration: 517, relative residual: 0.00019042973215919968
Iteration: 518, relative residual: 0.00019042353462666832
Iteration: 519, relative residual: 0.0001904171381069359
Iteration: 520, relative residual: 0.00019041708227283196
Iteration: 521, relative residual: 0.00019041004517205334
Iteration: 522, relative residual: 0.00019039395350418546
Iteration: 523, relative residual: 0.00019039330347813446
Iteration: 524, relative residual: 0.00019035196674651098
Iteration: 525, relative residual: 0.00019015572795494368
Iteration: 526, relative residual: 0.00018995376522924274
Iteration: 527, relative residual: 0.00018963662072422454
Iteration: 528, relative residual: 0.00018963645550951362
Iteration: 529, relative residual: 0.00018950421685073784
Iteration: 530, relative residual: 0.0001892311367725508
Iteration: 531, relative residual: 0.00018891034876764894
Iteration: 532, relative residual: 0.00018862779983861344
Iteration: 533, relative residual: 0.00018845165652908838
Iteration: 534, relative residual: 0.00018845143959042362
Iteration: 535, relative residual: 0.00018817130942606786
Iteration: 536, relative residual: 0.0001879158952099122
Iteration: 537, relative residual: 0.00018777603646272302
Iteration: 538, relative residual: 0.00018766318095819932
Iteration: 539, relative residual: 0.00018762515619632158
Iteration: 540, relative residual: 0.00018748605771436036
Iteration: 541, relative residual: 0.00018718844243328678
Iteration: 542, relative residual: 0.00018687675908485616
Iteration: 543, relative residual: 0.0001866097031692127
Iteration: 544, relative residual: 0.00018643921808433994
Iteration: 545, relative residual: 0.0001864230313651117
Iteration: 546, relative residual: 0.00018625572616770482
Iteration: 547, relative residual: 0.0001859083238460725
Iteration: 548, relative residual: 0.00018572086164655926
Iteration: 549, relative residual: 0.000185582843463536
Iteration: 550, relative residual: 0.000185549052374031
Iteration: 551, relative residual: 0.0001855102535650967
Iteration: 552, relative residual: 0.00018548860772215478
Iteration: 553, relative residual: 0.0001854491808310285
Iteration: 554, relative residual: 0.00018530875749104338
Iteration: 555, relative residual: 0.0001852853670476298
Iteration: 556, relative residual: 0.0001852391785030754
Iteration: 557, relative residual: 0.00018521882616823857
Iteration: 558, relative residual: 0.00018510960943858202
Iteration: 559, relative residual: 0.00018496816849435698
Iteration: 560, relative residual: 0.0001848803173096647
Iteration: 561, relative residual: 0.00018485035683547043
Iteration: 562, relative residual: 0.00018484675684862241
Iteration: 563, relative residual: 0.00018484537336401012
Iteration: 564, relative residual: 0.00018483481728584424
Iteration: 565, relative residual: 0.00018474107598919344
Iteration: 566, relative residual: 0.0001845458414071182
Iteration: 567, relative residual: 0.00018444086625298012
Iteration: 568, relative residual: 0.00018440194826051964
Iteration: 569, relative residual: 0.00018439840887401785
Iteration: 570, relative residual: 0.00018435667837723833
Iteration: 571, relative residual: 0.00018406203841028065
Iteration: 572, relative residual: 0.00018381924722697565
Iteration: 573, relative residual: 0.0001837571534483646
Iteration: 574, relative residual: 0.0001837372980829605
Iteration: 575, relative residual: 0.00018370070767543913
Iteration: 576, relative residual: 0.00018363402833954424
Iteration: 577, relative residual: 0.00018336189132971432
Iteration: 578, relative residual: 0.00018319330425115265
Iteration: 579, relative residual: 0.00018313005436187323
Iteration: 580, relative residual: 0.0001831032183224578
Iteration: 581, relative residual: 0.0001830912694612174
Iteration: 582, relative residual: 0.00018296976644437796
Iteration: 583, relative residual: 0.0001827101245559045
Iteration: 584, relative residual: 0.00018237096519871441
Iteration: 585, relative residual: 0.000182328957465039
Iteration: 586, relative residual: 0.00018230689042767834
Iteration: 587, relative residual: 0.00018230667576418614
Iteration: 588, relative residual: 0.0001822082022325759
Iteration: 589, relative residual: 0.0001820535840810051
Iteration: 590, relative residual: 0.0001820213509118506
Iteration: 591, relative residual: 0.00018195675310569357
Iteration: 592, relative residual: 0.00018193901986041295
Iteration: 593, relative residual: 0.0001819250396291591
Iteration: 594, relative residual: 0.00018175154922928205
Iteration: 595, relative residual: 0.00018147930820849693
Iteration: 596, relative residual: 0.0001812601722234252
Iteration: 597, relative residual: 0.0001810017950021769
Iteration: 598, relative residual: 0.00018074939476376707
Iteration: 599, relative residual: 0.00018074580935294933
Iteration: 600, relative residual: 0.00018074580935294933
Residual: 0.00018074580935294933. Restart...
Iteration: 601, relative residual: 0.00018056115760010602
Iteration: 602, relative residual: 0.00018056115701457328
Iteration: 603, relative residual: 0.00018056085405092592
Iteration: 604, relative residual: 0.00018055927129081382
Iteration: 605, relative residual: 0.0001805579145221209
Iteration: 606, relative residual: 0.0001805579061770117
Iteration: 607, relative residual: 0.00018055557246803564
Iteration: 608, relative residual: 0.00018055503391311686
Iteration: 609, relative residual: 0.0001805542526935
Iteration: 610, relative residual: 0.0001805498448285532
Iteration: 611, relative residual: 0.00018054410821925215
Iteration: 612, relative residual: 0.00018054300641089568
Iteration: 613, relative residual: 0.00018054186048837532
Iteration: 614, relative residual: 0.00018053794014437303
Iteration: 615, relative residual: 0.00018053526765190775
Iteration: 616, relative residual: 0.0001805327752899691
Iteration: 617, relative residual: 0.00018053239540040782
Iteration: 618, relative residual: 0.00018052833797294063
Iteration: 619, relative residual: 0.00018051802490972146
Iteration: 620, relative residual: 0.00018051568290311393
Iteration: 621, relative residual: 0.0001805096796768989
Iteration: 622, relative residual: 0.00018050374831628542
Iteration: 623, relative residual: 0.00018050374821201686
Iteration: 624, relative residual: 0.00018049637854049042
Iteration: 625, relative residual: 0.00018044284297863628
Iteration: 626, relative residual: 0.00018038019352036662
Iteration: 627, relative residual: 0.0001803393374493796
Iteration: 628, relative residual: 0.00018033933195047637
Iteration: 629, relative residual: 0.00018027961469959335
Iteration: 630, relative residual: 0.00018017884527962835
Iteration: 631, relative residual: 0.00018009840935229014
Iteration: 632, relative residual: 0.00018002546589914798
Iteration: 633, relative residual: 0.00018001124411363826
Iteration: 634, relative residual: 0.00017998454938934275
Iteration: 635, relative residual: 0.00017988773895581724
Iteration: 636, relative residual: 0.000179817363606832
Iteration: 637, relative residual: 0.0001797686688395313
Iteration: 638, relative residual: 0.00017976619300462374
Iteration: 639, relative residual: 0.0001797490924201583
Iteration: 640, relative residual: 0.0001796541988425688
Iteration: 641, relative residual: 0.00017957426489874318
Iteration: 642, relative residual: 0.00017926317695183663
Iteration: 643, relative residual: 0.0001790078633122861
Iteration: 644, relative residual: 0.00017885488797936028
Iteration: 645, relative residual: 0.0001788548834803266
Iteration: 646, relative residual: 0.00017880074109933463
Iteration: 647, relative residual: 0.0001785905401727379
Iteration: 648, relative residual: 0.00017846447078878074
Iteration: 649, relative residual: 0.00017837961897112348
Iteration: 650, relative residual: 0.0001783460172205839
Iteration: 651, relative residual: 0.00017833484862134712
Iteration: 652, relative residual: 0.00017830196026926687
Iteration: 653, relative residual: 0.0001781802077044909
Iteration: 654, relative residual: 0.00017802061477019157
Iteration: 655, relative residual: 0.0001778106886766668
Iteration: 656, relative residual: 0.00017765959876006105
Iteration: 657, relative residual: 0.00017754593612055795
Iteration: 658, relative residual: 0.00017752842917234348
Iteration: 659, relative residual: 0.00017747438610799755
Iteration: 660, relative residual: 0.00017735491535437713
Iteration: 661, relative residual: 0.0001771953652064052
Iteration: 662, relative residual: 0.00017717303785546267
Iteration: 663, relative residual: 0.0001771730226401427
Iteration: 664, relative residual: 0.00017716036956839503
Iteration: 665, relative residual: 0.00017708138891180968
Iteration: 666, relative residual: 0.0001769961843580009
Iteration: 667, relative residual: 0.0001769629635996663
Iteration: 668, relative residual: 0.00017695962414205753
Iteration: 669, relative residual: 0.0001769578206358289
Iteration: 670, relative residual: 0.00017689284739551243
Iteration: 671, relative residual: 0.00017671119587134204
Iteration: 672, relative residual: 0.00017652295893073506
Iteration: 673, relative residual: 0.0001762914827932525
Iteration: 674, relative residual: 0.0001762623001640117
Iteration: 675, relative residual: 0.00017626182533020992
Iteration: 676, relative residual: 0.00017622412947972683
Iteration: 677, relative residual: 0.00017609128285128769
Iteration: 678, relative residual: 0.00017585233149370512
Iteration: 679, relative residual: 0.0001756646924514248
Iteration: 680, relative residual: 0.0001755853123978036
Iteration: 681, relative residual: 0.000175576875941957
Iteration: 682, relative residual: 0.0001755109297187393
Iteration: 683, relative residual: 0.00017525809153400785
Iteration: 684, relative residual: 0.00017466968292232884
Iteration: 685, relative residual: 0.00017453687434509156
Iteration: 686, relative residual: 0.00017451804271017887
Iteration: 687, relative residual: 0.00017448899453529699
Iteration: 688, relative residual: 0.00017442676159644543
Iteration: 689, relative residual: 0.00017426006385160394
Iteration: 690, relative residual: 0.00017394275824968871
Iteration: 691, relative residual: 0.00017374511558928207
Iteration: 692, relative residual: 0.00017373076868107873
Iteration: 693, relative residual: 0.00017372928025891887
Iteration: 694, relative residual: 0.00017317315974755602
Iteration: 695, relative residual: 0.00017237384864692527
Iteration: 696, relative residual: 0.00017146220762306777
Iteration: 697, relative residual: 0.00017087613349900884
Iteration: 698, relative residual: 0.0001707510544155896
Iteration: 699, relative residual: 0.00017065998400451392
Iteration: 700, relative residual: 0.00017065998400451392
Residual: 0.00017065998400451392. Restart...
Iteration: 701, relative residual: 0.0001696623438782262
Iteration: 702, relative residual: 0.0001696620412622628
Iteration: 703, relative residual: 0.00016965495066191487
Iteration: 704, relative residual: 0.00016964847997975768
Iteration: 705, relative residual: 0.00016964386164706796
Iteration: 706, relative residual: 0.00016963092440040595
Iteration: 707, relative residual: 0.00016962058179548374
Iteration: 708, relative residual: 0.00016961572022685103
Iteration: 709, relative residual: 0.00016958800699881033
Iteration: 710, relative residual: 0.0001695166655704434
Iteration: 711, relative residual: 0.00016947122147218342
Iteration: 712, relative residual: 0.00016946371452023162
Iteration: 713, relative residual: 0.0001694142035284849
Iteration: 714, relative residual: 0.00016937159789469242
Iteration: 715, relative residual: 0.00016933638545393558
Iteration: 716, relative residual: 0.0001693362376679235
Iteration: 717, relative residual: 0.00016931118094432897
Iteration: 718, relative residual: 0.00016922385846724144
Iteration: 719, relative residual: 0.00016911613904811018
Iteration: 720, relative residual: 0.00016910472581893487
Iteration: 721, relative residual: 0.00016907686655487779
Iteration: 722, relative residual: 0.00016903218486311728
Iteration: 723, relative residual: 0.0001690321765838607
Iteration: 724, relative residual: 0.00016901435762087404
Iteration: 725, relative residual: 0.00016883446543238066
Iteration: 726, relative residual: 0.00016870148173445587
Iteration: 727, relative residual: 0.0001686698416260221
Iteration: 728, relative residual: 0.0001686375314660228
Iteration: 729, relative residual: 0.00016853081788264528
Iteration: 730, relative residual: 0.0001682993735995966
Iteration: 731, relative residual: 0.0001680999281864359
Iteration: 732, relative residual: 0.00016806451611063613
Iteration: 733, relative residual: 0.00016805791679779254
Iteration: 734, relative residual: 0.00016793768963087655
Iteration: 735, relative residual: 0.00016770908109467486
Iteration: 736, relative residual: 0.00016766035052545003
Iteration: 737, relative residual: 0.0001675916301416468
Iteration: 738, relative residual: 0.00016759162782123435
Iteration: 739, relative residual: 0.00016754712901877016
Iteration: 740, relative residual: 0.00016745711730927385
Iteration: 741, relative residual: 0.00016738137781664364
Iteration: 742, relative residual: 0.0001670599978306655
Iteration: 743, relative residual: 0.0001669227905251274
Iteration: 744, relative residual: 0.00016675108845587045
Iteration: 745, relative residual: 0.00016675108845335006
Iteration: 746, relative residual: 0.0001666611724846229
Iteration: 747, relative residual: 0.00016657953121003362
Iteration: 748, relative residual: 0.0001663520722713354
Iteration: 749, relative residual: 0.00016604694355185895
Iteration: 750, relative residual: 0.00016595787013884465
Iteration: 751, relative residual: 0.00016594609568410193
Iteration: 752, relative residual: 0.00016593664414995315
Iteration: 753, relative residual: 0.0001659339086941041
Iteration: 754, relative residual: 0.00016589108730269517
Iteration: 755, relative residual: 0.0001657644364993386
Iteration: 756, relative residual: 0.00016567258432198602
Iteration: 757, relative residual: 0.00016563799161145717
Iteration: 758, relative residual: 0.00016562174935251352
Iteration: 759, relative residual: 0.00016559578938550977
Iteration: 760, relative residual: 0.00016556375879127612
Iteration: 761, relative residual: 0.0001653921291927661
Iteration: 762, relative residual: 0.00016525032383288299
Iteration: 763, relative residual: 0.00016524629163858665
Iteration: 764, relative residual: 0.00016522892290805668
Iteration: 765, relative residual: 0.00016520824006010352
Iteration: 766, relative residual: 0.00016507733717916454
Iteration: 767, relative residual: 0.00016501296353866397
Iteration: 768, relative residual: 0.00016493581323768835
Iteration: 769, relative residual: 0.0001648772527197181
Iteration: 770, relative residual: 0.00016487700262330418
Iteration: 771, relative residual: 0.0001648012278954322
Iteration: 772, relative residual: 0.00016465893439653598
Iteration: 773, relative residual: 0.0001644425199540793
Iteration: 774, relative residual: 0.00016439597000420618
Iteration: 775, relative residual: 0.0001643879362099834
Iteration: 776, relative residual: 0.00016437395092893043
Iteration: 777, relative residual: 0.00016432590959709824
Iteration: 778, relative residual: 0.00016408242202703834
Iteration: 779, relative residual: 0.00016373729254774567
Iteration: 780, relative residual: 0.00016338947741415623
Iteration: 781, relative residual: 0.00016328802872471712
Iteration: 782, relative residual: 0.0001632792275301285
Iteration: 783, relative residual: 0.00016312842365520043
Iteration: 784, relative residual: 0.00016309153800920197
Iteration: 785, relative residual: 0.00016303833379089828
Iteration: 786, relative residual: 0.00016289727045715134
Iteration: 787, relative residual: 0.00016282911967885775
Iteration: 788, relative residual: 0.00016282861161846224
Iteration: 789, relative residual: 0.0001628052426371799
Iteration: 790, relative residual: 0.00016257009267023115
Iteration: 791, relative residual: 0.0001623346859421834
Iteration: 792, relative residual: 0.00016231330100714827
Iteration: 793, relative residual: 0.00016231313687544612
Iteration: 794, relative residual: 0.0001623065864032025
Iteration: 795, relative residual: 0.00016213163774618484
Iteration: 796, relative residual: 0.0001619914384928046
Iteration: 797, relative residual: 0.0001619782801141953
Iteration: 798, relative residual: 0.00016188785934716004
Iteration: 799, relative residual: 0.0001618877577023298
Iteration: 800, relative residual: 0.0001618877577023298
Residual: 0.0001618877577023298. Restart...
Iteration: 801, relative residual: 0.0001617915030941558
Iteration: 802, relative residual: 0.00016179150309403477
Iteration: 803, relative residual: 0.0001617914572249938
Iteration: 804, relative residual: 0.00016179134069271126
Iteration: 805, relative residual: 0.0001617912665713918
Iteration: 806, relative residual: 0.000161790961915434
Iteration: 807, relative residual: 0.0001617905500333949
Iteration: 808, relative residual: 0.0001617905499643865
Iteration: 809, relative residual: 0.00016179021401060541
Iteration: 810, relative residual: 0.0001617892277391638
Iteration: 811, relative residual: 0.0001617883440200265
Iteration: 812, relative residual: 0.00016178834333310888
Iteration: 813, relative residual: 0.00016178791526547166
Iteration: 814, relative residual: 0.00016178746023170245
Iteration: 815, relative residual: 0.00016178688016930902
Iteration: 816, relative residual: 0.00016178664178180148
Iteration: 817, relative residual: 0.00016178663090591014
Iteration: 818, relative residual: 0.00016178607709211714
Iteration: 819, relative residual: 0.00016178290097741845
Iteration: 820, relative residual: 0.00016178193864901938
Iteration: 821, relative residual: 0.00016178170591538558
Iteration: 822, relative residual: 0.00016178017528041511
Iteration: 823, relative residual: 0.00016177958005389012
Iteration: 824, relative residual: 0.00016177956422787872
Iteration: 825, relative residual: 0.0001617766535886926
Iteration: 826, relative residual: 0.00016176658571537912
Iteration: 827, relative residual: 0.00016175883527235887
Iteration: 828, relative residual: 0.0001617587575293168
Iteration: 829, relative residual: 0.00016175071477155783
Iteration: 830, relative residual: 0.0001617252886640474
Iteration: 831, relative residual: 0.00016170165600943584
Iteration: 832, relative residual: 0.0001616650689220299
Iteration: 833, relative residual: 0.00016165167823446118
Iteration: 834, relative residual: 0.0001616418697172061
Iteration: 835, relative residual: 0.00016156129793535806
Iteration: 836, relative residual: 0.00016149399273332845
Iteration: 837, relative residual: 0.00016147454410792394
Iteration: 838, relative residual: 0.0001614744094685894
Iteration: 839, relative residual: 0.0001614720704719755
Iteration: 840, relative residual: 0.00016142991706567745
Iteration: 841, relative residual: 0.0001613164642022326
Iteration: 842, relative residual: 0.00016119161989738655
Iteration: 843, relative residual: 0.0001611178568786306
Iteration: 844, relative residual: 0.00016105990375487434
Iteration: 845, relative residual: 0.00016105965449822706
Iteration: 846, relative residual: 0.00016105234690904228
Iteration: 847, relative residual: 0.00016092583445930373
Iteration: 848, relative residual: 0.00016076560325124935
Iteration: 849, relative residual: 0.0001606356280042368
Iteration: 850, relative residual: 0.00016060489594768874
Iteration: 851, relative residual: 0.00016060448977347477
Iteration: 852, relative residual: 0.00016057852044480144
Iteration: 853, relative residual: 0.00016049769446821864
Iteration: 854, relative residual: 0.00016041575928951287
Iteration: 855, relative residual: 0.0001603818300834433
Iteration: 856, relative residual: 0.00016034418206358007
Iteration: 857, relative residual: 0.00016033810397731845
Iteration: 858, relative residual: 0.00016031481370266964
Iteration: 859, relative residual: 0.00016022937658030742
Iteration: 860, relative residual: 0.00016011421626608148
Iteration: 861, relative residual: 0.00016003903145130375
Iteration: 862, relative residual: 0.00016003044907002663
Iteration: 863, relative residual: 0.00015999841151189447
Iteration: 864, relative residual: 0.00015990357827806617
Iteration: 865, relative residual: 0.0001598271392109335
Iteration: 866, relative residual: 0.0001597074011536358
Iteration: 867, relative residual: 0.0001596119846533969
Iteration: 868, relative residual: 0.00015956364477440373
Iteration: 869, relative residual: 0.0001595631033635266
Iteration: 870, relative residual: 0.00015952896678023007
Iteration: 871, relative residual: 0.00015941577372190666
Iteration: 872, relative residual: 0.0001592316139017951
Iteration: 873, relative residual: 0.00015904301170678784
Iteration: 874, relative residual: 0.00015893997917511851
Iteration: 875, relative residual: 0.00015893470480358573
Iteration: 876, relative residual: 0.00015887389429209534
Iteration: 877, relative residual: 0.00015873900867006144
Iteration: 878, relative residual: 0.00015853339724216183
Iteration: 879, relative residual: 0.00015830957656884405
Iteration: 880, relative residual: 0.00015825087736676504
Iteration: 881, relative residual: 0.0001582464595311308
Iteration: 882, relative residual: 0.00015822605257638362
Iteration: 883, relative residual: 0.00015798282106092564
Iteration: 884, relative residual: 0.0001574413516933006
Iteration: 885, relative residual: 0.00015721443006687895
Iteration: 886, relative residual: 0.00015717836656553076
Iteration: 887, relative residual: 0.000157178246181022
Iteration: 888, relative residual: 0.00015692965585551103
Iteration: 889, relative residual: 0.00015664711809552513
Iteration: 890, relative residual: 0.00015645909452034493
Iteration: 891, relative residual: 0.00015622667177353264
Iteration: 892, relative residual: 0.00015609433584973635
Iteration: 893, relative residual: 0.00015608448124602
Iteration: 894, relative residual: 0.00015599644381583037
Iteration: 895, relative residual: 0.0001556157865927532
Iteration: 896, relative residual: 0.00015513379937685286
Iteration: 897, relative residual: 0.00015480099123706912
Iteration: 898, relative residual: 0.00015476095679812282
Iteration: 899, relative residual: 0.0001547546106786621
Iteration: 900, relative residual: 0.0001547546106786621
Residual: 0.0001547546106786621. Restart...
Iteration: 901, relative residual: 0.00015462148693192693
Iteration: 902, relative residual: 0.00015462146214215643
Iteration: 903, relative residual: 0.0001546211907759508
Iteration: 904, relative residual: 0.0001546210470568536
Iteration: 905, relative residual: 0.0001546205680190475
Iteration: 906, relative residual: 0.00015461989880310935
Iteration: 907, relative residual: 0.00015461973833541127
Iteration: 908, relative residual: 0.0001546187271538611
Iteration: 909, relative residual: 0.00015461660814344858
Iteration: 910, relative residual: 0.00015461114566166914
Iteration: 911, relative residual: 0.00015460686074025216
Iteration: 912, relative residual: 0.00015460639702542963
Iteration: 913, relative residual: 0.000154604747657886
Iteration: 914, relative residual: 0.0001546006973238479
Iteration: 915, relative residual: 0.00015459764353426187
Iteration: 916, relative residual: 0.00015459762260905914
Iteration: 917, relative residual: 0.00015458842254454145
Iteration: 918, relative residual: 0.000154570531339198
Iteration: 919, relative residual: 0.0001545375832403438
Iteration: 920, relative residual: 0.00015453627063788646
Iteration: 921, relative residual: 0.00015452622465485756
Iteration: 922, relative residual: 0.00015451563142159164
Iteration: 923, relative residual: 0.00015451529752056809
Iteration: 924, relative residual: 0.00015450251717031874
Iteration: 925, relative residual: 0.00015443590500728742
Iteration: 926, relative residual: 0.00015437513707130824
Iteration: 927, relative residual: 0.0001543750357171752
Iteration: 928, relative residual: 0.00015432540691312374
Iteration: 929, relative residual: 0.00015419175221734923
Iteration: 930, relative residual: 0.00015403253619094033
Iteration: 931, relative residual: 0.00015395612681321514
Iteration: 932, relative residual: 0.00015395275208492722
Iteration: 933, relative residual: 0.0001539206645245113
Iteration: 934, relative residual: 0.00015383370932975328
Iteration: 935, relative residual: 0.00015367330860056394
Iteration: 936, relative residual: 0.00015364575454805576
Iteration: 937, relative residual: 0.00015364320882687717
Iteration: 938, relative residual: 0.00015364039134260383
Iteration: 939, relative residual: 0.0001535394299614036
Iteration: 940, relative residual: 0.0001532660054259229
Iteration: 941, relative residual: 0.00015306960870209321
Iteration: 942, relative residual: 0.00015283841324172892
Iteration: 943, relative residual: 0.0001527634687282434
Iteration: 944, relative residual: 0.0001527634447334143
Iteration: 945, relative residual: 0.00015271728659019325
Iteration: 946, relative residual: 0.00015257654404753648
Iteration: 947, relative residual: 0.00015241309229094765
Iteration: 948, relative residual: 0.000152304398386816
Iteration: 949, relative residual: 0.0001522372433086829
Iteration: 950, relative residual: 0.00015219561616634387
Iteration: 951, relative residual: 0.0001521883107804123
Iteration: 952, relative residual: 0.0001521882253977937
Iteration: 953, relative residual: 0.00015218545403169738
Iteration: 954, relative residual: 0.00015216302478459755
Iteration: 955, relative residual: 0.00015207364334687707
Iteration: 956, relative residual: 0.00015195890173207635
Iteration: 957, relative residual: 0.00015192491337433561
Iteration: 958, relative residual: 0.00015192171217676668
Iteration: 959, relative residual: 0.00015187988731900218
Iteration: 960, relative residual: 0.00015179692569525116
Iteration: 961, relative residual: 0.00015168469214459768
Iteration: 962, relative residual: 0.00015160019985397424
Iteration: 963, relative residual: 0.00015158183702900638
Iteration: 964, relative residual: 0.00015158175465426052
Iteration: 965, relative residual: 0.000151559646138862
Iteration: 966, relative residual: 0.0001513362243993164
Iteration: 967, relative residual: 0.00015121453400683763
Iteration: 968, relative residual: 0.0001511041951151654
Iteration: 969, relative residual: 0.00015109411709564256
Iteration: 970, relative residual: 0.0001510941044395475
Iteration: 971, relative residual: 0.0001510058655760485
Iteration: 972, relative residual: 0.00015086986462971855
Iteration: 973, relative residual: 0.00015071714997926577
Iteration: 974, relative residual: 0.00015062023163250633
Iteration: 975, relative residual: 0.0001506200375106426
Iteration: 976, relative residual: 0.0001506071984711539
Iteration: 977, relative residual: 0.00015042895323726736
Iteration: 978, relative residual: 0.00015002901267663652
Iteration: 979, relative residual: 0.00014979015581969755
Iteration: 980, relative residual: 0.00014971715469128097
Iteration: 981, relative residual: 0.0001496992443242091
Iteration: 982, relative residual: 0.00014968888890062073
Iteration: 983, relative residual: 0.00014965423736149194
Iteration: 984, relative residual: 0.0001495784818665457
Iteration: 985, relative residual: 0.000149485241117451
Iteration: 986, relative residual: 0.00014938159673445972
Iteration: 987, relative residual: 0.0001493812747304353
Iteration: 988, relative residual: 0.00014937861191725293
Iteration: 989, relative residual: 0.00014926510889685468
Iteration: 990, relative residual: 0.00014913505554543132
Iteration: 991, relative residual: 0.00014896896616040916
Iteration: 992, relative residual: 0.00014887259040248716
Iteration: 993, relative residual: 0.00014887235204010047
Iteration: 994, relative residual: 0.00014887087106210323
Iteration: 995, relative residual: 0.0001488293094451298
Iteration: 996, relative residual: 0.00014867825980788434
Iteration: 997, relative residual: 0.00014857743689348943
Iteration: 998, relative residual: 0.00014840018841710793
Iteration: 999, relative residual: 0.00014829497189054058
Iteration: 1000, relative residual: 0.00014829497189054058
Residual: 0.00014829497189054058. Restart...
Warning!!!!You have reached the maximum number of iterations : 1000.
The run will stop. Check the residual behaviour you might have a bug.For future runs you might consider changing the tolerance or increasing the number of max_iter.
Solve time        : 4756.274057149887s

Calculate Solvation Energy (E_solv)
Calculating solvation energy for region 1, stored in E_solv[0]
6109.390727818203 of 624504 analytical integrals for phi_reac calculation in region 1
Time E_solv: 5.31938910484314s
Region 1: E_solv = -9014.57063093134 kcal/mol = -37716.96351981672 kJ/mol

Calculate Surface Energy (E_surf)
Time E_surf: 0.02058553695678711s

Calculate Coulomb Energy (E_coul)
Calculate Coulomb energy for region 1
Region 1: E_coul = -287613.93203046446 kcal/mol = -1203376.6916154635 kJ/mol
Time E_coul: 33.55054068565369s

------------------------------
Totals:
E_solv = -9014.57063093134 kcal/mol
E_surf = 0 kcal/mol
E_coul = -287613.93203046446 kcal/mol

Time = 4877.153523445129 s
