Run started on:
	Date: 2020/5/25
	Time: 21:30:9
	PyGBe version: 0.3.2+5.gea0f875
Config file: /cobra/u/gvargas/code/hPB/pygbe/pygbe/myCrownFinShots/sarsCov2noACE2/snap5/snap5.config
Parameter file: /cobra/u/gvargas/code/hPB/pygbe/pygbe/myCrownFinShots/sarsCov2noACE2/snap5/snap5.param
Geometry folder: /cobra/u/gvargas/code/hPB/pygbe/pygbe/myCrownFinShots/sarsCov2noACE2/snap5/geometry
Running in: /cobra/u/gvargas/code/hPB/pygbe/pygbe/myCrownFinShots/sarsCov2noACE2/snap5

Reading surface 0 from file geometry/crownVFnoACE2
Time load mesh: 86.82901620864868
Removed areas=0: 238

Total elements : 548670
Total equations: 1097340
----------------------------

1 surfaces:

Surface 0:
	548670 elements
	Surface type         : dielectric_interface
	Cells                : 3849
	Twigs                : 3253
	Levels               : 7
	C0 size              : 100.42279946789128
	C0 box center        : 99.74722197495763, 74.44482548647944, 91.11286252088384
	Twig cell size       : 1.5691062416858013
	Rbox/theta           : 3.1382124833716025
	Analytic distance    : 1.296866507104774
	Elem. per Ang^2      : 4.15641398755649
	Max, min, avg elem.  : 1.2475490144658676, 4.999999999976695e-07, 0.24059201104457092
	Total area           : 132005.61869982473
------------------------------

2 regions:

Region 0:
	Laplace or Yukawa: 2
	kappa            : 0.125
	dielectric const : 80.0
	Number of charges: 0
	Parent surface   : []
	Child surfaces   : [0]
Region 1:
	Laplace or Yukawa: 1
	kappa            : 1e-12
	dielectric const : 4.0
	Number of charges: 51826
	Parent surface   : [0]
	Child surfaces   : []
------------------------------

Parameters:
	Data type               : <class 'numpy.float64'>
	Use GPU                 : 1
	P                       : 4
	threshold               : 0.50
	theta                   : 0.50
	NCRIT                   : 500
	CUDA block size         : 128
	Gauss points per element: 1
	Gauss points near singlr: 25
	1D Gauss points per side: 9
	GMRES tolerance         : 1e-05
	GMRES max iterations    : 1000
	GMRES restart iteration : 100
----------------------------

Generate interaction list
Transfer data to GPU
Generate RHS
List time          : 3.6391451358795166s
Data transfer time : 0.4276907444000244s
RHS generation time: 4.53327202796936s
------------------------------
Total setup time   : 181.96918940544128s
Solve
Iteration: 1, relative residual: 0.7666245250760322
Iteration: 2, relative residual: 0.6196754818234766
Iteration: 3, relative residual: 0.4442008049858581
Iteration: 4, relative residual: 0.3556854304881536
Iteration: 5, relative residual: 0.3227849935152802
Iteration: 6, relative residual: 0.2892221739565959
Iteration: 7, relative residual: 0.2686275301527328
Iteration: 8, relative residual: 0.22236742883428617
Iteration: 9, relative residual: 0.21847073002032677
Iteration: 10, relative residual: 0.20979670253307045
Iteration: 11, relative residual: 0.1928278532422635
Iteration: 12, relative residual: 0.18836765265306193
Iteration: 13, relative residual: 0.16580808068175482
Iteration: 14, relative residual: 0.14990528449431104
Iteration: 15, relative residual: 0.14702786284061325
Iteration: 16, relative residual: 0.1234580846016084
Iteration: 17, relative residual: 0.10673329916717347
Iteration: 18, relative residual: 0.08313690728871616
Iteration: 19, relative residual: 0.06755710464165794
Iteration: 20, relative residual: 0.0654365422424381
Iteration: 21, relative residual: 0.0590460178890056
Iteration: 22, relative residual: 0.0532437025978461
Iteration: 23, relative residual: 0.042410960080688495
Iteration: 24, relative residual: 0.0359333622562413
Iteration: 25, relative residual: 0.030984082635471793
Iteration: 26, relative residual: 0.029707744187012254
Iteration: 27, relative residual: 0.029505428790324806
Iteration: 28, relative residual: 0.02807616915091524
Iteration: 29, relative residual: 0.02495562190856101
Iteration: 30, relative residual: 0.02192200148135051
Iteration: 31, relative residual: 0.019699383089990766
Iteration: 32, relative residual: 0.0192009484339219
Iteration: 33, relative residual: 0.019041800516297742
Iteration: 34, relative residual: 0.01766658231592979
Iteration: 35, relative residual: 0.016319491206174326
Iteration: 36, relative residual: 0.013783401854784064
Iteration: 37, relative residual: 0.01239086552033128
Iteration: 38, relative residual: 0.010714153637527965
Iteration: 39, relative residual: 0.009721743075766278
Iteration: 40, relative residual: 0.008626068356050414
Iteration: 41, relative residual: 0.008093850413157811
Iteration: 42, relative residual: 0.007399029260438695
Iteration: 43, relative residual: 0.0070897515849165605
Iteration: 44, relative residual: 0.0067698729060304795
Iteration: 45, relative residual: 0.006640783963857977
Iteration: 46, relative residual: 0.0065991549766455885
Iteration: 47, relative residual: 0.006576190326799234
Iteration: 48, relative residual: 0.006498616285615214
Iteration: 49, relative residual: 0.0064032307614907075
Iteration: 50, relative residual: 0.006346341918673903
Iteration: 51, relative residual: 0.0061904527068068135
Iteration: 52, relative residual: 0.005946945753654724
Iteration: 53, relative residual: 0.005476340494561284
Iteration: 54, relative residual: 0.005247105130612977
Iteration: 55, relative residual: 0.005244203922349038
Iteration: 56, relative residual: 0.005071702109813504
Iteration: 57, relative residual: 0.0047178930828508
Iteration: 58, relative residual: 0.004653436951839849
Iteration: 59, relative residual: 0.00464806636665789
Iteration: 60, relative residual: 0.0045164214993878155
Iteration: 61, relative residual: 0.004299930874723369
Iteration: 62, relative residual: 0.0040089029408124305
Iteration: 63, relative residual: 0.003989768922153273
Iteration: 64, relative residual: 0.003966418043362488
Iteration: 65, relative residual: 0.003813561192538117
Iteration: 66, relative residual: 0.003668792985312792
Iteration: 67, relative residual: 0.003571865782445343
Iteration: 68, relative residual: 0.003530899466914424
Iteration: 69, relative residual: 0.0035245361566353353
Iteration: 70, relative residual: 0.003447611603118932
Iteration: 71, relative residual: 0.003403772380470463
Iteration: 72, relative residual: 0.0034034941776714175
Iteration: 73, relative residual: 0.0033608752350995064
Iteration: 74, relative residual: 0.0032241977461753275
Iteration: 75, relative residual: 0.003114391924214704
Iteration: 76, relative residual: 0.0031067203985486063
Iteration: 77, relative residual: 0.003058400385718239
Iteration: 78, relative residual: 0.002980674806033717
Iteration: 79, relative residual: 0.002931024958581216
Iteration: 80, relative residual: 0.002919566114899969
Iteration: 81, relative residual: 0.0028539998605043825
Iteration: 82, relative residual: 0.002686324433782038
Iteration: 83, relative residual: 0.002545280514173759
Iteration: 84, relative residual: 0.002485071080439379
Iteration: 85, relative residual: 0.0024850709959519557
Iteration: 86, relative residual: 0.002457426598405014
Iteration: 87, relative residual: 0.002320822130652595
Iteration: 88, relative residual: 0.002181523830980873
Iteration: 89, relative residual: 0.0021660485102488057
Iteration: 90, relative residual: 0.0021413251696799003
Iteration: 91, relative residual: 0.0020445619580411463
Iteration: 92, relative residual: 0.001988613051175147
Iteration: 93, relative residual: 0.0019862853716029892
Iteration: 94, relative residual: 0.00194476746917441
Iteration: 95, relative residual: 0.0018605393443562595
Iteration: 96, relative residual: 0.0018044723072691844
Iteration: 97, relative residual: 0.0018020450396906773
Iteration: 98, relative residual: 0.0018019905758834484
Iteration: 99, relative residual: 0.0017602746517809994
Iteration: 100, relative residual: 0.0017602746517809994
Residual: 0.0017602746517809994. Restart...
Iteration: 101, relative residual: 0.0016806196264364012
Iteration: 102, relative residual: 0.0016806081346042551
Iteration: 103, relative residual: 0.0016805815183831118
Iteration: 104, relative residual: 0.0016804649069279741
Iteration: 105, relative residual: 0.0016802575938048851
Iteration: 106, relative residual: 0.0016800830760305247
Iteration: 107, relative residual: 0.0016794243649724378
Iteration: 108, relative residual: 0.0016790669647187817
Iteration: 109, relative residual: 0.0016784728126562317
Iteration: 110, relative residual: 0.001678263014309386
Iteration: 111, relative residual: 0.0016777543176931663
Iteration: 112, relative residual: 0.0016768786303061904
Iteration: 113, relative residual: 0.0016756025252224328
Iteration: 114, relative residual: 0.0016756003144928595
Iteration: 115, relative residual: 0.0016753121901963177
Iteration: 116, relative residual: 0.0016744842602100043
Iteration: 117, relative residual: 0.0016743021522351467
Iteration: 118, relative residual: 0.0016742999534636934
Iteration: 119, relative residual: 0.0016742963660375376
Iteration: 120, relative residual: 0.0016738764537447008
Iteration: 121, relative residual: 0.001672379252822363
Iteration: 122, relative residual: 0.0016700139626277444
Iteration: 123, relative residual: 0.0016642356872271702
Iteration: 124, relative residual: 0.0016616959143311808
Iteration: 125, relative residual: 0.0016613420920597042
Iteration: 126, relative residual: 0.0016613007548174506
Iteration: 127, relative residual: 0.001661263931331796
Iteration: 128, relative residual: 0.0016605391882762673
Iteration: 129, relative residual: 0.0016572418949336472
Iteration: 130, relative residual: 0.001652046206953992
Iteration: 131, relative residual: 0.0016516968857621561
Iteration: 132, relative residual: 0.0016508766121487504
Iteration: 133, relative residual: 0.0016490375530754631
Iteration: 134, relative residual: 0.0016481370234800773
Iteration: 135, relative residual: 0.0016475362560028914
Iteration: 136, relative residual: 0.0016467624204586147
Iteration: 137, relative residual: 0.0016453887377002182
Iteration: 138, relative residual: 0.0016253834827024782
Iteration: 139, relative residual: 0.0016186386921762743
Iteration: 140, relative residual: 0.001614860196764474
Iteration: 141, relative residual: 0.0016131178760637808
Iteration: 142, relative residual: 0.0016125601745542724
Iteration: 143, relative residual: 0.0016039272987281399
Iteration: 144, relative residual: 0.0015917835815658819
Iteration: 145, relative residual: 0.0015893462255031662
Iteration: 146, relative residual: 0.0015890579879915083
Iteration: 147, relative residual: 0.0015877280152881328
Iteration: 148, relative residual: 0.0015755873110558198
Iteration: 149, relative residual: 0.0015573986039079807
Iteration: 150, relative residual: 0.0015438554173303994
Iteration: 151, relative residual: 0.001543743939968309
Iteration: 152, relative residual: 0.0015370008372411308
Iteration: 153, relative residual: 0.0015320237692467622
Iteration: 154, relative residual: 0.0015171542943837066
Iteration: 155, relative residual: 0.001515090663994265
Iteration: 156, relative residual: 0.0015046280472321924
Iteration: 157, relative residual: 0.0014849395788671756
Iteration: 158, relative residual: 0.0014796022496116649
Iteration: 159, relative residual: 0.0014735802137132185
Iteration: 160, relative residual: 0.0014734760570249328
Iteration: 161, relative residual: 0.0014590512176626737
Iteration: 162, relative residual: 0.0014471730956375276
Iteration: 163, relative residual: 0.0014417380568733256
Iteration: 164, relative residual: 0.0014411902599802144
Iteration: 165, relative residual: 0.0014266997978767816
Iteration: 166, relative residual: 0.0014071555432383885
Iteration: 167, relative residual: 0.001403250938713208
Iteration: 168, relative residual: 0.001402101369718912
Iteration: 169, relative residual: 0.0013883450843431276
Iteration: 170, relative residual: 0.0013722227872619895
Iteration: 171, relative residual: 0.0013555386511249115
Iteration: 172, relative residual: 0.001352711687816328
Iteration: 173, relative residual: 0.0013479948177508461
Iteration: 174, relative residual: 0.0013307367898498241
Iteration: 175, relative residual: 0.0013155064059995633
Iteration: 176, relative residual: 0.0013102835670678714
Iteration: 177, relative residual: 0.001310056167213063
Iteration: 178, relative residual: 0.001290583187470141
Iteration: 179, relative residual: 0.0012728920493843435
Iteration: 180, relative residual: 0.0012601226795435345
Iteration: 181, relative residual: 0.0012514966793222945
Iteration: 182, relative residual: 0.0012510739804159681
Iteration: 183, relative residual: 0.0012493339658438557
Iteration: 184, relative residual: 0.0012425480432450163
Iteration: 185, relative residual: 0.0012357262676182834
Iteration: 186, relative residual: 0.0012357201096414056
Iteration: 187, relative residual: 0.001218817618811242
Iteration: 188, relative residual: 0.0012068145517356039
Iteration: 189, relative residual: 0.0012026401149406564
Iteration: 190, relative residual: 0.0012001705225017836
Iteration: 191, relative residual: 0.0011884163593004636
Iteration: 192, relative residual: 0.0011715567328798658
Iteration: 193, relative residual: 0.0011603335621641268
Iteration: 194, relative residual: 0.0011591496854191754
Iteration: 195, relative residual: 0.001158999338561633
Iteration: 196, relative residual: 0.0011555775152969523
Iteration: 197, relative residual: 0.0011319333851221712
Iteration: 198, relative residual: 0.001127007026532028
Iteration: 199, relative residual: 0.0011268696531291952
Iteration: 200, relative residual: 0.0011268696531291952
Residual: 0.0011268696531291952. Restart...
Iteration: 201, relative residual: 0.001118445562548766
Iteration: 202, relative residual: 0.0011184296160923967
Iteration: 203, relative residual: 0.0011184293860750172
Iteration: 204, relative residual: 0.001118425060995982
Iteration: 205, relative residual: 0.001118424912572584
Iteration: 206, relative residual: 0.0011183399213726512
Iteration: 207, relative residual: 0.00111832021003635
Iteration: 208, relative residual: 0.0011182716932262296
Iteration: 209, relative residual: 0.0011182444854031762
Iteration: 210, relative residual: 0.001118242259792638
Iteration: 211, relative residual: 0.0011182259743166931
Iteration: 212, relative residual: 0.0011180621303734989
Iteration: 213, relative residual: 0.0011178922781101529
Iteration: 214, relative residual: 0.00111784795541051
Iteration: 215, relative residual: 0.0011178388225696388
Iteration: 216, relative residual: 0.0011178200036737968
Iteration: 217, relative residual: 0.0011171628466928498
Iteration: 218, relative residual: 0.0011156070076188168
Iteration: 219, relative residual: 0.0011119578668891382
Iteration: 220, relative residual: 0.0011101839795900088
Iteration: 221, relative residual: 0.001110130969208117
Iteration: 222, relative residual: 0.0011085003720363279
Iteration: 223, relative residual: 0.0011051518186730783
Iteration: 224, relative residual: 0.0011034810006426044
Iteration: 225, relative residual: 0.0011034788074804178
Iteration: 226, relative residual: 0.0011017660971847241
Iteration: 227, relative residual: 0.0010998186974376719
Iteration: 228, relative residual: 0.0010976130201744538
Iteration: 229, relative residual: 0.001097153302467723
Iteration: 230, relative residual: 0.0010967399319861445
Iteration: 231, relative residual: 0.001095284142021576
Iteration: 232, relative residual: 0.0010915756776255536
Iteration: 233, relative residual: 0.0010901862339316468
Iteration: 234, relative residual: 0.0010901168740173682
Iteration: 235, relative residual: 0.0010893633800657298
Iteration: 236, relative residual: 0.0010867888518797625
Iteration: 237, relative residual: 0.001083501965892026
Iteration: 238, relative residual: 0.0010817349952539099
Iteration: 239, relative residual: 0.0010804565865750132
Iteration: 240, relative residual: 0.0010802358478378407
Iteration: 241, relative residual: 0.001078702379347399
Iteration: 242, relative residual: 0.0010762951221506224
Iteration: 243, relative residual: 0.0010756129663859791
Iteration: 244, relative residual: 0.0010756015865415387
Iteration: 245, relative residual: 0.0010732005299353637
Iteration: 246, relative residual: 0.0010697886439339983
Iteration: 247, relative residual: 0.0010645156656781463
Iteration: 248, relative residual: 0.0010612921325764857
Iteration: 249, relative residual: 0.0010612786845735993
Iteration: 250, relative residual: 0.0010559899376818063
Iteration: 251, relative residual: 0.0010501658236878764
Iteration: 252, relative residual: 0.0010473761320424662
Iteration: 253, relative residual: 0.001046902566956947
Iteration: 254, relative residual: 0.0010384104363794805
Iteration: 255, relative residual: 0.001031870207023097
Iteration: 256, relative residual: 0.0010304360505636993
Iteration: 257, relative residual: 0.001030394102129655
Iteration: 258, relative residual: 0.0010281539131594736
Iteration: 259, relative residual: 0.0010234212381567053
Iteration: 260, relative residual: 0.0010190281080773203
Iteration: 261, relative residual: 0.001019026871194126
Iteration: 262, relative residual: 0.0010176462292848718
Iteration: 263, relative residual: 0.00101384750755906
Iteration: 264, relative residual: 0.001011913604525813
Iteration: 265, relative residual: 0.0010115719739551131
Iteration: 266, relative residual: 0.0010064766258821246
Iteration: 267, relative residual: 0.0009980144418744162
Iteration: 268, relative residual: 0.0009897414877195084
Iteration: 269, relative residual: 0.0009890671245814885
Iteration: 270, relative residual: 0.000986979111476421
Iteration: 271, relative residual: 0.000975601833041915
Iteration: 272, relative residual: 0.0009660253246798683
Iteration: 273, relative residual: 0.0009642856100257488
Iteration: 274, relative residual: 0.0009642704673868487
Iteration: 275, relative residual: 0.0009574694220274032
Iteration: 276, relative residual: 0.000942412414286271
Iteration: 277, relative residual: 0.0009390641189884276
Iteration: 278, relative residual: 0.0009390271646284925
Iteration: 279, relative residual: 0.0009378956911654475
Iteration: 280, relative residual: 0.0009324752262516836
Iteration: 281, relative residual: 0.0009293114720003434
Iteration: 282, relative residual: 0.0009287331326101403
Iteration: 283, relative residual: 0.0009208600859153634
Iteration: 284, relative residual: 0.0009137057889240225
Iteration: 285, relative residual: 0.000910011217568642
Iteration: 286, relative residual: 0.0009097629002759654
Iteration: 287, relative residual: 0.0009074198559518091
Iteration: 288, relative residual: 0.000901623664095005
Iteration: 289, relative residual: 0.0008960845111167537
Iteration: 290, relative residual: 0.0008953545232220155
Iteration: 291, relative residual: 0.000895206491079832
Iteration: 292, relative residual: 0.0008900860367269606
Iteration: 293, relative residual: 0.0008858496897594491
Iteration: 294, relative residual: 0.0008812984098026761
Iteration: 295, relative residual: 0.0008797566946198948
Iteration: 296, relative residual: 0.0008796816081325625
Iteration: 297, relative residual: 0.000878070452347704
Iteration: 298, relative residual: 0.0008727772194902059
Iteration: 299, relative residual: 0.000870279364389217
Iteration: 300, relative residual: 0.000870279364389217
Residual: 0.000870279364389217. Restart...
Iteration: 301, relative residual: 0.0008688872516685848
Iteration: 302, relative residual: 0.0008688872418986714
Iteration: 303, relative residual: 0.000868887240836367
Iteration: 304, relative residual: 0.0008688872210004971
Iteration: 305, relative residual: 0.0008688872162968885
Iteration: 306, relative residual: 0.0008688872048200118
Iteration: 307, relative residual: 0.0008688871797680389
Iteration: 308, relative residual: 0.0008688871797346234
Iteration: 309, relative residual: 0.0008688869592117808
Iteration: 310, relative residual: 0.0008688864811907286
Iteration: 311, relative residual: 0.000868886361553834
Iteration: 312, relative residual: 0.0008688852014167781
Iteration: 313, relative residual: 0.000868865802777584
Iteration: 314, relative residual: 0.0008688083277170605
Iteration: 315, relative residual: 0.0008686693103582449
Iteration: 316, relative residual: 0.000868509813900244
Iteration: 317, relative residual: 0.000868442396703509
Iteration: 318, relative residual: 0.0008684357550420497
Iteration: 319, relative residual: 0.0008683672739047398
Iteration: 320, relative residual: 0.0008680654445994664
Iteration: 321, relative residual: 0.0008675751105178326
Iteration: 322, relative residual: 0.0008673803470553266
Iteration: 323, relative residual: 0.000867374823951503
Iteration: 324, relative residual: 0.0008671774467670165
Iteration: 325, relative residual: 0.0008665865880237023
Iteration: 326, relative residual: 0.0008660242670227064
Iteration: 327, relative residual: 0.0008652977106141464
Iteration: 328, relative residual: 0.0008645920895618279
Iteration: 329, relative residual: 0.0008643787451567755
Iteration: 330, relative residual: 0.0008643754317630135
Iteration: 331, relative residual: 0.0008642518841005831
Iteration: 332, relative residual: 0.0008636861170417821
Iteration: 333, relative residual: 0.0008631225315160926
Iteration: 334, relative residual: 0.0008628230324994294
Iteration: 335, relative residual: 0.0008627224661170972
Iteration: 336, relative residual: 0.0008620652406180528
Iteration: 337, relative residual: 0.0008614721554640979
Iteration: 338, relative residual: 0.0008609988317147195
Iteration: 339, relative residual: 0.000860971649443106
Iteration: 340, relative residual: 0.000860395834109189
Iteration: 341, relative residual: 0.000859482294451838
Iteration: 342, relative residual: 0.0008590619720191213
Iteration: 343, relative residual: 0.0008590510264485847
Iteration: 344, relative residual: 0.0008579856080975783
Iteration: 345, relative residual: 0.0008550850744912615
Iteration: 346, relative residual: 0.0008531352970454323
Iteration: 347, relative residual: 0.0008529496825885195
Iteration: 348, relative residual: 0.0008525542351627724
Iteration: 349, relative residual: 0.0008506780173781997
Iteration: 350, relative residual: 0.0008493323871017906
Iteration: 351, relative residual: 0.0008490515661100111
Iteration: 352, relative residual: 0.0008489923255583306
Iteration: 353, relative residual: 0.0008474730465722653
Iteration: 354, relative residual: 0.000844787607482905
Iteration: 355, relative residual: 0.0008423107774374009
Iteration: 356, relative residual: 0.0008422519592317246
Iteration: 357, relative residual: 0.0008411038467992525
Iteration: 358, relative residual: 0.0008366808067169296
Iteration: 359, relative residual: 0.0008349345594871392
Iteration: 360, relative residual: 0.0008347828985878866
Iteration: 361, relative residual: 0.000833617469924996
Iteration: 362, relative residual: 0.0008292789263646866
Iteration: 363, relative residual: 0.0008279058064313005
Iteration: 364, relative residual: 0.0008278097350466315
Iteration: 365, relative residual: 0.0008259781813245818
Iteration: 366, relative residual: 0.0008242776045343851
Iteration: 367, relative residual: 0.0008225328201683339
Iteration: 368, relative residual: 0.0008225228822943235
Iteration: 369, relative residual: 0.0008209242531467413
Iteration: 370, relative residual: 0.0008174577116010865
Iteration: 371, relative residual: 0.0008141667866035261
Iteration: 372, relative residual: 0.0008125749423963326
Iteration: 373, relative residual: 0.0008125656243455419
Iteration: 374, relative residual: 0.0008111883738132538
Iteration: 375, relative residual: 0.0008044217059060591
Iteration: 376, relative residual: 0.0008015876642450325
Iteration: 377, relative residual: 0.0008015819430054596
Iteration: 378, relative residual: 0.0007987418145646615
Iteration: 379, relative residual: 0.0007957356448313998
Iteration: 380, relative residual: 0.0007955368524308034
Iteration: 381, relative residual: 0.0007920609468238307
Iteration: 382, relative residual: 0.0007869596578107264
Iteration: 383, relative residual: 0.0007787405633149661
Iteration: 384, relative residual: 0.000773969425856702
Iteration: 385, relative residual: 0.0007734990097438951
Iteration: 386, relative residual: 0.0007733780935705018
Iteration: 387, relative residual: 0.0007707855923390457
Iteration: 388, relative residual: 0.0007683300837231689
Iteration: 389, relative residual: 0.0007640501988097625
Iteration: 390, relative residual: 0.0007637115735591293
Iteration: 391, relative residual: 0.0007630945220799776
Iteration: 392, relative residual: 0.0007618587523551473
Iteration: 393, relative residual: 0.0007586946045146602
Iteration: 394, relative residual: 0.0007564649323760703
Iteration: 395, relative residual: 0.0007563810072858011
Iteration: 396, relative residual: 0.0007547186021679584
Iteration: 397, relative residual: 0.0007521019235704338
Iteration: 398, relative residual: 0.0007492699377841036
Iteration: 399, relative residual: 0.0007483634653897528
Iteration: 400, relative residual: 0.0007483634653897528
Residual: 0.0007483634653897528. Restart...
Iteration: 401, relative residual: 0.0007477213000063141
Iteration: 402, relative residual: 0.0007477205964384703
Iteration: 403, relative residual: 0.000747720297645768
Iteration: 404, relative residual: 0.0007477201199113715
Iteration: 405, relative residual: 0.0007477197554786926
Iteration: 406, relative residual: 0.0007477183269580562
Iteration: 407, relative residual: 0.0007477102108747873
Iteration: 408, relative residual: 0.0007477068701369589
Iteration: 409, relative residual: 0.0007477034731509962
Iteration: 410, relative residual: 0.0007476960270973439
Iteration: 411, relative residual: 0.0007476925554359794
Iteration: 412, relative residual: 0.0007476925355964542
Iteration: 413, relative residual: 0.0007476902690493135
Iteration: 414, relative residual: 0.0007476676563565281
Iteration: 415, relative residual: 0.0007475825741353542
Iteration: 416, relative residual: 0.0007474517041981007
Iteration: 417, relative residual: 0.0007473887561673068
Iteration: 418, relative residual: 0.0007473842728872192
Iteration: 419, relative residual: 0.0007473828833653559
Iteration: 420, relative residual: 0.0007472910981710563
Iteration: 421, relative residual: 0.0007470450195659342
Iteration: 422, relative residual: 0.0007467968211958832
Iteration: 423, relative residual: 0.000746782434035271
Iteration: 424, relative residual: 0.0007467024894163208
Iteration: 425, relative residual: 0.0007461764791138493
Iteration: 426, relative residual: 0.0007453567382030359
Iteration: 427, relative residual: 0.0007444003375550585
Iteration: 428, relative residual: 0.0007435386893180295
Iteration: 429, relative residual: 0.0007434190957647629
Iteration: 430, relative residual: 0.0007434180342734267
Iteration: 431, relative residual: 0.0007429506077861668
Iteration: 432, relative residual: 0.0007417010739789451
Iteration: 433, relative residual: 0.0007392422687466794
Iteration: 434, relative residual: 0.0007384437055072652
Iteration: 435, relative residual: 0.0007384369241497818
Iteration: 436, relative residual: 0.0007378230275402304
Iteration: 437, relative residual: 0.0007370459592640889
Iteration: 438, relative residual: 0.0007364052562338185
Iteration: 439, relative residual: 0.0007362228589086706
Iteration: 440, relative residual: 0.0007349429122638778
Iteration: 441, relative residual: 0.0007337481968330269
Iteration: 442, relative residual: 0.0007336196515802204
Iteration: 443, relative residual: 0.0007329809552060358
Iteration: 444, relative residual: 0.0007320572280641892
Iteration: 445, relative residual: 0.0007298509493143174
Iteration: 446, relative residual: 0.0007279254306494406
Iteration: 447, relative residual: 0.0007274853171155889
Iteration: 448, relative residual: 0.0007272256457945664
Iteration: 449, relative residual: 0.0007261952398113367
Iteration: 450, relative residual: 0.0007242874480949444
Iteration: 451, relative residual: 0.0007241014585132649
Iteration: 452, relative residual: 0.0007240949932336056
Iteration: 453, relative residual: 0.0007225797497746403
Iteration: 454, relative residual: 0.000719212605877936
Iteration: 455, relative residual: 0.0007170285724150876
Iteration: 456, relative residual: 0.0007168167798478672
Iteration: 457, relative residual: 0.000716195649849482
Iteration: 458, relative residual: 0.0007144647318028488
Iteration: 459, relative residual: 0.0007124835359049705
Iteration: 460, relative residual: 0.0007116001061422456
Iteration: 461, relative residual: 0.0007115485123454837
Iteration: 462, relative residual: 0.0007104170680051555
Iteration: 463, relative residual: 0.0007090749433478373
Iteration: 464, relative residual: 0.000708933342672289
Iteration: 465, relative residual: 0.0007088186371905896
Iteration: 466, relative residual: 0.000707709669486762
Iteration: 467, relative residual: 0.000704293286524152
Iteration: 468, relative residual: 0.0007032475633968385
Iteration: 469, relative residual: 0.0007031549301910966
Iteration: 470, relative residual: 0.0007027144645780138
Iteration: 471, relative residual: 0.0007005540702367575
Iteration: 472, relative residual: 0.0006982640591970608
Iteration: 473, relative residual: 0.0006982531632815093
Iteration: 474, relative residual: 0.0006971481899038928
Iteration: 475, relative residual: 0.000694864372966522
Iteration: 476, relative residual: 0.0006944877188234747
Iteration: 477, relative residual: 0.0006941914999067521
Iteration: 478, relative residual: 0.0006930148463662428
Iteration: 479, relative residual: 0.0006925337786826606
Iteration: 480, relative residual: 0.0006922515292628525
Iteration: 481, relative residual: 0.0006919214834371339
Iteration: 482, relative residual: 0.0006901512810228682
Iteration: 483, relative residual: 0.0006885998836128846
Iteration: 484, relative residual: 0.0006869111612048782
Iteration: 485, relative residual: 0.0006865055605166218
Iteration: 486, relative residual: 0.0006865009706466461
Iteration: 487, relative residual: 0.0006860572342390485
Iteration: 488, relative residual: 0.0006852498884328516
Iteration: 489, relative residual: 0.0006842158570307983
Iteration: 490, relative residual: 0.000683556847349554
Iteration: 491, relative residual: 0.000683554688618548
Iteration: 492, relative residual: 0.0006830368404788217
Iteration: 493, relative residual: 0.0006824996682146827
Iteration: 494, relative residual: 0.0006804070211247697
Iteration: 495, relative residual: 0.0006803158886523466
Iteration: 496, relative residual: 0.0006802678162230305
Iteration: 497, relative residual: 0.0006798458252162534
Iteration: 498, relative residual: 0.0006795085515669653
Iteration: 499, relative residual: 0.0006789270651919
Iteration: 500, relative residual: 0.0006789270651919
Residual: 0.0006789270651919. Restart...
Iteration: 501, relative residual: 0.0006788683481794109
Iteration: 502, relative residual: 0.0006788683469217477
Iteration: 503, relative residual: 0.0006788683469207724
Iteration: 504, relative residual: 0.0006788683455402929
Iteration: 505, relative residual: 0.0006788683424299124
Iteration: 506, relative residual: 0.000678868338277895
Iteration: 507, relative residual: 0.000678868281539
Iteration: 508, relative residual: 0.0006788681771720947
Iteration: 509, relative residual: 0.0006788679408347585
Iteration: 510, relative residual: 0.0006788674788064694
Iteration: 511, relative residual: 0.0006788674407660692
Iteration: 512, relative residual: 0.000678867201280042
Iteration: 513, relative residual: 0.0006788628214944129
Iteration: 514, relative residual: 0.0006788539725945486
Iteration: 515, relative residual: 0.000678838905715848
Iteration: 516, relative residual: 0.00067882899742891
Iteration: 517, relative residual: 0.0006788250768902963
Iteration: 518, relative residual: 0.0006788250766476006
Iteration: 519, relative residual: 0.0006788185692905643
Iteration: 520, relative residual: 0.0006787966630129777
Iteration: 521, relative residual: 0.0006787464240677527
Iteration: 522, relative residual: 0.0006786767590752506
Iteration: 523, relative residual: 0.0006786530271169567
Iteration: 524, relative residual: 0.0006786527058621931
Iteration: 525, relative residual: 0.000678617232122973
Iteration: 526, relative residual: 0.0006785233856746492
Iteration: 527, relative residual: 0.0006783908263745932
Iteration: 528, relative residual: 0.0006782156323892338
Iteration: 529, relative residual: 0.000678168824274214
Iteration: 530, relative residual: 0.0006781645945875808
Iteration: 531, relative residual: 0.0006781168379789328
Iteration: 532, relative residual: 0.0006779691289424659
Iteration: 533, relative residual: 0.0006777232710531513
Iteration: 534, relative residual: 0.0006776765048146755
Iteration: 535, relative residual: 0.0006776171094514791
Iteration: 536, relative residual: 0.0006774017575240611
Iteration: 537, relative residual: 0.0006771386058653827
Iteration: 538, relative residual: 0.000676800711445556
Iteration: 539, relative residual: 0.0006767577856761926
Iteration: 540, relative residual: 0.0006765106141777969
Iteration: 541, relative residual: 0.0006757075334713617
Iteration: 542, relative residual: 0.0006752918105137063
Iteration: 543, relative residual: 0.0006752620285844618
Iteration: 544, relative residual: 0.0006750758031993803
Iteration: 545, relative residual: 0.0006739396594852877
Iteration: 546, relative residual: 0.0006729562896262175
Iteration: 547, relative residual: 0.0006729201289209407
Iteration: 548, relative residual: 0.0006723036737434434
Iteration: 549, relative residual: 0.0006711280381829509
Iteration: 550, relative residual: 0.0006700315915615847
Iteration: 551, relative residual: 0.000669927584660967
Iteration: 552, relative residual: 0.0006697635487670568
Iteration: 553, relative residual: 0.0006687661223988376
Iteration: 554, relative residual: 0.0006672459850921843
Iteration: 555, relative residual: 0.0006666032526668105
Iteration: 556, relative residual: 0.0006665127167442162
Iteration: 557, relative residual: 0.0006664313109636864
Iteration: 558, relative residual: 0.0006658639558069897
Iteration: 559, relative residual: 0.0006646312955979797
Iteration: 560, relative residual: 0.000664317378142621
Iteration: 561, relative residual: 0.0006641762934499791
Iteration: 562, relative residual: 0.000663215401098774
Iteration: 563, relative residual: 0.0006619544025087745
Iteration: 564, relative residual: 0.0006618727796927902
Iteration: 565, relative residual: 0.0006616285384807627
Iteration: 566, relative residual: 0.0006607326276690553
Iteration: 567, relative residual: 0.0006588352198380594
Iteration: 568, relative residual: 0.000658343908209143
Iteration: 569, relative residual: 0.0006582427575059366
Iteration: 570, relative residual: 0.0006571751976757296
Iteration: 571, relative residual: 0.0006558499656497805
Iteration: 572, relative residual: 0.0006545152780163554
Iteration: 573, relative residual: 0.0006544699659044084
Iteration: 574, relative residual: 0.0006539065296375327
Iteration: 575, relative residual: 0.0006529569535990149
Iteration: 576, relative residual: 0.0006525855850537593
Iteration: 577, relative residual: 0.0006523931743745629
Iteration: 578, relative residual: 0.0006508150485280737
Iteration: 579, relative residual: 0.0006497610381261904
Iteration: 580, relative residual: 0.0006486408414432355
Iteration: 581, relative residual: 0.0006483000917517729
Iteration: 582, relative residual: 0.0006482040603278423
Iteration: 583, relative residual: 0.0006471684804061503
Iteration: 584, relative residual: 0.000645684909975612
Iteration: 585, relative residual: 0.0006440651560837711
Iteration: 586, relative residual: 0.0006435402281665913
Iteration: 587, relative residual: 0.0006435219654038239
Iteration: 588, relative residual: 0.0006429368770165897
Iteration: 589, relative residual: 0.0006415383012391423
Iteration: 590, relative residual: 0.0006403759049865694
Iteration: 591, relative residual: 0.0006400907367210457
Iteration: 592, relative residual: 0.0006400796942009687
Iteration: 593, relative residual: 0.0006394442813819047
Iteration: 594, relative residual: 0.0006381643728554432
Iteration: 595, relative residual: 0.000636127349016492
Iteration: 596, relative residual: 0.0006352985620731815
Iteration: 597, relative residual: 0.0006350088467007693
Iteration: 598, relative residual: 0.0006325502002308154
Iteration: 599, relative residual: 0.0006312614497422214
Iteration: 600, relative residual: 0.0006312614497422214
Residual: 0.0006312614497422214. Restart...
Iteration: 601, relative residual: 0.000630302815983565
Iteration: 602, relative residual: 0.0006303027984690628
Iteration: 603, relative residual: 0.0006303027869002438
Iteration: 604, relative residual: 0.0006303027403922537
Iteration: 605, relative residual: 0.0006303026919222736
Iteration: 606, relative residual: 0.0006303026061798553
Iteration: 607, relative residual: 0.0006303007617925004
Iteration: 608, relative residual: 0.000630299249884226
Iteration: 609, relative residual: 0.0006302957178221699
Iteration: 610, relative residual: 0.0006302954143913609
Iteration: 611, relative residual: 0.0006302943445195053
Iteration: 612, relative residual: 0.000630280599920051
Iteration: 613, relative residual: 0.0006301563269117064
Iteration: 614, relative residual: 0.0006299940817770396
Iteration: 615, relative residual: 0.0006297470874289063
Iteration: 616, relative residual: 0.0006295468322019289
Iteration: 617, relative residual: 0.0006294240083305169
Iteration: 618, relative residual: 0.000629422115786916
Iteration: 619, relative residual: 0.000629344614879042
Iteration: 620, relative residual: 0.000628958371245369
Iteration: 621, relative residual: 0.0006283903539937072
Iteration: 622, relative residual: 0.0006277178838376144
Iteration: 623, relative residual: 0.0006275143759713271
Iteration: 624, relative residual: 0.0006274611608216775
Iteration: 625, relative residual: 0.0006274437060328114
Iteration: 626, relative residual: 0.0006272256209457895
Iteration: 627, relative residual: 0.0006269058747425817
Iteration: 628, relative residual: 0.0006267414541268478
Iteration: 629, relative residual: 0.0006266970809650857
Iteration: 630, relative residual: 0.0006263960350360435
Iteration: 631, relative residual: 0.000625543314579764
Iteration: 632, relative residual: 0.000624839843479339
Iteration: 633, relative residual: 0.0006245629899015266
Iteration: 634, relative residual: 0.0006245256030887892
Iteration: 635, relative residual: 0.000623865482790615
Iteration: 636, relative residual: 0.0006235556451629752
Iteration: 637, relative residual: 0.0006234957501769793
Iteration: 638, relative residual: 0.000623488566844856
Iteration: 639, relative residual: 0.0006230297563055655
Iteration: 640, relative residual: 0.0006225319825539367
Iteration: 641, relative residual: 0.0006225009625792564
Iteration: 642, relative residual: 0.0006224740824701326
Iteration: 643, relative residual: 0.0006220878036678537
Iteration: 644, relative residual: 0.0006214382565891332
Iteration: 645, relative residual: 0.0006202563652960307
Iteration: 646, relative residual: 0.000619824341893547
Iteration: 647, relative residual: 0.0006198221321804974
Iteration: 648, relative residual: 0.0006194033416731356
Iteration: 649, relative residual: 0.0006188804268372709
Iteration: 650, relative residual: 0.0006186435842253826
Iteration: 651, relative residual: 0.000618607625370343
Iteration: 652, relative residual: 0.0006181511764252128
Iteration: 653, relative residual: 0.0006174318530221822
Iteration: 654, relative residual: 0.0006163444415497812
Iteration: 655, relative residual: 0.0006160947836039443
Iteration: 656, relative residual: 0.000616073756533358
Iteration: 657, relative residual: 0.0006154562799103615
Iteration: 658, relative residual: 0.0006151008704690263
Iteration: 659, relative residual: 0.0006144864329393053
Iteration: 660, relative residual: 0.0006143459550604612
Iteration: 661, relative residual: 0.0006138745278658869
Iteration: 662, relative residual: 0.0006135153678830487
Iteration: 663, relative residual: 0.000613439359318797
Iteration: 664, relative residual: 0.0006134319859193458
Iteration: 665, relative residual: 0.0006133491825515167
Iteration: 666, relative residual: 0.0006129050386929221
Iteration: 667, relative residual: 0.0006122765270481608
Iteration: 668, relative residual: 0.0006121805406722957
Iteration: 669, relative residual: 0.0006121439710754732
Iteration: 670, relative residual: 0.0006114898480651825
Iteration: 671, relative residual: 0.0006101664774203421
Iteration: 672, relative residual: 0.0006097376440536773
Iteration: 673, relative residual: 0.0006096948415012928
Iteration: 674, relative residual: 0.000608394019516077
Iteration: 675, relative residual: 0.0006073772445073729
Iteration: 676, relative residual: 0.0006070332137300184
Iteration: 677, relative residual: 0.0006069867929040938
Iteration: 678, relative residual: 0.0006060685272633204
Iteration: 679, relative residual: 0.0006058721114539972
Iteration: 680, relative residual: 0.0006058632449141902
Iteration: 681, relative residual: 0.0006056260664486425
Iteration: 682, relative residual: 0.0006039188381679217
Iteration: 683, relative residual: 0.0006023414984817442
Iteration: 684, relative residual: 0.0006009041262458683
Iteration: 685, relative residual: 0.0006006891431468361
Iteration: 686, relative residual: 0.0006003170786529488
Iteration: 687, relative residual: 0.0005988201096491419
Iteration: 688, relative residual: 0.0005984366813058462
Iteration: 689, relative residual: 0.0005983352420103468
Iteration: 690, relative residual: 0.000598335075162316
Iteration: 691, relative residual: 0.0005980122606460037
Iteration: 692, relative residual: 0.0005965237835350077
Iteration: 693, relative residual: 0.0005961454119003967
Iteration: 694, relative residual: 0.0005957571463181428
Iteration: 695, relative residual: 0.000595746804769927
Iteration: 696, relative residual: 0.0005955018807642672
Iteration: 697, relative residual: 0.0005952184680140588
Iteration: 698, relative residual: 0.0005949482494820901
Iteration: 699, relative residual: 0.0005948859829004634
Iteration: 700, relative residual: 0.0005948859829004634
Residual: 0.0005948859829004634. Restart...
Iteration: 701, relative residual: 0.0005948850734658024
Iteration: 702, relative residual: 0.0005948850733373193
Iteration: 703, relative residual: 0.0005948850733373191
Iteration: 704, relative residual: 0.0005948850731577079
Iteration: 705, relative residual: 0.0005948850724959031
Iteration: 706, relative residual: 0.0005948850721394906
Iteration: 707, relative residual: 0.0005948850717666274
Iteration: 708, relative residual: 0.0005948850708612392
Iteration: 709, relative residual: 0.0005948850657769275
Iteration: 710, relative residual: 0.0005948850363468427
Iteration: 711, relative residual: 0.0005948849921978285
Iteration: 712, relative residual: 0.000594884982316669
Iteration: 713, relative residual: 0.0005948841990041062
Iteration: 714, relative residual: 0.000594881485951125
Iteration: 715, relative residual: 0.0005948734825917259
Iteration: 716, relative residual: 0.0005948646705309462
Iteration: 717, relative residual: 0.0005948559553697877
Iteration: 718, relative residual: 0.0005948531399659936
Iteration: 719, relative residual: 0.0005948531356430851
Iteration: 720, relative residual: 0.0005948445679186488
Iteration: 721, relative residual: 0.000594818154177588
Iteration: 722, relative residual: 0.0005947423098205942
Iteration: 723, relative residual: 0.0005946673838552627
Iteration: 724, relative residual: 0.000594553035825773
Iteration: 725, relative residual: 0.0005944861725130653
Iteration: 726, relative residual: 0.0005944860351057427
Iteration: 727, relative residual: 0.0005944704115400224
Iteration: 728, relative residual: 0.0005943261663863655
Iteration: 729, relative residual: 0.0005942729372814492
Iteration: 730, relative residual: 0.0005942560853924352
Iteration: 731, relative residual: 0.0005942389772119132
Iteration: 732, relative residual: 0.0005941265342692506
Iteration: 733, relative residual: 0.0005939471884918359
Iteration: 734, relative residual: 0.0005939087043966577
Iteration: 735, relative residual: 0.0005938962444894655
Iteration: 736, relative residual: 0.0005937957257872964
Iteration: 737, relative residual: 0.0005936087153681521
Iteration: 738, relative residual: 0.000593526747140497
Iteration: 739, relative residual: 0.0005935106939792859
Iteration: 740, relative residual: 0.0005934610919254911
Iteration: 741, relative residual: 0.0005931840393406627
Iteration: 742, relative residual: 0.0005929581066014227
Iteration: 743, relative residual: 0.0005929058572719246
Iteration: 744, relative residual: 0.0005928772441399857
Iteration: 745, relative residual: 0.0005927347451120935
Iteration: 746, relative residual: 0.0005925036558355211
Iteration: 747, relative residual: 0.000592485182105763
Iteration: 748, relative residual: 0.0005924675780098435
Iteration: 749, relative residual: 0.0005923078422024127
Iteration: 750, relative residual: 0.0005920240947101895
Iteration: 751, relative residual: 0.0005918823955376795
Iteration: 752, relative residual: 0.0005918760346540032
Iteration: 753, relative residual: 0.0005917718140880726
Iteration: 754, relative residual: 0.0005913508586651891
Iteration: 755, relative residual: 0.000591009752901009
Iteration: 756, relative residual: 0.0005908125396058603
Iteration: 757, relative residual: 0.0005908063925272908
Iteration: 758, relative residual: 0.0005907342366517208
Iteration: 759, relative residual: 0.0005904411861486305
Iteration: 760, relative residual: 0.0005900917074228467
Iteration: 761, relative residual: 0.0005900289140294945
Iteration: 762, relative residual: 0.0005899879492109756
Iteration: 763, relative residual: 0.0005897021486498897
Iteration: 764, relative residual: 0.000589492413935443
Iteration: 765, relative residual: 0.0005894718763711123
Iteration: 766, relative residual: 0.0005894347912155266
Iteration: 767, relative residual: 0.0005889336420362968
Iteration: 768, relative residual: 0.0005879390387286857
Iteration: 769, relative residual: 0.0005876909103156363
Iteration: 770, relative residual: 0.0005876908748942695
Iteration: 771, relative residual: 0.0005873790249840665
Iteration: 772, relative residual: 0.0005862021941398965
Iteration: 773, relative residual: 0.0005858109893731826
Iteration: 774, relative residual: 0.0005856980982535125
Iteration: 775, relative residual: 0.0005848677985760165
Iteration: 776, relative residual: 0.0005839937557935436
Iteration: 777, relative residual: 0.0005839029509195324
Iteration: 778, relative residual: 0.000583599397174051
Iteration: 779, relative residual: 0.0005829111636951969
Iteration: 780, relative residual: 0.0005822233905686143
Iteration: 781, relative residual: 0.0005821081354388653
Iteration: 782, relative residual: 0.0005818703472650354
Iteration: 783, relative residual: 0.000580121405500249
Iteration: 784, relative residual: 0.000578906547892604
Iteration: 785, relative residual: 0.0005781623828976139
Iteration: 786, relative residual: 0.000577919813679932
Iteration: 787, relative residual: 0.0005775401952648592
Iteration: 788, relative residual: 0.0005768149966736027
Iteration: 789, relative residual: 0.0005759539912841174
Iteration: 790, relative residual: 0.0005754312873296184
Iteration: 791, relative residual: 0.0005754105360248561
Iteration: 792, relative residual: 0.0005752566234091684
Iteration: 793, relative residual: 0.0005746676675079973
Iteration: 794, relative residual: 0.000573473606678675
Iteration: 795, relative residual: 0.0005724031102598635
Iteration: 796, relative residual: 0.0005723622546560082
Iteration: 797, relative residual: 0.0005719098837350024
Iteration: 798, relative residual: 0.0005712234523789823
Iteration: 799, relative residual: 0.0005700883254863298
Iteration: 800, relative residual: 0.0005700883254863298
Residual: 0.0005700883254863298. Restart...
Iteration: 801, relative residual: 0.000569730375683101
Iteration: 802, relative residual: 0.0005697303529933642
Iteration: 803, relative residual: 0.0005697303487036859
Iteration: 804, relative residual: 0.0005697303131545518
Iteration: 805, relative residual: 0.0005697302638843369
Iteration: 806, relative residual: 0.0005697298696378267
Iteration: 807, relative residual: 0.0005697291252124112
Iteration: 808, relative residual: 0.0005697277102332754
Iteration: 809, relative residual: 0.0005697250115094687
Iteration: 810, relative residual: 0.0005697245203222447
Iteration: 811, relative residual: 0.0005697238509558088
Iteration: 812, relative residual: 0.0005697149643093107
Iteration: 813, relative residual: 0.0005696507861743135
Iteration: 814, relative residual: 0.0005695395175918384
Iteration: 815, relative residual: 0.0005693715666640401
Iteration: 816, relative residual: 0.0005692827930462401
Iteration: 817, relative residual: 0.0005692345383665688
Iteration: 818, relative residual: 0.000569233370430171
Iteration: 819, relative residual: 0.0005691772232473672
Iteration: 820, relative residual: 0.0005689379782556185
Iteration: 821, relative residual: 0.0005686184100704703
Iteration: 822, relative residual: 0.0005682501228598661
Iteration: 823, relative residual: 0.0005680676880212106
Iteration: 824, relative residual: 0.0005679598409137175
Iteration: 825, relative residual: 0.0005679584131450438
Iteration: 826, relative residual: 0.0005678013393467326
Iteration: 827, relative residual: 0.000567641402972035
Iteration: 828, relative residual: 0.0005675017284927357
Iteration: 829, relative residual: 0.0005675009380657327
Iteration: 830, relative residual: 0.0005674268442803207
Iteration: 831, relative residual: 0.0005670379813116376
Iteration: 832, relative residual: 0.0005664566203896635
Iteration: 833, relative residual: 0.0005661886158710957
Iteration: 834, relative residual: 0.0005661845233754008
Iteration: 835, relative residual: 0.0005659643122753068
Iteration: 836, relative residual: 0.000565646180858808
Iteration: 837, relative residual: 0.0005655875298926612
Iteration: 838, relative residual: 0.0005655702413643927
Iteration: 839, relative residual: 0.000565448853202853
Iteration: 840, relative residual: 0.0005653399412862872
Iteration: 841, relative residual: 0.0005652338277511948
Iteration: 842, relative residual: 0.0005652007667163549
Iteration: 843, relative residual: 0.0005651814301010584
Iteration: 844, relative residual: 0.0005647535154384689
Iteration: 845, relative residual: 0.0005640751578381175
Iteration: 846, relative residual: 0.000563612212672644
Iteration: 847, relative residual: 0.0005634847024715971
Iteration: 848, relative residual: 0.0005633330131062851
Iteration: 849, relative residual: 0.0005625231439521792
Iteration: 850, relative residual: 0.0005620044873224935
Iteration: 851, relative residual: 0.0005619937706173866
Iteration: 852, relative residual: 0.0005617224867183755
Iteration: 853, relative residual: 0.0005609593937933186
Iteration: 854, relative residual: 0.0005603971725141507
Iteration: 855, relative residual: 0.0005601485529455712
Iteration: 856, relative residual: 0.0005601430465431813
Iteration: 857, relative residual: 0.0005597450080287041
Iteration: 858, relative residual: 0.000559444496829157
Iteration: 859, relative residual: 0.0005591346989366284
Iteration: 860, relative residual: 0.0005590473707750786
Iteration: 861, relative residual: 0.000558997837879413
Iteration: 862, relative residual: 0.0005586659527678398
Iteration: 863, relative residual: 0.0005584350694979661
Iteration: 864, relative residual: 0.0005584225484719782
Iteration: 865, relative residual: 0.0005582931031409277
Iteration: 866, relative residual: 0.0005581101006865892
Iteration: 867, relative residual: 0.0005578422665390912
Iteration: 868, relative residual: 0.0005576726565413733
Iteration: 869, relative residual: 0.0005576619399916518
Iteration: 870, relative residual: 0.0005575433474487905
Iteration: 871, relative residual: 0.0005571477157001721
Iteration: 872, relative residual: 0.0005568266065163319
Iteration: 873, relative residual: 0.0005568259261093358
Iteration: 874, relative residual: 0.0005564482527057091
Iteration: 875, relative residual: 0.0005562470051163692
Iteration: 876, relative residual: 0.0005559614235277188
Iteration: 877, relative residual: 0.0005559485170167073
Iteration: 878, relative residual: 0.0005557193233630673
Iteration: 879, relative residual: 0.0005554030351536112
Iteration: 880, relative residual: 0.0005553609071239779
Iteration: 881, relative residual: 0.0005552532926702064
Iteration: 882, relative residual: 0.0005549994055619143
Iteration: 883, relative residual: 0.0005543903242550832
Iteration: 884, relative residual: 0.0005538907654167905
Iteration: 885, relative residual: 0.0005537252011256678
Iteration: 886, relative residual: 0.0005537048364119744
Iteration: 887, relative residual: 0.0005532454374335845
Iteration: 888, relative residual: 0.0005529417750849683
Iteration: 889, relative residual: 0.0005526832315548112
Iteration: 890, relative residual: 0.0005526831875088822
Iteration: 891, relative residual: 0.0005524869235931834
Iteration: 892, relative residual: 0.0005519433000014958
Iteration: 893, relative residual: 0.000551506849867587
Iteration: 894, relative residual: 0.0005510519772358526
Iteration: 895, relative residual: 0.0005510257019849109
Iteration: 896, relative residual: 0.0005505731533775023
Iteration: 897, relative residual: 0.0005501106296849419
Iteration: 898, relative residual: 0.000549901906926787
Iteration: 899, relative residual: 0.000549810418760587
Iteration: 900, relative residual: 0.000549810418760587
Residual: 0.000549810418760587. Restart...
Iteration: 901, relative residual: 0.000549809481747792
Iteration: 902, relative residual: 0.0005498094812564988
Iteration: 903, relative residual: 0.0005498094812501646
Iteration: 904, relative residual: 0.0005498094800561832
Iteration: 905, relative residual: 0.0005498094774909802
Iteration: 906, relative residual: 0.0005498094770662119
Iteration: 907, relative residual: 0.000549809476889326
Iteration: 908, relative residual: 0.0005498094693923675
Iteration: 909, relative residual: 0.0005498093935434502
Iteration: 910, relative residual: 0.0005498091622054437
Iteration: 911, relative residual: 0.0005498088336540013
Iteration: 912, relative residual: 0.0005498087402916054
Iteration: 913, relative residual: 0.0005498043810982854
Iteration: 914, relative residual: 0.0005497927618641298
Iteration: 915, relative residual: 0.0005497690965123315
Iteration: 916, relative residual: 0.0005497531188002205
Iteration: 917, relative residual: 0.0005497385610643072
Iteration: 918, relative residual: 0.0005497329707437853
Iteration: 919, relative residual: 0.000549732775285677
Iteration: 920, relative residual: 0.0005497054902167329
Iteration: 921, relative residual: 0.0005496311832894699
Iteration: 922, relative residual: 0.0005494744308667969
Iteration: 923, relative residual: 0.0005493575602108163
Iteration: 924, relative residual: 0.0005492476587481976
Iteration: 925, relative residual: 0.0005492091723707465
Iteration: 926, relative residual: 0.000549200120582165
Iteration: 927, relative residual: 0.0005491397309172247
Iteration: 928, relative residual: 0.0005490031208067551
Iteration: 929, relative residual: 0.0005489712134189223
Iteration: 930, relative residual: 0.0005489687315849253
Iteration: 931, relative residual: 0.0005489046737222267
Iteration: 932, relative residual: 0.0005487365075497453
Iteration: 933, relative residual: 0.0005485244369295077
Iteration: 934, relative residual: 0.0005485034091720396
Iteration: 935, relative residual: 0.0005484319296579959
Iteration: 936, relative residual: 0.0005482774632173017
Iteration: 937, relative residual: 0.0005481054036951744
Iteration: 938, relative residual: 0.0005480113725206204
Iteration: 939, relative residual: 0.000548006146509673
Iteration: 940, relative residual: 0.000547900330749521
Iteration: 941, relative residual: 0.0005476791561817336
Iteration: 942, relative residual: 0.0005475215586578537
Iteration: 943, relative residual: 0.0005475106813797006
Iteration: 944, relative residual: 0.000547425535178143
Iteration: 945, relative residual: 0.0005470500181099641
Iteration: 946, relative residual: 0.0005467523980436912
Iteration: 947, relative residual: 0.000546727410364635
Iteration: 948, relative residual: 0.0005465939471705985
Iteration: 949, relative residual: 0.0005463263139999967
Iteration: 950, relative residual: 0.0005458810480629411
Iteration: 951, relative residual: 0.0005458292165260997
Iteration: 952, relative residual: 0.0005457001507835688
Iteration: 953, relative residual: 0.0005452029596876418
Iteration: 954, relative residual: 0.0005445966900166164
Iteration: 955, relative residual: 0.0005444973012747972
Iteration: 956, relative residual: 0.0005444944335807254
Iteration: 957, relative residual: 0.0005441145926089971
Iteration: 958, relative residual: 0.0005437031548984991
Iteration: 959, relative residual: 0.0005434624993157377
Iteration: 960, relative residual: 0.0005434600141407332
Iteration: 961, relative residual: 0.0005431934400508665
Iteration: 962, relative residual: 0.0005428013013244795
Iteration: 963, relative residual: 0.0005426760957758589
Iteration: 964, relative residual: 0.0005426633685905615
Iteration: 965, relative residual: 0.0005425632953657432
Iteration: 966, relative residual: 0.0005424915298731536
Iteration: 967, relative residual: 0.0005424074887070711
Iteration: 968, relative residual: 0.0005424027471289118
Iteration: 969, relative residual: 0.0005423088314091084
Iteration: 970, relative residual: 0.0005420402224022549
Iteration: 971, relative residual: 0.0005417559791407151
Iteration: 972, relative residual: 0.0005416837198613995
Iteration: 973, relative residual: 0.0005416821795592751
Iteration: 974, relative residual: 0.0005414264650650152
Iteration: 975, relative residual: 0.0005408601624884444
Iteration: 976, relative residual: 0.0005403587488261617
Iteration: 977, relative residual: 0.0005403356444374247
Iteration: 978, relative residual: 0.0005401693102134533
Iteration: 979, relative residual: 0.0005399407817756189
Iteration: 980, relative residual: 0.0005397354536753196
Iteration: 981, relative residual: 0.0005397350484695752
Iteration: 982, relative residual: 0.0005393051695273424
Iteration: 983, relative residual: 0.0005386061355997484
Iteration: 984, relative residual: 0.0005374778906003237
Iteration: 985, relative residual: 0.000537126591104941
Iteration: 986, relative residual: 0.0005371249400133597
Iteration: 987, relative residual: 0.0005367259587999706
Iteration: 988, relative residual: 0.0005357770791353558
Iteration: 989, relative residual: 0.0005351067634389516
Iteration: 990, relative residual: 0.0005349628654956969
Iteration: 991, relative residual: 0.0005349037820210013
Iteration: 992, relative residual: 0.0005345588076316946
Iteration: 993, relative residual: 0.0005338060588845988
Iteration: 994, relative residual: 0.0005330285728927169
Iteration: 995, relative residual: 0.0005329237353904742
Iteration: 996, relative residual: 0.000532860122153911
Iteration: 997, relative residual: 0.0005319779181827938
Iteration: 998, relative residual: 0.0005313722399175238
Iteration: 999, relative residual: 0.0005310002332636962
Iteration: 1000, relative residual: 0.0005310002332636962
Residual: 0.0005310002332636962. Restart...
Warning!!!!You have reached the maximum number of iterations : 1000.
The run will stop. Check the residual behaviour you might have a bug.For future runs you might consider changing the tolerance or increasing the number of max_iter.
Solve time        : 8461.769195318222s

Calculate Solvation Energy (E_solv)
Calculating solvation energy for region 1, stored in E_solv[0]
6372.390460386679 of 548670 analytical integrals for phi_reac calculation in region 1
Time E_solv: 22.022950410842896s
Region 1: E_solv = -6933.308671067423 kcal/mol = -29008.9634797461 kJ/mol

Calculate Surface Energy (E_surf)
Time E_surf: 0.021218061447143555s

Calculate Coulomb Energy (E_coul)
Calculate Coulomb energy for region 1
Region 1: E_coul = -250465.59155525378 kcal/mol = -1047948.0350671818 kJ/mol
Time E_coul: 24.683454513549805s

------------------------------
Totals:
E_solv = -6933.308671067423 kcal/mol
E_surf = 0 kcal/mol
E_coul = -250465.59155525378 kcal/mol

Time = 8693.453093528748 s
