Run started on:
	Date: 2020/5/25
	Time: 21:30:38
	PyGBe version: 0.3.2+5.gea0f875
Config file: /cobra/u/gvargas/code/hPB/pygbe/pygbe/myCrownFinShots/sarsCov2noACE2/snap3/snap3.config
Parameter file: /cobra/u/gvargas/code/hPB/pygbe/pygbe/myCrownFinShots/sarsCov2noACE2/snap3/snap3.param
Geometry folder: /cobra/u/gvargas/code/hPB/pygbe/pygbe/myCrownFinShots/sarsCov2noACE2/snap3/geometry
Running in: /cobra/u/gvargas/code/hPB/pygbe/pygbe/myCrownFinShots/sarsCov2noACE2/snap3

Reading surface 0 from file geometry/crownVFnoACE2
Time load mesh: 85.94041061401367
Removed areas=0: 251

Total elements : 523947
Total equations: 1047894
----------------------------

1 surfaces:

Surface 0:
	523947 elements
	Surface type         : dielectric_interface
	Cells                : 3738
	Twigs                : 3159
	Levels               : 7
	C0 size              : 101.10639792806764
	C0 box center        : 87.36949364534962, 70.01289549833602, 87.40119493256634
	Twig cell size       : 1.5797874676260568
	Rbox/theta           : 3.1595749352521136
	Analytic distance    : 1.2984238129002132
	Elem. per Ang^2      : 4.158850868167525
	Max, min, avg elem.  : 1.3817021432747336, 4.999999999905639e-07, 0.24045103604318963
	Total area           : 125983.59898172108
------------------------------

2 regions:

Region 0:
	Laplace or Yukawa: 2
	kappa            : 0.125
	dielectric const : 80.0
	Number of charges: 0
	Parent surface   : []
	Child surfaces   : [0]
Region 1:
	Laplace or Yukawa: 1
	kappa            : 1e-12
	dielectric const : 4.0
	Number of charges: 51827
	Parent surface   : [0]
	Child surfaces   : []
------------------------------

Parameters:
	Data type               : <class 'numpy.float64'>
	Use GPU                 : 1
	P                       : 4
	threshold               : 0.50
	theta                   : 0.50
	NCRIT                   : 500
	CUDA block size         : 128
	Gauss points per element: 1
	Gauss points near singlr: 25
	1D Gauss points per side: 9
	GMRES tolerance         : 1e-05
	GMRES max iterations    : 1000
	GMRES restart iteration : 100
----------------------------

Generate interaction list
Transfer data to GPU
Generate RHS
List time          : 3.4170639514923096s
Data transfer time : 0.40496134757995605s
RHS generation time: 4.352318286895752s
------------------------------
Total setup time   : 150.0352156162262s
Solve
Iteration: 1, relative residual: 0.7170781647499039
Iteration: 2, relative residual: 0.360777742214439
Iteration: 3, relative residual: 0.24219780989909706
Iteration: 4, relative residual: 0.20035827121841956
Iteration: 5, relative residual: 0.16808860152314445
Iteration: 6, relative residual: 0.1245017723828321
Iteration: 7, relative residual: 0.1017718640258035
Iteration: 8, relative residual: 0.09270759295219126
Iteration: 9, relative residual: 0.08461953886041154
Iteration: 10, relative residual: 0.06557592656214728
Iteration: 11, relative residual: 0.051717156054053734
Iteration: 12, relative residual: 0.03848415935998675
Iteration: 13, relative residual: 0.031982202818268815
Iteration: 14, relative residual: 0.026720825758849452
Iteration: 15, relative residual: 0.023571762993258905
Iteration: 16, relative residual: 0.020766242219271574
Iteration: 17, relative residual: 0.01693074245863044
Iteration: 18, relative residual: 0.015016943610432352
Iteration: 19, relative residual: 0.013496343635156286
Iteration: 20, relative residual: 0.012278708214361798
Iteration: 21, relative residual: 0.011002386322123827
Iteration: 22, relative residual: 0.010590922686475187
Iteration: 23, relative residual: 0.010501615637690597
Iteration: 24, relative residual: 0.009451852895606187
Iteration: 25, relative residual: 0.008817129716869805
Iteration: 26, relative residual: 0.008810863016924613
Iteration: 27, relative residual: 0.00813862197843437
Iteration: 28, relative residual: 0.007566389767588088
Iteration: 29, relative residual: 0.007299495556139075
Iteration: 30, relative residual: 0.00726878863621349
Iteration: 31, relative residual: 0.007058077558798783
Iteration: 32, relative residual: 0.006922026111539598
Iteration: 33, relative residual: 0.006909150299591337
Iteration: 34, relative residual: 0.006844899187975545
Iteration: 35, relative residual: 0.006529444935737118
Iteration: 36, relative residual: 0.006355033922584213
Iteration: 37, relative residual: 0.006343370152793025
Iteration: 38, relative residual: 0.0062949591491368905
Iteration: 39, relative residual: 0.006010062205416699
Iteration: 40, relative residual: 0.00576085586543421
Iteration: 41, relative residual: 0.005666531919780352
Iteration: 42, relative residual: 0.005345915850651531
Iteration: 43, relative residual: 0.00500014665569052
Iteration: 44, relative residual: 0.004686601390168665
Iteration: 45, relative residual: 0.004461091038062031
Iteration: 46, relative residual: 0.004456134630579169
Iteration: 47, relative residual: 0.004453793520018615
Iteration: 48, relative residual: 0.004357111660669371
Iteration: 49, relative residual: 0.004246769816919838
Iteration: 50, relative residual: 0.004223986667057171
Iteration: 51, relative residual: 0.004120726816155281
Iteration: 52, relative residual: 0.0039426284991960405
Iteration: 53, relative residual: 0.0036439472840153414
Iteration: 54, relative residual: 0.0033092234610967515
Iteration: 55, relative residual: 0.0032687049158852915
Iteration: 56, relative residual: 0.0032570708601843655
Iteration: 57, relative residual: 0.0031441877386116706
Iteration: 58, relative residual: 0.0029866571906022885
Iteration: 59, relative residual: 0.002919893851678451
Iteration: 60, relative residual: 0.0029151980280677703
Iteration: 61, relative residual: 0.002859382398826862
Iteration: 62, relative residual: 0.0027124227445881745
Iteration: 63, relative residual: 0.002515561755923691
Iteration: 64, relative residual: 0.0023222259811193
Iteration: 65, relative residual: 0.002278729756609378
Iteration: 66, relative residual: 0.00227666253499143
Iteration: 67, relative residual: 0.002207121488791504
Iteration: 68, relative residual: 0.002102782777097784
Iteration: 69, relative residual: 0.001961206153913487
Iteration: 70, relative residual: 0.0019124024577090828
Iteration: 71, relative residual: 0.001912402430719314
Iteration: 72, relative residual: 0.0019069041987507648
Iteration: 73, relative residual: 0.001841037102343163
Iteration: 74, relative residual: 0.0017657347174612678
Iteration: 75, relative residual: 0.0017101065689319019
Iteration: 76, relative residual: 0.001694464364633497
Iteration: 77, relative residual: 0.001692651202953198
Iteration: 78, relative residual: 0.001657963889145467
Iteration: 79, relative residual: 0.0016366411148179482
Iteration: 80, relative residual: 0.0016238144977921002
Iteration: 81, relative residual: 0.0016208492132715044
Iteration: 82, relative residual: 0.0016186890137890229
Iteration: 83, relative residual: 0.0015937118057745663
Iteration: 84, relative residual: 0.0015343611267874884
Iteration: 85, relative residual: 0.0014991245737005058
Iteration: 86, relative residual: 0.0014658104238787432
Iteration: 87, relative residual: 0.001464329829029905
Iteration: 88, relative residual: 0.00143996578174503
Iteration: 89, relative residual: 0.0013954821089469606
Iteration: 90, relative residual: 0.001382320217537542
Iteration: 91, relative residual: 0.0013763962897917325
Iteration: 92, relative residual: 0.001374058040225519
Iteration: 93, relative residual: 0.0013621364645084219
Iteration: 94, relative residual: 0.001339485781838956
Iteration: 95, relative residual: 0.001316335895745686
Iteration: 96, relative residual: 0.001309837037113076
Iteration: 97, relative residual: 0.001304884733153808
Iteration: 98, relative residual: 0.0012783458943436239
Iteration: 99, relative residual: 0.0012267724948594638
Iteration: 100, relative residual: 0.0012267724948594638
Residual: 0.0012267724948594638. Restart...
Iteration: 101, relative residual: 0.0011497184856996913
Iteration: 102, relative residual: 0.0011496243879449957
Iteration: 103, relative residual: 0.00114675709429846
Iteration: 104, relative residual: 0.0011431051565295738
Iteration: 105, relative residual: 0.0011391885555939222
Iteration: 106, relative residual: 0.0011382337108618292
Iteration: 107, relative residual: 0.0011382246478176057
Iteration: 108, relative residual: 0.0011381705415027651
Iteration: 109, relative residual: 0.001138155081637047
Iteration: 110, relative residual: 0.0011377006733077491
Iteration: 111, relative residual: 0.0011376323597614003
Iteration: 112, relative residual: 0.0011369415511339339
Iteration: 113, relative residual: 0.0011363244303063964
Iteration: 114, relative residual: 0.0011356971772484685
Iteration: 115, relative residual: 0.0011356805445759623
Iteration: 116, relative residual: 0.0011355952955477784
Iteration: 117, relative residual: 0.001134631862532106
Iteration: 118, relative residual: 0.0011346187716957138
Iteration: 119, relative residual: 0.0011338882783397558
Iteration: 120, relative residual: 0.0011333415870755632
Iteration: 121, relative residual: 0.0011326878147389834
Iteration: 122, relative residual: 0.001132517419928746
Iteration: 123, relative residual: 0.0011316788545251485
Iteration: 124, relative residual: 0.001129849529883566
Iteration: 125, relative residual: 0.0011289186160539726
Iteration: 126, relative residual: 0.0011279327636469062
Iteration: 127, relative residual: 0.0011272509957077155
Iteration: 128, relative residual: 0.0011268713166264015
Iteration: 129, relative residual: 0.0011257701291420468
Iteration: 130, relative residual: 0.0011256708513013667
Iteration: 131, relative residual: 0.0011256250318904912
Iteration: 132, relative residual: 0.001124543079254791
Iteration: 133, relative residual: 0.0011241210649338602
Iteration: 134, relative residual: 0.0011236376986899267
Iteration: 135, relative residual: 0.0011236302295394964
Iteration: 136, relative residual: 0.0011222344181106682
Iteration: 137, relative residual: 0.0011146469919585222
Iteration: 138, relative residual: 0.0011133196789112365
Iteration: 139, relative residual: 0.0011131824377887116
Iteration: 140, relative residual: 0.0011078866073453856
Iteration: 141, relative residual: 0.0011050368646835203
Iteration: 142, relative residual: 0.0011050184467340757
Iteration: 143, relative residual: 0.0011048204378283186
Iteration: 144, relative residual: 0.0011039528626589563
Iteration: 145, relative residual: 0.001099680981361713
Iteration: 146, relative residual: 0.001094889660782078
Iteration: 147, relative residual: 0.0010946489612974268
Iteration: 148, relative residual: 0.0010943501382776118
Iteration: 149, relative residual: 0.0010915499711884808
Iteration: 150, relative residual: 0.0010875273242105159
Iteration: 151, relative residual: 0.0010828253482011636
Iteration: 152, relative residual: 0.0010826892162282302
Iteration: 153, relative residual: 0.0010825619722181772
Iteration: 154, relative residual: 0.0010799625237214833
Iteration: 155, relative residual: 0.0010763537794112963
Iteration: 156, relative residual: 0.0010732105027096363
Iteration: 157, relative residual: 0.001072776224684774
Iteration: 158, relative residual: 0.001072031213776347
Iteration: 159, relative residual: 0.001060441219890153
Iteration: 160, relative residual: 0.0010482147798752065
Iteration: 161, relative residual: 0.0010454545880767478
Iteration: 162, relative residual: 0.001045415855659523
Iteration: 163, relative residual: 0.001038485768118663
Iteration: 164, relative residual: 0.001017162646287894
Iteration: 165, relative residual: 0.001009077079455924
Iteration: 166, relative residual: 0.001004541664577496
Iteration: 167, relative residual: 0.0010043485778813027
Iteration: 168, relative residual: 0.0009926379353703435
Iteration: 169, relative residual: 0.0009748752529297679
Iteration: 170, relative residual: 0.0009611824117621139
Iteration: 171, relative residual: 0.0009591426890796165
Iteration: 172, relative residual: 0.0009539000237596281
Iteration: 173, relative residual: 0.0009468649345760201
Iteration: 174, relative residual: 0.0009273289433322
Iteration: 175, relative residual: 0.0009150301597743278
Iteration: 176, relative residual: 0.0009142712894222661
Iteration: 177, relative residual: 0.0009117378642322376
Iteration: 178, relative residual: 0.0008946544266887158
Iteration: 179, relative residual: 0.0008819722501124147
Iteration: 180, relative residual: 0.0008559044559380005
Iteration: 181, relative residual: 0.0008407218667945363
Iteration: 182, relative residual: 0.0008400279314747436
Iteration: 183, relative residual: 0.0008346608865187841
Iteration: 184, relative residual: 0.0008122782680381809
Iteration: 185, relative residual: 0.0007858586267482735
Iteration: 186, relative residual: 0.0007612990301369841
Iteration: 187, relative residual: 0.0007522560373988624
Iteration: 188, relative residual: 0.0007515399765217105
Iteration: 189, relative residual: 0.0007468622491235316
Iteration: 190, relative residual: 0.0007248861525065495
Iteration: 191, relative residual: 0.0007015825665063113
Iteration: 192, relative residual: 0.0006716762837765945
Iteration: 193, relative residual: 0.0006463278078139414
Iteration: 194, relative residual: 0.000641176197215638
Iteration: 195, relative residual: 0.0006320100870217736
Iteration: 196, relative residual: 0.0006178135102898232
Iteration: 197, relative residual: 0.0005987313860443753
Iteration: 198, relative residual: 0.0005885084550233919
Iteration: 199, relative residual: 0.0005809068717169763
Iteration: 200, relative residual: 0.0005809068717169763
Residual: 0.0005809068717169763. Restart...
Iteration: 201, relative residual: 0.0005795126806345363
Iteration: 202, relative residual: 0.0005795118534718167
Iteration: 203, relative residual: 0.0005795042499444131
Iteration: 204, relative residual: 0.0005794465272566464
Iteration: 205, relative residual: 0.0005792105682659876
Iteration: 206, relative residual: 0.0005787943737049838
Iteration: 207, relative residual: 0.0005778672805151609
Iteration: 208, relative residual: 0.0005770816872089637
Iteration: 209, relative residual: 0.0005767300483237358
Iteration: 210, relative residual: 0.0005767133613658654
Iteration: 211, relative residual: 0.0005756331270266521
Iteration: 212, relative residual: 0.0005734445274692588
Iteration: 213, relative residual: 0.0005713026630350295
Iteration: 214, relative residual: 0.0005708434107600372
Iteration: 215, relative residual: 0.0005705391543958897
Iteration: 216, relative residual: 0.0005685984057652847
Iteration: 217, relative residual: 0.0005668319605656513
Iteration: 218, relative residual: 0.0005668319062661784
Iteration: 219, relative residual: 0.0005656371499084749
Iteration: 220, relative residual: 0.0005622564459492645
Iteration: 221, relative residual: 0.0005582186877981422
Iteration: 222, relative residual: 0.0005577421779632589
Iteration: 223, relative residual: 0.0005577421387185157
Iteration: 224, relative residual: 0.0005570646742269307
Iteration: 225, relative residual: 0.0005547432645554363
Iteration: 226, relative residual: 0.0005532409504428364
Iteration: 227, relative residual: 0.000553192701312417
Iteration: 228, relative residual: 0.0005521447488160945
Iteration: 229, relative residual: 0.000548089086699924
Iteration: 230, relative residual: 0.0005453825005775892
Iteration: 231, relative residual: 0.0005453566156802364
Iteration: 232, relative residual: 0.000543482057217986
Iteration: 233, relative residual: 0.0005387314427012584
Iteration: 234, relative residual: 0.0005369898819929625
Iteration: 235, relative residual: 0.0005368824477355085
Iteration: 236, relative residual: 0.0005366247196473914
Iteration: 237, relative residual: 0.0005339573061120007
Iteration: 238, relative residual: 0.0005317419870315687
Iteration: 239, relative residual: 0.0005304211050293592
Iteration: 240, relative residual: 0.0005303587520207264
Iteration: 241, relative residual: 0.0005283912058284257
Iteration: 242, relative residual: 0.0005238863302315239
Iteration: 243, relative residual: 0.0005204438399399478
Iteration: 244, relative residual: 0.0005203236463054136
Iteration: 245, relative residual: 0.0005183602193707279
Iteration: 246, relative residual: 0.0005047837506980977
Iteration: 247, relative residual: 0.0004922326541800065
Iteration: 248, relative residual: 0.00048568869760546267
Iteration: 249, relative residual: 0.0004829031147387144
Iteration: 250, relative residual: 0.00048273821401787615
Iteration: 251, relative residual: 0.0004765535599063827
Iteration: 252, relative residual: 0.00047258637802970145
Iteration: 253, relative residual: 0.00046934480964906937
Iteration: 254, relative residual: 0.00046824634886813806
Iteration: 255, relative residual: 0.00046659049818494855
Iteration: 256, relative residual: 0.0004593725685796422
Iteration: 257, relative residual: 0.00044908257574116997
Iteration: 258, relative residual: 0.000444757226211066
Iteration: 259, relative residual: 0.0004444133070238281
Iteration: 260, relative residual: 0.0004433128284662118
Iteration: 261, relative residual: 0.00044028980717544406
Iteration: 262, relative residual: 0.0004370978887364191
Iteration: 263, relative residual: 0.00043558211258771455
Iteration: 264, relative residual: 0.0004347603912293849
Iteration: 265, relative residual: 0.0004296937315693118
Iteration: 266, relative residual: 0.00042525311722218514
Iteration: 267, relative residual: 0.00042317466095969795
Iteration: 268, relative residual: 0.00042316675030793253
Iteration: 269, relative residual: 0.00041777536471983566
Iteration: 270, relative residual: 0.0004112319908850328
Iteration: 271, relative residual: 0.0004037484219116276
Iteration: 272, relative residual: 0.00040167599391267015
Iteration: 273, relative residual: 0.0004015182026305281
Iteration: 274, relative residual: 0.0004012895683542524
Iteration: 275, relative residual: 0.0003997993416476208
Iteration: 276, relative residual: 0.0003942023351426822
Iteration: 277, relative residual: 0.00039032929629508197
Iteration: 278, relative residual: 0.0003901492216325009
Iteration: 279, relative residual: 0.00038986430194597833
Iteration: 280, relative residual: 0.00038872252198487246
Iteration: 281, relative residual: 0.00038495373420663505
Iteration: 282, relative residual: 0.0003786200821762809
Iteration: 283, relative residual: 0.0003761509281441581
Iteration: 284, relative residual: 0.000376117985972927
Iteration: 285, relative residual: 0.00037446642297470133
Iteration: 286, relative residual: 0.00036839821538283345
Iteration: 287, relative residual: 0.00036561301277114377
Iteration: 288, relative residual: 0.00036259985381526086
Iteration: 289, relative residual: 0.00036247150138640755
Iteration: 290, relative residual: 0.00035916589702795495
Iteration: 291, relative residual: 0.00035018449059887914
Iteration: 292, relative residual: 0.0003431752625554445
Iteration: 293, relative residual: 0.0003430488400923228
Iteration: 294, relative residual: 0.0003414866750908082
Iteration: 295, relative residual: 0.0003383422396860376
Iteration: 296, relative residual: 0.0003312441952409206
Iteration: 297, relative residual: 0.00032884421764028346
Iteration: 298, relative residual: 0.00032765440169196585
Iteration: 299, relative residual: 0.00032765373447920805
Iteration: 300, relative residual: 0.00032765373447920805
Residual: 0.00032765373447920805. Restart...
Iteration: 301, relative residual: 0.0003264196725742932
Iteration: 302, relative residual: 0.00032641630950833584
Iteration: 303, relative residual: 0.0003264030711251981
Iteration: 304, relative residual: 0.00032637347877922327
Iteration: 305, relative residual: 0.0003263494053628434
Iteration: 306, relative residual: 0.0003263424677410997
Iteration: 307, relative residual: 0.00032632594380715415
Iteration: 308, relative residual: 0.00032630018340189867
Iteration: 309, relative residual: 0.0003262868177514812
Iteration: 310, relative residual: 0.0003262853046431696
Iteration: 311, relative residual: 0.00032627848434412513
Iteration: 312, relative residual: 0.0003262480698914445
Iteration: 313, relative residual: 0.0003260756064755598
Iteration: 314, relative residual: 0.00032586682610750197
Iteration: 315, relative residual: 0.00032583229556506024
Iteration: 316, relative residual: 0.0003251285071633468
Iteration: 317, relative residual: 0.00032471237512537955
Iteration: 318, relative residual: 0.00032470123490547354
Iteration: 319, relative residual: 0.00032411162412080254
Iteration: 320, relative residual: 0.00032306319126624514
Iteration: 321, relative residual: 0.00032139413255188333
Iteration: 322, relative residual: 0.0003205484638357022
Iteration: 323, relative residual: 0.00032015073438187807
Iteration: 324, relative residual: 0.00032000313676252656
Iteration: 325, relative residual: 0.00031971530244403264
Iteration: 326, relative residual: 0.0003190363955900165
Iteration: 327, relative residual: 0.0003180537528085738
Iteration: 328, relative residual: 0.0003176131007717156
Iteration: 329, relative residual: 0.000317512217624179
Iteration: 330, relative residual: 0.0003169769499189153
Iteration: 331, relative residual: 0.00031498873720749984
Iteration: 332, relative residual: 0.00031423306715773735
Iteration: 333, relative residual: 0.000314223505688546
Iteration: 334, relative residual: 0.00031346983747567315
Iteration: 335, relative residual: 0.00031306912577470583
Iteration: 336, relative residual: 0.000313069119698419
Iteration: 337, relative residual: 0.00031230370260842716
Iteration: 338, relative residual: 0.00031008203406688114
Iteration: 339, relative residual: 0.0003090469083542562
Iteration: 340, relative residual: 0.0003090131576292861
Iteration: 341, relative residual: 0.0003085655872647397
Iteration: 342, relative residual: 0.0003064004504905088
Iteration: 343, relative residual: 0.00030598535203336
Iteration: 344, relative residual: 0.00030598147754806515
Iteration: 345, relative residual: 0.00030553981157205984
Iteration: 346, relative residual: 0.0003023624901855167
Iteration: 347, relative residual: 0.00030021932173658844
Iteration: 348, relative residual: 0.0002995592424170178
Iteration: 349, relative residual: 0.00029935162893683604
Iteration: 350, relative residual: 0.00029902614495779905
Iteration: 351, relative residual: 0.00029822719889545146
Iteration: 352, relative residual: 0.00029695869048042934
Iteration: 353, relative residual: 0.00029604917687678264
Iteration: 354, relative residual: 0.0002960485463605823
Iteration: 355, relative residual: 0.0002957670905538802
Iteration: 356, relative residual: 0.00029284555197550075
Iteration: 357, relative residual: 0.00029144477447792046
Iteration: 358, relative residual: 0.0002913128134237323
Iteration: 359, relative residual: 0.00029098541044543605
Iteration: 360, relative residual: 0.000288427513457699
Iteration: 361, relative residual: 0.00028645605296950203
Iteration: 362, relative residual: 0.00028447186432941436
Iteration: 363, relative residual: 0.0002838569987224523
Iteration: 364, relative residual: 0.00028385490328437026
Iteration: 365, relative residual: 0.00028267431145718015
Iteration: 366, relative residual: 0.00028137441774254507
Iteration: 367, relative residual: 0.0002812415565707737
Iteration: 368, relative residual: 0.000281035167137341
Iteration: 369, relative residual: 0.00028015431344780635
Iteration: 370, relative residual: 0.0002757535820241566
Iteration: 371, relative residual: 0.00027298409132882155
Iteration: 372, relative residual: 0.00027207822180758443
Iteration: 373, relative residual: 0.00027171566795143956
Iteration: 374, relative residual: 0.000270330952548744
Iteration: 375, relative residual: 0.00026721959174303464
Iteration: 376, relative residual: 0.0002648344183152318
Iteration: 377, relative residual: 0.0002632228792613396
Iteration: 378, relative residual: 0.0002629666357539369
Iteration: 379, relative residual: 0.00026294980659282986
Iteration: 380, relative residual: 0.00026233933145775864
Iteration: 381, relative residual: 0.0002601728848592852
Iteration: 382, relative residual: 0.00025817559490968914
Iteration: 383, relative residual: 0.00025815464875342096
Iteration: 384, relative residual: 0.00025799308726691053
Iteration: 385, relative residual: 0.0002571926692651762
Iteration: 386, relative residual: 0.0002550524783019731
Iteration: 387, relative residual: 0.00025269329607251906
Iteration: 388, relative residual: 0.0002521255743951502
Iteration: 389, relative residual: 0.00025206673542028083
Iteration: 390, relative residual: 0.0002519427542057226
Iteration: 391, relative residual: 0.0002508456563946551
Iteration: 392, relative residual: 0.00024940312927327436
Iteration: 393, relative residual: 0.0002483823985476894
Iteration: 394, relative residual: 0.0002480875115807018
Iteration: 395, relative residual: 0.0002480575909263421
Iteration: 396, relative residual: 0.00024708824652633474
Iteration: 397, relative residual: 0.00024650151018061004
Iteration: 398, relative residual: 0.00024632457553619197
Iteration: 399, relative residual: 0.00024599131459081096
Iteration: 400, relative residual: 0.00024599131459081096
Residual: 0.00024599131459081096. Restart...
Iteration: 401, relative residual: 0.000245990582805889
Iteration: 402, relative residual: 0.0002459905822398279
Iteration: 403, relative residual: 0.0002459905789588427
Iteration: 404, relative residual: 0.00024599048460520565
Iteration: 405, relative residual: 0.0002459899205219033
Iteration: 406, relative residual: 0.0002459880513411955
Iteration: 407, relative residual: 0.0002459817764335828
Iteration: 408, relative residual: 0.00024597496692766536
Iteration: 409, relative residual: 0.000245968553941
Iteration: 410, relative residual: 0.00024596848025914344
Iteration: 411, relative residual: 0.0002459592771041414
Iteration: 412, relative residual: 0.0002459365000161023
Iteration: 413, relative residual: 0.00024589250214917353
Iteration: 414, relative residual: 0.0002458129120935851
Iteration: 415, relative residual: 0.00024576076734356464
Iteration: 416, relative residual: 0.0002457589538494917
Iteration: 417, relative residual: 0.0002457096661661394
Iteration: 418, relative residual: 0.00024560782826914295
Iteration: 419, relative residual: 0.0002454709419807031
Iteration: 420, relative residual: 0.0002454314687864163
Iteration: 421, relative residual: 0.00024537179070270457
Iteration: 422, relative residual: 0.00024513470172726813
Iteration: 423, relative residual: 0.00024502303046363815
Iteration: 424, relative residual: 0.0002450025543800597
Iteration: 425, relative residual: 0.0002449824060162609
Iteration: 426, relative residual: 0.000244925611046753
Iteration: 427, relative residual: 0.00024484177901196646
Iteration: 428, relative residual: 0.000244664868462667
Iteration: 429, relative residual: 0.000244639557935845
Iteration: 430, relative residual: 0.0002444670257076459
Iteration: 431, relative residual: 0.00024421091100684474
Iteration: 432, relative residual: 0.00024417243881498757
Iteration: 433, relative residual: 0.0002439635458432972
Iteration: 434, relative residual: 0.0002436529367666497
Iteration: 435, relative residual: 0.00024346956820621427
Iteration: 436, relative residual: 0.00024346303956673983
Iteration: 437, relative residual: 0.00024330259843776834
Iteration: 438, relative residual: 0.00024258431028332026
Iteration: 439, relative residual: 0.00024217833747977152
Iteration: 440, relative residual: 0.00024213513687920595
Iteration: 441, relative residual: 0.00024202535145103477
Iteration: 442, relative residual: 0.0002415120071942847
Iteration: 443, relative residual: 0.00024120342226637982
Iteration: 444, relative residual: 0.00024112998726384633
Iteration: 445, relative residual: 0.0002410915334444766
Iteration: 446, relative residual: 0.0002403910273795342
Iteration: 447, relative residual: 0.00023916296824668233
Iteration: 448, relative residual: 0.00023851971004026215
Iteration: 449, relative residual: 0.00023825540725969045
Iteration: 450, relative residual: 0.00023825538511169897
Iteration: 451, relative residual: 0.00023803804894358376
Iteration: 452, relative residual: 0.00023734404077149662
Iteration: 453, relative residual: 0.00023696665200988458
Iteration: 454, relative residual: 0.00023695649359068517
Iteration: 455, relative residual: 0.00023684716085425214
Iteration: 456, relative residual: 0.0002364985907582269
Iteration: 457, relative residual: 0.00023577051243328388
Iteration: 458, relative residual: 0.00023553898713447803
Iteration: 459, relative residual: 0.00023549988291923064
Iteration: 460, relative residual: 0.0002351670725506524
Iteration: 461, relative residual: 0.00023465122802390656
Iteration: 462, relative residual: 0.00023442804715101886
Iteration: 463, relative residual: 0.00023437891543591838
Iteration: 464, relative residual: 0.00023437682005107843
Iteration: 465, relative residual: 0.0002341892700282361
Iteration: 466, relative residual: 0.00023381849177839446
Iteration: 467, relative residual: 0.00023360166327038724
Iteration: 468, relative residual: 0.00023357720113835725
Iteration: 469, relative residual: 0.00023328584985138362
Iteration: 470, relative residual: 0.0002327784513044565
Iteration: 471, relative residual: 0.0002321789813446396
Iteration: 472, relative residual: 0.0002318316526605689
Iteration: 473, relative residual: 0.00023175274342886648
Iteration: 474, relative residual: 0.0002317240793916812
Iteration: 475, relative residual: 0.00023127237385962973
Iteration: 476, relative residual: 0.00023084155035965617
Iteration: 477, relative residual: 0.00023057378656795126
Iteration: 478, relative residual: 0.0002305620317850664
Iteration: 479, relative residual: 0.00023053694723841712
Iteration: 480, relative residual: 0.00023039216856143721
Iteration: 481, relative residual: 0.00023005663546366093
Iteration: 482, relative residual: 0.0002297035530706508
Iteration: 483, relative residual: 0.00022963328173368364
Iteration: 484, relative residual: 0.0002296329804370583
Iteration: 485, relative residual: 0.0002296204130316899
Iteration: 486, relative residual: 0.00022919307571574318
Iteration: 487, relative residual: 0.00022879409956060468
Iteration: 488, relative residual: 0.00022839440743470035
Iteration: 489, relative residual: 0.00022834808833521926
Iteration: 490, relative residual: 0.00022826296574169285
Iteration: 491, relative residual: 0.00022806940645171182
Iteration: 492, relative residual: 0.0002276120616478778
Iteration: 493, relative residual: 0.0002272196740789355
Iteration: 494, relative residual: 0.00022712271209061581
Iteration: 495, relative residual: 0.00022712153087436955
Iteration: 496, relative residual: 0.00022706929499218825
Iteration: 497, relative residual: 0.00022623803632248175
Iteration: 498, relative residual: 0.00022550781988418822
Iteration: 499, relative residual: 0.00022530896630920468
Iteration: 500, relative residual: 0.00022530896630920468
Residual: 0.00022530896630920468. Restart...
Iteration: 501, relative residual: 0.0002252901394506862
Iteration: 502, relative residual: 0.00022529008380785175
Iteration: 503, relative residual: 0.0002252900509599144
Iteration: 504, relative residual: 0.0002252900503186802
Iteration: 505, relative residual: 0.00022528823285788012
Iteration: 506, relative residual: 0.00022528033431340458
Iteration: 507, relative residual: 0.00022525673478606333
Iteration: 508, relative residual: 0.00022523031789988348
Iteration: 509, relative residual: 0.0002252262685766498
Iteration: 510, relative residual: 0.00022522219411487144
Iteration: 511, relative residual: 0.00022517436858492923
Iteration: 512, relative residual: 0.000225051171284205
Iteration: 513, relative residual: 0.00022493642305419564
Iteration: 514, relative residual: 0.00022490068057382502
Iteration: 515, relative residual: 0.0002248722234046556
Iteration: 516, relative residual: 0.0002247639418423458
Iteration: 517, relative residual: 0.00022469306544214585
Iteration: 518, relative residual: 0.0002246838922730038
Iteration: 519, relative residual: 0.00022465142776642688
Iteration: 520, relative residual: 0.00022457188558527315
Iteration: 521, relative residual: 0.00022451562463011055
Iteration: 522, relative residual: 0.00022450869600796694
Iteration: 523, relative residual: 0.00022450310354775308
Iteration: 524, relative residual: 0.00022449024268790657
Iteration: 525, relative residual: 0.00022444387634085812
Iteration: 526, relative residual: 0.00022437952907669898
Iteration: 527, relative residual: 0.00022434529889886744
Iteration: 528, relative residual: 0.00022431247130667782
Iteration: 529, relative residual: 0.00022431246977447014
Iteration: 530, relative residual: 0.00022420602024355674
Iteration: 531, relative residual: 0.0002241019007035056
Iteration: 532, relative residual: 0.00022409373155723132
Iteration: 533, relative residual: 0.00022408099585015818
Iteration: 534, relative residual: 0.0002240424655173806
Iteration: 535, relative residual: 0.0002240315545785952
Iteration: 536, relative residual: 0.000224002156858826
Iteration: 537, relative residual: 0.0002239085956240768
Iteration: 538, relative residual: 0.0002237854378282836
Iteration: 539, relative residual: 0.00022372823085129603
Iteration: 540, relative residual: 0.0002237259838874539
Iteration: 541, relative residual: 0.0002237120282877646
Iteration: 542, relative residual: 0.0002236301725514369
Iteration: 543, relative residual: 0.00022350106554427278
Iteration: 544, relative residual: 0.00022339804296689112
Iteration: 545, relative residual: 0.00022339802867351818
Iteration: 546, relative residual: 0.00022339396079531427
Iteration: 547, relative residual: 0.000223358363392641
Iteration: 548, relative residual: 0.0002233124326179009
Iteration: 549, relative residual: 0.00022331241279881326
Iteration: 550, relative residual: 0.00022329619386312702
Iteration: 551, relative residual: 0.00022320169613653914
Iteration: 552, relative residual: 0.0002231237362952921
Iteration: 553, relative residual: 0.00022309752772462795
Iteration: 554, relative residual: 0.00022307003051138765
Iteration: 555, relative residual: 0.0002229264569100888
Iteration: 556, relative residual: 0.00022285524650875974
Iteration: 557, relative residual: 0.00022282477625484382
Iteration: 558, relative residual: 0.0002228246830968252
Iteration: 559, relative residual: 0.00022273531945284585
Iteration: 560, relative residual: 0.0002226227287337177
Iteration: 561, relative residual: 0.0002225223696000002
Iteration: 562, relative residual: 0.00022237089732048961
Iteration: 563, relative residual: 0.0002223651191234122
Iteration: 564, relative residual: 0.0002223561551440259
Iteration: 565, relative residual: 0.00022223212685799549
Iteration: 566, relative residual: 0.00022204921671110865
Iteration: 567, relative residual: 0.00022202187019758834
Iteration: 568, relative residual: 0.0002220032947824339
Iteration: 569, relative residual: 0.00022173749571347725
Iteration: 570, relative residual: 0.0002213264873777266
Iteration: 571, relative residual: 0.0002210837885069218
Iteration: 572, relative residual: 0.00022106976479735775
Iteration: 573, relative residual: 0.00022101451104836217
Iteration: 574, relative residual: 0.00022053327943726914
Iteration: 575, relative residual: 0.00022008111465088537
Iteration: 576, relative residual: 0.00021959481206990414
Iteration: 577, relative residual: 0.0002194963761908509
Iteration: 578, relative residual: 0.00021947340977623462
Iteration: 579, relative residual: 0.0002194433513440136
Iteration: 580, relative residual: 0.00021928233458594728
Iteration: 581, relative residual: 0.00021892727119350133
Iteration: 582, relative residual: 0.00021876315853375602
Iteration: 583, relative residual: 0.00021876315195499323
Iteration: 584, relative residual: 0.0002185280227354523
Iteration: 585, relative residual: 0.00021819463586273218
Iteration: 586, relative residual: 0.00021797930440970587
Iteration: 587, relative residual: 0.00021794750472395032
Iteration: 588, relative residual: 0.00021794439559450024
Iteration: 589, relative residual: 0.0002177398385571462
Iteration: 590, relative residual: 0.00021745734750626248
Iteration: 591, relative residual: 0.0002173681827485986
Iteration: 592, relative residual: 0.0002173097936325739
Iteration: 593, relative residual: 0.00021730634534733426
Iteration: 594, relative residual: 0.00021717388565403172
Iteration: 595, relative residual: 0.00021696687000586119
Iteration: 596, relative residual: 0.00021680361468940864
Iteration: 597, relative residual: 0.00021677539195392732
Iteration: 598, relative residual: 0.00021677378558959838
Iteration: 599, relative residual: 0.00021666694450316962
Iteration: 600, relative residual: 0.00021666694450316962
Residual: 0.00021666694450316962. Restart...
Iteration: 601, relative residual: 0.000216354324504412
Iteration: 602, relative residual: 0.00021635358722490785
Iteration: 603, relative residual: 0.0002163493428938642
Iteration: 604, relative residual: 0.00021633904820697567
Iteration: 605, relative residual: 0.00021633105829019876
Iteration: 606, relative residual: 0.0002163231605094884
Iteration: 607, relative residual: 0.0002163177521129902
Iteration: 608, relative residual: 0.00021631740766552034
Iteration: 609, relative residual: 0.00021631712215579817
Iteration: 610, relative residual: 0.00021631626593639889
Iteration: 611, relative residual: 0.0002163109911623653
Iteration: 612, relative residual: 0.00021630291062310638
Iteration: 613, relative residual: 0.0002163009434095874
Iteration: 614, relative residual: 0.00021630031699236516
Iteration: 615, relative residual: 0.00021629597522893006
Iteration: 616, relative residual: 0.00021629586720597945
Iteration: 617, relative residual: 0.00021629575078593584
Iteration: 618, relative residual: 0.00021628660795208797
Iteration: 619, relative residual: 0.00021628488272576785
Iteration: 620, relative residual: 0.00021628002426446173
Iteration: 621, relative residual: 0.00021627306913157498
Iteration: 622, relative residual: 0.00021625382054821655
Iteration: 623, relative residual: 0.00021623930571105317
Iteration: 624, relative residual: 0.00021619734119788844
Iteration: 625, relative residual: 0.00021619145929392222
Iteration: 626, relative residual: 0.00021618732937048294
Iteration: 627, relative residual: 0.0002161863677788365
Iteration: 628, relative residual: 0.00021614544658103474
Iteration: 629, relative residual: 0.00021610437751763817
Iteration: 630, relative residual: 0.0002161035308363663
Iteration: 631, relative residual: 0.00021608768971801968
Iteration: 632, relative residual: 0.000216050381519364
Iteration: 633, relative residual: 0.000216034700186649
Iteration: 634, relative residual: 0.00021603463784860112
Iteration: 635, relative residual: 0.00021600927894841772
Iteration: 636, relative residual: 0.0002160015724081624
Iteration: 637, relative residual: 0.0002159816363773209
Iteration: 638, relative residual: 0.00021591323922548385
Iteration: 639, relative residual: 0.00021588547800764502
Iteration: 640, relative residual: 0.0002158765191208182
Iteration: 641, relative residual: 0.00021587161318959512
Iteration: 642, relative residual: 0.0002158685069247797
Iteration: 643, relative residual: 0.00021586684791412292
Iteration: 644, relative residual: 0.00021585668246345974
Iteration: 645, relative residual: 0.00021583050626369278
Iteration: 646, relative residual: 0.00021578749958334718
Iteration: 647, relative residual: 0.00021578540098669835
Iteration: 648, relative residual: 0.0002157675947095759
Iteration: 649, relative residual: 0.000215678060626491
Iteration: 650, relative residual: 0.00021556037385630638
Iteration: 651, relative residual: 0.00021555200473875928
Iteration: 652, relative residual: 0.00021546851866790397
Iteration: 653, relative residual: 0.0002153232131326851
Iteration: 654, relative residual: 0.0002152188578675604
Iteration: 655, relative residual: 0.00021519979927901535
Iteration: 656, relative residual: 0.0002151969699489414
Iteration: 657, relative residual: 0.00021505958004600827
Iteration: 658, relative residual: 0.00021489019516889263
Iteration: 659, relative residual: 0.00021486494169287157
Iteration: 660, relative residual: 0.00021480975832060856
Iteration: 661, relative residual: 0.0002146240058524518
Iteration: 662, relative residual: 0.00021425664956967267
Iteration: 663, relative residual: 0.00021345301440795235
Iteration: 664, relative residual: 0.00021290280941606697
Iteration: 665, relative residual: 0.00021278904010893897
Iteration: 666, relative residual: 0.00021272627021685336
Iteration: 667, relative residual: 0.0002123667813442432
Iteration: 668, relative residual: 0.00021209226925432824
Iteration: 669, relative residual: 0.0002120405956672012
Iteration: 670, relative residual: 0.00021203544607363388
Iteration: 671, relative residual: 0.0002118139332380292
Iteration: 672, relative residual: 0.00021108798190127241
Iteration: 673, relative residual: 0.00021029320174432325
Iteration: 674, relative residual: 0.0002101410111365491
Iteration: 675, relative residual: 0.00021014100713192838
Iteration: 676, relative residual: 0.00020982218135057166
Iteration: 677, relative residual: 0.00020947421488684277
Iteration: 678, relative residual: 0.00020911940249313633
Iteration: 679, relative residual: 0.00020862092343425524
Iteration: 680, relative residual: 0.00020862041580394593
Iteration: 681, relative residual: 0.00020853826485284614
Iteration: 682, relative residual: 0.00020839546920079155
Iteration: 683, relative residual: 0.00020796601420700666
Iteration: 684, relative residual: 0.00020740980037106845
Iteration: 685, relative residual: 0.00020735543860118393
Iteration: 686, relative residual: 0.00020728436210853637
Iteration: 687, relative residual: 0.0002066339616464726
Iteration: 688, relative residual: 0.00020524873796795776
Iteration: 689, relative residual: 0.00020497351694406308
Iteration: 690, relative residual: 0.00020492663482294442
Iteration: 691, relative residual: 0.00020471874669803113
Iteration: 692, relative residual: 0.00020350893882667447
Iteration: 693, relative residual: 0.00020167425177595205
Iteration: 694, relative residual: 0.00019909218309827975
Iteration: 695, relative residual: 0.00019776644181858244
Iteration: 696, relative residual: 0.00019698899013597662
Iteration: 697, relative residual: 0.00019691823704130624
Iteration: 698, relative residual: 0.00019570859486915172
Iteration: 699, relative residual: 0.00019258612726237202
Iteration: 700, relative residual: 0.00019258612726237202
Residual: 0.00019258612726237202. Restart...
Iteration: 701, relative residual: 0.00018956965963771652
Iteration: 702, relative residual: 0.0001895565210049779
Iteration: 703, relative residual: 0.00018950777005028385
Iteration: 704, relative residual: 0.0001894067694230609
Iteration: 705, relative residual: 0.00018939522296758978
Iteration: 706, relative residual: 0.00018939521121919868
Iteration: 707, relative residual: 0.0001893939065147448
Iteration: 708, relative residual: 0.0001893128076732114
Iteration: 709, relative residual: 0.0001892619944228954
Iteration: 710, relative residual: 0.00018924740617676944
Iteration: 711, relative residual: 0.0001892186667699921
Iteration: 712, relative residual: 0.00018907372979356585
Iteration: 713, relative residual: 0.0001889757262092555
Iteration: 714, relative residual: 0.00018896836875138416
Iteration: 715, relative residual: 0.0001887195566878894
Iteration: 716, relative residual: 0.00018821834189774008
Iteration: 717, relative residual: 0.00018818622951508558
Iteration: 718, relative residual: 0.00018816338834316864
Iteration: 719, relative residual: 0.00018776809369778293
Iteration: 720, relative residual: 0.00018744537803422418
Iteration: 721, relative residual: 0.00018727884438627738
Iteration: 722, relative residual: 0.00018706982882659958
Iteration: 723, relative residual: 0.00018706258395278225
Iteration: 724, relative residual: 0.0001869926736977991
Iteration: 725, relative residual: 0.00018684240961590405
Iteration: 726, relative residual: 0.00018676816795219338
Iteration: 727, relative residual: 0.0001866417028062967
Iteration: 728, relative residual: 0.00018660513791400336
Iteration: 729, relative residual: 0.00018624437623575613
Iteration: 730, relative residual: 0.00018543839316666801
Iteration: 731, relative residual: 0.00018511446093825577
Iteration: 732, relative residual: 0.00018507700052914077
Iteration: 733, relative residual: 0.00018482653521488654
Iteration: 734, relative residual: 0.00018476476367309698
Iteration: 735, relative residual: 0.00018475780263921472
Iteration: 736, relative residual: 0.00018444332298666216
Iteration: 737, relative residual: 0.0001835913039817748
Iteration: 738, relative residual: 0.0001831889348573212
Iteration: 739, relative residual: 0.00018313235334831528
Iteration: 740, relative residual: 0.00018313226547823965
Iteration: 741, relative residual: 0.00018300989226536544
Iteration: 742, relative residual: 0.0001823276058496658
Iteration: 743, relative residual: 0.00018196372245179012
Iteration: 744, relative residual: 0.00018196368439747374
Iteration: 745, relative residual: 0.00018196352360384138
Iteration: 746, relative residual: 0.0001815870187336292
Iteration: 747, relative residual: 0.00018095513950530225
Iteration: 748, relative residual: 0.00018076379546922892
Iteration: 749, relative residual: 0.0001807587039491549
Iteration: 750, relative residual: 0.00018056834980397684
Iteration: 751, relative residual: 0.00018030987721128226
Iteration: 752, relative residual: 0.00017997517177552436
Iteration: 753, relative residual: 0.00017989192169174487
Iteration: 754, relative residual: 0.00017988872270542148
Iteration: 755, relative residual: 0.000179831133734966
Iteration: 756, relative residual: 0.00017967926062571548
Iteration: 757, relative residual: 0.00017961093673859476
Iteration: 758, relative residual: 0.00017957900330980165
Iteration: 759, relative residual: 0.00017957414717069344
Iteration: 760, relative residual: 0.00017940334636773575
Iteration: 761, relative residual: 0.00017922805288800783
Iteration: 762, relative residual: 0.00017886760165388644
Iteration: 763, relative residual: 0.00017880892781958622
Iteration: 764, relative residual: 0.0001788080912595931
Iteration: 765, relative residual: 0.00017852299849526926
Iteration: 766, relative residual: 0.00017801085255140148
Iteration: 767, relative residual: 0.00017798274656178709
Iteration: 768, relative residual: 0.00017787923716667446
Iteration: 769, relative residual: 0.00017771044547811341
Iteration: 770, relative residual: 0.00017766136139614876
Iteration: 771, relative residual: 0.000177202804287783
Iteration: 772, relative residual: 0.0001770437970163719
Iteration: 773, relative residual: 0.00017702726994493312
Iteration: 774, relative residual: 0.00017698667551332986
Iteration: 775, relative residual: 0.00017667091195021256
Iteration: 776, relative residual: 0.0001763477319397765
Iteration: 777, relative residual: 0.0001763427011095139
Iteration: 778, relative residual: 0.00017634100648195126
Iteration: 779, relative residual: 0.00017633135722272254
Iteration: 780, relative residual: 0.0001761933904719371
Iteration: 781, relative residual: 0.00017569406114306983
Iteration: 782, relative residual: 0.00017528681487122933
Iteration: 783, relative residual: 0.00017525730405089875
Iteration: 784, relative residual: 0.00017519815887108951
Iteration: 785, relative residual: 0.00017501187059801806
Iteration: 786, relative residual: 0.00017483518043057202
Iteration: 787, relative residual: 0.00017479845921022658
Iteration: 788, relative residual: 0.0001747467321614568
Iteration: 789, relative residual: 0.00017430648647459126
Iteration: 790, relative residual: 0.00017369695424218225
Iteration: 791, relative residual: 0.00017324371805613247
Iteration: 792, relative residual: 0.00017274053351525373
Iteration: 793, relative residual: 0.0001724860449047792
Iteration: 794, relative residual: 0.0001724471007827677
Iteration: 795, relative residual: 0.000172381023748836
Iteration: 796, relative residual: 0.0001717882072042335
Iteration: 797, relative residual: 0.00017083934841460286
Iteration: 798, relative residual: 0.00016996692768615334
Iteration: 799, relative residual: 0.0001696782561429932
Iteration: 800, relative residual: 0.0001696782561429932
Residual: 0.0001696782561429932. Restart...
Iteration: 801, relative residual: 0.00016964062406084392
Iteration: 802, relative residual: 0.0001696405952465614
Iteration: 803, relative residual: 0.00016964052008627083
Iteration: 804, relative residual: 0.0001696405088800476
Iteration: 805, relative residual: 0.0001696399858181575
Iteration: 806, relative residual: 0.0001696370079050402
Iteration: 807, relative residual: 0.00016962342326548482
Iteration: 808, relative residual: 0.000169607729881973
Iteration: 809, relative residual: 0.00016960734592204432
Iteration: 810, relative residual: 0.00016960034908684532
Iteration: 811, relative residual: 0.00016956308870105555
Iteration: 812, relative residual: 0.0001694766540725639
Iteration: 813, relative residual: 0.00016943582078223312
Iteration: 814, relative residual: 0.00016943426356451715
Iteration: 815, relative residual: 0.00016939142394690524
Iteration: 816, relative residual: 0.0001693042224333987
Iteration: 817, relative residual: 0.0001692088453678905
Iteration: 818, relative residual: 0.00016914675239316568
Iteration: 819, relative residual: 0.00016914567916277582
Iteration: 820, relative residual: 0.00016906174416454962
Iteration: 821, relative residual: 0.000168968282021381
Iteration: 822, relative residual: 0.00016890672964067505
Iteration: 823, relative residual: 0.00016890559421646402
Iteration: 824, relative residual: 0.00016890061569031466
Iteration: 825, relative residual: 0.00016877503804596568
Iteration: 826, relative residual: 0.00016860719610624716
Iteration: 827, relative residual: 0.00016852673084923202
Iteration: 828, relative residual: 0.0001685224994608583
Iteration: 829, relative residual: 0.00016840390776389023
Iteration: 830, relative residual: 0.00016811430545638997
Iteration: 831, relative residual: 0.0001679984920025529
Iteration: 832, relative residual: 0.00016798608062014455
Iteration: 833, relative residual: 0.00016797542785208035
Iteration: 834, relative residual: 0.00016784192943909303
Iteration: 835, relative residual: 0.00016782233171128144
Iteration: 836, relative residual: 0.00016780580080805342
Iteration: 837, relative residual: 0.00016776488217595817
Iteration: 838, relative residual: 0.00016769263613438797
Iteration: 839, relative residual: 0.0001676860020394583
Iteration: 840, relative residual: 0.00016768514947033535
Iteration: 841, relative residual: 0.00016767157261733266
Iteration: 842, relative residual: 0.00016748162229890268
Iteration: 843, relative residual: 0.00016707467791979137
Iteration: 844, relative residual: 0.00016680479128525094
Iteration: 845, relative residual: 0.00016680216418896138
Iteration: 846, relative residual: 0.00016669964699586614
Iteration: 847, relative residual: 0.00016652448710586514
Iteration: 848, relative residual: 0.00016636236367702638
Iteration: 849, relative residual: 0.00016628976390513958
Iteration: 850, relative residual: 0.00016628842919146517
Iteration: 851, relative residual: 0.00016625034599841094
Iteration: 852, relative residual: 0.00016610260069854394
Iteration: 853, relative residual: 0.00016598206351114514
Iteration: 854, relative residual: 0.00016595694940232903
Iteration: 855, relative residual: 0.0001659533593338602
Iteration: 856, relative residual: 0.00016595118993787696
Iteration: 857, relative residual: 0.00016590366599893717
Iteration: 858, relative residual: 0.0001657637776088214
Iteration: 859, relative residual: 0.00016575707447534537
Iteration: 860, relative residual: 0.000165748725750627
Iteration: 861, relative residual: 0.00016568984105210172
Iteration: 862, relative residual: 0.00016555710973820712
Iteration: 863, relative residual: 0.0001653857557920783
Iteration: 864, relative residual: 0.00016531799569729488
Iteration: 865, relative residual: 0.00016531219252626864
Iteration: 866, relative residual: 0.00016524790339569358
Iteration: 867, relative residual: 0.00016510765946933616
Iteration: 868, relative residual: 0.00016505125744531343
Iteration: 869, relative residual: 0.0001650510015691545
Iteration: 870, relative residual: 0.00016501934041734546
Iteration: 871, relative residual: 0.00016488583521573433
Iteration: 872, relative residual: 0.00016458193355748746
Iteration: 873, relative residual: 0.00016450536208154808
Iteration: 874, relative residual: 0.00016450330066526694
Iteration: 875, relative residual: 0.00016448504228167124
Iteration: 876, relative residual: 0.00016430528225038372
Iteration: 877, relative residual: 0.00016411415366980231
Iteration: 878, relative residual: 0.0001639712980229663
Iteration: 879, relative residual: 0.00016394101900679925
Iteration: 880, relative residual: 0.00016391687407155624
Iteration: 881, relative residual: 0.00016385733467864163
Iteration: 882, relative residual: 0.00016380953686212992
Iteration: 883, relative residual: 0.00016376296925215393
Iteration: 884, relative residual: 0.0001637499843992323
Iteration: 885, relative residual: 0.00016372822230328648
Iteration: 886, relative residual: 0.00016364022562783732
Iteration: 887, relative residual: 0.0001635383837181761
Iteration: 888, relative residual: 0.00016344783759811757
Iteration: 889, relative residual: 0.0001634358654944599
Iteration: 890, relative residual: 0.00016339247020621614
Iteration: 891, relative residual: 0.00016333434558370055
Iteration: 892, relative residual: 0.0001632815951554885
Iteration: 893, relative residual: 0.00016317189268164094
Iteration: 894, relative residual: 0.00016312243191456984
Iteration: 895, relative residual: 0.0001631195523405374
Iteration: 896, relative residual: 0.00016306437891194458
Iteration: 897, relative residual: 0.00016296890565522498
Iteration: 898, relative residual: 0.00016278439415932968
Iteration: 899, relative residual: 0.000162676109101828
Iteration: 900, relative residual: 0.000162676109101828
Residual: 0.000162676109101828. Restart...
Iteration: 901, relative residual: 0.00016264505901728574
Iteration: 902, relative residual: 0.0001626450589694406
Iteration: 903, relative residual: 0.0001626450588017072
Iteration: 904, relative residual: 0.00016264505409214857
Iteration: 905, relative residual: 0.00016264496974214077
Iteration: 906, relative residual: 0.00016264459348372523
Iteration: 907, relative residual: 0.00016264353279006418
Iteration: 908, relative residual: 0.00016264113983114982
Iteration: 909, relative residual: 0.00016263741095723123
Iteration: 910, relative residual: 0.00016263689110255743
Iteration: 911, relative residual: 0.0001626367078072301
Iteration: 912, relative residual: 0.0001626333738043562
Iteration: 913, relative residual: 0.00016262482897901818
Iteration: 914, relative residual: 0.0001626178575374889
Iteration: 915, relative residual: 0.00016261784423793015
Iteration: 916, relative residual: 0.00016261325432712082
Iteration: 917, relative residual: 0.00016260525645379062
Iteration: 918, relative residual: 0.00016260176633006604
Iteration: 919, relative residual: 0.00016259901584650063
Iteration: 920, relative residual: 0.00016259271231541778
Iteration: 921, relative residual: 0.00016258302760732934
Iteration: 922, relative residual: 0.0001625749243364143
Iteration: 923, relative residual: 0.0001625729952468407
Iteration: 924, relative residual: 0.00016257268490085127
Iteration: 925, relative residual: 0.0001625544275731974
Iteration: 926, relative residual: 0.00016253508242508333
Iteration: 927, relative residual: 0.000162531233891182
Iteration: 928, relative residual: 0.00016253100611182897
Iteration: 929, relative residual: 0.00016251805182111083
Iteration: 930, relative residual: 0.0001624984184838392
Iteration: 931, relative residual: 0.00016249557459665202
Iteration: 932, relative residual: 0.0001624920070239884
Iteration: 933, relative residual: 0.00016247118783203717
Iteration: 934, relative residual: 0.00016244466409114688
Iteration: 935, relative residual: 0.0001624445582270281
Iteration: 936, relative residual: 0.00016239770777370122
Iteration: 937, relative residual: 0.00016231055271680262
Iteration: 938, relative residual: 0.0001622126939987882
Iteration: 939, relative residual: 0.00016216264542696205
Iteration: 940, relative residual: 0.00016215560748820084
Iteration: 941, relative residual: 0.0001621545075659176
Iteration: 942, relative residual: 0.00016212527989608498
Iteration: 943, relative residual: 0.00016204158861540582
Iteration: 944, relative residual: 0.00016196432604222155
Iteration: 945, relative residual: 0.00016195758856593485
Iteration: 946, relative residual: 0.0001619228935322565
Iteration: 947, relative residual: 0.00016181605242096938
Iteration: 948, relative residual: 0.00016168317093476968
Iteration: 949, relative residual: 0.0001616364784473754
Iteration: 950, relative residual: 0.00016163590684677677
Iteration: 951, relative residual: 0.00016158239239583974
Iteration: 952, relative residual: 0.0001614506472482323
Iteration: 953, relative residual: 0.00016133904001375593
Iteration: 954, relative residual: 0.00016130368578528838
Iteration: 955, relative residual: 0.00016130303728988625
Iteration: 956, relative residual: 0.00016127937414979766
Iteration: 957, relative residual: 0.00016120115289567364
Iteration: 958, relative residual: 0.0001611157142082151
Iteration: 959, relative residual: 0.00016110899873116624
Iteration: 960, relative residual: 0.000161095576651822
Iteration: 961, relative residual: 0.00016099084370733635
Iteration: 962, relative residual: 0.00016086917024818356
Iteration: 963, relative residual: 0.00016072936187927508
Iteration: 964, relative residual: 0.00016053988085490737
Iteration: 965, relative residual: 0.0001604491422754495
Iteration: 966, relative residual: 0.00016044767593412988
Iteration: 967, relative residual: 0.0001603598552962797
Iteration: 968, relative residual: 0.00016024812654867412
Iteration: 969, relative residual: 0.000160223420639244
Iteration: 970, relative residual: 0.00016022333523108156
Iteration: 971, relative residual: 0.00016016973483459147
Iteration: 972, relative residual: 0.00016005211196703104
Iteration: 973, relative residual: 0.0001599631580295462
Iteration: 974, relative residual: 0.00015993316597240662
Iteration: 975, relative residual: 0.00015992723432772232
Iteration: 976, relative residual: 0.00015983706256472708
Iteration: 977, relative residual: 0.0001596132615465625
Iteration: 978, relative residual: 0.00015947385321959923
Iteration: 979, relative residual: 0.0001593939045298038
Iteration: 980, relative residual: 0.0001593933846577776
Iteration: 981, relative residual: 0.00015936128880089626
Iteration: 982, relative residual: 0.00015923194540612182
Iteration: 983, relative residual: 0.00015899107015333852
Iteration: 984, relative residual: 0.000158799526040555
Iteration: 985, relative residual: 0.00015879192651695992
Iteration: 986, relative residual: 0.00015876577867505567
Iteration: 987, relative residual: 0.00015862561138132094
Iteration: 988, relative residual: 0.00015841988241300915
Iteration: 989, relative residual: 0.00015832267618854002
Iteration: 990, relative residual: 0.0001583163480993612
Iteration: 991, relative residual: 0.0001582497129970427
Iteration: 992, relative residual: 0.00015791027809969048
Iteration: 993, relative residual: 0.0001573164040321137
Iteration: 994, relative residual: 0.00015690130103928156
Iteration: 995, relative residual: 0.00015673977890068956
Iteration: 996, relative residual: 0.00015673539865808264
Iteration: 997, relative residual: 0.00015670461987517392
Iteration: 998, relative residual: 0.00015652199103613783
Iteration: 999, relative residual: 0.00015607601317108727
Iteration: 1000, relative residual: 0.00015607601317108727
Residual: 0.00015607601317108727. Restart...
Warning!!!!You have reached the maximum number of iterations : 1000.
The run will stop. Check the residual behaviour you might have a bug.For future runs you might consider changing the tolerance or increasing the number of max_iter.
Solve time        : 7887.960485696793s

Calculate Solvation Energy (E_solv)
Calculating solvation energy for region 1, stored in E_solv[0]
5993.997279410346 of 523947 analytical integrals for phi_reac calculation in region 1
Time E_solv: 21.22546672821045s
Region 1: E_solv = -6696.804299105056 kcal/mol = -28019.429187455557 kJ/mol

Calculate Surface Energy (E_surf)
Time E_surf: 0.020732879638671875s

Calculate Coulomb Energy (E_coul)
Calculate Coulomb energy for region 1
Region 1: E_coul = -250518.2276252768 kcal/mol = -1048168.2643841582 kJ/mol
Time E_coul: 24.687583684921265s

------------------------------
Totals:
E_solv = -6696.804299105056 kcal/mol
E_surf = 0 kcal/mol
E_coul = -250518.2276252768 kcal/mol

Time = 8086.733905792236 s
