Run started on:
	Date: 2020/5/24
	Time: 0:13:3
	PyGBe version: 0.3.2+5.gea0f875
Config file: /cobra/u/gvargas/code/hPB/pygbe/pygbe/myCrownFinShots/sarsCov2002noACE2/snap2/snap2.config
Parameter file: /cobra/u/gvargas/code/hPB/pygbe/pygbe/myCrownFinShots/sarsCov2002noACE2/snap2/snap2.param
Geometry folder: /cobra/u/gvargas/code/hPB/pygbe/pygbe/myCrownFinShots/sarsCov2002noACE2/snap2/geometry
Running in: /cobra/u/gvargas/code/hPB/pygbe/pygbe/myCrownFinShots/sarsCov2002noACE2/snap2

Reading surface 0 from file geometry/crownVF2002noACE2
Time load mesh: 8.873118877410889
Removed areas=0: 214

Total elements : 529040
Total equations: 1058080
----------------------------

1 surfaces:

Surface 0:
	529040 elements
	Surface type         : dielectric_interface
	Cells                : 4361
	Twigs                : 3700
	Levels               : 6
	C0 size              : 91.6085646385459
	C0 box center        : 68.79727503969455, 85.90742282184084, 107.41279480190535
	Twig cell size       : 2.8627676449545594
	Rbox/theta           : 5.725535289909119
	Analytic distance    : 1.2959227934725697
	Elem. per Ang^2      : 4.167304831529611
	Max, min, avg elem.  : 1.2180060472479228, 4.99999999995893e-07, 0.23996324733291696
	Total area           : 126950.15636900639
------------------------------

2 regions:

Region 0:
	Laplace or Yukawa: 2
	kappa            : 0.125
	dielectric const : 80.0
	Number of charges: 0
	Parent surface   : []
	Child surfaces   : [0]
Region 1:
	Laplace or Yukawa: 1
	kappa            : 1e-12
	dielectric const : 4.0
	Number of charges: 50853
	Parent surface   : [0]
	Child surfaces   : []
------------------------------

Parameters:
	Data type               : <class 'numpy.float64'>
	Use GPU                 : 1
	P                       : 4
	threshold               : 0.50
	theta                   : 0.50
	NCRIT                   : 500
	CUDA block size         : 128
	Gauss points per element: 1
	Gauss points near singlr: 25
	1D Gauss points per side: 9
	GMRES tolerance         : 1e-05
	GMRES max iterations    : 1000
	GMRES restart iteration : 100
----------------------------

Generate interaction list
Transfer data to GPU
Generate RHS
List time          : 4.102440118789673s
Data transfer time : 0.5143857002258301s
RHS generation time: 0.5440621376037598s
------------------------------
Total setup time   : 68.98267912864685s
Solve
Iteration: 1, relative residual: 0.2998780962190088
Iteration: 2, relative residual: 0.19525479439061735
Iteration: 3, relative residual: 0.15482871384736405
Iteration: 4, relative residual: 0.1279283456966635
Iteration: 5, relative residual: 0.1022749630027237
Iteration: 6, relative residual: 0.08857402002863926
Iteration: 7, relative residual: 0.07007856795829068
Iteration: 8, relative residual: 0.06218676384006902
Iteration: 9, relative residual: 0.05557193850013709
Iteration: 10, relative residual: 0.04275549285176071
Iteration: 11, relative residual: 0.03545260916274289
Iteration: 12, relative residual: 0.028322959495926742
Iteration: 13, relative residual: 0.02626648536566619
Iteration: 14, relative residual: 0.022932073871837405
Iteration: 15, relative residual: 0.02001351461389137
Iteration: 16, relative residual: 0.017262127592481184
Iteration: 17, relative residual: 0.014832068999176698
Iteration: 18, relative residual: 0.012870814359916756
Iteration: 19, relative residual: 0.011541729721514824
Iteration: 20, relative residual: 0.009858079696327984
Iteration: 21, relative residual: 0.008179174731332568
Iteration: 22, relative residual: 0.007369956058952412
Iteration: 23, relative residual: 0.007078677307388312
Iteration: 24, relative residual: 0.0070768080564964425
Iteration: 25, relative residual: 0.006764772809987614
Iteration: 26, relative residual: 0.006266493752675599
Iteration: 27, relative residual: 0.005692276191425518
Iteration: 28, relative residual: 0.005223748446750534
Iteration: 29, relative residual: 0.004725280502470953
Iteration: 30, relative residual: 0.004349798955028969
Iteration: 31, relative residual: 0.004340784803933818
Iteration: 32, relative residual: 0.00408160203781447
Iteration: 33, relative residual: 0.003822619102736353
Iteration: 34, relative residual: 0.0037770730111650174
Iteration: 35, relative residual: 0.0037768613396876455
Iteration: 36, relative residual: 0.0037049731656921716
Iteration: 37, relative residual: 0.003516772381729098
Iteration: 38, relative residual: 0.003420898104310003
Iteration: 39, relative residual: 0.0033776808924521006
Iteration: 40, relative residual: 0.0033342172685387485
Iteration: 41, relative residual: 0.0031811610796347914
Iteration: 42, relative residual: 0.002954827992399545
Iteration: 43, relative residual: 0.002794735529655936
Iteration: 44, relative residual: 0.002770155160194095
Iteration: 45, relative residual: 0.002764163392122897
Iteration: 46, relative residual: 0.002701641110208279
Iteration: 47, relative residual: 0.002595262013085499
Iteration: 48, relative residual: 0.002420471137417412
Iteration: 49, relative residual: 0.002251996287055857
Iteration: 50, relative residual: 0.0021516437307470618
Iteration: 51, relative residual: 0.002096672122758643
Iteration: 52, relative residual: 0.0020771750952627128
Iteration: 53, relative residual: 0.002043465977840392
Iteration: 54, relative residual: 0.0019553294026109667
Iteration: 55, relative residual: 0.0018345473036785352
Iteration: 56, relative residual: 0.0017777080592279544
Iteration: 57, relative residual: 0.001648943934572193
Iteration: 58, relative residual: 0.0015818226560771155
Iteration: 59, relative residual: 0.0015286981781221284
Iteration: 60, relative residual: 0.0015278611739730282
Iteration: 61, relative residual: 0.0014893933108124616
Iteration: 62, relative residual: 0.0014616609140100662
Iteration: 63, relative residual: 0.0014318815156749108
Iteration: 64, relative residual: 0.0014060407382204675
Iteration: 65, relative residual: 0.0014053734925785187
Iteration: 66, relative residual: 0.001397331997865439
Iteration: 67, relative residual: 0.0013829049565238641
Iteration: 68, relative residual: 0.0013605005135675812
Iteration: 69, relative residual: 0.0013196412345329212
Iteration: 70, relative residual: 0.001308047032882331
Iteration: 71, relative residual: 0.0012955821044345211
Iteration: 72, relative residual: 0.0012943252208091386
Iteration: 73, relative residual: 0.0012909179227633722
Iteration: 74, relative residual: 0.00129090930084197
Iteration: 75, relative residual: 0.0012885475876325758
Iteration: 76, relative residual: 0.0012817832370195677
Iteration: 77, relative residual: 0.0012780217777309778
Iteration: 78, relative residual: 0.0012759324193390834
Iteration: 79, relative residual: 0.001274946529222489
Iteration: 80, relative residual: 0.0012742051573540213
Iteration: 81, relative residual: 0.0012688655066935156
Iteration: 82, relative residual: 0.0012675643843708172
Iteration: 83, relative residual: 0.0012624870622784444
Iteration: 84, relative residual: 0.0012622207354824647
Iteration: 85, relative residual: 0.00126129761476649
Iteration: 86, relative residual: 0.0012600393901924484
Iteration: 87, relative residual: 0.0012592763344235946
Iteration: 88, relative residual: 0.0012576681397103073
Iteration: 89, relative residual: 0.0012576210278188204
Iteration: 90, relative residual: 0.0012567737001652358
Iteration: 91, relative residual: 0.0012565207562860602
Iteration: 92, relative residual: 0.0012564595630017337
Iteration: 93, relative residual: 0.0012521035630060431
Iteration: 94, relative residual: 0.0012519577512152247
Iteration: 95, relative residual: 0.0012509265830929984
Iteration: 96, relative residual: 0.0012508629232729608
Iteration: 97, relative residual: 0.0012444741672424924
Iteration: 98, relative residual: 0.001237570232458344
Iteration: 99, relative residual: 0.0012338773215266159
Iteration: 100, relative residual: 0.0012338773215266159
Residual: 0.0012338773215266159. Restart...
Iteration: 101, relative residual: 0.0012331561951069248
Iteration: 102, relative residual: 0.0012331561950262666
Iteration: 103, relative residual: 0.001233156157487277
Iteration: 104, relative residual: 0.0012331560069599268
Iteration: 105, relative residual: 0.0012331559616673743
Iteration: 106, relative residual: 0.0012331559542882817
Iteration: 107, relative residual: 0.0012331547918669821
Iteration: 108, relative residual: 0.0012331490462645636
Iteration: 109, relative residual: 0.0012331142006959965
Iteration: 110, relative residual: 0.0012330853976557617
Iteration: 111, relative residual: 0.0012329319338003145
Iteration: 112, relative residual: 0.0012326403756668168
Iteration: 113, relative residual: 0.001232080309431705
Iteration: 114, relative residual: 0.0012314438452786691
Iteration: 115, relative residual: 0.001230912312769384
Iteration: 116, relative residual: 0.0012305041437663824
Iteration: 117, relative residual: 0.0012304234167621656
Iteration: 118, relative residual: 0.001230412240144942
Iteration: 119, relative residual: 0.0012303746219793931
Iteration: 120, relative residual: 0.0012303146487819166
Iteration: 121, relative residual: 0.001230249652257554
Iteration: 122, relative residual: 0.001230248713804757
Iteration: 123, relative residual: 0.001230216583328035
Iteration: 124, relative residual: 0.0012301451483317286
Iteration: 125, relative residual: 0.0012301276595756262
Iteration: 126, relative residual: 0.0012301227077983052
Iteration: 127, relative residual: 0.00122992273078237
Iteration: 128, relative residual: 0.0012297284196067933
Iteration: 129, relative residual: 0.001229594912235827
Iteration: 130, relative residual: 0.0012295920474311706
Iteration: 131, relative residual: 0.0012295302912178022
Iteration: 132, relative residual: 0.001229348764012093
Iteration: 133, relative residual: 0.0012289919308660561
Iteration: 134, relative residual: 0.0012285463722634322
Iteration: 135, relative residual: 0.0012281799432157887
Iteration: 136, relative residual: 0.0012277735421244674
Iteration: 137, relative residual: 0.0012277042293191856
Iteration: 138, relative residual: 0.0012276834130480513
Iteration: 139, relative residual: 0.0012271833623537967
Iteration: 140, relative residual: 0.0012262691544486636
Iteration: 141, relative residual: 0.0012258867232237197
Iteration: 142, relative residual: 0.0012258537002114314
Iteration: 143, relative residual: 0.0012258146124123675
Iteration: 144, relative residual: 0.00122569842790552
Iteration: 145, relative residual: 0.0012251887216099717
Iteration: 146, relative residual: 0.001224428714332725
Iteration: 147, relative residual: 0.0012243587380062558
Iteration: 148, relative residual: 0.0012238743480216462
Iteration: 149, relative residual: 0.0012231043985696996
Iteration: 150, relative residual: 0.0012226843986321782
Iteration: 151, relative residual: 0.00122192747144111
Iteration: 152, relative residual: 0.0012213331928540986
Iteration: 153, relative residual: 0.001221306281035734
Iteration: 154, relative residual: 0.0012212246292637268
Iteration: 155, relative residual: 0.0012204318882336478
Iteration: 156, relative residual: 0.0012175471881676826
Iteration: 157, relative residual: 0.0012168717203755474
Iteration: 158, relative residual: 0.0012168168949505485
Iteration: 159, relative residual: 0.0012167572434550321
Iteration: 160, relative residual: 0.0012167066472794238
Iteration: 161, relative residual: 0.0012156446123636243
Iteration: 162, relative residual: 0.0012127618672875544
Iteration: 163, relative residual: 0.0012098499817295267
Iteration: 164, relative residual: 0.0012090003190674736
Iteration: 165, relative residual: 0.0012087999052651037
Iteration: 166, relative residual: 0.001207747087597823
Iteration: 167, relative residual: 0.0012070985198867838
Iteration: 168, relative residual: 0.0012042860711296624
Iteration: 169, relative residual: 0.0012020278155991482
Iteration: 170, relative residual: 0.0012020277617091147
Iteration: 171, relative residual: 0.0012003652658672996
Iteration: 172, relative residual: 0.0011966539470107014
Iteration: 173, relative residual: 0.0011926962244067183
Iteration: 174, relative residual: 0.001186083333248042
Iteration: 175, relative residual: 0.001183267115312759
Iteration: 176, relative residual: 0.0011831717615746046
Iteration: 177, relative residual: 0.0011826622979895479
Iteration: 178, relative residual: 0.001179331962890641
Iteration: 179, relative residual: 0.0011730990268601223
Iteration: 180, relative residual: 0.0011602351505867509
Iteration: 181, relative residual: 0.0011460108518960446
Iteration: 182, relative residual: 0.0011390132868428094
Iteration: 183, relative residual: 0.0011348684870751244
Iteration: 184, relative residual: 0.0011345091604850529
Iteration: 185, relative residual: 0.0011271559495802867
Iteration: 186, relative residual: 0.001120081422604372
Iteration: 187, relative residual: 0.001090836531237941
Iteration: 188, relative residual: 0.001070443007307189
Iteration: 189, relative residual: 0.0010583525789091205
Iteration: 190, relative residual: 0.0010556682910160793
Iteration: 191, relative residual: 0.0010555719073165862
Iteration: 192, relative residual: 0.0010472738202828387
Iteration: 193, relative residual: 0.0010347436066881074
Iteration: 194, relative residual: 0.0010160972888937554
Iteration: 195, relative residual: 0.0010037277725494713
Iteration: 196, relative residual: 0.0010027387282300875
Iteration: 197, relative residual: 0.0009994242135330361
Iteration: 198, relative residual: 0.0009855531337590975
Iteration: 199, relative residual: 0.000964286747817754
Iteration: 200, relative residual: 0.000964286747817754
Residual: 0.000964286747817754. Restart...
Iteration: 201, relative residual: 0.0009520677801163635
Iteration: 202, relative residual: 0.0009520675085270382
Iteration: 203, relative residual: 0.0009520500278278031
Iteration: 204, relative residual: 0.0009519769651479734
Iteration: 205, relative residual: 0.0009517473939575035
Iteration: 206, relative residual: 0.0009513723183821681
Iteration: 207, relative residual: 0.0009510604292880467
Iteration: 208, relative residual: 0.0009509721099640423
Iteration: 209, relative residual: 0.0009509610698306688
Iteration: 210, relative residual: 0.0009509097010384502
Iteration: 211, relative residual: 0.0009507942154541626
Iteration: 212, relative residual: 0.00095028603692351
Iteration: 213, relative residual: 0.0009500842437555067
Iteration: 214, relative residual: 0.0009498415261542777
Iteration: 215, relative residual: 0.0009495247413666497
Iteration: 216, relative residual: 0.0009494210461964159
Iteration: 217, relative residual: 0.0009490152936900264
Iteration: 218, relative residual: 0.000948756892415325
Iteration: 219, relative residual: 0.0009487568228705794
Iteration: 220, relative residual: 0.0009487304588020185
Iteration: 221, relative residual: 0.0009483813786025805
Iteration: 222, relative residual: 0.0009479570917288956
Iteration: 223, relative residual: 0.0009479355424116448
Iteration: 224, relative residual: 0.000947609636670704
Iteration: 225, relative residual: 0.0009470289959913062
Iteration: 226, relative residual: 0.0009467442152360715
Iteration: 227, relative residual: 0.0009466959363369866
Iteration: 228, relative residual: 0.0009465139371908416
Iteration: 229, relative residual: 0.0009463542493029573
Iteration: 230, relative residual: 0.0009445757208367809
Iteration: 231, relative residual: 0.0009426980118876027
Iteration: 232, relative residual: 0.0009401516262049723
Iteration: 233, relative residual: 0.000939875475139624
Iteration: 234, relative residual: 0.0009394029931494987
Iteration: 235, relative residual: 0.0009374227392516451
Iteration: 236, relative residual: 0.0009333583479794359
Iteration: 237, relative residual: 0.0009271995563700129
Iteration: 238, relative residual: 0.0009252295462183872
Iteration: 239, relative residual: 0.0009251315013494531
Iteration: 240, relative residual: 0.0009226098855453433
Iteration: 241, relative residual: 0.0009180589766221054
Iteration: 242, relative residual: 0.0009102579706727246
Iteration: 243, relative residual: 0.0009021322911417499
Iteration: 244, relative residual: 0.0008939526843036375
Iteration: 245, relative residual: 0.0008931984046019623
Iteration: 246, relative residual: 0.0008923756348704395
Iteration: 247, relative residual: 0.0008875811103261948
Iteration: 248, relative residual: 0.000882986172278782
Iteration: 249, relative residual: 0.0008809582534119843
Iteration: 250, relative residual: 0.0008786561685396387
Iteration: 251, relative residual: 0.000878537306601906
Iteration: 252, relative residual: 0.0008737191748742342
Iteration: 253, relative residual: 0.000861638301039554
Iteration: 254, relative residual: 0.0008438013142986406
Iteration: 255, relative residual: 0.0008306245524672356
Iteration: 256, relative residual: 0.0008171342582735683
Iteration: 257, relative residual: 0.000817069668639141
Iteration: 258, relative residual: 0.0008130076929483359
Iteration: 259, relative residual: 0.0008024576271589244
Iteration: 260, relative residual: 0.0007862960934268167
Iteration: 261, relative residual: 0.0007743794329281923
Iteration: 262, relative residual: 0.0007712301439447985
Iteration: 263, relative residual: 0.0007707911860818624
Iteration: 264, relative residual: 0.0007687748078349661
Iteration: 265, relative residual: 0.0007633107067739261
Iteration: 266, relative residual: 0.0007570714847080864
Iteration: 267, relative residual: 0.000755742348151436
Iteration: 268, relative residual: 0.0007555978140741497
Iteration: 269, relative residual: 0.0007503310362072508
Iteration: 270, relative residual: 0.0007448022316029779
Iteration: 271, relative residual: 0.0007359740524260248
Iteration: 272, relative residual: 0.0007258312165588081
Iteration: 273, relative residual: 0.0007257784500629968
Iteration: 274, relative residual: 0.0007256512940731668
Iteration: 275, relative residual: 0.0007235046740233358
Iteration: 276, relative residual: 0.0007162049585371352
Iteration: 277, relative residual: 0.0007086324381674363
Iteration: 278, relative residual: 0.0006992843783707707
Iteration: 279, relative residual: 0.0006979692019968124
Iteration: 280, relative residual: 0.000695365765642543
Iteration: 281, relative residual: 0.0006947569952186567
Iteration: 282, relative residual: 0.0006928666828982944
Iteration: 283, relative residual: 0.0006812872290601457
Iteration: 284, relative residual: 0.0006707034091521384
Iteration: 285, relative residual: 0.0006655637838387817
Iteration: 286, relative residual: 0.0006628413732527897
Iteration: 287, relative residual: 0.0006626099118329156
Iteration: 288, relative residual: 0.0006593857869386799
Iteration: 289, relative residual: 0.0006520552759404315
Iteration: 290, relative residual: 0.0006476482780370343
Iteration: 291, relative residual: 0.0006430458058533421
Iteration: 292, relative residual: 0.000642541237406198
Iteration: 293, relative residual: 0.0006401815262446301
Iteration: 294, relative residual: 0.0006354189044374296
Iteration: 295, relative residual: 0.0006296118666021857
Iteration: 296, relative residual: 0.0006205620285703703
Iteration: 297, relative residual: 0.0006192897006385441
Iteration: 298, relative residual: 0.0006184792189738128
Iteration: 299, relative residual: 0.0006182820723868206
Iteration: 300, relative residual: 0.0006182820723868206
Residual: 0.0006182820723868206. Restart...
Iteration: 301, relative residual: 0.0006146088662644743
Iteration: 302, relative residual: 0.0006146087858636782
Iteration: 303, relative residual: 0.0006145990592422315
Iteration: 304, relative residual: 0.0006145719056591997
Iteration: 305, relative residual: 0.0006144794302173344
Iteration: 306, relative residual: 0.0006143802391280706
Iteration: 307, relative residual: 0.000614158072452433
Iteration: 308, relative residual: 0.0006140215803084016
Iteration: 309, relative residual: 0.0006139356284800437
Iteration: 310, relative residual: 0.0006139291868737647
Iteration: 311, relative residual: 0.0006138809890183472
Iteration: 312, relative residual: 0.000613740139616828
Iteration: 313, relative residual: 0.0006137399899527677
Iteration: 314, relative residual: 0.0006136547226914677
Iteration: 315, relative residual: 0.0006133574791258209
Iteration: 316, relative residual: 0.0006130282864697588
Iteration: 317, relative residual: 0.0006127039279070419
Iteration: 318, relative residual: 0.0006125125324700175
Iteration: 319, relative residual: 0.0006125023711836982
Iteration: 320, relative residual: 0.0006124132323039559
Iteration: 321, relative residual: 0.0006121004080279872
Iteration: 322, relative residual: 0.0006120589923779829
Iteration: 323, relative residual: 0.0006120475205219266
Iteration: 324, relative residual: 0.000611918574854359
Iteration: 325, relative residual: 0.0006112943112024582
Iteration: 326, relative residual: 0.0006109980426045732
Iteration: 327, relative residual: 0.0006109944422050385
Iteration: 328, relative residual: 0.0006101488824123823
Iteration: 329, relative residual: 0.0006087321924985619
Iteration: 330, relative residual: 0.0006070894651970881
Iteration: 331, relative residual: 0.0006045821275789881
Iteration: 332, relative residual: 0.0006015889134682881
Iteration: 333, relative residual: 0.0006004260516552342
Iteration: 334, relative residual: 0.0005999602554651712
Iteration: 335, relative residual: 0.0005997389377846476
Iteration: 336, relative residual: 0.0005979059420361848
Iteration: 337, relative residual: 0.0005957919153539334
Iteration: 338, relative residual: 0.0005950198917473565
Iteration: 339, relative residual: 0.0005949477699704555
Iteration: 340, relative residual: 0.0005948086158009001
Iteration: 341, relative residual: 0.0005939901269399085
Iteration: 342, relative residual: 0.0005922718824281839
Iteration: 343, relative residual: 0.0005916107060158544
Iteration: 344, relative residual: 0.0005915304227252151
Iteration: 345, relative residual: 0.0005896336947530861
Iteration: 346, relative residual: 0.000584188301417512
Iteration: 347, relative residual: 0.000581012502613858
Iteration: 348, relative residual: 0.000579072642483735
Iteration: 349, relative residual: 0.0005790530379662125
Iteration: 350, relative residual: 0.0005783970371122997
Iteration: 351, relative residual: 0.0005751197537357446
Iteration: 352, relative residual: 0.0005713985031194362
Iteration: 353, relative residual: 0.0005692308864711225
Iteration: 354, relative residual: 0.0005686950946903041
Iteration: 355, relative residual: 0.0005683391733808042
Iteration: 356, relative residual: 0.0005660578025247552
Iteration: 357, relative residual: 0.0005632669151812386
Iteration: 358, relative residual: 0.0005600257938549286
Iteration: 359, relative residual: 0.0005570299402672074
Iteration: 360, relative residual: 0.0005568072447945084
Iteration: 361, relative residual: 0.0005539499680700488
Iteration: 362, relative residual: 0.0005490521099256831
Iteration: 363, relative residual: 0.000546982067361762
Iteration: 364, relative residual: 0.0005467771271119443
Iteration: 365, relative residual: 0.000546618301344875
Iteration: 366, relative residual: 0.0005418432235474557
Iteration: 367, relative residual: 0.0005360922370943745
Iteration: 368, relative residual: 0.0005348484936387604
Iteration: 369, relative residual: 0.0005348083524707396
Iteration: 370, relative residual: 0.0005326147186561085
Iteration: 371, relative residual: 0.000526752484297442
Iteration: 372, relative residual: 0.0005197225708905593
Iteration: 373, relative residual: 0.0005162250732141431
Iteration: 374, relative residual: 0.0005144679782418429
Iteration: 375, relative residual: 0.000514388866203925
Iteration: 376, relative residual: 0.0005142197357641859
Iteration: 377, relative residual: 0.0005131934155070569
Iteration: 378, relative residual: 0.0005064443087071238
Iteration: 379, relative residual: 0.0005006061459905505
Iteration: 380, relative residual: 0.0004984859586533545
Iteration: 381, relative residual: 0.0004981454101637479
Iteration: 382, relative residual: 0.0004978739010891996
Iteration: 383, relative residual: 0.0004971462052477033
Iteration: 384, relative residual: 0.000492892160102312
Iteration: 385, relative residual: 0.0004903428371811401
Iteration: 386, relative residual: 0.000488676327106386
Iteration: 387, relative residual: 0.0004884600553626611
Iteration: 388, relative residual: 0.0004883860603735335
Iteration: 389, relative residual: 0.0004857072443063463
Iteration: 390, relative residual: 0.00048086668844858686
Iteration: 391, relative residual: 0.00047755818265946166
Iteration: 392, relative residual: 0.0004763785490164321
Iteration: 393, relative residual: 0.00047607926164185854
Iteration: 394, relative residual: 0.000472277005739679
Iteration: 395, relative residual: 0.00046753922707032044
Iteration: 396, relative residual: 0.0004605643437359973
Iteration: 397, relative residual: 0.0004551556928509468
Iteration: 398, relative residual: 0.000454425357225316
Iteration: 399, relative residual: 0.0004543959288104373
Iteration: 400, relative residual: 0.0004543959288104373
Residual: 0.0004543959288104373. Restart...
Iteration: 401, relative residual: 0.0004494986191411777
Iteration: 402, relative residual: 0.00044949745211756315
Iteration: 403, relative residual: 0.00044944915466727637
Iteration: 404, relative residual: 0.0004493205818253241
Iteration: 405, relative residual: 0.00044908259997184137
Iteration: 406, relative residual: 0.00044860179196173005
Iteration: 407, relative residual: 0.0004481861628581216
Iteration: 408, relative residual: 0.0004481172034395624
Iteration: 409, relative residual: 0.00044810224485055983
Iteration: 410, relative residual: 0.0004480298040742971
Iteration: 411, relative residual: 0.00044766736164784715
Iteration: 412, relative residual: 0.00044746425576516085
Iteration: 413, relative residual: 0.0004474617988847242
Iteration: 414, relative residual: 0.00044734270293873287
Iteration: 415, relative residual: 0.00044694336255000114
Iteration: 416, relative residual: 0.0004463214423755047
Iteration: 417, relative residual: 0.0004448584726050837
Iteration: 418, relative residual: 0.00044429875960002994
Iteration: 419, relative residual: 0.0004442934662878394
Iteration: 420, relative residual: 0.0004440480334913903
Iteration: 421, relative residual: 0.0004429011306391389
Iteration: 422, relative residual: 0.0004425726945049337
Iteration: 423, relative residual: 0.0004425589640347047
Iteration: 424, relative residual: 0.00044203932265100165
Iteration: 425, relative residual: 0.0004408470504416376
Iteration: 426, relative residual: 0.0004408055135889284
Iteration: 427, relative residual: 0.0004407752119971186
Iteration: 428, relative residual: 0.00043969926471545994
Iteration: 429, relative residual: 0.00043735921609907354
Iteration: 430, relative residual: 0.0004324748077944353
Iteration: 431, relative residual: 0.0004303737003734294
Iteration: 432, relative residual: 0.00042959190292211387
Iteration: 433, relative residual: 0.00042957219306442754
Iteration: 434, relative residual: 0.0004292577230102517
Iteration: 435, relative residual: 0.0004275552322416622
Iteration: 436, relative residual: 0.0004254716626858569
Iteration: 437, relative residual: 0.00042467020028832167
Iteration: 438, relative residual: 0.0004243077994442595
Iteration: 439, relative residual: 0.00042430446666041807
Iteration: 440, relative residual: 0.0004232946606364718
Iteration: 441, relative residual: 0.00042266615233942225
Iteration: 442, relative residual: 0.0004219440709378167
Iteration: 443, relative residual: 0.0004218657378198456
Iteration: 444, relative residual: 0.00042136612381912043
Iteration: 445, relative residual: 0.00041938711413190533
Iteration: 446, relative residual: 0.000417201579584996
Iteration: 447, relative residual: 0.0004162099127156807
Iteration: 448, relative residual: 0.00041620928051145164
Iteration: 449, relative residual: 0.0004148875023553971
Iteration: 450, relative residual: 0.00041278347008435535
Iteration: 451, relative residual: 0.00041044835237290467
Iteration: 452, relative residual: 0.00041005689857844804
Iteration: 453, relative residual: 0.0004100095455804212
Iteration: 454, relative residual: 0.00040914412834048956
Iteration: 455, relative residual: 0.0004067788769913014
Iteration: 456, relative residual: 0.0004034619985871006
Iteration: 457, relative residual: 0.00040104427827173126
Iteration: 458, relative residual: 0.00040058193340454734
Iteration: 459, relative residual: 0.0004004479683624819
Iteration: 460, relative residual: 0.00039967035784666113
Iteration: 461, relative residual: 0.0003976099010664486
Iteration: 462, relative residual: 0.0003958243815764861
Iteration: 463, relative residual: 0.00039433405033450076
Iteration: 464, relative residual: 0.0003942298359097477
Iteration: 465, relative residual: 0.0003921288825286209
Iteration: 466, relative residual: 0.0003890698346325384
Iteration: 467, relative residual: 0.0003886852508020113
Iteration: 468, relative residual: 0.00038864363851446107
Iteration: 469, relative residual: 0.0003883666638693265
Iteration: 470, relative residual: 0.0003868805914752272
Iteration: 471, relative residual: 0.00038459234955465384
Iteration: 472, relative residual: 0.00038185438793683526
Iteration: 473, relative residual: 0.000379040096626566
Iteration: 474, relative residual: 0.00037783982713165574
Iteration: 475, relative residual: 0.00037776176143547284
Iteration: 476, relative residual: 0.00037660507757824024
Iteration: 477, relative residual: 0.0003742397520082787
Iteration: 478, relative residual: 0.00037116379763727544
Iteration: 479, relative residual: 0.00036852432704334684
Iteration: 480, relative residual: 0.00036829431382654263
Iteration: 481, relative residual: 0.0003682157018733797
Iteration: 482, relative residual: 0.0003666481009180619
Iteration: 483, relative residual: 0.00036361999714202274
Iteration: 484, relative residual: 0.00036050262819849004
Iteration: 485, relative residual: 0.0003582760685905165
Iteration: 486, relative residual: 0.00035774499398209375
Iteration: 487, relative residual: 0.0003574215899020295
Iteration: 488, relative residual: 0.00035575201904422543
Iteration: 489, relative residual: 0.0003532314203504121
Iteration: 490, relative residual: 0.0003516562224488134
Iteration: 491, relative residual: 0.0003508991796216063
Iteration: 492, relative residual: 0.0003505973309890181
Iteration: 493, relative residual: 0.0003503418344387442
Iteration: 494, relative residual: 0.0003486632228374539
Iteration: 495, relative residual: 0.0003463927940786952
Iteration: 496, relative residual: 0.0003450620352630102
Iteration: 497, relative residual: 0.000344774931474102
Iteration: 498, relative residual: 0.00034470880479595904
Iteration: 499, relative residual: 0.0003436466576839632
Iteration: 500, relative residual: 0.0003436466576839632
Residual: 0.0003436466576839632. Restart...
Iteration: 501, relative residual: 0.0003405994673165857
Iteration: 502, relative residual: 0.0003405990953866112
Iteration: 503, relative residual: 0.00034055769041501754
Iteration: 504, relative residual: 0.00034046466321601917
Iteration: 505, relative residual: 0.0003402522834378326
Iteration: 506, relative residual: 0.00033972055301610644
Iteration: 507, relative residual: 0.00033938063536612464
Iteration: 508, relative residual: 0.00033920309172012216
Iteration: 509, relative residual: 0.00033912334434082233
Iteration: 510, relative residual: 0.0003390697312410461
Iteration: 511, relative residual: 0.0003390388798489521
Iteration: 512, relative residual: 0.00033894522128436616
Iteration: 513, relative residual: 0.0003388791755538404
Iteration: 514, relative residual: 0.000338878666735963
Iteration: 515, relative residual: 0.0003387356062808841
Iteration: 516, relative residual: 0.00033845905951423403
Iteration: 517, relative residual: 0.0003379827735456072
Iteration: 518, relative residual: 0.00033778413991252936
Iteration: 519, relative residual: 0.0003377800988550231
Iteration: 520, relative residual: 0.00033765364193162975
Iteration: 521, relative residual: 0.00033755306570955616
Iteration: 522, relative residual: 0.0003374086394337683
Iteration: 523, relative residual: 0.00033740858514333627
Iteration: 524, relative residual: 0.00033727647533967985
Iteration: 525, relative residual: 0.00033706838750216506
Iteration: 526, relative residual: 0.0003370397469314746
Iteration: 527, relative residual: 0.0003369558112642005
Iteration: 528, relative residual: 0.0003367095288106374
Iteration: 529, relative residual: 0.0003365221018336248
Iteration: 530, relative residual: 0.00033599634461091015
Iteration: 531, relative residual: 0.0003350946967078598
Iteration: 532, relative residual: 0.00033382917508150605
Iteration: 533, relative residual: 0.0003334194728548046
Iteration: 534, relative residual: 0.000333317536239496
Iteration: 535, relative residual: 0.0003332603497990357
Iteration: 536, relative residual: 0.0003327335290649929
Iteration: 537, relative residual: 0.00033071012028818215
Iteration: 538, relative residual: 0.0003296135310699674
Iteration: 539, relative residual: 0.00032920781486630023
Iteration: 540, relative residual: 0.0003291518923130942
Iteration: 541, relative residual: 0.00032879482704907754
Iteration: 542, relative residual: 0.0003281072408674044
Iteration: 543, relative residual: 0.00032801318098415154
Iteration: 544, relative residual: 0.00032801134899468695
Iteration: 545, relative residual: 0.00032792801082688914
Iteration: 546, relative residual: 0.00032713771895948355
Iteration: 547, relative residual: 0.0003262492188379004
Iteration: 548, relative residual: 0.0003258428910128526
Iteration: 549, relative residual: 0.0003256944097457673
Iteration: 550, relative residual: 0.0003255016647779544
Iteration: 551, relative residual: 0.00032461091576906233
Iteration: 552, relative residual: 0.0003241693499729316
Iteration: 553, relative residual: 0.00032387517033308027
Iteration: 554, relative residual: 0.0003234177941922621
Iteration: 555, relative residual: 0.0003234132697316729
Iteration: 556, relative residual: 0.00032300649393795367
Iteration: 557, relative residual: 0.00032215516904456775
Iteration: 558, relative residual: 0.00032140720332407747
Iteration: 559, relative residual: 0.0003207204827203865
Iteration: 560, relative residual: 0.0003205986903463544
Iteration: 561, relative residual: 0.0003205834124864704
Iteration: 562, relative residual: 0.00032049972352623786
Iteration: 563, relative residual: 0.00031979613668035303
Iteration: 564, relative residual: 0.00031925511606031734
Iteration: 565, relative residual: 0.00031914840172398394
Iteration: 566, relative residual: 0.0003191469192243222
Iteration: 567, relative residual: 0.0003185537900691713
Iteration: 568, relative residual: 0.00031766666234170257
Iteration: 569, relative residual: 0.00031677120354951105
Iteration: 570, relative residual: 0.00031670220511398464
Iteration: 571, relative residual: 0.00031670139145569887
Iteration: 572, relative residual: 0.0003165584097884535
Iteration: 573, relative residual: 0.00031483662896968214
Iteration: 574, relative residual: 0.000312884437401146
Iteration: 575, relative residual: 0.00031131610085538065
Iteration: 576, relative residual: 0.000310496580872673
Iteration: 577, relative residual: 0.00031026453045347144
Iteration: 578, relative residual: 0.000310168152440773
Iteration: 579, relative residual: 0.0003096318598711981
Iteration: 580, relative residual: 0.0003086447256269554
Iteration: 581, relative residual: 0.00030695449164924455
Iteration: 582, relative residual: 0.0003061649746345841
Iteration: 583, relative residual: 0.00030615125255402116
Iteration: 584, relative residual: 0.0003054103171746917
Iteration: 585, relative residual: 0.0003045020180056278
Iteration: 586, relative residual: 0.0003028533782757034
Iteration: 587, relative residual: 0.0003019279450184706
Iteration: 588, relative residual: 0.0003014485353523897
Iteration: 589, relative residual: 0.00030144551786187107
Iteration: 590, relative residual: 0.0003009424945324484
Iteration: 591, relative residual: 0.000300408134731439
Iteration: 592, relative residual: 0.00029905638519764274
Iteration: 593, relative residual: 0.00029864441569475806
Iteration: 594, relative residual: 0.00029833509665372327
Iteration: 595, relative residual: 0.000298261100335945
Iteration: 596, relative residual: 0.0002978330981076132
Iteration: 597, relative residual: 0.00029659577653796005
Iteration: 598, relative residual: 0.00029523147982036076
Iteration: 599, relative residual: 0.0002947951661175518
Iteration: 600, relative residual: 0.0002947951661175518
Residual: 0.0002947951661175518. Restart...
Iteration: 601, relative residual: 0.00029479214890581877
Iteration: 602, relative residual: 0.00029479214880726777
Iteration: 603, relative residual: 0.00029479213695655915
Iteration: 604, relative residual: 0.0002947921365518981
Iteration: 605, relative residual: 0.000294792104348495
Iteration: 606, relative residual: 0.00029479041310372144
Iteration: 607, relative residual: 0.000294785341832972
Iteration: 608, relative residual: 0.0002947723155724153
Iteration: 609, relative residual: 0.0002947553525122724
Iteration: 610, relative residual: 0.0002947291335876171
Iteration: 611, relative residual: 0.00029469789984048724
Iteration: 612, relative residual: 0.00029469156555156936
Iteration: 613, relative residual: 0.00029469063520751236
Iteration: 614, relative residual: 0.00029466540690534373
Iteration: 615, relative residual: 0.00029464462415834235
Iteration: 616, relative residual: 0.0002946112438209851
Iteration: 617, relative residual: 0.000294581178963553
Iteration: 618, relative residual: 0.00029456694632191657
Iteration: 619, relative residual: 0.00029455981772117095
Iteration: 620, relative residual: 0.00029449288966034673
Iteration: 621, relative residual: 0.0002944027156654094
Iteration: 622, relative residual: 0.00029433329698797255
Iteration: 623, relative residual: 0.00029433072835922247
Iteration: 624, relative residual: 0.0002942697725101916
Iteration: 625, relative residual: 0.0002941483845403527
Iteration: 626, relative residual: 0.0002938502856262593
Iteration: 627, relative residual: 0.00029369312859041824
Iteration: 628, relative residual: 0.00029369002385918366
Iteration: 629, relative residual: 0.0002935047103799125
Iteration: 630, relative residual: 0.00029277308554376486
Iteration: 631, relative residual: 0.00029203872738679375
Iteration: 632, relative residual: 0.00029178896369456904
Iteration: 633, relative residual: 0.00029176870188698986
Iteration: 634, relative residual: 0.00029167143369061176
Iteration: 635, relative residual: 0.00029109286835786766
Iteration: 636, relative residual: 0.00029062695331366774
Iteration: 637, relative residual: 0.00029020466124944584
Iteration: 638, relative residual: 0.00029019581145179083
Iteration: 639, relative residual: 0.00028999261547559544
Iteration: 640, relative residual: 0.0002896547877714512
Iteration: 641, relative residual: 0.00028943799422004253
Iteration: 642, relative residual: 0.00028936953104209917
Iteration: 643, relative residual: 0.00028931049729065
Iteration: 644, relative residual: 0.0002891506289902285
Iteration: 645, relative residual: 0.0002885405215942188
Iteration: 646, relative residual: 0.0002882860659705343
Iteration: 647, relative residual: 0.0002882731413726932
Iteration: 648, relative residual: 0.00028823684312425155
Iteration: 649, relative residual: 0.00028801697115115774
Iteration: 650, relative residual: 0.00028748304760721363
Iteration: 651, relative residual: 0.00028708613349444313
Iteration: 652, relative residual: 0.000287016273748998
Iteration: 653, relative residual: 0.00028698526563738483
Iteration: 654, relative residual: 0.00028671579840924805
Iteration: 655, relative residual: 0.00028620250134806776
Iteration: 656, relative residual: 0.00028529699742097544
Iteration: 657, relative residual: 0.0002847893334619142
Iteration: 658, relative residual: 0.0002846455413761559
Iteration: 659, relative residual: 0.0002846428040182539
Iteration: 660, relative residual: 0.00028448408875653825
Iteration: 661, relative residual: 0.0002841811899481429
Iteration: 662, relative residual: 0.0002839378776443155
Iteration: 663, relative residual: 0.0002837887442621245
Iteration: 664, relative residual: 0.0002837762199444379
Iteration: 665, relative residual: 0.0002835834330260708
Iteration: 666, relative residual: 0.00028327963824750367
Iteration: 667, relative residual: 0.00028308470615633996
Iteration: 668, relative residual: 0.0002830086686713048
Iteration: 669, relative residual: 0.00028286416451187767
Iteration: 670, relative residual: 0.0002825911945778731
Iteration: 671, relative residual: 0.0002820679380548385
Iteration: 672, relative residual: 0.00028160432176981145
Iteration: 673, relative residual: 0.00028104133811189677
Iteration: 674, relative residual: 0.00028097368484512853
Iteration: 675, relative residual: 0.0002809116512073961
Iteration: 676, relative residual: 0.0002808856854684764
Iteration: 677, relative residual: 0.0002807706479534393
Iteration: 678, relative residual: 0.0002804395136704819
Iteration: 679, relative residual: 0.00027991717840427965
Iteration: 680, relative residual: 0.000279865451413983
Iteration: 681, relative residual: 0.000279750872448745
Iteration: 682, relative residual: 0.00027974074188613656
Iteration: 683, relative residual: 0.0002793348507032355
Iteration: 684, relative residual: 0.0002789290068342957
Iteration: 685, relative residual: 0.0002784437561071879
Iteration: 686, relative residual: 0.00027800907472675583
Iteration: 687, relative residual: 0.00027793639786804185
Iteration: 688, relative residual: 0.00027793198696428453
Iteration: 689, relative residual: 0.0002775382792669518
Iteration: 690, relative residual: 0.0002768278142808345
Iteration: 691, relative residual: 0.0002763722790344901
Iteration: 692, relative residual: 0.0002762631190958195
Iteration: 693, relative residual: 0.00027619416864217483
Iteration: 694, relative residual: 0.00027602854092012563
Iteration: 695, relative residual: 0.00027582398440486217
Iteration: 696, relative residual: 0.0002755647403999516
Iteration: 697, relative residual: 0.0002752594427587749
Iteration: 698, relative residual: 0.00027525773475722376
Iteration: 699, relative residual: 0.0002752529663785883
Iteration: 700, relative residual: 0.0002752529663785883
Residual: 0.0002752529663785883. Restart...
Iteration: 701, relative residual: 0.0002752518867930064
Iteration: 702, relative residual: 0.0002752518867897218
Iteration: 703, relative residual: 0.00027525188561955454
Iteration: 704, relative residual: 0.0002752518815535103
Iteration: 705, relative residual: 0.0002752518691811335
Iteration: 706, relative residual: 0.0002752518296880299
Iteration: 707, relative residual: 0.0002752517826399918
Iteration: 708, relative residual: 0.00027525171134888156
Iteration: 709, relative residual: 0.0002752515752653983
Iteration: 710, relative residual: 0.00027525131054378
Iteration: 711, relative residual: 0.0002752505826735975
Iteration: 712, relative residual: 0.0002752502758863221
Iteration: 713, relative residual: 0.0002752502747133724
Iteration: 714, relative residual: 0.0002752494233849605
Iteration: 715, relative residual: 0.0002752473816590606
Iteration: 716, relative residual: 0.00027524388114389043
Iteration: 717, relative residual: 0.0002752418801889273
Iteration: 718, relative residual: 0.0002752407714936222
Iteration: 719, relative residual: 0.0002752407580634963
Iteration: 720, relative residual: 0.00027523681351692645
Iteration: 721, relative residual: 0.000275226648797404
Iteration: 722, relative residual: 0.00027521618532893005
Iteration: 723, relative residual: 0.00027521618468529527
Iteration: 724, relative residual: 0.0002752070160710713
Iteration: 725, relative residual: 0.00027518782267553846
Iteration: 726, relative residual: 0.00027517576370200404
Iteration: 727, relative residual: 0.0002751757360009088
Iteration: 728, relative residual: 0.00027516085982488896
Iteration: 729, relative residual: 0.00027510297197329346
Iteration: 730, relative residual: 0.00027499116022261126
Iteration: 731, relative residual: 0.0002748334729107882
Iteration: 732, relative residual: 0.00027468406779831614
Iteration: 733, relative residual: 0.0002746291262532444
Iteration: 734, relative residual: 0.00027462508631810714
Iteration: 735, relative residual: 0.00027458859100429784
Iteration: 736, relative residual: 0.0002743453177728365
Iteration: 737, relative residual: 0.00027405757026294886
Iteration: 738, relative residual: 0.00027385758942464366
Iteration: 739, relative residual: 0.0002738509437936404
Iteration: 740, relative residual: 0.0002737716876589782
Iteration: 741, relative residual: 0.00027361546494323756
Iteration: 742, relative residual: 0.0002734854874062758
Iteration: 743, relative residual: 0.0002734745661790067
Iteration: 744, relative residual: 0.00027345480942886965
Iteration: 745, relative residual: 0.00027339772564242005
Iteration: 746, relative residual: 0.0002732458088057403
Iteration: 747, relative residual: 0.00027319906733440586
Iteration: 748, relative residual: 0.00027319432117340936
Iteration: 749, relative residual: 0.00027315315956806177
Iteration: 750, relative residual: 0.0002731286649078942
Iteration: 751, relative residual: 0.0002730778653697178
Iteration: 752, relative residual: 0.0002730187001199872
Iteration: 753, relative residual: 0.0002730181561700658
Iteration: 754, relative residual: 0.0002730127212256024
Iteration: 755, relative residual: 0.00027298964906612334
Iteration: 756, relative residual: 0.00027292117547298095
Iteration: 757, relative residual: 0.00027273807030582634
Iteration: 758, relative residual: 0.00027264690627061246
Iteration: 759, relative residual: 0.00027255208721546593
Iteration: 760, relative residual: 0.0002725275972074677
Iteration: 761, relative residual: 0.0002725167535852396
Iteration: 762, relative residual: 0.0002724479267550743
Iteration: 763, relative residual: 0.0002723372314100799
Iteration: 764, relative residual: 0.0002722657110659209
Iteration: 765, relative residual: 0.0002722634474545523
Iteration: 766, relative residual: 0.00027218034923406334
Iteration: 767, relative residual: 0.00027198631986748563
Iteration: 768, relative residual: 0.00027191145115293115
Iteration: 769, relative residual: 0.0002719002461166722
Iteration: 770, relative residual: 0.0002718964067712901
Iteration: 771, relative residual: 0.00027184208182630816
Iteration: 772, relative residual: 0.0002717849961655138
Iteration: 773, relative residual: 0.0002716983253603853
Iteration: 774, relative residual: 0.0002715473087658582
Iteration: 775, relative residual: 0.0002714122539232658
Iteration: 776, relative residual: 0.00027131258079462816
Iteration: 777, relative residual: 0.0002713111064201226
Iteration: 778, relative residual: 0.00027124196846711155
Iteration: 779, relative residual: 0.00027116980602085144
Iteration: 780, relative residual: 0.00027106465955506714
Iteration: 781, relative residual: 0.00027103163837104046
Iteration: 782, relative residual: 0.00027100723132346085
Iteration: 783, relative residual: 0.000270994963513288
Iteration: 784, relative residual: 0.00027099298708537135
Iteration: 785, relative residual: 0.00027099275952013955
Iteration: 786, relative residual: 0.0002709746435861213
Iteration: 787, relative residual: 0.00027089143456290014
Iteration: 788, relative residual: 0.00027088547257424726
Iteration: 789, relative residual: 0.00027084677058220383
Iteration: 790, relative residual: 0.0002708412966107561
Iteration: 791, relative residual: 0.00027083921828020737
Iteration: 792, relative residual: 0.00027083863587692167
Iteration: 793, relative residual: 0.0002707873614981627
Iteration: 794, relative residual: 0.00027075547746758773
Iteration: 795, relative residual: 0.00027067604545665626
Iteration: 796, relative residual: 0.00027062297911339316
Iteration: 797, relative residual: 0.0002706226747710042
Iteration: 798, relative residual: 0.0002706185959050116
Iteration: 799, relative residual: 0.00027042707676329576
Iteration: 800, relative residual: 0.00027042707676329576
Residual: 0.00027042707676329576. Restart...
Iteration: 801, relative residual: 0.0002703592438213323
Iteration: 802, relative residual: 0.0002703592435766198
Iteration: 803, relative residual: 0.00027035921169107273
Iteration: 804, relative residual: 0.00027035909668485957
Iteration: 805, relative residual: 0.0002703588835954031
Iteration: 806, relative residual: 0.00027035846241336915
Iteration: 807, relative residual: 0.000270358095353857
Iteration: 808, relative residual: 0.0002703580226660621
Iteration: 809, relative residual: 0.0002703580225743092
Iteration: 810, relative residual: 0.00027035797060710336
Iteration: 811, relative residual: 0.00027035771676545524
Iteration: 812, relative residual: 0.00027035771187943294
Iteration: 813, relative residual: 0.00027035768519966994
Iteration: 814, relative residual: 0.00027035765529323264
Iteration: 815, relative residual: 0.000270357653802177
Iteration: 816, relative residual: 0.00027035754890740313
Iteration: 817, relative residual: 0.00027035729348658485
Iteration: 818, relative residual: 0.00027035677967714356
Iteration: 819, relative residual: 0.0002703567733093415
Iteration: 820, relative residual: 0.0002703563866845675
Iteration: 821, relative residual: 0.0002703556356257322
Iteration: 822, relative residual: 0.00027035562091235176
Iteration: 823, relative residual: 0.00027035479902279996
Iteration: 824, relative residual: 0.0002703538511018486
Iteration: 825, relative residual: 0.00027035265676139995
Iteration: 826, relative residual: 0.0002703524451751506
Iteration: 827, relative residual: 0.00027035244517022226
Iteration: 828, relative residual: 0.000270352370284479
Iteration: 829, relative residual: 0.0002703516115785391
Iteration: 830, relative residual: 0.0002703500848605474
Iteration: 831, relative residual: 0.0002703482793934489
Iteration: 832, relative residual: 0.0002703431369906852
Iteration: 833, relative residual: 0.0002703397392651866
Iteration: 834, relative residual: 0.00027033972347088615
Iteration: 835, relative residual: 0.0002703390730632792
Iteration: 836, relative residual: 0.00027033904589281193
Iteration: 837, relative residual: 0.00027033785915813775
Iteration: 838, relative residual: 0.00027033229340403585
Iteration: 839, relative residual: 0.0002703275818356987
Iteration: 840, relative residual: 0.0002703250804137198
Iteration: 841, relative residual: 0.0002703248166989296
Iteration: 842, relative residual: 0.00027032480209827794
Iteration: 843, relative residual: 0.00027032166968795886
Iteration: 844, relative residual: 0.00027031882144230683
Iteration: 845, relative residual: 0.0002703140438784127
Iteration: 846, relative residual: 0.0002703110897807481
Iteration: 847, relative residual: 0.00027030906846084354
Iteration: 848, relative residual: 0.0002703090372214169
Iteration: 849, relative residual: 0.0002703069743771963
Iteration: 850, relative residual: 0.00027030433111618245
Iteration: 851, relative residual: 0.00027030205964687884
Iteration: 852, relative residual: 0.00027030119876016856
Iteration: 853, relative residual: 0.0002703010210455978
Iteration: 854, relative residual: 0.0002703009900087382
Iteration: 855, relative residual: 0.00027029557449693563
Iteration: 856, relative residual: 0.00027028401205045707
Iteration: 857, relative residual: 0.0002702761201089707
Iteration: 858, relative residual: 0.00027027559836926196
Iteration: 859, relative residual: 0.0002702752883776326
Iteration: 860, relative residual: 0.00027027501551222865
Iteration: 861, relative residual: 0.00027026297915409424
Iteration: 862, relative residual: 0.0002702334677079143
Iteration: 863, relative residual: 0.00027023266444141473
Iteration: 864, relative residual: 0.00027022910188251163
Iteration: 865, relative residual: 0.0002702290859977333
Iteration: 866, relative residual: 0.0002702062707932861
Iteration: 867, relative residual: 0.0002701991887840574
Iteration: 868, relative residual: 0.00027019407816511237
Iteration: 869, relative residual: 0.00027019082331521756
Iteration: 870, relative residual: 0.0002701867035633318
Iteration: 871, relative residual: 0.0002701858465815191
Iteration: 872, relative residual: 0.000270171969405687
Iteration: 873, relative residual: 0.0002701454547019013
Iteration: 874, relative residual: 0.00027014101806459176
Iteration: 875, relative residual: 0.0002701316273083594
Iteration: 876, relative residual: 0.0002701265505210995
Iteration: 877, relative residual: 0.0002701132359363437
Iteration: 878, relative residual: 0.0002701012619496759
Iteration: 879, relative residual: 0.00027004833908838676
Iteration: 880, relative residual: 0.00026999697772354134
Iteration: 881, relative residual: 0.000269987395885894
Iteration: 882, relative residual: 0.0002699769323290105
Iteration: 883, relative residual: 0.00026997691638302475
Iteration: 884, relative residual: 0.0002699649315714357
Iteration: 885, relative residual: 0.00026993809338716584
Iteration: 886, relative residual: 0.00026972202787409834
Iteration: 887, relative residual: 0.0002697067014057591
Iteration: 888, relative residual: 0.0002696812200138109
Iteration: 889, relative residual: 0.0002696770026373731
Iteration: 890, relative residual: 0.000269628459151919
Iteration: 891, relative residual: 0.0002694609909925132
Iteration: 892, relative residual: 0.000269309546507354
Iteration: 893, relative residual: 0.00026929741684728064
Iteration: 894, relative residual: 0.000269252905884981
Iteration: 895, relative residual: 0.0002692529058763266
Iteration: 896, relative residual: 0.0002692195318034403
Iteration: 897, relative residual: 0.0002691630512001124
Iteration: 898, relative residual: 0.0002690111273134657
Iteration: 899, relative residual: 0.00026885325843776413
Iteration: 900, relative residual: 0.00026885325843776413
Residual: 0.00026885325843776413. Restart...
Iteration: 901, relative residual: 0.00026883797796237364
Iteration: 902, relative residual: 0.0002688379779594586
Iteration: 903, relative residual: 0.00026883797770743906
Iteration: 904, relative residual: 0.00026883797559367536
Iteration: 905, relative residual: 0.00026883796557280066
Iteration: 906, relative residual: 0.0002688379101429678
Iteration: 907, relative residual: 0.00026883768799600404
Iteration: 908, relative residual: 0.00026883718106635176
Iteration: 909, relative residual: 0.00026883616561151495
Iteration: 910, relative residual: 0.00026883530974332293
Iteration: 911, relative residual: 0.0002688343740467908
Iteration: 912, relative residual: 0.0002688342365327989
Iteration: 913, relative residual: 0.0002688334296959118
Iteration: 914, relative residual: 0.00026883037299199
Iteration: 915, relative residual: 0.00026882728553807985
Iteration: 916, relative residual: 0.00026882164050028457
Iteration: 917, relative residual: 0.0002688183176622182
Iteration: 918, relative residual: 0.00026881599411557626
Iteration: 919, relative residual: 0.0002688151893380541
Iteration: 920, relative residual: 0.0002688149875601246
Iteration: 921, relative residual: 0.00026881329804835224
Iteration: 922, relative residual: 0.0002688121803851961
Iteration: 923, relative residual: 0.0002688121803245102
Iteration: 924, relative residual: 0.00026880963378496896
Iteration: 925, relative residual: 0.00026879685316761237
Iteration: 926, relative residual: 0.0002687772589860584
Iteration: 927, relative residual: 0.00026875986346195307
Iteration: 928, relative residual: 0.0002687571238956296
Iteration: 929, relative residual: 0.00026874929088665486
Iteration: 930, relative residual: 0.0002687230250459669
Iteration: 931, relative residual: 0.00026866084397926716
Iteration: 932, relative residual: 0.00026853842970017743
Iteration: 933, relative residual: 0.0002684738930208516
Iteration: 934, relative residual: 0.00026845084354374646
Iteration: 935, relative residual: 0.00026844501603327136
Iteration: 936, relative residual: 0.0002684416140180787
Iteration: 937, relative residual: 0.000268419251799211
Iteration: 938, relative residual: 0.0002683767224598469
Iteration: 939, relative residual: 0.00026836877409585827
Iteration: 940, relative residual: 0.00026836872146022165
Iteration: 941, relative residual: 0.00026835119257906354
Iteration: 942, relative residual: 0.0002683363490843735
Iteration: 943, relative residual: 0.0002683116877926324
Iteration: 944, relative residual: 0.00026830453031307023
Iteration: 945, relative residual: 0.0002683030606020545
Iteration: 946, relative residual: 0.0002682992216132896
Iteration: 947, relative residual: 0.00026826486762023964
Iteration: 948, relative residual: 0.00026824015197990907
Iteration: 949, relative residual: 0.00026821944564510224
Iteration: 950, relative residual: 0.0002682187242568427
Iteration: 951, relative residual: 0.00026821494290998237
Iteration: 952, relative residual: 0.00026818480816112253
Iteration: 953, relative residual: 0.00026814659135497007
Iteration: 954, relative residual: 0.00026810088214073834
Iteration: 955, relative residual: 0.00026808592722753097
Iteration: 956, relative residual: 0.00026808578346787987
Iteration: 957, relative residual: 0.0002680759481644468
Iteration: 958, relative residual: 0.0002680482077564037
Iteration: 959, relative residual: 0.00026800597414352695
Iteration: 960, relative residual: 0.0002679884366672386
Iteration: 961, relative residual: 0.00026798750321474333
Iteration: 962, relative residual: 0.00026798241030168905
Iteration: 963, relative residual: 0.00026792920633153744
Iteration: 964, relative residual: 0.0002678339773286304
Iteration: 965, relative residual: 0.0002677948955016201
Iteration: 966, relative residual: 0.000267793860511638
Iteration: 967, relative residual: 0.0002677897849283161
Iteration: 968, relative residual: 0.0002677801465676039
Iteration: 969, relative residual: 0.0002677346283219197
Iteration: 970, relative residual: 0.00026767333102005046
Iteration: 971, relative residual: 0.00026766530329248975
Iteration: 972, relative residual: 0.0002676436294200287
Iteration: 973, relative residual: 0.000267580382438227
Iteration: 974, relative residual: 0.0002675565140159976
Iteration: 975, relative residual: 0.0002675468474680164
Iteration: 976, relative residual: 0.0002675458418185481
Iteration: 977, relative residual: 0.0002675042742190393
Iteration: 978, relative residual: 0.00026747154471523237
Iteration: 979, relative residual: 0.0002674604039672063
Iteration: 980, relative residual: 0.0002674459537556483
Iteration: 981, relative residual: 0.0002674428617937761
Iteration: 982, relative residual: 0.0002674415443925527
Iteration: 983, relative residual: 0.00026743151388754807
Iteration: 984, relative residual: 0.0002674314079346953
Iteration: 985, relative residual: 0.0002674289817388274
Iteration: 986, relative residual: 0.0002674266993255167
Iteration: 987, relative residual: 0.0002674255791254403
Iteration: 988, relative residual: 0.000267419872990451
Iteration: 989, relative residual: 0.00026741827075122695
Iteration: 990, relative residual: 0.0002674137830964023
Iteration: 991, relative residual: 0.0002674071372554549
Iteration: 992, relative residual: 0.000267406316408358
Iteration: 993, relative residual: 0.0002674042157942153
Iteration: 994, relative residual: 0.0002673818882476115
Iteration: 995, relative residual: 0.00026738025522907914
Iteration: 996, relative residual: 0.0002673517906555775
Iteration: 997, relative residual: 0.0002673254136804603
Iteration: 998, relative residual: 0.000267320759303546
Iteration: 999, relative residual: 0.00026732033541976725
Iteration: 1000, relative residual: 0.00026732033541976725
Residual: 0.00026732033541976725. Restart...
Warning!!!!You have reached the maximum number of iterations : 1000.
The run will stop. Check the residual behaviour you might have a bug.For future runs you might consider changing the tolerance or increasing the number of max_iter.
Solve time        : 4752.246369123459s

Calculate Solvation Energy (E_solv)
Calculating solvation energy for region 1, stored in E_solv[0]
6254.912925491121 of 529040 analytical integrals for phi_reac calculation in region 1
Time E_solv: 4.529930114746094s
Region 1: E_solv = -6907.169943305569 kcal/mol = -28899.5990427905 kJ/mol

Calculate Surface Energy (E_surf)
Time E_surf: 0.02040576934814453s

Calculate Coulomb Energy (E_coul)
Calculate Coulomb energy for region 1
Region 1: E_coul = -241935.05867371822 kcal/mol = -1012256.2854908371 kJ/mol
Time E_coul: 23.76746940612793s

------------------------------
Totals:
E_solv = -6907.169943305569 kcal/mol
E_surf = 0 kcal/mol
E_coul = -241935.05867371822 kcal/mol

Time = 4852.572552204132 s
