Run started on:
	Date: 2020/5/24
	Time: 0:31:6
	PyGBe version: 0.3.2+5.gea0f875
Config file: /cobra/u/gvargas/code/hPB/pygbe/pygbe/myCrownFinShots/sarsCov2002noACE2/snap4/snap4.config
Parameter file: /cobra/u/gvargas/code/hPB/pygbe/pygbe/myCrownFinShots/sarsCov2002noACE2/snap4/snap4.param
Geometry folder: /cobra/u/gvargas/code/hPB/pygbe/pygbe/myCrownFinShots/sarsCov2002noACE2/snap4/geometry
Running in: /cobra/u/gvargas/code/hPB/pygbe/pygbe/myCrownFinShots/sarsCov2002noACE2/snap4

Reading surface 0 from file geometry/crownVF2002noACE2
Time load mesh: 9.003709316253662
Removed areas=0: 238

Total elements : 527398
Total equations: 1054796
----------------------------

1 surfaces:

Surface 0:
	527398 elements
	Surface type         : dielectric_interface
	Cells                : 4353
	Twigs                : 3697
	Levels               : 7
	C0 size              : 91.93414733552834
	C0 box center        : 98.60480732324861, 82.2553501422708, 107.4303208361301
	Twig cell size       : 1.4364710521176303
	Rbox/theta           : 2.8729421042352605
	Analytic distance    : 1.2973705297134148
	Elem. per Ang^2      : 4.157902563036668
	Max, min, avg elem.  : 1.4369890680907282, 4.99999999995893e-07, 0.24050587642190047
	Total area           : 126842.31821315746
------------------------------

2 regions:

Region 0:
	Laplace or Yukawa: 2
	kappa            : 0.125
	dielectric const : 80.0
	Number of charges: 0
	Parent surface   : []
	Child surfaces   : [0]
Region 1:
	Laplace or Yukawa: 1
	kappa            : 1e-12
	dielectric const : 4.0
	Number of charges: 50854
	Parent surface   : [0]
	Child surfaces   : []
------------------------------

Parameters:
	Data type               : <class 'numpy.float64'>
	Use GPU                 : 1
	P                       : 4
	threshold               : 0.50
	theta                   : 0.50
	NCRIT                   : 500
	CUDA block size         : 128
	Gauss points per element: 1
	Gauss points near singlr: 25
	1D Gauss points per side: 9
	GMRES tolerance         : 1e-05
	GMRES max iterations    : 1000
	GMRES restart iteration : 100
----------------------------

Generate interaction list
Transfer data to GPU
Generate RHS
List time          : 4.023316383361816s
Data transfer time : 0.5061523914337158s
RHS generation time: 0.7407636642456055s
------------------------------
Total setup time   : 67.8662474155426s
Solve
Iteration: 1, relative residual: 0.333765041537863
Iteration: 2, relative residual: 0.20659654899934624
Iteration: 3, relative residual: 0.15638109279246964
Iteration: 4, relative residual: 0.13107112009401062
Iteration: 5, relative residual: 0.10349096055700432
Iteration: 6, relative residual: 0.09004553137847776
Iteration: 7, relative residual: 0.06768466422052616
Iteration: 8, relative residual: 0.058514112270257185
Iteration: 9, relative residual: 0.050962893951130656
Iteration: 10, relative residual: 0.03694534668626007
Iteration: 11, relative residual: 0.030478077965360503
Iteration: 12, relative residual: 0.026210348428440933
Iteration: 13, relative residual: 0.022724524340635894
Iteration: 14, relative residual: 0.01854712312847636
Iteration: 15, relative residual: 0.018077477862746657
Iteration: 16, relative residual: 0.015904632431026803
Iteration: 17, relative residual: 0.014028110447269686
Iteration: 18, relative residual: 0.013143204565741508
Iteration: 19, relative residual: 0.010250421247426322
Iteration: 20, relative residual: 0.008845671312323064
Iteration: 21, relative residual: 0.007217505175193627
Iteration: 22, relative residual: 0.006414650754924591
Iteration: 23, relative residual: 0.00563135522265702
Iteration: 24, relative residual: 0.005244418277878362
Iteration: 25, relative residual: 0.005086535187376963
Iteration: 26, relative residual: 0.0050213362863702
Iteration: 27, relative residual: 0.004546742597264151
Iteration: 28, relative residual: 0.004154127444790958
Iteration: 29, relative residual: 0.0037458773186479746
Iteration: 30, relative residual: 0.0032958691745576993
Iteration: 31, relative residual: 0.003045389632293127
Iteration: 32, relative residual: 0.0027739707781382805
Iteration: 33, relative residual: 0.0026414491531084154
Iteration: 34, relative residual: 0.0026135192078312916
Iteration: 35, relative residual: 0.002607196521514549
Iteration: 36, relative residual: 0.0024736190217029778
Iteration: 37, relative residual: 0.002289345295028284
Iteration: 38, relative residual: 0.0020894791101423817
Iteration: 39, relative residual: 0.0018597840576039222
Iteration: 40, relative residual: 0.00176362115993228
Iteration: 41, relative residual: 0.0016378755228992317
Iteration: 42, relative residual: 0.0015879866386239736
Iteration: 43, relative residual: 0.0015875474844957264
Iteration: 44, relative residual: 0.0015795443150589008
Iteration: 45, relative residual: 0.0015095465439994543
Iteration: 46, relative residual: 0.0014521426700441122
Iteration: 47, relative residual: 0.001432094879353776
Iteration: 48, relative residual: 0.001408109244247296
Iteration: 49, relative residual: 0.0014017060872132843
Iteration: 50, relative residual: 0.0014012076805497505
Iteration: 51, relative residual: 0.0013875585291151685
Iteration: 52, relative residual: 0.0013424822330016931
Iteration: 53, relative residual: 0.0013225570220744382
Iteration: 54, relative residual: 0.0013126180155657752
Iteration: 55, relative residual: 0.0013122623259642526
Iteration: 56, relative residual: 0.0013015545508260433
Iteration: 57, relative residual: 0.0012772528302772226
Iteration: 58, relative residual: 0.0012402704875104239
Iteration: 59, relative residual: 0.0011972729250699045
Iteration: 60, relative residual: 0.0011818401963450099
Iteration: 61, relative residual: 0.0011812528761191647
Iteration: 62, relative residual: 0.0011746420354986373
Iteration: 63, relative residual: 0.001138871501062591
Iteration: 64, relative residual: 0.0011087295582267887
Iteration: 65, relative residual: 0.0010782767372400563
Iteration: 66, relative residual: 0.0010471521660685317
Iteration: 67, relative residual: 0.0010350234527371827
Iteration: 68, relative residual: 0.0010279108356261461
Iteration: 69, relative residual: 0.0010266753077514438
Iteration: 70, relative residual: 0.0010259502969069386
Iteration: 71, relative residual: 0.0010181818323659686
Iteration: 72, relative residual: 0.0010046255940440447
Iteration: 73, relative residual: 0.000997382190037525
Iteration: 74, relative residual: 0.000990097782194487
Iteration: 75, relative residual: 0.00098887244482055
Iteration: 76, relative residual: 0.0009877538044270036
Iteration: 77, relative residual: 0.000985606452127875
Iteration: 78, relative residual: 0.000983047031387274
Iteration: 79, relative residual: 0.0009779662307589155
Iteration: 80, relative residual: 0.0009773777631697405
Iteration: 81, relative residual: 0.0009737826951079836
Iteration: 82, relative residual: 0.0009735943294782284
Iteration: 83, relative residual: 0.0009652861754037272
Iteration: 84, relative residual: 0.0009625298544028231
Iteration: 85, relative residual: 0.000947485261698081
Iteration: 86, relative residual: 0.0009200018623140142
Iteration: 87, relative residual: 0.0009071480477360109
Iteration: 88, relative residual: 0.0008956246947857933
Iteration: 89, relative residual: 0.0008937132228840437
Iteration: 90, relative residual: 0.0008933605053129844
Iteration: 91, relative residual: 0.000891085007870422
Iteration: 92, relative residual: 0.0008758506716304359
Iteration: 93, relative residual: 0.0008648320092731378
Iteration: 94, relative residual: 0.0008382215852217445
Iteration: 95, relative residual: 0.0008233902961651305
Iteration: 96, relative residual: 0.0008126150222880985
Iteration: 97, relative residual: 0.0008073034549468367
Iteration: 98, relative residual: 0.0008072689722971499
Iteration: 99, relative residual: 0.0008063086307556772
Iteration: 100, relative residual: 0.0008063086307556772
Residual: 0.0008063086307556772. Restart...
Iteration: 101, relative residual: 0.0008062298764863957
Iteration: 102, relative residual: 0.0008062298764709644
Iteration: 103, relative residual: 0.0008062298484664027
Iteration: 104, relative residual: 0.0008062290314915993
Iteration: 105, relative residual: 0.0008062256733716929
Iteration: 106, relative residual: 0.0008062009499214431
Iteration: 107, relative residual: 0.0008061745333486558
Iteration: 108, relative residual: 0.0008061578678046839
Iteration: 109, relative residual: 0.000806155492617579
Iteration: 110, relative residual: 0.0008061132654982355
Iteration: 111, relative residual: 0.000806086426901735
Iteration: 112, relative residual: 0.0008060640977234325
Iteration: 113, relative residual: 0.0008060490874819464
Iteration: 114, relative residual: 0.0008057660693655913
Iteration: 115, relative residual: 0.0008045351268845212
Iteration: 116, relative residual: 0.0008036743893238867
Iteration: 117, relative residual: 0.0008036743867492974
Iteration: 118, relative residual: 0.0008036276989419006
Iteration: 119, relative residual: 0.0008027899480026682
Iteration: 120, relative residual: 0.000801941593950425
Iteration: 121, relative residual: 0.0008013403830395213
Iteration: 122, relative residual: 0.0007997271842874092
Iteration: 123, relative residual: 0.0007975568862057358
Iteration: 124, relative residual: 0.0007957353612208592
Iteration: 125, relative residual: 0.0007927561056288425
Iteration: 126, relative residual: 0.000791867673218853
Iteration: 127, relative residual: 0.0007918100423203972
Iteration: 128, relative residual: 0.000791276729998184
Iteration: 129, relative residual: 0.0007890473890345466
Iteration: 130, relative residual: 0.0007874351861609456
Iteration: 131, relative residual: 0.0007857408706941207
Iteration: 132, relative residual: 0.0007827456189491755
Iteration: 133, relative residual: 0.0007818614728647281
Iteration: 134, relative residual: 0.0007814710026579374
Iteration: 135, relative residual: 0.0007813765561352729
Iteration: 136, relative residual: 0.0007804982312813685
Iteration: 137, relative residual: 0.0007760356949045772
Iteration: 138, relative residual: 0.0007734123069065151
Iteration: 139, relative residual: 0.0007714718048397579
Iteration: 140, relative residual: 0.0007711779554499393
Iteration: 141, relative residual: 0.0007707378411518188
Iteration: 142, relative residual: 0.0007692573184833313
Iteration: 143, relative residual: 0.0007654244420120542
Iteration: 144, relative residual: 0.0007614627849364359
Iteration: 145, relative residual: 0.0007544230690284053
Iteration: 146, relative residual: 0.0007474829832026066
Iteration: 147, relative residual: 0.0007454927782237535
Iteration: 148, relative residual: 0.0007454496495292564
Iteration: 149, relative residual: 0.0007446154909283307
Iteration: 150, relative residual: 0.0007443386388254091
Iteration: 151, relative residual: 0.0007437282261803883
Iteration: 152, relative residual: 0.0007432583091948237
Iteration: 153, relative residual: 0.000742560962716744
Iteration: 154, relative residual: 0.000742555323089738
Iteration: 155, relative residual: 0.0007425308080451498
Iteration: 156, relative residual: 0.000741976898962189
Iteration: 157, relative residual: 0.0007412717797413617
Iteration: 158, relative residual: 0.0007412707118012058
Iteration: 159, relative residual: 0.0007409419662021377
Iteration: 160, relative residual: 0.0007402742902183967
Iteration: 161, relative residual: 0.0007402707421549924
Iteration: 162, relative residual: 0.0007397734482468463
Iteration: 163, relative residual: 0.0007397732031413027
Iteration: 164, relative residual: 0.0007389413818374276
Iteration: 165, relative residual: 0.0007379191068202533
Iteration: 166, relative residual: 0.0007375865562402541
Iteration: 167, relative residual: 0.0007374490824372966
Iteration: 168, relative residual: 0.0007374260753545343
Iteration: 169, relative residual: 0.0007371819534627272
Iteration: 170, relative residual: 0.0007351429198144426
Iteration: 171, relative residual: 0.0007342747592390022
Iteration: 172, relative residual: 0.0007330676732955232
Iteration: 173, relative residual: 0.0007321067449398763
Iteration: 174, relative residual: 0.0007302429616692534
Iteration: 175, relative residual: 0.000730145907352832
Iteration: 176, relative residual: 0.0007301426049417062
Iteration: 177, relative residual: 0.0007301353504200258
Iteration: 178, relative residual: 0.0007299201559049193
Iteration: 179, relative residual: 0.0007290564266850253
Iteration: 180, relative residual: 0.0007286942730913399
Iteration: 181, relative residual: 0.0007277066057087163
Iteration: 182, relative residual: 0.000726253869914046
Iteration: 183, relative residual: 0.0007262457668675342
Iteration: 184, relative residual: 0.0007261989739632901
Iteration: 185, relative residual: 0.0007251704671857978
Iteration: 186, relative residual: 0.0007222460031421163
Iteration: 187, relative residual: 0.000717523999570227
Iteration: 188, relative residual: 0.0007127656460547216
Iteration: 189, relative residual: 0.0007061212707170652
Iteration: 190, relative residual: 0.0007011217216569254
Iteration: 191, relative residual: 0.0006966926546258114
Iteration: 192, relative residual: 0.0006960578536762841
Iteration: 193, relative residual: 0.0006950377880039879
Iteration: 194, relative residual: 0.0006950375560143046
Iteration: 195, relative residual: 0.0006946957119061929
Iteration: 196, relative residual: 0.0006946935734330344
Iteration: 197, relative residual: 0.0006942041519522376
Iteration: 198, relative residual: 0.000693753641906772
Iteration: 199, relative residual: 0.0006905936966849309
Iteration: 200, relative residual: 0.0006905936966849309
Residual: 0.0006905936966849309. Restart...
Iteration: 201, relative residual: 0.0006867150182211553
Iteration: 202, relative residual: 0.0006867130319419258
Iteration: 203, relative residual: 0.0006867128777576316
Iteration: 204, relative residual: 0.0006866797133901973
Iteration: 205, relative residual: 0.0006866263142347607
Iteration: 206, relative residual: 0.0006865850527005514
Iteration: 207, relative residual: 0.0006865826164603586
Iteration: 208, relative residual: 0.0006865056647509521
Iteration: 209, relative residual: 0.0006864104897018033
Iteration: 210, relative residual: 0.000686168245695931
Iteration: 211, relative residual: 0.0006857838245140369
Iteration: 212, relative residual: 0.0006850012810377658
Iteration: 213, relative residual: 0.0006846546103831983
Iteration: 214, relative residual: 0.0006845849188819354
Iteration: 215, relative residual: 0.0006844563909803666
Iteration: 216, relative residual: 0.0006843871887513768
Iteration: 217, relative residual: 0.000684107888402291
Iteration: 218, relative residual: 0.0006840778859416662
Iteration: 219, relative residual: 0.0006839636059119288
Iteration: 220, relative residual: 0.0006838956871372152
Iteration: 221, relative residual: 0.000683849806686673
Iteration: 222, relative residual: 0.0006834844086441359
Iteration: 223, relative residual: 0.0006833867653489533
Iteration: 224, relative residual: 0.000683332554202988
Iteration: 225, relative residual: 0.0006832043216462719
Iteration: 226, relative residual: 0.0006831293874204245
Iteration: 227, relative residual: 0.0006831282408821871
Iteration: 228, relative residual: 0.0006830144869549913
Iteration: 229, relative residual: 0.0006824503617543423
Iteration: 230, relative residual: 0.0006815824253445436
Iteration: 231, relative residual: 0.0006805321677937035
Iteration: 232, relative residual: 0.0006797941066541216
Iteration: 233, relative residual: 0.0006791478563611892
Iteration: 234, relative residual: 0.0006790431077183598
Iteration: 235, relative residual: 0.0006789229185612296
Iteration: 236, relative residual: 0.0006789224838859402
Iteration: 237, relative residual: 0.0006783947132619404
Iteration: 238, relative residual: 0.0006764179501246874
Iteration: 239, relative residual: 0.0006740941640205149
Iteration: 240, relative residual: 0.000673993664675613
Iteration: 241, relative residual: 0.0006732521001774353
Iteration: 242, relative residual: 0.0006719783907538041
Iteration: 243, relative residual: 0.0006695286056667515
Iteration: 244, relative residual: 0.0006674322653561303
Iteration: 245, relative residual: 0.0006667321731466908
Iteration: 246, relative residual: 0.0006655034590815805
Iteration: 247, relative residual: 0.0006650776364037732
Iteration: 248, relative residual: 0.0006650581249550406
Iteration: 249, relative residual: 0.0006645005640292444
Iteration: 250, relative residual: 0.0006640012897915922
Iteration: 251, relative residual: 0.0006639212230789997
Iteration: 252, relative residual: 0.0006638375673041628
Iteration: 253, relative residual: 0.000663822064450209
Iteration: 254, relative residual: 0.0006638133201098953
Iteration: 255, relative residual: 0.0006635410335513423
Iteration: 256, relative residual: 0.0006630925089474103
Iteration: 257, relative residual: 0.0006626426440765343
Iteration: 258, relative residual: 0.0006619688022790414
Iteration: 259, relative residual: 0.0006612537010052817
Iteration: 260, relative residual: 0.0006610225640409472
Iteration: 261, relative residual: 0.0006610223486852488
Iteration: 262, relative residual: 0.0006608910583302314
Iteration: 263, relative residual: 0.0006599066639982335
Iteration: 264, relative residual: 0.0006575899972674574
Iteration: 265, relative residual: 0.0006562115484369666
Iteration: 266, relative residual: 0.0006557876179179758
Iteration: 267, relative residual: 0.0006556595116536466
Iteration: 268, relative residual: 0.0006556560620552458
Iteration: 269, relative residual: 0.0006551945468186504
Iteration: 270, relative residual: 0.0006549783756622583
Iteration: 271, relative residual: 0.0006531294889543424
Iteration: 272, relative residual: 0.0006515876757586826
Iteration: 273, relative residual: 0.0006508658882341415
Iteration: 274, relative residual: 0.0006507611568137858
Iteration: 275, relative residual: 0.0006506776881650791
Iteration: 276, relative residual: 0.0006506726543967975
Iteration: 277, relative residual: 0.0006503214328435096
Iteration: 278, relative residual: 0.0006489467665531668
Iteration: 279, relative residual: 0.0006480093041554454
Iteration: 280, relative residual: 0.0006475018125995475
Iteration: 281, relative residual: 0.0006475005321118629
Iteration: 282, relative residual: 0.0006475004288230633
Iteration: 283, relative residual: 0.0006466743541984928
Iteration: 284, relative residual: 0.0006462712647224111
Iteration: 285, relative residual: 0.0006455227760071177
Iteration: 286, relative residual: 0.0006453047360959267
Iteration: 287, relative residual: 0.0006451159993079516
Iteration: 288, relative residual: 0.0006450374460516745
Iteration: 289, relative residual: 0.0006449273233246593
Iteration: 290, relative residual: 0.000644734209486447
Iteration: 291, relative residual: 0.0006447216939882835
Iteration: 292, relative residual: 0.0006447216927232789
Iteration: 293, relative residual: 0.0006447097942769148
Iteration: 294, relative residual: 0.0006447026656141911
Iteration: 295, relative residual: 0.0006441730733431841
Iteration: 296, relative residual: 0.0006431740764694579
Iteration: 297, relative residual: 0.0006419363764004907
Iteration: 298, relative residual: 0.0006402474782856619
Iteration: 299, relative residual: 0.0006389301027289769
Iteration: 300, relative residual: 0.0006389301027289769
Residual: 0.0006389301027289769. Restart...
Iteration: 301, relative residual: 0.0006381621368576427
Iteration: 302, relative residual: 0.0006381619729551886
Iteration: 303, relative residual: 0.0006381619363985606
Iteration: 304, relative residual: 0.0006381611981992998
Iteration: 305, relative residual: 0.0006381603325917185
Iteration: 306, relative residual: 0.0006381602377517592
Iteration: 307, relative residual: 0.000638159418011304
Iteration: 308, relative residual: 0.0006381567000875917
Iteration: 309, relative residual: 0.0006381503674396798
Iteration: 310, relative residual: 0.0006381399012445847
Iteration: 311, relative residual: 0.0006381340701039806
Iteration: 312, relative residual: 0.0006381247564177979
Iteration: 313, relative residual: 0.0006381229341934484
Iteration: 314, relative residual: 0.0006381168178681826
Iteration: 315, relative residual: 0.0006380952770347761
Iteration: 316, relative residual: 0.000638083606768674
Iteration: 317, relative residual: 0.0006380829625975142
Iteration: 318, relative residual: 0.0006380532297823277
Iteration: 319, relative residual: 0.0006378770537846981
Iteration: 320, relative residual: 0.0006376038480585495
Iteration: 321, relative residual: 0.0006372223586836424
Iteration: 322, relative residual: 0.0006370102380347008
Iteration: 323, relative residual: 0.0006370025345814662
Iteration: 324, relative residual: 0.0006369488172778583
Iteration: 325, relative residual: 0.000636875102892479
Iteration: 326, relative residual: 0.0006366569820533763
Iteration: 327, relative residual: 0.0006364610439707895
Iteration: 328, relative residual: 0.0006361562422464895
Iteration: 329, relative residual: 0.0006357190553303151
Iteration: 330, relative residual: 0.0006353652724028724
Iteration: 331, relative residual: 0.0006350120501358165
Iteration: 332, relative residual: 0.0006347881842664055
Iteration: 333, relative residual: 0.0006347060942619654
Iteration: 334, relative residual: 0.0006346672904229255
Iteration: 335, relative residual: 0.0006345674499997325
Iteration: 336, relative residual: 0.0006344725557638875
Iteration: 337, relative residual: 0.0006342843177424281
Iteration: 338, relative residual: 0.0006340277593476746
Iteration: 339, relative residual: 0.0006339219184683932
Iteration: 340, relative residual: 0.0006338834806888593
Iteration: 341, relative residual: 0.0006334983643647832
Iteration: 342, relative residual: 0.0006330469118493572
Iteration: 343, relative residual: 0.0006328519058515592
Iteration: 344, relative residual: 0.000632737674022608
Iteration: 345, relative residual: 0.000632706054521848
Iteration: 346, relative residual: 0.000632700793236347
Iteration: 347, relative residual: 0.0006326732966583425
Iteration: 348, relative residual: 0.0006325008811262355
Iteration: 349, relative residual: 0.0006324660123231777
Iteration: 350, relative residual: 0.0006324627635407577
Iteration: 351, relative residual: 0.0006324607269723035
Iteration: 352, relative residual: 0.0006324504209806773
Iteration: 353, relative residual: 0.0006324324779881815
Iteration: 354, relative residual: 0.0006324324367323181
Iteration: 355, relative residual: 0.000632358847500994
Iteration: 356, relative residual: 0.0006320641582398959
Iteration: 357, relative residual: 0.0006315733356649182
Iteration: 358, relative residual: 0.0006313305429775412
Iteration: 359, relative residual: 0.0006310428670543621
Iteration: 360, relative residual: 0.0006309498920983518
Iteration: 361, relative residual: 0.0006309480421238709
Iteration: 362, relative residual: 0.0006306823204742908
Iteration: 363, relative residual: 0.0006304374293701161
Iteration: 364, relative residual: 0.0006302445317066545
Iteration: 365, relative residual: 0.0006301212234092539
Iteration: 366, relative residual: 0.0006301192698411705
Iteration: 367, relative residual: 0.0006300208782157447
Iteration: 368, relative residual: 0.0006298785035334176
Iteration: 369, relative residual: 0.0006290821033454788
Iteration: 370, relative residual: 0.0006275352588153576
Iteration: 371, relative residual: 0.000627063897922506
Iteration: 372, relative residual: 0.0006270173824295292
Iteration: 373, relative residual: 0.0006269086084857562
Iteration: 374, relative residual: 0.0006268950128221658
Iteration: 375, relative residual: 0.0006268943494247491
Iteration: 376, relative residual: 0.0006264407455475857
Iteration: 377, relative residual: 0.0006258880220080567
Iteration: 378, relative residual: 0.0006258355473329624
Iteration: 379, relative residual: 0.0006257853893773905
Iteration: 380, relative residual: 0.0006256935651239066
Iteration: 381, relative residual: 0.000625625750175832
Iteration: 382, relative residual: 0.0006255715549806209
Iteration: 383, relative residual: 0.000625223124178438
Iteration: 384, relative residual: 0.0006250594031830702
Iteration: 385, relative residual: 0.0006249932472844506
Iteration: 386, relative residual: 0.0006248552732953579
Iteration: 387, relative residual: 0.0006247811640678937
Iteration: 388, relative residual: 0.0006246452688867545
Iteration: 389, relative residual: 0.0006246438452142161
Iteration: 390, relative residual: 0.0006244865473871618
Iteration: 391, relative residual: 0.0006244415592319396
Iteration: 392, relative residual: 0.0006244197255337798
Iteration: 393, relative residual: 0.0006238353874474821
Iteration: 394, relative residual: 0.0006219506496383752
Iteration: 395, relative residual: 0.0006204580686777071
Iteration: 396, relative residual: 0.0006195070582439919
Iteration: 397, relative residual: 0.0006192484893667604
Iteration: 398, relative residual: 0.0006192268068523854
Iteration: 399, relative residual: 0.0006192219824266016
Iteration: 400, relative residual: 0.0006192219824266016
Residual: 0.0006192219824266016. Restart...
Iteration: 401, relative residual: 0.0006183408728796195
Iteration: 402, relative residual: 0.0006183403878041534
Iteration: 403, relative residual: 0.0006183403877410396
Iteration: 404, relative residual: 0.0006183369116387587
Iteration: 405, relative residual: 0.0006183363688292845
Iteration: 406, relative residual: 0.0006183347052332946
Iteration: 407, relative residual: 0.000618329833213008
Iteration: 408, relative residual: 0.0006183266965660529
Iteration: 409, relative residual: 0.0006183259115165092
Iteration: 410, relative residual: 0.0006183254854562546
Iteration: 411, relative residual: 0.0006183242965833348
Iteration: 412, relative residual: 0.0006183235988231136
Iteration: 413, relative residual: 0.0006183228907134144
Iteration: 414, relative residual: 0.000618322699268234
Iteration: 415, relative residual: 0.0006183188944215974
Iteration: 416, relative residual: 0.0006183022746304648
Iteration: 417, relative residual: 0.0006183016766753038
Iteration: 418, relative residual: 0.0006182771191189054
Iteration: 419, relative residual: 0.000618217220564075
Iteration: 420, relative residual: 0.0006181357297548921
Iteration: 421, relative residual: 0.0006181060969154296
Iteration: 422, relative residual: 0.0006180752557482462
Iteration: 423, relative residual: 0.0006180738487344836
Iteration: 424, relative residual: 0.0006180717968853002
Iteration: 425, relative residual: 0.0006180270482866997
Iteration: 426, relative residual: 0.0006179895435179852
Iteration: 427, relative residual: 0.0006178950968093183
Iteration: 428, relative residual: 0.000617781664108379
Iteration: 429, relative residual: 0.0006176539775506177
Iteration: 430, relative residual: 0.0006175712069544625
Iteration: 431, relative residual: 0.0006175072314379044
Iteration: 432, relative residual: 0.0006174813717214707
Iteration: 433, relative residual: 0.0006174536216004957
Iteration: 434, relative residual: 0.0006174493192501649
Iteration: 435, relative residual: 0.0006174240490650906
Iteration: 436, relative residual: 0.0006173264477546778
Iteration: 437, relative residual: 0.0006171988363724527
Iteration: 438, relative residual: 0.0006170638904250108
Iteration: 439, relative residual: 0.0006170295155967436
Iteration: 440, relative residual: 0.0006170114095236088
Iteration: 441, relative residual: 0.0006170037849047302
Iteration: 442, relative residual: 0.0006169345171883994
Iteration: 443, relative residual: 0.0006165366505955241
Iteration: 444, relative residual: 0.0006161421226612447
Iteration: 445, relative residual: 0.000615711558848599
Iteration: 446, relative residual: 0.0006153345169554484
Iteration: 447, relative residual: 0.0006150475395639807
Iteration: 448, relative residual: 0.0006149646874954803
Iteration: 449, relative residual: 0.0006149624817733331
Iteration: 450, relative residual: 0.000614906410631687
Iteration: 451, relative residual: 0.0006147023343289074
Iteration: 452, relative residual: 0.0006144943177732455
Iteration: 453, relative residual: 0.0006143426334113844
Iteration: 454, relative residual: 0.0006142355151237959
Iteration: 455, relative residual: 0.0006142055383915109
Iteration: 456, relative residual: 0.0006141770398291767
Iteration: 457, relative residual: 0.0006138485314997386
Iteration: 458, relative residual: 0.0006132798647235282
Iteration: 459, relative residual: 0.0006130194010341018
Iteration: 460, relative residual: 0.0006128511674786699
Iteration: 461, relative residual: 0.0006128243245787842
Iteration: 462, relative residual: 0.0006127928615372265
Iteration: 463, relative residual: 0.0006127253388028202
Iteration: 464, relative residual: 0.000612685863238906
Iteration: 465, relative residual: 0.0006125372365981531
Iteration: 466, relative residual: 0.0006118723666523969
Iteration: 467, relative residual: 0.0006118541704315442
Iteration: 468, relative residual: 0.0006118163801397749
Iteration: 469, relative residual: 0.0006117683440605971
Iteration: 470, relative residual: 0.0006114897021279409
Iteration: 471, relative residual: 0.0006110685827985233
Iteration: 472, relative residual: 0.0006110503022187742
Iteration: 473, relative residual: 0.0006110061740685561
Iteration: 474, relative residual: 0.0006107940381635097
Iteration: 475, relative residual: 0.000610747837839604
Iteration: 476, relative residual: 0.0006107304082139054
Iteration: 477, relative residual: 0.0006106412178237071
Iteration: 478, relative residual: 0.0006103730109332918
Iteration: 479, relative residual: 0.0006098824289836413
Iteration: 480, relative residual: 0.0006096897854432895
Iteration: 481, relative residual: 0.0006095465690247415
Iteration: 482, relative residual: 0.0006093977364043703
Iteration: 483, relative residual: 0.0006092273489702663
Iteration: 484, relative residual: 0.0006091110365521111
Iteration: 485, relative residual: 0.0006089678192680097
Iteration: 486, relative residual: 0.0006088249512424664
Iteration: 487, relative residual: 0.0006088227429996493
Iteration: 488, relative residual: 0.0006087322473097077
Iteration: 489, relative residual: 0.0006086584876588614
Iteration: 490, relative residual: 0.0006085649510705856
Iteration: 491, relative residual: 0.0006082696418622062
Iteration: 492, relative residual: 0.0006082476559905995
Iteration: 493, relative residual: 0.0006082473967733555
Iteration: 494, relative residual: 0.0006081229682896715
Iteration: 495, relative residual: 0.0006077909463460538
Iteration: 496, relative residual: 0.0006069327147165383
Iteration: 497, relative residual: 0.0006068852367442268
Iteration: 498, relative residual: 0.0006065592274642498
Iteration: 499, relative residual: 0.0006065546218447951
Iteration: 500, relative residual: 0.0006065546218447951
Residual: 0.0006065546218447951. Restart...
Iteration: 501, relative residual: 0.0006065207815301265
Iteration: 502, relative residual: 0.0006065207787586339
Iteration: 503, relative residual: 0.0006065207732137089
Iteration: 504, relative residual: 0.0006065207728818291
Iteration: 505, relative residual: 0.0006065207694580562
Iteration: 506, relative residual: 0.0006065207694518809
Iteration: 507, relative residual: 0.0006065207660327809
Iteration: 508, relative residual: 0.0006065207585559147
Iteration: 509, relative residual: 0.0006065207342271889
Iteration: 510, relative residual: 0.0006065206736394423
Iteration: 511, relative residual: 0.0006065204516969402
Iteration: 512, relative residual: 0.0006065196703211058
Iteration: 513, relative residual: 0.0006065173222525689
Iteration: 514, relative residual: 0.000606514559412419
Iteration: 515, relative residual: 0.0006065119503494752
Iteration: 516, relative residual: 0.0006065110980041908
Iteration: 517, relative residual: 0.0006065093478077473
Iteration: 518, relative residual: 0.0006064988815603437
Iteration: 519, relative residual: 0.0006064681629236904
Iteration: 520, relative residual: 0.0006064020383777131
Iteration: 521, relative residual: 0.0006063308515587066
Iteration: 522, relative residual: 0.0006062625874991288
Iteration: 523, relative residual: 0.0006061496882229238
Iteration: 524, relative residual: 0.0006060875051547514
Iteration: 525, relative residual: 0.0006060485447476756
Iteration: 526, relative residual: 0.0006060460362082541
Iteration: 527, relative residual: 0.0006060459219858519
Iteration: 528, relative residual: 0.0006060332799861194
Iteration: 529, relative residual: 0.0006060050642133072
Iteration: 530, relative residual: 0.0006059850696911896
Iteration: 531, relative residual: 0.0006059740759524028
Iteration: 532, relative residual: 0.000605969369688316
Iteration: 533, relative residual: 0.0006059686224097223
Iteration: 534, relative residual: 0.0006059649493139015
Iteration: 535, relative residual: 0.0006059567449191874
Iteration: 536, relative residual: 0.0006059436831256099
Iteration: 537, relative residual: 0.0006059386036350775
Iteration: 538, relative residual: 0.0006059375988572535
Iteration: 539, relative residual: 0.0006059336468469854
Iteration: 540, relative residual: 0.000605917266681533
Iteration: 541, relative residual: 0.0006058730889792927
Iteration: 542, relative residual: 0.0006058101020636643
Iteration: 543, relative residual: 0.0006057906359258638
Iteration: 544, relative residual: 0.0006057888249089634
Iteration: 545, relative residual: 0.0006057725607371714
Iteration: 546, relative residual: 0.0006057250017240479
Iteration: 547, relative residual: 0.0006056245220588935
Iteration: 548, relative residual: 0.0006055041899028165
Iteration: 549, relative residual: 0.0006054818828388613
Iteration: 550, relative residual: 0.0006054818819667115
Iteration: 551, relative residual: 0.00060546241311528
Iteration: 552, relative residual: 0.0006054306237642479
Iteration: 553, relative residual: 0.0006053608386839833
Iteration: 554, relative residual: 0.000605306286407745
Iteration: 555, relative residual: 0.0006052839344059949
Iteration: 556, relative residual: 0.0006052776657375689
Iteration: 557, relative residual: 0.0006051675780549381
Iteration: 558, relative residual: 0.0006049652554800444
Iteration: 559, relative residual: 0.0006046734822470714
Iteration: 560, relative residual: 0.0006044092919097097
Iteration: 561, relative residual: 0.0006042724681579579
Iteration: 562, relative residual: 0.000604272463866401
Iteration: 563, relative residual: 0.0006042383971980878
Iteration: 564, relative residual: 0.0006041118289376968
Iteration: 565, relative residual: 0.0006038595142525337
Iteration: 566, relative residual: 0.0006038543397495418
Iteration: 567, relative residual: 0.0006038219342558137
Iteration: 568, relative residual: 0.0006037634576585935
Iteration: 569, relative residual: 0.000603754917262954
Iteration: 570, relative residual: 0.0006037070757834346
Iteration: 571, relative residual: 0.0006036588960143809
Iteration: 572, relative residual: 0.000603609846297792
Iteration: 573, relative residual: 0.0006035736458687101
Iteration: 574, relative residual: 0.0006035037990541392
Iteration: 575, relative residual: 0.0006035033167009341
Iteration: 576, relative residual: 0.0006034775293023878
Iteration: 577, relative residual: 0.0006034387426602131
Iteration: 578, relative residual: 0.0006033954971996129
Iteration: 579, relative residual: 0.0006033409642135215
Iteration: 580, relative residual: 0.0006032843789958354
Iteration: 581, relative residual: 0.0006031639511585038
Iteration: 582, relative residual: 0.0006029480205763837
Iteration: 583, relative residual: 0.0006027499999647418
Iteration: 584, relative residual: 0.0006027417352146484
Iteration: 585, relative residual: 0.0006023863973006605
Iteration: 586, relative residual: 0.0006015397477755474
Iteration: 587, relative residual: 0.0006004342066896246
Iteration: 588, relative residual: 0.0005998726825912236
Iteration: 589, relative residual: 0.0005998620079781844
Iteration: 590, relative residual: 0.0005998619281951457
Iteration: 591, relative residual: 0.0005996069626181467
Iteration: 592, relative residual: 0.0005993066503661655
Iteration: 593, relative residual: 0.000599073065206932
Iteration: 594, relative residual: 0.0005980833586179109
Iteration: 595, relative residual: 0.0005970333394548962
Iteration: 596, relative residual: 0.0005959525554719851
Iteration: 597, relative residual: 0.0005952755097186102
Iteration: 598, relative residual: 0.000595185336415283
Iteration: 599, relative residual: 0.0005951840259988186
Iteration: 600, relative residual: 0.0005951840259988186
Residual: 0.0005951840259988186. Restart...
Iteration: 601, relative residual: 0.0005947459860334043
Iteration: 602, relative residual: 0.0005947455044766959
Iteration: 603, relative residual: 0.0005947454519625021
Iteration: 604, relative residual: 0.0005947444000850154
Iteration: 605, relative residual: 0.0005947443334552347
Iteration: 606, relative residual: 0.0005947430173936482
Iteration: 607, relative residual: 0.0005947398552199372
Iteration: 608, relative residual: 0.0005947371673325339
Iteration: 609, relative residual: 0.0005947365757987739
Iteration: 610, relative residual: 0.0005947365256258752
Iteration: 611, relative residual: 0.0005947352568051959
Iteration: 612, relative residual: 0.0005947338483238212
Iteration: 613, relative residual: 0.0005947333558769624
Iteration: 614, relative residual: 0.0005947308768876782
Iteration: 615, relative residual: 0.0005947243853910998
Iteration: 616, relative residual: 0.0005946985197928569
Iteration: 617, relative residual: 0.0005946928143887279
Iteration: 618, relative residual: 0.0005946908873602848
Iteration: 619, relative residual: 0.0005946744855340238
Iteration: 620, relative residual: 0.0005946442554339122
Iteration: 621, relative residual: 0.0005946082256986411
Iteration: 622, relative residual: 0.0005945557232532326
Iteration: 623, relative residual: 0.0005944440605646292
Iteration: 624, relative residual: 0.0005943845797033158
Iteration: 625, relative residual: 0.0005943024991940182
Iteration: 626, relative residual: 0.000594263275532887
Iteration: 627, relative residual: 0.0005942583228872913
Iteration: 628, relative residual: 0.0005942334933782538
Iteration: 629, relative residual: 0.0005941120948288482
Iteration: 630, relative residual: 0.0005940179539926703
Iteration: 631, relative residual: 0.0005939375456241475
Iteration: 632, relative residual: 0.0005938397523227565
Iteration: 633, relative residual: 0.0005937373337190934
Iteration: 634, relative residual: 0.0005937192660499228
Iteration: 635, relative residual: 0.0005937169902638796
Iteration: 636, relative residual: 0.0005937115317446482
Iteration: 637, relative residual: 0.0005936965603577713
Iteration: 638, relative residual: 0.0005935755366207542
Iteration: 639, relative residual: 0.0005934726139052803
Iteration: 640, relative residual: 0.0005934427423275983
Iteration: 641, relative residual: 0.000593442593478679
Iteration: 642, relative residual: 0.0005934402093961542
Iteration: 643, relative residual: 0.0005934138895489643
Iteration: 644, relative residual: 0.0005933282708398464
Iteration: 645, relative residual: 0.0005931013013624505
Iteration: 646, relative residual: 0.0005929216390231979
Iteration: 647, relative residual: 0.000592837046640525
Iteration: 648, relative residual: 0.0005927766977851676
Iteration: 649, relative residual: 0.000592768632080607
Iteration: 650, relative residual: 0.000592750523283063
Iteration: 651, relative residual: 0.0005926988626254873
Iteration: 652, relative residual: 0.00059264273606577
Iteration: 653, relative residual: 0.0005926245886600415
Iteration: 654, relative residual: 0.0005926176808424016
Iteration: 655, relative residual: 0.0005926149547365084
Iteration: 656, relative residual: 0.0005925981517203042
Iteration: 657, relative residual: 0.0005925693344564222
Iteration: 658, relative residual: 0.0005924992031296181
Iteration: 659, relative residual: 0.0005923851167496259
Iteration: 660, relative residual: 0.0005923230952886241
Iteration: 661, relative residual: 0.000592313640093926
Iteration: 662, relative residual: 0.0005923136270171853
Iteration: 663, relative residual: 0.0005923115276707039
Iteration: 664, relative residual: 0.0005923106012326797
Iteration: 665, relative residual: 0.0005922913167371658
Iteration: 666, relative residual: 0.0005922389082844303
Iteration: 667, relative residual: 0.0005921999398354284
Iteration: 668, relative residual: 0.0005921846121911328
Iteration: 669, relative residual: 0.0005921823023386836
Iteration: 670, relative residual: 0.0005921272685402404
Iteration: 671, relative residual: 0.0005919948179384294
Iteration: 672, relative residual: 0.0005919519117846634
Iteration: 673, relative residual: 0.0005919269657185545
Iteration: 674, relative residual: 0.0005919080167634839
Iteration: 675, relative residual: 0.0005919027369507251
Iteration: 676, relative residual: 0.000591863554802194
Iteration: 677, relative residual: 0.0005918105884801898
Iteration: 678, relative residual: 0.0005917710662851914
Iteration: 679, relative residual: 0.0005917437366171649
Iteration: 680, relative residual: 0.00059170687818725
Iteration: 681, relative residual: 0.0005917067784759997
Iteration: 682, relative residual: 0.0005917038691687329
Iteration: 683, relative residual: 0.0005916938778035642
Iteration: 684, relative residual: 0.0005916511758029162
Iteration: 685, relative residual: 0.0005916452124556132
Iteration: 686, relative residual: 0.0005916375506497983
Iteration: 687, relative residual: 0.0005916336319469464
Iteration: 688, relative residual: 0.0005916304465889925
Iteration: 689, relative residual: 0.000591560813882887
Iteration: 690, relative residual: 0.0005913352345167204
Iteration: 691, relative residual: 0.0005911841650794925
Iteration: 692, relative residual: 0.000591178733411467
Iteration: 693, relative residual: 0.0005911742988167552
Iteration: 694, relative residual: 0.0005910883932182551
Iteration: 695, relative residual: 0.0005910246888086815
Iteration: 696, relative residual: 0.0005910034779767378
Iteration: 697, relative residual: 0.0005909083565710512
Iteration: 698, relative residual: 0.00059074686495745
Iteration: 699, relative residual: 0.0005904838441316098
Iteration: 700, relative residual: 0.0005904838441316098
Residual: 0.0005904838441316098. Restart...
Iteration: 701, relative residual: 0.0005903763899363565
Iteration: 702, relative residual: 0.0005903762958158963
Iteration: 703, relative residual: 0.0005903761417391579
Iteration: 704, relative residual: 0.000590376132976625
Iteration: 705, relative residual: 0.0005903758788455264
Iteration: 706, relative residual: 0.0005903758501906476
Iteration: 707, relative residual: 0.0005903757470256817
Iteration: 708, relative residual: 0.0005903752129174936
Iteration: 709, relative residual: 0.0005903743876920289
Iteration: 710, relative residual: 0.0005903738599361488
Iteration: 711, relative residual: 0.0005903727944074731
Iteration: 712, relative residual: 0.0005903720893460294
Iteration: 713, relative residual: 0.0005903694405387437
Iteration: 714, relative residual: 0.0005903654980709251
Iteration: 715, relative residual: 0.0005903578246547468
Iteration: 716, relative residual: 0.0005903395100900281
Iteration: 717, relative residual: 0.0005903336419756668
Iteration: 718, relative residual: 0.0005903335116372105
Iteration: 719, relative residual: 0.0005903238499007167
Iteration: 720, relative residual: 0.0005902907105488875
Iteration: 721, relative residual: 0.0005902514084769118
Iteration: 722, relative residual: 0.0005902086979809385
Iteration: 723, relative residual: 0.0005901368315291164
Iteration: 724, relative residual: 0.0005900949458590766
Iteration: 725, relative residual: 0.0005900767753823388
Iteration: 726, relative residual: 0.0005900700457256633
Iteration: 727, relative residual: 0.0005900700448071474
Iteration: 728, relative residual: 0.0005900686397742606
Iteration: 729, relative residual: 0.0005900601736531006
Iteration: 730, relative residual: 0.000590052730234634
Iteration: 731, relative residual: 0.0005900474787876506
Iteration: 732, relative residual: 0.0005900408643196289
Iteration: 733, relative residual: 0.0005900300026321911
Iteration: 734, relative residual: 0.0005900210127800698
Iteration: 735, relative residual: 0.0005900125889701644
Iteration: 736, relative residual: 0.000590008340205491
Iteration: 737, relative residual: 0.000590008063777765
Iteration: 738, relative residual: 0.0005900068456421468
Iteration: 739, relative residual: 0.0005900037185823005
Iteration: 740, relative residual: 0.0005899974774407525
Iteration: 741, relative residual: 0.0005899863413044636
Iteration: 742, relative residual: 0.0005899787506054015
Iteration: 743, relative residual: 0.0005899781117333095
Iteration: 744, relative residual: 0.0005899769628974303
Iteration: 745, relative residual: 0.0005899616336270092
Iteration: 746, relative residual: 0.0005899281876474258
Iteration: 747, relative residual: 0.0005898980172566024
Iteration: 748, relative residual: 0.0005898845264250253
Iteration: 749, relative residual: 0.0005898832306814355
Iteration: 750, relative residual: 0.0005898815105295149
Iteration: 751, relative residual: 0.0005898718764576628
Iteration: 752, relative residual: 0.0005898592456756157
Iteration: 753, relative residual: 0.0005898417653541325
Iteration: 754, relative residual: 0.0005898303441410917
Iteration: 755, relative residual: 0.0005898292960496571
Iteration: 756, relative residual: 0.0005898231855381586
Iteration: 757, relative residual: 0.0005897943459685932
Iteration: 758, relative residual: 0.0005897215928828543
Iteration: 759, relative residual: 0.0005896775387696052
Iteration: 760, relative residual: 0.0005896696482657974
Iteration: 761, relative residual: 0.0005896696401267732
Iteration: 762, relative residual: 0.0005896635326932652
Iteration: 763, relative residual: 0.000589654944405375
Iteration: 764, relative residual: 0.0005896512192093353
Iteration: 765, relative residual: 0.00058964543739533
Iteration: 766, relative residual: 0.0005896436062885353
Iteration: 767, relative residual: 0.0005896422508225531
Iteration: 768, relative residual: 0.0005896376697044971
Iteration: 769, relative residual: 0.0005896155226788069
Iteration: 770, relative residual: 0.0005895754452228286
Iteration: 771, relative residual: 0.0005895551251382086
Iteration: 772, relative residual: 0.0005895550233143826
Iteration: 773, relative residual: 0.0005895540659110742
Iteration: 774, relative residual: 0.0005895520951367076
Iteration: 775, relative residual: 0.0005895481720634455
Iteration: 776, relative residual: 0.0005895477466023364
Iteration: 777, relative residual: 0.0005895412359437591
Iteration: 778, relative residual: 0.0005895095004345479
Iteration: 779, relative residual: 0.0005894781594212445
Iteration: 780, relative residual: 0.0005894602514967925
Iteration: 781, relative residual: 0.0005894551774886175
Iteration: 782, relative residual: 0.0005894421395307573
Iteration: 783, relative residual: 0.0005894326299255695
Iteration: 784, relative residual: 0.0005894267385326902
Iteration: 785, relative residual: 0.0005893768463099741
Iteration: 786, relative residual: 0.0005893003433760122
Iteration: 787, relative residual: 0.0005891625407639024
Iteration: 788, relative residual: 0.0005890956929151576
Iteration: 789, relative residual: 0.0005890928246726652
Iteration: 790, relative residual: 0.0005890879827224376
Iteration: 791, relative residual: 0.0005890865395851582
Iteration: 792, relative residual: 0.0005890858066327742
Iteration: 793, relative residual: 0.0005890857819091673
Iteration: 794, relative residual: 0.0005890828505876006
Iteration: 795, relative residual: 0.0005890697466258481
Iteration: 796, relative residual: 0.0005890596011143746
Iteration: 797, relative residual: 0.0005889594482238242
Iteration: 798, relative residual: 0.0005885312401714431
Iteration: 799, relative residual: 0.000588335180036381
Iteration: 800, relative residual: 0.000588335180036381
Residual: 0.000588335180036381. Restart...
Iteration: 801, relative residual: 0.000588223425102704
Iteration: 802, relative residual: 0.0005882234195688703
Iteration: 803, relative residual: 0.0005882234139537845
Iteration: 804, relative residual: 0.0005882234126968756
Iteration: 805, relative residual: 0.0005882234062902981
Iteration: 806, relative residual: 0.0005882234050655936
Iteration: 807, relative residual: 0.0005882233954894294
Iteration: 808, relative residual: 0.0005882233824417134
Iteration: 809, relative residual: 0.0005882233723836873
Iteration: 810, relative residual: 0.0005882233667914565
Iteration: 811, relative residual: 0.0005882233390845702
Iteration: 812, relative residual: 0.0005882232798087142
Iteration: 813, relative residual: 0.000588223036962312
Iteration: 814, relative residual: 0.0005882224905820942
Iteration: 815, relative residual: 0.0005882210823428229
Iteration: 816, relative residual: 0.0005882157397675585
Iteration: 817, relative residual: 0.0005882094303459183
Iteration: 818, relative residual: 0.0005882055506097469
Iteration: 819, relative residual: 0.0005882055069015465
Iteration: 820, relative residual: 0.0005881978513613503
Iteration: 821, relative residual: 0.0005881867870384846
Iteration: 822, relative residual: 0.000588171258975175
Iteration: 823, relative residual: 0.0005881341899251545
Iteration: 824, relative residual: 0.000588110289981497
Iteration: 825, relative residual: 0.0005880864941351447
Iteration: 826, relative residual: 0.0005880769982629801
Iteration: 827, relative residual: 0.000588074434715304
Iteration: 828, relative residual: 0.0005880742413347056
Iteration: 829, relative residual: 0.0005880693272817431
Iteration: 830, relative residual: 0.0005880609961824785
Iteration: 831, relative residual: 0.0005880531108266366
Iteration: 832, relative residual: 0.0005880443474405914
Iteration: 833, relative residual: 0.0005880322543015821
Iteration: 834, relative residual: 0.0005880202008137689
Iteration: 835, relative residual: 0.0005880066180034023
Iteration: 836, relative residual: 0.0005879955650397719
Iteration: 837, relative residual: 0.0005879902586896782
Iteration: 838, relative residual: 0.0005879892625606616
Iteration: 839, relative residual: 0.0005879892621212563
Iteration: 840, relative residual: 0.0005879871703104263
Iteration: 841, relative residual: 0.0005879742686280198
Iteration: 842, relative residual: 0.0005879509275496128
Iteration: 843, relative residual: 0.0005879365167749968
Iteration: 844, relative residual: 0.0005879364989128582
Iteration: 845, relative residual: 0.0005879185392052618
Iteration: 846, relative residual: 0.0005878736768482455
Iteration: 847, relative residual: 0.0005877994453823497
Iteration: 848, relative residual: 0.0005877182854739174
Iteration: 849, relative residual: 0.0005876771969905931
Iteration: 850, relative residual: 0.0005876717842112362
Iteration: 851, relative residual: 0.0005876712819065536
Iteration: 852, relative residual: 0.0005876538805029529
Iteration: 853, relative residual: 0.0005876211056829067
Iteration: 854, relative residual: 0.0005875956274482003
Iteration: 855, relative residual: 0.0005875912924401549
Iteration: 856, relative residual: 0.0005875878134971927
Iteration: 857, relative residual: 0.0005875727948303254
Iteration: 858, relative residual: 0.0005875512486221942
Iteration: 859, relative residual: 0.0005875264696434841
Iteration: 860, relative residual: 0.0005875037247687116
Iteration: 861, relative residual: 0.0005874959409001291
Iteration: 862, relative residual: 0.0005874953970696276
Iteration: 863, relative residual: 0.0005874953935032479
Iteration: 864, relative residual: 0.0005874920392561271
Iteration: 865, relative residual: 0.0005874790926688112
Iteration: 866, relative residual: 0.0005874752141738171
Iteration: 867, relative residual: 0.0005874729857666679
Iteration: 868, relative residual: 0.0005874710239624498
Iteration: 869, relative residual: 0.0005874708849163769
Iteration: 870, relative residual: 0.0005874665489491161
Iteration: 871, relative residual: 0.0005874579152775071
Iteration: 872, relative residual: 0.0005874470354552434
Iteration: 873, relative residual: 0.0005874175214273922
Iteration: 874, relative residual: 0.0005873793663703482
Iteration: 875, relative residual: 0.00058737390253198
Iteration: 876, relative residual: 0.0005873737613386616
Iteration: 877, relative residual: 0.0005873730139992503
Iteration: 878, relative residual: 0.0005873625406011654
Iteration: 879, relative residual: 0.0005873324823966081
Iteration: 880, relative residual: 0.0005873046632209736
Iteration: 881, relative residual: 0.0005872871594218234
Iteration: 882, relative residual: 0.0005872711793158033
Iteration: 883, relative residual: 0.0005872652669590389
Iteration: 884, relative residual: 0.0005872629617216095
Iteration: 885, relative residual: 0.0005872621756260591
Iteration: 886, relative residual: 0.000587262114413211
Iteration: 887, relative residual: 0.0005872508255162455
Iteration: 888, relative residual: 0.0005872508176813525
Iteration: 889, relative residual: 0.0005872486919843035
Iteration: 890, relative residual: 0.0005872246148399432
Iteration: 891, relative residual: 0.0005871636375315518
Iteration: 892, relative residual: 0.0005871495983942642
Iteration: 893, relative residual: 0.0005870774834977002
Iteration: 894, relative residual: 0.0005870103553284384
Iteration: 895, relative residual: 0.0005870054686952592
Iteration: 896, relative residual: 0.0005869708092887919
Iteration: 897, relative residual: 0.0005868813321595483
Iteration: 898, relative residual: 0.0005868251354082002
Iteration: 899, relative residual: 0.0005868074882722019
Iteration: 900, relative residual: 0.0005868074882722019
Residual: 0.0005868074882722019. Restart...
Iteration: 901, relative residual: 0.0005867201444629492
Iteration: 902, relative residual: 0.0005867201432914658
Iteration: 903, relative residual: 0.0005867201394272714
Iteration: 904, relative residual: 0.0005867201374205811
Iteration: 905, relative residual: 0.0005867201336804635
Iteration: 906, relative residual: 0.0005867201260362515
Iteration: 907, relative residual: 0.0005867201258813844
Iteration: 908, relative residual: 0.0005867201094425888
Iteration: 909, relative residual: 0.0005867200548575943
Iteration: 910, relative residual: 0.0005867199643361646
Iteration: 911, relative residual: 0.0005867199076308065
Iteration: 912, relative residual: 0.0005867198627300707
Iteration: 913, relative residual: 0.0005867198176452297
Iteration: 914, relative residual: 0.0005867198109663882
Iteration: 915, relative residual: 0.0005867197687867859
Iteration: 916, relative residual: 0.0005867197262280693
Iteration: 917, relative residual: 0.0005867197166744236
Iteration: 918, relative residual: 0.0005867195633628946
Iteration: 919, relative residual: 0.000586718989253858
Iteration: 920, relative residual: 0.0005867184355291354
Iteration: 921, relative residual: 0.0005867184143269692
Iteration: 922, relative residual: 0.0005867182916598015
Iteration: 923, relative residual: 0.0005867171566661081
Iteration: 924, relative residual: 0.0005867157979286039
Iteration: 925, relative residual: 0.0005867118919694186
Iteration: 926, relative residual: 0.0005867093753876132
Iteration: 927, relative residual: 0.0005867084730466581
Iteration: 928, relative residual: 0.0005867083252980647
Iteration: 929, relative residual: 0.0005867077933873066
Iteration: 930, relative residual: 0.0005867073602714918
Iteration: 931, relative residual: 0.0005867059922513004
Iteration: 932, relative residual: 0.0005867032366907272
Iteration: 933, relative residual: 0.0005867002924674219
Iteration: 934, relative residual: 0.000586698124651934
Iteration: 935, relative residual: 0.0005866970451278847
Iteration: 936, relative residual: 0.0005866936646293355
Iteration: 937, relative residual: 0.0005866874475583467
Iteration: 938, relative residual: 0.0005866857363815419
Iteration: 939, relative residual: 0.0005866857310778477
Iteration: 940, relative residual: 0.0005866848925868386
Iteration: 941, relative residual: 0.0005866822330438105
Iteration: 942, relative residual: 0.0005866768133046398
Iteration: 943, relative residual: 0.000586671803332501
Iteration: 944, relative residual: 0.0005866713626941719
Iteration: 945, relative residual: 0.0005866683367466493
Iteration: 946, relative residual: 0.0005866597758369545
Iteration: 947, relative residual: 0.0005866456374956443
Iteration: 948, relative residual: 0.0005866226456700874
Iteration: 949, relative residual: 0.0005866036778110796
Iteration: 950, relative residual: 0.0005865991085398181
Iteration: 951, relative residual: 0.0005865985018495857
Iteration: 952, relative residual: 0.0005865945200962525
Iteration: 953, relative residual: 0.0005865866887165389
Iteration: 954, relative residual: 0.0005865689150129512
Iteration: 955, relative residual: 0.0005865564728943409
Iteration: 956, relative residual: 0.0005865531406434382
Iteration: 957, relative residual: 0.0005865346520175942
Iteration: 958, relative residual: 0.0005865200405798308
Iteration: 959, relative residual: 0.000586483494236533
Iteration: 960, relative residual: 0.0005864421750508399
Iteration: 961, relative residual: 0.000586435108640726
Iteration: 962, relative residual: 0.0005864348594508826
Iteration: 963, relative residual: 0.0005864334825577187
Iteration: 964, relative residual: 0.0005864285775999405
Iteration: 965, relative residual: 0.0005864097079966889
Iteration: 966, relative residual: 0.0005864067273795075
Iteration: 967, relative residual: 0.0005864045561074357
Iteration: 968, relative residual: 0.0005864045395909958
Iteration: 969, relative residual: 0.0005864014247202972
Iteration: 970, relative residual: 0.0005863989958604999
Iteration: 971, relative residual: 0.0005863907362164843
Iteration: 972, relative residual: 0.0005863903316945927
Iteration: 973, relative residual: 0.0005863901230965982
Iteration: 974, relative residual: 0.0005863625279517712
Iteration: 975, relative residual: 0.0005863497280212468
Iteration: 976, relative residual: 0.00058634792320926
Iteration: 977, relative residual: 0.0005863474071649747
Iteration: 978, relative residual: 0.0005863468936781518
Iteration: 979, relative residual: 0.000586326740509622
Iteration: 980, relative residual: 0.0005862880948763094
Iteration: 981, relative residual: 0.000586270695122818
Iteration: 982, relative residual: 0.0005862320953850838
Iteration: 983, relative residual: 0.000586209413777674
Iteration: 984, relative residual: 0.0005862089816920283
Iteration: 985, relative residual: 0.0005862088840114152
Iteration: 986, relative residual: 0.0005862088508488998
Iteration: 987, relative residual: 0.0005861932821225945
Iteration: 988, relative residual: 0.0005861409811297951
Iteration: 989, relative residual: 0.000586116213326078
Iteration: 990, relative residual: 0.000586091400687301
Iteration: 991, relative residual: 0.0005860332978216232
Iteration: 992, relative residual: 0.0005859785336512442
Iteration: 993, relative residual: 0.000585911641096357
Iteration: 994, relative residual: 0.0005859015932889146
Iteration: 995, relative residual: 0.0005858972206340016
Iteration: 996, relative residual: 0.0005858835329070261
Iteration: 997, relative residual: 0.000585875695262967
Iteration: 998, relative residual: 0.0005858182263163106
Iteration: 999, relative residual: 0.000585706929414225
Iteration: 1000, relative residual: 0.000585706929414225
Residual: 0.000585706929414225. Restart...
Warning!!!!You have reached the maximum number of iterations : 1000.
The run will stop. Check the residual behaviour you might have a bug.For future runs you might consider changing the tolerance or increasing the number of max_iter.
Solve time        : 4833.128828287125s

Calculate Solvation Energy (E_solv)
Calculating solvation energy for region 1, stored in E_solv[0]
6249.000098320683 of 527398 analytical integrals for phi_reac calculation in region 1
Time E_solv: 4.537287473678589s
Region 1: E_solv = -6994.267291457041 kcal/mol = -29264.01434745626 kJ/mol

Calculate Surface Energy (E_surf)
Time E_surf: 0.020774364471435547s

Calculate Coulomb Energy (E_coul)
Calculate Coulomb energy for region 1
Region 1: E_coul = -241727.8259783676 kcal/mol = -1011389.22389349 kJ/mol
Time E_coul: 23.766360998153687s

------------------------------
Totals:
E_solv = -6994.267291457041 kcal/mol
E_surf = 0 kcal/mol
E_coul = -241727.8259783676 kcal/mol

Time = 4932.12944149971 s
