Run started on:
	Date: 2020/5/24
	Time: 0:16:4
	PyGBe version: 0.3.2+5.gea0f875
Config file: /cobra/u/gvargas/code/hPB/pygbe/pygbe/myCrownFinShots/sarsCov2002noACE2/snap3/snap3.config
Parameter file: /cobra/u/gvargas/code/hPB/pygbe/pygbe/myCrownFinShots/sarsCov2002noACE2/snap3/snap3.param
Geometry folder: /cobra/u/gvargas/code/hPB/pygbe/pygbe/myCrownFinShots/sarsCov2002noACE2/snap3/geometry
Running in: /cobra/u/gvargas/code/hPB/pygbe/pygbe/myCrownFinShots/sarsCov2002noACE2/snap3

Reading surface 0 from file geometry/crownVF2002noACE2
Time load mesh: 9.100430965423584
Removed areas=0: 143

Total elements : 534543
Total equations: 1069086
----------------------------

1 surfaces:

Surface 0:
	534543 elements
	Surface type         : dielectric_interface
	Cells                : 4264
	Twigs                : 3614
	Levels               : 7
	C0 size              : 93.6403795909118
	C0 box center        : 103.4522278606835, 90.71775311808403, 93.97537005504385
	Twig cell size       : 1.463130931107997
	Rbox/theta           : 2.926261862215994
	Analytic distance    : 1.2929658917112363
	Elem. per Ang^2      : 4.182348777912882
	Max, min, avg elem.  : 1.8871414814479306, 5.000000000047748e-07, 0.23910009736180593
	Total area           : 127809.28334407182
------------------------------

2 regions:

Region 0:
	Laplace or Yukawa: 2
	kappa            : 0.125
	dielectric const : 80.0
	Number of charges: 0
	Parent surface   : []
	Child surfaces   : [0]
Region 1:
	Laplace or Yukawa: 1
	kappa            : 1e-12
	dielectric const : 4.0
	Number of charges: 50850
	Parent surface   : [0]
	Child surfaces   : []
------------------------------

Parameters:
	Data type               : <class 'numpy.float64'>
	Use GPU                 : 1
	P                       : 4
	threshold               : 0.50
	theta                   : 0.50
	NCRIT                   : 500
	CUDA block size         : 128
	Gauss points per element: 1
	Gauss points near singlr: 25
	1D Gauss points per side: 9
	GMRES tolerance         : 1e-05
	GMRES max iterations    : 1000
	GMRES restart iteration : 100
----------------------------

Generate interaction list
Transfer data to GPU
Generate RHS
List time          : 3.9665989875793457s
Data transfer time : 0.48731279373168945s
RHS generation time: 0.49391841888427734s
------------------------------
Total setup time   : 69.67417669296265s
Solve
Iteration: 1, relative residual: 0.2645754046502178
Iteration: 2, relative residual: 0.20858464886143088
Iteration: 3, relative residual: 0.17180978497766788
Iteration: 4, relative residual: 0.1506701012101939
Iteration: 5, relative residual: 0.12650807563691832
Iteration: 6, relative residual: 0.10652191798673138
Iteration: 7, relative residual: 0.10487536688716803
Iteration: 8, relative residual: 0.09417287135364255
Iteration: 9, relative residual: 0.07401644195156772
Iteration: 10, relative residual: 0.06523984197403819
Iteration: 11, relative residual: 0.05338986802538376
Iteration: 12, relative residual: 0.040146404691644114
Iteration: 13, relative residual: 0.034450920753919735
Iteration: 14, relative residual: 0.029721180246891583
Iteration: 15, relative residual: 0.025882926417548788
Iteration: 16, relative residual: 0.021907003805597274
Iteration: 17, relative residual: 0.019972176317537078
Iteration: 18, relative residual: 0.0175830362312575
Iteration: 19, relative residual: 0.013959267324186056
Iteration: 20, relative residual: 0.012392334170039026
Iteration: 21, relative residual: 0.012060566183130004
Iteration: 22, relative residual: 0.010694617258966118
Iteration: 23, relative residual: 0.010009482574802234
Iteration: 24, relative residual: 0.009819782205351546
Iteration: 25, relative residual: 0.009611554541500702
Iteration: 26, relative residual: 0.008177763081745911
Iteration: 27, relative residual: 0.0069686060628071
Iteration: 28, relative residual: 0.006302207821210042
Iteration: 29, relative residual: 0.006073274677449253
Iteration: 30, relative residual: 0.006060648730230706
Iteration: 31, relative residual: 0.005810614723290566
Iteration: 32, relative residual: 0.005194736958645595
Iteration: 33, relative residual: 0.004923808062592394
Iteration: 34, relative residual: 0.004918608761543138
Iteration: 35, relative residual: 0.0047585615070791926
Iteration: 36, relative residual: 0.004390136042149583
Iteration: 37, relative residual: 0.004097084039617838
Iteration: 38, relative residual: 0.0037417648253345076
Iteration: 39, relative residual: 0.0034800000609940054
Iteration: 40, relative residual: 0.0032818696597562112
Iteration: 41, relative residual: 0.003281248337609312
Iteration: 42, relative residual: 0.0032227248748500255
Iteration: 43, relative residual: 0.0029258103444701547
Iteration: 44, relative residual: 0.0027061444641823173
Iteration: 45, relative residual: 0.002657901502358301
Iteration: 46, relative residual: 0.002657878826304116
Iteration: 47, relative residual: 0.002536831150505987
Iteration: 48, relative residual: 0.0024378244531126215
Iteration: 49, relative residual: 0.002380259012487793
Iteration: 50, relative residual: 0.0023753631167432628
Iteration: 51, relative residual: 0.0023502130274508427
Iteration: 52, relative residual: 0.0022937894689983155
Iteration: 53, relative residual: 0.0022016484528541557
Iteration: 54, relative residual: 0.0021689412033522723
Iteration: 55, relative residual: 0.0021689409552651394
Iteration: 56, relative residual: 0.0021185888209038603
Iteration: 57, relative residual: 0.002074011983708332
Iteration: 58, relative residual: 0.0020484635530305657
Iteration: 59, relative residual: 0.0020451943405942054
Iteration: 60, relative residual: 0.001965990777700568
Iteration: 61, relative residual: 0.0018638674822586889
Iteration: 62, relative residual: 0.001788042913233202
Iteration: 63, relative residual: 0.001737885422623368
Iteration: 64, relative residual: 0.0017320443572495625
Iteration: 65, relative residual: 0.0017187661177316142
Iteration: 66, relative residual: 0.001682614526652278
Iteration: 67, relative residual: 0.0016708832194654096
Iteration: 68, relative residual: 0.0016624390359990515
Iteration: 69, relative residual: 0.001612878895038449
Iteration: 70, relative residual: 0.0015865335088232528
Iteration: 71, relative residual: 0.001558849813278299
Iteration: 72, relative residual: 0.0015540061134528085
Iteration: 73, relative residual: 0.0015406902596566607
Iteration: 74, relative residual: 0.0015208722136632867
Iteration: 75, relative residual: 0.0014982346676099987
Iteration: 76, relative residual: 0.0014948660108350205
Iteration: 77, relative residual: 0.0014591437186513149
Iteration: 78, relative residual: 0.0014166625172974889
Iteration: 79, relative residual: 0.0014151738030197237
Iteration: 80, relative residual: 0.0014089498723706636
Iteration: 81, relative residual: 0.0013795177410511237
Iteration: 82, relative residual: 0.0013522105715251531
Iteration: 83, relative residual: 0.0013515703488211001
Iteration: 84, relative residual: 0.0013515316990428637
Iteration: 85, relative residual: 0.0013324038495808085
Iteration: 86, relative residual: 0.001304395335911455
Iteration: 87, relative residual: 0.0012980144775145094
Iteration: 88, relative residual: 0.0012947559217100586
Iteration: 89, relative residual: 0.0012918848693751926
Iteration: 90, relative residual: 0.0012815805500346516
Iteration: 91, relative residual: 0.0012654053326469083
Iteration: 92, relative residual: 0.001243686475599137
Iteration: 93, relative residual: 0.0012143668995300918
Iteration: 94, relative residual: 0.0011971541183883208
Iteration: 95, relative residual: 0.0011938080831933912
Iteration: 96, relative residual: 0.0011900585514623772
Iteration: 97, relative residual: 0.001190026540783075
Iteration: 98, relative residual: 0.0011872984383222457
Iteration: 99, relative residual: 0.0011819836287159514
Iteration: 100, relative residual: 0.0011819836287159514
Residual: 0.0011819836287159514. Restart...
Iteration: 101, relative residual: 0.0011717727722563279
Iteration: 102, relative residual: 0.001171770415624128
Iteration: 103, relative residual: 0.0011717647199092959
Iteration: 104, relative residual: 0.001171760581497109
Iteration: 105, relative residual: 0.001171754635859251
Iteration: 106, relative residual: 0.0011717522563864469
Iteration: 107, relative residual: 0.0011717515672712824
Iteration: 108, relative residual: 0.0011717389764033194
Iteration: 109, relative residual: 0.0011717192808266023
Iteration: 110, relative residual: 0.0011716982475577222
Iteration: 111, relative residual: 0.0011716980381128253
Iteration: 112, relative residual: 0.0011716898150881323
Iteration: 113, relative residual: 0.0011716850684360867
Iteration: 114, relative residual: 0.0011716848316692915
Iteration: 115, relative residual: 0.0011716795221652166
Iteration: 116, relative residual: 0.0011716794729527279
Iteration: 117, relative residual: 0.0011716715426701723
Iteration: 118, relative residual: 0.0011716714765883064
Iteration: 119, relative residual: 0.001171654645507039
Iteration: 120, relative residual: 0.0011716096317124594
Iteration: 121, relative residual: 0.00117160574351084
Iteration: 122, relative residual: 0.0011714823311617954
Iteration: 123, relative residual: 0.0011709619625881401
Iteration: 124, relative residual: 0.0011707670810375923
Iteration: 125, relative residual: 0.001170637057994047
Iteration: 126, relative residual: 0.0011698830602934946
Iteration: 127, relative residual: 0.0011696094875493783
Iteration: 128, relative residual: 0.0011695995744790508
Iteration: 129, relative residual: 0.0011694840434871834
Iteration: 130, relative residual: 0.0011694827854927218
Iteration: 131, relative residual: 0.0011693903246124458
Iteration: 132, relative residual: 0.00116928386514229
Iteration: 133, relative residual: 0.0011692533344337841
Iteration: 134, relative residual: 0.0011689305860801353
Iteration: 135, relative residual: 0.001168687569162788
Iteration: 136, relative residual: 0.0011686254881802477
Iteration: 137, relative residual: 0.0011676023578683047
Iteration: 138, relative residual: 0.0011672104229988381
Iteration: 139, relative residual: 0.0011672061782040792
Iteration: 140, relative residual: 0.0011671820549057606
Iteration: 141, relative residual: 0.001167157573607059
Iteration: 142, relative residual: 0.0011671571502243252
Iteration: 143, relative residual: 0.0011670568122243272
Iteration: 144, relative residual: 0.0011667626187233866
Iteration: 145, relative residual: 0.001166556871374018
Iteration: 146, relative residual: 0.001166131186149018
Iteration: 147, relative residual: 0.0011653479222710212
Iteration: 148, relative residual: 0.0011651535773286262
Iteration: 149, relative residual: 0.0011650760084885082
Iteration: 150, relative residual: 0.0011650442641480798
Iteration: 151, relative residual: 0.0011650412668771971
Iteration: 152, relative residual: 0.0011650344762872446
Iteration: 153, relative residual: 0.0011649861244808358
Iteration: 154, relative residual: 0.0011644439915051226
Iteration: 155, relative residual: 0.0011642366053670433
Iteration: 156, relative residual: 0.0011633843389006362
Iteration: 157, relative residual: 0.0011633807170932987
Iteration: 158, relative residual: 0.0011628582485455152
Iteration: 159, relative residual: 0.0011627429066319258
Iteration: 160, relative residual: 0.0011625999655143278
Iteration: 161, relative residual: 0.0011625963270774022
Iteration: 162, relative residual: 0.0011623280538487317
Iteration: 163, relative residual: 0.0011623054751548011
Iteration: 164, relative residual: 0.001162305189464304
Iteration: 165, relative residual: 0.0011622543916480813
Iteration: 166, relative residual: 0.001162233017453198
Iteration: 167, relative residual: 0.0011619404230712482
Iteration: 168, relative residual: 0.001161315834374967
Iteration: 169, relative residual: 0.0011611356350915887
Iteration: 170, relative residual: 0.001160444428996253
Iteration: 171, relative residual: 0.001158714682387029
Iteration: 172, relative residual: 0.0011571680735026138
Iteration: 173, relative residual: 0.0011567315027177906
Iteration: 174, relative residual: 0.001156710910004745
Iteration: 175, relative residual: 0.001156253478478061
Iteration: 176, relative residual: 0.0011554326268836477
Iteration: 177, relative residual: 0.0011551140816207842
Iteration: 178, relative residual: 0.001153125971155167
Iteration: 179, relative residual: 0.0011521642750102524
Iteration: 180, relative residual: 0.0011520229088413866
Iteration: 181, relative residual: 0.0011520229088413786
Iteration: 182, relative residual: 0.0011512257951621042
Iteration: 183, relative residual: 0.0011492037408261776
Iteration: 184, relative residual: 0.0011466072143046003
Iteration: 185, relative residual: 0.0011460024130331551
Iteration: 186, relative residual: 0.0011458901793351226
Iteration: 187, relative residual: 0.0011457901127967737
Iteration: 188, relative residual: 0.0011425190030648423
Iteration: 189, relative residual: 0.0011395824794639766
Iteration: 190, relative residual: 0.0011386558675434567
Iteration: 191, relative residual: 0.00113754360518309
Iteration: 192, relative residual: 0.0011373843524593015
Iteration: 193, relative residual: 0.0011370619934200107
Iteration: 194, relative residual: 0.0011367634681424597
Iteration: 195, relative residual: 0.001130592919324993
Iteration: 196, relative residual: 0.001124942417323889
Iteration: 197, relative residual: 0.001123835590024672
Iteration: 198, relative residual: 0.0011238285094645583
Iteration: 199, relative residual: 0.0011235101870802383
Iteration: 200, relative residual: 0.0011235101870802383
Residual: 0.0011235101870802383. Restart...
Iteration: 201, relative residual: 0.0011213297443258437
Iteration: 202, relative residual: 0.001121329500524607
Iteration: 203, relative residual: 0.0011213274525623091
Iteration: 204, relative residual: 0.001121326875192785
Iteration: 205, relative residual: 0.0011213236364016588
Iteration: 206, relative residual: 0.001121319873979001
Iteration: 207, relative residual: 0.001121314124627669
Iteration: 208, relative residual: 0.0011213080072425784
Iteration: 209, relative residual: 0.001121307996219796
Iteration: 210, relative residual: 0.0011213068288534237
Iteration: 211, relative residual: 0.0011213056717968074
Iteration: 212, relative residual: 0.0011213054740464605
Iteration: 213, relative residual: 0.0011213046727127746
Iteration: 214, relative residual: 0.0011212909765734417
Iteration: 215, relative residual: 0.0011212760171077814
Iteration: 216, relative residual: 0.0011212758767730198
Iteration: 217, relative residual: 0.001121265342986973
Iteration: 218, relative residual: 0.0011212405290167732
Iteration: 219, relative residual: 0.0011212307218219932
Iteration: 220, relative residual: 0.0011212222278860957
Iteration: 221, relative residual: 0.001121175862118235
Iteration: 222, relative residual: 0.001121100008010353
Iteration: 223, relative residual: 0.0011210778676371993
Iteration: 224, relative residual: 0.0011210775395936675
Iteration: 225, relative residual: 0.0011210549312404268
Iteration: 226, relative residual: 0.0011210086120920623
Iteration: 227, relative residual: 0.0011210049349479959
Iteration: 228, relative residual: 0.00112100492996149
Iteration: 229, relative residual: 0.0011209968741169528
Iteration: 230, relative residual: 0.0011209892674711296
Iteration: 231, relative residual: 0.0011209183399838432
Iteration: 232, relative residual: 0.0011207896877752333
Iteration: 233, relative residual: 0.0011207828531357138
Iteration: 234, relative residual: 0.0011207094640487939
Iteration: 235, relative residual: 0.0011206218085432849
Iteration: 236, relative residual: 0.0011206174180438961
Iteration: 237, relative residual: 0.0011205848400402717
Iteration: 238, relative residual: 0.0011205753506737274
Iteration: 239, relative residual: 0.0011205182166577595
Iteration: 240, relative residual: 0.001120428112380768
Iteration: 241, relative residual: 0.0011204201147014343
Iteration: 242, relative residual: 0.0011203271707435295
Iteration: 243, relative residual: 0.001120131127638669
Iteration: 244, relative residual: 0.0011200388483983078
Iteration: 245, relative residual: 0.0011200125888232283
Iteration: 246, relative residual: 0.0011199884332412056
Iteration: 247, relative residual: 0.0011197740702047984
Iteration: 248, relative residual: 0.001119453324573757
Iteration: 249, relative residual: 0.0011188647345779488
Iteration: 250, relative residual: 0.0011186028324704955
Iteration: 251, relative residual: 0.001118602786965751
Iteration: 252, relative residual: 0.0011179436845276526
Iteration: 253, relative residual: 0.0011174399464738195
Iteration: 254, relative residual: 0.0011170087020800346
Iteration: 255, relative residual: 0.0011169288913388626
Iteration: 256, relative residual: 0.0011168825520152933
Iteration: 257, relative residual: 0.0011163246092006735
Iteration: 258, relative residual: 0.0011157366241738788
Iteration: 259, relative residual: 0.0011156839448153444
Iteration: 260, relative residual: 0.0011155922736628444
Iteration: 261, relative residual: 0.0011154998321262204
Iteration: 262, relative residual: 0.0011153052539098986
Iteration: 263, relative residual: 0.0011152306285267678
Iteration: 264, relative residual: 0.001115215619589288
Iteration: 265, relative residual: 0.0011148784188084815
Iteration: 266, relative residual: 0.0011145715885159148
Iteration: 267, relative residual: 0.0011143519396712605
Iteration: 268, relative residual: 0.0011142699630484413
Iteration: 269, relative residual: 0.0011141280130878384
Iteration: 270, relative residual: 0.0011136389287930615
Iteration: 271, relative residual: 0.0011136238570538214
Iteration: 272, relative residual: 0.0011134669913814249
Iteration: 273, relative residual: 0.0011131957575062378
Iteration: 274, relative residual: 0.0011123989815207697
Iteration: 275, relative residual: 0.0011115932550327997
Iteration: 276, relative residual: 0.001111593251698398
Iteration: 277, relative residual: 0.0011115809766246388
Iteration: 278, relative residual: 0.001111413210239056
Iteration: 279, relative residual: 0.0011100364894572493
Iteration: 280, relative residual: 0.0011099362713595641
Iteration: 281, relative residual: 0.0011098877964026948
Iteration: 282, relative residual: 0.0011098210268868985
Iteration: 283, relative residual: 0.0011086828948205243
Iteration: 284, relative residual: 0.0011074346173065236
Iteration: 285, relative residual: 0.0011071426298547324
Iteration: 286, relative residual: 0.0011063243100789726
Iteration: 287, relative residual: 0.0011060965464519078
Iteration: 288, relative residual: 0.0011060813732339443
Iteration: 289, relative residual: 0.0011059598425145149
Iteration: 290, relative residual: 0.001105339016247558
Iteration: 291, relative residual: 0.0011048042646427674
Iteration: 292, relative residual: 0.0011037806883808434
Iteration: 293, relative residual: 0.0011031855748558667
Iteration: 294, relative residual: 0.0011031604517329683
Iteration: 295, relative residual: 0.0011031566432148905
Iteration: 296, relative residual: 0.0011025324280950436
Iteration: 297, relative residual: 0.0011022755101430498
Iteration: 298, relative residual: 0.0011022249985606066
Iteration: 299, relative residual: 0.0011022165147298016
Iteration: 300, relative residual: 0.0011022165147298016
Residual: 0.0011022165147298016. Restart...
Iteration: 301, relative residual: 0.0011018822371279425
Iteration: 302, relative residual: 0.0011018822292711452
Iteration: 303, relative residual: 0.0011018821852288299
Iteration: 304, relative residual: 0.0011018821751314592
Iteration: 305, relative residual: 0.0011018820822073763
Iteration: 306, relative residual: 0.0011018819653674146
Iteration: 307, relative residual: 0.001101881744813892
Iteration: 308, relative residual: 0.0011018815571779608
Iteration: 309, relative residual: 0.0011018815475928143
Iteration: 310, relative residual: 0.0011018813373651574
Iteration: 311, relative residual: 0.0011018809249371396
Iteration: 312, relative residual: 0.0011018808983017916
Iteration: 313, relative residual: 0.0011018808982130896
Iteration: 314, relative residual: 0.0011018805853596774
Iteration: 315, relative residual: 0.0011018804010617385
Iteration: 316, relative residual: 0.001101880379526874
Iteration: 317, relative residual: 0.001101878863853692
Iteration: 318, relative residual: 0.0011018749807164617
Iteration: 319, relative residual: 0.0011018729149462846
Iteration: 320, relative residual: 0.0011018702117262691
Iteration: 321, relative residual: 0.0011018625544708517
Iteration: 322, relative residual: 0.0011018611287254571
Iteration: 323, relative residual: 0.0011018604537852074
Iteration: 324, relative residual: 0.0011018594706108822
Iteration: 325, relative residual: 0.001101858946887272
Iteration: 326, relative residual: 0.001101858945711706
Iteration: 327, relative residual: 0.0011018580776626463
Iteration: 328, relative residual: 0.0011018574137536482
Iteration: 329, relative residual: 0.0011018561875002283
Iteration: 330, relative residual: 0.0011018559035606977
Iteration: 331, relative residual: 0.0011018451595654572
Iteration: 332, relative residual: 0.0011018315780887721
Iteration: 333, relative residual: 0.001101828589409254
Iteration: 334, relative residual: 0.0011018230488522558
Iteration: 335, relative residual: 0.001101805509613383
Iteration: 336, relative residual: 0.0011018009200365222
Iteration: 337, relative residual: 0.0011018005523185765
Iteration: 338, relative residual: 0.001101797993430648
Iteration: 339, relative residual: 0.001101783029615272
Iteration: 340, relative residual: 0.0011017705637011575
Iteration: 341, relative residual: 0.0011017659384720455
Iteration: 342, relative residual: 0.0011017566660920478
Iteration: 343, relative residual: 0.0011017408199703292
Iteration: 344, relative residual: 0.0011017281423224164
Iteration: 345, relative residual: 0.0011017280911550667
Iteration: 346, relative residual: 0.0011017007317180598
Iteration: 347, relative residual: 0.0011016844627888401
Iteration: 348, relative residual: 0.0011016725893067333
Iteration: 349, relative residual: 0.001101631942928241
Iteration: 350, relative residual: 0.001101619145564348
Iteration: 351, relative residual: 0.0011016183806242036
Iteration: 352, relative residual: 0.0011015559056734966
Iteration: 353, relative residual: 0.001101498570845972
Iteration: 354, relative residual: 0.0011014583371079863
Iteration: 355, relative residual: 0.0011014092265883577
Iteration: 356, relative residual: 0.0011013284539771013
Iteration: 357, relative residual: 0.001101327942161753
Iteration: 358, relative residual: 0.0011012831328936195
Iteration: 359, relative residual: 0.001101282753088824
Iteration: 360, relative residual: 0.0011012727479815644
Iteration: 361, relative residual: 0.0011011912040592208
Iteration: 362, relative residual: 0.0011011536709061426
Iteration: 363, relative residual: 0.0011011383664528208
Iteration: 364, relative residual: 0.00110111306717645
Iteration: 365, relative residual: 0.0011010390957901784
Iteration: 366, relative residual: 0.001100998680607578
Iteration: 367, relative residual: 0.0011009986515669434
Iteration: 368, relative residual: 0.0011009152559446416
Iteration: 369, relative residual: 0.001100678238353415
Iteration: 370, relative residual: 0.0011006727411493353
Iteration: 371, relative residual: 0.0011005393203810314
Iteration: 372, relative residual: 0.0011003366147791561
Iteration: 373, relative residual: 0.0011002861009877635
Iteration: 374, relative residual: 0.001100285439611111
Iteration: 375, relative residual: 0.0011002592876275018
Iteration: 376, relative residual: 0.0011002580077998862
Iteration: 377, relative residual: 0.0011000648739135559
Iteration: 378, relative residual: 0.0010997973094092985
Iteration: 379, relative residual: 0.0010997870925871936
Iteration: 380, relative residual: 0.00109978705449965
Iteration: 381, relative residual: 0.0010997553080988977
Iteration: 382, relative residual: 0.0010995854295785562
Iteration: 383, relative residual: 0.0010987932746325388
Iteration: 384, relative residual: 0.0010983513985677524
Iteration: 385, relative residual: 0.0010979760089254186
Iteration: 386, relative residual: 0.0010974365984249119
Iteration: 387, relative residual: 0.0010974279994603645
Iteration: 388, relative residual: 0.0010971609223587608
Iteration: 389, relative residual: 0.0010966241414946578
Iteration: 390, relative residual: 0.0010962987586856248
Iteration: 391, relative residual: 0.0010959747549682576
Iteration: 392, relative residual: 0.001095773159071761
Iteration: 393, relative residual: 0.001095743093859975
Iteration: 394, relative residual: 0.0010949548110617802
Iteration: 395, relative residual: 0.0010942638371919907
Iteration: 396, relative residual: 0.0010931577624031692
Iteration: 397, relative residual: 0.0010908700467992473
Iteration: 398, relative residual: 0.001090371867851986
Iteration: 399, relative residual: 0.0010903375869986936
Iteration: 400, relative residual: 0.0010903375869986936
Residual: 0.0010903375869986936. Restart...
Iteration: 401, relative residual: 0.0010902581444450997
Iteration: 402, relative residual: 0.0010902581422210142
Iteration: 403, relative residual: 0.0010902581289716346
Iteration: 404, relative residual: 0.0010902581232660623
Iteration: 405, relative residual: 0.001090258066371362
Iteration: 406, relative residual: 0.0010902579165515027
Iteration: 407, relative residual: 0.0010902574318849177
Iteration: 408, relative residual: 0.0010902566543783178
Iteration: 409, relative residual: 0.0010902566152441733
Iteration: 410, relative residual: 0.0010902560534119517
Iteration: 411, relative residual: 0.001090255643284121
Iteration: 412, relative residual: 0.0010902553798096144
Iteration: 413, relative residual: 0.001090251531254844
Iteration: 414, relative residual: 0.001090236227289107
Iteration: 415, relative residual: 0.0010902276433390169
Iteration: 416, relative residual: 0.001090227070492497
Iteration: 417, relative residual: 0.001090204089333786
Iteration: 418, relative residual: 0.0010901819311560233
Iteration: 419, relative residual: 0.0010901777695782172
Iteration: 420, relative residual: 0.001090148377365882
Iteration: 421, relative residual: 0.0010900686818137806
Iteration: 422, relative residual: 0.0010899991328047252
Iteration: 423, relative residual: 0.001089998753805595
Iteration: 424, relative residual: 0.0010899778424118857
Iteration: 425, relative residual: 0.0010899061113535113
Iteration: 426, relative residual: 0.0010898191771947932
Iteration: 427, relative residual: 0.0010897689339352452
Iteration: 428, relative residual: 0.0010897664778837086
Iteration: 429, relative residual: 0.0010897654483360932
Iteration: 430, relative residual: 0.0010897387405138668
Iteration: 431, relative residual: 0.0010896353241389438
Iteration: 432, relative residual: 0.0010896054299005785
Iteration: 433, relative residual: 0.0010896051044259247
Iteration: 434, relative residual: 0.0010895483905153935
Iteration: 435, relative residual: 0.0010892685618597412
Iteration: 436, relative residual: 0.0010890227850747665
Iteration: 437, relative residual: 0.0010887708916010165
Iteration: 438, relative residual: 0.001088714145284796
Iteration: 439, relative residual: 0.00108869665746102
Iteration: 440, relative residual: 0.0010886006724071932
Iteration: 441, relative residual: 0.001088544161528221
Iteration: 442, relative residual: 0.001088531002503115
Iteration: 443, relative residual: 0.0010885197657488405
Iteration: 444, relative residual: 0.0010883888554070198
Iteration: 445, relative residual: 0.0010882239205510242
Iteration: 446, relative residual: 0.0010882008071213354
Iteration: 447, relative residual: 0.0010881225599101243
Iteration: 448, relative residual: 0.0010879961178043393
Iteration: 449, relative residual: 0.0010878779740972808
Iteration: 450, relative residual: 0.0010877704521963137
Iteration: 451, relative residual: 0.001087641245502073
Iteration: 452, relative residual: 0.0010876404116628197
Iteration: 453, relative residual: 0.0010875038516394001
Iteration: 454, relative residual: 0.0010869219031215485
Iteration: 455, relative residual: 0.0010867466664344363
Iteration: 456, relative residual: 0.0010867379210689788
Iteration: 457, relative residual: 0.001086620906184036
Iteration: 458, relative residual: 0.0010861740930735494
Iteration: 459, relative residual: 0.0010858663123917247
Iteration: 460, relative residual: 0.00108580492691029
Iteration: 461, relative residual: 0.00108576467657047
Iteration: 462, relative residual: 0.0010854808070061295
Iteration: 463, relative residual: 0.0010853846138800512
Iteration: 464, relative residual: 0.0010853836477923986
Iteration: 465, relative residual: 0.001085383436403371
Iteration: 466, relative residual: 0.0010853829534541778
Iteration: 467, relative residual: 0.0010853526876676294
Iteration: 468, relative residual: 0.001085292034634804
Iteration: 469, relative residual: 0.0010852875201134492
Iteration: 470, relative residual: 0.0010852814489292286
Iteration: 471, relative residual: 0.0010852318903939646
Iteration: 472, relative residual: 0.001084724653513844
Iteration: 473, relative residual: 0.0010843405256410032
Iteration: 474, relative residual: 0.0010843246396248225
Iteration: 475, relative residual: 0.0010840515913473096
Iteration: 476, relative residual: 0.0010838619835467384
Iteration: 477, relative residual: 0.0010838497461472384
Iteration: 478, relative residual: 0.0010835947501189871
Iteration: 479, relative residual: 0.0010831638466779234
Iteration: 480, relative residual: 0.0010828381024338223
Iteration: 481, relative residual: 0.0010828379715564392
Iteration: 482, relative residual: 0.001082788399889412
Iteration: 483, relative residual: 0.00108278692053645
Iteration: 484, relative residual: 0.0010827866933829648
Iteration: 485, relative residual: 0.001082645378694856
Iteration: 486, relative residual: 0.0010823543583834735
Iteration: 487, relative residual: 0.0010821018592149351
Iteration: 488, relative residual: 0.0010819467015825341
Iteration: 489, relative residual: 0.001081729871855924
Iteration: 490, relative residual: 0.0010812149796345946
Iteration: 491, relative residual: 0.0010811844033975797
Iteration: 492, relative residual: 0.0010809613237588486
Iteration: 493, relative residual: 0.0010805015232319454
Iteration: 494, relative residual: 0.0010804693629665124
Iteration: 495, relative residual: 0.0010802202307697306
Iteration: 496, relative residual: 0.0010801685823683942
Iteration: 497, relative residual: 0.001080156190529103
Iteration: 498, relative residual: 0.0010800935555972434
Iteration: 499, relative residual: 0.0010795129693333032
Iteration: 500, relative residual: 0.0010795129693333032
Residual: 0.0010795129693333032. Restart...
Iteration: 501, relative residual: 0.0010794910601489638
Iteration: 502, relative residual: 0.0010794910599972811
Iteration: 503, relative residual: 0.0010794910592885553
Iteration: 504, relative residual: 0.0010794910588342805
Iteration: 505, relative residual: 0.0010794910510759385
Iteration: 506, relative residual: 0.0010794910053067283
Iteration: 507, relative residual: 0.0010794907230610958
Iteration: 508, relative residual: 0.0010794897031200573
Iteration: 509, relative residual: 0.0010794888608623516
Iteration: 510, relative residual: 0.0010794884610255367
Iteration: 511, relative residual: 0.0010794881727836777
Iteration: 512, relative residual: 0.0010794877966562363
Iteration: 513, relative residual: 0.0010794865850101184
Iteration: 514, relative residual: 0.0010794865604975617
Iteration: 515, relative residual: 0.0010794847532356133
Iteration: 516, relative residual: 0.00107948264184671
Iteration: 517, relative residual: 0.0010794825397070764
Iteration: 518, relative residual: 0.0010794820249801584
Iteration: 519, relative residual: 0.0010794787155074441
Iteration: 520, relative residual: 0.0010794783645041567
Iteration: 521, relative residual: 0.0010794766000758438
Iteration: 522, relative residual: 0.001079466973161873
Iteration: 523, relative residual: 0.0010794618696402729
Iteration: 524, relative residual: 0.0010794617832159694
Iteration: 525, relative residual: 0.001079455619597156
Iteration: 526, relative residual: 0.0010794521300871063
Iteration: 527, relative residual: 0.0010794518654568556
Iteration: 528, relative residual: 0.0010794448144125033
Iteration: 529, relative residual: 0.0010794443210254338
Iteration: 530, relative residual: 0.001079442354976701
Iteration: 531, relative residual: 0.0010794412426723627
Iteration: 532, relative residual: 0.0010794410784852606
Iteration: 533, relative residual: 0.0010794394425153481
Iteration: 534, relative residual: 0.0010794318064874311
Iteration: 535, relative residual: 0.0010794282805718799
Iteration: 536, relative residual: 0.0010794271913120777
Iteration: 537, relative residual: 0.0010794232783351207
Iteration: 538, relative residual: 0.0010794157335628951
Iteration: 539, relative residual: 0.001079415679025451
Iteration: 540, relative residual: 0.0010794094613445866
Iteration: 541, relative residual: 0.0010793870186974828
Iteration: 542, relative residual: 0.0010793659900022894
Iteration: 543, relative residual: 0.00107936589224804
Iteration: 544, relative residual: 0.0010793534761501151
Iteration: 545, relative residual: 0.0010793409411356347
Iteration: 546, relative residual: 0.001079340851447145
Iteration: 547, relative residual: 0.0010793367797878306
Iteration: 548, relative residual: 0.0010793367538633988
Iteration: 549, relative residual: 0.0010793315889524918
Iteration: 550, relative residual: 0.001079330708949242
Iteration: 551, relative residual: 0.0010793261189015074
Iteration: 552, relative residual: 0.0010793157705030704
Iteration: 553, relative residual: 0.0010793088714932822
Iteration: 554, relative residual: 0.0010793056862675341
Iteration: 555, relative residual: 0.0010792626599034313
Iteration: 556, relative residual: 0.0010792499524148256
Iteration: 557, relative residual: 0.001079225946705164
Iteration: 558, relative residual: 0.0010790890919054321
Iteration: 559, relative residual: 0.0010789467680724452
Iteration: 560, relative residual: 0.0010789372507983765
Iteration: 561, relative residual: 0.001078936667950027
Iteration: 562, relative residual: 0.001078902753735343
Iteration: 563, relative residual: 0.0010789026487776935
Iteration: 564, relative residual: 0.0010788942962724395
Iteration: 565, relative residual: 0.0010788925123497233
Iteration: 566, relative residual: 0.0010788755915116463
Iteration: 567, relative residual: 0.001078835415428592
Iteration: 568, relative residual: 0.0010787477115233744
Iteration: 569, relative residual: 0.001078612130375269
Iteration: 570, relative residual: 0.001078526523816699
Iteration: 571, relative residual: 0.0010785243522201176
Iteration: 572, relative residual: 0.0010783264186427896
Iteration: 573, relative residual: 0.0010782952755419922
Iteration: 574, relative residual: 0.0010782894202101074
Iteration: 575, relative residual: 0.0010781163112097306
Iteration: 576, relative residual: 0.0010778554175700041
Iteration: 577, relative residual: 0.0010777102281323342
Iteration: 578, relative residual: 0.001077707202926962
Iteration: 579, relative residual: 0.0010776900573184166
Iteration: 580, relative residual: 0.0010776570605833572
Iteration: 581, relative residual: 0.0010776517048357844
Iteration: 582, relative residual: 0.0010774706001696643
Iteration: 583, relative residual: 0.001077283909771823
Iteration: 584, relative residual: 0.0010772501996044637
Iteration: 585, relative residual: 0.0010772434224613015
Iteration: 586, relative residual: 0.001077243191519432
Iteration: 587, relative residual: 0.0010771396530229447
Iteration: 588, relative residual: 0.0010770321240486035
Iteration: 589, relative residual: 0.0010769752388437898
Iteration: 590, relative residual: 0.0010769727203651957
Iteration: 591, relative residual: 0.001076894188565344
Iteration: 592, relative residual: 0.0010766841246216804
Iteration: 593, relative residual: 0.0010761634723044813
Iteration: 594, relative residual: 0.0010758038404435125
Iteration: 595, relative residual: 0.0010754501755871507
Iteration: 596, relative residual: 0.0010754052929743845
Iteration: 597, relative residual: 0.0010753821868733626
Iteration: 598, relative residual: 0.0010752520809573902
Iteration: 599, relative residual: 0.0010751509962300457
Iteration: 600, relative residual: 0.0010751509962300457
Residual: 0.0010751509962300457. Restart...
Iteration: 601, relative residual: 0.0010748293873794497
Iteration: 602, relative residual: 0.0010748293691188228
Iteration: 603, relative residual: 0.0010748293005616936
Iteration: 604, relative residual: 0.001074829255571113
Iteration: 605, relative residual: 0.0010748289191332752
Iteration: 606, relative residual: 0.001074828251330925
Iteration: 607, relative residual: 0.0010748259048042798
Iteration: 608, relative residual: 0.0010748199532063783
Iteration: 609, relative residual: 0.001074816851196753
Iteration: 610, relative residual: 0.0010748154053313573
Iteration: 611, relative residual: 0.001074814752021204
Iteration: 612, relative residual: 0.001074813009649164
Iteration: 613, relative residual: 0.0010748104749817922
Iteration: 614, relative residual: 0.0010748104702084458
Iteration: 615, relative residual: 0.0010748069220210702
Iteration: 616, relative residual: 0.001074799173702623
Iteration: 617, relative residual: 0.0010747979732642391
Iteration: 618, relative residual: 0.0010747978364138077
Iteration: 619, relative residual: 0.0010747952220180902
Iteration: 620, relative residual: 0.0010747920955762413
Iteration: 621, relative residual: 0.0010747920725357315
Iteration: 622, relative residual: 0.001074789114618241
Iteration: 623, relative residual: 0.00107478756228169
Iteration: 624, relative residual: 0.001074787332773703
Iteration: 625, relative residual: 0.0010747858809412433
Iteration: 626, relative residual: 0.0010747827048992221
Iteration: 627, relative residual: 0.0010747787285536052
Iteration: 628, relative residual: 0.001074778713504273
Iteration: 629, relative residual: 0.0010747785867899545
Iteration: 630, relative residual: 0.001074777735213985
Iteration: 631, relative residual: 0.0010747701076791892
Iteration: 632, relative residual: 0.0010747696026816242
Iteration: 633, relative residual: 0.001074769582498218
Iteration: 634, relative residual: 0.0010747670106154533
Iteration: 635, relative residual: 0.0010747542773616302
Iteration: 636, relative residual: 0.001074736426534322
Iteration: 637, relative residual: 0.0010747269783840652
Iteration: 638, relative residual: 0.001074725581643901
Iteration: 639, relative residual: 0.0010747133079692295
Iteration: 640, relative residual: 0.0010746772541081907
Iteration: 641, relative residual: 0.0010746043946206246
Iteration: 642, relative residual: 0.0010745533292670086
Iteration: 643, relative residual: 0.0010745497011249545
Iteration: 644, relative residual: 0.0010745349996748542
Iteration: 645, relative residual: 0.0010744854109589683
Iteration: 646, relative residual: 0.0010744601551537513
Iteration: 647, relative residual: 0.0010744499729995634
Iteration: 648, relative residual: 0.001074447873634822
Iteration: 649, relative residual: 0.0010744389335001772
Iteration: 650, relative residual: 0.0010744066862803333
Iteration: 651, relative residual: 0.0010743450229931024
Iteration: 652, relative residual: 0.0010743434638286848
Iteration: 653, relative residual: 0.0010743303764676152
Iteration: 654, relative residual: 0.0010742181996321882
Iteration: 655, relative residual: 0.0010741470455588116
Iteration: 656, relative residual: 0.001074145326942278
Iteration: 657, relative residual: 0.0010740349088115648
Iteration: 658, relative residual: 0.0010738292615672855
Iteration: 659, relative residual: 0.0010736630187918996
Iteration: 660, relative residual: 0.0010736165091034336
Iteration: 661, relative residual: 0.0010735998594208322
Iteration: 662, relative residual: 0.001073520179257628
Iteration: 663, relative residual: 0.0010734292350652898
Iteration: 664, relative residual: 0.0010734229755092653
Iteration: 665, relative residual: 0.0010734192199386848
Iteration: 666, relative residual: 0.0010734137497212836
Iteration: 667, relative residual: 0.0010733789915966735
Iteration: 668, relative residual: 0.0010733135561788883
Iteration: 669, relative residual: 0.0010732854591536806
Iteration: 670, relative residual: 0.0010732832273040456
Iteration: 671, relative residual: 0.0010732409738358237
Iteration: 672, relative residual: 0.001073059466375659
Iteration: 673, relative residual: 0.0010730538491467059
Iteration: 674, relative residual: 0.001072934243111224
Iteration: 675, relative residual: 0.0010723168148095502
Iteration: 676, relative residual: 0.0010718599846844996
Iteration: 677, relative residual: 0.0010716393203957062
Iteration: 678, relative residual: 0.0010716223389143611
Iteration: 679, relative residual: 0.0010714895902226849
Iteration: 680, relative residual: 0.0010712226740757867
Iteration: 681, relative residual: 0.0010712222123288155
Iteration: 682, relative residual: 0.0010712104201282288
Iteration: 683, relative residual: 0.001071202727276193
Iteration: 684, relative residual: 0.0010711448468131686
Iteration: 685, relative residual: 0.0010711443444576586
Iteration: 686, relative residual: 0.001071140175104768
Iteration: 687, relative residual: 0.00107100113997945
Iteration: 688, relative residual: 0.0010706579275941625
Iteration: 689, relative residual: 0.0010706404407043147
Iteration: 690, relative residual: 0.001070190932727887
Iteration: 691, relative residual: 0.0010699184403083364
Iteration: 692, relative residual: 0.0010699156858390857
Iteration: 693, relative residual: 0.0010698108395572896
Iteration: 694, relative residual: 0.0010698096133362946
Iteration: 695, relative residual: 0.0010695372291046664
Iteration: 696, relative residual: 0.001069168236786771
Iteration: 697, relative residual: 0.001069046483315438
Iteration: 698, relative residual: 0.001069003861432115
Iteration: 699, relative residual: 0.0010687122595096539
Iteration: 700, relative residual: 0.0010687122595096539
Residual: 0.0010687122595096539. Restart...
Iteration: 701, relative residual: 0.0010683293108004585
Iteration: 702, relative residual: 0.0010683292783692968
Iteration: 703, relative residual: 0.0010683291816599358
Iteration: 704, relative residual: 0.0010683291043457098
Iteration: 705, relative residual: 0.0010683286031091595
Iteration: 706, relative residual: 0.0010683277001889702
Iteration: 707, relative residual: 0.0010683249433913787
Iteration: 708, relative residual: 0.0010683194301964625
Iteration: 709, relative residual: 0.0010683163465431812
Iteration: 710, relative residual: 0.001068315320045024
Iteration: 711, relative residual: 0.0010683151468959934
Iteration: 712, relative residual: 0.0010683142399425178
Iteration: 713, relative residual: 0.0010683100120419003
Iteration: 714, relative residual: 0.0010683097507752158
Iteration: 715, relative residual: 0.0010683056613191386
Iteration: 716, relative residual: 0.0010683009361615661
Iteration: 717, relative residual: 0.0010683004595182402
Iteration: 718, relative residual: 0.0010682985546608286
Iteration: 719, relative residual: 0.0010682889695924507
Iteration: 720, relative residual: 0.0010682886388992904
Iteration: 721, relative residual: 0.001068282626661143
Iteration: 722, relative residual: 0.0010682625886725948
Iteration: 723, relative residual: 0.0010682569244757215
Iteration: 724, relative residual: 0.0010682566009076512
Iteration: 725, relative residual: 0.0010682420027659132
Iteration: 726, relative residual: 0.001068234070147942
Iteration: 727, relative residual: 0.0010682337419778637
Iteration: 728, relative residual: 0.0010682230230682824
Iteration: 729, relative residual: 0.001068223023067806
Iteration: 730, relative residual: 0.0010682208721107848
Iteration: 731, relative residual: 0.0010682189997690535
Iteration: 732, relative residual: 0.0010682185860279127
Iteration: 733, relative residual: 0.0010682143906806253
Iteration: 734, relative residual: 0.0010682096416052657
Iteration: 735, relative residual: 0.0010682093777181286
Iteration: 736, relative residual: 0.0010682057918865158
Iteration: 737, relative residual: 0.001068197823809105
Iteration: 738, relative residual: 0.0010681965787770898
Iteration: 739, relative residual: 0.0010681753632833188
Iteration: 740, relative residual: 0.0010681366016027252
Iteration: 741, relative residual: 0.0010680699741757648
Iteration: 742, relative residual: 0.0010680636022499241
Iteration: 743, relative residual: 0.0010680633121979814
Iteration: 744, relative residual: 0.0010680344852218922
Iteration: 745, relative residual: 0.0010680319835817216
Iteration: 746, relative residual: 0.0010680317400351344
Iteration: 747, relative residual: 0.001068031672483687
Iteration: 748, relative residual: 0.0010680166610822523
Iteration: 749, relative residual: 0.0010680113014419606
Iteration: 750, relative residual: 0.0010680081414082168
Iteration: 751, relative residual: 0.0010679863001825112
Iteration: 752, relative residual: 0.001067948948961067
Iteration: 753, relative residual: 0.0010679423876417014
Iteration: 754, relative residual: 0.0010679227390219103
Iteration: 755, relative residual: 0.001067815441510853
Iteration: 756, relative residual: 0.0010678002848558347
Iteration: 757, relative residual: 0.001067753592422091
Iteration: 758, relative residual: 0.0010675276720711092
Iteration: 759, relative residual: 0.0010673606173218389
Iteration: 760, relative residual: 0.0010673474828458848
Iteration: 761, relative residual: 0.0010672875864372576
Iteration: 762, relative residual: 0.0010671543464694452
Iteration: 763, relative residual: 0.0010671487610859774
Iteration: 764, relative residual: 0.0010671310618149273
Iteration: 765, relative residual: 0.0010671133843752963
Iteration: 766, relative residual: 0.0010671097269708161
Iteration: 767, relative residual: 0.0010670943115550925
Iteration: 768, relative residual: 0.0010670291064446248
Iteration: 769, relative residual: 0.001066907271054803
Iteration: 770, relative residual: 0.001066847468329089
Iteration: 771, relative residual: 0.0010668227870312367
Iteration: 772, relative residual: 0.0010665565146348677
Iteration: 773, relative residual: 0.0010664591895129343
Iteration: 774, relative residual: 0.0010664448219936987
Iteration: 775, relative residual: 0.0010661575472161828
Iteration: 776, relative residual: 0.0010656238828256534
Iteration: 777, relative residual: 0.0010655155277323012
Iteration: 778, relative residual: 0.0010655078497894936
Iteration: 779, relative residual: 0.0010655054320894031
Iteration: 780, relative residual: 0.0010654981973463047
Iteration: 781, relative residual: 0.0010654967994940658
Iteration: 782, relative residual: 0.0010653085000094783
Iteration: 783, relative residual: 0.0010651252524016732
Iteration: 784, relative residual: 0.0010650542399632651
Iteration: 785, relative residual: 0.0010650246956593824
Iteration: 786, relative residual: 0.0010649820106133244
Iteration: 787, relative residual: 0.0010647877457826012
Iteration: 788, relative residual: 0.0010645841390960384
Iteration: 789, relative residual: 0.0010645780994527282
Iteration: 790, relative residual: 0.001064435314422783
Iteration: 791, relative residual: 0.0010643449788828227
Iteration: 792, relative residual: 0.0010643372811072968
Iteration: 793, relative residual: 0.0010643226935637532
Iteration: 794, relative residual: 0.0010641759339246493
Iteration: 795, relative residual: 0.0010639285869677917
Iteration: 796, relative residual: 0.0010638215086440335
Iteration: 797, relative residual: 0.0010638213855795585
Iteration: 798, relative residual: 0.0010635362503671239
Iteration: 799, relative residual: 0.0010631467729204592
Iteration: 800, relative residual: 0.0010631467729204592
Residual: 0.0010631467729204592. Restart...
Iteration: 801, relative residual: 0.0010629593731556765
Iteration: 802, relative residual: 0.0010629593396891625
Iteration: 803, relative residual: 0.0010629592720882359
Iteration: 804, relative residual: 0.0010629592049113048
Iteration: 805, relative residual: 0.0010629587022550633
Iteration: 806, relative residual: 0.0010629578038985523
Iteration: 807, relative residual: 0.0010629547421350672
Iteration: 808, relative residual: 0.0010629483016356314
Iteration: 809, relative residual: 0.0010629433624665993
Iteration: 810, relative residual: 0.0010629398102697109
Iteration: 811, relative residual: 0.0010629373628198609
Iteration: 812, relative residual: 0.001062936778566978
Iteration: 813, relative residual: 0.001062931725987816
Iteration: 814, relative residual: 0.001062931539941079
Iteration: 815, relative residual: 0.0010629271260314097
Iteration: 816, relative residual: 0.001062913638119322
Iteration: 817, relative residual: 0.001062910950070441
Iteration: 818, relative residual: 0.0010629095248862873
Iteration: 819, relative residual: 0.0010629046924479277
Iteration: 820, relative residual: 0.0010628976190853547
Iteration: 821, relative residual: 0.0010628971670681143
Iteration: 822, relative residual: 0.0010628911693703273
Iteration: 823, relative residual: 0.0010628890094487296
Iteration: 824, relative residual: 0.001062888734000691
Iteration: 825, relative residual: 0.0010628830244063798
Iteration: 826, relative residual: 0.001062880429399065
Iteration: 827, relative residual: 0.0010628804260242482
Iteration: 828, relative residual: 0.0010628772451347446
Iteration: 829, relative residual: 0.0010628761796521347
Iteration: 830, relative residual: 0.0010628761769383658
Iteration: 831, relative residual: 0.00106287615977303
Iteration: 832, relative residual: 0.0010628760936442644
Iteration: 833, relative residual: 0.0010628760071120296
Iteration: 834, relative residual: 0.0010628759999044958
Iteration: 835, relative residual: 0.0010628759812705037
Iteration: 836, relative residual: 0.0010628737580898459
Iteration: 837, relative residual: 0.0010628732622046417
Iteration: 838, relative residual: 0.00106287269850701
Iteration: 839, relative residual: 0.001062866766352851
Iteration: 840, relative residual: 0.0010628518045215452
Iteration: 841, relative residual: 0.0010628009295303293
Iteration: 842, relative residual: 0.0010627638709630278
Iteration: 843, relative residual: 0.0010627606668645185
Iteration: 844, relative residual: 0.0010627341354719848
Iteration: 845, relative residual: 0.0010626936431791562
Iteration: 846, relative residual: 0.001062660069727602
Iteration: 847, relative residual: 0.0010626372608212224
Iteration: 848, relative residual: 0.0010626087012642377
Iteration: 849, relative residual: 0.001062608322989817
Iteration: 850, relative residual: 0.001062596273432494
Iteration: 851, relative residual: 0.001062491434426214
Iteration: 852, relative residual: 0.0010624801483656511
Iteration: 853, relative residual: 0.0010624743743942186
Iteration: 854, relative residual: 0.0010623814072376052
Iteration: 855, relative residual: 0.0010623039528683904
Iteration: 856, relative residual: 0.0010623016497488071
Iteration: 857, relative residual: 0.0010622303800787174
Iteration: 858, relative residual: 0.0010621465196622578
Iteration: 859, relative residual: 0.0010621059454665738
Iteration: 860, relative residual: 0.001062099488197375
Iteration: 861, relative residual: 0.0010620903345032724
Iteration: 862, relative residual: 0.0010620279635141577
Iteration: 863, relative residual: 0.001061937970734852
Iteration: 864, relative residual: 0.001061921933615715
Iteration: 865, relative residual: 0.001061921483107849
Iteration: 866, relative residual: 0.0010618829204265404
Iteration: 867, relative residual: 0.0010618399671233618
Iteration: 868, relative residual: 0.0010617762509946146
Iteration: 869, relative residual: 0.0010617628379276571
Iteration: 870, relative residual: 0.0010617205759764674
Iteration: 871, relative residual: 0.0010615395781124115
Iteration: 872, relative residual: 0.0010612478934067169
Iteration: 873, relative residual: 0.00106123497197878
Iteration: 874, relative residual: 0.0010611240966244158
Iteration: 875, relative residual: 0.0010609027570649722
Iteration: 876, relative residual: 0.0010608184850215434
Iteration: 877, relative residual: 0.0010608150929426617
Iteration: 878, relative residual: 0.0010607903229766834
Iteration: 879, relative residual: 0.0010605206955746748
Iteration: 880, relative residual: 0.001060110643052139
Iteration: 881, relative residual: 0.0010595913656341635
Iteration: 882, relative residual: 0.001059297935960956
Iteration: 883, relative residual: 0.0010592936729774338
Iteration: 884, relative residual: 0.0010592245582336463
Iteration: 885, relative residual: 0.0010587744223341177
Iteration: 886, relative residual: 0.0010586136937765244
Iteration: 887, relative residual: 0.001058612374786598
Iteration: 888, relative residual: 0.0010586122863312187
Iteration: 889, relative residual: 0.0010585964363693814
Iteration: 890, relative residual: 0.0010585956527059785
Iteration: 891, relative residual: 0.001058590551094346
Iteration: 892, relative residual: 0.001058587245198061
Iteration: 893, relative residual: 0.0010583503511371422
Iteration: 894, relative residual: 0.001058261267327051
Iteration: 895, relative residual: 0.001058196396552943
Iteration: 896, relative residual: 0.0010581890844888514
Iteration: 897, relative residual: 0.0010581575238905367
Iteration: 898, relative residual: 0.0010575963560728314
Iteration: 899, relative residual: 0.0010574908706035553
Iteration: 900, relative residual: 0.0010574908706035553
Residual: 0.0010574908706035553. Restart...
Iteration: 901, relative residual: 0.0010572685940807808
Iteration: 902, relative residual: 0.00105726855416179
Iteration: 903, relative residual: 0.0010572684759451757
Iteration: 904, relative residual: 0.0010572683930539898
Iteration: 905, relative residual: 0.0010572678767828804
Iteration: 906, relative residual: 0.0010572672396984204
Iteration: 907, relative residual: 0.0010572652701893374
Iteration: 908, relative residual: 0.0010572613287337296
Iteration: 909, relative residual: 0.001057256906000312
Iteration: 910, relative residual: 0.0010572511155045128
Iteration: 911, relative residual: 0.0010572408355092396
Iteration: 912, relative residual: 0.0010572403466282078
Iteration: 913, relative residual: 0.0010572383739642954
Iteration: 914, relative residual: 0.0010572320135547161
Iteration: 915, relative residual: 0.0010572319903796373
Iteration: 916, relative residual: 0.0010572178854915501
Iteration: 917, relative residual: 0.0010572098560856784
Iteration: 918, relative residual: 0.001057203079778313
Iteration: 919, relative residual: 0.001057201072348411
Iteration: 920, relative residual: 0.0010571841420298682
Iteration: 921, relative residual: 0.0010571818639354502
Iteration: 922, relative residual: 0.0010571805504432552
Iteration: 923, relative residual: 0.001057169495706764
Iteration: 924, relative residual: 0.0010571609888954594
Iteration: 925, relative residual: 0.0010571609824981485
Iteration: 926, relative residual: 0.001057154514519514
Iteration: 927, relative residual: 0.0010571495798924748
Iteration: 928, relative residual: 0.0010571491250951624
Iteration: 929, relative residual: 0.001057140878533193
Iteration: 930, relative residual: 0.0010571247293052748
Iteration: 931, relative residual: 0.0010571230135758903
Iteration: 932, relative residual: 0.0010571168491752925
Iteration: 933, relative residual: 0.001057109009316363
Iteration: 934, relative residual: 0.0010571016531684884
Iteration: 935, relative residual: 0.0010571010240996133
Iteration: 936, relative residual: 0.0010571009177431678
Iteration: 937, relative residual: 0.001057099860023824
Iteration: 938, relative residual: 0.0010570955492019438
Iteration: 939, relative residual: 0.0010570936802878975
Iteration: 940, relative residual: 0.001057093638256239
Iteration: 941, relative residual: 0.0010570855148360103
Iteration: 942, relative residual: 0.0010570274774806684
Iteration: 943, relative residual: 0.0010569483525309517
Iteration: 944, relative residual: 0.0010569249225403565
Iteration: 945, relative residual: 0.0010568820848271543
Iteration: 946, relative residual: 0.001056745997697791
Iteration: 947, relative residual: 0.001056578329542621
Iteration: 948, relative residual: 0.0010565023812410632
Iteration: 949, relative residual: 0.0010565023790658047
Iteration: 950, relative residual: 0.0010564012592068697
Iteration: 951, relative residual: 0.001056220419050197
Iteration: 952, relative residual: 0.0010562179199729918
Iteration: 953, relative residual: 0.0010561871971092331
Iteration: 954, relative residual: 0.0010561032865805144
Iteration: 955, relative residual: 0.0010559666564738876
Iteration: 956, relative residual: 0.0010559642815330254
Iteration: 957, relative residual: 0.001055823555433887
Iteration: 958, relative residual: 0.0010557047462491558
Iteration: 959, relative residual: 0.001055664917669975
Iteration: 960, relative residual: 0.0010556637066839048
Iteration: 961, relative residual: 0.0010556005945772623
Iteration: 962, relative residual: 0.0010554971945289067
Iteration: 963, relative residual: 0.0010554598982815719
Iteration: 964, relative residual: 0.0010554493590954768
Iteration: 965, relative residual: 0.0010554336953740209
Iteration: 966, relative residual: 0.0010554322407874037
Iteration: 967, relative residual: 0.0010554210715873892
Iteration: 968, relative residual: 0.0010553387149214034
Iteration: 969, relative residual: 0.0010553116863078781
Iteration: 970, relative residual: 0.0010553086393224815
Iteration: 971, relative residual: 0.0010552908210949966
Iteration: 972, relative residual: 0.001055174080503798
Iteration: 973, relative residual: 0.0010551113166042867
Iteration: 974, relative residual: 0.001055111090887112
Iteration: 975, relative residual: 0.0010547344860312887
Iteration: 976, relative residual: 0.0010541473884968832
Iteration: 977, relative residual: 0.001053654433785413
Iteration: 978, relative residual: 0.0010536091824202784
Iteration: 979, relative residual: 0.0010532367281471066
Iteration: 980, relative residual: 0.001052467784181074
Iteration: 981, relative residual: 0.0010519861258009224
Iteration: 982, relative residual: 0.0010517319790357012
Iteration: 983, relative residual: 0.001051680540103799
Iteration: 984, relative residual: 0.0010507159061225407
Iteration: 985, relative residual: 0.0010494550680818305
Iteration: 986, relative residual: 0.0010493490973781498
Iteration: 987, relative residual: 0.0010490894657270607
Iteration: 988, relative residual: 0.0010488347649369593
Iteration: 989, relative residual: 0.0010488345000610356
Iteration: 990, relative residual: 0.0010488151119851768
Iteration: 991, relative residual: 0.0010487587058478826
Iteration: 992, relative residual: 0.001048417799496534
Iteration: 993, relative residual: 0.0010482841695519543
Iteration: 994, relative residual: 0.0010479458988605778
Iteration: 995, relative residual: 0.00104771061940714
Iteration: 996, relative residual: 0.0010475712524217013
Iteration: 997, relative residual: 0.001047089160126818
Iteration: 998, relative residual: 0.0010453320500404613
Iteration: 999, relative residual: 0.0010448798692927845
Iteration: 1000, relative residual: 0.0010448798692927845
Residual: 0.0010448798692927845. Restart...
Warning!!!!You have reached the maximum number of iterations : 1000.
The run will stop. Check the residual behaviour you might have a bug.For future runs you might consider changing the tolerance or increasing the number of max_iter.
Solve time        : 4701.178583145142s

Calculate Solvation Energy (E_solv)
Calculating solvation energy for region 1, stored in E_solv[0]
6250.582949852507 of 534543 analytical integrals for phi_reac calculation in region 1
Time E_solv: 4.537815809249878s
Region 1: E_solv = -6591.627946857176 kcal/mol = -27579.371329650425 kJ/mol

Calculate Surface Energy (E_surf)
Time E_surf: 0.020769357681274414s

Calculate Coulomb Energy (E_coul)
Calculate Coulomb energy for region 1
Region 1: E_coul = -242161.7714688372 kcal/mol = -1013204.8518256148 kJ/mol
Time E_coul: 23.76283025741577s

------------------------------
Totals:
E_solv = -6591.627946857176 kcal/mol
E_surf = 0 kcal/mol
E_coul = -242161.7714688372 kcal/mol

Time = 4824.65477514267 s
