Run started on:
	Date: 2020/5/23
	Time: 22:55:22
	PyGBe version: 0.3.2+5.gea0f875
Config file: /cobra/u/gvargas/code/hPB/pygbe/pygbe/myCrownFinShots/sarsCov2002noACE2/snap1/snap1.config
Parameter file: /cobra/u/gvargas/code/hPB/pygbe/pygbe/myCrownFinShots/sarsCov2002noACE2/snap1/snap1.param
Geometry folder: /cobra/u/gvargas/code/hPB/pygbe/pygbe/myCrownFinShots/sarsCov2002noACE2/snap1/geometry
Running in: /cobra/u/gvargas/code/hPB/pygbe/pygbe/myCrownFinShots/sarsCov2002noACE2/snap1

Reading surface 0 from file geometry/crownVF2002noACE2
Time load mesh: 9.191917896270752
Removed areas=0: 214

Total elements : 537170
Total equations: 1074340
----------------------------

1 surfaces:

Surface 0:
	537170 elements
	Surface type         : dielectric_interface
	Cells                : 4218
	Twigs                : 3576
	Levels               : 6
	C0 size              : 93.65359347775752
	C0 box center        : 115.01115960682833, 88.23510856215597, 99.50727979410613
	Twig cell size       : 2.9266747961799227
	Rbox/theta           : 5.853349592359845
	Analytic distance    : 1.2948356133717982
	Elem. per Ang^2      : 4.171651375502842
	Max, min, avg elem.  : 1.5428708192666416, 4.999999999976695e-07, 0.23971322384998248
	Total area           : 128766.7524554951
------------------------------

2 regions:

Region 0:
	Laplace or Yukawa: 2
	kappa            : 0.125
	dielectric const : 80.0
	Number of charges: 0
	Parent surface   : []
	Child surfaces   : [0]
Region 1:
	Laplace or Yukawa: 1
	kappa            : 1e-12
	dielectric const : 4.0
	Number of charges: 50849
	Parent surface   : [0]
	Child surfaces   : []
------------------------------

Parameters:
	Data type               : <class 'numpy.float64'>
	Use GPU                 : 1
	P                       : 4
	threshold               : 0.50
	theta                   : 0.50
	NCRIT                   : 500
	CUDA block size         : 128
	Gauss points per element: 1
	Gauss points near singlr: 25
	1D Gauss points per side: 9
	GMRES tolerance         : 1e-05
	GMRES max iterations    : 1000
	GMRES restart iteration : 100
----------------------------

Generate interaction list
Transfer data to GPU
Generate RHS
List time          : 3.9788265228271484s
Data transfer time : 0.4838449954986572s
RHS generation time: 0.48021912574768066s
------------------------------
Total setup time   : 69.50786304473877s
Solve
Iteration: 1, relative residual: 0.2879958412493013
Iteration: 2, relative residual: 0.2318387457111202
Iteration: 3, relative residual: 0.1799043440341026
Iteration: 4, relative residual: 0.14337228299776933
Iteration: 5, relative residual: 0.11900998613014348
Iteration: 6, relative residual: 0.10206257428180641
Iteration: 7, relative residual: 0.0788056755406396
Iteration: 8, relative residual: 0.06573011253413953
Iteration: 9, relative residual: 0.05926516908436201
Iteration: 10, relative residual: 0.04654946761055954
Iteration: 11, relative residual: 0.04037941445024127
Iteration: 12, relative residual: 0.032698210798829085
Iteration: 13, relative residual: 0.026876288987767612
Iteration: 14, relative residual: 0.026303248927465172
Iteration: 15, relative residual: 0.024077761499796093
Iteration: 16, relative residual: 0.020939587937755192
Iteration: 17, relative residual: 0.018289119538391345
Iteration: 18, relative residual: 0.015405270626816894
Iteration: 19, relative residual: 0.013133039138428828
Iteration: 20, relative residual: 0.011313195360723626
Iteration: 21, relative residual: 0.010306320645221937
Iteration: 22, relative residual: 0.010300398620356362
Iteration: 23, relative residual: 0.008885445867657028
Iteration: 24, relative residual: 0.008076804521320289
Iteration: 25, relative residual: 0.0073766173737001015
Iteration: 26, relative residual: 0.007376294165368467
Iteration: 27, relative residual: 0.0069811260741889525
Iteration: 28, relative residual: 0.006212983679569755
Iteration: 29, relative residual: 0.0055341792927889695
Iteration: 30, relative residual: 0.004971560663552876
Iteration: 31, relative residual: 0.004563766915548856
Iteration: 32, relative residual: 0.00436274829250362
Iteration: 33, relative residual: 0.0042612486024033855
Iteration: 34, relative residual: 0.00418782801992902
Iteration: 35, relative residual: 0.004186850162721666
Iteration: 36, relative residual: 0.004122939121102456
Iteration: 37, relative residual: 0.003972087059328997
Iteration: 38, relative residual: 0.003824804570217593
Iteration: 39, relative residual: 0.0035701793704729402
Iteration: 40, relative residual: 0.0034730831661654296
Iteration: 41, relative residual: 0.003467190470144711
Iteration: 42, relative residual: 0.0034490246037808515
Iteration: 43, relative residual: 0.0031565534847900994
Iteration: 44, relative residual: 0.0030522495636232322
Iteration: 45, relative residual: 0.002797648303972958
Iteration: 46, relative residual: 0.0027515610786026453
Iteration: 47, relative residual: 0.002751548178450851
Iteration: 48, relative residual: 0.002717312199058331
Iteration: 49, relative residual: 0.002569544492980473
Iteration: 50, relative residual: 0.002385116640076068
Iteration: 51, relative residual: 0.002307767471289098
Iteration: 52, relative residual: 0.0022587746258251403
Iteration: 53, relative residual: 0.00215533431546772
Iteration: 54, relative residual: 0.0018627572733535677
Iteration: 55, relative residual: 0.0018061635798166358
Iteration: 56, relative residual: 0.001689890980309601
Iteration: 57, relative residual: 0.0016893048848547409
Iteration: 58, relative residual: 0.0015415671093132672
Iteration: 59, relative residual: 0.0014019234418380271
Iteration: 60, relative residual: 0.0013193120433289958
Iteration: 61, relative residual: 0.0012182292370946435
Iteration: 62, relative residual: 0.0011809247700513875
Iteration: 63, relative residual: 0.0011790948091398112
Iteration: 64, relative residual: 0.0011598571920499816
Iteration: 65, relative residual: 0.0011303427113379617
Iteration: 66, relative residual: 0.0010669823629023815
Iteration: 67, relative residual: 0.0010563970405675109
Iteration: 68, relative residual: 0.0010512603246070403
Iteration: 69, relative residual: 0.0010499868404750842
Iteration: 70, relative residual: 0.001034598038877855
Iteration: 71, relative residual: 0.0009988816343290906
Iteration: 72, relative residual: 0.0009925844320651021
Iteration: 73, relative residual: 0.000989719182321375
Iteration: 74, relative residual: 0.0009874615562960587
Iteration: 75, relative residual: 0.0009623981726431832
Iteration: 76, relative residual: 0.000936505198895678
Iteration: 77, relative residual: 0.0009295186561757736
Iteration: 78, relative residual: 0.0009284304042198493
Iteration: 79, relative residual: 0.0009212680455971297
Iteration: 80, relative residual: 0.0009009676998341041
Iteration: 81, relative residual: 0.0008627192395222008
Iteration: 82, relative residual: 0.0008295975532108531
Iteration: 83, relative residual: 0.0008123956544723181
Iteration: 84, relative residual: 0.000808806289972863
Iteration: 85, relative residual: 0.0008085650620156168
Iteration: 86, relative residual: 0.0007953095793194244
Iteration: 87, relative residual: 0.0007634234181468033
Iteration: 88, relative residual: 0.000741556565938847
Iteration: 89, relative residual: 0.0007224957878540603
Iteration: 90, relative residual: 0.0007154057761145308
Iteration: 91, relative residual: 0.0007145000016161892
Iteration: 92, relative residual: 0.0007078411525225199
Iteration: 93, relative residual: 0.0006912010534568424
Iteration: 94, relative residual: 0.0006727293516601592
Iteration: 95, relative residual: 0.0006630733199091379
Iteration: 96, relative residual: 0.0006595127152701905
Iteration: 97, relative residual: 0.0006589611522499376
Iteration: 98, relative residual: 0.0006543624254505836
Iteration: 99, relative residual: 0.0006457073505307419
Iteration: 100, relative residual: 0.0006457073505307419
Residual: 0.0006457073505307419. Restart...
Iteration: 101, relative residual: 0.0006165117548308247
Iteration: 102, relative residual: 0.0006161322624077525
Iteration: 103, relative residual: 0.0006153751576201326
Iteration: 104, relative residual: 0.0006153611675640702
Iteration: 105, relative residual: 0.0006150091265665048
Iteration: 106, relative residual: 0.0006142506108108565
Iteration: 107, relative residual: 0.0006131855947559481
Iteration: 108, relative residual: 0.0006129569217248973
Iteration: 109, relative residual: 0.0006128864429340807
Iteration: 110, relative residual: 0.0006126019362319862
Iteration: 111, relative residual: 0.0006122922888927801
Iteration: 112, relative residual: 0.0006122917717474437
Iteration: 113, relative residual: 0.0006122352853961432
Iteration: 114, relative residual: 0.0006117299567161933
Iteration: 115, relative residual: 0.0006103059789787298
Iteration: 116, relative residual: 0.0006091874259933798
Iteration: 117, relative residual: 0.0006091855557727585
Iteration: 118, relative residual: 0.0006086389598029312
Iteration: 119, relative residual: 0.000607949921758418
Iteration: 120, relative residual: 0.000607869069137472
Iteration: 121, relative residual: 0.0006077400965059245
Iteration: 122, relative residual: 0.0006076960951795093
Iteration: 123, relative residual: 0.0006062280649005451
Iteration: 124, relative residual: 0.0006044829143676096
Iteration: 125, relative residual: 0.0006037354499913106
Iteration: 126, relative residual: 0.0006036757136142077
Iteration: 127, relative residual: 0.0006027798812772405
Iteration: 128, relative residual: 0.0006020953228366783
Iteration: 129, relative residual: 0.0005992055976134345
Iteration: 130, relative residual: 0.0005983578874399835
Iteration: 131, relative residual: 0.0005983570395551508
Iteration: 132, relative residual: 0.0005968026652160386
Iteration: 133, relative residual: 0.0005955015184498191
Iteration: 134, relative residual: 0.000591294154482153
Iteration: 135, relative residual: 0.0005812876070709853
Iteration: 136, relative residual: 0.0005804758658292184
Iteration: 137, relative residual: 0.0005804054804605679
Iteration: 138, relative residual: 0.0005794045099000965
Iteration: 139, relative residual: 0.0005776730551827686
Iteration: 140, relative residual: 0.0005772026983866506
Iteration: 141, relative residual: 0.0005771550053133149
Iteration: 142, relative residual: 0.0005755116180458127
Iteration: 143, relative residual: 0.0005694736609851134
Iteration: 144, relative residual: 0.0005625317750414137
Iteration: 145, relative residual: 0.0005577098791166562
Iteration: 146, relative residual: 0.0005551669037364964
Iteration: 147, relative residual: 0.0005549754643952816
Iteration: 148, relative residual: 0.0005535653422697884
Iteration: 149, relative residual: 0.0005480866506775811
Iteration: 150, relative residual: 0.0005470885524781476
Iteration: 151, relative residual: 0.000547042962044149
Iteration: 152, relative residual: 0.0005457851303276228
Iteration: 153, relative residual: 0.0005348298278678503
Iteration: 154, relative residual: 0.000521725613574928
Iteration: 155, relative residual: 0.0005140822398067621
Iteration: 156, relative residual: 0.0005112184989342395
Iteration: 157, relative residual: 0.0005112061588510312
Iteration: 158, relative residual: 0.0005092410044273054
Iteration: 159, relative residual: 0.000503912562247151
Iteration: 160, relative residual: 0.000496556080392905
Iteration: 161, relative residual: 0.0004933832777765273
Iteration: 162, relative residual: 0.000493268874119013
Iteration: 163, relative residual: 0.0004923157974537579
Iteration: 164, relative residual: 0.0004830916069868692
Iteration: 165, relative residual: 0.00047044094984776216
Iteration: 166, relative residual: 0.00046446478930146294
Iteration: 167, relative residual: 0.00046427628734372603
Iteration: 168, relative residual: 0.0004627328377032388
Iteration: 169, relative residual: 0.0004586454924867395
Iteration: 170, relative residual: 0.0004496889435295736
Iteration: 171, relative residual: 0.00044618776381988453
Iteration: 172, relative residual: 0.00044603968556864554
Iteration: 173, relative residual: 0.0004444779277202846
Iteration: 174, relative residual: 0.00043879547125523147
Iteration: 175, relative residual: 0.0004345501099332063
Iteration: 176, relative residual: 0.00042865264159420855
Iteration: 177, relative residual: 0.000422149733072074
Iteration: 178, relative residual: 0.000419030589490975
Iteration: 179, relative residual: 0.00041850863853964244
Iteration: 180, relative residual: 0.00041850832156195274
Iteration: 181, relative residual: 0.00041803955111589894
Iteration: 182, relative residual: 0.0004144000369661836
Iteration: 183, relative residual: 0.00040388800038498906
Iteration: 184, relative residual: 0.00039288282170866926
Iteration: 185, relative residual: 0.0003901025949472422
Iteration: 186, relative residual: 0.00039009570257900666
Iteration: 187, relative residual: 0.0003886328009522647
Iteration: 188, relative residual: 0.0003794655922575477
Iteration: 189, relative residual: 0.0003650412706373726
Iteration: 190, relative residual: 0.000356660729250165
Iteration: 191, relative residual: 0.00035105110029929855
Iteration: 192, relative residual: 0.0003440829009061536
Iteration: 193, relative residual: 0.0003423336404600132
Iteration: 194, relative residual: 0.0003423307148466489
Iteration: 195, relative residual: 0.00033891323798919263
Iteration: 196, relative residual: 0.0003323843414189135
Iteration: 197, relative residual: 0.00032278097346337555
Iteration: 198, relative residual: 0.0003171884214047371
Iteration: 199, relative residual: 0.00031444975890554573
Iteration: 200, relative residual: 0.00031444975890554573
Residual: 0.00031444975890554573. Restart...
Iteration: 201, relative residual: 0.00031443502890077306
Iteration: 202, relative residual: 0.0003144350282364729
Iteration: 203, relative residual: 0.0003144350282364095
Iteration: 204, relative residual: 0.00031443496916592014
Iteration: 205, relative residual: 0.00031443343912156385
Iteration: 206, relative residual: 0.0003144270711003764
Iteration: 207, relative residual: 0.0003143564820924268
Iteration: 208, relative residual: 0.00031419544524844664
Iteration: 209, relative residual: 0.0003139333145753075
Iteration: 210, relative residual: 0.00031380408973696975
Iteration: 211, relative residual: 0.0003138014582209306
Iteration: 212, relative residual: 0.00031365861884994966
Iteration: 213, relative residual: 0.00031321828341817763
Iteration: 214, relative residual: 0.00031269802276954827
Iteration: 215, relative residual: 0.000312659698039999
Iteration: 216, relative residual: 0.00031237517552858265
Iteration: 217, relative residual: 0.00031183894210967444
Iteration: 218, relative residual: 0.000311824178593785
Iteration: 219, relative residual: 0.00031126811741097424
Iteration: 220, relative residual: 0.0003101924890492379
Iteration: 221, relative residual: 0.0003078689795651225
Iteration: 222, relative residual: 0.0003053555818597851
Iteration: 223, relative residual: 0.0003031942654788134
Iteration: 224, relative residual: 0.0003021797766964853
Iteration: 225, relative residual: 0.00030200470652717653
Iteration: 226, relative residual: 0.00030192539750896285
Iteration: 227, relative residual: 0.0003004619030346229
Iteration: 228, relative residual: 0.0002985041467582721
Iteration: 229, relative residual: 0.00029824879475821907
Iteration: 230, relative residual: 0.00029824672644320155
Iteration: 231, relative residual: 0.0002980430675963442
Iteration: 232, relative residual: 0.0002972793854232293
Iteration: 233, relative residual: 0.00029573683068443297
Iteration: 234, relative residual: 0.00029485911722728866
Iteration: 235, relative residual: 0.0002948279367213465
Iteration: 236, relative residual: 0.00029403719999890305
Iteration: 237, relative residual: 0.00029299389258965385
Iteration: 238, relative residual: 0.0002920331833532239
Iteration: 239, relative residual: 0.000291874271946278
Iteration: 240, relative residual: 0.00029083354508873034
Iteration: 241, relative residual: 0.0002880748856043787
Iteration: 242, relative residual: 0.000283256994495832
Iteration: 243, relative residual: 0.0002804834148743752
Iteration: 244, relative residual: 0.00028046171184634844
Iteration: 245, relative residual: 0.00027929083509858476
Iteration: 246, relative residual: 0.0002757217202291058
Iteration: 247, relative residual: 0.0002718818819238226
Iteration: 248, relative residual: 0.0002711708128036109
Iteration: 249, relative residual: 0.00027056471423639794
Iteration: 250, relative residual: 0.0002705615405053865
Iteration: 251, relative residual: 0.00027033189685687675
Iteration: 252, relative residual: 0.00026769413193748716
Iteration: 253, relative residual: 0.0002656412114982148
Iteration: 254, relative residual: 0.000263455915255022
Iteration: 255, relative residual: 0.00026331385988837973
Iteration: 256, relative residual: 0.00026328596966821046
Iteration: 257, relative residual: 0.0002602716911600804
Iteration: 258, relative residual: 0.0002567096952394182
Iteration: 259, relative residual: 0.00025570478435297123
Iteration: 260, relative residual: 0.0002555088356416476
Iteration: 261, relative residual: 0.0002555027924381946
Iteration: 262, relative residual: 0.00025542476908344463
Iteration: 263, relative residual: 0.0002550278430803379
Iteration: 264, relative residual: 0.0002523799300822452
Iteration: 265, relative residual: 0.0002506796702593736
Iteration: 266, relative residual: 0.0002506615452142583
Iteration: 267, relative residual: 0.00025064977933155305
Iteration: 268, relative residual: 0.00024874495057069726
Iteration: 269, relative residual: 0.00024725886439037507
Iteration: 270, relative residual: 0.00024720044172657404
Iteration: 271, relative residual: 0.00024694232540554327
Iteration: 272, relative residual: 0.0002460194903215452
Iteration: 273, relative residual: 0.0002448021570822831
Iteration: 274, relative residual: 0.00024379151026674564
Iteration: 275, relative residual: 0.00024336193599717602
Iteration: 276, relative residual: 0.00024227629603553816
Iteration: 277, relative residual: 0.00024217509604155372
Iteration: 278, relative residual: 0.00024111274922607284
Iteration: 279, relative residual: 0.00023934481439829856
Iteration: 280, relative residual: 0.00023688929733036777
Iteration: 281, relative residual: 0.00023142629484092142
Iteration: 282, relative residual: 0.00022863329654528397
Iteration: 283, relative residual: 0.00022779383451558338
Iteration: 284, relative residual: 0.0002277399058278596
Iteration: 285, relative residual: 0.00022739444303697718
Iteration: 286, relative residual: 0.0002244283304434788
Iteration: 287, relative residual: 0.00022022000069012602
Iteration: 288, relative residual: 0.00021820815657796713
Iteration: 289, relative residual: 0.0002179320584427291
Iteration: 290, relative residual: 0.00021792752895694368
Iteration: 291, relative residual: 0.00021613102744901013
Iteration: 292, relative residual: 0.00021346483179819718
Iteration: 293, relative residual: 0.00021073434098489987
Iteration: 294, relative residual: 0.0002059801004930549
Iteration: 295, relative residual: 0.00020377526448479635
Iteration: 296, relative residual: 0.00020348556488313944
Iteration: 297, relative residual: 0.00020283046028136782
Iteration: 298, relative residual: 0.00020050704085953998
Iteration: 299, relative residual: 0.00019519932428195818
Iteration: 300, relative residual: 0.00019519932428195818
Residual: 0.00019519932428195818. Restart...
Iteration: 301, relative residual: 0.00019125346220084791
Iteration: 302, relative residual: 0.00019122773877021946
Iteration: 303, relative residual: 0.00019117532638953272
Iteration: 304, relative residual: 0.00019110198856614008
Iteration: 305, relative residual: 0.00019109309318438356
Iteration: 306, relative residual: 0.000190977868261056
Iteration: 307, relative residual: 0.00019072512370543144
Iteration: 308, relative residual: 0.00019040165796562714
Iteration: 309, relative residual: 0.00019016188821438393
Iteration: 310, relative residual: 0.00019016183039347119
Iteration: 311, relative residual: 0.00019004306958521683
Iteration: 312, relative residual: 0.0001897233559126055
Iteration: 313, relative residual: 0.0001894463227468603
Iteration: 314, relative residual: 0.00018943326499413105
Iteration: 315, relative residual: 0.0001893472200511333
Iteration: 316, relative residual: 0.00018922687098554613
Iteration: 317, relative residual: 0.00018922210650158548
Iteration: 318, relative residual: 0.00018909089210726335
Iteration: 319, relative residual: 0.000188791703111653
Iteration: 320, relative residual: 0.00018824241294342024
Iteration: 321, relative residual: 0.00018823286867905353
Iteration: 322, relative residual: 0.00018822915276779984
Iteration: 323, relative residual: 0.00018818632846105628
Iteration: 324, relative residual: 0.00018805638825193898
Iteration: 325, relative residual: 0.00018788990314411077
Iteration: 326, relative residual: 0.00018784138563182474
Iteration: 327, relative residual: 0.00018764766389535838
Iteration: 328, relative residual: 0.00018728204245954235
Iteration: 329, relative residual: 0.00018686646047537397
Iteration: 330, relative residual: 0.00018657328508677823
Iteration: 331, relative residual: 0.00018650661249808894
Iteration: 332, relative residual: 0.0001864742455196195
Iteration: 333, relative residual: 0.00018558710181764817
Iteration: 334, relative residual: 0.0001831811926734397
Iteration: 335, relative residual: 0.0001818623502553157
Iteration: 336, relative residual: 0.00018102298295261324
Iteration: 337, relative residual: 0.00018088329134857968
Iteration: 338, relative residual: 0.0001793993247699001
Iteration: 339, relative residual: 0.00017833445382379657
Iteration: 340, relative residual: 0.0001782462869959476
Iteration: 341, relative residual: 0.00017812858281010616
Iteration: 342, relative residual: 0.00017746635781042784
Iteration: 343, relative residual: 0.0001760121670237723
Iteration: 344, relative residual: 0.0001752363104966749
Iteration: 345, relative residual: 0.0001752072636931032
Iteration: 346, relative residual: 0.00017474177684302072
Iteration: 347, relative residual: 0.000171459769227161
Iteration: 348, relative residual: 0.00016823558189368786
Iteration: 349, relative residual: 0.00016774014965069965
Iteration: 350, relative residual: 0.0001676287516156134
Iteration: 351, relative residual: 0.00016709286722967678
Iteration: 352, relative residual: 0.00016530787234951446
Iteration: 353, relative residual: 0.0001627403748891517
Iteration: 354, relative residual: 0.00016094091867102623
Iteration: 355, relative residual: 0.000160588023765557
Iteration: 356, relative residual: 0.00016049256764876716
Iteration: 357, relative residual: 0.00015983044230545018
Iteration: 358, relative residual: 0.00015881889551345522
Iteration: 359, relative residual: 0.00015839504101881357
Iteration: 360, relative residual: 0.00015839190175163866
Iteration: 361, relative residual: 0.0001583201852854454
Iteration: 362, relative residual: 0.0001577876903508593
Iteration: 363, relative residual: 0.00015761656865721703
Iteration: 364, relative residual: 0.0001573823443374541
Iteration: 365, relative residual: 0.00015723454618959552
Iteration: 366, relative residual: 0.00015723123342661986
Iteration: 367, relative residual: 0.00015717334387932918
Iteration: 368, relative residual: 0.00015699936334439215
Iteration: 369, relative residual: 0.00015669664329338225
Iteration: 370, relative residual: 0.00015590482909217594
Iteration: 371, relative residual: 0.0001554352088662495
Iteration: 372, relative residual: 0.00015543312029204348
Iteration: 373, relative residual: 0.00015534077329639942
Iteration: 374, relative residual: 0.00015526246210578797
Iteration: 375, relative residual: 0.0001542738484987788
Iteration: 376, relative residual: 0.00015333953606957084
Iteration: 377, relative residual: 0.0001524780459679724
Iteration: 378, relative residual: 0.00015247058926294457
Iteration: 379, relative residual: 0.00015229911945682892
Iteration: 380, relative residual: 0.00015152599218237707
Iteration: 381, relative residual: 0.00014968556052713313
Iteration: 382, relative residual: 0.00014741085615160523
Iteration: 383, relative residual: 0.00014729183155228083
Iteration: 384, relative residual: 0.00014729044457225212
Iteration: 385, relative residual: 0.00014697631260613016
Iteration: 386, relative residual: 0.0001442136111059483
Iteration: 387, relative residual: 0.00014075116425208719
Iteration: 388, relative residual: 0.00013735159965708884
Iteration: 389, relative residual: 0.00013528082539007169
Iteration: 390, relative residual: 0.00013433682840749425
Iteration: 391, relative residual: 0.0001340970957645548
Iteration: 392, relative residual: 0.00013408758287917515
Iteration: 393, relative residual: 0.00013339191062179673
Iteration: 394, relative residual: 0.00013151646091465343
Iteration: 395, relative residual: 0.00012909819454490397
Iteration: 396, relative residual: 0.00012640029871000187
Iteration: 397, relative residual: 0.00012556558915932257
Iteration: 398, relative residual: 0.0001249084293205151
Iteration: 399, relative residual: 0.00012489197011013092
Iteration: 400, relative residual: 0.00012489197011013092
Residual: 0.00012489197011013092. Restart...
Iteration: 401, relative residual: 0.00012455089014799486
Iteration: 402, relative residual: 0.0001245508860589308
Iteration: 403, relative residual: 0.0001245497522566944
Iteration: 404, relative residual: 0.0001245465535714258
Iteration: 405, relative residual: 0.00012453974346279727
Iteration: 406, relative residual: 0.00012453158453538344
Iteration: 407, relative residual: 0.00012452919756913088
Iteration: 408, relative residual: 0.00012452800162517626
Iteration: 409, relative residual: 0.00012451769772712693
Iteration: 410, relative residual: 0.00012450553836920503
Iteration: 411, relative residual: 0.00012450546929356922
Iteration: 412, relative residual: 0.00012449365031682094
Iteration: 413, relative residual: 0.00012446579789267788
Iteration: 414, relative residual: 0.000124460058185231
Iteration: 415, relative residual: 0.00012444951656051021
Iteration: 416, relative residual: 0.00012433044556851546
Iteration: 417, relative residual: 0.000124186640860198
Iteration: 418, relative residual: 0.00012387577486211416
Iteration: 419, relative residual: 0.00012368529570390123
Iteration: 420, relative residual: 0.00012363274691523692
Iteration: 421, relative residual: 0.0001236108291720113
Iteration: 422, relative residual: 0.0001234284575145473
Iteration: 423, relative residual: 0.00012328182611391853
Iteration: 424, relative residual: 0.00012304154064131677
Iteration: 425, relative residual: 0.00012295686285986087
Iteration: 426, relative residual: 0.00012295661899684444
Iteration: 427, relative residual: 0.00012289499805996613
Iteration: 428, relative residual: 0.0001228208928591138
Iteration: 429, relative residual: 0.00012278418678944472
Iteration: 430, relative residual: 0.00012274733861256267
Iteration: 431, relative residual: 0.00012273698968500794
Iteration: 432, relative residual: 0.00012273174273035804
Iteration: 433, relative residual: 0.00012271219114978827
Iteration: 434, relative residual: 0.00012263621867694113
Iteration: 435, relative residual: 0.00012260800527242514
Iteration: 436, relative residual: 0.0001226033336136743
Iteration: 437, relative residual: 0.00012260105683689808
Iteration: 438, relative residual: 0.00012257530940374233
Iteration: 439, relative residual: 0.00012254238078320155
Iteration: 440, relative residual: 0.00012253785694607224
Iteration: 441, relative residual: 0.00012253698470934983
Iteration: 442, relative residual: 0.0001225163569455754
Iteration: 443, relative residual: 0.00012240516924928558
Iteration: 444, relative residual: 0.0001221232133603708
Iteration: 445, relative residual: 0.00012202074824043081
Iteration: 446, relative residual: 0.00012192236955218848
Iteration: 447, relative residual: 0.00012162228165827013
Iteration: 448, relative residual: 0.00012092427087338627
Iteration: 449, relative residual: 0.00012059779206953439
Iteration: 450, relative residual: 0.00012056365175449229
Iteration: 451, relative residual: 0.00012038200098179669
Iteration: 452, relative residual: 0.00011984686723203147
Iteration: 453, relative residual: 0.00011939562013598951
Iteration: 454, relative residual: 0.00011924063981801697
Iteration: 455, relative residual: 0.00011922053027820268
Iteration: 456, relative residual: 0.00011918826890680744
Iteration: 457, relative residual: 0.000118920337501024
Iteration: 458, relative residual: 0.00011841070895076066
Iteration: 459, relative residual: 0.00011737917543087825
Iteration: 460, relative residual: 0.00011665194313254383
Iteration: 461, relative residual: 0.00011621148113298093
Iteration: 462, relative residual: 0.00011599465333514232
Iteration: 463, relative residual: 0.00011599437638812808
Iteration: 464, relative residual: 0.00011553729335571623
Iteration: 465, relative residual: 0.00011506046804938306
Iteration: 466, relative residual: 0.0001149935432836664
Iteration: 467, relative residual: 0.00011498587499770873
Iteration: 468, relative residual: 0.00011478173406352462
Iteration: 469, relative residual: 0.00011402494841872186
Iteration: 470, relative residual: 0.000113427112492283
Iteration: 471, relative residual: 0.0001131986280537006
Iteration: 472, relative residual: 0.00011310943117419232
Iteration: 473, relative residual: 0.00011310942345910734
Iteration: 474, relative residual: 0.00011308324317342045
Iteration: 475, relative residual: 0.000112784959752931
Iteration: 476, relative residual: 0.00011226254129836411
Iteration: 477, relative residual: 0.00011185871244237112
Iteration: 478, relative residual: 0.00011162696774109268
Iteration: 479, relative residual: 0.00011158415790243494
Iteration: 480, relative residual: 0.00011158405374956443
Iteration: 481, relative residual: 0.0001114267367490762
Iteration: 482, relative residual: 0.0001110672169981867
Iteration: 483, relative residual: 0.00011070217466165643
Iteration: 484, relative residual: 0.00011052169733163659
Iteration: 485, relative residual: 0.00011049504861882712
Iteration: 486, relative residual: 0.00011021487234986117
Iteration: 487, relative residual: 0.00010968743237504887
Iteration: 488, relative residual: 0.00010924517426167679
Iteration: 489, relative residual: 0.00010870554493265623
Iteration: 490, relative residual: 0.00010774780410292729
Iteration: 491, relative residual: 0.00010738387110896804
Iteration: 492, relative residual: 0.00010726751636735017
Iteration: 493, relative residual: 0.00010713745963580706
Iteration: 494, relative residual: 0.00010649086140368306
Iteration: 495, relative residual: 0.00010511960670511255
Iteration: 496, relative residual: 0.00010421532760376321
Iteration: 497, relative residual: 0.00010392062139542258
Iteration: 498, relative residual: 0.00010391168714143829
Iteration: 499, relative residual: 0.00010385217405513277
Iteration: 500, relative residual: 0.00010385217405513277
Residual: 0.00010385217405513277. Restart...
Iteration: 501, relative residual: 0.00010359163336565653
Iteration: 502, relative residual: 0.00010359092427243043
Iteration: 503, relative residual: 0.00010359065061142291
Iteration: 504, relative residual: 0.00010359017481652743
Iteration: 505, relative residual: 0.00010358908813571987
Iteration: 506, relative residual: 0.00010358862918743051
Iteration: 507, relative residual: 0.00010358860911607619
Iteration: 508, relative residual: 0.00010358836029473696
Iteration: 509, relative residual: 0.00010358833723045051
Iteration: 510, relative residual: 0.00010358819035842545
Iteration: 511, relative residual: 0.00010358791154514602
Iteration: 512, relative residual: 0.00010358790267990361
Iteration: 513, relative residual: 0.00010358780954662183
Iteration: 514, relative residual: 0.00010358496974423864
Iteration: 515, relative residual: 0.00010358435488066713
Iteration: 516, relative residual: 0.00010354977684445306
Iteration: 517, relative residual: 0.00010352245232907211
Iteration: 518, relative residual: 0.00010350230273779674
Iteration: 519, relative residual: 0.0001035021709363805
Iteration: 520, relative residual: 0.0001034990888544603
Iteration: 521, relative residual: 0.00010345878858822772
Iteration: 522, relative residual: 0.00010338915676146039
Iteration: 523, relative residual: 0.0001033340711534648
Iteration: 524, relative residual: 0.00010325888586698824
Iteration: 525, relative residual: 0.00010325864333383828
Iteration: 526, relative residual: 0.00010321729431191404
Iteration: 527, relative residual: 0.00010305829965325356
Iteration: 528, relative residual: 0.00010280415501334499
Iteration: 529, relative residual: 0.00010270971702895987
Iteration: 530, relative residual: 0.00010270938431202957
Iteration: 531, relative residual: 0.00010261895426720817
Iteration: 532, relative residual: 0.00010239955585890963
Iteration: 533, relative residual: 0.00010220959502628472
Iteration: 534, relative residual: 0.00010206503182725129
Iteration: 535, relative residual: 0.0001020399560711701
Iteration: 536, relative residual: 0.00010199683347439501
Iteration: 537, relative residual: 0.00010184699891740605
Iteration: 538, relative residual: 0.00010176611434018076
Iteration: 539, relative residual: 0.00010175745271987725
Iteration: 540, relative residual: 0.0001017071036075586
Iteration: 541, relative residual: 0.00010135298839347887
Iteration: 542, relative residual: 0.00010126354808324865
Iteration: 543, relative residual: 0.00010125492362413528
Iteration: 544, relative residual: 0.0001012383050021619
Iteration: 545, relative residual: 0.00010085208177965384
Iteration: 546, relative residual: 0.00010048583780404822
Iteration: 547, relative residual: 0.0001004077168149289
Iteration: 548, relative residual: 0.00010039287457558396
Iteration: 549, relative residual: 0.00010039072668599403
Iteration: 550, relative residual: 0.00010018434114212041
Iteration: 551, relative residual: 0.000100027499471821
Iteration: 552, relative residual: 9.994733113945766e-05
Iteration: 553, relative residual: 9.994030723842865e-05
Iteration: 554, relative residual: 9.9938054118363e-05
Iteration: 555, relative residual: 9.992098286130328e-05
Iteration: 556, relative residual: 9.989774860690922e-05
Iteration: 557, relative residual: 9.989703771137722e-05
Iteration: 558, relative residual: 9.989670035792036e-05
Iteration: 559, relative residual: 9.987087327632161e-05
Iteration: 560, relative residual: 9.983661158938742e-05
Iteration: 561, relative residual: 9.983443685249083e-05
Iteration: 562, relative residual: 9.983061945228544e-05
Iteration: 563, relative residual: 9.981479141079642e-05
Iteration: 564, relative residual: 9.96957231286927e-05
Iteration: 565, relative residual: 9.952052521217691e-05
Iteration: 566, relative residual: 9.951641582299724e-05
Iteration: 567, relative residual: 9.948583645727608e-05
Iteration: 568, relative residual: 9.937633262138064e-05
Iteration: 569, relative residual: 9.909319111233721e-05
Iteration: 570, relative residual: 9.883414040612456e-05
Iteration: 571, relative residual: 9.874320075669298e-05
Iteration: 572, relative residual: 9.874091948982375e-05
Iteration: 573, relative residual: 9.865660403426997e-05
Iteration: 574, relative residual: 9.849537812835531e-05
Iteration: 575, relative residual: 9.812517568275324e-05
Iteration: 576, relative residual: 9.773060312350975e-05
Iteration: 577, relative residual: 9.731365950234716e-05
Iteration: 578, relative residual: 9.685895014518908e-05
Iteration: 579, relative residual: 9.68519334621676e-05
Iteration: 580, relative residual: 9.665429701129062e-05
Iteration: 581, relative residual: 9.621420397034838e-05
Iteration: 582, relative residual: 9.570043304897612e-05
Iteration: 583, relative residual: 9.534618074919136e-05
Iteration: 584, relative residual: 9.527579051907315e-05
Iteration: 585, relative residual: 9.524656605069807e-05
Iteration: 586, relative residual: 9.490295431998237e-05
Iteration: 587, relative residual: 9.412657599442806e-05
Iteration: 588, relative residual: 9.334238738531353e-05
Iteration: 589, relative residual: 9.301296144904632e-05
Iteration: 590, relative residual: 9.290403524809061e-05
Iteration: 591, relative residual: 9.281584106705217e-05
Iteration: 592, relative residual: 9.273638734877771e-05
Iteration: 593, relative residual: 9.258635072814649e-05
Iteration: 594, relative residual: 9.180374305320095e-05
Iteration: 595, relative residual: 9.109811860134546e-05
Iteration: 596, relative residual: 9.098113561079428e-05
Iteration: 597, relative residual: 9.095783238930527e-05
Iteration: 598, relative residual: 9.094793842925714e-05
Iteration: 599, relative residual: 9.057969233823587e-05
Iteration: 600, relative residual: 9.057969233823587e-05
Residual: 9.057969233823587e-05. Restart...
Iteration: 601, relative residual: 8.984421791461321e-05
Iteration: 602, relative residual: 8.984400476804234e-05
Iteration: 603, relative residual: 8.983870774685937e-05
Iteration: 604, relative residual: 8.980872883100642e-05
Iteration: 605, relative residual: 8.978242721465703e-05
Iteration: 606, relative residual: 8.974409783978181e-05
Iteration: 607, relative residual: 8.970440898724546e-05
Iteration: 608, relative residual: 8.969056793203937e-05
Iteration: 609, relative residual: 8.968857076237732e-05
Iteration: 610, relative residual: 8.967670166420592e-05
Iteration: 611, relative residual: 8.963965234065959e-05
Iteration: 612, relative residual: 8.961346057434629e-05
Iteration: 613, relative residual: 8.959442112948202e-05
Iteration: 614, relative residual: 8.957921537975897e-05
Iteration: 615, relative residual: 8.95478419560394e-05
Iteration: 616, relative residual: 8.954556434846139e-05
Iteration: 617, relative residual: 8.952206910427066e-05
Iteration: 618, relative residual: 8.9510830417131e-05
Iteration: 619, relative residual: 8.946215446960051e-05
Iteration: 620, relative residual: 8.946129637769133e-05
Iteration: 621, relative residual: 8.945021098645798e-05
Iteration: 622, relative residual: 8.936296079601758e-05
Iteration: 623, relative residual: 8.923352733094064e-05
Iteration: 624, relative residual: 8.905277060002785e-05
Iteration: 625, relative residual: 8.902616444788787e-05
Iteration: 626, relative residual: 8.90161409911342e-05
Iteration: 627, relative residual: 8.901446813919519e-05
Iteration: 628, relative residual: 8.88808938315892e-05
Iteration: 629, relative residual: 8.874140167953924e-05
Iteration: 630, relative residual: 8.868630637177652e-05
Iteration: 631, relative residual: 8.868398493521453e-05
Iteration: 632, relative residual: 8.866409641274404e-05
Iteration: 633, relative residual: 8.861113924652879e-05
Iteration: 634, relative residual: 8.853425172727787e-05
Iteration: 635, relative residual: 8.850660861431075e-05
Iteration: 636, relative residual: 8.845809523138213e-05
Iteration: 637, relative residual: 8.839835996192617e-05
Iteration: 638, relative residual: 8.836387904041909e-05
Iteration: 639, relative residual: 8.836355653739838e-05
Iteration: 640, relative residual: 8.834702179195061e-05
Iteration: 641, relative residual: 8.831623314421894e-05
Iteration: 642, relative residual: 8.82825972975361e-05
Iteration: 643, relative residual: 8.826689902166786e-05
Iteration: 644, relative residual: 8.821062203734647e-05
Iteration: 645, relative residual: 8.820731416737654e-05
Iteration: 646, relative residual: 8.81880802662877e-05
Iteration: 647, relative residual: 8.815215403124943e-05
Iteration: 648, relative residual: 8.810630387230475e-05
Iteration: 649, relative residual: 8.79607157079374e-05
Iteration: 650, relative residual: 8.795750821261378e-05
Iteration: 651, relative residual: 8.79134040464568e-05
Iteration: 652, relative residual: 8.781075571104284e-05
Iteration: 653, relative residual: 8.754768950511316e-05
Iteration: 654, relative residual: 8.729963679587006e-05
Iteration: 655, relative residual: 8.721515168574537e-05
Iteration: 656, relative residual: 8.709732701614548e-05
Iteration: 657, relative residual: 8.708053306681585e-05
Iteration: 658, relative residual: 8.704459974731744e-05
Iteration: 659, relative residual: 8.691343054380545e-05
Iteration: 660, relative residual: 8.664713299071699e-05
Iteration: 661, relative residual: 8.655946474623978e-05
Iteration: 662, relative residual: 8.655909593341209e-05
Iteration: 663, relative residual: 8.65288203915211e-05
Iteration: 664, relative residual: 8.622723946281027e-05
Iteration: 665, relative residual: 8.60203297542598e-05
Iteration: 666, relative residual: 8.597188389793482e-05
Iteration: 667, relative residual: 8.59515352376029e-05
Iteration: 668, relative residual: 8.587952144138247e-05
Iteration: 669, relative residual: 8.562216957820483e-05
Iteration: 670, relative residual: 8.541608781320987e-05
Iteration: 671, relative residual: 8.51312657664602e-05
Iteration: 672, relative residual: 8.512455558469975e-05
Iteration: 673, relative residual: 8.500807955442647e-05
Iteration: 674, relative residual: 8.486121791149305e-05
Iteration: 675, relative residual: 8.448778748877085e-05
Iteration: 676, relative residual: 8.39860041477825e-05
Iteration: 677, relative residual: 8.375664914918149e-05
Iteration: 678, relative residual: 8.375645677558803e-05
Iteration: 679, relative residual: 8.372058168973003e-05
Iteration: 680, relative residual: 8.354713377225418e-05
Iteration: 681, relative residual: 8.334366655995781e-05
Iteration: 682, relative residual: 8.32120060904126e-05
Iteration: 683, relative residual: 8.319777862961498e-05
Iteration: 684, relative residual: 8.319562419095098e-05
Iteration: 685, relative residual: 8.317876584014454e-05
Iteration: 686, relative residual: 8.307235347834545e-05
Iteration: 687, relative residual: 8.281797576647823e-05
Iteration: 688, relative residual: 8.270095748378176e-05
Iteration: 689, relative residual: 8.250484486152447e-05
Iteration: 690, relative residual: 8.229635117335857e-05
Iteration: 691, relative residual: 8.220566212154961e-05
Iteration: 692, relative residual: 8.205528271461344e-05
Iteration: 693, relative residual: 8.20551254602017e-05
Iteration: 694, relative residual: 8.202013010586508e-05
Iteration: 695, relative residual: 8.184617365843848e-05
Iteration: 696, relative residual: 8.146309078144442e-05
Iteration: 697, relative residual: 8.115344800729362e-05
Iteration: 698, relative residual: 8.114792042438265e-05
Iteration: 699, relative residual: 8.113693557203544e-05
Iteration: 700, relative residual: 8.113693557203544e-05
Residual: 8.113693557203544e-05. Restart...
Iteration: 701, relative residual: 8.111195678717818e-05
Iteration: 702, relative residual: 8.111190571625242e-05
Iteration: 703, relative residual: 8.111190314294622e-05
Iteration: 704, relative residual: 8.111174937217776e-05
Iteration: 705, relative residual: 8.111142283620895e-05
Iteration: 706, relative residual: 8.111115132747886e-05
Iteration: 707, relative residual: 8.111101461130135e-05
Iteration: 708, relative residual: 8.111101048520459e-05
Iteration: 709, relative residual: 8.111078256694397e-05
Iteration: 710, relative residual: 8.110982285385882e-05
Iteration: 711, relative residual: 8.110924154774e-05
Iteration: 712, relative residual: 8.110907086549744e-05
Iteration: 713, relative residual: 8.11081850219132e-05
Iteration: 714, relative residual: 8.110799793978838e-05
Iteration: 715, relative residual: 8.110553769581476e-05
Iteration: 716, relative residual: 8.108965905726931e-05
Iteration: 717, relative residual: 8.1084763630677e-05
Iteration: 718, relative residual: 8.108408282324126e-05
Iteration: 719, relative residual: 8.107992517565842e-05
Iteration: 720, relative residual: 8.10663092465785e-05
Iteration: 721, relative residual: 8.103412324908825e-05
Iteration: 722, relative residual: 8.101833013519768e-05
Iteration: 723, relative residual: 8.101683360542357e-05
Iteration: 724, relative residual: 8.101635534942318e-05
Iteration: 725, relative residual: 8.099758701922604e-05
Iteration: 726, relative residual: 8.098346787235859e-05
Iteration: 727, relative residual: 8.094955787189267e-05
Iteration: 728, relative residual: 8.08931413298162e-05
Iteration: 729, relative residual: 8.086143503284896e-05
Iteration: 730, relative residual: 8.085398532249987e-05
Iteration: 731, relative residual: 8.085004229434874e-05
Iteration: 732, relative residual: 8.081643000479224e-05
Iteration: 733, relative residual: 8.077490576994518e-05
Iteration: 734, relative residual: 8.073910251939052e-05
Iteration: 735, relative residual: 8.073906545293389e-05
Iteration: 736, relative residual: 8.071017627926505e-05
Iteration: 737, relative residual: 8.067829839409963e-05
Iteration: 738, relative residual: 8.067615368586216e-05
Iteration: 739, relative residual: 8.067097863100952e-05
Iteration: 740, relative residual: 8.065770196860341e-05
Iteration: 741, relative residual: 8.062232300199551e-05
Iteration: 742, relative residual: 8.061790085306088e-05
Iteration: 743, relative residual: 8.061769393582905e-05
Iteration: 744, relative residual: 8.060177636173234e-05
Iteration: 745, relative residual: 8.057064175640836e-05
Iteration: 746, relative residual: 8.054673131636644e-05
Iteration: 747, relative residual: 8.053979089780814e-05
Iteration: 748, relative residual: 8.052932284790917e-05
Iteration: 749, relative residual: 8.052909390833184e-05
Iteration: 750, relative residual: 8.05103742193404e-05
Iteration: 751, relative residual: 8.047208026656595e-05
Iteration: 752, relative residual: 8.044456581137714e-05
Iteration: 753, relative residual: 8.04262720435175e-05
Iteration: 754, relative residual: 8.042596315223177e-05
Iteration: 755, relative residual: 8.042399509811624e-05
Iteration: 756, relative residual: 8.042399491453323e-05
Iteration: 757, relative residual: 8.042368670140873e-05
Iteration: 758, relative residual: 8.041577081009579e-05
Iteration: 759, relative residual: 8.035160832425729e-05
Iteration: 760, relative residual: 8.021402259704536e-05
Iteration: 761, relative residual: 8.019552774557066e-05
Iteration: 762, relative residual: 8.018435320575599e-05
Iteration: 763, relative residual: 8.014427556792675e-05
Iteration: 764, relative residual: 8.007497191671968e-05
Iteration: 765, relative residual: 7.993847475808599e-05
Iteration: 766, relative residual: 7.990928851916542e-05
Iteration: 767, relative residual: 7.990861294557279e-05
Iteration: 768, relative residual: 7.982887314969264e-05
Iteration: 769, relative residual: 7.945772480258966e-05
Iteration: 770, relative residual: 7.920748154542538e-05
Iteration: 771, relative residual: 7.909063170117594e-05
Iteration: 772, relative residual: 7.908324430277339e-05
Iteration: 773, relative residual: 7.908054845717919e-05
Iteration: 774, relative residual: 7.904728304766708e-05
Iteration: 775, relative residual: 7.883489544146938e-05
Iteration: 776, relative residual: 7.855768744023111e-05
Iteration: 777, relative residual: 7.836782149801598e-05
Iteration: 778, relative residual: 7.830161333574089e-05
Iteration: 779, relative residual: 7.829625990559002e-05
Iteration: 780, relative residual: 7.825498149717001e-05
Iteration: 781, relative residual: 7.808196154053267e-05
Iteration: 782, relative residual: 7.789877731560268e-05
Iteration: 783, relative residual: 7.774114219579991e-05
Iteration: 784, relative residual: 7.770762749697118e-05
Iteration: 785, relative residual: 7.769954937936838e-05
Iteration: 786, relative residual: 7.765078535634103e-05
Iteration: 787, relative residual: 7.754099511776717e-05
Iteration: 788, relative residual: 7.727809258166734e-05
Iteration: 789, relative residual: 7.704729655605164e-05
Iteration: 790, relative residual: 7.701450083924271e-05
Iteration: 791, relative residual: 7.69978058487397e-05
Iteration: 792, relative residual: 7.698253569354165e-05
Iteration: 793, relative residual: 7.6794837122276e-05
Iteration: 794, relative residual: 7.660312041902677e-05
Iteration: 795, relative residual: 7.631308815054407e-05
Iteration: 796, relative residual: 7.619385966676373e-05
Iteration: 797, relative residual: 7.61642762012065e-05
Iteration: 798, relative residual: 7.61422045296424e-05
Iteration: 799, relative residual: 7.604465620020472e-05
Iteration: 800, relative residual: 7.604465620020472e-05
Residual: 7.604465620020472e-05. Restart...
Iteration: 801, relative residual: 7.580590528018257e-05
Iteration: 802, relative residual: 7.580585470048527e-05
Iteration: 803, relative residual: 7.580565429722135e-05
Iteration: 804, relative residual: 7.580157723525055e-05
Iteration: 805, relative residual: 7.57954690419947e-05
Iteration: 806, relative residual: 7.57861599887248e-05
Iteration: 807, relative residual: 7.577939847717913e-05
Iteration: 808, relative residual: 7.577876802579474e-05
Iteration: 809, relative residual: 7.577631423582661e-05
Iteration: 810, relative residual: 7.576965290720265e-05
Iteration: 811, relative residual: 7.5756384971663e-05
Iteration: 812, relative residual: 7.575262751219213e-05
Iteration: 813, relative residual: 7.57526272837177e-05
Iteration: 814, relative residual: 7.573973285431537e-05
Iteration: 815, relative residual: 7.5731747205084e-05
Iteration: 816, relative residual: 7.572949919062793e-05
Iteration: 817, relative residual: 7.572489915518107e-05
Iteration: 818, relative residual: 7.570808339552866e-05
Iteration: 819, relative residual: 7.570704758712288e-05
Iteration: 820, relative residual: 7.57064721637724e-05
Iteration: 821, relative residual: 7.567847798644986e-05
Iteration: 822, relative residual: 7.566395238564867e-05
Iteration: 823, relative residual: 7.563738928097034e-05
Iteration: 824, relative residual: 7.562436717873518e-05
Iteration: 825, relative residual: 7.561782078219462e-05
Iteration: 826, relative residual: 7.555610976389733e-05
Iteration: 827, relative residual: 7.538511834936526e-05
Iteration: 828, relative residual: 7.52905700224305e-05
Iteration: 829, relative residual: 7.523828006826078e-05
Iteration: 830, relative residual: 7.521868664851418e-05
Iteration: 831, relative residual: 7.521559952646529e-05
Iteration: 832, relative residual: 7.517590772289437e-05
Iteration: 833, relative residual: 7.51346492485966e-05
Iteration: 834, relative residual: 7.511009355181028e-05
Iteration: 835, relative residual: 7.510997227520923e-05
Iteration: 836, relative residual: 7.507706308719152e-05
Iteration: 837, relative residual: 7.502047386284558e-05
Iteration: 838, relative residual: 7.500591478354797e-05
Iteration: 839, relative residual: 7.500510622523761e-05
Iteration: 840, relative residual: 7.498253033605034e-05
Iteration: 841, relative residual: 7.496220333186554e-05
Iteration: 842, relative residual: 7.496206836706051e-05
Iteration: 843, relative residual: 7.494981171302345e-05
Iteration: 844, relative residual: 7.494884247228638e-05
Iteration: 845, relative residual: 7.494853255452518e-05
Iteration: 846, relative residual: 7.493058876415561e-05
Iteration: 847, relative residual: 7.491692811484291e-05
Iteration: 848, relative residual: 7.490587760503561e-05
Iteration: 849, relative residual: 7.488045847535519e-05
Iteration: 850, relative residual: 7.487894100753384e-05
Iteration: 851, relative residual: 7.484061952137103e-05
Iteration: 852, relative residual: 7.479341006640165e-05
Iteration: 853, relative residual: 7.477430966876733e-05
Iteration: 854, relative residual: 7.476557061424716e-05
Iteration: 855, relative residual: 7.476514602269412e-05
Iteration: 856, relative residual: 7.476098843979683e-05
Iteration: 857, relative residual: 7.476098239676433e-05
Iteration: 858, relative residual: 7.475247443740632e-05
Iteration: 859, relative residual: 7.469055457359689e-05
Iteration: 860, relative residual: 7.461270398768619e-05
Iteration: 861, relative residual: 7.456685961454533e-05
Iteration: 862, relative residual: 7.456469136423606e-05
Iteration: 863, relative residual: 7.455142230655946e-05
Iteration: 864, relative residual: 7.451889369369714e-05
Iteration: 865, relative residual: 7.430524343071962e-05
Iteration: 866, relative residual: 7.409277314325323e-05
Iteration: 867, relative residual: 7.408079759354307e-05
Iteration: 868, relative residual: 7.3967347719349e-05
Iteration: 869, relative residual: 7.370886250514411e-05
Iteration: 870, relative residual: 7.358865453419846e-05
Iteration: 871, relative residual: 7.357433151145682e-05
Iteration: 872, relative residual: 7.356699103351921e-05
Iteration: 873, relative residual: 7.354797311845561e-05
Iteration: 874, relative residual: 7.34457840538299e-05
Iteration: 875, relative residual: 7.321076861642746e-05
Iteration: 876, relative residual: 7.306823575511679e-05
Iteration: 877, relative residual: 7.303738910441272e-05
Iteration: 878, relative residual: 7.30372864049545e-05
Iteration: 879, relative residual: 7.299772446004577e-05
Iteration: 880, relative residual: 7.287486022532079e-05
Iteration: 881, relative residual: 7.271572937426415e-05
Iteration: 882, relative residual: 7.2579672120725e-05
Iteration: 883, relative residual: 7.249865459748206e-05
Iteration: 884, relative residual: 7.249343803001748e-05
Iteration: 885, relative residual: 7.244116701908901e-05
Iteration: 886, relative residual: 7.238811488994696e-05
Iteration: 887, relative residual: 7.231766856767794e-05
Iteration: 888, relative residual: 7.224951041080349e-05
Iteration: 889, relative residual: 7.219892657518606e-05
Iteration: 890, relative residual: 7.219489456446931e-05
Iteration: 891, relative residual: 7.219486717592319e-05
Iteration: 892, relative residual: 7.218467461597188e-05
Iteration: 893, relative residual: 7.216763141290463e-05
Iteration: 894, relative residual: 7.199647603574285e-05
Iteration: 895, relative residual: 7.183830227234825e-05
Iteration: 896, relative residual: 7.18080300871938e-05
Iteration: 897, relative residual: 7.180791425630114e-05
Iteration: 898, relative residual: 7.176099770023137e-05
Iteration: 899, relative residual: 7.166930185290151e-05
Iteration: 900, relative residual: 7.166930185290151e-05
Residual: 7.166930185290151e-05. Restart...
Iteration: 901, relative residual: 7.156159050546968e-05
Iteration: 902, relative residual: 7.156148149240289e-05
Iteration: 903, relative residual: 7.156136335468277e-05
Iteration: 904, relative residual: 7.155991305723107e-05
Iteration: 905, relative residual: 7.155763006301789e-05
Iteration: 906, relative residual: 7.155310923327984e-05
Iteration: 907, relative residual: 7.155202078303435e-05
Iteration: 908, relative residual: 7.155153633783175e-05
Iteration: 909, relative residual: 7.155085717826724e-05
Iteration: 910, relative residual: 7.154554247915881e-05
Iteration: 911, relative residual: 7.154448154945323e-05
Iteration: 912, relative residual: 7.154426346461535e-05
Iteration: 913, relative residual: 7.154406969329546e-05
Iteration: 914, relative residual: 7.153847339932188e-05
Iteration: 915, relative residual: 7.153708950918955e-05
Iteration: 916, relative residual: 7.15368340793196e-05
Iteration: 917, relative residual: 7.153673732110193e-05
Iteration: 918, relative residual: 7.153248072953708e-05
Iteration: 919, relative residual: 7.152940578271659e-05
Iteration: 920, relative residual: 7.152396123227313e-05
Iteration: 921, relative residual: 7.152376075007563e-05
Iteration: 922, relative residual: 7.15214826049993e-05
Iteration: 923, relative residual: 7.152051744484882e-05
Iteration: 924, relative residual: 7.151516550838206e-05
Iteration: 925, relative residual: 7.151492870034211e-05
Iteration: 926, relative residual: 7.151289691141226e-05
Iteration: 927, relative residual: 7.151023603362744e-05
Iteration: 928, relative residual: 7.150566220918054e-05
Iteration: 929, relative residual: 7.149340717058463e-05
Iteration: 930, relative residual: 7.148846353893574e-05
Iteration: 931, relative residual: 7.148783922283478e-05
Iteration: 932, relative residual: 7.148770481572556e-05
Iteration: 933, relative residual: 7.148606069314674e-05
Iteration: 934, relative residual: 7.14759531713568e-05
Iteration: 935, relative residual: 7.147185879107609e-05
Iteration: 936, relative residual: 7.147169159533518e-05
Iteration: 937, relative residual: 7.147157560970609e-05
Iteration: 938, relative residual: 7.145807386189943e-05
Iteration: 939, relative residual: 7.14548082584393e-05
Iteration: 940, relative residual: 7.145332577797474e-05
Iteration: 941, relative residual: 7.14529391802651e-05
Iteration: 942, relative residual: 7.14496705523516e-05
Iteration: 943, relative residual: 7.143969952484966e-05
Iteration: 944, relative residual: 7.141999702347534e-05
Iteration: 945, relative residual: 7.141882376963131e-05
Iteration: 946, relative residual: 7.141777686298256e-05
Iteration: 947, relative residual: 7.14125221775055e-05
Iteration: 948, relative residual: 7.139146174907005e-05
Iteration: 949, relative residual: 7.138642959614323e-05
Iteration: 950, relative residual: 7.138514593318656e-05
Iteration: 951, relative residual: 7.13843122038447e-05
Iteration: 952, relative residual: 7.136382189667745e-05
Iteration: 953, relative residual: 7.13239464873168e-05
Iteration: 954, relative residual: 7.129369805376447e-05
Iteration: 955, relative residual: 7.128309048604363e-05
Iteration: 956, relative residual: 7.127724031117938e-05
Iteration: 957, relative residual: 7.127462266934181e-05
Iteration: 958, relative residual: 7.125857913181501e-05
Iteration: 959, relative residual: 7.122179857094378e-05
Iteration: 960, relative residual: 7.118269399779715e-05
Iteration: 961, relative residual: 7.11826054234992e-05
Iteration: 962, relative residual: 7.115504827838836e-05
Iteration: 963, relative residual: 7.108500325453203e-05
Iteration: 964, relative residual: 7.098943581708254e-05
Iteration: 965, relative residual: 7.093716687300157e-05
Iteration: 966, relative residual: 7.093716257749867e-05
Iteration: 967, relative residual: 7.089058792240002e-05
Iteration: 968, relative residual: 7.077202112492508e-05
Iteration: 969, relative residual: 7.064843280032382e-05
Iteration: 970, relative residual: 7.056784546469395e-05
Iteration: 971, relative residual: 7.05142138739877e-05
Iteration: 972, relative residual: 7.051375184195427e-05
Iteration: 973, relative residual: 7.048644865475602e-05
Iteration: 974, relative residual: 7.041300751985776e-05
Iteration: 975, relative residual: 7.024859506846986e-05
Iteration: 976, relative residual: 7.008067211978366e-05
Iteration: 977, relative residual: 6.993973262188737e-05
Iteration: 978, relative residual: 6.992005248821718e-05
Iteration: 979, relative residual: 6.991911011385845e-05
Iteration: 980, relative residual: 6.988128348297748e-05
Iteration: 981, relative residual: 6.97895285329992e-05
Iteration: 982, relative residual: 6.973022654004849e-05
Iteration: 983, relative residual: 6.96738938658964e-05
Iteration: 984, relative residual: 6.963493771129036e-05
Iteration: 985, relative residual: 6.963098623562792e-05
Iteration: 986, relative residual: 6.961461207310322e-05
Iteration: 987, relative residual: 6.954447959989755e-05
Iteration: 988, relative residual: 6.944378477988906e-05
Iteration: 989, relative residual: 6.935995381554399e-05
Iteration: 990, relative residual: 6.928779187736507e-05
Iteration: 991, relative residual: 6.928774836837156e-05
Iteration: 992, relative residual: 6.926274086130221e-05
Iteration: 993, relative residual: 6.91857993340822e-05
Iteration: 994, relative residual: 6.905076789531638e-05
Iteration: 995, relative residual: 6.898110221656518e-05
Iteration: 996, relative residual: 6.893723596317457e-05
Iteration: 997, relative residual: 6.893113637554009e-05
Iteration: 998, relative residual: 6.892160470016222e-05
Iteration: 999, relative residual: 6.892159286426285e-05
Iteration: 1000, relative residual: 6.892159286426285e-05
Residual: 6.892159286426285e-05. Restart...
Warning!!!!You have reached the maximum number of iterations : 1000.
The run will stop. Check the residual behaviour you might have a bug.For future runs you might consider changing the tolerance or increasing the number of max_iter.
Solve time        : 4707.473425388336s

Calculate Solvation Energy (E_solv)
Calculating solvation energy for region 1, stored in E_solv[0]
6301.621624810714 of 537170 analytical integrals for phi_reac calculation in region 1
Time E_solv: 4.6007678508758545s
Region 1: E_solv = -6676.220108026655 kcal/mol = -27933.304931983526 kJ/mol

Calculate Surface Energy (E_surf)
Time E_surf: 0.02087545394897461s

Calculate Coulomb Energy (E_coul)
Calculate Coulomb energy for region 1
Region 1: E_coul = -242165.36694543084 kcal/mol = -1013219.8952996826 kJ/mol
Time E_coul: 23.76014542579651s

------------------------------
Totals:
E_solv = -6676.220108026655 kcal/mol
E_surf = 0 kcal/mol
E_coul = -242165.36694543084 kcal/mol

Time = 4808.2358956336975 s
