Run started on:
	Date: 2020/5/25
	Time: 3:39:31
	PyGBe version: 0.3.2+5.gea0f875
Config file: /cobra/u/gvargas/code/hPB/pygbe/pygbe/myCrownFinShots/sarsCov2noACE2/snap5/snap5.config
Parameter file: /cobra/u/gvargas/code/hPB/pygbe/pygbe/myCrownFinShots/sarsCov2noACE2/snap5/snap5.param
Geometry folder: /cobra/u/gvargas/code/hPB/pygbe/pygbe/myCrownFinShots/sarsCov2noACE2/snap5/geometry
Running in: /cobra/u/gvargas/code/hPB/pygbe/pygbe/myCrownFinShots/sarsCov2noACE2/snap5

Reading surface 0 from file geometry/crownVFnoACE2
Time load mesh: 9.236947774887085
Removed areas=0: 243

Total elements : 548701
Total equations: 1097402
----------------------------

1 surfaces:

Surface 0:
	548701 elements
	Surface type         : dielectric_interface
	Cells                : 3849
	Twigs                : 3253
	Levels               : 7
	C0 size              : 100.42909236230109
	C0 box center        : 99.74404227013737, 74.44092027230377, 91.11744776541931
	Twig cell size       : 1.5692045681609545
	Rbox/theta           : 3.138409136321909
	Analytic distance    : 1.2968025727029433
	Elem. per Ang^2      : 4.156809333239671
	Max, min, avg elem.  : 1.2475490144658676, 4.999999999976695e-07, 0.24056912882762296
	Total area           : 132000.52155684555
------------------------------

2 regions:

Region 0:
	Laplace or Yukawa: 2
	kappa            : 0.125
	dielectric const : 80.0
	Number of charges: 0
	Parent surface   : []
	Child surfaces   : [0]
Region 1:
	Laplace or Yukawa: 1
	kappa            : 1e-12
	dielectric const : 4.0
	Number of charges: 51819
	Parent surface   : [0]
	Child surfaces   : []
------------------------------

Parameters:
	Data type               : <class 'numpy.float64'>
	Use GPU                 : 1
	P                       : 4
	threshold               : 0.50
	theta                   : 0.50
	NCRIT                   : 500
	CUDA block size         : 128
	Gauss points per element: 1
	Gauss points near singlr: 25
	1D Gauss points per side: 9
	GMRES tolerance         : 1e-05
	GMRES max iterations    : 1000
	GMRES restart iteration : 100
----------------------------

Generate interaction list
Transfer data to GPU
Generate RHS
List time          : 3.5862388610839844s
Data transfer time : 0.42546510696411133s
RHS generation time: 4.493336915969849s
------------------------------
Total setup time   : 73.70694661140442s
Solve
Iteration: 1, relative residual: 0.7073842101397573
Iteration: 2, relative residual: 0.5286584937005517
Iteration: 3, relative residual: 0.36598140369537774
Iteration: 4, relative residual: 0.268981905117989
Iteration: 5, relative residual: 0.2599455902882389
Iteration: 6, relative residual: 0.22495923062167703
Iteration: 7, relative residual: 0.21303673418182661
Iteration: 8, relative residual: 0.17751479579759194
Iteration: 9, relative residual: 0.17316099478839492
Iteration: 10, relative residual: 0.16776057051043675
Iteration: 11, relative residual: 0.15603303256722428
Iteration: 12, relative residual: 0.15467590789608981
Iteration: 13, relative residual: 0.13695970885192607
Iteration: 14, relative residual: 0.12190321529238911
Iteration: 15, relative residual: 0.11826167371422532
Iteration: 16, relative residual: 0.1013724357510785
Iteration: 17, relative residual: 0.08755102820119492
Iteration: 18, relative residual: 0.0690755164836629
Iteration: 19, relative residual: 0.05514826463687506
Iteration: 20, relative residual: 0.05238424029945439
Iteration: 21, relative residual: 0.04849833124865899
Iteration: 22, relative residual: 0.04414577567107655
Iteration: 23, relative residual: 0.034968756559067525
Iteration: 24, relative residual: 0.029529043897745966
Iteration: 25, relative residual: 0.025254877539695676
Iteration: 26, relative residual: 0.024166231056324237
Iteration: 27, relative residual: 0.023969738780648803
Iteration: 28, relative residual: 0.02301589985977839
Iteration: 29, relative residual: 0.020587530679773612
Iteration: 30, relative residual: 0.018042177418872807
Iteration: 31, relative residual: 0.01611193329118609
Iteration: 32, relative residual: 0.01562147279457381
Iteration: 33, relative residual: 0.015532372750979044
Iteration: 34, relative residual: 0.014455263425772193
Iteration: 35, relative residual: 0.01339099949187916
Iteration: 36, relative residual: 0.011224166060494463
Iteration: 37, relative residual: 0.010104412474237922
Iteration: 38, relative residual: 0.00873364944205781
Iteration: 39, relative residual: 0.007936376881657495
Iteration: 40, relative residual: 0.007074870224362943
Iteration: 41, relative residual: 0.006582106057213601
Iteration: 42, relative residual: 0.006021370152762084
Iteration: 43, relative residual: 0.005783340856056964
Iteration: 44, relative residual: 0.005519408133182283
Iteration: 45, relative residual: 0.005417632165091289
Iteration: 46, relative residual: 0.005383691230892952
Iteration: 47, relative residual: 0.0053657727112850885
Iteration: 48, relative residual: 0.005304083120139725
Iteration: 49, relative residual: 0.005231698198945909
Iteration: 50, relative residual: 0.005182045907717044
Iteration: 51, relative residual: 0.005055435971591503
Iteration: 52, relative residual: 0.004863746825353433
Iteration: 53, relative residual: 0.004529445703534739
Iteration: 54, relative residual: 0.004373488557877083
Iteration: 55, relative residual: 0.00436237330455752
Iteration: 56, relative residual: 0.004202943448595857
Iteration: 57, relative residual: 0.003929920104093826
Iteration: 58, relative residual: 0.0038910559657183226
Iteration: 59, relative residual: 0.0038773124764380144
Iteration: 60, relative residual: 0.003741683882934792
Iteration: 61, relative residual: 0.0035619200105379096
Iteration: 62, relative residual: 0.0033418902164792136
Iteration: 63, relative residual: 0.00333601958073356
Iteration: 64, relative residual: 0.003288508222416906
Iteration: 65, relative residual: 0.003140994757916583
Iteration: 66, relative residual: 0.0030028183581640834
Iteration: 67, relative residual: 0.0029277998478184726
Iteration: 68, relative residual: 0.002893015396110509
Iteration: 69, relative residual: 0.0028889615857689405
Iteration: 70, relative residual: 0.0028283580583477286
Iteration: 71, relative residual: 0.0027902609037248876
Iteration: 72, relative residual: 0.002787374221176442
Iteration: 73, relative residual: 0.0027543520895222775
Iteration: 74, relative residual: 0.002644510697937839
Iteration: 75, relative residual: 0.002559742199059864
Iteration: 76, relative residual: 0.002542161342410007
Iteration: 77, relative residual: 0.002520774026140406
Iteration: 78, relative residual: 0.002468398061281287
Iteration: 79, relative residual: 0.002401457091404522
Iteration: 80, relative residual: 0.0024007525762228163
Iteration: 81, relative residual: 0.002359257035041265
Iteration: 82, relative residual: 0.002258526176995364
Iteration: 83, relative residual: 0.002089890159746238
Iteration: 84, relative residual: 0.0020503287640274816
Iteration: 85, relative residual: 0.0020501949453357784
Iteration: 86, relative residual: 0.002033079667852405
Iteration: 87, relative residual: 0.0019474531552347608
Iteration: 88, relative residual: 0.0018360331760941503
Iteration: 89, relative residual: 0.0017936734198199477
Iteration: 90, relative residual: 0.0017869939289448153
Iteration: 91, relative residual: 0.001709221981759846
Iteration: 92, relative residual: 0.0016487842695963367
Iteration: 93, relative residual: 0.0016412285974616576
Iteration: 94, relative residual: 0.001611072660878868
Iteration: 95, relative residual: 0.0015454373750127882
Iteration: 96, relative residual: 0.0015002748736205407
Iteration: 97, relative residual: 0.0014994449389533493
Iteration: 98, relative residual: 0.0014994189903288168
Iteration: 99, relative residual: 0.001459800969740514
Iteration: 100, relative residual: 0.001459800969740514
Residual: 0.001459800969740514. Restart...
Iteration: 101, relative residual: 0.0013902541585533042
Iteration: 102, relative residual: 0.0013902420817339138
Iteration: 103, relative residual: 0.0013902164847251848
Iteration: 104, relative residual: 0.0013900963474038621
Iteration: 105, relative residual: 0.0013899552554547633
Iteration: 106, relative residual: 0.0013898753567189177
Iteration: 107, relative residual: 0.001389236871493844
Iteration: 108, relative residual: 0.0013888155689873965
Iteration: 109, relative residual: 0.001388371858277211
Iteration: 110, relative residual: 0.001388128598690728
Iteration: 111, relative residual: 0.0013878140882068878
Iteration: 112, relative residual: 0.0013870309965641826
Iteration: 113, relative residual: 0.001386271233714405
Iteration: 114, relative residual: 0.0013862703871949746
Iteration: 115, relative residual: 0.0013860540607166087
Iteration: 116, relative residual: 0.0013852535498380066
Iteration: 117, relative residual: 0.001385093367904321
Iteration: 118, relative residual: 0.0013850878252099302
Iteration: 119, relative residual: 0.0013850842801776393
Iteration: 120, relative residual: 0.0013848136512517749
Iteration: 121, relative residual: 0.001383408886561134
Iteration: 122, relative residual: 0.0013814588021678206
Iteration: 123, relative residual: 0.0013760040064601108
Iteration: 124, relative residual: 0.001373817853727624
Iteration: 125, relative residual: 0.0013735235566171475
Iteration: 126, relative residual: 0.0013735222840097704
Iteration: 127, relative residual: 0.0013734438804761373
Iteration: 128, relative residual: 0.0013727859574591305
Iteration: 129, relative residual: 0.0013699624053937595
Iteration: 130, relative residual: 0.0013669575165933358
Iteration: 131, relative residual: 0.0013665571342613163
Iteration: 132, relative residual: 0.0013655554243279617
Iteration: 133, relative residual: 0.0013643960226369998
Iteration: 134, relative residual: 0.0013634190694542746
Iteration: 135, relative residual: 0.0013629994154974255
Iteration: 136, relative residual: 0.0013625659035556585
Iteration: 137, relative residual: 0.0013601483031467996
Iteration: 138, relative residual: 0.0013455145948043476
Iteration: 139, relative residual: 0.0013394712192619919
Iteration: 140, relative residual: 0.001336448750554642
Iteration: 141, relative residual: 0.0013351833075904015
Iteration: 142, relative residual: 0.0013340722410957113
Iteration: 143, relative residual: 0.0013269665001155548
Iteration: 144, relative residual: 0.0013172387861972155
Iteration: 145, relative residual: 0.0013150495274927365
Iteration: 146, relative residual: 0.0013142947314764627
Iteration: 147, relative residual: 0.0013134928575743445
Iteration: 148, relative residual: 0.0013075948570842955
Iteration: 149, relative residual: 0.0012929411414091916
Iteration: 150, relative residual: 0.0012862455643455745
Iteration: 151, relative residual: 0.0012855634395659147
Iteration: 152, relative residual: 0.0012756578525906612
Iteration: 153, relative residual: 0.0012684813797136025
Iteration: 154, relative residual: 0.0012552891179714721
Iteration: 155, relative residual: 0.0012543240270425156
Iteration: 156, relative residual: 0.0012454201689323801
Iteration: 157, relative residual: 0.001231617073880694
Iteration: 158, relative residual: 0.0012284883851073091
Iteration: 159, relative residual: 0.0012270325711401676
Iteration: 160, relative residual: 0.0012266985046895773
Iteration: 161, relative residual: 0.001213445159885761
Iteration: 162, relative residual: 0.0012039189110014986
Iteration: 163, relative residual: 0.0011994565862815242
Iteration: 164, relative residual: 0.0011994059467072002
Iteration: 165, relative residual: 0.001188437065786338
Iteration: 166, relative residual: 0.0011746820997784362
Iteration: 167, relative residual: 0.001171479408316878
Iteration: 168, relative residual: 0.0011671697976265807
Iteration: 169, relative residual: 0.0011539018406307672
Iteration: 170, relative residual: 0.0011422060092226463
Iteration: 171, relative residual: 0.0011299585343841757
Iteration: 172, relative residual: 0.0011277245808077377
Iteration: 173, relative residual: 0.0011221784271107122
Iteration: 174, relative residual: 0.0011063235128256146
Iteration: 175, relative residual: 0.001094709259999985
Iteration: 176, relative residual: 0.0010922042017269288
Iteration: 177, relative residual: 0.0010909581659196313
Iteration: 178, relative residual: 0.0010804020012972464
Iteration: 179, relative residual: 0.0010798187004807957
Iteration: 180, relative residual: 0.0010777062722120707
Iteration: 181, relative residual: 0.0010675059788246763
Iteration: 182, relative residual: 0.0010513008418274838
Iteration: 183, relative residual: 0.0010388102668029175
Iteration: 184, relative residual: 0.001032361047919428
Iteration: 185, relative residual: 0.0010306075579980642
Iteration: 186, relative residual: 0.001028121760813761
Iteration: 187, relative residual: 0.0010126309981809275
Iteration: 188, relative residual: 0.0010027097970326158
Iteration: 189, relative residual: 0.0010010281343698045
Iteration: 190, relative residual: 0.0009989946289320956
Iteration: 191, relative residual: 0.0009914272956358832
Iteration: 192, relative residual: 0.0009772997700241233
Iteration: 193, relative residual: 0.0009693327865603374
Iteration: 194, relative residual: 0.0009688677204995452
Iteration: 195, relative residual: 0.0009688147081234336
Iteration: 196, relative residual: 0.0009645637588366182
Iteration: 197, relative residual: 0.0009457187727752493
Iteration: 198, relative residual: 0.0009407625829891079
Iteration: 199, relative residual: 0.0009407311152721341
Iteration: 200, relative residual: 0.0009407311152721341
Residual: 0.0009407311152721341. Restart...
Iteration: 201, relative residual: 0.0009318835084854839
Iteration: 202, relative residual: 0.00093186691983289
Iteration: 203, relative residual: 0.0009318653104669572
Iteration: 204, relative residual: 0.0009318606918321539
Iteration: 205, relative residual: 0.0009318606913639268
Iteration: 206, relative residual: 0.000931849943844217
Iteration: 207, relative residual: 0.0009317540227844287
Iteration: 208, relative residual: 0.0009317290262769746
Iteration: 209, relative residual: 0.0009316819903406377
Iteration: 210, relative residual: 0.0009316557442218298
Iteration: 211, relative residual: 0.00093164099413964
Iteration: 212, relative residual: 0.0009315099122393151
Iteration: 213, relative residual: 0.0009312935568163834
Iteration: 214, relative residual: 0.000931209607534594
Iteration: 215, relative residual: 0.0009311911515822652
Iteration: 216, relative residual: 0.0009311909922351387
Iteration: 217, relative residual: 0.0009308658624074283
Iteration: 218, relative residual: 0.0009296959639327831
Iteration: 219, relative residual: 0.0009272868019982054
Iteration: 220, relative residual: 0.0009265572701404652
Iteration: 221, relative residual: 0.0009262095778042043
Iteration: 222, relative residual: 0.0009240787131139221
Iteration: 223, relative residual: 0.0009215753380656702
Iteration: 224, relative residual: 0.0009204909148343753
Iteration: 225, relative residual: 0.0009203390858513479
Iteration: 226, relative residual: 0.0009186511476823483
Iteration: 227, relative residual: 0.0009169110927473895
Iteration: 228, relative residual: 0.000913989485625529
Iteration: 229, relative residual: 0.0009135230495654355
Iteration: 230, relative residual: 0.0009133858385530285
Iteration: 231, relative residual: 0.0009120984269940941
Iteration: 232, relative residual: 0.0009080116535836129
Iteration: 233, relative residual: 0.0009063537990126461
Iteration: 234, relative residual: 0.0009060994848373861
Iteration: 235, relative residual: 0.0009054132858536029
Iteration: 236, relative residual: 0.0009042279159641215
Iteration: 237, relative residual: 0.0009019679130151907
Iteration: 238, relative residual: 0.0009012696009259874
Iteration: 239, relative residual: 0.0009010388814295605
Iteration: 240, relative residual: 0.0009005319872758446
Iteration: 241, relative residual: 0.0008991698435344562
Iteration: 242, relative residual: 0.0008976827704647558
Iteration: 243, relative residual: 0.0008976422215524154
Iteration: 244, relative residual: 0.0008972168220166141
Iteration: 245, relative residual: 0.0008945303129134654
Iteration: 246, relative residual: 0.000890061947814482
Iteration: 247, relative residual: 0.000886045580771358
Iteration: 248, relative residual: 0.0008851560323084687
Iteration: 249, relative residual: 0.0008851512260597245
Iteration: 250, relative residual: 0.0008819562606191944
Iteration: 251, relative residual: 0.0008776861236740195
Iteration: 252, relative residual: 0.0008753591221488331
Iteration: 253, relative residual: 0.0008750359718419303
Iteration: 254, relative residual: 0.0008682920163592271
Iteration: 255, relative residual: 0.0008635609331787008
Iteration: 256, relative residual: 0.0008626944660664711
Iteration: 257, relative residual: 0.0008618308582428563
Iteration: 258, relative residual: 0.0008580356620756921
Iteration: 259, relative residual: 0.0008533097207701462
Iteration: 260, relative residual: 0.0008500388798013894
Iteration: 261, relative residual: 0.000850038872288296
Iteration: 262, relative residual: 0.0008476320878515114
Iteration: 263, relative residual: 0.0008445343255557069
Iteration: 264, relative residual: 0.0008430450603627656
Iteration: 265, relative residual: 0.0008422202250535103
Iteration: 266, relative residual: 0.0008378912735504518
Iteration: 267, relative residual: 0.0008340467704281123
Iteration: 268, relative residual: 0.0008326655402615548
Iteration: 269, relative residual: 0.0008323200028856615
Iteration: 270, relative residual: 0.0008283406663842842
Iteration: 271, relative residual: 0.00082151768125648
Iteration: 272, relative residual: 0.0008165770717980182
Iteration: 273, relative residual: 0.0008158605565454853
Iteration: 274, relative residual: 0.0008151812063061312
Iteration: 275, relative residual: 0.0008041241611765757
Iteration: 276, relative residual: 0.0007931941430386227
Iteration: 277, relative residual: 0.0007920422806695265
Iteration: 278, relative residual: 0.0007915352191779339
Iteration: 279, relative residual: 0.000789132640883847
Iteration: 280, relative residual: 0.0007862712741990648
Iteration: 281, relative residual: 0.0007862705833990281
Iteration: 282, relative residual: 0.0007809970374452393
Iteration: 283, relative residual: 0.0007748906396327723
Iteration: 284, relative residual: 0.0007675148234435645
Iteration: 285, relative residual: 0.0007639122392657168
Iteration: 286, relative residual: 0.0007638636081044845
Iteration: 287, relative residual: 0.000761879460167789
Iteration: 288, relative residual: 0.0007571056796071529
Iteration: 289, relative residual: 0.0007530891916410281
Iteration: 290, relative residual: 0.0007530845010925442
Iteration: 291, relative residual: 0.0007524916804285594
Iteration: 292, relative residual: 0.0007476666606838514
Iteration: 293, relative residual: 0.0007427760748074352
Iteration: 294, relative residual: 0.0007405828582073813
Iteration: 295, relative residual: 0.0007399349459195678
Iteration: 296, relative residual: 0.0007396667518908172
Iteration: 297, relative residual: 0.0007381917605267763
Iteration: 298, relative residual: 0.0007337120175664302
Iteration: 299, relative residual: 0.0007323167335977813
Iteration: 300, relative residual: 0.0007323167335977813
Residual: 0.0007323167335977813. Restart...
Iteration: 301, relative residual: 0.0007323029758741962
Iteration: 302, relative residual: 0.0007323029758329449
Iteration: 303, relative residual: 0.0007323029757878068
Iteration: 304, relative residual: 0.0007323029754307412
Iteration: 305, relative residual: 0.0007323029754179038
Iteration: 306, relative residual: 0.0007323029752545063
Iteration: 307, relative residual: 0.0007323029733396788
Iteration: 308, relative residual: 0.0007323029725716416
Iteration: 309, relative residual: 0.0007323029711090117
Iteration: 310, relative residual: 0.0007323029263832077
Iteration: 311, relative residual: 0.000732302315998262
Iteration: 312, relative residual: 0.000732302311281641
Iteration: 313, relative residual: 0.0007323007886896768
Iteration: 314, relative residual: 0.0007322830445574692
Iteration: 315, relative residual: 0.0007322205925299419
Iteration: 316, relative residual: 0.0007321241774137851
Iteration: 317, relative residual: 0.0007320211025784475
Iteration: 318, relative residual: 0.0007319809370127924
Iteration: 319, relative residual: 0.0007319802923939316
Iteration: 320, relative residual: 0.0007318735735526694
Iteration: 321, relative residual: 0.0007314895853767151
Iteration: 322, relative residual: 0.0007310417167732848
Iteration: 323, relative residual: 0.0007309219306652113
Iteration: 324, relative residual: 0.0007309217551763764
Iteration: 325, relative residual: 0.0007307161276409703
Iteration: 326, relative residual: 0.0007299392294559259
Iteration: 327, relative residual: 0.0007293537620212425
Iteration: 328, relative residual: 0.0007291627328680827
Iteration: 329, relative residual: 0.0007291605429318614
Iteration: 330, relative residual: 0.0007291526864867349
Iteration: 331, relative residual: 0.000728839365377246
Iteration: 332, relative residual: 0.0007281312425243948
Iteration: 333, relative residual: 0.0007270676077307005
Iteration: 334, relative residual: 0.0007264586702944812
Iteration: 335, relative residual: 0.0007263952226287442
Iteration: 336, relative residual: 0.0007262493102446391
Iteration: 337, relative residual: 0.0007259078147132734
Iteration: 338, relative residual: 0.0007256244929825611
Iteration: 339, relative residual: 0.0007255575409184669
Iteration: 340, relative residual: 0.0007253238911382996
Iteration: 341, relative residual: 0.000724917673943754
Iteration: 342, relative residual: 0.000723954361592505
Iteration: 343, relative residual: 0.000723899862566286
Iteration: 344, relative residual: 0.0007237038100243989
Iteration: 345, relative residual: 0.0007218599267922699
Iteration: 346, relative residual: 0.0007209132875208058
Iteration: 347, relative residual: 0.0007204654443526613
Iteration: 348, relative residual: 0.0007204279600005333
Iteration: 349, relative residual: 0.0007191442662221753
Iteration: 350, relative residual: 0.0007174535796201685
Iteration: 351, relative residual: 0.0007163504143125996
Iteration: 352, relative residual: 0.0007162277284460382
Iteration: 353, relative residual: 0.0007159581663034978
Iteration: 354, relative residual: 0.0007136836840755159
Iteration: 355, relative residual: 0.0007126164704928247
Iteration: 356, relative residual: 0.0007126067220985908
Iteration: 357, relative residual: 0.000711782245264173
Iteration: 358, relative residual: 0.0007087889247141857
Iteration: 359, relative residual: 0.0007075322762413025
Iteration: 360, relative residual: 0.0007074819722578215
Iteration: 361, relative residual: 0.0007047199945557403
Iteration: 362, relative residual: 0.0007014835413019206
Iteration: 363, relative residual: 0.0007011997865349992
Iteration: 364, relative residual: 0.0007011995064198058
Iteration: 365, relative residual: 0.0006994795546753463
Iteration: 366, relative residual: 0.0006974427373888902
Iteration: 367, relative residual: 0.0006936688694972303
Iteration: 368, relative residual: 0.0006935954682666524
Iteration: 369, relative residual: 0.0006922919274222722
Iteration: 370, relative residual: 0.0006896243580536477
Iteration: 371, relative residual: 0.000686121814004891
Iteration: 372, relative residual: 0.0006854375447052154
Iteration: 373, relative residual: 0.0006853926599007387
Iteration: 374, relative residual: 0.0006826748690824049
Iteration: 375, relative residual: 0.0006786766034289769
Iteration: 376, relative residual: 0.000677314046603389
Iteration: 377, relative residual: 0.0006773140312158355
Iteration: 378, relative residual: 0.0006753372363144539
Iteration: 379, relative residual: 0.0006691320369240193
Iteration: 380, relative residual: 0.0006678721078465754
Iteration: 381, relative residual: 0.0006678695389346017
Iteration: 382, relative residual: 0.0006667896784425024
Iteration: 383, relative residual: 0.000663447274712228
Iteration: 384, relative residual: 0.0006595809895787634
Iteration: 385, relative residual: 0.0006594403607421819
Iteration: 386, relative residual: 0.0006594398607966008
Iteration: 387, relative residual: 0.0006560539282398503
Iteration: 388, relative residual: 0.0006517366685568582
Iteration: 389, relative residual: 0.0006475453624581888
Iteration: 390, relative residual: 0.000645462310263815
Iteration: 391, relative residual: 0.0006454557005178734
Iteration: 392, relative residual: 0.0006446500609968445
Iteration: 393, relative residual: 0.0006412131408521066
Iteration: 394, relative residual: 0.0006386415355252633
Iteration: 395, relative residual: 0.0006380202194056439
Iteration: 396, relative residual: 0.000637511094099257
Iteration: 397, relative residual: 0.0006370261673446173
Iteration: 398, relative residual: 0.0006327873006338809
Iteration: 399, relative residual: 0.0006275965623150383
Iteration: 400, relative residual: 0.0006275965623150383
Residual: 0.0006275965623150383. Restart...
Iteration: 401, relative residual: 0.0006262711984487879
Iteration: 402, relative residual: 0.0006262710920661991
Iteration: 403, relative residual: 0.0006262710848979824
Iteration: 404, relative residual: 0.0006262709246923745
Iteration: 405, relative residual: 0.000626270849063447
Iteration: 406, relative residual: 0.0006262706572159099
Iteration: 407, relative residual: 0.0006262651183959199
Iteration: 408, relative residual: 0.0006262599823061032
Iteration: 409, relative residual: 0.0006262494440316386
Iteration: 410, relative residual: 0.0006262408531058198
Iteration: 411, relative residual: 0.0006262400747286671
Iteration: 412, relative residual: 0.0006262305158130031
Iteration: 413, relative residual: 0.000626114871110745
Iteration: 414, relative residual: 0.0006258734790546329
Iteration: 415, relative residual: 0.0006256331228333409
Iteration: 416, relative residual: 0.0006254588081908678
Iteration: 417, relative residual: 0.000625339610460426
Iteration: 418, relative residual: 0.0006253339887642085
Iteration: 419, relative residual: 0.0006252010375468093
Iteration: 420, relative residual: 0.0006248484952449743
Iteration: 421, relative residual: 0.000624584169332344
Iteration: 422, relative residual: 0.0006245144773376339
Iteration: 423, relative residual: 0.0006244776191128389
Iteration: 424, relative residual: 0.0006242169419954926
Iteration: 425, relative residual: 0.0006237493219812508
Iteration: 426, relative residual: 0.0006231606696118707
Iteration: 427, relative residual: 0.0006228615410407284
Iteration: 428, relative residual: 0.0006227082182085143
Iteration: 429, relative residual: 0.0006226756413700062
Iteration: 430, relative residual: 0.0006224403232121713
Iteration: 431, relative residual: 0.0006216925515052071
Iteration: 432, relative residual: 0.000620110895356328
Iteration: 433, relative residual: 0.0006177888341046405
Iteration: 434, relative residual: 0.0006172246067162899
Iteration: 435, relative residual: 0.0006172244570202144
Iteration: 436, relative residual: 0.0006165302854021549
Iteration: 437, relative residual: 0.0006155277423182652
Iteration: 438, relative residual: 0.0006153570932097822
Iteration: 439, relative residual: 0.0006153135186221757
Iteration: 440, relative residual: 0.0006147570874117432
Iteration: 441, relative residual: 0.000613445829164794
Iteration: 442, relative residual: 0.0006130227446271181
Iteration: 443, relative residual: 0.000612852684046032
Iteration: 444, relative residual: 0.0006124397718251296
Iteration: 445, relative residual: 0.000610514112303332
Iteration: 446, relative residual: 0.0006089103288979983
Iteration: 447, relative residual: 0.0006083253405146452
Iteration: 448, relative residual: 0.0006077717311844933
Iteration: 449, relative residual: 0.000607101886123706
Iteration: 450, relative residual: 0.0006060928264713418
Iteration: 451, relative residual: 0.0006060659533392628
Iteration: 452, relative residual: 0.0006058635369179993
Iteration: 453, relative residual: 0.0006040858332471862
Iteration: 454, relative residual: 0.0006021677911357608
Iteration: 455, relative residual: 0.0006016718128193696
Iteration: 456, relative residual: 0.0006016678857750802
Iteration: 457, relative residual: 0.0006001294120679784
Iteration: 458, relative residual: 0.0005976534486719113
Iteration: 459, relative residual: 0.0005963445374092446
Iteration: 460, relative residual: 0.0005962145133580259
Iteration: 461, relative residual: 0.0005955598720545425
Iteration: 462, relative residual: 0.0005946746500424833
Iteration: 463, relative residual: 0.0005937513382898922
Iteration: 464, relative residual: 0.0005935910130160797
Iteration: 465, relative residual: 0.0005919256715076314
Iteration: 466, relative residual: 0.0005912003746299742
Iteration: 467, relative residual: 0.000590690340635702
Iteration: 468, relative residual: 0.0005906608627568973
Iteration: 469, relative residual: 0.0005890721734284943
Iteration: 470, relative residual: 0.0005861906168637237
Iteration: 471, relative residual: 0.0005848623578729087
Iteration: 472, relative residual: 0.0005845761081433965
Iteration: 473, relative residual: 0.0005844621169711276
Iteration: 474, relative residual: 0.0005831968646335001
Iteration: 475, relative residual: 0.0005818330282197056
Iteration: 476, relative residual: 0.0005817289176630571
Iteration: 477, relative residual: 0.0005816689493197471
Iteration: 478, relative residual: 0.0005804422678970147
Iteration: 479, relative residual: 0.0005786779344817164
Iteration: 480, relative residual: 0.0005785954976272883
Iteration: 481, relative residual: 0.0005785697244433061
Iteration: 482, relative residual: 0.0005776892355750258
Iteration: 483, relative residual: 0.0005759531169135914
Iteration: 484, relative residual: 0.0005743976403137964
Iteration: 485, relative residual: 0.0005737301315373435
Iteration: 486, relative residual: 0.0005737283739562385
Iteration: 487, relative residual: 0.0005733653216815736
Iteration: 488, relative residual: 0.0005726837922824984
Iteration: 489, relative residual: 0.0005713238712331543
Iteration: 490, relative residual: 0.0005706872451551102
Iteration: 491, relative residual: 0.0005706024275301727
Iteration: 492, relative residual: 0.0005698982872908699
Iteration: 493, relative residual: 0.000569561961642305
Iteration: 494, relative residual: 0.0005689755891864045
Iteration: 495, relative residual: 0.0005689661291733661
Iteration: 496, relative residual: 0.0005689587448423747
Iteration: 497, relative residual: 0.0005684869529425351
Iteration: 498, relative residual: 0.000567796572159512
Iteration: 499, relative residual: 0.0005670877413953166
Iteration: 500, relative residual: 0.0005670877413953166
Residual: 0.0005670877413953166. Restart...
Iteration: 501, relative residual: 0.0005669062760939578
Iteration: 502, relative residual: 0.0005669062749887445
Iteration: 503, relative residual: 0.000566906273890695
Iteration: 504, relative residual: 0.0005669062705683361
Iteration: 505, relative residual: 0.000566906267638199
Iteration: 506, relative residual: 0.0005669062234111089
Iteration: 507, relative residual: 0.0005669061412281665
Iteration: 508, relative residual: 0.0005669060203152068
Iteration: 509, relative residual: 0.000566905728146828
Iteration: 510, relative residual: 0.0005669054171118341
Iteration: 511, relative residual: 0.0005669052816480361
Iteration: 512, relative residual: 0.0005669048640339579
Iteration: 513, relative residual: 0.0005668996121580818
Iteration: 514, relative residual: 0.0005668868679676121
Iteration: 515, relative residual: 0.0005668708593451148
Iteration: 516, relative residual: 0.0005668641155868153
Iteration: 517, relative residual: 0.0005668614748632597
Iteration: 518, relative residual: 0.0005668567716121376
Iteration: 519, relative residual: 0.00056681958985966
Iteration: 520, relative residual: 0.0005667661813213397
Iteration: 521, relative residual: 0.0005666843597305546
Iteration: 522, relative residual: 0.0005665719462906378
Iteration: 523, relative residual: 0.0005664916469640376
Iteration: 524, relative residual: 0.0005664579959253085
Iteration: 525, relative residual: 0.0005664578148289217
Iteration: 526, relative residual: 0.00056641449701249
Iteration: 527, relative residual: 0.0005663465503127772
Iteration: 528, relative residual: 0.0005661978744822776
Iteration: 529, relative residual: 0.000566149513094443
Iteration: 530, relative residual: 0.0005661487306895954
Iteration: 531, relative residual: 0.0005660860944634277
Iteration: 532, relative residual: 0.0005658738537612855
Iteration: 533, relative residual: 0.0005654166780922857
Iteration: 534, relative residual: 0.0005652076188128644
Iteration: 535, relative residual: 0.0005652073764952796
Iteration: 536, relative residual: 0.0005649711508949224
Iteration: 537, relative residual: 0.0005643824380344474
Iteration: 538, relative residual: 0.0005639833833062555
Iteration: 539, relative residual: 0.0005639738149819544
Iteration: 540, relative residual: 0.0005639212753400789
Iteration: 541, relative residual: 0.000563369843400953
Iteration: 542, relative residual: 0.0005632341645039503
Iteration: 543, relative residual: 0.000563230665244051
Iteration: 544, relative residual: 0.0005629414907215437
Iteration: 545, relative residual: 0.000562379480710947
Iteration: 546, relative residual: 0.0005620461853853799
Iteration: 547, relative residual: 0.0005620021227850535
Iteration: 548, relative residual: 0.0005618001588064383
Iteration: 549, relative residual: 0.0005611504718245435
Iteration: 550, relative residual: 0.0005603694220404471
Iteration: 551, relative residual: 0.0005603049349582903
Iteration: 552, relative residual: 0.0005600691210752176
Iteration: 553, relative residual: 0.0005584918955135564
Iteration: 554, relative residual: 0.0005572994529700849
Iteration: 555, relative residual: 0.0005571805135901144
Iteration: 556, relative residual: 0.0005571193386752985
Iteration: 557, relative residual: 0.00055625726582728
Iteration: 558, relative residual: 0.0005553593238588162
Iteration: 559, relative residual: 0.0005548735721652167
Iteration: 560, relative residual: 0.0005548000327042996
Iteration: 561, relative residual: 0.0005544260103919065
Iteration: 562, relative residual: 0.0005535462542130787
Iteration: 563, relative residual: 0.0005531716605972775
Iteration: 564, relative residual: 0.0005531694509410488
Iteration: 565, relative residual: 0.0005525111716063581
Iteration: 566, relative residual: 0.0005514972187691872
Iteration: 567, relative residual: 0.0005506760178381073
Iteration: 568, relative residual: 0.0005505892913473546
Iteration: 569, relative residual: 0.0005501395188876793
Iteration: 570, relative residual: 0.0005485483972881563
Iteration: 571, relative residual: 0.0005476330763464843
Iteration: 572, relative residual: 0.0005471357657711706
Iteration: 573, relative residual: 0.0005470932335264664
Iteration: 574, relative residual: 0.0005462504948466583
Iteration: 575, relative residual: 0.0005454299723303902
Iteration: 576, relative residual: 0.0005450668359650134
Iteration: 577, relative residual: 0.0005450632906820327
Iteration: 578, relative residual: 0.0005445300589540353
Iteration: 579, relative residual: 0.000543710886735195
Iteration: 580, relative residual: 0.0005434727302234677
Iteration: 581, relative residual: 0.0005434211625324281
Iteration: 582, relative residual: 0.0005428331682730476
Iteration: 583, relative residual: 0.0005419989013450258
Iteration: 584, relative residual: 0.000541048755294074
Iteration: 585, relative residual: 0.0005403886196758727
Iteration: 586, relative residual: 0.0005402551289134404
Iteration: 587, relative residual: 0.0005402165072415113
Iteration: 588, relative residual: 0.0005397326377969333
Iteration: 589, relative residual: 0.000538663754488729
Iteration: 590, relative residual: 0.0005375919633831482
Iteration: 591, relative residual: 0.0005375838638326898
Iteration: 592, relative residual: 0.0005371185596109365
Iteration: 593, relative residual: 0.0005358939537808682
Iteration: 594, relative residual: 0.0005347838981347616
Iteration: 595, relative residual: 0.0005333807593016851
Iteration: 596, relative residual: 0.0005331957251401713
Iteration: 597, relative residual: 0.0005329966937241193
Iteration: 598, relative residual: 0.0005302047778159796
Iteration: 599, relative residual: 0.0005275878101542718
Iteration: 600, relative residual: 0.0005275878101542718
Residual: 0.0005275878101542718. Restart...
Iteration: 601, relative residual: 0.0005272531362091797
Iteration: 602, relative residual: 0.000527253090142544
Iteration: 603, relative residual: 0.0005272530209769854
Iteration: 604, relative residual: 0.0005272528189010686
Iteration: 605, relative residual: 0.0005272527385125717
Iteration: 606, relative residual: 0.0005272524964738078
Iteration: 607, relative residual: 0.0005272476926001356
Iteration: 608, relative residual: 0.0005272439894011108
Iteration: 609, relative residual: 0.0005272333207913966
Iteration: 610, relative residual: 0.0005272218690254473
Iteration: 611, relative residual: 0.0005272193917593728
Iteration: 612, relative residual: 0.0005272030300373954
Iteration: 613, relative residual: 0.0005270364554973896
Iteration: 614, relative residual: 0.0005268006487112406
Iteration: 615, relative residual: 0.0005265570429030277
Iteration: 616, relative residual: 0.0005263870768331087
Iteration: 617, relative residual: 0.0005262863801000189
Iteration: 618, relative residual: 0.0005262548472751552
Iteration: 619, relative residual: 0.0005259905379402033
Iteration: 620, relative residual: 0.0005254602980807393
Iteration: 621, relative residual: 0.0005248247804238971
Iteration: 622, relative residual: 0.0005244742623073909
Iteration: 623, relative residual: 0.0005244531589763784
Iteration: 624, relative residual: 0.0005244239505747796
Iteration: 625, relative residual: 0.000524225319097127
Iteration: 626, relative residual: 0.000523940484699839
Iteration: 627, relative residual: 0.0005239037770409596
Iteration: 628, relative residual: 0.0005238859556270921
Iteration: 629, relative residual: 0.0005235730933704601
Iteration: 630, relative residual: 0.0005231329790211475
Iteration: 631, relative residual: 0.0005221413172978969
Iteration: 632, relative residual: 0.0005216610521333076
Iteration: 633, relative residual: 0.0005215108992132307
Iteration: 634, relative residual: 0.0005214578620990186
Iteration: 635, relative residual: 0.0005209408090542482
Iteration: 636, relative residual: 0.0005207687180478564
Iteration: 637, relative residual: 0.0005205028864834119
Iteration: 638, relative residual: 0.0005205028198673212
Iteration: 639, relative residual: 0.0005203164285108112
Iteration: 640, relative residual: 0.0005200103452072906
Iteration: 641, relative residual: 0.0005195934324903011
Iteration: 642, relative residual: 0.0005195931872327326
Iteration: 643, relative residual: 0.0005194161242980499
Iteration: 644, relative residual: 0.0005188864388442038
Iteration: 645, relative residual: 0.0005185361697260195
Iteration: 646, relative residual: 0.0005183293895296202
Iteration: 647, relative residual: 0.0005182859230803778
Iteration: 648, relative residual: 0.0005181567135258082
Iteration: 649, relative residual: 0.0005176892484838392
Iteration: 650, relative residual: 0.0005174110392907543
Iteration: 651, relative residual: 0.0005174087468727713
Iteration: 652, relative residual: 0.0005170688978265804
Iteration: 653, relative residual: 0.0005160873029576308
Iteration: 654, relative residual: 0.0005155112203210421
Iteration: 655, relative residual: 0.0005154780815012697
Iteration: 656, relative residual: 0.0005153685560774868
Iteration: 657, relative residual: 0.0005150458068569159
Iteration: 658, relative residual: 0.000514257638615158
Iteration: 659, relative residual: 0.0005139577682766312
Iteration: 660, relative residual: 0.0005139499551881821
Iteration: 661, relative residual: 0.0005134586558965535
Iteration: 662, relative residual: 0.0005127890193917683
Iteration: 663, relative residual: 0.0005125421949416698
Iteration: 664, relative residual: 0.000512433329852819
Iteration: 665, relative residual: 0.000511823469114439
Iteration: 666, relative residual: 0.0005112356666144785
Iteration: 667, relative residual: 0.0005109048785426195
Iteration: 668, relative residual: 0.0005108742316280537
Iteration: 669, relative residual: 0.0005103452483168104
Iteration: 670, relative residual: 0.0005093334048294028
Iteration: 671, relative residual: 0.0005090296866787818
Iteration: 672, relative residual: 0.000509027822074277
Iteration: 673, relative residual: 0.0005087650010724071
Iteration: 674, relative residual: 0.0005076185296482601
Iteration: 675, relative residual: 0.0005070087451757438
Iteration: 676, relative residual: 0.0005065040231178307
Iteration: 677, relative residual: 0.0005064964833679213
Iteration: 678, relative residual: 0.0005059094193551319
Iteration: 679, relative residual: 0.0005055037379010788
Iteration: 680, relative residual: 0.0005054987965555984
Iteration: 681, relative residual: 0.0005052048942013111
Iteration: 682, relative residual: 0.0005042630962091278
Iteration: 683, relative residual: 0.0005034557680549045
Iteration: 684, relative residual: 0.0005032232222524573
Iteration: 685, relative residual: 0.0005032183354693002
Iteration: 686, relative residual: 0.0005027523493076744
Iteration: 687, relative residual: 0.0005013475332749741
Iteration: 688, relative residual: 0.0005009687828400971
Iteration: 689, relative residual: 0.000500958813422901
Iteration: 690, relative residual: 0.0005008119627417077
Iteration: 691, relative residual: 0.0005001203119050578
Iteration: 692, relative residual: 0.0004996908379458711
Iteration: 693, relative residual: 0.0004993407473880855
Iteration: 694, relative residual: 0.0004993129054769313
Iteration: 695, relative residual: 0.0004991865283601039
Iteration: 696, relative residual: 0.0004987073518084334
Iteration: 697, relative residual: 0.0004984901744745583
Iteration: 698, relative residual: 0.000498427131290654
Iteration: 699, relative residual: 0.0004984253633764648
Iteration: 700, relative residual: 0.0004984253633764648
Residual: 0.0004984253633764648. Restart...
Iteration: 701, relative residual: 0.0004983547559574924
Iteration: 702, relative residual: 0.0004983547520553901
Iteration: 703, relative residual: 0.0004983547496087191
Iteration: 704, relative residual: 0.0004983547367075767
Iteration: 705, relative residual: 0.0004983547268158114
Iteration: 706, relative residual: 0.0004983546992856914
Iteration: 707, relative residual: 0.0004983545094644572
Iteration: 708, relative residual: 0.000498354418459546
Iteration: 709, relative residual: 0.0004983541666568153
Iteration: 710, relative residual: 0.0004983540909801883
Iteration: 711, relative residual: 0.0004983540880035463
Iteration: 712, relative residual: 0.0004983539101684831
Iteration: 713, relative residual: 0.0004983533507320745
Iteration: 714, relative residual: 0.000498352882939636
Iteration: 715, relative residual: 0.0004983528265395588
Iteration: 716, relative residual: 0.0004983525336670652
Iteration: 717, relative residual: 0.0004983503396722682
Iteration: 718, relative residual: 0.0004983454659633574
Iteration: 719, relative residual: 0.000498336993499416
Iteration: 720, relative residual: 0.0004983360365027494
Iteration: 721, relative residual: 0.0004983348903656045
Iteration: 722, relative residual: 0.0004983101014863135
Iteration: 723, relative residual: 0.0004982637021330612
Iteration: 724, relative residual: 0.0004982195739696865
Iteration: 725, relative residual: 0.0004981616092957854
Iteration: 726, relative residual: 0.0004981613404865292
Iteration: 727, relative residual: 0.0004981309422732319
Iteration: 728, relative residual: 0.000497961644272051
Iteration: 729, relative residual: 0.0004979013562238027
Iteration: 730, relative residual: 0.000497863353615535
Iteration: 731, relative residual: 0.0004978628414645411
Iteration: 732, relative residual: 0.0004977980090392569
Iteration: 733, relative residual: 0.0004976978485483526
Iteration: 734, relative residual: 0.0004975580203775161
Iteration: 735, relative residual: 0.0004975552787947346
Iteration: 736, relative residual: 0.0004975471890404518
Iteration: 737, relative residual: 0.0004974066699630726
Iteration: 738, relative residual: 0.0004972442167413533
Iteration: 739, relative residual: 0.0004971751559857522
Iteration: 740, relative residual: 0.0004971751131742675
Iteration: 741, relative residual: 0.0004970510293795909
Iteration: 742, relative residual: 0.0004969243803396924
Iteration: 743, relative residual: 0.000496885235829623
Iteration: 744, relative residual: 0.0004968807238113208
Iteration: 745, relative residual: 0.0004968332918462373
Iteration: 746, relative residual: 0.0004966940989880168
Iteration: 747, relative residual: 0.0004965713190940873
Iteration: 748, relative residual: 0.000496564007735995
Iteration: 749, relative residual: 0.0004964476992822776
Iteration: 750, relative residual: 0.0004962230271972907
Iteration: 751, relative residual: 0.0004961209171459213
Iteration: 752, relative residual: 0.0004961176947809588
Iteration: 753, relative residual: 0.0004960237316154354
Iteration: 754, relative residual: 0.0004957622906451751
Iteration: 755, relative residual: 0.0004955196623537348
Iteration: 756, relative residual: 0.0004954701108999155
Iteration: 757, relative residual: 0.0004954692434801504
Iteration: 758, relative residual: 0.0004953965684131462
Iteration: 759, relative residual: 0.0004950333818156465
Iteration: 760, relative residual: 0.0004947537702988785
Iteration: 761, relative residual: 0.000494753707256306
Iteration: 762, relative residual: 0.0004946060376949145
Iteration: 763, relative residual: 0.0004942229414299447
Iteration: 764, relative residual: 0.0004939865883934623
Iteration: 765, relative residual: 0.0004939847575787289
Iteration: 766, relative residual: 0.0004936656022376565
Iteration: 767, relative residual: 0.0004930961378412676
Iteration: 768, relative residual: 0.000492805279389364
Iteration: 769, relative residual: 0.0004927189386449154
Iteration: 770, relative residual: 0.0004920513109229949
Iteration: 771, relative residual: 0.0004914028551202493
Iteration: 772, relative residual: 0.0004908491280602571
Iteration: 773, relative residual: 0.0004906790081238816
Iteration: 774, relative residual: 0.0004905462570763226
Iteration: 775, relative residual: 0.0004898179643030111
Iteration: 776, relative residual: 0.0004887154317833369
Iteration: 777, relative residual: 0.0004884688597414407
Iteration: 778, relative residual: 0.0004883525897906744
Iteration: 779, relative residual: 0.0004876084127741857
Iteration: 780, relative residual: 0.0004870536306318541
Iteration: 781, relative residual: 0.00048704116904477244
Iteration: 782, relative residual: 0.00048687862857979173
Iteration: 783, relative residual: 0.0004862630945045347
Iteration: 784, relative residual: 0.00048521529937400334
Iteration: 785, relative residual: 0.00048454477776019197
Iteration: 786, relative residual: 0.000484354734744098
Iteration: 787, relative residual: 0.00048421696854071897
Iteration: 788, relative residual: 0.00048341958412720387
Iteration: 789, relative residual: 0.00048270724836615064
Iteration: 790, relative residual: 0.000482302625059068
Iteration: 791, relative residual: 0.00048227487753141145
Iteration: 792, relative residual: 0.00048205217128465813
Iteration: 793, relative residual: 0.0004810480554709104
Iteration: 794, relative residual: 0.0004802561698255738
Iteration: 795, relative residual: 0.00047962396710439476
Iteration: 796, relative residual: 0.0004795286627010694
Iteration: 797, relative residual: 0.0004793351412992953
Iteration: 798, relative residual: 0.0004781203531936324
Iteration: 799, relative residual: 0.00047667313934650693
Iteration: 800, relative residual: 0.00047667313934650693
Residual: 0.00047667313934650693. Restart...
Iteration: 801, relative residual: 0.0004761448223489036
Iteration: 802, relative residual: 0.0004761447847538122
Iteration: 803, relative residual: 0.0004761447324692653
Iteration: 804, relative residual: 0.00047614449195651823
Iteration: 805, relative residual: 0.0004761444676204327
Iteration: 806, relative residual: 0.0004761433141883581
Iteration: 807, relative residual: 0.00047614094363504576
Iteration: 808, relative residual: 0.00047613638512908796
Iteration: 809, relative residual: 0.000476127136817862
Iteration: 810, relative residual: 0.0004761198689213995
Iteration: 811, relative residual: 0.0004761184839060348
Iteration: 812, relative residual: 0.0004761095804006141
Iteration: 813, relative residual: 0.0004759958177536176
Iteration: 814, relative residual: 0.0004758203672141248
Iteration: 815, relative residual: 0.00047566621522732015
Iteration: 816, relative residual: 0.0004755827517286415
Iteration: 817, relative residual: 0.00047554058122240933
Iteration: 818, relative residual: 0.00047552026882427084
Iteration: 819, relative residual: 0.00047531834939303525
Iteration: 820, relative residual: 0.0004749666473519834
Iteration: 821, relative residual: 0.00047461311092045596
Iteration: 822, relative residual: 0.0004743465655729762
Iteration: 823, relative residual: 0.00047430344108615765
Iteration: 824, relative residual: 0.0004742898652080484
Iteration: 825, relative residual: 0.00047413984205044656
Iteration: 826, relative residual: 0.0004739432563615602
Iteration: 827, relative residual: 0.00047390254571146896
Iteration: 828, relative residual: 0.00047390171788657765
Iteration: 829, relative residual: 0.0004737798612332256
Iteration: 830, relative residual: 0.00047347466434592526
Iteration: 831, relative residual: 0.0004727778977579784
Iteration: 832, relative residual: 0.00047226152234937233
Iteration: 833, relative residual: 0.0004719133210177251
Iteration: 834, relative residual: 0.0004719117658892831
Iteration: 835, relative residual: 0.0004718197786349869
Iteration: 836, relative residual: 0.0004714865169951717
Iteration: 837, relative residual: 0.00047133785759080117
Iteration: 838, relative residual: 0.00047125929559969947
Iteration: 839, relative residual: 0.00047119871926291446
Iteration: 840, relative residual: 0.0004710688209521922
Iteration: 841, relative residual: 0.0004707308441843387
Iteration: 842, relative residual: 0.0004707033467657384
Iteration: 843, relative residual: 0.00047066303824675463
Iteration: 844, relative residual: 0.0004702531248901682
Iteration: 845, relative residual: 0.0004698421614832825
Iteration: 846, relative residual: 0.00046958472032914973
Iteration: 847, relative residual: 0.0004695589673682776
Iteration: 848, relative residual: 0.00046933288779227436
Iteration: 849, relative residual: 0.000469014499761556
Iteration: 850, relative residual: 0.0004688393068664383
Iteration: 851, relative residual: 0.0004688302162337416
Iteration: 852, relative residual: 0.0004686857672457924
Iteration: 853, relative residual: 0.0004680724007287464
Iteration: 854, relative residual: 0.0004676774662153553
Iteration: 855, relative residual: 0.00046759377580862864
Iteration: 856, relative residual: 0.00046758406856139034
Iteration: 857, relative residual: 0.00046732901907243704
Iteration: 858, relative residual: 0.0004668999999675138
Iteration: 859, relative residual: 0.0004666564286828812
Iteration: 860, relative residual: 0.00046663606203540354
Iteration: 861, relative residual: 0.00046635371202003297
Iteration: 862, relative residual: 0.00046600439156439186
Iteration: 863, relative residual: 0.00046586590176241624
Iteration: 864, relative residual: 0.0004658452363557513
Iteration: 865, relative residual: 0.0004656493917472339
Iteration: 866, relative residual: 0.00046544981607891494
Iteration: 867, relative residual: 0.00046532451822221637
Iteration: 868, relative residual: 0.0004653220106134207
Iteration: 869, relative residual: 0.00046517822089228765
Iteration: 870, relative residual: 0.00046487072021545676
Iteration: 871, relative residual: 0.00046479008828232565
Iteration: 872, relative residual: 0.0004647809536144285
Iteration: 873, relative residual: 0.000464755775793722
Iteration: 874, relative residual: 0.000464510990116321
Iteration: 875, relative residual: 0.00046424003077950865
Iteration: 876, relative residual: 0.00046388711892044783
Iteration: 877, relative residual: 0.0004638293756587454
Iteration: 878, relative residual: 0.0004638032659303501
Iteration: 879, relative residual: 0.00046356671731656135
Iteration: 880, relative residual: 0.000463466296031047
Iteration: 881, relative residual: 0.0004634656089362735
Iteration: 882, relative residual: 0.0004632323507434984
Iteration: 883, relative residual: 0.00046291880812024665
Iteration: 884, relative residual: 0.00046247795345740963
Iteration: 885, relative residual: 0.0004624259673121449
Iteration: 886, relative residual: 0.0004623007967212742
Iteration: 887, relative residual: 0.000461802736467608
Iteration: 888, relative residual: 0.00046128742322199977
Iteration: 889, relative residual: 0.0004612144942026473
Iteration: 890, relative residual: 0.0004612142612966121
Iteration: 891, relative residual: 0.0004610772212211013
Iteration: 892, relative residual: 0.0004606882839647223
Iteration: 893, relative residual: 0.0004599811826741854
Iteration: 894, relative residual: 0.000459977227603111
Iteration: 895, relative residual: 0.00045996670160911924
Iteration: 896, relative residual: 0.0004597708602787148
Iteration: 897, relative residual: 0.0004594806190971963
Iteration: 898, relative residual: 0.0004593362768006427
Iteration: 899, relative residual: 0.0004592625525403378
Iteration: 900, relative residual: 0.0004592625525403378
Residual: 0.0004592625525403378. Restart...
Iteration: 901, relative residual: 0.00045921311717990275
Iteration: 902, relative residual: 0.00045921311107072416
Iteration: 903, relative residual: 0.0004592131020298136
Iteration: 904, relative residual: 0.0004592130514302509
Iteration: 905, relative residual: 0.0004592130358823731
Iteration: 906, relative residual: 0.0004592129533094465
Iteration: 907, relative residual: 0.00045921249987940796
Iteration: 908, relative residual: 0.0004592122254997212
Iteration: 909, relative residual: 0.0004592120996977251
Iteration: 910, relative residual: 0.0004592120979136984
Iteration: 911, relative residual: 0.0004592119533159855
Iteration: 912, relative residual: 0.00045921178425236076
Iteration: 913, relative residual: 0.00045921167366638684
Iteration: 914, relative residual: 0.0004592102160109145
Iteration: 915, relative residual: 0.0004592054120240424
Iteration: 916, relative residual: 0.0004591992735441917
Iteration: 917, relative residual: 0.00045919210795914144
Iteration: 918, relative residual: 0.0004591914620427151
Iteration: 919, relative residual: 0.00045918845821036144
Iteration: 920, relative residual: 0.0004591642763563052
Iteration: 921, relative residual: 0.00045910629898349614
Iteration: 922, relative residual: 0.000458997039019863
Iteration: 923, relative residual: 0.00045889251287579226
Iteration: 924, relative residual: 0.0004588235936873162
Iteration: 925, relative residual: 0.0004587409336192028
Iteration: 926, relative residual: 0.0004587386860592179
Iteration: 927, relative residual: 0.00045870584490927634
Iteration: 928, relative residual: 0.00045855682742421903
Iteration: 929, relative residual: 0.00045851576624666995
Iteration: 930, relative residual: 0.0004585157496380425
Iteration: 931, relative residual: 0.0004584023712771651
Iteration: 932, relative residual: 0.0004581658487175727
Iteration: 933, relative residual: 0.0004580314191311283
Iteration: 934, relative residual: 0.0004579549900430941
Iteration: 935, relative residual: 0.0004579474212896954
Iteration: 936, relative residual: 0.00045789242427380375
Iteration: 937, relative residual: 0.0004577073186838833
Iteration: 938, relative residual: 0.0004576456540436104
Iteration: 939, relative residual: 0.000457639926715455
Iteration: 940, relative residual: 0.0004576150683232692
Iteration: 941, relative residual: 0.0004574730338496508
Iteration: 942, relative residual: 0.00045739624542087595
Iteration: 943, relative residual: 0.00045739317832816636
Iteration: 944, relative residual: 0.00045729466366069787
Iteration: 945, relative residual: 0.0004571168295056566
Iteration: 946, relative residual: 0.000456869474437774
Iteration: 947, relative residual: 0.000456832583329879
Iteration: 948, relative residual: 0.00045669109642790387
Iteration: 949, relative residual: 0.00045618736859764485
Iteration: 950, relative residual: 0.0004558247961539415
Iteration: 951, relative residual: 0.00045582078184072254
Iteration: 952, relative residual: 0.0004554567426235202
Iteration: 953, relative residual: 0.00045496731572036074
Iteration: 954, relative residual: 0.00045473262463546717
Iteration: 955, relative residual: 0.00045473053920788145
Iteration: 956, relative residual: 0.0004545222920093059
Iteration: 957, relative residual: 0.0004539267678371446
Iteration: 958, relative residual: 0.0004536360352757381
Iteration: 959, relative residual: 0.0004536158001073295
Iteration: 960, relative residual: 0.0004534757618829882
Iteration: 961, relative residual: 0.00045316610888121184
Iteration: 962, relative residual: 0.0004531142564456107
Iteration: 963, relative residual: 0.0004531063235550426
Iteration: 964, relative residual: 0.0004530844269381028
Iteration: 965, relative residual: 0.0004530048012460829
Iteration: 966, relative residual: 0.0004529056397090971
Iteration: 967, relative residual: 0.00045289987321877565
Iteration: 968, relative residual: 0.00045288711494739016
Iteration: 969, relative residual: 0.0004526947458565982
Iteration: 970, relative residual: 0.00045226880466595466
Iteration: 971, relative residual: 0.00045214622726545787
Iteration: 972, relative residual: 0.00045214467003251257
Iteration: 973, relative residual: 0.000452111090388435
Iteration: 974, relative residual: 0.0004519185241232143
Iteration: 975, relative residual: 0.0004514958846396561
Iteration: 976, relative residual: 0.0004511081449111493
Iteration: 977, relative residual: 0.0004510390486133005
Iteration: 978, relative residual: 0.00045100613671855103
Iteration: 979, relative residual: 0.000450728297132339
Iteration: 980, relative residual: 0.0004506310179034882
Iteration: 981, relative residual: 0.00045062446259512616
Iteration: 982, relative residual: 0.0004504242115413518
Iteration: 983, relative residual: 0.00044974018168392687
Iteration: 984, relative residual: 0.0004488033688935503
Iteration: 985, relative residual: 0.0004487282803000973
Iteration: 986, relative residual: 0.00044864043639587597
Iteration: 987, relative residual: 0.0004481181926782804
Iteration: 988, relative residual: 0.000447666856160448
Iteration: 989, relative residual: 0.0004475506777524164
Iteration: 990, relative residual: 0.0004475205727399147
Iteration: 991, relative residual: 0.00044750660795721617
Iteration: 992, relative residual: 0.00044717930612366187
Iteration: 993, relative residual: 0.0004465821303855488
Iteration: 994, relative residual: 0.00044608875500681784
Iteration: 995, relative residual: 0.0004459465302003778
Iteration: 996, relative residual: 0.000445893988989906
Iteration: 997, relative residual: 0.00044521698885173207
Iteration: 998, relative residual: 0.0004446022044475072
Iteration: 999, relative residual: 0.0004441568958048172
Iteration: 1000, relative residual: 0.0004441568958048172
Residual: 0.0004441568958048172. Restart...
Warning!!!!You have reached the maximum number of iterations : 1000.
The run will stop. Check the residual behaviour you might have a bug.For future runs you might consider changing the tolerance or increasing the number of max_iter.
Solve time        : 8472.18434548378s

Calculate Solvation Energy (E_solv)
Calculating solvation energy for region 1, stored in E_solv[0]
6372.384588664389 of 548701 analytical integrals for phi_reac calculation in region 1
Time E_solv: 21.909974813461304s
Region 1: E_solv = -7174.7264427579685 kcal/mol = -30019.05543649934 kJ/mol

Calculate Surface Energy (E_surf)
Time E_surf: 0.020786523818969727s

Calculate Coulomb Energy (E_coul)
Calculate Coulomb energy for region 1
Region 1: E_coul = -250277.7672756326 kcal/mol = -1047162.1782812468 kJ/mol
Time E_coul: 24.681236028671265s

------------------------------
Totals:
E_solv = -7174.7264427579685 kcal/mol
E_surf = 0 kcal/mol
E_coul = -250277.7672756326 kcal/mol

Time = 8595.455158472061 s
