Run started on:
	Date: 2020/5/25
	Time: 3:39:40
	PyGBe version: 0.3.2+5.gea0f875
Config file: /cobra/u/gvargas/code/hPB/pygbe/pygbe/myCrownFinShots/sarsCov2noACE2/snap4/snap4.config
Parameter file: /cobra/u/gvargas/code/hPB/pygbe/pygbe/myCrownFinShots/sarsCov2noACE2/snap4/snap4.param
Geometry folder: /cobra/u/gvargas/code/hPB/pygbe/pygbe/myCrownFinShots/sarsCov2noACE2/snap4/geometry
Running in: /cobra/u/gvargas/code/hPB/pygbe/pygbe/myCrownFinShots/sarsCov2noACE2/snap4

Reading surface 0 from file geometry/crownVFnoACE2
Time load mesh: 9.301024198532104
Removed areas=0: 282

Total elements : 544800
Total equations: 1089600
----------------------------

1 surfaces:

Surface 0:
	544800 elements
	Surface type         : dielectric_interface
	Cells                : 3720
	Twigs                : 3149
	Levels               : 7
	C0 size              : 102.20549592321649
	C0 box center        : 81.94490528389622, 89.36938746206556, 98.2788933302741
	Twig cell size       : 1.5969608738002576
	Rbox/theta           : 3.1939217476005153
	Analytic distance    : 1.292911969084374
	Elem. per Ang^2      : 4.18342465316282
	Max, min, avg elem.  : 1.2945178919789044, 4.999999999976695e-07, 0.23903860662196075
	Total area           : 130228.23288764422
------------------------------

2 regions:

Region 0:
	Laplace or Yukawa: 2
	kappa            : 0.125
	dielectric const : 80.0
	Number of charges: 0
	Parent surface   : []
	Child surfaces   : [0]
Region 1:
	Laplace or Yukawa: 1
	kappa            : 1e-12
	dielectric const : 4.0
	Number of charges: 51819
	Parent surface   : [0]
	Child surfaces   : []
------------------------------

Parameters:
	Data type               : <class 'numpy.float64'>
	Use GPU                 : 1
	P                       : 4
	threshold               : 0.50
	theta                   : 0.50
	NCRIT                   : 500
	CUDA block size         : 128
	Gauss points per element: 1
	Gauss points near singlr: 25
	1D Gauss points per side: 9
	GMRES tolerance         : 1e-05
	GMRES max iterations    : 1000
	GMRES restart iteration : 100
----------------------------

Generate interaction list
Transfer data to GPU
Generate RHS
List time          : 3.4338526725769043s
Data transfer time : 0.40647339820861816s
RHS generation time: 6.6400299072265625s
------------------------------
Total setup time   : 75.85897946357727s
Solve
Iteration: 1, relative residual: 0.8152629468082017
Iteration: 2, relative residual: 0.6041913983683863
Iteration: 3, relative residual: 0.4316765310133816
Iteration: 4, relative residual: 0.3722272027232029
Iteration: 5, relative residual: 0.3098916116445734
Iteration: 6, relative residual: 0.24751412285190796
Iteration: 7, relative residual: 0.1978241464011861
Iteration: 8, relative residual: 0.1779178442606556
Iteration: 9, relative residual: 0.1492130164421295
Iteration: 10, relative residual: 0.13087417128640388
Iteration: 11, relative residual: 0.10714544627712531
Iteration: 12, relative residual: 0.09874956569728773
Iteration: 13, relative residual: 0.09146421985268502
Iteration: 14, relative residual: 0.08126856113876554
Iteration: 15, relative residual: 0.07107018359949692
Iteration: 16, relative residual: 0.05923101625454853
Iteration: 17, relative residual: 0.04447847954363096
Iteration: 18, relative residual: 0.04065362968878361
Iteration: 19, relative residual: 0.03665347550393112
Iteration: 20, relative residual: 0.036127312407243324
Iteration: 21, relative residual: 0.030507963051588118
Iteration: 22, relative residual: 0.027858307247172722
Iteration: 23, relative residual: 0.026238581756522987
Iteration: 24, relative residual: 0.026216174238804565
Iteration: 25, relative residual: 0.023071737544729815
Iteration: 26, relative residual: 0.019314045724112345
Iteration: 27, relative residual: 0.01704979496131246
Iteration: 28, relative residual: 0.015700024881848497
Iteration: 29, relative residual: 0.015681771134878897
Iteration: 30, relative residual: 0.014310509658258351
Iteration: 31, relative residual: 0.012763858726794957
Iteration: 32, relative residual: 0.011371129886130402
Iteration: 33, relative residual: 0.010002735436242652
Iteration: 34, relative residual: 0.00903828432211819
Iteration: 35, relative residual: 0.008196477072000814
Iteration: 36, relative residual: 0.008004889960079777
Iteration: 37, relative residual: 0.00800201145664963
Iteration: 38, relative residual: 0.007850549662635379
Iteration: 39, relative residual: 0.007364354959848968
Iteration: 40, relative residual: 0.006851878111991596
Iteration: 41, relative residual: 0.006551717696700167
Iteration: 42, relative residual: 0.006474743441175435
Iteration: 43, relative residual: 0.006384301981191639
Iteration: 44, relative residual: 0.006231934910098073
Iteration: 45, relative residual: 0.006152441928213702
Iteration: 46, relative residual: 0.006142443646659573
Iteration: 47, relative residual: 0.006095617505292562
Iteration: 48, relative residual: 0.005799091790721404
Iteration: 49, relative residual: 0.005436144606916835
Iteration: 50, relative residual: 0.005131088432110961
Iteration: 51, relative residual: 0.004963064074033127
Iteration: 52, relative residual: 0.0049020723622708985
Iteration: 53, relative residual: 0.00478314811985964
Iteration: 54, relative residual: 0.004561955734463671
Iteration: 55, relative residual: 0.004372263837655325
Iteration: 56, relative residual: 0.004351324442246694
Iteration: 57, relative residual: 0.004347601832601513
Iteration: 58, relative residual: 0.004250143933657787
Iteration: 59, relative residual: 0.004101001182440159
Iteration: 60, relative residual: 0.00399871222064262
Iteration: 61, relative residual: 0.003979011317903609
Iteration: 62, relative residual: 0.003926950178341028
Iteration: 63, relative residual: 0.003774697534129827
Iteration: 64, relative residual: 0.0037054788982819925
Iteration: 65, relative residual: 0.0036942487541385665
Iteration: 66, relative residual: 0.0036867073193319272
Iteration: 67, relative residual: 0.0036272516273526123
Iteration: 68, relative residual: 0.0035676655455701652
Iteration: 69, relative residual: 0.0035520480023966414
Iteration: 70, relative residual: 0.00355157644284584
Iteration: 71, relative residual: 0.003529468416232693
Iteration: 72, relative residual: 0.003408040859308798
Iteration: 73, relative residual: 0.003312714032206392
Iteration: 74, relative residual: 0.0033095257907173443
Iteration: 75, relative residual: 0.003299056270388097
Iteration: 76, relative residual: 0.003239055239452139
Iteration: 77, relative residual: 0.0031505598620042412
Iteration: 78, relative residual: 0.0030654595859608744
Iteration: 79, relative residual: 0.0030162394771723767
Iteration: 80, relative residual: 0.0030135171068603156
Iteration: 81, relative residual: 0.0030111907701245045
Iteration: 82, relative residual: 0.0029594466321631384
Iteration: 83, relative residual: 0.002908195053666385
Iteration: 84, relative residual: 0.002905894398843619
Iteration: 85, relative residual: 0.00289067150585648
Iteration: 86, relative residual: 0.002831809739616862
Iteration: 87, relative residual: 0.0028115635664453425
Iteration: 88, relative residual: 0.00280525539571341
Iteration: 89, relative residual: 0.0027831310205460374
Iteration: 90, relative residual: 0.0027296343635859832
Iteration: 91, relative residual: 0.002583729417214682
Iteration: 92, relative residual: 0.002530925388918717
Iteration: 93, relative residual: 0.0024600098717669386
Iteration: 94, relative residual: 0.0024588503023623073
Iteration: 95, relative residual: 0.002458798847157013
Iteration: 96, relative residual: 0.002366833167987445
Iteration: 97, relative residual: 0.0022847077973155547
Iteration: 98, relative residual: 0.0021579035106595126
Iteration: 99, relative residual: 0.0021277926807419744
Iteration: 100, relative residual: 0.0021277926807419744
Residual: 0.0021277926807419744. Restart...
Iteration: 101, relative residual: 0.002127768520045595
Iteration: 102, relative residual: 0.002127768446609572
Iteration: 103, relative residual: 0.0021277645882334262
Iteration: 104, relative residual: 0.002127736139457457
Iteration: 105, relative residual: 0.0021277358772495165
Iteration: 106, relative residual: 0.0021276076434141593
Iteration: 107, relative residual: 0.0021271986315800945
Iteration: 108, relative residual: 0.0021268174563427622
Iteration: 109, relative residual: 0.002126590633410531
Iteration: 110, relative residual: 0.002126583167892053
Iteration: 111, relative residual: 0.002126042995240624
Iteration: 112, relative residual: 0.0021247306958515656
Iteration: 113, relative residual: 0.0021246355513712097
Iteration: 114, relative residual: 0.002124615701853668
Iteration: 115, relative residual: 0.002124111910565784
Iteration: 116, relative residual: 0.0021238731268181533
Iteration: 117, relative residual: 0.0021233180734446175
Iteration: 118, relative residual: 0.0021192979716898753
Iteration: 119, relative residual: 0.0021107419120551083
Iteration: 120, relative residual: 0.00209493557953965
Iteration: 121, relative residual: 0.0020890339804504414
Iteration: 122, relative residual: 0.002089031005884407
Iteration: 123, relative residual: 0.0020832864359311004
Iteration: 124, relative residual: 0.002072735229977741
Iteration: 125, relative residual: 0.0020683505959451804
Iteration: 126, relative residual: 0.0020673838378627227
Iteration: 127, relative residual: 0.0020672532297590393
Iteration: 128, relative residual: 0.0020663010672477976
Iteration: 129, relative residual: 0.002064298735029629
Iteration: 130, relative residual: 0.0020599939777305822
Iteration: 131, relative residual: 0.0020557366228780498
Iteration: 132, relative residual: 0.0020543080104666045
Iteration: 133, relative residual: 0.0020535473272537165
Iteration: 134, relative residual: 0.002050059653968124
Iteration: 135, relative residual: 0.002044463432405295
Iteration: 136, relative residual: 0.002042418063448411
Iteration: 137, relative residual: 0.0020412485528185104
Iteration: 138, relative residual: 0.0020410469765876397
Iteration: 139, relative residual: 0.002040798312732909
Iteration: 140, relative residual: 0.002037894620217318
Iteration: 141, relative residual: 0.0020306361483003535
Iteration: 142, relative residual: 0.002025157863112231
Iteration: 143, relative residual: 0.0020244360544173223
Iteration: 144, relative residual: 0.0020243376893344885
Iteration: 145, relative residual: 0.0020190666971897303
Iteration: 146, relative residual: 0.0020142893508176165
Iteration: 147, relative residual: 0.002010152631395334
Iteration: 148, relative residual: 0.0020100399129772567
Iteration: 149, relative residual: 0.0020086674775860536
Iteration: 150, relative residual: 0.0020062921065028216
Iteration: 151, relative residual: 0.0020036746257937406
Iteration: 152, relative residual: 0.002002615840967138
Iteration: 153, relative residual: 0.0020026103662104475
Iteration: 154, relative residual: 0.0020003105256742714
Iteration: 155, relative residual: 0.001992396581844372
Iteration: 156, relative residual: 0.00197988010245381
Iteration: 157, relative residual: 0.001974158524869181
Iteration: 158, relative residual: 0.001973710916575696
Iteration: 159, relative residual: 0.001973170892398864
Iteration: 160, relative residual: 0.0019698558950413223
Iteration: 161, relative residual: 0.0019658834762415
Iteration: 162, relative residual: 0.0019654828496270564
Iteration: 163, relative residual: 0.001957480110212415
Iteration: 164, relative residual: 0.001950339304452439
Iteration: 165, relative residual: 0.0019473901864422375
Iteration: 166, relative residual: 0.0019470426012535643
Iteration: 167, relative residual: 0.0019468579216637175
Iteration: 168, relative residual: 0.0019452432962412866
Iteration: 169, relative residual: 0.0019355306477958614
Iteration: 170, relative residual: 0.0019271658925549588
Iteration: 171, relative residual: 0.001921523966093332
Iteration: 172, relative residual: 0.0019213139160683007
Iteration: 173, relative residual: 0.0019194741360607486
Iteration: 174, relative residual: 0.0019033019220597524
Iteration: 175, relative residual: 0.0018924581174032601
Iteration: 176, relative residual: 0.0018923511086170863
Iteration: 177, relative residual: 0.0018781687839275036
Iteration: 178, relative residual: 0.0018687665988609936
Iteration: 179, relative residual: 0.0018576997771443998
Iteration: 180, relative residual: 0.0018555019526638689
Iteration: 181, relative residual: 0.0018522463340560724
Iteration: 182, relative residual: 0.0018441365782521605
Iteration: 183, relative residual: 0.0018253218393993126
Iteration: 184, relative residual: 0.0018206000786237298
Iteration: 185, relative residual: 0.0018203743286806136
Iteration: 186, relative residual: 0.001815554691146313
Iteration: 187, relative residual: 0.0017890847745796366
Iteration: 188, relative residual: 0.0017753762588102841
Iteration: 189, relative residual: 0.0017679178493806833
Iteration: 190, relative residual: 0.001767905502932088
Iteration: 191, relative residual: 0.0017628829373350049
Iteration: 192, relative residual: 0.0017576931352431976
Iteration: 193, relative residual: 0.0017461369951500643
Iteration: 194, relative residual: 0.0017372911928152377
Iteration: 195, relative residual: 0.0017372867542716143
Iteration: 196, relative residual: 0.001727736212289315
Iteration: 197, relative residual: 0.0017096019313649366
Iteration: 198, relative residual: 0.001656383460832735
Iteration: 199, relative residual: 0.0016193043035806333
Iteration: 200, relative residual: 0.0016193043035806333
Residual: 0.0016193043035806333. Restart...
Iteration: 201, relative residual: 0.0016192371366039967
Iteration: 202, relative residual: 0.001619236984624622
Iteration: 203, relative residual: 0.0016192339275159695
Iteration: 204, relative residual: 0.0016192277379571654
Iteration: 205, relative residual: 0.0016192232716504746
Iteration: 206, relative residual: 0.0016191522450574676
Iteration: 207, relative residual: 0.0016188022138942998
Iteration: 208, relative residual: 0.0016182539679492007
Iteration: 209, relative residual: 0.001618222301820133
Iteration: 210, relative residual: 0.0016178760520049915
Iteration: 211, relative residual: 0.0016167306051525258
Iteration: 212, relative residual: 0.0016144480213852387
Iteration: 213, relative residual: 0.0016128797680235402
Iteration: 214, relative residual: 0.001611642614426711
Iteration: 215, relative residual: 0.001608958828824469
Iteration: 216, relative residual: 0.00160865008387701
Iteration: 217, relative residual: 0.0016078862147066207
Iteration: 218, relative residual: 0.0016069067793876776
Iteration: 219, relative residual: 0.001606749855912881
Iteration: 220, relative residual: 0.0016030828550242962
Iteration: 221, relative residual: 0.0015981713409623788
Iteration: 222, relative residual: 0.0015954317895317761
Iteration: 223, relative residual: 0.0015954313183683874
Iteration: 224, relative residual: 0.001594119829951501
Iteration: 225, relative residual: 0.0015904381311658698
Iteration: 226, relative residual: 0.0015895844421932892
Iteration: 227, relative residual: 0.0015893525241619042
Iteration: 228, relative residual: 0.0015888393502496779
Iteration: 229, relative residual: 0.0015874993735705226
Iteration: 230, relative residual: 0.0015854352843782042
Iteration: 231, relative residual: 0.001584408987581038
Iteration: 232, relative residual: 0.0015844081269695387
Iteration: 233, relative residual: 0.0015841730727258953
Iteration: 234, relative residual: 0.0015828967045378856
Iteration: 235, relative residual: 0.001581983605923201
Iteration: 236, relative residual: 0.0015802732614009832
Iteration: 237, relative residual: 0.001578426177175667
Iteration: 238, relative residual: 0.0015778862638579606
Iteration: 239, relative residual: 0.0015776275931776928
Iteration: 240, relative residual: 0.0015754171085548907
Iteration: 241, relative residual: 0.0015733482318011595
Iteration: 242, relative residual: 0.001573348137725696
Iteration: 243, relative residual: 0.0015712383465171212
Iteration: 244, relative residual: 0.0015643896702640027
Iteration: 245, relative residual: 0.0015594699314249935
Iteration: 246, relative residual: 0.0015572749259516719
Iteration: 247, relative residual: 0.0015571487641949417
Iteration: 248, relative residual: 0.0015563407091014044
Iteration: 249, relative residual: 0.0015522906899282398
Iteration: 250, relative residual: 0.0015501785446969468
Iteration: 251, relative residual: 0.0015501498568444203
Iteration: 252, relative residual: 0.0015479192434454247
Iteration: 253, relative residual: 0.0015392971217308906
Iteration: 254, relative residual: 0.0015326572497692073
Iteration: 255, relative residual: 0.001524242217775952
Iteration: 256, relative residual: 0.001524052883718493
Iteration: 257, relative residual: 0.0015205187657721067
Iteration: 258, relative residual: 0.0015121139584757355
Iteration: 259, relative residual: 0.0014995323690083662
Iteration: 260, relative residual: 0.0014882196982049932
Iteration: 261, relative residual: 0.001480353111374994
Iteration: 262, relative residual: 0.0014801255218524767
Iteration: 263, relative residual: 0.0014779470544415694
Iteration: 264, relative residual: 0.001464735595419601
Iteration: 265, relative residual: 0.0014601779192971365
Iteration: 266, relative residual: 0.0014582030721407829
Iteration: 267, relative residual: 0.0014458021537269378
Iteration: 268, relative residual: 0.0014262269802563557
Iteration: 269, relative residual: 0.001402822526668927
Iteration: 270, relative residual: 0.0013988395700691933
Iteration: 271, relative residual: 0.0013966249506386147
Iteration: 272, relative residual: 0.0013792358824063532
Iteration: 273, relative residual: 0.0013704483113504214
Iteration: 274, relative residual: 0.0013676380558148937
Iteration: 275, relative residual: 0.0013675921425247363
Iteration: 276, relative residual: 0.001364245370892774
Iteration: 277, relative residual: 0.0013486837689360653
Iteration: 278, relative residual: 0.0013480218156368296
Iteration: 279, relative residual: 0.0013450046404532947
Iteration: 280, relative residual: 0.001343144417834944
Iteration: 281, relative residual: 0.0013322978138037758
Iteration: 282, relative residual: 0.0013092770157257566
Iteration: 283, relative residual: 0.0013092768215895126
Iteration: 284, relative residual: 0.001294707263030567
Iteration: 285, relative residual: 0.0012600544410333971
Iteration: 286, relative residual: 0.0012246238734520546
Iteration: 287, relative residual: 0.0012066591634426805
Iteration: 288, relative residual: 0.0012064237664011037
Iteration: 289, relative residual: 0.0011983199283953781
Iteration: 290, relative residual: 0.0011656712012324732
Iteration: 291, relative residual: 0.0011303965603628456
Iteration: 292, relative residual: 0.0011213031233319613
Iteration: 293, relative residual: 0.001121274821052286
Iteration: 294, relative residual: 0.0011211145695353534
Iteration: 295, relative residual: 0.0011162038839629372
Iteration: 296, relative residual: 0.0010975422887769108
Iteration: 297, relative residual: 0.0010862946463321996
Iteration: 298, relative residual: 0.001075122420501976
Iteration: 299, relative residual: 0.0010751106265697577
Iteration: 300, relative residual: 0.0010751106265697577
Residual: 0.0010751106265697577. Restart...
Iteration: 301, relative residual: 0.0010614922296053111
Iteration: 302, relative residual: 0.001061417386900065
Iteration: 303, relative residual: 0.001061256833617244
Iteration: 304, relative residual: 0.001061253491784865
Iteration: 305, relative residual: 0.0010608515703785075
Iteration: 306, relative residual: 0.0010606555511417576
Iteration: 307, relative residual: 0.0010606130597183557
Iteration: 308, relative residual: 0.0010603650431422293
Iteration: 309, relative residual: 0.001060308358765543
Iteration: 310, relative residual: 0.001060228294299319
Iteration: 311, relative residual: 0.0010597313611838564
Iteration: 312, relative residual: 0.001059479533163294
Iteration: 313, relative residual: 0.0010594395721828895
Iteration: 314, relative residual: 0.0010594310755543818
Iteration: 315, relative residual: 0.0010593812962156452
Iteration: 316, relative residual: 0.0010593656696352258
Iteration: 317, relative residual: 0.0010593365281718668
Iteration: 318, relative residual: 0.0010592896862523598
Iteration: 319, relative residual: 0.0010585732666723332
Iteration: 320, relative residual: 0.0010553286852971193
Iteration: 321, relative residual: 0.001053716956958276
Iteration: 322, relative residual: 0.001053608752715378
Iteration: 323, relative residual: 0.0010529188295199858
Iteration: 324, relative residual: 0.0010498505945222096
Iteration: 325, relative residual: 0.0010460833907719696
Iteration: 326, relative residual: 0.0010438380741519832
Iteration: 327, relative residual: 0.0010435246368676605
Iteration: 328, relative residual: 0.0010434565474713318
Iteration: 329, relative residual: 0.0010424587259848265
Iteration: 330, relative residual: 0.001041512663090826
Iteration: 331, relative residual: 0.0010400031997244276
Iteration: 332, relative residual: 0.0010396060177108324
Iteration: 333, relative residual: 0.0010390094508860351
Iteration: 334, relative residual: 0.0010355035961331373
Iteration: 335, relative residual: 0.0010312083926183365
Iteration: 336, relative residual: 0.0010245913403106616
Iteration: 337, relative residual: 0.0010188563456054705
Iteration: 338, relative residual: 0.0010167877463131206
Iteration: 339, relative residual: 0.0010163511032231373
Iteration: 340, relative residual: 0.00101463546242004
Iteration: 341, relative residual: 0.0010121905773709733
Iteration: 342, relative residual: 0.0010120054876902832
Iteration: 343, relative residual: 0.0010118477390228247
Iteration: 344, relative residual: 0.0010111898834912515
Iteration: 345, relative residual: 0.0010056972673022628
Iteration: 346, relative residual: 0.0009993441776840327
Iteration: 347, relative residual: 0.0009956013089221815
Iteration: 348, relative residual: 0.0009929557215849634
Iteration: 349, relative residual: 0.0009919560949227827
Iteration: 350, relative residual: 0.0009852576846591107
Iteration: 351, relative residual: 0.000981047927919663
Iteration: 352, relative residual: 0.0009792687806493567
Iteration: 353, relative residual: 0.0009789781497782314
Iteration: 354, relative residual: 0.0009721184908383646
Iteration: 355, relative residual: 0.0009581990804279888
Iteration: 356, relative residual: 0.0009499646421244678
Iteration: 357, relative residual: 0.0009481434071256845
Iteration: 358, relative residual: 0.00094682662204732
Iteration: 359, relative residual: 0.0009403732424371101
Iteration: 360, relative residual: 0.0009382871711913126
Iteration: 361, relative residual: 0.0009380844559684522
Iteration: 362, relative residual: 0.0009352087527400259
Iteration: 363, relative residual: 0.0009283990123566254
Iteration: 364, relative residual: 0.0009194144261734274
Iteration: 365, relative residual: 0.0009188909004793017
Iteration: 366, relative residual: 0.0009184754774844803
Iteration: 367, relative residual: 0.000912799286425886
Iteration: 368, relative residual: 0.0008968182977892936
Iteration: 369, relative residual: 0.0008869715471820182
Iteration: 370, relative residual: 0.0008865313653911993
Iteration: 371, relative residual: 0.0008849724999673882
Iteration: 372, relative residual: 0.0008733984331609358
Iteration: 373, relative residual: 0.0008577413428161037
Iteration: 374, relative residual: 0.0008556278128905392
Iteration: 375, relative residual: 0.0008546665612552876
Iteration: 376, relative residual: 0.000847666048388115
Iteration: 377, relative residual: 0.0008439722467149653
Iteration: 378, relative residual: 0.0008432650738383565
Iteration: 379, relative residual: 0.0008432630388721307
Iteration: 380, relative residual: 0.0008394408125280027
Iteration: 381, relative residual: 0.0008321202666301836
Iteration: 382, relative residual: 0.0008269674361587666
Iteration: 383, relative residual: 0.0008247389036662735
Iteration: 384, relative residual: 0.0008219288035793697
Iteration: 385, relative residual: 0.0008120617366844443
Iteration: 386, relative residual: 0.0008091794826876795
Iteration: 387, relative residual: 0.0008037863909995844
Iteration: 388, relative residual: 0.0008023219457572025
Iteration: 389, relative residual: 0.0008014115089343081
Iteration: 390, relative residual: 0.0007977348236271035
Iteration: 391, relative residual: 0.0007925021897378846
Iteration: 392, relative residual: 0.0007856342206072967
Iteration: 393, relative residual: 0.0007851261946227635
Iteration: 394, relative residual: 0.0007842690144432589
Iteration: 395, relative residual: 0.0007839740272632673
Iteration: 396, relative residual: 0.0007684692616404041
Iteration: 397, relative residual: 0.0007662709802617857
Iteration: 398, relative residual: 0.0007632558974924093
Iteration: 399, relative residual: 0.0007621603227602349
Iteration: 400, relative residual: 0.0007621603227602349
Residual: 0.0007621603227602349. Restart...
Iteration: 401, relative residual: 0.000758620071623654
Iteration: 402, relative residual: 0.0007586109527106309
Iteration: 403, relative residual: 0.0007585947878109229
Iteration: 404, relative residual: 0.0007585943117416395
Iteration: 405, relative residual: 0.0007585727646921751
Iteration: 406, relative residual: 0.000758562726904711
Iteration: 407, relative residual: 0.0007585579048401363
Iteration: 408, relative residual: 0.00075853105555015
Iteration: 409, relative residual: 0.0007585128198999172
Iteration: 410, relative residual: 0.000758509671355551
Iteration: 411, relative residual: 0.0007584550571359342
Iteration: 412, relative residual: 0.0007584001466857824
Iteration: 413, relative residual: 0.0007584000591306588
Iteration: 414, relative residual: 0.0007583285141296623
Iteration: 415, relative residual: 0.0007581170506668672
Iteration: 416, relative residual: 0.0007574374487942721
Iteration: 417, relative residual: 0.0007565636698243638
Iteration: 418, relative residual: 0.000756152756242086
Iteration: 419, relative residual: 0.0007560780014596302
Iteration: 420, relative residual: 0.000755485207621981
Iteration: 421, relative residual: 0.0007540824051155681
Iteration: 422, relative residual: 0.0007532815059483322
Iteration: 423, relative residual: 0.0007532808115332741
Iteration: 424, relative residual: 0.0007521284940964976
Iteration: 425, relative residual: 0.0007504103678295552
Iteration: 426, relative residual: 0.0007490040666193573
Iteration: 427, relative residual: 0.0007486213294664924
Iteration: 428, relative residual: 0.0007486170914603775
Iteration: 429, relative residual: 0.0007482880829334768
Iteration: 430, relative residual: 0.0007478698239582914
Iteration: 431, relative residual: 0.0007470897274347052
Iteration: 432, relative residual: 0.0007470054390941234
Iteration: 433, relative residual: 0.0007467674773027708
Iteration: 434, relative residual: 0.0007456585158741007
Iteration: 435, relative residual: 0.0007448094324280723
Iteration: 436, relative residual: 0.0007440471487572495
Iteration: 437, relative residual: 0.000743308211812075
Iteration: 438, relative residual: 0.0007433062785721717
Iteration: 439, relative residual: 0.0007426273115986024
Iteration: 440, relative residual: 0.0007418295380852063
Iteration: 441, relative residual: 0.0007417677876589098
Iteration: 442, relative residual: 0.0007416004665761131
Iteration: 443, relative residual: 0.0007408468658151229
Iteration: 444, relative residual: 0.0007386325481311591
Iteration: 445, relative residual: 0.0007372932572955538
Iteration: 446, relative residual: 0.0007366028137706129
Iteration: 447, relative residual: 0.0007365988367748134
Iteration: 448, relative residual: 0.0007365516478042768
Iteration: 449, relative residual: 0.0007350875888875102
Iteration: 450, relative residual: 0.0007327794189996655
Iteration: 451, relative residual: 0.0007314734789635697
Iteration: 452, relative residual: 0.0007312030928348575
Iteration: 453, relative residual: 0.0007297829412825227
Iteration: 454, relative residual: 0.0007269887932727054
Iteration: 455, relative residual: 0.0007247022453089639
Iteration: 456, relative residual: 0.0007246086360257228
Iteration: 457, relative residual: 0.0007217713665636575
Iteration: 458, relative residual: 0.0007161476524412973
Iteration: 459, relative residual: 0.0007111096186301727
Iteration: 460, relative residual: 0.0007105213740328635
Iteration: 461, relative residual: 0.0007087013777349475
Iteration: 462, relative residual: 0.0006937391714843643
Iteration: 463, relative residual: 0.0006852649720292497
Iteration: 464, relative residual: 0.0006829510918222272
Iteration: 465, relative residual: 0.0006828923725533967
Iteration: 466, relative residual: 0.0006735314426005669
Iteration: 467, relative residual: 0.0006676731759408603
Iteration: 468, relative residual: 0.0006623487491390535
Iteration: 469, relative residual: 0.0006591204289586825
Iteration: 470, relative residual: 0.0006591118360540453
Iteration: 471, relative residual: 0.0006532736688607603
Iteration: 472, relative residual: 0.0006431095032331565
Iteration: 473, relative residual: 0.0006394339355330634
Iteration: 474, relative residual: 0.0006392686982350918
Iteration: 475, relative residual: 0.0006356037333715593
Iteration: 476, relative residual: 0.0006289394175055854
Iteration: 477, relative residual: 0.0006288795599750936
Iteration: 478, relative residual: 0.0006265062076211242
Iteration: 479, relative residual: 0.0006214832609448417
Iteration: 480, relative residual: 0.0006169982339289375
Iteration: 481, relative residual: 0.0006129970011555746
Iteration: 482, relative residual: 0.0006126738254122653
Iteration: 483, relative residual: 0.0006119120568888842
Iteration: 484, relative residual: 0.000604935078277318
Iteration: 485, relative residual: 0.0005916286088383616
Iteration: 486, relative residual: 0.0005883247933543096
Iteration: 487, relative residual: 0.0005882794666828122
Iteration: 488, relative residual: 0.0005865256731892014
Iteration: 489, relative residual: 0.0005819083946214487
Iteration: 490, relative residual: 0.0005781192925528681
Iteration: 491, relative residual: 0.000574085347622468
Iteration: 492, relative residual: 0.0005703795447840168
Iteration: 493, relative residual: 0.0005703787834896704
Iteration: 494, relative residual: 0.0005697181833300959
Iteration: 495, relative residual: 0.0005666510180049721
Iteration: 496, relative residual: 0.0005590395456308435
Iteration: 497, relative residual: 0.0005587530454984218
Iteration: 498, relative residual: 0.0005576060522857549
Iteration: 499, relative residual: 0.0005547189113077503
Iteration: 500, relative residual: 0.0005547189113077503
Residual: 0.0005547189113077503. Restart...
Iteration: 501, relative residual: 0.0005544193700867699
Iteration: 502, relative residual: 0.0005544182747428139
Iteration: 503, relative residual: 0.0005544150441950746
Iteration: 504, relative residual: 0.0005544141682523931
Iteration: 505, relative residual: 0.0005544101667767049
Iteration: 506, relative residual: 0.000554410151488595
Iteration: 507, relative residual: 0.0005544029446950414
Iteration: 508, relative residual: 0.0005543439301249252
Iteration: 509, relative residual: 0.0005542574027837964
Iteration: 510, relative residual: 0.0005541615433758223
Iteration: 511, relative residual: 0.0005540918248577136
Iteration: 512, relative residual: 0.0005540913745543201
Iteration: 513, relative residual: 0.0005540323513446147
Iteration: 514, relative residual: 0.000554004817247959
Iteration: 515, relative residual: 0.0005539936409650443
Iteration: 516, relative residual: 0.0005536635219815859
Iteration: 517, relative residual: 0.000553269088898483
Iteration: 518, relative residual: 0.0005530989444797192
Iteration: 519, relative residual: 0.0005530800350138712
Iteration: 520, relative residual: 0.0005529998625000686
Iteration: 521, relative residual: 0.0005527515566666092
Iteration: 522, relative residual: 0.0005517169862477015
Iteration: 523, relative residual: 0.0005507445752410937
Iteration: 524, relative residual: 0.0005507073975386693
Iteration: 525, relative residual: 0.0005499918468166488
Iteration: 526, relative residual: 0.0005480325864333325
Iteration: 527, relative residual: 0.000547035612505291
Iteration: 528, relative residual: 0.0005469176859023676
Iteration: 529, relative residual: 0.0005465653601313007
Iteration: 530, relative residual: 0.0005457532737118821
Iteration: 531, relative residual: 0.0005453021142171832
Iteration: 532, relative residual: 0.0005452103778366434
Iteration: 533, relative residual: 0.0005451953441224989
Iteration: 534, relative residual: 0.0005448795919967298
Iteration: 535, relative residual: 0.0005442816625992739
Iteration: 536, relative residual: 0.0005432450133526228
Iteration: 537, relative residual: 0.0005420002707075982
Iteration: 538, relative residual: 0.0005416560885955475
Iteration: 539, relative residual: 0.0005416302392597418
Iteration: 540, relative residual: 0.0005410879848727204
Iteration: 541, relative residual: 0.0005401250807250918
Iteration: 542, relative residual: 0.0005397615458578987
Iteration: 543, relative residual: 0.0005396967530132427
Iteration: 544, relative residual: 0.000539663948251555
Iteration: 545, relative residual: 0.0005385056561118861
Iteration: 546, relative residual: 0.0005368483020513016
Iteration: 547, relative residual: 0.0005343111858847328
Iteration: 548, relative residual: 0.000531844250924472
Iteration: 549, relative residual: 0.0005318152768544115
Iteration: 550, relative residual: 0.0005310607235180203
Iteration: 551, relative residual: 0.0005284990157858646
Iteration: 552, relative residual: 0.0005264256406649749
Iteration: 553, relative residual: 0.0005264224273978628
Iteration: 554, relative residual: 0.0005209152384932158
Iteration: 555, relative residual: 0.0005178903767278834
Iteration: 556, relative residual: 0.0005157356066269681
Iteration: 557, relative residual: 0.0005154131389853286
Iteration: 558, relative residual: 0.0005143894920420811
Iteration: 559, relative residual: 0.0005114748710685641
Iteration: 560, relative residual: 0.000510148114712627
Iteration: 561, relative residual: 0.000509998779597237
Iteration: 562, relative residual: 0.000508477770650855
Iteration: 563, relative residual: 0.0005051030388645206
Iteration: 564, relative residual: 0.0005030548030678582
Iteration: 565, relative residual: 0.0005030530206524644
Iteration: 566, relative residual: 0.0005030518172376831
Iteration: 567, relative residual: 0.0005016330035946853
Iteration: 568, relative residual: 0.0004986444772156497
Iteration: 569, relative residual: 0.0004969506941140085
Iteration: 570, relative residual: 0.0004964954172492942
Iteration: 571, relative residual: 0.0004964439108938989
Iteration: 572, relative residual: 0.0004957607627321101
Iteration: 573, relative residual: 0.0004941676789139693
Iteration: 574, relative residual: 0.0004916679682980495
Iteration: 575, relative residual: 0.0004911892108826952
Iteration: 576, relative residual: 0.000490594330452385
Iteration: 577, relative residual: 0.000489247099991458
Iteration: 578, relative residual: 0.0004891619882561585
Iteration: 579, relative residual: 0.000489130743076163
Iteration: 580, relative residual: 0.0004891273266580011
Iteration: 581, relative residual: 0.0004891272081364569
Iteration: 582, relative residual: 0.0004878825686198379
Iteration: 583, relative residual: 0.00048723289340074183
Iteration: 584, relative residual: 0.00048723261279457917
Iteration: 585, relative residual: 0.0004870073161909254
Iteration: 586, relative residual: 0.0004864400802679784
Iteration: 587, relative residual: 0.00048638911954805315
Iteration: 588, relative residual: 0.00048628661656617274
Iteration: 589, relative residual: 0.00048628332207448834
Iteration: 590, relative residual: 0.0004862832509910179
Iteration: 591, relative residual: 0.00048580537300217316
Iteration: 592, relative residual: 0.00048577664870349917
Iteration: 593, relative residual: 0.00048576533771361557
Iteration: 594, relative residual: 0.00048569954471417955
Iteration: 595, relative residual: 0.0004856970633829355
Iteration: 596, relative residual: 0.0004856050529289917
Iteration: 597, relative residual: 0.00048513563024694316
Iteration: 598, relative residual: 0.00048468333105594657
Iteration: 599, relative residual: 0.0004841057001152833
Iteration: 600, relative residual: 0.0004841057001152833
Residual: 0.0004841057001152833. Restart...
Iteration: 601, relative residual: 0.0004840427006522738
Iteration: 602, relative residual: 0.0004840426490751207
Iteration: 603, relative residual: 0.00048404260583114866
Iteration: 604, relative residual: 0.0004840425761774029
Iteration: 605, relative residual: 0.00048404215756919853
Iteration: 606, relative residual: 0.0004840421492095917
Iteration: 607, relative residual: 0.0004840418301293646
Iteration: 608, relative residual: 0.00048403874191471364
Iteration: 609, relative residual: 0.00048403180561555593
Iteration: 610, relative residual: 0.0004840179911077092
Iteration: 611, relative residual: 0.00048400360885938884
Iteration: 612, relative residual: 0.00048399676492856753
Iteration: 613, relative residual: 0.0004839921421682693
Iteration: 614, relative residual: 0.0004839659127565506
Iteration: 615, relative residual: 0.0004839391989432564
Iteration: 616, relative residual: 0.000483923706890099
Iteration: 617, relative residual: 0.00048392294055984915
Iteration: 618, relative residual: 0.0004839037307847263
Iteration: 619, relative residual: 0.0004838638647440705
Iteration: 620, relative residual: 0.00048373463728221635
Iteration: 621, relative residual: 0.0004836811393794879
Iteration: 622, relative residual: 0.00048368008666151645
Iteration: 623, relative residual: 0.0004836413816022292
Iteration: 624, relative residual: 0.00048353544855701553
Iteration: 625, relative residual: 0.0004834053804414008
Iteration: 626, relative residual: 0.00048332016715290407
Iteration: 627, relative residual: 0.00048326753200745275
Iteration: 628, relative residual: 0.00048325860533501717
Iteration: 629, relative residual: 0.00048325754278767376
Iteration: 630, relative residual: 0.0004832342653496488
Iteration: 631, relative residual: 0.0004832031934021913
Iteration: 632, relative residual: 0.00048318581291093265
Iteration: 633, relative residual: 0.00048318455465195447
Iteration: 634, relative residual: 0.0004831843010864386
Iteration: 635, relative residual: 0.0004831735078490781
Iteration: 636, relative residual: 0.00048313761680125934
Iteration: 637, relative residual: 0.00048308674255975894
Iteration: 638, relative residual: 0.0004830682558202201
Iteration: 639, relative residual: 0.0004830680998926622
Iteration: 640, relative residual: 0.00048306519945486915
Iteration: 641, relative residual: 0.0004830516172308745
Iteration: 642, relative residual: 0.00048304011011665636
Iteration: 643, relative residual: 0.0004830375893386529
Iteration: 644, relative residual: 0.0004830266537655246
Iteration: 645, relative residual: 0.00048299479980673483
Iteration: 646, relative residual: 0.00048297965886960403
Iteration: 647, relative residual: 0.00048297612680297614
Iteration: 648, relative residual: 0.0004829648876358548
Iteration: 649, relative residual: 0.00048289007254365124
Iteration: 650, relative residual: 0.0004828191981165852
Iteration: 651, relative residual: 0.00048281893517799254
Iteration: 652, relative residual: 0.0004827507858879198
Iteration: 653, relative residual: 0.0004825977199045149
Iteration: 654, relative residual: 0.00048233268918851857
Iteration: 655, relative residual: 0.00048214305204873347
Iteration: 656, relative residual: 0.00048212315794676124
Iteration: 657, relative residual: 0.00048202299420794495
Iteration: 658, relative residual: 0.00048156255292029163
Iteration: 659, relative residual: 0.00048114476534386877
Iteration: 660, relative residual: 0.00048113092594860373
Iteration: 661, relative residual: 0.0004809713548372791
Iteration: 662, relative residual: 0.00048036780632406306
Iteration: 663, relative residual: 0.0004794540046611847
Iteration: 664, relative residual: 0.0004784219484747945
Iteration: 665, relative residual: 0.00047825428830472504
Iteration: 666, relative residual: 0.00047823456318865995
Iteration: 667, relative residual: 0.00047752289969145575
Iteration: 668, relative residual: 0.0004765835144118426
Iteration: 669, relative residual: 0.0004754821801273769
Iteration: 670, relative residual: 0.0004751032680823365
Iteration: 671, relative residual: 0.00047507946527239423
Iteration: 672, relative residual: 0.00047502479390874907
Iteration: 673, relative residual: 0.0004743535164175271
Iteration: 674, relative residual: 0.0004735186086632124
Iteration: 675, relative residual: 0.00047341531928254136
Iteration: 676, relative residual: 0.00047322726474695857
Iteration: 677, relative residual: 0.0004723464986552314
Iteration: 678, relative residual: 0.00047174974150698975
Iteration: 679, relative residual: 0.00047157670665481385
Iteration: 680, relative residual: 0.0004715754594956254
Iteration: 681, relative residual: 0.00047134923289837195
Iteration: 682, relative residual: 0.000470439677626779
Iteration: 683, relative residual: 0.00047018666911398795
Iteration: 684, relative residual: 0.0004700391452890533
Iteration: 685, relative residual: 0.0004700247760494883
Iteration: 686, relative residual: 0.000469729776492276
Iteration: 687, relative residual: 0.00046932455847345587
Iteration: 688, relative residual: 0.0004690040649353794
Iteration: 689, relative residual: 0.0004690005634737289
Iteration: 690, relative residual: 0.00046883462107907793
Iteration: 691, relative residual: 0.000468804950141196
Iteration: 692, relative residual: 0.0004687311638920788
Iteration: 693, relative residual: 0.0004683244085427619
Iteration: 694, relative residual: 0.00046805160889665823
Iteration: 695, relative residual: 0.0004680232892007729
Iteration: 696, relative residual: 0.00046802325799678743
Iteration: 697, relative residual: 0.0004678696973813327
Iteration: 698, relative residual: 0.00046765010034553484
Iteration: 699, relative residual: 0.0004674461996059337
Iteration: 700, relative residual: 0.0004674461996059337
Residual: 0.0004674461996059337. Restart...
Iteration: 701, relative residual: 0.00046690431755798135
Iteration: 702, relative residual: 0.00046690427650440143
Iteration: 703, relative residual: 0.0004669042426096646
Iteration: 704, relative residual: 0.0004669040940023458
Iteration: 705, relative residual: 0.00046690409399274146
Iteration: 706, relative residual: 0.00046690381113175086
Iteration: 707, relative residual: 0.00046690330305567996
Iteration: 708, relative residual: 0.0004669024149431234
Iteration: 709, relative residual: 0.00046690148368220804
Iteration: 710, relative residual: 0.000466899801131279
Iteration: 711, relative residual: 0.00046689865845743754
Iteration: 712, relative residual: 0.0004668984251276388
Iteration: 713, relative residual: 0.0004668970914188813
Iteration: 714, relative residual: 0.0004668936091432895
Iteration: 715, relative residual: 0.000466889121585932
Iteration: 716, relative residual: 0.0004668882399499404
Iteration: 717, relative residual: 0.0004668876051872106
Iteration: 718, relative residual: 0.00046688419176046415
Iteration: 719, relative residual: 0.00046687700505087214
Iteration: 720, relative residual: 0.00046684551080804036
Iteration: 721, relative residual: 0.00046683426254333
Iteration: 722, relative residual: 0.0004668342360036424
Iteration: 723, relative residual: 0.0004668227413841925
Iteration: 724, relative residual: 0.0004668050330818696
Iteration: 725, relative residual: 0.0004667987061146493
Iteration: 726, relative residual: 0.0004667974591847995
Iteration: 727, relative residual: 0.0004667932420564746
Iteration: 728, relative residual: 0.0004667919485712979
Iteration: 729, relative residual: 0.0004667919466782891
Iteration: 730, relative residual: 0.0004667848513907
Iteration: 731, relative residual: 0.00046677777218558076
Iteration: 732, relative residual: 0.00046677331293428235
Iteration: 733, relative residual: 0.0004667733129336295
Iteration: 734, relative residual: 0.00046676571595115324
Iteration: 735, relative residual: 0.00046675764933190844
Iteration: 736, relative residual: 0.0004667576077682205
Iteration: 737, relative residual: 0.0004667551269620045
Iteration: 738, relative residual: 0.00046675148019899033
Iteration: 739, relative residual: 0.0004667514702176609
Iteration: 740, relative residual: 0.00046674857334069486
Iteration: 741, relative residual: 0.0004667429067485481
Iteration: 742, relative residual: 0.0004667426985886535
Iteration: 743, relative residual: 0.00046671615333718295
Iteration: 744, relative residual: 0.00046656668273085033
Iteration: 745, relative residual: 0.00046641731885382735
Iteration: 746, relative residual: 0.00046640871932843126
Iteration: 747, relative residual: 0.00046640832189104986
Iteration: 748, relative residual: 0.00046640762137111093
Iteration: 749, relative residual: 0.0004663733367505439
Iteration: 750, relative residual: 0.0004661447987533553
Iteration: 751, relative residual: 0.00046595663016034584
Iteration: 752, relative residual: 0.0004659038856231331
Iteration: 753, relative residual: 0.0004658691107161546
Iteration: 754, relative residual: 0.00046552968313893074
Iteration: 755, relative residual: 0.0004652584938613917
Iteration: 756, relative residual: 0.00046519775701472135
Iteration: 757, relative residual: 0.0004651957568807878
Iteration: 758, relative residual: 0.0004651957568255156
Iteration: 759, relative residual: 0.0004650048789140107
Iteration: 760, relative residual: 0.00046463196320614296
Iteration: 761, relative residual: 0.0004644854177416164
Iteration: 762, relative residual: 0.00046447487511833087
Iteration: 763, relative residual: 0.0004642597386490008
Iteration: 764, relative residual: 0.0004639246117457741
Iteration: 765, relative residual: 0.0004638661964178905
Iteration: 766, relative residual: 0.0004637398641723149
Iteration: 767, relative residual: 0.000463735005789071
Iteration: 768, relative residual: 0.0004637283316878659
Iteration: 769, relative residual: 0.000463664064322783
Iteration: 770, relative residual: 0.0004635320845932759
Iteration: 771, relative residual: 0.00046329077257725764
Iteration: 772, relative residual: 0.00046321513225441814
Iteration: 773, relative residual: 0.00046321400117481923
Iteration: 774, relative residual: 0.00046320376882186563
Iteration: 775, relative residual: 0.00046316006915738653
Iteration: 776, relative residual: 0.0004631147694740239
Iteration: 777, relative residual: 0.00046311460289659293
Iteration: 778, relative residual: 0.00046310873232645886
Iteration: 779, relative residual: 0.00046286953723747025
Iteration: 780, relative residual: 0.0004623837870258389
Iteration: 781, relative residual: 0.0004622742761081511
Iteration: 782, relative residual: 0.00046227353935231105
Iteration: 783, relative residual: 0.00046213497814490687
Iteration: 784, relative residual: 0.0004618061675488687
Iteration: 785, relative residual: 0.00046161688146815935
Iteration: 786, relative residual: 0.0004615191588300254
Iteration: 787, relative residual: 0.0004615118659935088
Iteration: 788, relative residual: 0.0004614513873968993
Iteration: 789, relative residual: 0.0004609549360540243
Iteration: 790, relative residual: 0.00046056684378013743
Iteration: 791, relative residual: 0.00046003185865573675
Iteration: 792, relative residual: 0.00045974917170593855
Iteration: 793, relative residual: 0.00045974821005628704
Iteration: 794, relative residual: 0.00045941504869589266
Iteration: 795, relative residual: 0.00045925541401913673
Iteration: 796, relative residual: 0.00045897262353347614
Iteration: 797, relative residual: 0.0004588547014385399
Iteration: 798, relative residual: 0.0004588522282999589
Iteration: 799, relative residual: 0.00045737237970246576
Iteration: 800, relative residual: 0.00045737237970246576
Residual: 0.00045737237970246576. Restart...
Iteration: 801, relative residual: 0.0004571700661175131
Iteration: 802, relative residual: 0.0004571700660279303
Iteration: 803, relative residual: 0.00045717006166556617
Iteration: 804, relative residual: 0.0004571700557489812
Iteration: 805, relative residual: 0.00045717005567769316
Iteration: 806, relative residual: 0.0004571700264386593
Iteration: 807, relative residual: 0.0004571699533050326
Iteration: 808, relative residual: 0.00045716972145479754
Iteration: 809, relative residual: 0.00045716955837047735
Iteration: 810, relative residual: 0.00045716955161167946
Iteration: 811, relative residual: 0.0004571691952184273
Iteration: 812, relative residual: 0.0004571688476729636
Iteration: 813, relative residual: 0.00045716873650550316
Iteration: 814, relative residual: 0.0004571659394101063
Iteration: 815, relative residual: 0.0004571597490403199
Iteration: 816, relative residual: 0.0004571491584948887
Iteration: 817, relative residual: 0.00045713581714024805
Iteration: 818, relative residual: 0.0004571272154234396
Iteration: 819, relative residual: 0.00045712687163039056
Iteration: 820, relative residual: 0.000457118498911685
Iteration: 821, relative residual: 0.00045710314243161657
Iteration: 822, relative residual: 0.00045709371838911837
Iteration: 823, relative residual: 0.00045709293282917597
Iteration: 824, relative residual: 0.00045706867967332693
Iteration: 825, relative residual: 0.0004570314235758303
Iteration: 826, relative residual: 0.0004570082887103708
Iteration: 827, relative residual: 0.00045699223847943816
Iteration: 828, relative residual: 0.00045699077661912513
Iteration: 829, relative residual: 0.0004569906563814759
Iteration: 830, relative residual: 0.00045698741614799064
Iteration: 831, relative residual: 0.0004569839262447773
Iteration: 832, relative residual: 0.00045697452288279286
Iteration: 833, relative residual: 0.0004569739305607574
Iteration: 834, relative residual: 0.00045696980183778106
Iteration: 835, relative residual: 0.0004569510645396692
Iteration: 836, relative residual: 0.00045695068789537377
Iteration: 837, relative residual: 0.00045694086514485655
Iteration: 838, relative residual: 0.0004569260260469149
Iteration: 839, relative residual: 0.0004569126126846856
Iteration: 840, relative residual: 0.00045689199648449357
Iteration: 841, relative residual: 0.0004568741718747725
Iteration: 842, relative residual: 0.00045686504865891293
Iteration: 843, relative residual: 0.0004568640736730603
Iteration: 844, relative residual: 0.00045682063024550165
Iteration: 845, relative residual: 0.0004567702950208775
Iteration: 846, relative residual: 0.00045676590799430077
Iteration: 847, relative residual: 0.00045672797558529964
Iteration: 848, relative residual: 0.00045666696286565634
Iteration: 849, relative residual: 0.00045660741589892537
Iteration: 850, relative residual: 0.0004565178379195127
Iteration: 851, relative residual: 0.00045651101592341314
Iteration: 852, relative residual: 0.0004565068703651494
Iteration: 853, relative residual: 0.0004564260772887596
Iteration: 854, relative residual: 0.00045632442206676406
Iteration: 855, relative residual: 0.00045617786740044064
Iteration: 856, relative residual: 0.00045605923212910536
Iteration: 857, relative residual: 0.00045604329592742444
Iteration: 858, relative residual: 0.00045601790740939954
Iteration: 859, relative residual: 0.0004558045842043488
Iteration: 860, relative residual: 0.0004557061978103008
Iteration: 861, relative residual: 0.0004557019298663458
Iteration: 862, relative residual: 0.00045561572885662976
Iteration: 863, relative residual: 0.00045541057520900825
Iteration: 864, relative residual: 0.00045485850397969564
Iteration: 865, relative residual: 0.00045455282930418744
Iteration: 866, relative residual: 0.0004543528404098955
Iteration: 867, relative residual: 0.00045435050932143644
Iteration: 868, relative residual: 0.0004542085020871977
Iteration: 869, relative residual: 0.0004536097866037401
Iteration: 870, relative residual: 0.00045328342051429197
Iteration: 871, relative residual: 0.00045307479718455224
Iteration: 872, relative residual: 0.0004530443749622385
Iteration: 873, relative residual: 0.00045304434295994077
Iteration: 874, relative residual: 0.00045282383746024415
Iteration: 875, relative residual: 0.0004527206332797251
Iteration: 876, relative residual: 0.0004526998687688975
Iteration: 877, relative residual: 0.0004525597792871481
Iteration: 878, relative residual: 0.00045240004886823595
Iteration: 879, relative residual: 0.00045227256005496506
Iteration: 880, relative residual: 0.00045218726126065173
Iteration: 881, relative residual: 0.00045218262709915345
Iteration: 882, relative residual: 0.0004521455293471255
Iteration: 883, relative residual: 0.0004519487777494512
Iteration: 884, relative residual: 0.00045166698213264456
Iteration: 885, relative residual: 0.00045147390346153327
Iteration: 886, relative residual: 0.0004514724137142169
Iteration: 887, relative residual: 0.00045139504665458205
Iteration: 888, relative residual: 0.0004512040321159417
Iteration: 889, relative residual: 0.00045081520314894
Iteration: 890, relative residual: 0.00045077933669614953
Iteration: 891, relative residual: 0.00045077676663638784
Iteration: 892, relative residual: 0.0004507761493325462
Iteration: 893, relative residual: 0.00045074196048880476
Iteration: 894, relative residual: 0.0004503850594070395
Iteration: 895, relative residual: 0.0004502206519214737
Iteration: 896, relative residual: 0.00045022004264230476
Iteration: 897, relative residual: 0.00045018337353429507
Iteration: 898, relative residual: 0.00045016300460857796
Iteration: 899, relative residual: 0.00045007153071361495
Iteration: 900, relative residual: 0.00045007153071361495
Residual: 0.00045007153071361495. Restart...
Iteration: 901, relative residual: 0.00044992602764427436
Iteration: 902, relative residual: 0.0004499260268774217
Iteration: 903, relative residual: 0.000449926010399375
Iteration: 904, relative residual: 0.00044992598897361264
Iteration: 905, relative residual: 0.00044992598194179854
Iteration: 906, relative residual: 0.0004499258961287313
Iteration: 907, relative residual: 0.00044992580922443616
Iteration: 908, relative residual: 0.0004499257572124421
Iteration: 909, relative residual: 0.00044992574720532046
Iteration: 910, relative residual: 0.0004499254723804282
Iteration: 911, relative residual: 0.00044992520563603657
Iteration: 912, relative residual: 0.00044992520157935135
Iteration: 913, relative residual: 0.00044992476804245313
Iteration: 914, relative residual: 0.0004499245704087947
Iteration: 915, relative residual: 0.00044992409332772856
Iteration: 916, relative residual: 0.0004499238771438867
Iteration: 917, relative residual: 0.00044992326814628395
Iteration: 918, relative residual: 0.0004499213582516423
Iteration: 919, relative residual: 0.00044992123122417256
Iteration: 920, relative residual: 0.0004499205412340994
Iteration: 921, relative residual: 0.0004499179794296291
Iteration: 922, relative residual: 0.00044991533717305006
Iteration: 923, relative residual: 0.000449915307962263
Iteration: 924, relative residual: 0.0004499109575640393
Iteration: 925, relative residual: 0.00044990322675566734
Iteration: 926, relative residual: 0.0004498976168534045
Iteration: 927, relative residual: 0.0004498942568921333
Iteration: 928, relative residual: 0.00044989289738978344
Iteration: 929, relative residual: 0.00044989246136660786
Iteration: 930, relative residual: 0.0004498918136838199
Iteration: 931, relative residual: 0.00044988888915251026
Iteration: 932, relative residual: 0.00044988448585395733
Iteration: 933, relative residual: 0.000449883957809935
Iteration: 934, relative residual: 0.0004498838347253645
Iteration: 935, relative residual: 0.00044988381206108324
Iteration: 936, relative residual: 0.00044988378902678904
Iteration: 937, relative residual: 0.0004498834093131785
Iteration: 938, relative residual: 0.0004498834071581392
Iteration: 939, relative residual: 0.00044988181128687233
Iteration: 940, relative residual: 0.0004498804750110939
Iteration: 941, relative residual: 0.00044988044975778114
Iteration: 942, relative residual: 0.0004498803999753085
Iteration: 943, relative residual: 0.0004498785723016446
Iteration: 944, relative residual: 0.0004498613767233841
Iteration: 945, relative residual: 0.0004498196181036796
Iteration: 946, relative residual: 0.00044979134558370895
Iteration: 947, relative residual: 0.0004497624326236684
Iteration: 948, relative residual: 0.0004497491281415667
Iteration: 949, relative residual: 0.00044974903103783197
Iteration: 950, relative residual: 0.0004497187758696135
Iteration: 951, relative residual: 0.00044966015082930255
Iteration: 952, relative residual: 0.0004496263384056272
Iteration: 953, relative residual: 0.00044962625774365867
Iteration: 954, relative residual: 0.0004495878343459047
Iteration: 955, relative residual: 0.00044947691682254494
Iteration: 956, relative residual: 0.0004493082536870954
Iteration: 957, relative residual: 0.00044913533463837574
Iteration: 958, relative residual: 0.00044904923293292537
Iteration: 959, relative residual: 0.0004490490832103856
Iteration: 960, relative residual: 0.0004489877285870004
Iteration: 961, relative residual: 0.00044883149848675243
Iteration: 962, relative residual: 0.0004487096090745407
Iteration: 963, relative residual: 0.0004486928558883143
Iteration: 964, relative residual: 0.00044865441253266037
Iteration: 965, relative residual: 0.0004485473517228939
Iteration: 966, relative residual: 0.0004483251666124846
Iteration: 967, relative residual: 0.00044816826699139
Iteration: 968, relative residual: 0.00044797301271274676
Iteration: 969, relative residual: 0.0004479478488345759
Iteration: 970, relative residual: 0.0004479290819491241
Iteration: 971, relative residual: 0.00044783167741535167
Iteration: 972, relative residual: 0.00044773022597999434
Iteration: 973, relative residual: 0.0004476362880700076
Iteration: 974, relative residual: 0.0004476019174320496
Iteration: 975, relative residual: 0.000447525665086131
Iteration: 976, relative residual: 0.0004473184621382187
Iteration: 977, relative residual: 0.0004472041558856094
Iteration: 978, relative residual: 0.00044719829675374603
Iteration: 979, relative residual: 0.000447159953540356
Iteration: 980, relative residual: 0.00044676799408250787
Iteration: 981, relative residual: 0.0004464553049393752
Iteration: 982, relative residual: 0.0004463778229278232
Iteration: 983, relative residual: 0.00044637763686904944
Iteration: 984, relative residual: 0.0004462994682091601
Iteration: 985, relative residual: 0.0004459847650394312
Iteration: 986, relative residual: 0.00044576759759054174
Iteration: 987, relative residual: 0.00044564795955461857
Iteration: 988, relative residual: 0.0004456249036339148
Iteration: 989, relative residual: 0.0004455021646978236
Iteration: 990, relative residual: 0.000445251797761699
Iteration: 991, relative residual: 0.0004450879950565056
Iteration: 992, relative residual: 0.0004448850847546252
Iteration: 993, relative residual: 0.00044488370700488305
Iteration: 994, relative residual: 0.0004448005497298673
Iteration: 995, relative residual: 0.0004445506514878622
Iteration: 996, relative residual: 0.00044440746065610003
Iteration: 997, relative residual: 0.00044426632350471956
Iteration: 998, relative residual: 0.0004442290521843898
Iteration: 999, relative residual: 0.000444055515250478
Iteration: 1000, relative residual: 0.000444055515250478
Residual: 0.000444055515250478. Restart...
Warning!!!!You have reached the maximum number of iterations : 1000.
The run will stop. Check the residual behaviour you might have a bug.For future runs you might consider changing the tolerance or increasing the number of max_iter.
Solve time        : 8213.675022125244s

Calculate Solvation Energy (E_solv)
Calculating solvation energy for region 1, stored in E_solv[0]
6348.464713715047 of 544800 analytical integrals for phi_reac calculation in region 1
Time E_solv: 22.18962550163269s
Region 1: E_solv = -7173.801292267176 kcal/mol = -30015.184606845865 kJ/mol

Calculate Surface Energy (E_surf)
Time E_surf: 0.02078700065612793s

Calculate Coulomb Energy (E_coul)
Calculate Coulomb energy for region 1
Region 1: E_coul = -250145.07051463795 kcal/mol = -1046606.9750332452 kJ/mol
Time E_coul: 24.742767810821533s

------------------------------
Totals:
E_solv = -7173.801292267176 kcal/mol
E_surf = 0 kcal/mol
E_coul = -250145.07051463795 kcal/mol

Time = 8339.42851138115 s
