Run started on:
	Date: 2020/5/25
	Time: 3:34:29
	PyGBe version: 0.3.2+5.gea0f875
Config file: /cobra/u/gvargas/code/hPB/pygbe/pygbe/myCrownFinShots/sarsCov2noACE2/snap3/snap3.config
Parameter file: /cobra/u/gvargas/code/hPB/pygbe/pygbe/myCrownFinShots/sarsCov2noACE2/snap3/snap3.param
Geometry folder: /cobra/u/gvargas/code/hPB/pygbe/pygbe/myCrownFinShots/sarsCov2noACE2/snap3/geometry
Running in: /cobra/u/gvargas/code/hPB/pygbe/pygbe/myCrownFinShots/sarsCov2noACE2/snap3

Reading surface 0 from file geometry/crownVFnoACE2
Time load mesh: 9.115195512771606
Removed areas=0: 253

Total elements : 523929
Total equations: 1047858
----------------------------

1 surfaces:

Surface 0:
	523929 elements
	Surface type         : dielectric_interface
	Cells                : 3738
	Twigs                : 3159
	Levels               : 7
	C0 size              : 101.1106192017932
	C0 box center        : 87.36650331501662, 70.00870931557522, 87.4034069139139
	Twig cell size       : 1.5798534250280187
	Rbox/theta           : 3.1597068500560375
	Analytic distance    : 1.2984337494499796
	Elem. per Ang^2      : 4.15870101439443
	Max, min, avg elem.  : 1.2928307987763679, 4.99999999990564e-07, 0.24045970040614117
	Total area           : 125983.81037408914
------------------------------

2 regions:

Region 0:
	Laplace or Yukawa: 2
	kappa            : 0.125
	dielectric const : 80.0
	Number of charges: 0
	Parent surface   : []
	Child surfaces   : [0]
Region 1:
	Laplace or Yukawa: 1
	kappa            : 1e-12
	dielectric const : 4.0
	Number of charges: 51821
	Parent surface   : [0]
	Child surfaces   : []
------------------------------

Parameters:
	Data type               : <class 'numpy.float64'>
	Use GPU                 : 1
	P                       : 4
	threshold               : 0.50
	theta                   : 0.50
	NCRIT                   : 500
	CUDA block size         : 128
	Gauss points per element: 1
	Gauss points near singlr: 25
	1D Gauss points per side: 9
	GMRES tolerance         : 1e-05
	GMRES max iterations    : 1000
	GMRES restart iteration : 100
----------------------------

Generate interaction list
Transfer data to GPU
Generate RHS
List time          : 3.621847629547119s
Data transfer time : 0.4035360813140869s
RHS generation time: 4.263864517211914s
------------------------------
Total setup time   : 87.30713200569153s
Solve
Iteration: 1, relative residual: 0.5447533503074338
Iteration: 2, relative residual: 0.3676922007645359
Iteration: 3, relative residual: 0.24592527291754868
Iteration: 4, relative residual: 0.20054617770943503
Iteration: 5, relative residual: 0.1575306066970534
Iteration: 6, relative residual: 0.11720905239740693
Iteration: 7, relative residual: 0.09718246975693212
Iteration: 8, relative residual: 0.08894999574834662
Iteration: 9, relative residual: 0.07748573629038194
Iteration: 10, relative residual: 0.06389862943277395
Iteration: 11, relative residual: 0.04983829987397403
Iteration: 12, relative residual: 0.037217140020636585
Iteration: 13, relative residual: 0.030740745559155
Iteration: 14, relative residual: 0.025486695392550503
Iteration: 15, relative residual: 0.02277045621054285
Iteration: 16, relative residual: 0.01980915666572271
Iteration: 17, relative residual: 0.016205874625178036
Iteration: 18, relative residual: 0.014469491462045255
Iteration: 19, relative residual: 0.0130368302385845
Iteration: 20, relative residual: 0.01180641810473287
Iteration: 21, relative residual: 0.010600520204139263
Iteration: 22, relative residual: 0.01025981508364921
Iteration: 23, relative residual: 0.010172431486707732
Iteration: 24, relative residual: 0.009115560549441445
Iteration: 25, relative residual: 0.008664128420749935
Iteration: 26, relative residual: 0.008650522656430548
Iteration: 27, relative residual: 0.008105969978080739
Iteration: 28, relative residual: 0.007674467370459889
Iteration: 29, relative residual: 0.007484072443885159
Iteration: 30, relative residual: 0.007466507335768148
Iteration: 31, relative residual: 0.007325143237828836
Iteration: 32, relative residual: 0.007225281515947848
Iteration: 33, relative residual: 0.0072227039336613275
Iteration: 34, relative residual: 0.007149341988928532
Iteration: 35, relative residual: 0.006916422258675229
Iteration: 36, relative residual: 0.00689471229127296
Iteration: 37, relative residual: 0.006894708390108471
Iteration: 38, relative residual: 0.006826153692430092
Iteration: 39, relative residual: 0.0066047255982911056
Iteration: 40, relative residual: 0.006502507933785129
Iteration: 41, relative residual: 0.0064856055188345614
Iteration: 42, relative residual: 0.006040137776032161
Iteration: 43, relative residual: 0.005894766774179219
Iteration: 44, relative residual: 0.005711155442393127
Iteration: 45, relative residual: 0.005591679037488644
Iteration: 46, relative residual: 0.00558945716477985
Iteration: 47, relative residual: 0.005565729397110768
Iteration: 48, relative residual: 0.005543402199021677
Iteration: 49, relative residual: 0.005525488455146688
Iteration: 50, relative residual: 0.005525283437081016
Iteration: 51, relative residual: 0.005479307013871881
Iteration: 52, relative residual: 0.005418352083566659
Iteration: 53, relative residual: 0.005398545151676779
Iteration: 54, relative residual: 0.005322194401325739
Iteration: 55, relative residual: 0.00531399716023429
Iteration: 56, relative residual: 0.005313947933987281
Iteration: 57, relative residual: 0.005313823210402176
Iteration: 58, relative residual: 0.005209860759858186
Iteration: 59, relative residual: 0.00519640736838307
Iteration: 60, relative residual: 0.005176012178942668
Iteration: 61, relative residual: 0.0051575965111200954
Iteration: 62, relative residual: 0.005116713481296594
Iteration: 63, relative residual: 0.00509483821643525
Iteration: 64, relative residual: 0.005014070104729974
Iteration: 65, relative residual: 0.005001850432182732
Iteration: 66, relative residual: 0.00492596516246836
Iteration: 67, relative residual: 0.004916220505369078
Iteration: 68, relative residual: 0.004832723287441152
Iteration: 69, relative residual: 0.004713821376761497
Iteration: 70, relative residual: 0.004630135731502482
Iteration: 71, relative residual: 0.004574588608633441
Iteration: 72, relative residual: 0.004559440674990742
Iteration: 73, relative residual: 0.004528988562404609
Iteration: 74, relative residual: 0.004429383225633096
Iteration: 75, relative residual: 0.004303109320487067
Iteration: 76, relative residual: 0.004170470398495985
Iteration: 77, relative residual: 0.00415620325514994
Iteration: 78, relative residual: 0.004152699312206979
Iteration: 79, relative residual: 0.004118710759741204
Iteration: 80, relative residual: 0.00399451233454694
Iteration: 81, relative residual: 0.0039242315247956724
Iteration: 82, relative residual: 0.003922128712116434
Iteration: 83, relative residual: 0.003921559802827838
Iteration: 84, relative residual: 0.00390925750576633
Iteration: 85, relative residual: 0.0038507979677144927
Iteration: 86, relative residual: 0.0037345705541838264
Iteration: 87, relative residual: 0.0037023817973734106
Iteration: 88, relative residual: 0.0037013502978704487
Iteration: 89, relative residual: 0.0036402976041904882
Iteration: 90, relative residual: 0.003582599391693508
Iteration: 91, relative residual: 0.0034948067514235705
Iteration: 92, relative residual: 0.003443756065084236
Iteration: 93, relative residual: 0.0033950558316536462
Iteration: 94, relative residual: 0.003372002372900281
Iteration: 95, relative residual: 0.0033244991138826102
Iteration: 96, relative residual: 0.0032996589889361444
Iteration: 97, relative residual: 0.003283717936262972
Iteration: 98, relative residual: 0.003283248397930484
Iteration: 99, relative residual: 0.00326303083195224
Iteration: 100, relative residual: 0.00326303083195224
Residual: 0.00326303083195224. Restart...
Iteration: 101, relative residual: 0.003150053998269047
Iteration: 102, relative residual: 0.0031493138115319358
Iteration: 103, relative residual: 0.003147338472147082
Iteration: 104, relative residual: 0.003145239631505453
Iteration: 105, relative residual: 0.0031421684522575924
Iteration: 106, relative residual: 0.0031385266793379028
Iteration: 107, relative residual: 0.003133443668204575
Iteration: 108, relative residual: 0.003131949866048317
Iteration: 109, relative residual: 0.003131949741740604
Iteration: 110, relative residual: 0.003130528215310485
Iteration: 111, relative residual: 0.003130142438740628
Iteration: 112, relative residual: 0.0031286265465601264
Iteration: 113, relative residual: 0.0031274495936714952
Iteration: 114, relative residual: 0.00312692277447266
Iteration: 115, relative residual: 0.003116793833760819
Iteration: 116, relative residual: 0.0031119981579433294
Iteration: 117, relative residual: 0.00310505384046439
Iteration: 118, relative residual: 0.0031043009398814114
Iteration: 119, relative residual: 0.0031039618781712065
Iteration: 120, relative residual: 0.00310098538341241
Iteration: 121, relative residual: 0.0031006476867838895
Iteration: 122, relative residual: 0.0031005625972949915
Iteration: 123, relative residual: 0.0030977191555214547
Iteration: 124, relative residual: 0.0030931792492521555
Iteration: 125, relative residual: 0.0030898788045966292
Iteration: 126, relative residual: 0.0030898781132640118
Iteration: 127, relative residual: 0.0030882953015133412
Iteration: 128, relative residual: 0.0030830270635388186
Iteration: 129, relative residual: 0.003081966074312155
Iteration: 130, relative residual: 0.0030818836204765925
Iteration: 131, relative residual: 0.0030756948097346508
Iteration: 132, relative residual: 0.003066057587817914
Iteration: 133, relative residual: 0.0030651435849928152
Iteration: 134, relative residual: 0.003056255533600973
Iteration: 135, relative residual: 0.0030321675076555
Iteration: 136, relative residual: 0.0030178617122296925
Iteration: 137, relative residual: 0.0030173833811330112
Iteration: 138, relative residual: 0.0030160217196081194
Iteration: 139, relative residual: 0.0030109298288694655
Iteration: 140, relative residual: 0.0029995964128793737
Iteration: 141, relative residual: 0.0029944008165214307
Iteration: 142, relative residual: 0.002993690521607831
Iteration: 143, relative residual: 0.002980164649754116
Iteration: 144, relative residual: 0.0029539151017704845
Iteration: 145, relative residual: 0.0029216622021746397
Iteration: 146, relative residual: 0.0029146927804900085
Iteration: 147, relative residual: 0.002914686163217631
Iteration: 148, relative residual: 0.002895297839828929
Iteration: 149, relative residual: 0.0028648371717508872
Iteration: 150, relative residual: 0.002824063353019033
Iteration: 151, relative residual: 0.0028160969762075147
Iteration: 152, relative residual: 0.002814443418479362
Iteration: 153, relative residual: 0.002791289722676962
Iteration: 154, relative residual: 0.002781095824644608
Iteration: 155, relative residual: 0.002775661772584145
Iteration: 156, relative residual: 0.0027755284146050193
Iteration: 157, relative residual: 0.0027744290595530323
Iteration: 158, relative residual: 0.00276228807831356
Iteration: 159, relative residual: 0.0027435461926954945
Iteration: 160, relative residual: 0.002708717312239852
Iteration: 161, relative residual: 0.002702690239209613
Iteration: 162, relative residual: 0.0026905475139376127
Iteration: 163, relative residual: 0.0026776297012121794
Iteration: 164, relative residual: 0.0026683870563576108
Iteration: 165, relative residual: 0.002644723046381367
Iteration: 166, relative residual: 0.0026417777784514857
Iteration: 167, relative residual: 0.002641169092702138
Iteration: 168, relative residual: 0.0026324893402302945
Iteration: 169, relative residual: 0.002612143547606066
Iteration: 170, relative residual: 0.0025840345706593885
Iteration: 171, relative residual: 0.0025567921771875663
Iteration: 172, relative residual: 0.002554543677032025
Iteration: 173, relative residual: 0.0025306362716080956
Iteration: 174, relative residual: 0.0024620914855100107
Iteration: 175, relative residual: 0.0024365691461020736
Iteration: 176, relative residual: 0.002432754689837978
Iteration: 177, relative residual: 0.0024162330539909114
Iteration: 178, relative residual: 0.002413060048422331
Iteration: 179, relative residual: 0.0023652168653511066
Iteration: 180, relative residual: 0.0023188450643843645
Iteration: 181, relative residual: 0.00230321276394235
Iteration: 182, relative residual: 0.002297769366730408
Iteration: 183, relative residual: 0.002260203123172943
Iteration: 184, relative residual: 0.002173671931125287
Iteration: 185, relative residual: 0.0020871055069737548
Iteration: 186, relative residual: 0.002017764267110346
Iteration: 187, relative residual: 0.0019694233859295536
Iteration: 188, relative residual: 0.0019629708520844526
Iteration: 189, relative residual: 0.001960383122964691
Iteration: 190, relative residual: 0.0019325414056657166
Iteration: 191, relative residual: 0.0018994952264708175
Iteration: 192, relative residual: 0.0018368417403910574
Iteration: 193, relative residual: 0.0017995612216601276
Iteration: 194, relative residual: 0.0017969433091948599
Iteration: 195, relative residual: 0.0017741749026114072
Iteration: 196, relative residual: 0.0017310235136824077
Iteration: 197, relative residual: 0.0016423815854444133
Iteration: 198, relative residual: 0.0015909273450649055
Iteration: 199, relative residual: 0.0015795513786300457
Iteration: 200, relative residual: 0.0015795513786300457
Residual: 0.0015795513786300457. Restart...
Iteration: 201, relative residual: 0.0015753015838060665
Iteration: 202, relative residual: 0.0015752832762276697
Iteration: 203, relative residual: 0.0015752503739022029
Iteration: 204, relative residual: 0.001575242041898133
Iteration: 205, relative residual: 0.0015752007237323422
Iteration: 206, relative residual: 0.0015745606091485192
Iteration: 207, relative residual: 0.0015729533903824794
Iteration: 208, relative residual: 0.0015650237557215136
Iteration: 209, relative residual: 0.001558783855894454
Iteration: 210, relative residual: 0.0015490016752171803
Iteration: 211, relative residual: 0.001539039553458177
Iteration: 212, relative residual: 0.0015337218671901641
Iteration: 213, relative residual: 0.0015335593301442562
Iteration: 214, relative residual: 0.0015244889596539087
Iteration: 215, relative residual: 0.0015124649135898362
Iteration: 216, relative residual: 0.001504808125085568
Iteration: 217, relative residual: 0.0015045886428592592
Iteration: 218, relative residual: 0.0014982327934335213
Iteration: 219, relative residual: 0.0014905590938777086
Iteration: 220, relative residual: 0.0014885778877257248
Iteration: 221, relative residual: 0.0014883950688349395
Iteration: 222, relative residual: 0.001486829111276538
Iteration: 223, relative residual: 0.0014797620440855606
Iteration: 224, relative residual: 0.001479133326344807
Iteration: 225, relative residual: 0.001475228062896311
Iteration: 226, relative residual: 0.001460754074007589
Iteration: 227, relative residual: 0.0014454627608262696
Iteration: 228, relative residual: 0.0014438954780328656
Iteration: 229, relative residual: 0.0014350918582529697
Iteration: 230, relative residual: 0.0014249596967048795
Iteration: 231, relative residual: 0.001419031081087798
Iteration: 232, relative residual: 0.0014182714233341562
Iteration: 233, relative residual: 0.0014160830779466652
Iteration: 234, relative residual: 0.0014087099693277727
Iteration: 235, relative residual: 0.0014066792753472624
Iteration: 236, relative residual: 0.00140661896275032
Iteration: 237, relative residual: 0.0013989417801919285
Iteration: 238, relative residual: 0.001394468401401773
Iteration: 239, relative residual: 0.0013944567486553208
Iteration: 240, relative residual: 0.0013910536027960491
Iteration: 241, relative residual: 0.0013781930932885264
Iteration: 242, relative residual: 0.0013653462736961913
Iteration: 243, relative residual: 0.0013585747294029798
Iteration: 244, relative residual: 0.001356268754106785
Iteration: 245, relative residual: 0.0013524460301046824
Iteration: 246, relative residual: 0.0013374317071133642
Iteration: 247, relative residual: 0.0013218078660230807
Iteration: 248, relative residual: 0.0013189450091014626
Iteration: 249, relative residual: 0.001318807206464644
Iteration: 250, relative residual: 0.001315397042416016
Iteration: 251, relative residual: 0.001293091197124306
Iteration: 252, relative residual: 0.0012746343873298906
Iteration: 253, relative residual: 0.001265373956533486
Iteration: 254, relative residual: 0.001263195733688704
Iteration: 255, relative residual: 0.0012374851652258722
Iteration: 256, relative residual: 0.0012061049381525836
Iteration: 257, relative residual: 0.0011834100788842884
Iteration: 258, relative residual: 0.0011706578855399915
Iteration: 259, relative residual: 0.001170619972273186
Iteration: 260, relative residual: 0.0011702020554646127
Iteration: 261, relative residual: 0.0011670199598776817
Iteration: 262, relative residual: 0.001143753457914699
Iteration: 263, relative residual: 0.0011364702853314188
Iteration: 264, relative residual: 0.0011360944913314968
Iteration: 265, relative residual: 0.0011318623991687178
Iteration: 266, relative residual: 0.0011213541345067273
Iteration: 267, relative residual: 0.0011165939321415856
Iteration: 268, relative residual: 0.0011131085213087013
Iteration: 269, relative residual: 0.0011079953524553586
Iteration: 270, relative residual: 0.0011026881834723281
Iteration: 271, relative residual: 0.0010922601423894558
Iteration: 272, relative residual: 0.0010831636534370912
Iteration: 273, relative residual: 0.001079513470592206
Iteration: 274, relative residual: 0.0010741589759885048
Iteration: 275, relative residual: 0.001071974042376729
Iteration: 276, relative residual: 0.001063725043216368
Iteration: 277, relative residual: 0.0010568988700899163
Iteration: 278, relative residual: 0.0010561988179771922
Iteration: 279, relative residual: 0.0010557447992986045
Iteration: 280, relative residual: 0.001048806244215354
Iteration: 281, relative residual: 0.0010431696967246366
Iteration: 282, relative residual: 0.0010282294691103609
Iteration: 283, relative residual: 0.001012368872491646
Iteration: 284, relative residual: 0.0010075659603054849
Iteration: 285, relative residual: 0.0010068889944844384
Iteration: 286, relative residual: 0.0010015182423479382
Iteration: 287, relative residual: 0.000986702716775823
Iteration: 288, relative residual: 0.0009678073239009343
Iteration: 289, relative residual: 0.0009654231127726385
Iteration: 290, relative residual: 0.0009653943667881973
Iteration: 291, relative residual: 0.0009505514052111891
Iteration: 292, relative residual: 0.0009313331094499243
Iteration: 293, relative residual: 0.0009248884139325891
Iteration: 294, relative residual: 0.0009242444085654322
Iteration: 295, relative residual: 0.0009137989424439597
Iteration: 296, relative residual: 0.0008889773569708813
Iteration: 297, relative residual: 0.0008444765599039463
Iteration: 298, relative residual: 0.0007897907248877936
Iteration: 299, relative residual: 0.000737973031292814
Iteration: 300, relative residual: 0.000737973031292814
Residual: 0.000737973031292814. Restart...
Iteration: 301, relative residual: 0.0007104113302817324
Iteration: 302, relative residual: 0.0007104066746370405
Iteration: 303, relative residual: 0.0007104050167562787
Iteration: 304, relative residual: 0.0007103732121616143
Iteration: 305, relative residual: 0.0007101786036828493
Iteration: 306, relative residual: 0.0007089105034066285
Iteration: 307, relative residual: 0.0007073914939783184
Iteration: 308, relative residual: 0.0007024652598490227
Iteration: 309, relative residual: 0.0006972464370601387
Iteration: 310, relative residual: 0.0006929494131253779
Iteration: 311, relative residual: 0.0006872673473267304
Iteration: 312, relative residual: 0.0006847918781845124
Iteration: 313, relative residual: 0.0006846665538573203
Iteration: 314, relative residual: 0.0006832342196909467
Iteration: 315, relative residual: 0.0006806069070055289
Iteration: 316, relative residual: 0.000680187078473682
Iteration: 317, relative residual: 0.0006800323820108015
Iteration: 318, relative residual: 0.0006791997768959353
Iteration: 319, relative residual: 0.0006785820397239784
Iteration: 320, relative residual: 0.0006785797494648982
Iteration: 321, relative residual: 0.0006783622609123624
Iteration: 322, relative residual: 0.0006773345099250052
Iteration: 323, relative residual: 0.0006773026720284444
Iteration: 324, relative residual: 0.0006762569444401095
Iteration: 325, relative residual: 0.0006743540624618069
Iteration: 326, relative residual: 0.0006690309601455755
Iteration: 327, relative residual: 0.0006671345590207317
Iteration: 328, relative residual: 0.0006670681132791936
Iteration: 329, relative residual: 0.0006636656409914755
Iteration: 330, relative residual: 0.0006585693892862521
Iteration: 331, relative residual: 0.0006584694506225431
Iteration: 332, relative residual: 0.0006561799464178488
Iteration: 333, relative residual: 0.0006531339489360575
Iteration: 334, relative residual: 0.000650947100311282
Iteration: 335, relative residual: 0.0006502079821541572
Iteration: 336, relative residual: 0.0006500581387631337
Iteration: 337, relative residual: 0.0006494761729885558
Iteration: 338, relative residual: 0.000647177595543778
Iteration: 339, relative residual: 0.0006431755177553858
Iteration: 340, relative residual: 0.0006410891828463421
Iteration: 341, relative residual: 0.0006410101255046395
Iteration: 342, relative residual: 0.0006385665557605107
Iteration: 343, relative residual: 0.0006353498253448138
Iteration: 344, relative residual: 0.0006335344913394794
Iteration: 345, relative residual: 0.0006331097659280819
Iteration: 346, relative residual: 0.0006299097813879904
Iteration: 347, relative residual: 0.0006218026269166248
Iteration: 348, relative residual: 0.0006097776559317701
Iteration: 349, relative residual: 0.0006040576821199722
Iteration: 350, relative residual: 0.0006039513999289268
Iteration: 351, relative residual: 0.000601459499838232
Iteration: 352, relative residual: 0.0005920013368276423
Iteration: 353, relative residual: 0.0005834991270562966
Iteration: 354, relative residual: 0.0005755222938916894
Iteration: 355, relative residual: 0.0005744074137621613
Iteration: 356, relative residual: 0.0005743950159028653
Iteration: 357, relative residual: 0.0005698433853765724
Iteration: 358, relative residual: 0.0005664393887817304
Iteration: 359, relative residual: 0.0005648786469142333
Iteration: 360, relative residual: 0.0005648630689138942
Iteration: 361, relative residual: 0.0005639358750928031
Iteration: 362, relative residual: 0.0005618797561166834
Iteration: 363, relative residual: 0.0005587447120079663
Iteration: 364, relative residual: 0.0005550039778639348
Iteration: 365, relative residual: 0.0005533315622762656
Iteration: 366, relative residual: 0.0005527419147446186
Iteration: 367, relative residual: 0.0005526914035486466
Iteration: 368, relative residual: 0.0005515465561075182
Iteration: 369, relative residual: 0.0005504212488390421
Iteration: 370, relative residual: 0.0005504025120971634
Iteration: 371, relative residual: 0.0005500189211076741
Iteration: 372, relative residual: 0.000546223226116241
Iteration: 373, relative residual: 0.0005452028969801946
Iteration: 374, relative residual: 0.0005441771932323043
Iteration: 375, relative residual: 0.0005430317634222756
Iteration: 376, relative residual: 0.0005430304067757499
Iteration: 377, relative residual: 0.0005408807692881515
Iteration: 378, relative residual: 0.0005359214967641521
Iteration: 379, relative residual: 0.0005314552636196934
Iteration: 380, relative residual: 0.0005254481025225569
Iteration: 381, relative residual: 0.0005218700253796534
Iteration: 382, relative residual: 0.0005218549727080998
Iteration: 383, relative residual: 0.0005173584688788362
Iteration: 384, relative residual: 0.0005127239916820938
Iteration: 385, relative residual: 0.0005109964825883615
Iteration: 386, relative residual: 0.0005109469137864607
Iteration: 387, relative residual: 0.0005097179474038916
Iteration: 388, relative residual: 0.0005041906147462426
Iteration: 389, relative residual: 0.0004960132702259908
Iteration: 390, relative residual: 0.0004912643634122897
Iteration: 391, relative residual: 0.0004910002245784272
Iteration: 392, relative residual: 0.0004901110499328031
Iteration: 393, relative residual: 0.00048827292293118573
Iteration: 394, relative residual: 0.00047884811342571086
Iteration: 395, relative residual: 0.00047342839784290464
Iteration: 396, relative residual: 0.00046994432168885727
Iteration: 397, relative residual: 0.00046987394649847936
Iteration: 398, relative residual: 0.00046769559417334124
Iteration: 399, relative residual: 0.000463046241007639
Iteration: 400, relative residual: 0.000463046241007639
Residual: 0.000463046241007639. Restart...
Iteration: 401, relative residual: 0.0004601992221763499
Iteration: 402, relative residual: 0.00046019758159187186
Iteration: 403, relative residual: 0.00046019270802334004
Iteration: 404, relative residual: 0.0004601598043611891
Iteration: 405, relative residual: 0.00046010914743469287
Iteration: 406, relative residual: 0.0004600367132403372
Iteration: 407, relative residual: 0.00045997474897396324
Iteration: 408, relative residual: 0.0004599047173276288
Iteration: 409, relative residual: 0.0004599009530879871
Iteration: 410, relative residual: 0.0004598931389676524
Iteration: 411, relative residual: 0.00045989222879367947
Iteration: 412, relative residual: 0.0004598508332010719
Iteration: 413, relative residual: 0.0004598128959978129
Iteration: 414, relative residual: 0.00045981111112929584
Iteration: 415, relative residual: 0.00045973343081077105
Iteration: 416, relative residual: 0.00045972306856747704
Iteration: 417, relative residual: 0.0004597099512739401
Iteration: 418, relative residual: 0.00045954389345584715
Iteration: 419, relative residual: 0.00045947471099658536
Iteration: 420, relative residual: 0.0004594556793999018
Iteration: 421, relative residual: 0.0004592546938466952
Iteration: 422, relative residual: 0.00045845513542626225
Iteration: 423, relative residual: 0.0004568107298942116
Iteration: 424, relative residual: 0.00045622039690994026
Iteration: 425, relative residual: 0.00045600318102248375
Iteration: 426, relative residual: 0.0004559090763987075
Iteration: 427, relative residual: 0.0004558685249766922
Iteration: 428, relative residual: 0.00045547600216370635
Iteration: 429, relative residual: 0.00045530014447280634
Iteration: 430, relative residual: 0.00045529900275549396
Iteration: 431, relative residual: 0.0004551393223362256
Iteration: 432, relative residual: 0.0004549294875265784
Iteration: 433, relative residual: 0.0004547498230396627
Iteration: 434, relative residual: 0.0004547185772461665
Iteration: 435, relative residual: 0.00045413678032286855
Iteration: 436, relative residual: 0.000452258468513598
Iteration: 437, relative residual: 0.00045118017472350327
Iteration: 438, relative residual: 0.00045095825360723303
Iteration: 439, relative residual: 0.00045078713888838605
Iteration: 440, relative residual: 0.00044976756171657636
Iteration: 441, relative residual: 0.0004491916554455991
Iteration: 442, relative residual: 0.0004490107534496286
Iteration: 443, relative residual: 0.0004488751763227665
Iteration: 444, relative residual: 0.0004479944186696618
Iteration: 445, relative residual: 0.00044721144877442277
Iteration: 446, relative residual: 0.00044572746614322047
Iteration: 447, relative residual: 0.00044546232305855163
Iteration: 448, relative residual: 0.0004453020263807245
Iteration: 449, relative residual: 0.00044358651237271835
Iteration: 450, relative residual: 0.0004415764630795254
Iteration: 451, relative residual: 0.00043991460534203335
Iteration: 452, relative residual: 0.0004396898060557817
Iteration: 453, relative residual: 0.00043963424799903786
Iteration: 454, relative residual: 0.00043865254106927086
Iteration: 455, relative residual: 0.0004349511759864816
Iteration: 456, relative residual: 0.00043146632295582157
Iteration: 457, relative residual: 0.00042999843718473157
Iteration: 458, relative residual: 0.00042999036610498595
Iteration: 459, relative residual: 0.0004287866244569917
Iteration: 460, relative residual: 0.00042518839542323366
Iteration: 461, relative residual: 0.00042190410612147767
Iteration: 462, relative residual: 0.0004216735784445433
Iteration: 463, relative residual: 0.0004210850136428478
Iteration: 464, relative residual: 0.0004165363851936256
Iteration: 465, relative residual: 0.00041248493334336344
Iteration: 466, relative residual: 0.00041232311651905724
Iteration: 467, relative residual: 0.0004119951335897826
Iteration: 468, relative residual: 0.00041128691424620215
Iteration: 469, relative residual: 0.00040879978995411314
Iteration: 470, relative residual: 0.0004068275537587707
Iteration: 471, relative residual: 0.0004052427180753044
Iteration: 472, relative residual: 0.00040504235968693463
Iteration: 473, relative residual: 0.00040461411794639535
Iteration: 474, relative residual: 0.000403523041181669
Iteration: 475, relative residual: 0.00040070192996298357
Iteration: 476, relative residual: 0.0004004749068954563
Iteration: 477, relative residual: 0.000400158082661355
Iteration: 478, relative residual: 0.000398465355234008
Iteration: 479, relative residual: 0.0003962941466686723
Iteration: 480, relative residual: 0.00039455420741082585
Iteration: 481, relative residual: 0.00039451265689375556
Iteration: 482, relative residual: 0.00039431327017355543
Iteration: 483, relative residual: 0.0003913601786722045
Iteration: 484, relative residual: 0.00038925175974264956
Iteration: 485, relative residual: 0.00038832930585111156
Iteration: 486, relative residual: 0.0003882055111328316
Iteration: 487, relative residual: 0.00038771712197390964
Iteration: 488, relative residual: 0.0003856283812250039
Iteration: 489, relative residual: 0.00038247170781760824
Iteration: 490, relative residual: 0.0003745416720138527
Iteration: 491, relative residual: 0.0003722907599326529
Iteration: 492, relative residual: 0.0003722777533564672
Iteration: 493, relative residual: 0.00037022915748282997
Iteration: 494, relative residual: 0.0003640875287545286
Iteration: 495, relative residual: 0.00035754762011187173
Iteration: 496, relative residual: 0.0003568439493327236
Iteration: 497, relative residual: 0.00035584883308865337
Iteration: 498, relative residual: 0.000351823426491946
Iteration: 499, relative residual: 0.00034270551734932875
Iteration: 500, relative residual: 0.00034270551734932875
Residual: 0.00034270551734932875. Restart...
Iteration: 501, relative residual: 0.00033467726129151384
Iteration: 502, relative residual: 0.0003345709105549018
Iteration: 503, relative residual: 0.0003344070979279775
Iteration: 504, relative residual: 0.000333950583294407
Iteration: 505, relative residual: 0.0003336742086783586
Iteration: 506, relative residual: 0.00033341545313929767
Iteration: 507, relative residual: 0.0003333204887506411
Iteration: 508, relative residual: 0.0003333204459438131
Iteration: 509, relative residual: 0.0003332229836365137
Iteration: 510, relative residual: 0.00033322143966563157
Iteration: 511, relative residual: 0.00033304156106465737
Iteration: 512, relative residual: 0.00033303490741783907
Iteration: 513, relative residual: 0.00033295634676199073
Iteration: 514, relative residual: 0.00033277612550604687
Iteration: 515, relative residual: 0.00033277173692521995
Iteration: 516, relative residual: 0.00033226101871258046
Iteration: 517, relative residual: 0.00033155763259044266
Iteration: 518, relative residual: 0.00033154879053460894
Iteration: 519, relative residual: 0.00033131789417779455
Iteration: 520, relative residual: 0.00032970898659201816
Iteration: 521, relative residual: 0.0003280579919199495
Iteration: 522, relative residual: 0.000326965905051493
Iteration: 523, relative residual: 0.0003267704387813196
Iteration: 524, relative residual: 0.00032672035507906843
Iteration: 525, relative residual: 0.00032632504074919604
Iteration: 526, relative residual: 0.00032595935398780284
Iteration: 527, relative residual: 0.0003250196577787474
Iteration: 528, relative residual: 0.00032136691431077934
Iteration: 529, relative residual: 0.000320686865801175
Iteration: 530, relative residual: 0.0003195693758247035
Iteration: 531, relative residual: 0.0003182028536663321
Iteration: 532, relative residual: 0.00031769844743274916
Iteration: 533, relative residual: 0.00031769225015378257
Iteration: 534, relative residual: 0.000317562656567956
Iteration: 535, relative residual: 0.00031715046135208564
Iteration: 536, relative residual: 0.0003171480004724567
Iteration: 537, relative residual: 0.00031670701107889496
Iteration: 538, relative residual: 0.0003162711560844833
Iteration: 539, relative residual: 0.0003161886427018568
Iteration: 540, relative residual: 0.00031618680585313773
Iteration: 541, relative residual: 0.0003160490345766305
Iteration: 542, relative residual: 0.0003159028666208723
Iteration: 543, relative residual: 0.00031580126640817725
Iteration: 544, relative residual: 0.0003157939749711395
Iteration: 545, relative residual: 0.0003157909453916747
Iteration: 546, relative residual: 0.0003157811790719807
Iteration: 547, relative residual: 0.00031527633483050243
Iteration: 548, relative residual: 0.00031411331772007923
Iteration: 549, relative residual: 0.0003135254297024613
Iteration: 550, relative residual: 0.0003135246141139104
Iteration: 551, relative residual: 0.0003132927585641145
Iteration: 552, relative residual: 0.0003122112745946337
Iteration: 553, relative residual: 0.00031179034625586355
Iteration: 554, relative residual: 0.0003117898837820907
Iteration: 555, relative residual: 0.00031155217149290596
Iteration: 556, relative residual: 0.00031144579183096975
Iteration: 557, relative residual: 0.0003112783646177411
Iteration: 558, relative residual: 0.00031126485225685846
Iteration: 559, relative residual: 0.00031120288669175643
Iteration: 560, relative residual: 0.00031111425851501173
Iteration: 561, relative residual: 0.00031080472585705776
Iteration: 562, relative residual: 0.0003105887880672873
Iteration: 563, relative residual: 0.00030915297397057697
Iteration: 564, relative residual: 0.000309047362385825
Iteration: 565, relative residual: 0.0003089290080708499
Iteration: 566, relative residual: 0.0003070957790211578
Iteration: 567, relative residual: 0.00030635378271180025
Iteration: 568, relative residual: 0.00030622763143923684
Iteration: 569, relative residual: 0.00030590203658103756
Iteration: 570, relative residual: 0.00030561649834169444
Iteration: 571, relative residual: 0.00030543157772125153
Iteration: 572, relative residual: 0.0003053332389562083
Iteration: 573, relative residual: 0.0003051222717264811
Iteration: 574, relative residual: 0.00030500433325771114
Iteration: 575, relative residual: 0.0003049479916804575
Iteration: 576, relative residual: 0.0003044474254897912
Iteration: 577, relative residual: 0.00030394695014279054
Iteration: 578, relative residual: 0.0003036958138418106
Iteration: 579, relative residual: 0.00030368680144404644
Iteration: 580, relative residual: 0.0003036830114345725
Iteration: 581, relative residual: 0.00030327002053405993
Iteration: 582, relative residual: 0.0003018196893215995
Iteration: 583, relative residual: 0.00030134700522561095
Iteration: 584, relative residual: 0.0003013444704341888
Iteration: 585, relative residual: 0.000301277654144801
Iteration: 586, relative residual: 0.00030055215633920313
Iteration: 587, relative residual: 0.0003002202591763183
Iteration: 588, relative residual: 0.00030019257863628837
Iteration: 589, relative residual: 0.00030006016599125795
Iteration: 590, relative residual: 0.00029991205154187385
Iteration: 591, relative residual: 0.00029875421724561563
Iteration: 592, relative residual: 0.00029719108956685874
Iteration: 593, relative residual: 0.0002942915951405426
Iteration: 594, relative residual: 0.0002935261823264247
Iteration: 595, relative residual: 0.00029324311357008644
Iteration: 596, relative residual: 0.0002915240426552552
Iteration: 597, relative residual: 0.00029039222333724827
Iteration: 598, relative residual: 0.0002884966508778228
Iteration: 599, relative residual: 0.0002868512166669648
Iteration: 600, relative residual: 0.0002868512166669648
Residual: 0.0002868512166669648. Restart...
Iteration: 601, relative residual: 0.00028653499517828593
Iteration: 602, relative residual: 0.0002865347250612638
Iteration: 603, relative residual: 0.0002865342266107069
Iteration: 604, relative residual: 0.0002865313843370994
Iteration: 605, relative residual: 0.00028652889165757485
Iteration: 606, relative residual: 0.00028652618454024886
Iteration: 607, relative residual: 0.00028652529596573265
Iteration: 608, relative residual: 0.000286524358830644
Iteration: 609, relative residual: 0.0002865191394753028
Iteration: 610, relative residual: 0.00028651692117707126
Iteration: 611, relative residual: 0.0002865157300356702
Iteration: 612, relative residual: 0.0002865134023653893
Iteration: 613, relative residual: 0.0002865007790276848
Iteration: 614, relative residual: 0.0002864850084473144
Iteration: 615, relative residual: 0.000286482094650952
Iteration: 616, relative residual: 0.00028647510953872993
Iteration: 617, relative residual: 0.00028643370060479076
Iteration: 618, relative residual: 0.0002863853512647177
Iteration: 619, relative residual: 0.00028637390981130857
Iteration: 620, relative residual: 0.0002863291269691206
Iteration: 621, relative residual: 0.00028620133943695406
Iteration: 622, relative residual: 0.0002859674036698524
Iteration: 623, relative residual: 0.0002855453831551493
Iteration: 624, relative residual: 0.00028544649763836304
Iteration: 625, relative residual: 0.00028542041827852525
Iteration: 626, relative residual: 0.0002854199492977186
Iteration: 627, relative residual: 0.0002854047105531124
Iteration: 628, relative residual: 0.0002853485602333264
Iteration: 629, relative residual: 0.00028526900914276087
Iteration: 630, relative residual: 0.00028526446951872953
Iteration: 631, relative residual: 0.00028525228930169973
Iteration: 632, relative residual: 0.00028523891046487645
Iteration: 633, relative residual: 0.00028521014304821475
Iteration: 634, relative residual: 0.00028519785729481874
Iteration: 635, relative residual: 0.0002851791809678393
Iteration: 636, relative residual: 0.00028498874474486795
Iteration: 637, relative residual: 0.00028485346769176927
Iteration: 638, relative residual: 0.00028484544546056014
Iteration: 639, relative residual: 0.0002848007175760543
Iteration: 640, relative residual: 0.0002846258321518177
Iteration: 641, relative residual: 0.0002845504830242568
Iteration: 642, relative residual: 0.0002845353812556975
Iteration: 643, relative residual: 0.00028450254502045824
Iteration: 644, relative residual: 0.0002843846667678324
Iteration: 645, relative residual: 0.0002842200085930699
Iteration: 646, relative residual: 0.0002841659529682156
Iteration: 647, relative residual: 0.00028416164817593367
Iteration: 648, relative residual: 0.0002840563584847532
Iteration: 649, relative residual: 0.0002834330615625255
Iteration: 650, relative residual: 0.0002830765104058919
Iteration: 651, relative residual: 0.00028304221294203554
Iteration: 652, relative residual: 0.00028301650595116885
Iteration: 653, relative residual: 0.00028285969579880176
Iteration: 654, relative residual: 0.00028261349955908835
Iteration: 655, relative residual: 0.0002822625862841613
Iteration: 656, relative residual: 0.00028217200068706783
Iteration: 657, relative residual: 0.0002821660615711097
Iteration: 658, relative residual: 0.0002821348446540466
Iteration: 659, relative residual: 0.00028192917565931705
Iteration: 660, relative residual: 0.0002817478976722845
Iteration: 661, relative residual: 0.00028174711873246494
Iteration: 662, relative residual: 0.00028167869748849285
Iteration: 663, relative residual: 0.00028140569246492316
Iteration: 664, relative residual: 0.00028062022840392856
Iteration: 665, relative residual: 0.0002805068202003964
Iteration: 666, relative residual: 0.00028031002023242324
Iteration: 667, relative residual: 0.0002799593750381342
Iteration: 668, relative residual: 0.000279471690886509
Iteration: 669, relative residual: 0.0002790344272510297
Iteration: 670, relative residual: 0.0002788796214416729
Iteration: 671, relative residual: 0.0002788720260878112
Iteration: 672, relative residual: 0.0002783398502913918
Iteration: 673, relative residual: 0.0002777582956208431
Iteration: 674, relative residual: 0.00027764355579734933
Iteration: 675, relative residual: 0.0002775769094747191
Iteration: 676, relative residual: 0.0002775209955493353
Iteration: 677, relative residual: 0.0002763356478890956
Iteration: 678, relative residual: 0.0002756381178539836
Iteration: 679, relative residual: 0.0002755555546334929
Iteration: 680, relative residual: 0.00027553105312949383
Iteration: 681, relative residual: 0.00027526803136936973
Iteration: 682, relative residual: 0.00027461568885323555
Iteration: 683, relative residual: 0.0002738330243783891
Iteration: 684, relative residual: 0.00027350184319178153
Iteration: 685, relative residual: 0.00027348915554692264
Iteration: 686, relative residual: 0.00027306415952485665
Iteration: 687, relative residual: 0.0002728523119908469
Iteration: 688, relative residual: 0.00027234811077866326
Iteration: 689, relative residual: 0.0002715534320808399
Iteration: 690, relative residual: 0.0002710826915864111
Iteration: 691, relative residual: 0.0002708665079846553
Iteration: 692, relative residual: 0.0002706576735867972
Iteration: 693, relative residual: 0.000269321435366577
Iteration: 694, relative residual: 0.0002683503597654242
Iteration: 695, relative residual: 0.0002678226786573594
Iteration: 696, relative residual: 0.0002675763243800568
Iteration: 697, relative residual: 0.00026757627508781245
Iteration: 698, relative residual: 0.0002673093328997466
Iteration: 699, relative residual: 0.00026663138331107345
Iteration: 700, relative residual: 0.00026663138331107345
Residual: 0.00026663138331107345. Restart...
Iteration: 701, relative residual: 0.0002652849663290738
Iteration: 702, relative residual: 0.00026527267807976794
Iteration: 703, relative residual: 0.00026525154189028724
Iteration: 704, relative residual: 0.00026521546855217537
Iteration: 705, relative residual: 0.0002651882807120362
Iteration: 706, relative residual: 0.0002651590783493946
Iteration: 707, relative residual: 0.0002651589872322336
Iteration: 708, relative residual: 0.00026515862330265844
Iteration: 709, relative residual: 0.00026515835478745813
Iteration: 710, relative residual: 0.0002651554054369243
Iteration: 711, relative residual: 0.00026515375426425117
Iteration: 712, relative residual: 0.0002651337745132228
Iteration: 713, relative residual: 0.00026513008194522933
Iteration: 714, relative residual: 0.0002651269106538669
Iteration: 715, relative residual: 0.00026510194023649886
Iteration: 716, relative residual: 0.0002651017737096997
Iteration: 717, relative residual: 0.00026506867732643754
Iteration: 718, relative residual: 0.0002650554972884406
Iteration: 719, relative residual: 0.000265018620497585
Iteration: 720, relative residual: 0.00026501836080550706
Iteration: 721, relative residual: 0.0002649922763851164
Iteration: 722, relative residual: 0.0002648451493649423
Iteration: 723, relative residual: 0.0002643724930591768
Iteration: 724, relative residual: 0.00026423561897789594
Iteration: 725, relative residual: 0.00026423271403425554
Iteration: 726, relative residual: 0.0002642138846517511
Iteration: 727, relative residual: 0.0002641384341665416
Iteration: 728, relative residual: 0.00026411342028736346
Iteration: 729, relative residual: 0.0002641099583381602
Iteration: 730, relative residual: 0.00026392786008459204
Iteration: 731, relative residual: 0.0002638971866921349
Iteration: 732, relative residual: 0.000263895644391705
Iteration: 733, relative residual: 0.0002638948037730831
Iteration: 734, relative residual: 0.0002638948037567356
Iteration: 735, relative residual: 0.00026382987067742803
Iteration: 736, relative residual: 0.00026364444984476506
Iteration: 737, relative residual: 0.0002635806785954378
Iteration: 738, relative residual: 0.00026356846530832057
Iteration: 739, relative residual: 0.00026352377625661334
Iteration: 740, relative residual: 0.00026340813774299883
Iteration: 741, relative residual: 0.000263330267514811
Iteration: 742, relative residual: 0.0002633301792877659
Iteration: 743, relative residual: 0.00026329510812089275
Iteration: 744, relative residual: 0.000263184280723316
Iteration: 745, relative residual: 0.0002629707214396819
Iteration: 746, relative residual: 0.00026280267831017357
Iteration: 747, relative residual: 0.00026278157893600484
Iteration: 748, relative residual: 0.0002625944008056034
Iteration: 749, relative residual: 0.00026201591831653977
Iteration: 750, relative residual: 0.0002616574349280588
Iteration: 751, relative residual: 0.0002615862627594169
Iteration: 752, relative residual: 0.00026153559270179945
Iteration: 753, relative residual: 0.00026115816298216324
Iteration: 754, relative residual: 0.00026080339857956095
Iteration: 755, relative residual: 0.00026059937658263766
Iteration: 756, relative residual: 0.0002605655960363131
Iteration: 757, relative residual: 0.000260354050187003
Iteration: 758, relative residual: 0.0002599899059116294
Iteration: 759, relative residual: 0.0002598797545774956
Iteration: 760, relative residual: 0.00025984012297234266
Iteration: 761, relative residual: 0.00025983987636781636
Iteration: 762, relative residual: 0.00025973031096590386
Iteration: 763, relative residual: 0.00025930131620980213
Iteration: 764, relative residual: 0.0002583810950974826
Iteration: 765, relative residual: 0.0002578366959790389
Iteration: 766, relative residual: 0.00025783630138217546
Iteration: 767, relative residual: 0.0002577392719592999
Iteration: 768, relative residual: 0.0002571732892374163
Iteration: 769, relative residual: 0.0002569288845436348
Iteration: 770, relative residual: 0.00025691217825983407
Iteration: 771, relative residual: 0.0002569070412496468
Iteration: 772, relative residual: 0.00025673264752566885
Iteration: 773, relative residual: 0.00025652533801934885
Iteration: 774, relative residual: 0.00025625889502350413
Iteration: 775, relative residual: 0.00025607110934031645
Iteration: 776, relative residual: 0.0002558623623203935
Iteration: 777, relative residual: 0.00025539102624995696
Iteration: 778, relative residual: 0.0002548319367379673
Iteration: 779, relative residual: 0.00025449324938043487
Iteration: 780, relative residual: 0.00025448677841956156
Iteration: 781, relative residual: 0.00025448428748890565
Iteration: 782, relative residual: 0.0002541750560427035
Iteration: 783, relative residual: 0.0002536385998343817
Iteration: 784, relative residual: 0.0002536355354838362
Iteration: 785, relative residual: 0.0002536153028333207
Iteration: 786, relative residual: 0.0002532684058489674
Iteration: 787, relative residual: 0.0002522386290908739
Iteration: 788, relative residual: 0.00025212218656880936
Iteration: 789, relative residual: 0.0002521115315599932
Iteration: 790, relative residual: 0.00025210900906986284
Iteration: 791, relative residual: 0.00025191127239312125
Iteration: 792, relative residual: 0.00025166889522921517
Iteration: 793, relative residual: 0.00025104034375156796
Iteration: 794, relative residual: 0.0002503903733248699
Iteration: 795, relative residual: 0.0002502986241763738
Iteration: 796, relative residual: 0.0002502933958031047
Iteration: 797, relative residual: 0.00025019772176819145
Iteration: 798, relative residual: 0.0002491198266243782
Iteration: 799, relative residual: 0.0002474766617973359
Iteration: 800, relative residual: 0.0002474766617973359
Residual: 0.0002474766617973359. Restart...
Iteration: 801, relative residual: 0.00024635881308360854
Iteration: 802, relative residual: 0.0002463562615132234
Iteration: 803, relative residual: 0.00024635050450783205
Iteration: 804, relative residual: 0.0002463326082830049
Iteration: 805, relative residual: 0.0002463226939651161
Iteration: 806, relative residual: 0.00024631443819867865
Iteration: 807, relative residual: 0.0002463143032941437
Iteration: 808, relative residual: 0.0002462977344446079
Iteration: 809, relative residual: 0.0002462769809647465
Iteration: 810, relative residual: 0.00024627692034643055
Iteration: 811, relative residual: 0.00024627629055310715
Iteration: 812, relative residual: 0.00024624047302086217
Iteration: 813, relative residual: 0.00024621717821471573
Iteration: 814, relative residual: 0.000246203936189947
Iteration: 815, relative residual: 0.00024610067125653583
Iteration: 816, relative residual: 0.0002459711823859576
Iteration: 817, relative residual: 0.0002458599540787603
Iteration: 818, relative residual: 0.00024585460124996805
Iteration: 819, relative residual: 0.0002458056497271232
Iteration: 820, relative residual: 0.00024557760599164865
Iteration: 821, relative residual: 0.00024544668467322395
Iteration: 822, relative residual: 0.0002453706267731892
Iteration: 823, relative residual: 0.0002453585919700653
Iteration: 824, relative residual: 0.0002453535844009306
Iteration: 825, relative residual: 0.00024527976420043454
Iteration: 826, relative residual: 0.00024510107765105736
Iteration: 827, relative residual: 0.0002448661329191566
Iteration: 828, relative residual: 0.0002448460957044499
Iteration: 829, relative residual: 0.0002447464792719646
Iteration: 830, relative residual: 0.00024425335240243036
Iteration: 831, relative residual: 0.00024414968609576726
Iteration: 832, relative residual: 0.00024414900948924265
Iteration: 833, relative residual: 0.00024412446645119703
Iteration: 834, relative residual: 0.00024410141294708247
Iteration: 835, relative residual: 0.00024407725322547308
Iteration: 836, relative residual: 0.00024407718619620498
Iteration: 837, relative residual: 0.00024405798020996975
Iteration: 838, relative residual: 0.00024404190366538272
Iteration: 839, relative residual: 0.0002440312699090328
Iteration: 840, relative residual: 0.00024401705149873206
Iteration: 841, relative residual: 0.00024400041368045797
Iteration: 842, relative residual: 0.00024398403010606406
Iteration: 843, relative residual: 0.0002439748819245099
Iteration: 844, relative residual: 0.00024396581368683217
Iteration: 845, relative residual: 0.00024379132457232072
Iteration: 846, relative residual: 0.00024379079900473599
Iteration: 847, relative residual: 0.00024374276152609422
Iteration: 848, relative residual: 0.00024346288286789309
Iteration: 849, relative residual: 0.00024319533292978872
Iteration: 850, relative residual: 0.0002429350430725527
Iteration: 851, relative residual: 0.00024292804457815836
Iteration: 852, relative residual: 0.0002427093570985803
Iteration: 853, relative residual: 0.00024249068182100435
Iteration: 854, relative residual: 0.0002423604061432047
Iteration: 855, relative residual: 0.0002423076847226878
Iteration: 856, relative residual: 0.00024229307437306476
Iteration: 857, relative residual: 0.00024226714454061098
Iteration: 858, relative residual: 0.00024209124945535735
Iteration: 859, relative residual: 0.00024191700752288671
Iteration: 860, relative residual: 0.0002418507377964698
Iteration: 861, relative residual: 0.0002418415610418313
Iteration: 862, relative residual: 0.00024158544657874474
Iteration: 863, relative residual: 0.000241463179499348
Iteration: 864, relative residual: 0.00024125952684765439
Iteration: 865, relative residual: 0.00024124948563414829
Iteration: 866, relative residual: 0.00024118287653658235
Iteration: 867, relative residual: 0.00024107335436602466
Iteration: 868, relative residual: 0.00024080849539015952
Iteration: 869, relative residual: 0.0002406798063217447
Iteration: 870, relative residual: 0.00024066964035851247
Iteration: 871, relative residual: 0.00024057823827458965
Iteration: 872, relative residual: 0.0002401438759108806
Iteration: 873, relative residual: 0.0002399604079770418
Iteration: 874, relative residual: 0.0002399423549050439
Iteration: 875, relative residual: 0.00023991552300849567
Iteration: 876, relative residual: 0.0002399109235929255
Iteration: 877, relative residual: 0.00023955146688155936
Iteration: 878, relative residual: 0.00023942778966905273
Iteration: 879, relative residual: 0.00023941326471296686
Iteration: 880, relative residual: 0.00023941200966483424
Iteration: 881, relative residual: 0.0002394117191654133
Iteration: 882, relative residual: 0.00023898484878284902
Iteration: 883, relative residual: 0.00023882277377297652
Iteration: 884, relative residual: 0.00023880128636186846
Iteration: 885, relative residual: 0.00023879639476853787
Iteration: 886, relative residual: 0.00023831093288618317
Iteration: 887, relative residual: 0.00023728578090503985
Iteration: 888, relative residual: 0.00023674874448652552
Iteration: 889, relative residual: 0.00023670511214281666
Iteration: 890, relative residual: 0.00023667853448323402
Iteration: 891, relative residual: 0.00023657416042708915
Iteration: 892, relative residual: 0.0002356990164465804
Iteration: 893, relative residual: 0.0002352534194838684
Iteration: 894, relative residual: 0.0002352157004346124
Iteration: 895, relative residual: 0.00023515120613122815
Iteration: 896, relative residual: 0.0002350793889122463
Iteration: 897, relative residual: 0.0002344280484702322
Iteration: 898, relative residual: 0.00023362187880507745
Iteration: 899, relative residual: 0.00023326411313660014
Iteration: 900, relative residual: 0.00023326411313660014
Residual: 0.00023326411313660014. Restart...
Iteration: 901, relative residual: 0.00023306131561631592
Iteration: 902, relative residual: 0.0002330610968937847
Iteration: 903, relative residual: 0.0002330607400365118
Iteration: 904, relative residual: 0.00023306005136106167
Iteration: 905, relative residual: 0.00023306000041266637
Iteration: 906, relative residual: 0.000233059685230678
Iteration: 907, relative residual: 0.00023305265711269616
Iteration: 908, relative residual: 0.00023303776950736428
Iteration: 909, relative residual: 0.0002330268334303553
Iteration: 910, relative residual: 0.00023302592140674416
Iteration: 911, relative residual: 0.00023301093578161766
Iteration: 912, relative residual: 0.00023297090014778353
Iteration: 913, relative residual: 0.00023296535794869
Iteration: 914, relative residual: 0.00023293748577942163
Iteration: 915, relative residual: 0.00023281667651861655
Iteration: 916, relative residual: 0.00023271983383848428
Iteration: 917, relative residual: 0.0002326791629754022
Iteration: 918, relative residual: 0.00023267728435470881
Iteration: 919, relative residual: 0.00023265499322366442
Iteration: 920, relative residual: 0.00023256731495143438
Iteration: 921, relative residual: 0.0002324877883176538
Iteration: 922, relative residual: 0.00023243602487331235
Iteration: 923, relative residual: 0.00023239995540269296
Iteration: 924, relative residual: 0.00023239848418076195
Iteration: 925, relative residual: 0.00023239597046777305
Iteration: 926, relative residual: 0.00023238745243929525
Iteration: 927, relative residual: 0.0002323770608384127
Iteration: 928, relative residual: 0.00023237466108148386
Iteration: 929, relative residual: 0.00023237400909960077
Iteration: 930, relative residual: 0.00023236371212623133
Iteration: 931, relative residual: 0.00023234869068631885
Iteration: 932, relative residual: 0.00023230703166946751
Iteration: 933, relative residual: 0.0002322485788039407
Iteration: 934, relative residual: 0.0002322433748152359
Iteration: 935, relative residual: 0.00023221505226864498
Iteration: 936, relative residual: 0.00023217912888974312
Iteration: 937, relative residual: 0.00023216866158447925
Iteration: 938, relative residual: 0.00023216700773400316
Iteration: 939, relative residual: 0.00023215340865802102
Iteration: 940, relative residual: 0.0002320985794737199
Iteration: 941, relative residual: 0.00023201579066180585
Iteration: 942, relative residual: 0.00023198972418728584
Iteration: 943, relative residual: 0.0002319894224858209
Iteration: 944, relative residual: 0.000231892200352148
Iteration: 945, relative residual: 0.00023167691351554966
Iteration: 946, relative residual: 0.0002315882150184567
Iteration: 947, relative residual: 0.00023157560857317913
Iteration: 948, relative residual: 0.00023138755674391147
Iteration: 949, relative residual: 0.0002311672014830664
Iteration: 950, relative residual: 0.0002310805623826157
Iteration: 951, relative residual: 0.00023107050921449744
Iteration: 952, relative residual: 0.00023088636085453142
Iteration: 953, relative residual: 0.00023062784400549444
Iteration: 954, relative residual: 0.00023060730545886518
Iteration: 955, relative residual: 0.00023059080182776223
Iteration: 956, relative residual: 0.00023050519070569702
Iteration: 957, relative residual: 0.00023027154883566256
Iteration: 958, relative residual: 0.00023023265709583236
Iteration: 959, relative residual: 0.00023022833741439527
Iteration: 960, relative residual: 0.00023020207905133624
Iteration: 961, relative residual: 0.00023016611322105167
Iteration: 962, relative residual: 0.00023004700533797023
Iteration: 963, relative residual: 0.0002296631613242952
Iteration: 964, relative residual: 0.00022930509412208164
Iteration: 965, relative residual: 0.0002292205948979832
Iteration: 966, relative residual: 0.00022921504681637058
Iteration: 967, relative residual: 0.00022909228772015146
Iteration: 968, relative residual: 0.00022884220890768693
Iteration: 969, relative residual: 0.00022854275043708886
Iteration: 970, relative residual: 0.00022849033822012438
Iteration: 971, relative residual: 0.00022839095766061075
Iteration: 972, relative residual: 0.00022770209487928472
Iteration: 973, relative residual: 0.0002271073426090329
Iteration: 974, relative residual: 0.0002267559676004532
Iteration: 975, relative residual: 0.00022664578477348367
Iteration: 976, relative residual: 0.000226638516852084
Iteration: 977, relative residual: 0.00022649177341173724
Iteration: 978, relative residual: 0.00022613856464601874
Iteration: 979, relative residual: 0.0002258436490652886
Iteration: 980, relative residual: 0.00022582071672561828
Iteration: 981, relative residual: 0.00022580409281616325
Iteration: 982, relative residual: 0.00022572835689851963
Iteration: 983, relative residual: 0.0002255048683250841
Iteration: 984, relative residual: 0.00022536328481466834
Iteration: 985, relative residual: 0.00022535854078384958
Iteration: 986, relative residual: 0.00022532250389018806
Iteration: 987, relative residual: 0.00022515967354556563
Iteration: 988, relative residual: 0.00022490331082352427
Iteration: 989, relative residual: 0.00022490327454595242
Iteration: 990, relative residual: 0.00022471186004552115
Iteration: 991, relative residual: 0.00022420748550278013
Iteration: 992, relative residual: 0.00022409700697450263
Iteration: 993, relative residual: 0.00022396327320767633
Iteration: 994, relative residual: 0.00022375065490283185
Iteration: 995, relative residual: 0.0002237039048869386
Iteration: 996, relative residual: 0.00022369127962256464
Iteration: 997, relative residual: 0.00022369126224020737
Iteration: 998, relative residual: 0.00022339868363563235
Iteration: 999, relative residual: 0.00022282727965173218
Iteration: 1000, relative residual: 0.00022282727965173218
Residual: 0.00022282727965173218. Restart...
Warning!!!!You have reached the maximum number of iterations : 1000.
The run will stop. Check the residual behaviour you might have a bug.For future runs you might consider changing the tolerance or increasing the number of max_iter.
Solve time        : 7902.562443971634s

Calculate Solvation Energy (E_solv)
Calculating solvation energy for region 1, stored in E_solv[0]
5994.001312209336 of 523929 analytical integrals for phi_reac calculation in region 1
Time E_solv: 21.14828586578369s
Region 1: E_solv = -6747.808847960155 kcal/mol = -28232.83221986529 kJ/mol

Calculate Surface Energy (E_surf)
Time E_surf: 0.021269798278808594s

Calculate Coulomb Energy (E_coul)
Calculate Coulomb energy for region 1
Region 1: E_coul = -250565.3691456012 kcal/mol = -1048365.5045051954 kJ/mol
Time E_coul: 24.665311813354492s

------------------------------
Totals:
E_solv = -6747.808847960155 kcal/mol
E_surf = 0 kcal/mol
E_coul = -250565.3691456012 kcal/mol

Time = 8038.542301416397 s
