Run started on:
	Date: 2020/5/23
	Time: 21:28:30
	PyGBe version: 0.3.2+5.gea0f875
Config file: /cobra/u/gvargas/code/hPB/pygbe/pygbe/myCrownFinShots/sarsCov2002/snap3/snap3.config
Parameter file: /cobra/u/gvargas/code/hPB/pygbe/pygbe/myCrownFinShots/sarsCov2002/snap3/snap3.param
Geometry folder: /cobra/u/gvargas/code/hPB/pygbe/pygbe/myCrownFinShots/sarsCov2002/snap3/geometry
Running in: /cobra/u/gvargas/code/hPB/pygbe/pygbe/myCrownFinShots/sarsCov2002/snap3

Reading surface 0 from file geometry/crownVF2002
Time load mesh: 76.6414361000061
Removed areas=0: 250

Total elements : 627126
Total equations: 1254252
----------------------------

1 surfaces:

Surface 0:
	627126 elements
	Surface type         : dielectric_interface
	Cells                : 3735
	Twigs                : 3156
	Levels               : 7
	C0 size              : 112.16041172694771
	C0 box center        : 98.48641103914258, 95.88144920744263, 116.18546508888699
	Twig cell size       : 1.752506433233558
	Rbox/theta           : 3.505012866467116
	Analytic distance    : 1.2985290113660097
	Elem. per Ang^2      : 4.154021006455885
	Max, min, avg elem.  : 1.5639944821891258, 4.999999999941167e-07, 0.24073060739121704
	Total area           : 150968.42289082438
------------------------------

2 regions:

Region 0:
	Laplace or Yukawa: 2
	kappa            : 0.125
	dielectric const : 80.0
	Number of charges: 0
	Parent surface   : []
	Child surfaces   : [0]
Region 1:
	Laplace or Yukawa: 1
	kappa            : 1e-12
	dielectric const : 4.0
	Number of charges: 60378
	Parent surface   : [0]
	Child surfaces   : []
------------------------------

Parameters:
	Data type               : <class 'numpy.float64'>
	Use GPU                 : 1
	P                       : 4
	threshold               : 0.50
	theta                   : 0.50
	NCRIT                   : 500
	CUDA block size         : 128
	Gauss points per element: 1
	Gauss points near singlr: 25
	1D Gauss points per side: 9
	GMRES tolerance         : 1e-05
	GMRES max iterations    : 1000
	GMRES restart iteration : 100
----------------------------

Generate interaction list
Transfer data to GPU
Generate RHS
List time          : 3.4204373359680176s
Data transfer time : 0.41277527809143066s
RHS generation time: 11.946629285812378s
------------------------------
Total setup time   : 219.5371596813202s
Solve
Iteration: 1, relative residual: 0.4832742935178631
Iteration: 2, relative residual: 0.31298877872872766
Iteration: 3, relative residual: 0.2480147587388446
Iteration: 4, relative residual: 0.2370772212142517
Iteration: 5, relative residual: 0.15823743354406664
Iteration: 6, relative residual: 0.1264765242608489
Iteration: 7, relative residual: 0.10870881976187134
Iteration: 8, relative residual: 0.08778850795149387
Iteration: 9, relative residual: 0.0714865944846387
Iteration: 10, relative residual: 0.06337281988794641
Iteration: 11, relative residual: 0.056462024858917714
Iteration: 12, relative residual: 0.04736112108492215
Iteration: 13, relative residual: 0.038039665352336945
Iteration: 14, relative residual: 0.03189828985871716
Iteration: 15, relative residual: 0.03151024522807805
Iteration: 16, relative residual: 0.0274476237207225
Iteration: 17, relative residual: 0.023447025978926683
Iteration: 18, relative residual: 0.02101125466192135
Iteration: 19, relative residual: 0.017127073186210526
Iteration: 20, relative residual: 0.014747454914594612
Iteration: 21, relative residual: 0.013050404276431466
Iteration: 22, relative residual: 0.011727803459583627
Iteration: 23, relative residual: 0.011727509442603182
Iteration: 24, relative residual: 0.011001232693188553
Iteration: 25, relative residual: 0.009738102446959428
Iteration: 26, relative residual: 0.008435449763328124
Iteration: 27, relative residual: 0.007314569781006924
Iteration: 28, relative residual: 0.006739969219155432
Iteration: 29, relative residual: 0.0059298291192679195
Iteration: 30, relative residual: 0.005540783128124162
Iteration: 31, relative residual: 0.005380846761192912
Iteration: 32, relative residual: 0.005294410528569578
Iteration: 33, relative residual: 0.005266291061697827
Iteration: 34, relative residual: 0.005228984825725486
Iteration: 35, relative residual: 0.005034165978433108
Iteration: 36, relative residual: 0.004853148647148925
Iteration: 37, relative residual: 0.004850477404290485
Iteration: 38, relative residual: 0.004801912567680792
Iteration: 39, relative residual: 0.004469554896708326
Iteration: 40, relative residual: 0.004244525349209531
Iteration: 41, relative residual: 0.003953636738526878
Iteration: 42, relative residual: 0.003646226183616215
Iteration: 43, relative residual: 0.003443855659102855
Iteration: 44, relative residual: 0.0034368435646353153
Iteration: 45, relative residual: 0.0034313742827473547
Iteration: 46, relative residual: 0.003215281128373778
Iteration: 47, relative residual: 0.002994092250178414
Iteration: 48, relative residual: 0.002780322998807842
Iteration: 49, relative residual: 0.00266422272742294
Iteration: 50, relative residual: 0.002554101552640013
Iteration: 51, relative residual: 0.002457116193134136
Iteration: 52, relative residual: 0.002441826840825756
Iteration: 53, relative residual: 0.002430288528462337
Iteration: 54, relative residual: 0.0024263141537015013
Iteration: 55, relative residual: 0.0024251495328854043
Iteration: 56, relative residual: 0.0024051744774061523
Iteration: 57, relative residual: 0.002358940999904903
Iteration: 58, relative residual: 0.0022439949187806384
Iteration: 59, relative residual: 0.0021917537334566156
Iteration: 60, relative residual: 0.0021650991255751837
Iteration: 61, relative residual: 0.0021633593828069946
Iteration: 62, relative residual: 0.002142297017784267
Iteration: 63, relative residual: 0.0020515804612669807
Iteration: 64, relative residual: 0.0019608753529022733
Iteration: 65, relative residual: 0.0019100419474927714
Iteration: 66, relative residual: 0.0018929545801836983
Iteration: 67, relative residual: 0.0018880882768403018
Iteration: 68, relative residual: 0.0018872033776228328
Iteration: 69, relative residual: 0.001864542850900675
Iteration: 70, relative residual: 0.0018369646479142316
Iteration: 71, relative residual: 0.00183080322231033
Iteration: 72, relative residual: 0.0018145123910600996
Iteration: 73, relative residual: 0.0018130133154570355
Iteration: 74, relative residual: 0.0017870167169844085
Iteration: 75, relative residual: 0.0017657820445219998
Iteration: 76, relative residual: 0.0017088629011624077
Iteration: 77, relative residual: 0.0016344060926018716
Iteration: 78, relative residual: 0.0015681335815476002
Iteration: 79, relative residual: 0.0015348491905118028
Iteration: 80, relative residual: 0.0015217256205224939
Iteration: 81, relative residual: 0.0015153284388050988
Iteration: 82, relative residual: 0.0015150692520972087
Iteration: 83, relative residual: 0.0015039455215494172
Iteration: 84, relative residual: 0.0014836638115319353
Iteration: 85, relative residual: 0.001443132246719775
Iteration: 86, relative residual: 0.0013628783761750632
Iteration: 87, relative residual: 0.0012926266444043119
Iteration: 88, relative residual: 0.0012141371950451446
Iteration: 89, relative residual: 0.0011296960765923637
Iteration: 90, relative residual: 0.00108209319478732
Iteration: 91, relative residual: 0.0010542113929894361
Iteration: 92, relative residual: 0.0010510823257660975
Iteration: 93, relative residual: 0.0010509747098891408
Iteration: 94, relative residual: 0.0010388718056847945
Iteration: 95, relative residual: 0.0010247519688692858
Iteration: 96, relative residual: 0.0009917708255895105
Iteration: 97, relative residual: 0.0009675786245923452
Iteration: 98, relative residual: 0.0009502708459698445
Iteration: 99, relative residual: 0.000934354382981942
Iteration: 100, relative residual: 0.000934354382981942
Residual: 0.000934354382981942. Restart...
Iteration: 101, relative residual: 0.0009300633278317539
Iteration: 102, relative residual: 0.0009300633250335586
Iteration: 103, relative residual: 0.000930062989942395
Iteration: 104, relative residual: 0.0009300603224897909
Iteration: 105, relative residual: 0.0009300584497374261
Iteration: 106, relative residual: 0.0009300572891158033
Iteration: 107, relative residual: 0.0009300569702788979
Iteration: 108, relative residual: 0.0009300455921315065
Iteration: 109, relative residual: 0.000929894048843788
Iteration: 110, relative residual: 0.000929512209230518
Iteration: 111, relative residual: 0.0009295107151347909
Iteration: 112, relative residual: 0.0009293090432214395
Iteration: 113, relative residual: 0.0009285630371926591
Iteration: 114, relative residual: 0.0009270087459087571
Iteration: 115, relative residual: 0.0009244133305746679
Iteration: 116, relative residual: 0.0009220731598709869
Iteration: 117, relative residual: 0.0009186688242275786
Iteration: 118, relative residual: 0.0009140797198478035
Iteration: 119, relative residual: 0.0009100877399707483
Iteration: 120, relative residual: 0.0009066408702142565
Iteration: 121, relative residual: 0.0009048907567768572
Iteration: 122, relative residual: 0.0009034562218640123
Iteration: 123, relative residual: 0.0009033749101387796
Iteration: 124, relative residual: 0.0009033619298347117
Iteration: 125, relative residual: 0.0009028606087105689
Iteration: 126, relative residual: 0.0009024477185573378
Iteration: 127, relative residual: 0.0009020530941086048
Iteration: 128, relative residual: 0.0009019735509771147
Iteration: 129, relative residual: 0.0009018328922123848
Iteration: 130, relative residual: 0.0009017739346860054
Iteration: 131, relative residual: 0.0009003995886053938
Iteration: 132, relative residual: 0.0008992783392005832
Iteration: 133, relative residual: 0.0008992509245086913
Iteration: 134, relative residual: 0.000898936971414969
Iteration: 135, relative residual: 0.000896713203482648
Iteration: 136, relative residual: 0.0008949179402581715
Iteration: 137, relative residual: 0.0008921200062241084
Iteration: 138, relative residual: 0.0008914499656291312
Iteration: 139, relative residual: 0.0008880378343199335
Iteration: 140, relative residual: 0.0008880286812610122
Iteration: 141, relative residual: 0.0008878727191143197
Iteration: 142, relative residual: 0.0008852101505479978
Iteration: 143, relative residual: 0.0008799574385597819
Iteration: 144, relative residual: 0.0008737733404301775
Iteration: 145, relative residual: 0.0008693573538208148
Iteration: 146, relative residual: 0.0008634257851138856
Iteration: 147, relative residual: 0.0008594113769110164
Iteration: 148, relative residual: 0.0008572526141175884
Iteration: 149, relative residual: 0.0008567452042751405
Iteration: 150, relative residual: 0.0008520264109113542
Iteration: 151, relative residual: 0.0008438288815242303
Iteration: 152, relative residual: 0.0008407294919311984
Iteration: 153, relative residual: 0.0008403830491436014
Iteration: 154, relative residual: 0.0008403639916675138
Iteration: 155, relative residual: 0.0008389090908107526
Iteration: 156, relative residual: 0.0008332685309072463
Iteration: 157, relative residual: 0.0008282515098693385
Iteration: 158, relative residual: 0.0008233761957680966
Iteration: 159, relative residual: 0.0008207624028797481
Iteration: 160, relative residual: 0.0008206185481219992
Iteration: 161, relative residual: 0.0008194617086570542
Iteration: 162, relative residual: 0.0008137587628067052
Iteration: 163, relative residual: 0.0008089268945787149
Iteration: 164, relative residual: 0.0008055205872503809
Iteration: 165, relative residual: 0.000803591322866667
Iteration: 166, relative residual: 0.0008035701744475521
Iteration: 167, relative residual: 0.0008035693566854345
Iteration: 168, relative residual: 0.0008004601471422468
Iteration: 169, relative residual: 0.0007989865856079759
Iteration: 170, relative residual: 0.000794767765299024
Iteration: 171, relative residual: 0.0007902908471151844
Iteration: 172, relative residual: 0.000787764810040596
Iteration: 173, relative residual: 0.0007856389496984636
Iteration: 174, relative residual: 0.0007852022749959556
Iteration: 175, relative residual: 0.0007851247477255329
Iteration: 176, relative residual: 0.0007844691715987544
Iteration: 177, relative residual: 0.000783845210069693
Iteration: 178, relative residual: 0.0007822000545961799
Iteration: 179, relative residual: 0.0007794894793684584
Iteration: 180, relative residual: 0.0007757676163997632
Iteration: 181, relative residual: 0.00077191354314265
Iteration: 182, relative residual: 0.0007705291952464137
Iteration: 183, relative residual: 0.0007704730271661489
Iteration: 184, relative residual: 0.0007699223668585765
Iteration: 185, relative residual: 0.0007698905770511072
Iteration: 186, relative residual: 0.0007694523056819124
Iteration: 187, relative residual: 0.0007693693882843208
Iteration: 188, relative residual: 0.0007670913939814699
Iteration: 189, relative residual: 0.0007647601587931919
Iteration: 190, relative residual: 0.0007611890907079692
Iteration: 191, relative residual: 0.000759116205829785
Iteration: 192, relative residual: 0.0007558804586555419
Iteration: 193, relative residual: 0.0007557128877133991
Iteration: 194, relative residual: 0.0007554869786424825
Iteration: 195, relative residual: 0.0007548801311097201
Iteration: 196, relative residual: 0.0007537034044266037
Iteration: 197, relative residual: 0.0007524336733438958
Iteration: 198, relative residual: 0.0007500709124723708
Iteration: 199, relative residual: 0.0007461108884447387
Iteration: 200, relative residual: 0.0007461108884447387
Residual: 0.0007461108884447387. Restart...
Iteration: 201, relative residual: 0.0007403019913012922
Iteration: 202, relative residual: 0.0007403016833861835
Iteration: 203, relative residual: 0.0007403006291250958
Iteration: 204, relative residual: 0.000740300558611193
Iteration: 205, relative residual: 0.0007402996465681173
Iteration: 206, relative residual: 0.0007402980708520602
Iteration: 207, relative residual: 0.0007402896088031873
Iteration: 208, relative residual: 0.0007402817696840345
Iteration: 209, relative residual: 0.0007402420886083619
Iteration: 210, relative residual: 0.0007402073830033192
Iteration: 211, relative residual: 0.000740207195263203
Iteration: 212, relative residual: 0.0007401971179980824
Iteration: 213, relative residual: 0.0007401647243356893
Iteration: 214, relative residual: 0.0007401616111733621
Iteration: 215, relative residual: 0.0007400690121130179
Iteration: 216, relative residual: 0.0007399114618330873
Iteration: 217, relative residual: 0.000739497635238499
Iteration: 218, relative residual: 0.0007389336060719884
Iteration: 219, relative residual: 0.0007383021453321174
Iteration: 220, relative residual: 0.000737721343680512
Iteration: 221, relative residual: 0.0007375033131747163
Iteration: 222, relative residual: 0.0007375025011353098
Iteration: 223, relative residual: 0.0007372465203714157
Iteration: 224, relative residual: 0.0007369473169414176
Iteration: 225, relative residual: 0.0007368746272563125
Iteration: 226, relative residual: 0.0007368738656347014
Iteration: 227, relative residual: 0.0007368542966026968
Iteration: 228, relative residual: 0.0007366955158566792
Iteration: 229, relative residual: 0.0007364520019058614
Iteration: 230, relative residual: 0.0007360214314169661
Iteration: 231, relative residual: 0.0007356562586135747
Iteration: 232, relative residual: 0.0007356561002813566
Iteration: 233, relative residual: 0.0007356357034179572
Iteration: 234, relative residual: 0.0007354994308507398
Iteration: 235, relative residual: 0.0007353915171482285
Iteration: 236, relative residual: 0.0007353871159498709
Iteration: 237, relative residual: 0.0007353662232773215
Iteration: 238, relative residual: 0.0007352575829911779
Iteration: 239, relative residual: 0.0007351118107499867
Iteration: 240, relative residual: 0.0007351088625509133
Iteration: 241, relative residual: 0.0007350591471602269
Iteration: 242, relative residual: 0.0007350590781949006
Iteration: 243, relative residual: 0.0007350497250340718
Iteration: 244, relative residual: 0.0007349132554715989
Iteration: 245, relative residual: 0.0007346016712433415
Iteration: 246, relative residual: 0.0007340531215752347
Iteration: 247, relative residual: 0.0007339509693597016
Iteration: 248, relative residual: 0.0007332688829472639
Iteration: 249, relative residual: 0.0007330858748432514
Iteration: 250, relative residual: 0.0007330734376603252
Iteration: 251, relative residual: 0.0007330216558579759
Iteration: 252, relative residual: 0.0007328561586039698
Iteration: 253, relative residual: 0.0007325421680084991
Iteration: 254, relative residual: 0.0007322928119902095
Iteration: 255, relative residual: 0.0007321599196942925
Iteration: 256, relative residual: 0.0007321591785453687
Iteration: 257, relative residual: 0.0007317237553616522
Iteration: 258, relative residual: 0.0007313180511021474
Iteration: 259, relative residual: 0.000731281197356472
Iteration: 260, relative residual: 0.0007310042156971346
Iteration: 261, relative residual: 0.0007305813062603905
Iteration: 262, relative residual: 0.0007305371221891274
Iteration: 263, relative residual: 0.0007304395283991474
Iteration: 264, relative residual: 0.0007303843531863958
Iteration: 265, relative residual: 0.0007300582390125483
Iteration: 266, relative residual: 0.0007293456683571423
Iteration: 267, relative residual: 0.0007290942826596866
Iteration: 268, relative residual: 0.0007289941253648982
Iteration: 269, relative residual: 0.0007278687434373301
Iteration: 270, relative residual: 0.0007269428896475669
Iteration: 271, relative residual: 0.0007252105130582348
Iteration: 272, relative residual: 0.0007238292326337042
Iteration: 273, relative residual: 0.0007232913345587633
Iteration: 274, relative residual: 0.0007230906242864823
Iteration: 275, relative residual: 0.0007229646641092471
Iteration: 276, relative residual: 0.0007229291071345785
Iteration: 277, relative residual: 0.000722609365339558
Iteration: 278, relative residual: 0.0007225251678927984
Iteration: 279, relative residual: 0.0007214970983548319
Iteration: 280, relative residual: 0.000719000835906936
Iteration: 281, relative residual: 0.0007183026351773765
Iteration: 282, relative residual: 0.0007182723636058191
Iteration: 283, relative residual: 0.000718194622921553
Iteration: 284, relative residual: 0.0007181923957037446
Iteration: 285, relative residual: 0.000718085837914494
Iteration: 286, relative residual: 0.0007178099152851191
Iteration: 287, relative residual: 0.0007178092100835049
Iteration: 288, relative residual: 0.000714875393230781
Iteration: 289, relative residual: 0.000714497830193036
Iteration: 290, relative residual: 0.0007144322162430256
Iteration: 291, relative residual: 0.0007133972290429402
Iteration: 292, relative residual: 0.0007123512187517564
Iteration: 293, relative residual: 0.0007122565326203632
Iteration: 294, relative residual: 0.0007112251715100391
Iteration: 295, relative residual: 0.0007101416768851569
Iteration: 296, relative residual: 0.0007089114041186773
Iteration: 297, relative residual: 0.0007084654044952494
Iteration: 298, relative residual: 0.0007065184894106772
Iteration: 299, relative residual: 0.0007046881440104207
Iteration: 300, relative residual: 0.0007046881440104207
Residual: 0.0007046881440104207. Restart...
Iteration: 301, relative residual: 0.0007046804023199586
Iteration: 302, relative residual: 0.0007046804021379529
Iteration: 303, relative residual: 0.0007046803990363276
Iteration: 304, relative residual: 0.0007046803780118312
Iteration: 305, relative residual: 0.0007046803680367392
Iteration: 306, relative residual: 0.0007046803484715864
Iteration: 307, relative residual: 0.0007046800786323914
Iteration: 308, relative residual: 0.0007046792283375984
Iteration: 309, relative residual: 0.0007046757192136292
Iteration: 310, relative residual: 0.0007046681616996684
Iteration: 311, relative residual: 0.0007046543714705206
Iteration: 312, relative residual: 0.0007046442972166673
Iteration: 313, relative residual: 0.0007046430070460934
Iteration: 314, relative residual: 0.0007046404413641286
Iteration: 315, relative residual: 0.000704609849998181
Iteration: 316, relative residual: 0.0007045762193610684
Iteration: 317, relative residual: 0.0007044017361492402
Iteration: 318, relative residual: 0.0007042277850303316
Iteration: 319, relative residual: 0.0007038373154495857
Iteration: 320, relative residual: 0.0007033906114147315
Iteration: 321, relative residual: 0.0007032223488582387
Iteration: 322, relative residual: 0.0007031551362162666
Iteration: 323, relative residual: 0.0007031535492886111
Iteration: 324, relative residual: 0.0007030578962961571
Iteration: 325, relative residual: 0.0007028711489980377
Iteration: 326, relative residual: 0.0007027474987805428
Iteration: 327, relative residual: 0.0007027467987182088
Iteration: 328, relative residual: 0.000702635037135499
Iteration: 329, relative residual: 0.0007024994345616628
Iteration: 330, relative residual: 0.0007023038448552985
Iteration: 331, relative residual: 0.0007022648042185416
Iteration: 332, relative residual: 0.000702264738193234
Iteration: 333, relative residual: 0.0007022470739340285
Iteration: 334, relative residual: 0.0007020998171981402
Iteration: 335, relative residual: 0.0007018831021071533
Iteration: 336, relative residual: 0.0007018389742215733
Iteration: 337, relative residual: 0.0007018018645706941
Iteration: 338, relative residual: 0.0007017163830823895
Iteration: 339, relative residual: 0.0007015430337725863
Iteration: 340, relative residual: 0.0007015298327730533
Iteration: 341, relative residual: 0.0007015297740764291
Iteration: 342, relative residual: 0.0007015213360404652
Iteration: 343, relative residual: 0.0007015203866260905
Iteration: 344, relative residual: 0.0007015033161413119
Iteration: 345, relative residual: 0.000701397240285433
Iteration: 346, relative residual: 0.0007010996781539647
Iteration: 347, relative residual: 0.0007009059517571831
Iteration: 348, relative residual: 0.0007008512844351605
Iteration: 349, relative residual: 0.000700810381464193
Iteration: 350, relative residual: 0.0007007676672838029
Iteration: 351, relative residual: 0.0007005461338264063
Iteration: 352, relative residual: 0.0007002277192255947
Iteration: 353, relative residual: 0.0007000035527915466
Iteration: 354, relative residual: 0.0006998859430682838
Iteration: 355, relative residual: 0.0006998262026472365
Iteration: 356, relative residual: 0.0006998149780263116
Iteration: 357, relative residual: 0.0006993543750294336
Iteration: 358, relative residual: 0.0006984647749695316
Iteration: 359, relative residual: 0.0006981974045429191
Iteration: 360, relative residual: 0.0006979956831796851
Iteration: 361, relative residual: 0.0006979020421621902
Iteration: 362, relative residual: 0.0006978644351673601
Iteration: 363, relative residual: 0.0006971723003023309
Iteration: 364, relative residual: 0.0006967519029749083
Iteration: 365, relative residual: 0.0006959596401435281
Iteration: 366, relative residual: 0.0006953681840970569
Iteration: 367, relative residual: 0.0006953675560580044
Iteration: 368, relative residual: 0.0006951451270855902
Iteration: 369, relative residual: 0.0006949725628520634
Iteration: 370, relative residual: 0.0006946447572792813
Iteration: 371, relative residual: 0.0006930900589937099
Iteration: 372, relative residual: 0.0006915242718585524
Iteration: 373, relative residual: 0.0006915040627478638
Iteration: 374, relative residual: 0.0006914956868898763
Iteration: 375, relative residual: 0.0006911703812196563
Iteration: 376, relative residual: 0.00069047169288115
Iteration: 377, relative residual: 0.0006902242965256262
Iteration: 378, relative residual: 0.0006902030866980475
Iteration: 379, relative residual: 0.0006897539428800993
Iteration: 380, relative residual: 0.0006887774180853132
Iteration: 381, relative residual: 0.0006886593324482986
Iteration: 382, relative residual: 0.0006885791278131165
Iteration: 383, relative residual: 0.000688389896295257
Iteration: 384, relative residual: 0.0006875923492922102
Iteration: 385, relative residual: 0.0006857317831714531
Iteration: 386, relative residual: 0.0006838512747335046
Iteration: 387, relative residual: 0.0006837466847646132
Iteration: 388, relative residual: 0.0006832123351193742
Iteration: 389, relative residual: 0.0006831737695367826
Iteration: 390, relative residual: 0.0006823892004278339
Iteration: 391, relative residual: 0.0006821151073793621
Iteration: 392, relative residual: 0.0006819488641682143
Iteration: 393, relative residual: 0.0006807442352337889
Iteration: 394, relative residual: 0.000678691355190876
Iteration: 395, relative residual: 0.0006781837215967659
Iteration: 396, relative residual: 0.0006778130315354318
Iteration: 397, relative residual: 0.0006777482356157802
Iteration: 398, relative residual: 0.0006776718477787137
Iteration: 399, relative residual: 0.0006775787703718857
Iteration: 400, relative residual: 0.0006775787703718857
Residual: 0.0006775787703718857. Restart...
Iteration: 401, relative residual: 0.0006775168022417813
Iteration: 402, relative residual: 0.0006775167685325281
Iteration: 403, relative residual: 0.0006775165989586637
Iteration: 404, relative residual: 0.0006775163724350274
Iteration: 405, relative residual: 0.0006775162498286599
Iteration: 406, relative residual: 0.0006775162496902245
Iteration: 407, relative residual: 0.0006775153912649834
Iteration: 408, relative residual: 0.0006775147746402283
Iteration: 409, relative residual: 0.0006775118655566365
Iteration: 410, relative residual: 0.0006775097487260305
Iteration: 411, relative residual: 0.0006775092965316362
Iteration: 412, relative residual: 0.0006775092863110536
Iteration: 413, relative residual: 0.0006775073615398327
Iteration: 414, relative residual: 0.0006775072014536587
Iteration: 415, relative residual: 0.0006775059791817984
Iteration: 416, relative residual: 0.0006775029673221866
Iteration: 417, relative residual: 0.0006774893932187872
Iteration: 418, relative residual: 0.0006774637721895966
Iteration: 419, relative residual: 0.0006774089718167998
Iteration: 420, relative residual: 0.0006773390934202973
Iteration: 421, relative residual: 0.0006773100054153927
Iteration: 422, relative residual: 0.0006773099977895026
Iteration: 423, relative residual: 0.0006772875953919064
Iteration: 424, relative residual: 0.0006772490973629617
Iteration: 425, relative residual: 0.0006772072664903865
Iteration: 426, relative residual: 0.0006771748232746282
Iteration: 427, relative residual: 0.0006771720501108307
Iteration: 428, relative residual: 0.0006771661908195349
Iteration: 429, relative residual: 0.0006771211993790011
Iteration: 430, relative residual: 0.0006770124192459566
Iteration: 431, relative residual: 0.0006769564318373654
Iteration: 432, relative residual: 0.0006769497334172294
Iteration: 433, relative residual: 0.0006769426380492267
Iteration: 434, relative residual: 0.0006769048062566704
Iteration: 435, relative residual: 0.0006768217481831884
Iteration: 436, relative residual: 0.0006766394728386603
Iteration: 437, relative residual: 0.0006764534762952354
Iteration: 438, relative residual: 0.0006763666723519769
Iteration: 439, relative residual: 0.0006763215980853586
Iteration: 440, relative residual: 0.0006763196225746592
Iteration: 441, relative residual: 0.0006763019244747137
Iteration: 442, relative residual: 0.0006763018859378558
Iteration: 443, relative residual: 0.0006762672084354332
Iteration: 444, relative residual: 0.0006761516853251885
Iteration: 445, relative residual: 0.0006760444792363473
Iteration: 446, relative residual: 0.0006760151158836892
Iteration: 447, relative residual: 0.0006759752518022206
Iteration: 448, relative residual: 0.0006759675651115713
Iteration: 449, relative residual: 0.0006759516358577032
Iteration: 450, relative residual: 0.0006757008352983988
Iteration: 451, relative residual: 0.0006753188547333768
Iteration: 452, relative residual: 0.0006750252444674945
Iteration: 453, relative residual: 0.0006748148536638028
Iteration: 454, relative residual: 0.0006743333546423092
Iteration: 455, relative residual: 0.0006739795596489084
Iteration: 456, relative residual: 0.000673892287854585
Iteration: 457, relative residual: 0.0006738782473830892
Iteration: 458, relative residual: 0.0006738349851930183
Iteration: 459, relative residual: 0.000673679201958842
Iteration: 460, relative residual: 0.0006729514693029691
Iteration: 461, relative residual: 0.0006726604778100216
Iteration: 462, relative residual: 0.0006726473498009985
Iteration: 463, relative residual: 0.0006724813408343781
Iteration: 464, relative residual: 0.0006723370885603425
Iteration: 465, relative residual: 0.0006719056319515814
Iteration: 466, relative residual: 0.0006712253453848754
Iteration: 467, relative residual: 0.0006709194364648684
Iteration: 468, relative residual: 0.000670864563952761
Iteration: 469, relative residual: 0.0006708249753165179
Iteration: 470, relative residual: 0.0006705153148265262
Iteration: 471, relative residual: 0.0006696277897547619
Iteration: 472, relative residual: 0.0006690686124434667
Iteration: 473, relative residual: 0.0006689014284791216
Iteration: 474, relative residual: 0.0006688325909222964
Iteration: 475, relative residual: 0.0006687914661626232
Iteration: 476, relative residual: 0.0006684395691492814
Iteration: 477, relative residual: 0.0006680220472029522
Iteration: 478, relative residual: 0.0006678669594621663
Iteration: 479, relative residual: 0.0006676128605306403
Iteration: 480, relative residual: 0.0006674562100413777
Iteration: 481, relative residual: 0.0006671214658763021
Iteration: 482, relative residual: 0.0006671007611623042
Iteration: 483, relative residual: 0.0006670805876556921
Iteration: 484, relative residual: 0.0006665790849067273
Iteration: 485, relative residual: 0.0006662595788822491
Iteration: 486, relative residual: 0.0006661689707547667
Iteration: 487, relative residual: 0.0006657429597884087
Iteration: 488, relative residual: 0.0006649859608202159
Iteration: 489, relative residual: 0.0006649458204528433
Iteration: 490, relative residual: 0.0006649402803794818
Iteration: 491, relative residual: 0.0006649378561963999
Iteration: 492, relative residual: 0.0006642543338042466
Iteration: 493, relative residual: 0.0006638404029736755
Iteration: 494, relative residual: 0.0006635790290304424
Iteration: 495, relative residual: 0.0006627861242320093
Iteration: 496, relative residual: 0.0006610304428044945
Iteration: 497, relative residual: 0.0006607745367188928
Iteration: 498, relative residual: 0.0006606508010435709
Iteration: 499, relative residual: 0.0006606425942967058
Iteration: 500, relative residual: 0.0006606425942967058
Residual: 0.0006606425942967058. Restart...
Iteration: 501, relative residual: 0.0006606396310701801
Iteration: 502, relative residual: 0.0006606396296349587
Iteration: 503, relative residual: 0.0006606396258145074
Iteration: 504, relative residual: 0.0006606396257774398
Iteration: 505, relative residual: 0.0006606396224112712
Iteration: 506, relative residual: 0.0006606396214718231
Iteration: 507, relative residual: 0.0006606396136547459
Iteration: 508, relative residual: 0.0006606395429495728
Iteration: 509, relative residual: 0.0006606389007565781
Iteration: 510, relative residual: 0.0006606362290581808
Iteration: 511, relative residual: 0.0006606312506643811
Iteration: 512, relative residual: 0.0006606292751839618
Iteration: 513, relative residual: 0.0006606291710908113
Iteration: 514, relative residual: 0.0006606233002734287
Iteration: 515, relative residual: 0.0006606038046597986
Iteration: 516, relative residual: 0.0006605838724814533
Iteration: 517, relative residual: 0.0006604953340998801
Iteration: 518, relative residual: 0.0006603852797344872
Iteration: 519, relative residual: 0.0006602033075380653
Iteration: 520, relative residual: 0.0006600342286938407
Iteration: 521, relative residual: 0.0006599758611356795
Iteration: 522, relative residual: 0.0006599717463312059
Iteration: 523, relative residual: 0.000659948222338582
Iteration: 524, relative residual: 0.0006598759019203948
Iteration: 525, relative residual: 0.0006597597536798741
Iteration: 526, relative residual: 0.0006596887929262059
Iteration: 527, relative residual: 0.000659681652850611
Iteration: 528, relative residual: 0.0006596665358305646
Iteration: 529, relative residual: 0.0006596224266919694
Iteration: 530, relative residual: 0.0006595279884846494
Iteration: 531, relative residual: 0.000659488765080991
Iteration: 532, relative residual: 0.0006594814884245933
Iteration: 533, relative residual: 0.0006594724366193554
Iteration: 534, relative residual: 0.0006594150212822793
Iteration: 535, relative residual: 0.0006593337936088549
Iteration: 536, relative residual: 0.0006592075025406919
Iteration: 537, relative residual: 0.000659101042326533
Iteration: 538, relative residual: 0.0006590084555075385
Iteration: 539, relative residual: 0.0006588702878795601
Iteration: 540, relative residual: 0.000658835374032573
Iteration: 541, relative residual: 0.0006587995641067513
Iteration: 542, relative residual: 0.0006587928190799225
Iteration: 543, relative residual: 0.0006587863994557068
Iteration: 544, relative residual: 0.0006586810160349443
Iteration: 545, relative residual: 0.0006585093154812164
Iteration: 546, relative residual: 0.0006583569821634558
Iteration: 547, relative residual: 0.0006582793121450007
Iteration: 548, relative residual: 0.0006582263984119536
Iteration: 549, relative residual: 0.0006582218878496562
Iteration: 550, relative residual: 0.0006581629984608772
Iteration: 551, relative residual: 0.000657977338038336
Iteration: 552, relative residual: 0.0006578091582332538
Iteration: 553, relative residual: 0.0006577384734992712
Iteration: 554, relative residual: 0.0006576598280842761
Iteration: 555, relative residual: 0.0006576193150747974
Iteration: 556, relative residual: 0.0006576183392268547
Iteration: 557, relative residual: 0.000657558061751242
Iteration: 558, relative residual: 0.0006574307238455165
Iteration: 559, relative residual: 0.0006572829181592389
Iteration: 560, relative residual: 0.0006569533397845431
Iteration: 561, relative residual: 0.0006566103400622536
Iteration: 562, relative residual: 0.0006564543814654082
Iteration: 563, relative residual: 0.0006564472266424275
Iteration: 564, relative residual: 0.0006564142051353734
Iteration: 565, relative residual: 0.0006560576490469161
Iteration: 566, relative residual: 0.0006556401517638182
Iteration: 567, relative residual: 0.0006555919383508742
Iteration: 568, relative residual: 0.0006555913438465777
Iteration: 569, relative residual: 0.0006555753887050678
Iteration: 570, relative residual: 0.0006553513190640062
Iteration: 571, relative residual: 0.0006547827266908348
Iteration: 572, relative residual: 0.0006543012760115516
Iteration: 573, relative residual: 0.0006540975370252768
Iteration: 574, relative residual: 0.0006540233453619337
Iteration: 575, relative residual: 0.0006540206270250191
Iteration: 576, relative residual: 0.0006537713647370362
Iteration: 577, relative residual: 0.0006534328242213951
Iteration: 578, relative residual: 0.0006532528173262841
Iteration: 579, relative residual: 0.0006528290314293128
Iteration: 580, relative residual: 0.000652639622285893
Iteration: 581, relative residual: 0.0006525900787571345
Iteration: 582, relative residual: 0.0006525899010104366
Iteration: 583, relative residual: 0.000652528741792746
Iteration: 584, relative residual: 0.0006518484669170319
Iteration: 585, relative residual: 0.0006508412444736717
Iteration: 586, relative residual: 0.0006499843091053628
Iteration: 587, relative residual: 0.0006498657619394886
Iteration: 588, relative residual: 0.000649756524961765
Iteration: 589, relative residual: 0.0006497451474466083
Iteration: 590, relative residual: 0.0006497429471106674
Iteration: 591, relative residual: 0.0006497301583318877
Iteration: 592, relative residual: 0.0006497141950826667
Iteration: 593, relative residual: 0.0006497141643808734
Iteration: 594, relative residual: 0.0006496694382433408
Iteration: 595, relative residual: 0.0006492962503067892
Iteration: 596, relative residual: 0.0006491357281651792
Iteration: 597, relative residual: 0.0006489547591861985
Iteration: 598, relative residual: 0.0006489362385443822
Iteration: 599, relative residual: 0.0006486863581344492
Iteration: 600, relative residual: 0.0006486863581344492
Residual: 0.0006486863581344492. Restart...
Iteration: 601, relative residual: 0.0006485018668932745
Iteration: 602, relative residual: 0.0006485018295529322
Iteration: 603, relative residual: 0.0006485016585463187
Iteration: 604, relative residual: 0.0006485014207889025
Iteration: 605, relative residual: 0.0006485012841904144
Iteration: 606, relative residual: 0.0006485012841670471
Iteration: 607, relative residual: 0.0006485003709905295
Iteration: 608, relative residual: 0.0006484994921593093
Iteration: 609, relative residual: 0.0006484953104177885
Iteration: 610, relative residual: 0.0006484891417589594
Iteration: 611, relative residual: 0.0006484824182475871
Iteration: 612, relative residual: 0.0006484773994138537
Iteration: 613, relative residual: 0.000648475623091104
Iteration: 614, relative residual: 0.0006484753753216409
Iteration: 615, relative residual: 0.0006484733836380243
Iteration: 616, relative residual: 0.0006484708210526815
Iteration: 617, relative residual: 0.0006484564142215024
Iteration: 618, relative residual: 0.0006484355904508249
Iteration: 619, relative residual: 0.0006483880340292274
Iteration: 620, relative residual: 0.0006483429798443831
Iteration: 621, relative residual: 0.0006483383819338083
Iteration: 622, relative residual: 0.0006483263494342134
Iteration: 623, relative residual: 0.0006482815449690936
Iteration: 624, relative residual: 0.0006482174439646219
Iteration: 625, relative residual: 0.0006481679900418185
Iteration: 626, relative residual: 0.0006481505014057486
Iteration: 627, relative residual: 0.0006481472408424825
Iteration: 628, relative residual: 0.000648134647295879
Iteration: 629, relative residual: 0.0006481022029821005
Iteration: 630, relative residual: 0.0006480338859221935
Iteration: 631, relative residual: 0.0006480090351690341
Iteration: 632, relative residual: 0.0006480052731259869
Iteration: 633, relative residual: 0.0006480026455507094
Iteration: 634, relative residual: 0.0006479684444233307
Iteration: 635, relative residual: 0.0006478853637072151
Iteration: 636, relative residual: 0.0006477207602063764
Iteration: 637, relative residual: 0.0006475533774588936
Iteration: 638, relative residual: 0.000647472034068139
Iteration: 639, relative residual: 0.0006474081332051811
Iteration: 640, relative residual: 0.0006474020098348942
Iteration: 641, relative residual: 0.0006474012849964538
Iteration: 642, relative residual: 0.0006473958094259107
Iteration: 643, relative residual: 0.0006473758502492069
Iteration: 644, relative residual: 0.0006473280474248066
Iteration: 645, relative residual: 0.0006472704166749114
Iteration: 646, relative residual: 0.0006472151170129547
Iteration: 647, relative residual: 0.0006471467525077616
Iteration: 648, relative residual: 0.0006471229883646609
Iteration: 649, relative residual: 0.0006471189617746725
Iteration: 650, relative residual: 0.000647057067399162
Iteration: 651, relative residual: 0.00064689955894145
Iteration: 652, relative residual: 0.0006467190360156548
Iteration: 653, relative residual: 0.0006466253064464702
Iteration: 654, relative residual: 0.0006464824508571362
Iteration: 655, relative residual: 0.0006463725868799347
Iteration: 656, relative residual: 0.0006462849758832204
Iteration: 657, relative residual: 0.0006462704941183351
Iteration: 658, relative residual: 0.0006462647853633762
Iteration: 659, relative residual: 0.0006462367449805861
Iteration: 660, relative residual: 0.0006461556959945803
Iteration: 661, relative residual: 0.0006460800693121549
Iteration: 662, relative residual: 0.000646038978977025
Iteration: 663, relative residual: 0.000646035178161654
Iteration: 664, relative residual: 0.0006459656398540896
Iteration: 665, relative residual: 0.0006457634927396008
Iteration: 666, relative residual: 0.0006454419422831589
Iteration: 667, relative residual: 0.0006452793246313732
Iteration: 668, relative residual: 0.0006451484717985968
Iteration: 669, relative residual: 0.0006451195656057115
Iteration: 670, relative residual: 0.0006450608772565637
Iteration: 671, relative residual: 0.0006446557997700213
Iteration: 672, relative residual: 0.0006441336567211315
Iteration: 673, relative residual: 0.0006439725911050323
Iteration: 674, relative residual: 0.0006439600973290906
Iteration: 675, relative residual: 0.0006439577146878523
Iteration: 676, relative residual: 0.000643949959153331
Iteration: 677, relative residual: 0.0006438746931508608
Iteration: 678, relative residual: 0.0006437160366190259
Iteration: 679, relative residual: 0.0006435104724514572
Iteration: 680, relative residual: 0.0006432729324342476
Iteration: 681, relative residual: 0.0006429959291061833
Iteration: 682, relative residual: 0.000642757228767942
Iteration: 683, relative residual: 0.0006427501182397546
Iteration: 684, relative residual: 0.0006426046257879214
Iteration: 685, relative residual: 0.00064242430710019
Iteration: 686, relative residual: 0.0006423763107758865
Iteration: 687, relative residual: 0.0006422557776746065
Iteration: 688, relative residual: 0.0006419943985042402
Iteration: 689, relative residual: 0.0006418417191656627
Iteration: 690, relative residual: 0.0006417656144362664
Iteration: 691, relative residual: 0.0006417604987971882
Iteration: 692, relative residual: 0.0006417340199854282
Iteration: 693, relative residual: 0.0006417149454473699
Iteration: 694, relative residual: 0.0006416646834004644
Iteration: 695, relative residual: 0.0006412751793358544
Iteration: 696, relative residual: 0.0006408216938266568
Iteration: 697, relative residual: 0.0006406361977859634
Iteration: 698, relative residual: 0.0006405139610181228
Iteration: 699, relative residual: 0.0006403580451159887
Iteration: 700, relative residual: 0.0006403580451159887
Residual: 0.0006403580451159887. Restart...
Iteration: 701, relative residual: 0.0006401434859188408
Iteration: 702, relative residual: 0.0006401434780589589
Iteration: 703, relative residual: 0.0006401434369815247
Iteration: 704, relative residual: 0.0006401433537402535
Iteration: 705, relative residual: 0.0006401432634792336
Iteration: 706, relative residual: 0.0006401432422221813
Iteration: 707, relative residual: 0.0006401429191817962
Iteration: 708, relative residual: 0.0006401424979792163
Iteration: 709, relative residual: 0.0006401406325122783
Iteration: 710, relative residual: 0.0006401375111188964
Iteration: 711, relative residual: 0.000640133972679761
Iteration: 712, relative residual: 0.000640131995407317
Iteration: 713, relative residual: 0.0006401316842134779
Iteration: 714, relative residual: 0.0006401314967157899
Iteration: 715, relative residual: 0.0006401284780934754
Iteration: 716, relative residual: 0.0006401245343259263
Iteration: 717, relative residual: 0.000640103667804132
Iteration: 718, relative residual: 0.000640072140640601
Iteration: 719, relative residual: 0.0006400054624234318
Iteration: 720, relative residual: 0.0006399317646700447
Iteration: 721, relative residual: 0.000639897394545016
Iteration: 722, relative residual: 0.0006398960472909364
Iteration: 723, relative residual: 0.0006398827292803622
Iteration: 724, relative residual: 0.0006398489491372085
Iteration: 725, relative residual: 0.0006397998593731529
Iteration: 726, relative residual: 0.000639757801635242
Iteration: 727, relative residual: 0.0006397437849267428
Iteration: 728, relative residual: 0.0006397406815876124
Iteration: 729, relative residual: 0.0006397135509404758
Iteration: 730, relative residual: 0.0006396513045381804
Iteration: 731, relative residual: 0.0006396243805600487
Iteration: 732, relative residual: 0.0006396211899217643
Iteration: 733, relative residual: 0.0006396202854282453
Iteration: 734, relative residual: 0.0006396049729024268
Iteration: 735, relative residual: 0.0006395589391402698
Iteration: 736, relative residual: 0.0006394580317756777
Iteration: 737, relative residual: 0.0006393228736740975
Iteration: 738, relative residual: 0.0006392486472650806
Iteration: 739, relative residual: 0.0006391808332459292
Iteration: 740, relative residual: 0.0006391633982729325
Iteration: 741, relative residual: 0.0006391318284777553
Iteration: 742, relative residual: 0.0006391023058553024
Iteration: 743, relative residual: 0.0006390941491550791
Iteration: 744, relative residual: 0.0006390918934902896
Iteration: 745, relative residual: 0.000639070767191154
Iteration: 746, relative residual: 0.0006390261819962229
Iteration: 747, relative residual: 0.0006389403586928043
Iteration: 748, relative residual: 0.0006388480777543362
Iteration: 749, relative residual: 0.0006387840965337684
Iteration: 750, relative residual: 0.0006387632279054665
Iteration: 751, relative residual: 0.0006387617092979895
Iteration: 752, relative residual: 0.0006387188537133718
Iteration: 753, relative residual: 0.0006386135413770659
Iteration: 754, relative residual: 0.0006384466717940892
Iteration: 755, relative residual: 0.0006383697706327713
Iteration: 756, relative residual: 0.000638335416166624
Iteration: 757, relative residual: 0.0006383351997039519
Iteration: 758, relative residual: 0.0006383095530169761
Iteration: 759, relative residual: 0.0006382533981848704
Iteration: 760, relative residual: 0.0006381487338756147
Iteration: 761, relative residual: 0.0006380729782725522
Iteration: 762, relative residual: 0.0006380620189281547
Iteration: 763, relative residual: 0.0006380035873394645
Iteration: 764, relative residual: 0.0006378743006283103
Iteration: 765, relative residual: 0.0006376513510484916
Iteration: 766, relative residual: 0.0006372756156081262
Iteration: 767, relative residual: 0.000637019237356437
Iteration: 768, relative residual: 0.0006369857879485577
Iteration: 769, relative residual: 0.000636981496260589
Iteration: 770, relative residual: 0.000636900139673701
Iteration: 771, relative residual: 0.0006366679716939526
Iteration: 772, relative residual: 0.000636423587262814
Iteration: 773, relative residual: 0.0006361210295006552
Iteration: 774, relative residual: 0.0006359648596805442
Iteration: 775, relative residual: 0.0006359052347310576
Iteration: 776, relative residual: 0.000635901716026243
Iteration: 777, relative residual: 0.0006358745462760383
Iteration: 778, relative residual: 0.0006357392335271891
Iteration: 779, relative residual: 0.000635540815569554
Iteration: 780, relative residual: 0.0006353012955023694
Iteration: 781, relative residual: 0.000635097839914206
Iteration: 782, relative residual: 0.0006350891334761377
Iteration: 783, relative residual: 0.0006350406281249463
Iteration: 784, relative residual: 0.0006349527532766055
Iteration: 785, relative residual: 0.0006348859856689925
Iteration: 786, relative residual: 0.00063473391061996
Iteration: 787, relative residual: 0.0006344151481018604
Iteration: 788, relative residual: 0.0006340697323924981
Iteration: 789, relative residual: 0.0006339684921860269
Iteration: 790, relative residual: 0.0006338691521526276
Iteration: 791, relative residual: 0.0006337396460383657
Iteration: 792, relative residual: 0.0006337244096240618
Iteration: 793, relative residual: 0.0006337104141774453
Iteration: 794, relative residual: 0.0006336932550831029
Iteration: 795, relative residual: 0.0006336804222190207
Iteration: 796, relative residual: 0.0006336684452606729
Iteration: 797, relative residual: 0.0006335684489508405
Iteration: 798, relative residual: 0.0006334652055005696
Iteration: 799, relative residual: 0.0006334123056599142
Iteration: 800, relative residual: 0.0006334123056599142
Residual: 0.0006334123056599142. Restart...
Iteration: 801, relative residual: 0.0006332727280762182
Iteration: 802, relative residual: 0.0006332727230879406
Iteration: 803, relative residual: 0.0006332727099427689
Iteration: 804, relative residual: 0.0006332727035611034
Iteration: 805, relative residual: 0.000633272703249295
Iteration: 806, relative residual: 0.0006332727032332068
Iteration: 807, relative residual: 0.0006332727017471082
Iteration: 808, relative residual: 0.0006332727010116454
Iteration: 809, relative residual: 0.0006332727000174571
Iteration: 810, relative residual: 0.00063327269992709
Iteration: 811, relative residual: 0.0006332726969733985
Iteration: 812, relative residual: 0.000633272693804994
Iteration: 813, relative residual: 0.0006332726924969521
Iteration: 814, relative residual: 0.0006332726770004833
Iteration: 815, relative residual: 0.0006332726769698127
Iteration: 816, relative residual: 0.000633272603848201
Iteration: 817, relative residual: 0.0006332720642047552
Iteration: 818, relative residual: 0.0006332709518029141
Iteration: 819, relative residual: 0.0006332680843461346
Iteration: 820, relative residual: 0.0006332648059534776
Iteration: 821, relative residual: 0.0006332642108367463
Iteration: 822, relative residual: 0.0006332636242165943
Iteration: 823, relative residual: 0.0006332572860850782
Iteration: 824, relative residual: 0.0006332484494206079
Iteration: 825, relative residual: 0.0006332380024816197
Iteration: 826, relative residual: 0.0006332297542314398
Iteration: 827, relative residual: 0.0006332283109627584
Iteration: 828, relative residual: 0.0006332254488350166
Iteration: 829, relative residual: 0.0006332178010209145
Iteration: 830, relative residual: 0.0006332041798466501
Iteration: 831, relative residual: 0.000633197109799599
Iteration: 832, relative residual: 0.0006331955762135175
Iteration: 833, relative residual: 0.0006331955498148594
Iteration: 834, relative residual: 0.0006331938400988758
Iteration: 835, relative residual: 0.0006331816750939729
Iteration: 836, relative residual: 0.0006331379248999973
Iteration: 837, relative residual: 0.000633065811441387
Iteration: 838, relative residual: 0.0006330154420285872
Iteration: 839, relative residual: 0.0006329572668527495
Iteration: 840, relative residual: 0.0006329249560595906
Iteration: 841, relative residual: 0.0006328712180247198
Iteration: 842, relative residual: 0.0006327832576674624
Iteration: 843, relative residual: 0.0006327265886551665
Iteration: 844, relative residual: 0.000632713093436444
Iteration: 845, relative residual: 0.000632713011958934
Iteration: 846, relative residual: 0.000632705445100192
Iteration: 847, relative residual: 0.0006326671480853881
Iteration: 848, relative residual: 0.000632614899353675
Iteration: 849, relative residual: 0.0006325821650081122
Iteration: 850, relative residual: 0.0006325785873402088
Iteration: 851, relative residual: 0.0006325676430410384
Iteration: 852, relative residual: 0.000632530014507711
Iteration: 853, relative residual: 0.0006324759942316449
Iteration: 854, relative residual: 0.0006323409939602931
Iteration: 855, relative residual: 0.000632208162570396
Iteration: 856, relative residual: 0.000632063561750223
Iteration: 857, relative residual: 0.0006320471675575016
Iteration: 858, relative residual: 0.0006320450475075316
Iteration: 859, relative residual: 0.0006320025556684138
Iteration: 860, relative residual: 0.0006318761932973462
Iteration: 861, relative residual: 0.0006316614235529376
Iteration: 862, relative residual: 0.0006315041150989589
Iteration: 863, relative residual: 0.0006314569515449843
Iteration: 864, relative residual: 0.0006314552691266992
Iteration: 865, relative residual: 0.0006314232342491446
Iteration: 866, relative residual: 0.000631151506716084
Iteration: 867, relative residual: 0.0006308396853010851
Iteration: 868, relative residual: 0.0006305753855189477
Iteration: 869, relative residual: 0.0006303945529044965
Iteration: 870, relative residual: 0.0006303491254449562
Iteration: 871, relative residual: 0.0006303424555552435
Iteration: 872, relative residual: 0.0006302801298847615
Iteration: 873, relative residual: 0.0006301400822341986
Iteration: 874, relative residual: 0.0006300574414726325
Iteration: 875, relative residual: 0.0006298754494553705
Iteration: 876, relative residual: 0.0006297911681239457
Iteration: 877, relative residual: 0.000629775565923361
Iteration: 878, relative residual: 0.0006297684577853211
Iteration: 879, relative residual: 0.0006297252163670199
Iteration: 880, relative residual: 0.0006295884488720668
Iteration: 881, relative residual: 0.000629345737719067
Iteration: 882, relative residual: 0.0006289728083084767
Iteration: 883, relative residual: 0.000628783483851629
Iteration: 884, relative residual: 0.0006286584224727303
Iteration: 885, relative residual: 0.0006286028324241522
Iteration: 886, relative residual: 0.0006286026397747578
Iteration: 887, relative residual: 0.0006284961854817727
Iteration: 888, relative residual: 0.0006282158648052183
Iteration: 889, relative residual: 0.000627919407951078
Iteration: 890, relative residual: 0.0006277631688574635
Iteration: 891, relative residual: 0.0006276626271883086
Iteration: 892, relative residual: 0.0006276624921227091
Iteration: 893, relative residual: 0.0006276554759842589
Iteration: 894, relative residual: 0.0006276458718946135
Iteration: 895, relative residual: 0.0006276351214866208
Iteration: 896, relative residual: 0.0006275710171195608
Iteration: 897, relative residual: 0.0006274873676194334
Iteration: 898, relative residual: 0.0006274255020042368
Iteration: 899, relative residual: 0.0006273093935037203
Iteration: 900, relative residual: 0.0006273093935037203
Residual: 0.0006273093935037203. Restart...
Iteration: 901, relative residual: 0.0006270080091139528
Iteration: 902, relative residual: 0.0006270079248315523
Iteration: 903, relative residual: 0.0006270076790060789
Iteration: 904, relative residual: 0.0006270074766547593
Iteration: 905, relative residual: 0.0006270074388127394
Iteration: 906, relative residual: 0.0006270074304266445
Iteration: 907, relative residual: 0.000627007089540987
Iteration: 908, relative residual: 0.0006270069761817179
Iteration: 909, relative residual: 0.0006270063966718236
Iteration: 910, relative residual: 0.0006270054338903135
Iteration: 911, relative residual: 0.00062700426614181
Iteration: 912, relative residual: 0.0006270034954427661
Iteration: 913, relative residual: 0.0006270034954362945
Iteration: 914, relative residual: 0.0006270028953508978
Iteration: 915, relative residual: 0.0006270015783155378
Iteration: 916, relative residual: 0.0006270011128194444
Iteration: 917, relative residual: 0.0006270007059611468
Iteration: 918, relative residual: 0.0006270007058338683
Iteration: 919, relative residual: 0.0006270003136590065
Iteration: 920, relative residual: 0.0006269982494026059
Iteration: 921, relative residual: 0.0006269955984550977
Iteration: 922, relative residual: 0.0006269944187257362
Iteration: 923, relative residual: 0.0006269941431627121
Iteration: 924, relative residual: 0.0006269935608020094
Iteration: 925, relative residual: 0.0006269917436301844
Iteration: 926, relative residual: 0.0006269865748289874
Iteration: 927, relative residual: 0.0006269812204374523
Iteration: 928, relative residual: 0.0006269806465734743
Iteration: 929, relative residual: 0.0006269803054332717
Iteration: 930, relative residual: 0.0006269755086276197
Iteration: 931, relative residual: 0.0006269687868189918
Iteration: 932, relative residual: 0.0006269634418198427
Iteration: 933, relative residual: 0.0006269582495959475
Iteration: 934, relative residual: 0.0006269546560343153
Iteration: 935, relative residual: 0.0006269546013930977
Iteration: 936, relative residual: 0.0006269520090403262
Iteration: 937, relative residual: 0.0006269211735224542
Iteration: 938, relative residual: 0.000626893970332693
Iteration: 939, relative residual: 0.0006268377214448984
Iteration: 940, relative residual: 0.0006267939522075663
Iteration: 941, relative residual: 0.0006266501873196783
Iteration: 942, relative residual: 0.0006263969409392782
Iteration: 943, relative residual: 0.0006261822867019836
Iteration: 944, relative residual: 0.0006261015577495234
Iteration: 945, relative residual: 0.0006260672324504483
Iteration: 946, relative residual: 0.0006260656114056712
Iteration: 947, relative residual: 0.0006260434211042659
Iteration: 948, relative residual: 0.0006259913790504072
Iteration: 949, relative residual: 0.000625931863688856
Iteration: 950, relative residual: 0.0006258940203808916
Iteration: 951, relative residual: 0.0006258913848700608
Iteration: 952, relative residual: 0.0006258908429254487
Iteration: 953, relative residual: 0.000625872823193657
Iteration: 954, relative residual: 0.0006257756774916716
Iteration: 955, relative residual: 0.0006256201024356546
Iteration: 956, relative residual: 0.000625412067142857
Iteration: 957, relative residual: 0.0006253734304638805
Iteration: 958, relative residual: 0.0006253700316837648
Iteration: 959, relative residual: 0.0006253573864143578
Iteration: 960, relative residual: 0.0006252446164974638
Iteration: 961, relative residual: 0.0006250521402564568
Iteration: 962, relative residual: 0.0006249354343523934
Iteration: 963, relative residual: 0.0006248933163654198
Iteration: 964, relative residual: 0.000624893312829851
Iteration: 965, relative residual: 0.0006248463035604881
Iteration: 966, relative residual: 0.000624540915965332
Iteration: 967, relative residual: 0.0006242377120629184
Iteration: 968, relative residual: 0.000624064775097839
Iteration: 969, relative residual: 0.0006240392642728165
Iteration: 970, relative residual: 0.0006240376862735508
Iteration: 971, relative residual: 0.0006238750297993108
Iteration: 972, relative residual: 0.0006236295629358384
Iteration: 973, relative residual: 0.0006234327337970219
Iteration: 974, relative residual: 0.0006233053203630011
Iteration: 975, relative residual: 0.00062316011743769
Iteration: 976, relative residual: 0.0006231060204726986
Iteration: 977, relative residual: 0.0006231047219152777
Iteration: 978, relative residual: 0.0006230849124638867
Iteration: 979, relative residual: 0.0006230221763823641
Iteration: 980, relative residual: 0.0006228971583486871
Iteration: 981, relative residual: 0.0006226795274183145
Iteration: 982, relative residual: 0.0006224239507807145
Iteration: 983, relative residual: 0.0006222792748764213
Iteration: 984, relative residual: 0.0006222138395778794
Iteration: 985, relative residual: 0.0006221753262201611
Iteration: 986, relative residual: 0.0006221453781876244
Iteration: 987, relative residual: 0.0006219999439868411
Iteration: 988, relative residual: 0.0006216727712703607
Iteration: 989, relative residual: 0.0006215684063522882
Iteration: 990, relative residual: 0.0006214679492244168
Iteration: 991, relative residual: 0.0006213845904696226
Iteration: 992, relative residual: 0.0006213741986070912
Iteration: 993, relative residual: 0.000621368776281048
Iteration: 994, relative residual: 0.0006213043061382987
Iteration: 995, relative residual: 0.0006212635799992588
Iteration: 996, relative residual: 0.0006212635784471625
Iteration: 997, relative residual: 0.0006212568589237053
Iteration: 998, relative residual: 0.000621252273382593
Iteration: 999, relative residual: 0.0006211922716487331
Iteration: 1000, relative residual: 0.0006211922716487331
Residual: 0.0006211922716487331. Restart...
Warning!!!!You have reached the maximum number of iterations : 1000.
The run will stop. Check the residual behaviour you might have a bug.For future runs you might consider changing the tolerance or increasing the number of max_iter.
Solve time        : 4572.284542798996s

Calculate Solvation Energy (E_solv)
Calculating solvation energy for region 1, stored in E_solv[0]
6187.866027360959 of 627126 analytical integrals for phi_reac calculation in region 1
Time E_solv: 5.305254936218262s
Region 1: E_solv = -7960.17407608003 kcal/mol = -33305.368334318846 kJ/mol

Calculate Surface Energy (E_surf)
Time E_surf: 0.020734071731567383s

Calculate Coulomb Energy (E_coul)
Calculate Coulomb energy for region 1
Region 1: E_coul = -287914.2639622298 kcal/mol = -1204633.2804179695 kJ/mol
Time E_coul: 33.50171089172363s

------------------------------
Totals:
E_solv = -7960.17407608003 kcal/mol
E_surf = 0 kcal/mol
E_coul = -287914.2639622298 kcal/mol

Time = 4834.024139165878 s
