Run started on:
	Date: 2020/5/23
	Time: 21:26:43
	PyGBe version: 0.3.2+5.gea0f875
Config file: /cobra/u/gvargas/code/hPB/pygbe/pygbe/myCrownFinShots/sarsCov2002/snap1/snap1.config
Parameter file: /cobra/u/gvargas/code/hPB/pygbe/pygbe/myCrownFinShots/sarsCov2002/snap1/snap1.param
Geometry folder: /cobra/u/gvargas/code/hPB/pygbe/pygbe/myCrownFinShots/sarsCov2002/snap1/geometry
Running in: /cobra/u/gvargas/code/hPB/pygbe/pygbe/myCrownFinShots/sarsCov2002/snap1

Reading surface 0 from file geometry/crownVF2002
Time load mesh: 10.648355722427368
Removed areas=0: 236

Total elements : 621269
Total equations: 1242538
----------------------------

1 surfaces:

Surface 0:
	621269 elements
	Surface type         : dielectric_interface
	Cells                : 4500
	Twigs                : 3832
	Levels               : 7
	C0 size              : 128.66200136182775
	C0 box center        : 94.37620274309518, 84.5697135465206, 124.59817169481606
	Twig cell size       : 2.0103437712785586
	Rbox/theta           : 4.020687542557117
	Analytic distance    : 1.2995088769897503
	Elem. per Ang^2      : 4.149749616023984
	Max, min, avg elem.  : 1.5968132668205128, 4.999999999941167e-07, 0.2409783944888063
	Total area           : 149712.4061656662
------------------------------

2 regions:

Region 0:
	Laplace or Yukawa: 2
	kappa            : 0.125
	dielectric const : 80.0
	Number of charges: 0
	Parent surface   : []
	Child surfaces   : [0]
Region 1:
	Laplace or Yukawa: 1
	kappa            : 1e-12
	dielectric const : 4.0
	Number of charges: 60380
	Parent surface   : [0]
	Child surfaces   : []
------------------------------

Parameters:
	Data type               : <class 'numpy.float64'>
	Use GPU                 : 1
	P                       : 4
	threshold               : 0.50
	theta                   : 0.50
	NCRIT                   : 500
	CUDA block size         : 128
	Gauss points per element: 1
	Gauss points near singlr: 25
	1D Gauss points per side: 9
	GMRES tolerance         : 1e-05
	GMRES max iterations    : 1000
	GMRES restart iteration : 100
----------------------------

Generate interaction list
Transfer data to GPU
Generate RHS
List time          : 4.335524797439575s
Data transfer time : 0.5469975471496582s
RHS generation time: 11.436341047286987s
------------------------------
Total setup time   : 92.69417476654053s
Solve
Iteration: 1, relative residual: 0.5314806858183281
Iteration: 2, relative residual: 0.38562090712652075
Iteration: 3, relative residual: 0.28231425070574656
Iteration: 4, relative residual: 0.2110836248951302
Iteration: 5, relative residual: 0.1890276899973757
Iteration: 6, relative residual: 0.15558887097518748
Iteration: 7, relative residual: 0.12266885892772475
Iteration: 8, relative residual: 0.09688434878453456
Iteration: 9, relative residual: 0.0830885987347074
Iteration: 10, relative residual: 0.06975250066566328
Iteration: 11, relative residual: 0.06011082569668695
Iteration: 12, relative residual: 0.05328918343208716
Iteration: 13, relative residual: 0.05309454990424572
Iteration: 14, relative residual: 0.04695545496202048
Iteration: 15, relative residual: 0.04263175404432041
Iteration: 16, relative residual: 0.03660849603253031
Iteration: 17, relative residual: 0.03322538159886796
Iteration: 18, relative residual: 0.03239339818071977
Iteration: 19, relative residual: 0.028289540982166562
Iteration: 20, relative residual: 0.024327080104490098
Iteration: 21, relative residual: 0.02426217201958224
Iteration: 22, relative residual: 0.020813782249610863
Iteration: 23, relative residual: 0.017760293357957264
Iteration: 24, relative residual: 0.017706038752241193
Iteration: 25, relative residual: 0.015443708447706633
Iteration: 26, relative residual: 0.013751851239968929
Iteration: 27, relative residual: 0.012105787401109725
Iteration: 28, relative residual: 0.012051447146683745
Iteration: 29, relative residual: 0.010901927701413947
Iteration: 30, relative residual: 0.009290497798067985
Iteration: 31, relative residual: 0.008407625203993274
Iteration: 32, relative residual: 0.007312625304564398
Iteration: 33, relative residual: 0.006795569613732055
Iteration: 34, relative residual: 0.006794798129695847
Iteration: 35, relative residual: 0.006509835156232769
Iteration: 36, relative residual: 0.00605932783167593
Iteration: 37, relative residual: 0.005670431734719741
Iteration: 38, relative residual: 0.00530098151745072
Iteration: 39, relative residual: 0.00482272499762896
Iteration: 40, relative residual: 0.0047489351740796935
Iteration: 41, relative residual: 0.004739485070847576
Iteration: 42, relative residual: 0.004470328080194982
Iteration: 43, relative residual: 0.004353324343137515
Iteration: 44, relative residual: 0.0043073382807410745
Iteration: 45, relative residual: 0.004174376260314642
Iteration: 46, relative residual: 0.0038642434868016075
Iteration: 47, relative residual: 0.003526103663678907
Iteration: 48, relative residual: 0.0032809331905561626
Iteration: 49, relative residual: 0.0030340499428872575
Iteration: 50, relative residual: 0.002921291222589899
Iteration: 51, relative residual: 0.0028646839197201193
Iteration: 52, relative residual: 0.0028198470445180636
Iteration: 53, relative residual: 0.0025513421634759947
Iteration: 54, relative residual: 0.002325562420159287
Iteration: 55, relative residual: 0.0021796416506270418
Iteration: 56, relative residual: 0.002141721254617434
Iteration: 57, relative residual: 0.002139100967988188
Iteration: 58, relative residual: 0.002023031095421486
Iteration: 59, relative residual: 0.0018908547315796755
Iteration: 60, relative residual: 0.0017811263615474177
Iteration: 61, relative residual: 0.0016427310469573969
Iteration: 62, relative residual: 0.0015633099590249618
Iteration: 63, relative residual: 0.001441496052450857
Iteration: 64, relative residual: 0.001367453019334722
Iteration: 65, relative residual: 0.0013217915242654536
Iteration: 66, relative residual: 0.0013206804929259274
Iteration: 67, relative residual: 0.0013141540435780866
Iteration: 68, relative residual: 0.0012672168415140625
Iteration: 69, relative residual: 0.0012174544156963402
Iteration: 70, relative residual: 0.0011346975270375007
Iteration: 71, relative residual: 0.001075927312266639
Iteration: 72, relative residual: 0.0010556061150875902
Iteration: 73, relative residual: 0.0010452379146543424
Iteration: 74, relative residual: 0.001041798537155717
Iteration: 75, relative residual: 0.0010249420399777239
Iteration: 76, relative residual: 0.0009903337169132039
Iteration: 77, relative residual: 0.0009479848987553164
Iteration: 78, relative residual: 0.000901793102072252
Iteration: 79, relative residual: 0.0008712880559348135
Iteration: 80, relative residual: 0.000863874119602347
Iteration: 81, relative residual: 0.0008619580421883375
Iteration: 82, relative residual: 0.0008614375082193769
Iteration: 83, relative residual: 0.0008505817958704294
Iteration: 84, relative residual: 0.000841020168210868
Iteration: 85, relative residual: 0.0008283837900162645
Iteration: 86, relative residual: 0.0008279617653181813
Iteration: 87, relative residual: 0.0008266647923644299
Iteration: 88, relative residual: 0.0008090062967872461
Iteration: 89, relative residual: 0.0007920237560507687
Iteration: 90, relative residual: 0.0007787114140552554
Iteration: 91, relative residual: 0.0007600495564980492
Iteration: 92, relative residual: 0.0007540307040755063
Iteration: 93, relative residual: 0.0007536970496806463
Iteration: 94, relative residual: 0.0007528630800033079
Iteration: 95, relative residual: 0.000745136356893481
Iteration: 96, relative residual: 0.0007273483307776965
Iteration: 97, relative residual: 0.0007236087712383903
Iteration: 98, relative residual: 0.000722879062425938
Iteration: 99, relative residual: 0.0007226914664718208
Iteration: 100, relative residual: 0.0007226914664718208
Residual: 0.0007226914664718208. Restart...
Iteration: 101, relative residual: 0.0007153775727738369
Iteration: 102, relative residual: 0.0007153759192667322
Iteration: 103, relative residual: 0.0007153121732772843
Iteration: 104, relative residual: 0.0007152230515472676
Iteration: 105, relative residual: 0.0007152175953140228
Iteration: 106, relative residual: 0.0007150696542995052
Iteration: 107, relative residual: 0.0007150258837773049
Iteration: 108, relative residual: 0.0007150003611398426
Iteration: 109, relative residual: 0.0007149327054426477
Iteration: 110, relative residual: 0.0007148578047374271
Iteration: 111, relative residual: 0.0007148006241346015
Iteration: 112, relative residual: 0.0007147893463253907
Iteration: 113, relative residual: 0.0007147302802208723
Iteration: 114, relative residual: 0.0007146968047014323
Iteration: 115, relative residual: 0.0007146923711569834
Iteration: 116, relative residual: 0.0007146692890615097
Iteration: 117, relative residual: 0.000714640438747122
Iteration: 118, relative residual: 0.0007145350149000631
Iteration: 119, relative residual: 0.0007135214893528491
Iteration: 120, relative residual: 0.0007125969907751748
Iteration: 121, relative residual: 0.000711977536370234
Iteration: 122, relative residual: 0.0007118927592836194
Iteration: 123, relative residual: 0.0007118390348768242
Iteration: 124, relative residual: 0.0007117040115732137
Iteration: 125, relative residual: 0.0007115363841888459
Iteration: 126, relative residual: 0.0007114350907005166
Iteration: 127, relative residual: 0.0007113771793253625
Iteration: 128, relative residual: 0.0007111561293165771
Iteration: 129, relative residual: 0.0007108292542555293
Iteration: 130, relative residual: 0.0007107269356374103
Iteration: 131, relative residual: 0.0007107153731744203
Iteration: 132, relative residual: 0.0007102513020328259
Iteration: 133, relative residual: 0.0007096450023853151
Iteration: 134, relative residual: 0.0007096002027743858
Iteration: 135, relative residual: 0.0007095571779687185
Iteration: 136, relative residual: 0.0007094126902874693
Iteration: 137, relative residual: 0.0007088965603691982
Iteration: 138, relative residual: 0.0007084432167378198
Iteration: 139, relative residual: 0.0007081220382763084
Iteration: 140, relative residual: 0.0007080765323718603
Iteration: 141, relative residual: 0.0007074776713985058
Iteration: 142, relative residual: 0.0007066763202619584
Iteration: 143, relative residual: 0.000705949539449964
Iteration: 144, relative residual: 0.0007051982884960001
Iteration: 145, relative residual: 0.0007051515357537935
Iteration: 146, relative residual: 0.0007047412605002235
Iteration: 147, relative residual: 0.0007042454574233835
Iteration: 148, relative residual: 0.0007033887783625571
Iteration: 149, relative residual: 0.0007011776307537714
Iteration: 150, relative residual: 0.000700572212997973
Iteration: 151, relative residual: 0.0007001668784429053
Iteration: 152, relative residual: 0.0007001652373881166
Iteration: 153, relative residual: 0.0006991181049100238
Iteration: 154, relative residual: 0.0006976172046130703
Iteration: 155, relative residual: 0.0006972170821969453
Iteration: 156, relative residual: 0.0006968155799232171
Iteration: 157, relative residual: 0.0006966490905640004
Iteration: 158, relative residual: 0.0006964146989015949
Iteration: 159, relative residual: 0.0006951160432597175
Iteration: 160, relative residual: 0.0006929087664149178
Iteration: 161, relative residual: 0.0006905707324713799
Iteration: 162, relative residual: 0.0006882127568893547
Iteration: 163, relative residual: 0.0006878719990538075
Iteration: 164, relative residual: 0.0006877369496987807
Iteration: 165, relative residual: 0.0006877133775773139
Iteration: 166, relative residual: 0.0006875710245070791
Iteration: 167, relative residual: 0.0006863646241582728
Iteration: 168, relative residual: 0.0006848755162552302
Iteration: 169, relative residual: 0.0006815843529362082
Iteration: 170, relative residual: 0.0006813683094987569
Iteration: 171, relative residual: 0.0006813681391688142
Iteration: 172, relative residual: 0.000681215245595806
Iteration: 173, relative residual: 0.0006804630716088852
Iteration: 174, relative residual: 0.000679272081219399
Iteration: 175, relative residual: 0.000678908942538568
Iteration: 176, relative residual: 0.0006787808811081558
Iteration: 177, relative residual: 0.0006787639431096
Iteration: 178, relative residual: 0.0006787568603036359
Iteration: 179, relative residual: 0.0006782935068069984
Iteration: 180, relative residual: 0.0006763574610489517
Iteration: 181, relative residual: 0.0006741495419388052
Iteration: 182, relative residual: 0.0006714405033914655
Iteration: 183, relative residual: 0.0006703654740934365
Iteration: 184, relative residual: 0.0006698612390182968
Iteration: 185, relative residual: 0.0006693126242483267
Iteration: 186, relative residual: 0.0006692792146947872
Iteration: 187, relative residual: 0.0006692234781162115
Iteration: 188, relative residual: 0.0006683359585059444
Iteration: 189, relative residual: 0.000666245499210121
Iteration: 190, relative residual: 0.0006611038391188452
Iteration: 191, relative residual: 0.0006600785148010023
Iteration: 192, relative residual: 0.0006597567278140142
Iteration: 193, relative residual: 0.0006596229032592823
Iteration: 194, relative residual: 0.0006587244392628924
Iteration: 195, relative residual: 0.0006554258245822395
Iteration: 196, relative residual: 0.0006496775351432159
Iteration: 197, relative residual: 0.0006419884613023536
Iteration: 198, relative residual: 0.0006398997219334567
Iteration: 199, relative residual: 0.0006378585809550198
Iteration: 200, relative residual: 0.0006378585809550198
Residual: 0.0006378585809550198. Restart...
Iteration: 201, relative residual: 0.0006378533742543831
Iteration: 202, relative residual: 0.0006378533741320822
Iteration: 203, relative residual: 0.0006378533740062189
Iteration: 204, relative residual: 0.0006378533733074516
Iteration: 205, relative residual: 0.000637853372408354
Iteration: 206, relative residual: 0.0006378533720491394
Iteration: 207, relative residual: 0.0006378533544139944
Iteration: 208, relative residual: 0.0006378533497431747
Iteration: 209, relative residual: 0.0006378532991374434
Iteration: 210, relative residual: 0.0006378532316716498
Iteration: 211, relative residual: 0.0006378532313975746
Iteration: 212, relative residual: 0.0006378521521749414
Iteration: 213, relative residual: 0.000637850604891454
Iteration: 214, relative residual: 0.000637850272950228
Iteration: 215, relative residual: 0.000637846551992888
Iteration: 216, relative residual: 0.0006378269648783198
Iteration: 217, relative residual: 0.000637725511802032
Iteration: 218, relative residual: 0.0006374059329538824
Iteration: 219, relative residual: 0.000636919054736546
Iteration: 220, relative residual: 0.0006367788802658488
Iteration: 221, relative residual: 0.0006367706939506624
Iteration: 222, relative residual: 0.0006363787265845816
Iteration: 223, relative residual: 0.0006360712070516341
Iteration: 224, relative residual: 0.0006360676735226069
Iteration: 225, relative residual: 0.0006359192227089715
Iteration: 226, relative residual: 0.000635467793943363
Iteration: 227, relative residual: 0.0006349751179525044
Iteration: 228, relative residual: 0.0006349631463390637
Iteration: 229, relative residual: 0.0006347637062236
Iteration: 230, relative residual: 0.0006336407556041932
Iteration: 231, relative residual: 0.0006327743229239227
Iteration: 232, relative residual: 0.0006319906546607357
Iteration: 233, relative residual: 0.0006314848687382925
Iteration: 234, relative residual: 0.0006314817300013539
Iteration: 235, relative residual: 0.0006312733005969101
Iteration: 236, relative residual: 0.0006308291342046946
Iteration: 237, relative residual: 0.0006302177504476224
Iteration: 238, relative residual: 0.000629840186844893
Iteration: 239, relative residual: 0.0006296482600532842
Iteration: 240, relative residual: 0.0006295516012699573
Iteration: 241, relative residual: 0.0006295450139464801
Iteration: 242, relative residual: 0.0006294062905064237
Iteration: 243, relative residual: 0.0006292649290329025
Iteration: 244, relative residual: 0.0006292423392230738
Iteration: 245, relative residual: 0.0006291968378341274
Iteration: 246, relative residual: 0.0006290182760764584
Iteration: 247, relative residual: 0.000628569479016551
Iteration: 248, relative residual: 0.0006279717746537012
Iteration: 249, relative residual: 0.0006272429245237608
Iteration: 250, relative residual: 0.000627202231421562
Iteration: 251, relative residual: 0.0006271150403579119
Iteration: 252, relative residual: 0.0006267273478209438
Iteration: 253, relative residual: 0.0006256208568007208
Iteration: 254, relative residual: 0.0006243406915739947
Iteration: 255, relative residual: 0.0006236763846849201
Iteration: 256, relative residual: 0.0006233620760216163
Iteration: 257, relative residual: 0.0006232746652337338
Iteration: 258, relative residual: 0.0006232174175978155
Iteration: 259, relative residual: 0.0006227267503913235
Iteration: 260, relative residual: 0.000621299903700925
Iteration: 261, relative residual: 0.0006189102684886598
Iteration: 262, relative residual: 0.0006170964487551945
Iteration: 263, relative residual: 0.0006160833274376069
Iteration: 264, relative residual: 0.0006157748283689595
Iteration: 265, relative residual: 0.0006157240768061983
Iteration: 266, relative residual: 0.0006157224916370245
Iteration: 267, relative residual: 0.0006151297677652419
Iteration: 268, relative residual: 0.000614733791923556
Iteration: 269, relative residual: 0.0006142339960500235
Iteration: 270, relative residual: 0.0006136767854048213
Iteration: 271, relative residual: 0.0006135995993807271
Iteration: 272, relative residual: 0.0006135593809421908
Iteration: 273, relative residual: 0.0006130023049506678
Iteration: 274, relative residual: 0.0006113383583758164
Iteration: 275, relative residual: 0.0006099686858515808
Iteration: 276, relative residual: 0.0006084778194558835
Iteration: 277, relative residual: 0.0006069896108851976
Iteration: 278, relative residual: 0.0006061514327613786
Iteration: 279, relative residual: 0.0006053343865368999
Iteration: 280, relative residual: 0.0006052265445023281
Iteration: 281, relative residual: 0.0006050273818436249
Iteration: 282, relative residual: 0.0006044393859077691
Iteration: 283, relative residual: 0.000603240242350069
Iteration: 284, relative residual: 0.0006013403025798139
Iteration: 285, relative residual: 0.0006002554645903503
Iteration: 286, relative residual: 0.0005996209986826419
Iteration: 287, relative residual: 0.0005995950324769214
Iteration: 288, relative residual: 0.00059813411905577
Iteration: 289, relative residual: 0.0005958800988302228
Iteration: 290, relative residual: 0.0005928895737250679
Iteration: 291, relative residual: 0.0005924641127653553
Iteration: 292, relative residual: 0.0005923216773663575
Iteration: 293, relative residual: 0.0005905796125833466
Iteration: 294, relative residual: 0.0005879890619915323
Iteration: 295, relative residual: 0.0005858359355381597
Iteration: 296, relative residual: 0.0005856077797025149
Iteration: 297, relative residual: 0.0005854823339503706
Iteration: 298, relative residual: 0.000583033408857701
Iteration: 299, relative residual: 0.0005765120913886542
Iteration: 300, relative residual: 0.0005765120913886542
Residual: 0.0005765120913886542. Restart...
Iteration: 301, relative residual: 0.0005669857240296545
Iteration: 302, relative residual: 0.0005669856400001952
Iteration: 303, relative residual: 0.0005669447821491488
Iteration: 304, relative residual: 0.0005669447775868632
Iteration: 305, relative residual: 0.0005668340554564898
Iteration: 306, relative residual: 0.0005667232849759298
Iteration: 307, relative residual: 0.0005666562973255206
Iteration: 308, relative residual: 0.0005660644587683353
Iteration: 309, relative residual: 0.0005659831176806337
Iteration: 310, relative residual: 0.0005658821923937397
Iteration: 311, relative residual: 0.0005655875040445822
Iteration: 312, relative residual: 0.000565100750940954
Iteration: 313, relative residual: 0.0005645047959262836
Iteration: 314, relative residual: 0.000564501982264712
Iteration: 315, relative residual: 0.0005642376947068885
Iteration: 316, relative residual: 0.0005637383523905688
Iteration: 317, relative residual: 0.0005629330509612939
Iteration: 318, relative residual: 0.0005627670507717895
Iteration: 319, relative residual: 0.0005627146909370594
Iteration: 320, relative residual: 0.0005625284221204872
Iteration: 321, relative residual: 0.0005624893400998376
Iteration: 322, relative residual: 0.0005624684250153972
Iteration: 323, relative residual: 0.0005624617328821574
Iteration: 324, relative residual: 0.0005621032311575894
Iteration: 325, relative residual: 0.000561732345880853
Iteration: 326, relative residual: 0.0005617299509324825
Iteration: 327, relative residual: 0.0005605440094249528
Iteration: 328, relative residual: 0.0005585404209235668
Iteration: 329, relative residual: 0.000556951674357372
Iteration: 330, relative residual: 0.0005562820931207225
Iteration: 331, relative residual: 0.0005560238664468411
Iteration: 332, relative residual: 0.000555196539535898
Iteration: 333, relative residual: 0.000554438278616423
Iteration: 334, relative residual: 0.0005542835726879963
Iteration: 335, relative residual: 0.0005534930402739121
Iteration: 336, relative residual: 0.00055174940738765
Iteration: 337, relative residual: 0.000550787663228027
Iteration: 338, relative residual: 0.0005498538364094285
Iteration: 339, relative residual: 0.0005491451527783837
Iteration: 340, relative residual: 0.0005489821857396446
Iteration: 341, relative residual: 0.0005482398085571996
Iteration: 342, relative residual: 0.0005472660207153274
Iteration: 343, relative residual: 0.0005472182090460252
Iteration: 344, relative residual: 0.0005470133400925423
Iteration: 345, relative residual: 0.0005463844012967852
Iteration: 346, relative residual: 0.0005437912490983286
Iteration: 347, relative residual: 0.0005421989329033678
Iteration: 348, relative residual: 0.0005418540810169201
Iteration: 349, relative residual: 0.0005417166132459159
Iteration: 350, relative residual: 0.0005407158694682228
Iteration: 351, relative residual: 0.000539566620402414
Iteration: 352, relative residual: 0.0005362855960410841
Iteration: 353, relative residual: 0.0005345821513319118
Iteration: 354, relative residual: 0.0005332786334321246
Iteration: 355, relative residual: 0.0005322368200780068
Iteration: 356, relative residual: 0.0005322183125940412
Iteration: 357, relative residual: 0.0005321992551759826
Iteration: 358, relative residual: 0.0005321873774921986
Iteration: 359, relative residual: 0.0005309699854962346
Iteration: 360, relative residual: 0.0005298759444999547
Iteration: 361, relative residual: 0.0005277519027426027
Iteration: 362, relative residual: 0.0005270386689387287
Iteration: 363, relative residual: 0.0005269125647470817
Iteration: 364, relative residual: 0.0005268333485880472
Iteration: 365, relative residual: 0.0005254736098780265
Iteration: 366, relative residual: 0.000523400055715537
Iteration: 367, relative residual: 0.00052259033458159
Iteration: 368, relative residual: 0.0005223295129557481
Iteration: 369, relative residual: 0.0005220007093068629
Iteration: 370, relative residual: 0.0005212094047151746
Iteration: 371, relative residual: 0.0005206877049426082
Iteration: 372, relative residual: 0.0005186398857458702
Iteration: 373, relative residual: 0.0005161612779898921
Iteration: 374, relative residual: 0.0005160852710840868
Iteration: 375, relative residual: 0.0005160593757632505
Iteration: 376, relative residual: 0.0005160380825039627
Iteration: 377, relative residual: 0.0005152185263005511
Iteration: 378, relative residual: 0.0005146896287327427
Iteration: 379, relative residual: 0.000514516493795099
Iteration: 380, relative residual: 0.0005126287591281519
Iteration: 381, relative residual: 0.00051162504080502
Iteration: 382, relative residual: 0.0005107743363116494
Iteration: 383, relative residual: 0.0005107492381632516
Iteration: 384, relative residual: 0.0005106372543636624
Iteration: 385, relative residual: 0.0005106315706883593
Iteration: 386, relative residual: 0.0005099373783899511
Iteration: 387, relative residual: 0.0005089837325557642
Iteration: 388, relative residual: 0.0005086200991645936
Iteration: 389, relative residual: 0.0005086200745665293
Iteration: 390, relative residual: 0.0005086167589264293
Iteration: 391, relative residual: 0.0005085352845602872
Iteration: 392, relative residual: 0.000507655201728338
Iteration: 393, relative residual: 0.0005053158037899252
Iteration: 394, relative residual: 0.0005035236466957749
Iteration: 395, relative residual: 0.0005034350558540383
Iteration: 396, relative residual: 0.0005022475282241848
Iteration: 397, relative residual: 0.0005009604402948816
Iteration: 398, relative residual: 0.0004966040174325571
Iteration: 399, relative residual: 0.0004931827564300455
Iteration: 400, relative residual: 0.0004931827564300455
Residual: 0.0004931827564300455. Restart...
Iteration: 401, relative residual: 0.0004877989555458944
Iteration: 402, relative residual: 0.0004877988392313123
Iteration: 403, relative residual: 0.0004877956947224235
Iteration: 404, relative residual: 0.0004877951822375361
Iteration: 405, relative residual: 0.00048778036310673174
Iteration: 406, relative residual: 0.0004877605688987096
Iteration: 407, relative residual: 0.0004877534550483727
Iteration: 408, relative residual: 0.00048769378173896326
Iteration: 409, relative residual: 0.00048769152304861533
Iteration: 410, relative residual: 0.00048764708015222857
Iteration: 411, relative residual: 0.0004875814214827109
Iteration: 412, relative residual: 0.0004875276570986717
Iteration: 413, relative residual: 0.00048750554931552785
Iteration: 414, relative residual: 0.00048747987959201974
Iteration: 415, relative residual: 0.00048723574214478734
Iteration: 416, relative residual: 0.00048708904292843783
Iteration: 417, relative residual: 0.0004869062482095877
Iteration: 418, relative residual: 0.0004868828739392626
Iteration: 419, relative residual: 0.0004867896581134329
Iteration: 420, relative residual: 0.00048661992947545237
Iteration: 421, relative residual: 0.00048661815081437533
Iteration: 422, relative residual: 0.0004864658225406609
Iteration: 423, relative residual: 0.00048622926005792254
Iteration: 424, relative residual: 0.00048594253428534373
Iteration: 425, relative residual: 0.00048575159269520366
Iteration: 426, relative residual: 0.0004857442016252273
Iteration: 427, relative residual: 0.0004852686617442993
Iteration: 428, relative residual: 0.0004848004083666424
Iteration: 429, relative residual: 0.00048454075527014205
Iteration: 430, relative residual: 0.000484392427346308
Iteration: 431, relative residual: 0.00048380257567018055
Iteration: 432, relative residual: 0.00048323756062942203
Iteration: 433, relative residual: 0.00048245241640691955
Iteration: 434, relative residual: 0.0004823073723551891
Iteration: 435, relative residual: 0.0004821625505287417
Iteration: 436, relative residual: 0.00048138170965105235
Iteration: 437, relative residual: 0.0004807822544952661
Iteration: 438, relative residual: 0.0004795311811753002
Iteration: 439, relative residual: 0.0004788147201683589
Iteration: 440, relative residual: 0.00047877096078679566
Iteration: 441, relative residual: 0.0004786978491778851
Iteration: 442, relative residual: 0.0004784915856060292
Iteration: 443, relative residual: 0.00047828329244537296
Iteration: 444, relative residual: 0.0004782150525235839
Iteration: 445, relative residual: 0.0004782127458852953
Iteration: 446, relative residual: 0.00047802994016888175
Iteration: 447, relative residual: 0.0004773246483739308
Iteration: 448, relative residual: 0.0004762815644851834
Iteration: 449, relative residual: 0.000475959609942049
Iteration: 450, relative residual: 0.00047595731259482556
Iteration: 451, relative residual: 0.0004758075563041447
Iteration: 452, relative residual: 0.0004755215715643185
Iteration: 453, relative residual: 0.00047523207705383756
Iteration: 454, relative residual: 0.00047482960389557804
Iteration: 455, relative residual: 0.0004743189914229853
Iteration: 456, relative residual: 0.0004740916236035853
Iteration: 457, relative residual: 0.0004739369072113815
Iteration: 458, relative residual: 0.0004738826544487722
Iteration: 459, relative residual: 0.0004738689063128692
Iteration: 460, relative residual: 0.00047373167017634245
Iteration: 461, relative residual: 0.0004727223888041011
Iteration: 462, relative residual: 0.0004715956891675772
Iteration: 463, relative residual: 0.0004710825802837782
Iteration: 464, relative residual: 0.0004709117191768938
Iteration: 465, relative residual: 0.0004705539787336733
Iteration: 466, relative residual: 0.00047050808331825184
Iteration: 467, relative residual: 0.0004703813168901175
Iteration: 468, relative residual: 0.0004701226145740074
Iteration: 469, relative residual: 0.0004696630098911878
Iteration: 470, relative residual: 0.00046919223088080704
Iteration: 471, relative residual: 0.00046915321083544945
Iteration: 472, relative residual: 0.0004691075501681687
Iteration: 473, relative residual: 0.00046893808990143337
Iteration: 474, relative residual: 0.0004684747568008941
Iteration: 475, relative residual: 0.00046755743362239305
Iteration: 476, relative residual: 0.0004646106772590922
Iteration: 477, relative residual: 0.00046391984776453254
Iteration: 478, relative residual: 0.0004636047086104804
Iteration: 479, relative residual: 0.0004634628478627907
Iteration: 480, relative residual: 0.0004634589875295102
Iteration: 481, relative residual: 0.00046185507310829346
Iteration: 482, relative residual: 0.00046044220507273487
Iteration: 483, relative residual: 0.00045938200491834377
Iteration: 484, relative residual: 0.0004557356739415762
Iteration: 485, relative residual: 0.00045353523230785424
Iteration: 486, relative residual: 0.0004533999794193726
Iteration: 487, relative residual: 0.00045276134452289116
Iteration: 488, relative residual: 0.0004516736874192058
Iteration: 489, relative residual: 0.0004498617900901011
Iteration: 490, relative residual: 0.000448880754332057
Iteration: 491, relative residual: 0.00044876973287538593
Iteration: 492, relative residual: 0.0004481209407126271
Iteration: 493, relative residual: 0.00044735392480505187
Iteration: 494, relative residual: 0.00044569144967388863
Iteration: 495, relative residual: 0.0004446166920631564
Iteration: 496, relative residual: 0.0004443753432029405
Iteration: 497, relative residual: 0.00044431084940474343
Iteration: 498, relative residual: 0.00044362090029373115
Iteration: 499, relative residual: 0.0004427091070461441
Iteration: 500, relative residual: 0.0004427091070461441
Residual: 0.0004427091070461441. Restart...
Iteration: 501, relative residual: 0.0004383956114259536
Iteration: 502, relative residual: 0.0004383956043059652
Iteration: 503, relative residual: 0.00043838842565244765
Iteration: 504, relative residual: 0.0004383883503856373
Iteration: 505, relative residual: 0.00043835803853765594
Iteration: 506, relative residual: 0.0004383223421830047
Iteration: 507, relative residual: 0.00043831083901874
Iteration: 508, relative residual: 0.0004382037793017194
Iteration: 509, relative residual: 0.00043817698898355946
Iteration: 510, relative residual: 0.00043813347097605997
Iteration: 511, relative residual: 0.00043805585540544447
Iteration: 512, relative residual: 0.0004379736376505913
Iteration: 513, relative residual: 0.0004379661090654412
Iteration: 514, relative residual: 0.00043796433197438255
Iteration: 515, relative residual: 0.00043791808618267447
Iteration: 516, relative residual: 0.000437714022246193
Iteration: 517, relative residual: 0.00043753255684714963
Iteration: 518, relative residual: 0.0004375160192809767
Iteration: 519, relative residual: 0.0004374000501388184
Iteration: 520, relative residual: 0.0004371875129592012
Iteration: 521, relative residual: 0.00043714595385884006
Iteration: 522, relative residual: 0.00043712323354427304
Iteration: 523, relative residual: 0.00043703146483144953
Iteration: 524, relative residual: 0.00043699545895853223
Iteration: 525, relative residual: 0.0004369916216055991
Iteration: 526, relative residual: 0.000436832134546255
Iteration: 527, relative residual: 0.0004364865220599119
Iteration: 528, relative residual: 0.00043631924164178255
Iteration: 529, relative residual: 0.0004363114125721871
Iteration: 530, relative residual: 0.0004361430397195495
Iteration: 531, relative residual: 0.0004357959888138131
Iteration: 532, relative residual: 0.00043554972730924877
Iteration: 533, relative residual: 0.00043516432518490107
Iteration: 534, relative residual: 0.00043514120958515457
Iteration: 535, relative residual: 0.0004347013503056755
Iteration: 536, relative residual: 0.000434137669471564
Iteration: 537, relative residual: 0.00043354813404810813
Iteration: 538, relative residual: 0.0004328805267901787
Iteration: 539, relative residual: 0.00043287357949058883
Iteration: 540, relative residual: 0.00043266482593604745
Iteration: 541, relative residual: 0.000431915370722286
Iteration: 542, relative residual: 0.00043148813344845823
Iteration: 543, relative residual: 0.00043147357961854644
Iteration: 544, relative residual: 0.0004311377360038441
Iteration: 545, relative residual: 0.0004302996825321193
Iteration: 546, relative residual: 0.0004295047004721374
Iteration: 547, relative residual: 0.00042901769782464395
Iteration: 548, relative residual: 0.00042885616640538586
Iteration: 549, relative residual: 0.00042883317227158653
Iteration: 550, relative residual: 0.0004287464228946748
Iteration: 551, relative residual: 0.0004280261742415636
Iteration: 552, relative residual: 0.0004266406793156448
Iteration: 553, relative residual: 0.00042611191529214076
Iteration: 554, relative residual: 0.00042594775700053754
Iteration: 555, relative residual: 0.00042585660012111086
Iteration: 556, relative residual: 0.0004258455935181811
Iteration: 557, relative residual: 0.00042570206091161985
Iteration: 558, relative residual: 0.0004251239372624688
Iteration: 559, relative residual: 0.00042339982053064124
Iteration: 560, relative residual: 0.0004222681810792014
Iteration: 561, relative residual: 0.0004214961072627232
Iteration: 562, relative residual: 0.00042123956977733676
Iteration: 563, relative residual: 0.0004212155184587807
Iteration: 564, relative residual: 0.0004211157275356491
Iteration: 565, relative residual: 0.00042051881286226154
Iteration: 566, relative residual: 0.0004199369105775914
Iteration: 567, relative residual: 0.0004197759851669405
Iteration: 568, relative residual: 0.00041977296455682786
Iteration: 569, relative residual: 0.000419751439536993
Iteration: 570, relative residual: 0.0004195827718777591
Iteration: 571, relative residual: 0.00041929317497229154
Iteration: 572, relative residual: 0.000418758938094906
Iteration: 573, relative residual: 0.00041864309790381376
Iteration: 574, relative residual: 0.0004185615387513013
Iteration: 575, relative residual: 0.000418516637408604
Iteration: 576, relative residual: 0.0004184595919682455
Iteration: 577, relative residual: 0.0004183880443660891
Iteration: 578, relative residual: 0.0004183733928837058
Iteration: 579, relative residual: 0.0004183596702003926
Iteration: 580, relative residual: 0.000418283230383413
Iteration: 581, relative residual: 0.0004172977382766067
Iteration: 582, relative residual: 0.000416247843466218
Iteration: 583, relative residual: 0.000416134805410521
Iteration: 584, relative residual: 0.00041613475635055003
Iteration: 585, relative residual: 0.00041594902164371204
Iteration: 586, relative residual: 0.0004157635438021476
Iteration: 587, relative residual: 0.000414784491472146
Iteration: 588, relative residual: 0.0004135710194567284
Iteration: 589, relative residual: 0.00041349120515032873
Iteration: 590, relative residual: 0.00041268922422018164
Iteration: 591, relative residual: 0.0004107761599703267
Iteration: 592, relative residual: 0.00040926058002010697
Iteration: 593, relative residual: 0.00040797000518778885
Iteration: 594, relative residual: 0.00040707256835006094
Iteration: 595, relative residual: 0.00040699375757635107
Iteration: 596, relative residual: 0.00040650624717818813
Iteration: 597, relative residual: 0.0004046663806247343
Iteration: 598, relative residual: 0.0004006892178999207
Iteration: 599, relative residual: 0.00039770972046146414
Iteration: 600, relative residual: 0.00039770972046146414
Residual: 0.00039770972046146414. Restart...
Iteration: 601, relative residual: 0.00039413954334395886
Iteration: 602, relative residual: 0.00039413894106204685
Iteration: 603, relative residual: 0.00039413578402273843
Iteration: 604, relative residual: 0.0003941347295187471
Iteration: 605, relative residual: 0.00039412533099254804
Iteration: 606, relative residual: 0.00039408037873592846
Iteration: 607, relative residual: 0.0003940791768348373
Iteration: 608, relative residual: 0.0003939986335155781
Iteration: 609, relative residual: 0.00039391773480603663
Iteration: 610, relative residual: 0.0003939175226595377
Iteration: 611, relative residual: 0.00039381611213060424
Iteration: 612, relative residual: 0.00039363271608767146
Iteration: 613, relative residual: 0.0003936215043622353
Iteration: 614, relative residual: 0.0003935698285699444
Iteration: 615, relative residual: 0.0003931751460702402
Iteration: 616, relative residual: 0.00039292086389175387
Iteration: 617, relative residual: 0.0003926232188423786
Iteration: 618, relative residual: 0.00039248754610161414
Iteration: 619, relative residual: 0.0003923683333772933
Iteration: 620, relative residual: 0.00039177558041499045
Iteration: 621, relative residual: 0.0003914625238087487
Iteration: 622, relative residual: 0.0003914562969414786
Iteration: 623, relative residual: 0.0003912675483578646
Iteration: 624, relative residual: 0.00039097344395005193
Iteration: 625, relative residual: 0.0003906822473691476
Iteration: 626, relative residual: 0.00039066683842921626
Iteration: 627, relative residual: 0.00039049017749329015
Iteration: 628, relative residual: 0.0003898174449033171
Iteration: 629, relative residual: 0.00038938892881672287
Iteration: 630, relative residual: 0.0003892554116222783
Iteration: 631, relative residual: 0.00038923478112987706
Iteration: 632, relative residual: 0.00038907939311153537
Iteration: 633, relative residual: 0.0003880995415684345
Iteration: 634, relative residual: 0.0003877215730832439
Iteration: 635, relative residual: 0.00038742777933647874
Iteration: 636, relative residual: 0.0003871483227420999
Iteration: 637, relative residual: 0.00038536827064349457
Iteration: 638, relative residual: 0.0003839637787549209
Iteration: 639, relative residual: 0.00038353123629039133
Iteration: 640, relative residual: 0.0003833427296589582
Iteration: 641, relative residual: 0.0003833275700310476
Iteration: 642, relative residual: 0.00038315716581875946
Iteration: 643, relative residual: 0.0003830223324389169
Iteration: 644, relative residual: 0.00038193929917615556
Iteration: 645, relative residual: 0.000380819242344636
Iteration: 646, relative residual: 0.00037989994602231767
Iteration: 647, relative residual: 0.000379894140703056
Iteration: 648, relative residual: 0.000379688891545019
Iteration: 649, relative residual: 0.00037900228373631653
Iteration: 650, relative residual: 0.0003788942631898089
Iteration: 651, relative residual: 0.00037883109848443186
Iteration: 652, relative residual: 0.0003786967472877257
Iteration: 653, relative residual: 0.0003782528222234158
Iteration: 654, relative residual: 0.00037801791362695287
Iteration: 655, relative residual: 0.00037736455438231516
Iteration: 656, relative residual: 0.00037690042782566996
Iteration: 657, relative residual: 0.00037686413321963994
Iteration: 658, relative residual: 0.0003766358620230157
Iteration: 659, relative residual: 0.0003756898228246279
Iteration: 660, relative residual: 0.00037419612508062986
Iteration: 661, relative residual: 0.00037370465575162047
Iteration: 662, relative residual: 0.0003733405442996654
Iteration: 663, relative residual: 0.00037331255599536026
Iteration: 664, relative residual: 0.00037317739947474265
Iteration: 665, relative residual: 0.00037313964460621506
Iteration: 666, relative residual: 0.00037278536387912745
Iteration: 667, relative residual: 0.00037166794761899055
Iteration: 668, relative residual: 0.0003708898003229531
Iteration: 669, relative residual: 0.000370674526082711
Iteration: 670, relative residual: 0.0003706255089109369
Iteration: 671, relative residual: 0.00037049945038860157
Iteration: 672, relative residual: 0.00036982315454294997
Iteration: 673, relative residual: 0.00036885145134270866
Iteration: 674, relative residual: 0.0003672924153655267
Iteration: 675, relative residual: 0.00036648361017260577
Iteration: 676, relative residual: 0.0003659403237152259
Iteration: 677, relative residual: 0.0003658821803569044
Iteration: 678, relative residual: 0.0003658766548874795
Iteration: 679, relative residual: 0.0003658685860087468
Iteration: 680, relative residual: 0.0003654889700734775
Iteration: 681, relative residual: 0.0003645096160616984
Iteration: 682, relative residual: 0.00036332372287854465
Iteration: 683, relative residual: 0.0003618714880872254
Iteration: 684, relative residual: 0.00036141041359252454
Iteration: 685, relative residual: 0.00036126585650152426
Iteration: 686, relative residual: 0.00036126115119266704
Iteration: 687, relative residual: 0.00036062336335814443
Iteration: 688, relative residual: 0.00036015301407120757
Iteration: 689, relative residual: 0.0003595345754164468
Iteration: 690, relative residual: 0.00035883331314563613
Iteration: 691, relative residual: 0.00035883025581392726
Iteration: 692, relative residual: 0.0003587708560673907
Iteration: 693, relative residual: 0.0003586014008205193
Iteration: 694, relative residual: 0.00035704492552391114
Iteration: 695, relative residual: 0.0003559671236093422
Iteration: 696, relative residual: 0.00035514351548725497
Iteration: 697, relative residual: 0.00035478233431760614
Iteration: 698, relative residual: 0.00035477624539422833
Iteration: 699, relative residual: 0.00035462377604868943
Iteration: 700, relative residual: 0.00035462377604868943
Residual: 0.00035462377604868943. Restart...
Iteration: 701, relative residual: 0.00035327967754070276
Iteration: 702, relative residual: 0.0003532795670559296
Iteration: 703, relative residual: 0.00035327889766195405
Iteration: 704, relative residual: 0.00035327830990890816
Iteration: 705, relative residual: 0.00035327485924698893
Iteration: 706, relative residual: 0.00035326380226014225
Iteration: 707, relative residual: 0.00035326370331040116
Iteration: 708, relative residual: 0.00035324425870186696
Iteration: 709, relative residual: 0.00035322891548895675
Iteration: 710, relative residual: 0.00035322890394417827
Iteration: 711, relative residual: 0.000353206799206719
Iteration: 712, relative residual: 0.0003531934954616637
Iteration: 713, relative residual: 0.0003531881642517762
Iteration: 714, relative residual: 0.00035318690562554755
Iteration: 715, relative residual: 0.0003531676941707837
Iteration: 716, relative residual: 0.0003530994609450084
Iteration: 717, relative residual: 0.00035308505732435815
Iteration: 718, relative residual: 0.0003530712862218629
Iteration: 719, relative residual: 0.00035304843766895876
Iteration: 720, relative residual: 0.0003529984324545033
Iteration: 721, relative residual: 0.000352998428693017
Iteration: 722, relative residual: 0.00035292797600973446
Iteration: 723, relative residual: 0.00035285119772646573
Iteration: 724, relative residual: 0.0003528297249280049
Iteration: 725, relative residual: 0.000352829416456129
Iteration: 726, relative residual: 0.0003527686751798985
Iteration: 727, relative residual: 0.0003525909311086684
Iteration: 728, relative residual: 0.0003523916189667087
Iteration: 729, relative residual: 0.0003523829241378891
Iteration: 730, relative residual: 0.00035235544630863723
Iteration: 731, relative residual: 0.00035219231672634316
Iteration: 732, relative residual: 0.0003520945887791635
Iteration: 733, relative residual: 0.00035203983609394447
Iteration: 734, relative residual: 0.0003520195128499475
Iteration: 735, relative residual: 0.00035177476107412506
Iteration: 736, relative residual: 0.0003516362725583838
Iteration: 737, relative residual: 0.00035134664371802934
Iteration: 738, relative residual: 0.0003512347717976368
Iteration: 739, relative residual: 0.0003512290252239888
Iteration: 740, relative residual: 0.0003511733278647671
Iteration: 741, relative residual: 0.0003509664674626962
Iteration: 742, relative residual: 0.0003506962767243817
Iteration: 743, relative residual: 0.0003504618914280271
Iteration: 744, relative residual: 0.0003503763880918369
Iteration: 745, relative residual: 0.0003503697862409151
Iteration: 746, relative residual: 0.00035032389698948495
Iteration: 747, relative residual: 0.00034986560340935036
Iteration: 748, relative residual: 0.0003493571599923754
Iteration: 749, relative residual: 0.00034891263976642804
Iteration: 750, relative residual: 0.0003486753900980513
Iteration: 751, relative residual: 0.00034867519984081887
Iteration: 752, relative residual: 0.0003486507346512605
Iteration: 753, relative residual: 0.0003484067385163238
Iteration: 754, relative residual: 0.0003480310171164557
Iteration: 755, relative residual: 0.00034742127148352765
Iteration: 756, relative residual: 0.0003465405502749145
Iteration: 757, relative residual: 0.0003457712110402558
Iteration: 758, relative residual: 0.00034545600695843384
Iteration: 759, relative residual: 0.00034530617327775676
Iteration: 760, relative residual: 0.00034530216139789594
Iteration: 761, relative residual: 0.00034526194211895194
Iteration: 762, relative residual: 0.0003449712007007015
Iteration: 763, relative residual: 0.0003443264254506401
Iteration: 764, relative residual: 0.00034386860560494103
Iteration: 765, relative residual: 0.0003436710208971298
Iteration: 766, relative residual: 0.00034361162134243504
Iteration: 767, relative residual: 0.0003436090882496887
Iteration: 768, relative residual: 0.0003435650364129382
Iteration: 769, relative residual: 0.00034305441344362745
Iteration: 770, relative residual: 0.00034252446317559757
Iteration: 771, relative residual: 0.00034216496635948934
Iteration: 772, relative residual: 0.00034187612202164373
Iteration: 773, relative residual: 0.00034186292029813714
Iteration: 774, relative residual: 0.00034176485931916947
Iteration: 775, relative residual: 0.00034124934704847856
Iteration: 776, relative residual: 0.0003405048277859654
Iteration: 777, relative residual: 0.0003398340972137107
Iteration: 778, relative residual: 0.00033962238989337755
Iteration: 779, relative residual: 0.0003395743060888381
Iteration: 780, relative residual: 0.0003394992790865101
Iteration: 781, relative residual: 0.00033887594838003226
Iteration: 782, relative residual: 0.0003380315472464834
Iteration: 783, relative residual: 0.00033708629439165575
Iteration: 784, relative residual: 0.00033696048547705946
Iteration: 785, relative residual: 0.0003369490655329685
Iteration: 786, relative residual: 0.0003367529957056443
Iteration: 787, relative residual: 0.0003361893890803893
Iteration: 788, relative residual: 0.0003358780491147248
Iteration: 789, relative residual: 0.00033579721041027296
Iteration: 790, relative residual: 0.00033572303037937654
Iteration: 791, relative residual: 0.0003356343609648722
Iteration: 792, relative residual: 0.0003352967084747119
Iteration: 793, relative residual: 0.0003345136059850734
Iteration: 794, relative residual: 0.000334008838082818
Iteration: 795, relative residual: 0.0003337859284449118
Iteration: 796, relative residual: 0.0003333965107462049
Iteration: 797, relative residual: 0.0003329616963775864
Iteration: 798, relative residual: 0.00033296036342711597
Iteration: 799, relative residual: 0.00033285100666605817
Iteration: 800, relative residual: 0.00033285100666605817
Residual: 0.00033285100666605817. Restart...
Iteration: 801, relative residual: 0.0003324773733929525
Iteration: 802, relative residual: 0.0003324771610350174
Iteration: 803, relative residual: 0.00033247680745314564
Iteration: 804, relative residual: 0.00033247676724805237
Iteration: 805, relative residual: 0.00033247545152228103
Iteration: 806, relative residual: 0.00033247470443288824
Iteration: 807, relative residual: 0.0003324731951998479
Iteration: 808, relative residual: 0.0003324667097891748
Iteration: 809, relative residual: 0.0003324657404635284
Iteration: 810, relative residual: 0.0003324599108690249
Iteration: 811, relative residual: 0.0003324519179415182
Iteration: 812, relative residual: 0.00033244722502630763
Iteration: 813, relative residual: 0.0003324446391542081
Iteration: 814, relative residual: 0.0003324385276601194
Iteration: 815, relative residual: 0.0003324231082186925
Iteration: 816, relative residual: 0.00033241238339202156
Iteration: 817, relative residual: 0.0003324078866850699
Iteration: 818, relative residual: 0.0003324061607951461
Iteration: 819, relative residual: 0.0003323975822783449
Iteration: 820, relative residual: 0.0003323882859911721
Iteration: 821, relative residual: 0.00033238779354392096
Iteration: 822, relative residual: 0.0003323642891261352
Iteration: 823, relative residual: 0.00033230954429185495
Iteration: 824, relative residual: 0.0003322558046169162
Iteration: 825, relative residual: 0.0003322126910012493
Iteration: 826, relative residual: 0.0003322125014753066
Iteration: 827, relative residual: 0.00033213656908986585
Iteration: 828, relative residual: 0.000332020459815687
Iteration: 829, relative residual: 0.0003319878143642431
Iteration: 830, relative residual: 0.0003319843730542401
Iteration: 831, relative residual: 0.00033189822584939795
Iteration: 832, relative residual: 0.00033173766792851114
Iteration: 833, relative residual: 0.0003315099341717708
Iteration: 834, relative residual: 0.00033146642584172027
Iteration: 835, relative residual: 0.0003314660182189636
Iteration: 836, relative residual: 0.0003313777511084336
Iteration: 837, relative residual: 0.0003309536399929821
Iteration: 838, relative residual: 0.00033067731774222774
Iteration: 839, relative residual: 0.00033060097488402313
Iteration: 840, relative residual: 0.0003306001538177584
Iteration: 841, relative residual: 0.00033059611437379353
Iteration: 842, relative residual: 0.00033051641905340097
Iteration: 843, relative residual: 0.00033030837344626227
Iteration: 844, relative residual: 0.000330131084423464
Iteration: 845, relative residual: 0.00032975640217857463
Iteration: 846, relative residual: 0.0003295207352047821
Iteration: 847, relative residual: 0.00032951126110352833
Iteration: 848, relative residual: 0.0003293666996548625
Iteration: 849, relative residual: 0.00032911852675229455
Iteration: 850, relative residual: 0.0003290641550627323
Iteration: 851, relative residual: 0.00032904357816419897
Iteration: 852, relative residual: 0.00032895978386102484
Iteration: 853, relative residual: 0.0003286573881132787
Iteration: 854, relative residual: 0.0003283937926093269
Iteration: 855, relative residual: 0.00032822990139022855
Iteration: 856, relative residual: 0.0003280292410195129
Iteration: 857, relative residual: 0.00032800384246286216
Iteration: 858, relative residual: 0.0003279527565005519
Iteration: 859, relative residual: 0.0003276057275777658
Iteration: 860, relative residual: 0.00032727972862086507
Iteration: 861, relative residual: 0.0003271076239836597
Iteration: 862, relative residual: 0.0003268626825572865
Iteration: 863, relative residual: 0.000326628367054343
Iteration: 864, relative residual: 0.00032657020589068995
Iteration: 865, relative residual: 0.00032656801155688404
Iteration: 866, relative residual: 0.00032655874087354335
Iteration: 867, relative residual: 0.0003265196707151477
Iteration: 868, relative residual: 0.00032639883447864134
Iteration: 869, relative residual: 0.00032635164719911007
Iteration: 870, relative residual: 0.00032628716403365686
Iteration: 871, relative residual: 0.000326283654452347
Iteration: 872, relative residual: 0.0003262836225389087
Iteration: 873, relative residual: 0.0003262714135097224
Iteration: 874, relative residual: 0.0003260477150695052
Iteration: 875, relative residual: 0.00032541547664869384
Iteration: 876, relative residual: 0.00032466113504874363
Iteration: 877, relative residual: 0.00032417556602787524
Iteration: 878, relative residual: 0.000323807308709503
Iteration: 879, relative residual: 0.0003236021168772104
Iteration: 880, relative residual: 0.0003236012337360403
Iteration: 881, relative residual: 0.00032254229257286675
Iteration: 882, relative residual: 0.0003207212897931732
Iteration: 883, relative residual: 0.000317589176776382
Iteration: 884, relative residual: 0.00031605765330017314
Iteration: 885, relative residual: 0.000315889396279725
Iteration: 886, relative residual: 0.00031547727595140456
Iteration: 887, relative residual: 0.00031319374189962243
Iteration: 888, relative residual: 0.00031083763319515994
Iteration: 889, relative residual: 0.00030982617940170917
Iteration: 890, relative residual: 0.0003096770808289127
Iteration: 891, relative residual: 0.00030965570747767
Iteration: 892, relative residual: 0.00030946328891923224
Iteration: 893, relative residual: 0.00030839778080761054
Iteration: 894, relative residual: 0.0003073320183798554
Iteration: 895, relative residual: 0.00030662946530311217
Iteration: 896, relative residual: 0.00030652650092721594
Iteration: 897, relative residual: 0.0003064851368220419
Iteration: 898, relative residual: 0.0003055606222395199
Iteration: 899, relative residual: 0.0003043515407548966
Iteration: 900, relative residual: 0.0003043515407548966
Residual: 0.0003043515407548966. Restart...
Iteration: 901, relative residual: 0.0003036533910440895
Iteration: 902, relative residual: 0.00030365276147565213
Iteration: 903, relative residual: 0.000303652208668191
Iteration: 904, relative residual: 0.0003036521468503048
Iteration: 905, relative residual: 0.00030364954352380996
Iteration: 906, relative residual: 0.0003036445751564981
Iteration: 907, relative residual: 0.0003036443165998913
Iteration: 908, relative residual: 0.00030362714154384283
Iteration: 909, relative residual: 0.0003036234176128345
Iteration: 910, relative residual: 0.0003036168952030761
Iteration: 911, relative residual: 0.00030357360023954255
Iteration: 912, relative residual: 0.00030352416953892685
Iteration: 913, relative residual: 0.00030352192615087285
Iteration: 914, relative residual: 0.0003034964830371345
Iteration: 915, relative residual: 0.00030335722863559757
Iteration: 916, relative residual: 0.0003031161511454351
Iteration: 917, relative residual: 0.0003030308138179486
Iteration: 918, relative residual: 0.0003028546203825287
Iteration: 919, relative residual: 0.0003028405772499025
Iteration: 920, relative residual: 0.0003028028669610194
Iteration: 921, relative residual: 0.0003027454506945687
Iteration: 922, relative residual: 0.00030270314375718837
Iteration: 923, relative residual: 0.00030267671611150813
Iteration: 924, relative residual: 0.00030261437468518553
Iteration: 925, relative residual: 0.00030260121051266654
Iteration: 926, relative residual: 0.00030259987343818145
Iteration: 927, relative residual: 0.00030252380267845356
Iteration: 928, relative residual: 0.00030227408272469477
Iteration: 929, relative residual: 0.00030219541562816687
Iteration: 930, relative residual: 0.00030217852373094246
Iteration: 931, relative residual: 0.0003020848572228071
Iteration: 932, relative residual: 0.0003019874127623821
Iteration: 933, relative residual: 0.0003019214913229619
Iteration: 934, relative residual: 0.00030188363610153166
Iteration: 935, relative residual: 0.00030174111594476064
Iteration: 936, relative residual: 0.000301468791062979
Iteration: 937, relative residual: 0.0003012332030687794
Iteration: 938, relative residual: 0.00030099769435907637
Iteration: 939, relative residual: 0.00030095552150364424
Iteration: 940, relative residual: 0.00030095459155779876
Iteration: 941, relative residual: 0.00030095111225638993
Iteration: 942, relative residual: 0.0003009001138816238
Iteration: 943, relative residual: 0.0003007906970567891
Iteration: 944, relative residual: 0.0003007091224128284
Iteration: 945, relative residual: 0.0003006007366521871
Iteration: 946, relative residual: 0.0003005991146654564
Iteration: 947, relative residual: 0.0003004323337120146
Iteration: 948, relative residual: 0.0003000546223431345
Iteration: 949, relative residual: 0.0002997120543245407
Iteration: 950, relative residual: 0.00029938430872941983
Iteration: 951, relative residual: 0.0002993141841615457
Iteration: 952, relative residual: 0.00029929970843849563
Iteration: 953, relative residual: 0.0002991900233240083
Iteration: 954, relative residual: 0.0002988365916827911
Iteration: 955, relative residual: 0.0002981153613483784
Iteration: 956, relative residual: 0.00029729195220545824
Iteration: 957, relative residual: 0.00029698205848281364
Iteration: 958, relative residual: 0.00029696714010044506
Iteration: 959, relative residual: 0.0002968178995003944
Iteration: 960, relative residual: 0.0002962115838392487
Iteration: 961, relative residual: 0.00029533584850599727
Iteration: 962, relative residual: 0.0002937665218684715
Iteration: 963, relative residual: 0.0002926591600972073
Iteration: 964, relative residual: 0.0002920865352748102
Iteration: 965, relative residual: 0.00029172205934690175
Iteration: 966, relative residual: 0.0002916914852865034
Iteration: 967, relative residual: 0.00029150294585768044
Iteration: 968, relative residual: 0.0002910627272724515
Iteration: 969, relative residual: 0.0002907484838257762
Iteration: 970, relative residual: 0.00029051856364144924
Iteration: 971, relative residual: 0.00029051788118056836
Iteration: 972, relative residual: 0.00029051359815910417
Iteration: 973, relative residual: 0.0002905128302154428
Iteration: 974, relative residual: 0.0002904837812087437
Iteration: 975, relative residual: 0.00029032785434967125
Iteration: 976, relative residual: 0.000290188452259463
Iteration: 977, relative residual: 0.00028996809148903015
Iteration: 978, relative residual: 0.0002897292271856666
Iteration: 979, relative residual: 0.00028958567103229177
Iteration: 980, relative residual: 0.0002895349770501876
Iteration: 981, relative residual: 0.00028947037054281605
Iteration: 982, relative residual: 0.0002892384112393855
Iteration: 983, relative residual: 0.00028859664758744803
Iteration: 984, relative residual: 0.00028820421263776804
Iteration: 985, relative residual: 0.0002879286842661017
Iteration: 986, relative residual: 0.00028787829922253204
Iteration: 987, relative residual: 0.0002878711676144087
Iteration: 988, relative residual: 0.0002876322950376225
Iteration: 989, relative residual: 0.0002870969797913871
Iteration: 990, relative residual: 0.0002866593324782612
Iteration: 991, relative residual: 0.0002865371523725656
Iteration: 992, relative residual: 0.0002864967032188464
Iteration: 993, relative residual: 0.0002854876715701996
Iteration: 994, relative residual: 0.0002842968307647341
Iteration: 995, relative residual: 0.0002834893185708358
Iteration: 996, relative residual: 0.0002831374470403098
Iteration: 997, relative residual: 0.0002831311306231696
Iteration: 998, relative residual: 0.00028289366423636024
Iteration: 999, relative residual: 0.00028247154006498043
Iteration: 1000, relative residual: 0.00028247154006498043
Residual: 0.00028247154006498043. Restart...
Warning!!!!You have reached the maximum number of iterations : 1000.
The run will stop. Check the residual behaviour you might have a bug.For future runs you might consider changing the tolerance or increasing the number of max_iter.
Solve time        : 5101.320662975311s

Calculate Solvation Energy (E_solv)
Calculating solvation energy for region 1, stored in E_solv[0]
6088.662288837363 of 621269 analytical integrals for phi_reac calculation in region 1
Time E_solv: 5.2541656494140625s
Region 1: E_solv = -7970.356199077021 kcal/mol = -33347.970336938255 kJ/mol

Calculate Surface Energy (E_surf)
Time E_surf: 0.021274328231811523s

Calculate Coulomb Energy (E_coul)
Calculate Coulomb energy for region 1
Region 1: E_coul = -287794.28348614107 kcal/mol = -1204131.2821060142 kJ/mol
Time E_coul: 33.50477051734924s

------------------------------
Totals:
E_solv = -7970.356199077021 kcal/mol
E_surf = 0 kcal/mol
E_coul = -287794.28348614107 kcal/mol

Time = 5236.154876232147 s
