Run started on:
	Date: 2020/5/23
	Time: 22:51:43
	PyGBe version: 0.3.2+5.gea0f875
Config file: /cobra/u/gvargas/code/hPB/pygbe/pygbe/myCrownFinShots/sarsCov2002/snap4/snap4.config
Parameter file: /cobra/u/gvargas/code/hPB/pygbe/pygbe/myCrownFinShots/sarsCov2002/snap4/snap4.param
Geometry folder: /cobra/u/gvargas/code/hPB/pygbe/pygbe/myCrownFinShots/sarsCov2002/snap4/geometry
Running in: /cobra/u/gvargas/code/hPB/pygbe/pygbe/myCrownFinShots/sarsCov2002/snap4

Reading surface 0 from file geometry/crownVF2002
Time load mesh: 10.375489950180054
Removed areas=0: 204

Total elements : 622270
Total equations: 1244540
----------------------------

1 surfaces:

Surface 0:
	622270 elements
	Surface type         : dielectric_interface
	Cells                : 3778
	Twigs                : 3198
	Levels               : 7
	C0 size              : 121.0787217068795
	C0 box center        : 68.8674623716393, 91.92011092023291, 132.43043869435027
	Twig cell size       : 1.8918550266699923
	Rbox/theta           : 3.7837100533399846
	Analytic distance    : 1.2982309366902578
	Elem. per Ang^2      : 4.157277895559137
	Max, min, avg elem.  : 1.3857703318739425, 4.999999999763533e-07, 0.2405420145399022
	Total area           : 149682.07938774495
------------------------------

2 regions:

Region 0:
	Laplace or Yukawa: 2
	kappa            : 0.125
	dielectric const : 80.0
	Number of charges: 0
	Parent surface   : []
	Child surfaces   : [0]
Region 1:
	Laplace or Yukawa: 1
	kappa            : 1e-12
	dielectric const : 4.0
	Number of charges: 60380
	Parent surface   : [0]
	Child surfaces   : []
------------------------------

Parameters:
	Data type               : <class 'numpy.float64'>
	Use GPU                 : 1
	P                       : 4
	threshold               : 0.50
	theta                   : 0.50
	NCRIT                   : 500
	CUDA block size         : 128
	Gauss points per element: 1
	Gauss points near singlr: 25
	1D Gauss points per side: 9
	GMRES tolerance         : 1e-05
	GMRES max iterations    : 1000
	GMRES restart iteration : 100
----------------------------

Generate interaction list
Transfer data to GPU
Generate RHS
List time          : 3.5014936923980713s
Data transfer time : 0.4188880920410156s
RHS generation time: 0.5720958709716797s
------------------------------
Total setup time   : 77.83421301841736s
Solve
Iteration: 1, relative residual: 0.4912711375289416
Iteration: 2, relative residual: 0.3686209339632444
Iteration: 3, relative residual: 0.26817309659541727
Iteration: 4, relative residual: 0.22571590458216512
Iteration: 5, relative residual: 0.1688708112307507
Iteration: 6, relative residual: 0.13678697740168527
Iteration: 7, relative residual: 0.11526325014499969
Iteration: 8, relative residual: 0.09671364720269283
Iteration: 9, relative residual: 0.08153102746366056
Iteration: 10, relative residual: 0.0684131854427731
Iteration: 11, relative residual: 0.06087198680678545
Iteration: 12, relative residual: 0.05071318904929934
Iteration: 13, relative residual: 0.044927844708769586
Iteration: 14, relative residual: 0.037165222580480425
Iteration: 15, relative residual: 0.03443911357526685
Iteration: 16, relative residual: 0.03441291412787747
Iteration: 17, relative residual: 0.02935112823523846
Iteration: 18, relative residual: 0.024953088264188714
Iteration: 19, relative residual: 0.02406020123021359
Iteration: 20, relative residual: 0.019904189363165126
Iteration: 21, relative residual: 0.01678418908175718
Iteration: 22, relative residual: 0.014949688744968334
Iteration: 23, relative residual: 0.012526991821904048
Iteration: 24, relative residual: 0.011264339325746341
Iteration: 25, relative residual: 0.010772134407023988
Iteration: 26, relative residual: 0.010667365957604697
Iteration: 27, relative residual: 0.009624742841076991
Iteration: 28, relative residual: 0.008505210260129091
Iteration: 29, relative residual: 0.00741164593933538
Iteration: 30, relative residual: 0.006727545550292255
Iteration: 31, relative residual: 0.00617637370555471
Iteration: 32, relative residual: 0.005475027992872696
Iteration: 33, relative residual: 0.0050656364604401835
Iteration: 34, relative residual: 0.0046763473347940995
Iteration: 35, relative residual: 0.004148866892947666
Iteration: 36, relative residual: 0.003811505275073181
Iteration: 37, relative residual: 0.0035322388668326517
Iteration: 38, relative residual: 0.003326345869486603
Iteration: 39, relative residual: 0.003289154000804696
Iteration: 40, relative residual: 0.003287830874574077
Iteration: 41, relative residual: 0.0032608171362804904
Iteration: 42, relative residual: 0.0030742430266006223
Iteration: 43, relative residual: 0.002929096990263507
Iteration: 44, relative residual: 0.0027171265884310294
Iteration: 45, relative residual: 0.0025446568311090767
Iteration: 46, relative residual: 0.002422841810210672
Iteration: 47, relative residual: 0.002392883188803492
Iteration: 48, relative residual: 0.0023887160617034517
Iteration: 49, relative residual: 0.0023775735313455192
Iteration: 50, relative residual: 0.002276243504748469
Iteration: 51, relative residual: 0.0022065782590121423
Iteration: 52, relative residual: 0.0020610179414541478
Iteration: 53, relative residual: 0.0020367109888422648
Iteration: 54, relative residual: 0.0019982513781081116
Iteration: 55, relative residual: 0.0019978861386019497
Iteration: 56, relative residual: 0.0019345917331626723
Iteration: 57, relative residual: 0.0019020469669510215
Iteration: 58, relative residual: 0.0018777257948433884
Iteration: 59, relative residual: 0.0018773346027617375
Iteration: 60, relative residual: 0.0018730510831232662
Iteration: 61, relative residual: 0.0018551013975140205
Iteration: 62, relative residual: 0.0018359263399011542
Iteration: 63, relative residual: 0.0018180957657565116
Iteration: 64, relative residual: 0.0018098063102947879
Iteration: 65, relative residual: 0.0018077480215885828
Iteration: 66, relative residual: 0.001778715980342661
Iteration: 67, relative residual: 0.0017107439944416968
Iteration: 68, relative residual: 0.0016738876273578844
Iteration: 69, relative residual: 0.0016680077070567146
Iteration: 70, relative residual: 0.0016670320685382037
Iteration: 71, relative residual: 0.0016405544711540875
Iteration: 72, relative residual: 0.0015992144954095299
Iteration: 73, relative residual: 0.001572537253765392
Iteration: 74, relative residual: 0.0015637071289750471
Iteration: 75, relative residual: 0.0015477939087565266
Iteration: 76, relative residual: 0.0014514523962157377
Iteration: 77, relative residual: 0.0014077061310963884
Iteration: 78, relative residual: 0.0013536657544465027
Iteration: 79, relative residual: 0.0013452356680013068
Iteration: 80, relative residual: 0.0013429554249260603
Iteration: 81, relative residual: 0.0012888826607304795
Iteration: 82, relative residual: 0.0012262146237568064
Iteration: 83, relative residual: 0.0011856710700381375
Iteration: 84, relative residual: 0.0011741348452631198
Iteration: 85, relative residual: 0.0011677167450356376
Iteration: 86, relative residual: 0.0011562397546684819
Iteration: 87, relative residual: 0.0011315424390432659
Iteration: 88, relative residual: 0.001069653294888792
Iteration: 89, relative residual: 0.0010154885050968924
Iteration: 90, relative residual: 0.0009873003586862606
Iteration: 91, relative residual: 0.0009839510687701654
Iteration: 92, relative residual: 0.000981192327476854
Iteration: 93, relative residual: 0.0009810191329704281
Iteration: 94, relative residual: 0.0009776958334111988
Iteration: 95, relative residual: 0.0009506383635127447
Iteration: 96, relative residual: 0.0009244065894315229
Iteration: 97, relative residual: 0.0009049087400343963
Iteration: 98, relative residual: 0.0008950029740307401
Iteration: 99, relative residual: 0.0008949310073500969
Iteration: 100, relative residual: 0.0008949310073500969
Residual: 0.0008949310073500969. Restart...
Iteration: 101, relative residual: 0.000889164321126948
Iteration: 102, relative residual: 0.0008891022281175237
Iteration: 103, relative residual: 0.0008889978468055197
Iteration: 104, relative residual: 0.0008888508178434214
Iteration: 105, relative residual: 0.0008888075990327128
Iteration: 106, relative residual: 0.0008887986384841952
Iteration: 107, relative residual: 0.0008887529798321889
Iteration: 108, relative residual: 0.0008887507673620316
Iteration: 109, relative residual: 0.0008885553164095113
Iteration: 110, relative residual: 0.0008885324786333278
Iteration: 111, relative residual: 0.0008882935086959787
Iteration: 112, relative residual: 0.0008881030895822111
Iteration: 113, relative residual: 0.000887893230052506
Iteration: 114, relative residual: 0.0008878213610444681
Iteration: 115, relative residual: 0.0008868872889025562
Iteration: 116, relative residual: 0.0008849705482480752
Iteration: 117, relative residual: 0.0008802367443080285
Iteration: 118, relative residual: 0.0008702047674236923
Iteration: 119, relative residual: 0.0008651123830611063
Iteration: 120, relative residual: 0.000860600512789126
Iteration: 121, relative residual: 0.0008565774302292038
Iteration: 122, relative residual: 0.0008560810930758087
Iteration: 123, relative residual: 0.0008560794304212936
Iteration: 124, relative residual: 0.000855270614320645
Iteration: 125, relative residual: 0.0008534458869235151
Iteration: 126, relative residual: 0.0008520314784162918
Iteration: 127, relative residual: 0.0008494558864967051
Iteration: 128, relative residual: 0.0008483488601940432
Iteration: 129, relative residual: 0.0008483100094220586
Iteration: 130, relative residual: 0.0008481241984090473
Iteration: 131, relative residual: 0.0008472576079660667
Iteration: 132, relative residual: 0.0008432785538108193
Iteration: 133, relative residual: 0.0008368132483007112
Iteration: 134, relative residual: 0.0008311322425126121
Iteration: 135, relative residual: 0.0008253785481380464
Iteration: 136, relative residual: 0.000823334072298181
Iteration: 137, relative residual: 0.0008225338268961781
Iteration: 138, relative residual: 0.00081483159301405
Iteration: 139, relative residual: 0.0008016008151511153
Iteration: 140, relative residual: 0.0007876643172872402
Iteration: 141, relative residual: 0.0007817305083971792
Iteration: 142, relative residual: 0.0007752804143730342
Iteration: 143, relative residual: 0.0007750902852413943
Iteration: 144, relative residual: 0.0007735889139770374
Iteration: 145, relative residual: 0.0007628063344101767
Iteration: 146, relative residual: 0.0007523123345490693
Iteration: 147, relative residual: 0.000746772896727654
Iteration: 148, relative residual: 0.0007441880101900106
Iteration: 149, relative residual: 0.0007427813689099735
Iteration: 150, relative residual: 0.00073680266381598
Iteration: 151, relative residual: 0.0007208789917249403
Iteration: 152, relative residual: 0.0007151049895037203
Iteration: 153, relative residual: 0.0007119543204669799
Iteration: 154, relative residual: 0.0007110528422535097
Iteration: 155, relative residual: 0.0007067439620227812
Iteration: 156, relative residual: 0.0007008439990197229
Iteration: 157, relative residual: 0.0006923746577301934
Iteration: 158, relative residual: 0.0006904091494856349
Iteration: 159, relative residual: 0.0006903485190701416
Iteration: 160, relative residual: 0.0006878251230767395
Iteration: 161, relative residual: 0.0006821048296160703
Iteration: 162, relative residual: 0.0006748977923360686
Iteration: 163, relative residual: 0.0006664308684127149
Iteration: 164, relative residual: 0.0006652342340770016
Iteration: 165, relative residual: 0.0006636505421490753
Iteration: 166, relative residual: 0.0006576712425293448
Iteration: 167, relative residual: 0.0006467210419654845
Iteration: 168, relative residual: 0.0006458792422527786
Iteration: 169, relative residual: 0.0006458766830640606
Iteration: 170, relative residual: 0.0006420861353078056
Iteration: 171, relative residual: 0.000632517300326533
Iteration: 172, relative residual: 0.000613082316096497
Iteration: 173, relative residual: 0.0006041471679401693
Iteration: 174, relative residual: 0.000596808753067264
Iteration: 175, relative residual: 0.000596808633415742
Iteration: 176, relative residual: 0.0005897978703978761
Iteration: 177, relative residual: 0.0005655769268362105
Iteration: 178, relative residual: 0.0005452010233249032
Iteration: 179, relative residual: 0.0005173451217948362
Iteration: 180, relative residual: 0.0005009370850083935
Iteration: 181, relative residual: 0.0004995333711052621
Iteration: 182, relative residual: 0.0004969180873221374
Iteration: 183, relative residual: 0.0004848858450989474
Iteration: 184, relative residual: 0.0004621965599152253
Iteration: 185, relative residual: 0.00044727572102156853
Iteration: 186, relative residual: 0.00043256522704262525
Iteration: 187, relative residual: 0.00042723555519522154
Iteration: 188, relative residual: 0.00042040645656519343
Iteration: 189, relative residual: 0.00041884409963834085
Iteration: 190, relative residual: 0.0004188387749018344
Iteration: 191, relative residual: 0.00041765161322000944
Iteration: 192, relative residual: 0.0004133591926938231
Iteration: 193, relative residual: 0.0004126688627906939
Iteration: 194, relative residual: 0.0004096354978314448
Iteration: 195, relative residual: 0.00040801786641241837
Iteration: 196, relative residual: 0.00040800423432392897
Iteration: 197, relative residual: 0.00040759623400320487
Iteration: 198, relative residual: 0.0004056257382953189
Iteration: 199, relative residual: 0.0003980992600272221
Iteration: 200, relative residual: 0.0003980992600272221
Residual: 0.0003980992600272221. Restart...
Iteration: 201, relative residual: 0.00039046380044907943
Iteration: 202, relative residual: 0.0003903965973888733
Iteration: 203, relative residual: 0.00039039627002132783
Iteration: 204, relative residual: 0.00039033515204784714
Iteration: 205, relative residual: 0.00039018422446987
Iteration: 206, relative residual: 0.00038984300877061766
Iteration: 207, relative residual: 0.00038945389878912835
Iteration: 208, relative residual: 0.00038940198149348056
Iteration: 209, relative residual: 0.000389395907948452
Iteration: 210, relative residual: 0.000389299345275317
Iteration: 211, relative residual: 0.00038929542665690605
Iteration: 212, relative residual: 0.00038918135142893326
Iteration: 213, relative residual: 0.000389048954627762
Iteration: 214, relative residual: 0.0003888755545586581
Iteration: 215, relative residual: 0.0003881390872297074
Iteration: 216, relative residual: 0.0003880482865654824
Iteration: 217, relative residual: 0.000388008558740574
Iteration: 218, relative residual: 0.00038800640524376404
Iteration: 219, relative residual: 0.0003879663282253486
Iteration: 220, relative residual: 0.00038777748228415224
Iteration: 221, relative residual: 0.00038751063726807683
Iteration: 222, relative residual: 0.00038721486114123475
Iteration: 223, relative residual: 0.000387210241080074
Iteration: 224, relative residual: 0.0003871592733948255
Iteration: 225, relative residual: 0.00038675265466438626
Iteration: 226, relative residual: 0.00038602058387232467
Iteration: 227, relative residual: 0.00038468120719739016
Iteration: 228, relative residual: 0.000383622385281778
Iteration: 229, relative residual: 0.0003830876616192001
Iteration: 230, relative residual: 0.0003825484125197825
Iteration: 231, relative residual: 0.00038245025109635264
Iteration: 232, relative residual: 0.0003824370492416362
Iteration: 233, relative residual: 0.00038237048931940784
Iteration: 234, relative residual: 0.0003818776494810502
Iteration: 235, relative residual: 0.0003809870385187335
Iteration: 236, relative residual: 0.00038046675336199007
Iteration: 237, relative residual: 0.00038023356637822405
Iteration: 238, relative residual: 0.0003801275398013797
Iteration: 239, relative residual: 0.0003799216430911493
Iteration: 240, relative residual: 0.0003785933961258304
Iteration: 241, relative residual: 0.00037742501674062047
Iteration: 242, relative residual: 0.0003771524261408993
Iteration: 243, relative residual: 0.0003771523946081398
Iteration: 244, relative residual: 0.00037698832387286866
Iteration: 245, relative residual: 0.0003766035958103639
Iteration: 246, relative residual: 0.00037562922438767537
Iteration: 247, relative residual: 0.00037492645721521375
Iteration: 248, relative residual: 0.0003747124763093347
Iteration: 249, relative residual: 0.00037471202435544905
Iteration: 250, relative residual: 0.00037434538168410576
Iteration: 251, relative residual: 0.00037285077202503763
Iteration: 252, relative residual: 0.00037172742433691855
Iteration: 253, relative residual: 0.000371643362258914
Iteration: 254, relative residual: 0.00037158358976453217
Iteration: 255, relative residual: 0.0003712919007569951
Iteration: 256, relative residual: 0.00037007398314190166
Iteration: 257, relative residual: 0.0003691137723561798
Iteration: 258, relative residual: 0.00036847224463052363
Iteration: 259, relative residual: 0.00036824790164421186
Iteration: 260, relative residual: 0.000368132628206022
Iteration: 261, relative residual: 0.00036724705844174945
Iteration: 262, relative residual: 0.00036434139564904067
Iteration: 263, relative residual: 0.00036395666498206846
Iteration: 264, relative residual: 0.00036389373917418254
Iteration: 265, relative residual: 0.00036207759511493084
Iteration: 266, relative residual: 0.0003584429667412616
Iteration: 267, relative residual: 0.0003553480648422823
Iteration: 268, relative residual: 0.00035402635127354765
Iteration: 269, relative residual: 0.00035402623790041705
Iteration: 270, relative residual: 0.00035401018201090627
Iteration: 271, relative residual: 0.0003538438744438493
Iteration: 272, relative residual: 0.0003530282425505817
Iteration: 273, relative residual: 0.00035096924012508374
Iteration: 274, relative residual: 0.0003504667083848493
Iteration: 275, relative residual: 0.00035044277077032464
Iteration: 276, relative residual: 0.0003504380712514839
Iteration: 277, relative residual: 0.0003501012103866655
Iteration: 278, relative residual: 0.00034826874165883184
Iteration: 279, relative residual: 0.00034727315530301057
Iteration: 280, relative residual: 0.0003467381475408223
Iteration: 281, relative residual: 0.00034659655564619465
Iteration: 282, relative residual: 0.0003465569909865847
Iteration: 283, relative residual: 0.00034631512656632706
Iteration: 284, relative residual: 0.0003450624906534209
Iteration: 285, relative residual: 0.0003432691675365402
Iteration: 286, relative residual: 0.00034271798530976073
Iteration: 287, relative residual: 0.0003418524378561616
Iteration: 288, relative residual: 0.0003413943363023051
Iteration: 289, relative residual: 0.00034116853694422247
Iteration: 290, relative residual: 0.000340855183978058
Iteration: 291, relative residual: 0.00033801993243125775
Iteration: 292, relative residual: 0.0003319378761519648
Iteration: 293, relative residual: 0.0003268483865943756
Iteration: 294, relative residual: 0.000324124589043266
Iteration: 295, relative residual: 0.00032272483027542993
Iteration: 296, relative residual: 0.0003226450845474739
Iteration: 297, relative residual: 0.0003215176689873987
Iteration: 298, relative residual: 0.0003182556917408134
Iteration: 299, relative residual: 0.00031286638141708257
Iteration: 300, relative residual: 0.00031286638141708257
Residual: 0.00031286638141708257. Restart...
Iteration: 301, relative residual: 0.000309589769681341
Iteration: 302, relative residual: 0.0003095892872117192
Iteration: 303, relative residual: 0.0003095880045662673
Iteration: 304, relative residual: 0.00030956815678022045
Iteration: 305, relative residual: 0.00030955193511623963
Iteration: 306, relative residual: 0.00030944589291785884
Iteration: 307, relative residual: 0.0003094138974101193
Iteration: 308, relative residual: 0.00030940541972273016
Iteration: 309, relative residual: 0.0003093701925355357
Iteration: 310, relative residual: 0.00030936845253734903
Iteration: 311, relative residual: 0.0003093594994657267
Iteration: 312, relative residual: 0.00030930920961880757
Iteration: 313, relative residual: 0.000309254948756251
Iteration: 314, relative residual: 0.00030925494820850414
Iteration: 315, relative residual: 0.00030923600254941533
Iteration: 316, relative residual: 0.00030901558873527336
Iteration: 317, relative residual: 0.0003080789738838652
Iteration: 318, relative residual: 0.0003073297224635707
Iteration: 319, relative residual: 0.00030652054964317295
Iteration: 320, relative residual: 0.00030540658342749293
Iteration: 321, relative residual: 0.00030482817686292414
Iteration: 322, relative residual: 0.0003048154523341592
Iteration: 323, relative residual: 0.0003046298965213527
Iteration: 324, relative residual: 0.0003041990414698556
Iteration: 325, relative residual: 0.0003026379982628285
Iteration: 326, relative residual: 0.0003019162446547954
Iteration: 327, relative residual: 0.000300817798039576
Iteration: 328, relative residual: 0.00030055222092584163
Iteration: 329, relative residual: 0.00030052566490888045
Iteration: 330, relative residual: 0.0002999357169851491
Iteration: 331, relative residual: 0.0002989461218228366
Iteration: 332, relative residual: 0.00029754787601833676
Iteration: 333, relative residual: 0.00029669679123269475
Iteration: 334, relative residual: 0.00029616358182657737
Iteration: 335, relative residual: 0.0002959737708793497
Iteration: 336, relative residual: 0.00029590418332848026
Iteration: 337, relative residual: 0.00029560190270395633
Iteration: 338, relative residual: 0.0002947373040649259
Iteration: 339, relative residual: 0.0002943051831148162
Iteration: 340, relative residual: 0.0002936379284545865
Iteration: 341, relative residual: 0.0002934130855919659
Iteration: 342, relative residual: 0.0002934123873640615
Iteration: 343, relative residual: 0.00029333584121733465
Iteration: 344, relative residual: 0.00029274163439784183
Iteration: 345, relative residual: 0.00029230072830362596
Iteration: 346, relative residual: 0.00029224380858232715
Iteration: 347, relative residual: 0.00029203354367507997
Iteration: 348, relative residual: 0.00029193340764561163
Iteration: 349, relative residual: 0.00029121224012375254
Iteration: 350, relative residual: 0.0002904832998870984
Iteration: 351, relative residual: 0.0002900397388004965
Iteration: 352, relative residual: 0.0002900004876735643
Iteration: 353, relative residual: 0.0002898841790984626
Iteration: 354, relative residual: 0.0002895973935811119
Iteration: 355, relative residual: 0.0002891517417536072
Iteration: 356, relative residual: 0.0002886378811616752
Iteration: 357, relative residual: 0.00028859221009665855
Iteration: 358, relative residual: 0.0002885907514409716
Iteration: 359, relative residual: 0.000288034465009961
Iteration: 360, relative residual: 0.00028760947732695225
Iteration: 361, relative residual: 0.00028713196375848907
Iteration: 362, relative residual: 0.0002871229545963895
Iteration: 363, relative residual: 0.00028694203531906467
Iteration: 364, relative residual: 0.0002861683312203245
Iteration: 365, relative residual: 0.00028496861456075463
Iteration: 366, relative residual: 0.00028463507697286194
Iteration: 367, relative residual: 0.0002846295582193427
Iteration: 368, relative residual: 0.0002838699773491826
Iteration: 369, relative residual: 0.00028082525651872657
Iteration: 370, relative residual: 0.0002790095383716586
Iteration: 371, relative residual: 0.00027858946218662235
Iteration: 372, relative residual: 0.0002782649197851147
Iteration: 373, relative residual: 0.00027824806070309043
Iteration: 374, relative residual: 0.000277935817285037
Iteration: 375, relative residual: 0.00027537579178206885
Iteration: 376, relative residual: 0.0002740304081796831
Iteration: 377, relative residual: 0.0002734074568107162
Iteration: 378, relative residual: 0.00027315169168812525
Iteration: 379, relative residual: 0.0002731476071967077
Iteration: 380, relative residual: 0.00027282388104109246
Iteration: 381, relative residual: 0.00027237723283091034
Iteration: 382, relative residual: 0.000271754999976636
Iteration: 383, relative residual: 0.0002715656772472768
Iteration: 384, relative residual: 0.00027141677215635396
Iteration: 385, relative residual: 0.00027118120176935654
Iteration: 386, relative residual: 0.00027112926538404406
Iteration: 387, relative residual: 0.0002705136591569808
Iteration: 388, relative residual: 0.0002693623756608414
Iteration: 389, relative residual: 0.0002678996726369337
Iteration: 390, relative residual: 0.0002675151503300839
Iteration: 391, relative residual: 0.00026744527051999
Iteration: 392, relative residual: 0.0002672265419222833
Iteration: 393, relative residual: 0.0002672151717803908
Iteration: 394, relative residual: 0.00026685514569887016
Iteration: 395, relative residual: 0.00026597640081296714
Iteration: 396, relative residual: 0.0002641530158902659
Iteration: 397, relative residual: 0.00026259363163040855
Iteration: 398, relative residual: 0.00026221798227002956
Iteration: 399, relative residual: 0.0002622046619318852
Iteration: 400, relative residual: 0.0002622046619318852
Residual: 0.0002622046619318852. Restart...
Iteration: 401, relative residual: 0.00026213931245516964
Iteration: 402, relative residual: 0.00026213930918763566
Iteration: 403, relative residual: 0.00026213930906544375
Iteration: 404, relative residual: 0.00026213930692487987
Iteration: 405, relative residual: 0.00026213928486496977
Iteration: 406, relative residual: 0.0002621390479276055
Iteration: 407, relative residual: 0.0002621383099951749
Iteration: 408, relative residual: 0.0002621372353754804
Iteration: 409, relative residual: 0.000262137138709538
Iteration: 410, relative residual: 0.0002621357016498784
Iteration: 411, relative residual: 0.00026213543861944695
Iteration: 412, relative residual: 0.00026213380168854135
Iteration: 413, relative residual: 0.0002621308162852768
Iteration: 414, relative residual: 0.00026213065678045246
Iteration: 415, relative residual: 0.0002621284648768087
Iteration: 416, relative residual: 0.00026210182637400096
Iteration: 417, relative residual: 0.00026201539469558003
Iteration: 418, relative residual: 0.00026187394526457834
Iteration: 419, relative residual: 0.000261597951991503
Iteration: 420, relative residual: 0.00026122046843871614
Iteration: 421, relative residual: 0.00026106687932677373
Iteration: 422, relative residual: 0.00026106343514425273
Iteration: 423, relative residual: 0.0002609483765260612
Iteration: 424, relative residual: 0.0002606579454646388
Iteration: 425, relative residual: 0.00026030080282466
Iteration: 426, relative residual: 0.0002598581708495089
Iteration: 427, relative residual: 0.00025961608390275416
Iteration: 428, relative residual: 0.0002594693956438577
Iteration: 429, relative residual: 0.0002594262287063481
Iteration: 430, relative residual: 0.0002594262247641896
Iteration: 431, relative residual: 0.0002593956519996626
Iteration: 432, relative residual: 0.00025923075603546345
Iteration: 433, relative residual: 0.000258928491779729
Iteration: 434, relative residual: 0.0002587025241439181
Iteration: 435, relative residual: 0.0002586501024561777
Iteration: 436, relative residual: 0.0002586386400245428
Iteration: 437, relative residual: 0.0002585284908230088
Iteration: 438, relative residual: 0.00025839226378637835
Iteration: 439, relative residual: 0.0002579664752065129
Iteration: 440, relative residual: 0.00025768818830894754
Iteration: 441, relative residual: 0.0002570880859113572
Iteration: 442, relative residual: 0.00025681550871985734
Iteration: 443, relative residual: 0.00025674955161269624
Iteration: 444, relative residual: 0.0002567479144980427
Iteration: 445, relative residual: 0.00025665863492361194
Iteration: 446, relative residual: 0.0002563001206482925
Iteration: 447, relative residual: 0.00025611909575531147
Iteration: 448, relative residual: 0.0002561016708680577
Iteration: 449, relative residual: 0.0002560649938123371
Iteration: 450, relative residual: 0.0002559281408258418
Iteration: 451, relative residual: 0.0002556188065618453
Iteration: 452, relative residual: 0.0002551095459453627
Iteration: 453, relative residual: 0.0002548262926596632
Iteration: 454, relative residual: 0.0002547503160359048
Iteration: 455, relative residual: 0.0002547024022644659
Iteration: 456, relative residual: 0.0002540185077595502
Iteration: 457, relative residual: 0.0002526850277739913
Iteration: 458, relative residual: 0.00025193528880763363
Iteration: 459, relative residual: 0.00025184303776289884
Iteration: 460, relative residual: 0.0002516885897092852
Iteration: 461, relative residual: 0.00025119950803879004
Iteration: 462, relative residual: 0.000250064240945484
Iteration: 463, relative residual: 0.00024930090981173066
Iteration: 464, relative residual: 0.0002490225831365734
Iteration: 465, relative residual: 0.0002490181150238362
Iteration: 466, relative residual: 0.00024850305532016464
Iteration: 467, relative residual: 0.0002480385239933099
Iteration: 468, relative residual: 0.00024787776019326703
Iteration: 469, relative residual: 0.00024775507191531187
Iteration: 470, relative residual: 0.00024770625319739235
Iteration: 471, relative residual: 0.0002476875527928626
Iteration: 472, relative residual: 0.00024711878074659726
Iteration: 473, relative residual: 0.00024607188233955433
Iteration: 474, relative residual: 0.00024534927798470016
Iteration: 475, relative residual: 0.0002448194400735633
Iteration: 476, relative residual: 0.0002447857710876993
Iteration: 477, relative residual: 0.0002447264454014741
Iteration: 478, relative residual: 0.0002442359697184682
Iteration: 479, relative residual: 0.00024397820470785435
Iteration: 480, relative residual: 0.00024377982156965962
Iteration: 481, relative residual: 0.00024374394955987443
Iteration: 482, relative residual: 0.0002436971028053477
Iteration: 483, relative residual: 0.00024348884284423335
Iteration: 484, relative residual: 0.00024297104088121362
Iteration: 485, relative residual: 0.00024222531749651936
Iteration: 486, relative residual: 0.00024191062422690958
Iteration: 487, relative residual: 0.00024189221464222197
Iteration: 488, relative residual: 0.00024163564840067657
Iteration: 489, relative residual: 0.00024130275811495077
Iteration: 490, relative residual: 0.00024097239605919263
Iteration: 491, relative residual: 0.0002404829327751282
Iteration: 492, relative residual: 0.0002400441237293843
Iteration: 493, relative residual: 0.00023970495350511664
Iteration: 494, relative residual: 0.00023965682314845
Iteration: 495, relative residual: 0.00023939325480654917
Iteration: 496, relative residual: 0.00023897305586470174
Iteration: 497, relative residual: 0.0002369105730821259
Iteration: 498, relative residual: 0.000235993666143023
Iteration: 499, relative residual: 0.00023531189596707978
Iteration: 500, relative residual: 0.00023531189596707978
Residual: 0.00023531189596707978. Restart...
Iteration: 501, relative residual: 0.00023530808766810134
Iteration: 502, relative residual: 0.00023530808717206865
Iteration: 503, relative residual: 0.0002353080726002337
Iteration: 504, relative residual: 0.00023530805327062347
Iteration: 505, relative residual: 0.00023530794372879487
Iteration: 506, relative residual: 0.00023530729941662406
Iteration: 507, relative residual: 0.0002353022977245033
Iteration: 508, relative residual: 0.00023528229577972847
Iteration: 509, relative residual: 0.00023525372123319658
Iteration: 510, relative residual: 0.00023525312209351075
Iteration: 511, relative residual: 0.00023522270056770193
Iteration: 512, relative residual: 0.0002352226693128514
Iteration: 513, relative residual: 0.00023520141796171603
Iteration: 514, relative residual: 0.00023511504104901498
Iteration: 515, relative residual: 0.00023476773571392778
Iteration: 516, relative residual: 0.00023407392661063813
Iteration: 517, relative residual: 0.00023353867543792094
Iteration: 518, relative residual: 0.0002332784539354714
Iteration: 519, relative residual: 0.00023311772159998555
Iteration: 520, relative residual: 0.00023303624808691985
Iteration: 521, relative residual: 0.00023303072248478024
Iteration: 522, relative residual: 0.00023301379064700914
Iteration: 523, relative residual: 0.00023292722800738772
Iteration: 524, relative residual: 0.0002327506025523588
Iteration: 525, relative residual: 0.00023262848068222826
Iteration: 526, relative residual: 0.00023261289763866464
Iteration: 527, relative residual: 0.0002326113372667628
Iteration: 528, relative residual: 0.00023260203939404705
Iteration: 529, relative residual: 0.0002325682239518829
Iteration: 530, relative residual: 0.00023246859898086312
Iteration: 531, relative residual: 0.00023230023544441349
Iteration: 532, relative residual: 0.0002321110731960655
Iteration: 533, relative residual: 0.0002318950231015194
Iteration: 534, relative residual: 0.00023155422228378987
Iteration: 535, relative residual: 0.000231510136210991
Iteration: 536, relative residual: 0.00023146436956166157
Iteration: 537, relative residual: 0.00023118545554632111
Iteration: 538, relative residual: 0.00023080567505551094
Iteration: 539, relative residual: 0.0002304715895799731
Iteration: 540, relative residual: 0.00023038994807808474
Iteration: 541, relative residual: 0.00023037824874253405
Iteration: 542, relative residual: 0.00023032220181171026
Iteration: 543, relative residual: 0.00023014760126473328
Iteration: 544, relative residual: 0.0002296910781931605
Iteration: 545, relative residual: 0.00022950693968203616
Iteration: 546, relative residual: 0.00022947525577708813
Iteration: 547, relative residual: 0.00022943667319739338
Iteration: 548, relative residual: 0.00022907231362749114
Iteration: 549, relative residual: 0.00022859393912283546
Iteration: 550, relative residual: 0.0002283549522617204
Iteration: 551, relative residual: 0.00022828920477426027
Iteration: 552, relative residual: 0.00022825440183453605
Iteration: 553, relative residual: 0.00022807970189684515
Iteration: 554, relative residual: 0.00022736875460480552
Iteration: 555, relative residual: 0.00022697212661860266
Iteration: 556, relative residual: 0.00022673896591168122
Iteration: 557, relative residual: 0.00022673885976366517
Iteration: 558, relative residual: 0.00022661356518383058
Iteration: 559, relative residual: 0.00022632447460397827
Iteration: 560, relative residual: 0.00022563255173612814
Iteration: 561, relative residual: 0.00022524881506563854
Iteration: 562, relative residual: 0.00022501001235501172
Iteration: 563, relative residual: 0.00022500003216402456
Iteration: 564, relative residual: 0.00022481236412908766
Iteration: 565, relative residual: 0.0002243805052055999
Iteration: 566, relative residual: 0.000224013269906341
Iteration: 567, relative residual: 0.00022391234217181318
Iteration: 568, relative residual: 0.00022387213582266097
Iteration: 569, relative residual: 0.00022378902256298683
Iteration: 570, relative residual: 0.00022363980403597295
Iteration: 571, relative residual: 0.000223320893421204
Iteration: 572, relative residual: 0.00022300486589920348
Iteration: 573, relative residual: 0.00022300460251421263
Iteration: 574, relative residual: 0.0002229814214781244
Iteration: 575, relative residual: 0.0002228123319641919
Iteration: 576, relative residual: 0.00022232927819705725
Iteration: 577, relative residual: 0.00022192721238899467
Iteration: 578, relative residual: 0.0002218691905436967
Iteration: 579, relative residual: 0.00022184652924952213
Iteration: 580, relative residual: 0.0002209772516885191
Iteration: 581, relative residual: 0.00022038998792374022
Iteration: 582, relative residual: 0.00022014496787118332
Iteration: 583, relative residual: 0.00022001103067633218
Iteration: 584, relative residual: 0.00021992224353339058
Iteration: 585, relative residual: 0.00021988228250833692
Iteration: 586, relative residual: 0.00021984935783224389
Iteration: 587, relative residual: 0.0002195927590665817
Iteration: 588, relative residual: 0.00021871728055459895
Iteration: 589, relative residual: 0.00021788638580129034
Iteration: 590, relative residual: 0.0002171442035037115
Iteration: 591, relative residual: 0.00021701586383096884
Iteration: 592, relative residual: 0.00021699173314348744
Iteration: 593, relative residual: 0.00021638268688328055
Iteration: 594, relative residual: 0.00021485163505208205
Iteration: 595, relative residual: 0.00021348257401977076
Iteration: 596, relative residual: 0.0002122852589074767
Iteration: 597, relative residual: 0.00021219420239502695
Iteration: 598, relative residual: 0.00021208905496109
Iteration: 599, relative residual: 0.0002116351680556087
Iteration: 600, relative residual: 0.0002116351680556087
Residual: 0.0002116351680556087. Restart...
Iteration: 601, relative residual: 0.0002099394993803795
Iteration: 602, relative residual: 0.00020991974434472673
Iteration: 603, relative residual: 0.00020991836435809019
Iteration: 604, relative residual: 0.00020990441058357068
Iteration: 605, relative residual: 0.00020986909699950894
Iteration: 606, relative residual: 0.0002098158136170743
Iteration: 607, relative residual: 0.00020977061408785733
Iteration: 608, relative residual: 0.0002097244873103271
Iteration: 609, relative residual: 0.0002097205994371932
Iteration: 610, relative residual: 0.0002096913577618743
Iteration: 611, relative residual: 0.00020967277446255848
Iteration: 612, relative residual: 0.0002096591180963448
Iteration: 613, relative residual: 0.00020964823984403027
Iteration: 614, relative residual: 0.00020963956929417895
Iteration: 615, relative residual: 0.0002096124061712326
Iteration: 616, relative residual: 0.0002096036197146239
Iteration: 617, relative residual: 0.00020956223124509195
Iteration: 618, relative residual: 0.000209516715852298
Iteration: 619, relative residual: 0.00020922311625796896
Iteration: 620, relative residual: 0.0002088116719459128
Iteration: 621, relative residual: 0.00020847382080264805
Iteration: 622, relative residual: 0.00020836371004635319
Iteration: 623, relative residual: 0.0002083617485771574
Iteration: 624, relative residual: 0.0002082189975514387
Iteration: 625, relative residual: 0.0002079863718669023
Iteration: 626, relative residual: 0.0002076626035073071
Iteration: 627, relative residual: 0.00020713762976863872
Iteration: 628, relative residual: 0.00020699238292290657
Iteration: 629, relative residual: 0.00020699136727534532
Iteration: 630, relative residual: 0.0002069699954481484
Iteration: 631, relative residual: 0.0002069361445110182
Iteration: 632, relative residual: 0.00020679661827604763
Iteration: 633, relative residual: 0.00020666150630867242
Iteration: 634, relative residual: 0.00020636142278170497
Iteration: 635, relative residual: 0.00020621740933391268
Iteration: 636, relative residual: 0.00020621509559429595
Iteration: 637, relative residual: 0.0002061320343807231
Iteration: 638, relative residual: 0.00020598384341234986
Iteration: 639, relative residual: 0.0002055869387929692
Iteration: 640, relative residual: 0.0002052349915085168
Iteration: 641, relative residual: 0.0002049213053653413
Iteration: 642, relative residual: 0.00020482943975415444
Iteration: 643, relative residual: 0.0002047777641109023
Iteration: 644, relative residual: 0.00020477717460532768
Iteration: 645, relative residual: 0.0002046342737943535
Iteration: 646, relative residual: 0.0002042652890716789
Iteration: 647, relative residual: 0.00020423696558088044
Iteration: 648, relative residual: 0.0002042345400781281
Iteration: 649, relative residual: 0.00020416281291505182
Iteration: 650, relative residual: 0.00020407258452069256
Iteration: 651, relative residual: 0.0002039370157715722
Iteration: 652, relative residual: 0.0002038354545665964
Iteration: 653, relative residual: 0.0002037113287848919
Iteration: 654, relative residual: 0.00020366261512037007
Iteration: 655, relative residual: 0.00020363513831153293
Iteration: 656, relative residual: 0.00020323051924350742
Iteration: 657, relative residual: 0.00020303884194941305
Iteration: 658, relative residual: 0.00020275999895196854
Iteration: 659, relative residual: 0.00020253970883758084
Iteration: 660, relative residual: 0.0002022205695265487
Iteration: 661, relative residual: 0.0002018912800607254
Iteration: 662, relative residual: 0.0002018611697929578
Iteration: 663, relative residual: 0.0002014496823265894
Iteration: 664, relative residual: 0.0002011702366300688
Iteration: 665, relative residual: 0.00020085643206739753
Iteration: 666, relative residual: 0.0002007863231828837
Iteration: 667, relative residual: 0.00020071832848672224
Iteration: 668, relative residual: 0.00020021094396982544
Iteration: 669, relative residual: 0.00019963166026833835
Iteration: 670, relative residual: 0.00019903620381349734
Iteration: 671, relative residual: 0.00019900840339555673
Iteration: 672, relative residual: 0.0001985991067723969
Iteration: 673, relative residual: 0.0001980875015748323
Iteration: 674, relative residual: 0.00019792640941324844
Iteration: 675, relative residual: 0.00019783739150394954
Iteration: 676, relative residual: 0.00019773082719030726
Iteration: 677, relative residual: 0.00019772553078094217
Iteration: 678, relative residual: 0.00019762417831993402
Iteration: 679, relative residual: 0.0001974357889153325
Iteration: 680, relative residual: 0.00019736074477458732
Iteration: 681, relative residual: 0.000197200617091218
Iteration: 682, relative residual: 0.00019711123103385194
Iteration: 683, relative residual: 0.0001969853456591109
Iteration: 684, relative residual: 0.00019684471571672317
Iteration: 685, relative residual: 0.00019650653444732282
Iteration: 686, relative residual: 0.00019626160830348209
Iteration: 687, relative residual: 0.00019625285025837925
Iteration: 688, relative residual: 0.00019624925498925945
Iteration: 689, relative residual: 0.0001961449548724212
Iteration: 690, relative residual: 0.00019568238202504192
Iteration: 691, relative residual: 0.0001949482440453437
Iteration: 692, relative residual: 0.00019467509140397556
Iteration: 693, relative residual: 0.00019462880047111666
Iteration: 694, relative residual: 0.00019462795965593437
Iteration: 695, relative residual: 0.0001946273847497517
Iteration: 696, relative residual: 0.00019419049151897253
Iteration: 697, relative residual: 0.0001934374899294717
Iteration: 698, relative residual: 0.00019299448208902204
Iteration: 699, relative residual: 0.00019281087731747005
Iteration: 700, relative residual: 0.00019281087731747005
Residual: 0.00019281087731747005. Restart...
Iteration: 701, relative residual: 0.00019273526691182178
Iteration: 702, relative residual: 0.00019273510375329274
Iteration: 703, relative residual: 0.0001927349752896253
Iteration: 704, relative residual: 0.00019273497224169903
Iteration: 705, relative residual: 0.0001927348728582445
Iteration: 706, relative residual: 0.00019273385619704593
Iteration: 707, relative residual: 0.0001927310857441812
Iteration: 708, relative residual: 0.00019272083188611147
Iteration: 709, relative residual: 0.00019269539704016195
Iteration: 710, relative residual: 0.0001926582526967906
Iteration: 711, relative residual: 0.00019263159959893275
Iteration: 712, relative residual: 0.0001926138625087925
Iteration: 713, relative residual: 0.00019255080476255504
Iteration: 714, relative residual: 0.00019254939489125132
Iteration: 715, relative residual: 0.00019252509284738313
Iteration: 716, relative residual: 0.00019232652407612312
Iteration: 717, relative residual: 0.0001921307257399628
Iteration: 718, relative residual: 0.00019200167470034252
Iteration: 719, relative residual: 0.0001918801795933711
Iteration: 720, relative residual: 0.00019176261290671824
Iteration: 721, relative residual: 0.00019172749563489742
Iteration: 722, relative residual: 0.00019172346690929983
Iteration: 723, relative residual: 0.00019172174733012563
Iteration: 724, relative residual: 0.00019168259837136717
Iteration: 725, relative residual: 0.00019160203393412946
Iteration: 726, relative residual: 0.00019153063968529077
Iteration: 727, relative residual: 0.00019149442979117577
Iteration: 728, relative residual: 0.0001914914341130818
Iteration: 729, relative residual: 0.00019147539312063967
Iteration: 730, relative residual: 0.00019140720975072644
Iteration: 731, relative residual: 0.00019128951297155605
Iteration: 732, relative residual: 0.00019118535907576177
Iteration: 733, relative residual: 0.00019107323721009593
Iteration: 734, relative residual: 0.00019085782555144365
Iteration: 735, relative residual: 0.00019076103607695532
Iteration: 736, relative residual: 0.00019075259026870266
Iteration: 737, relative residual: 0.00019073415285485867
Iteration: 738, relative residual: 0.00019064277799933237
Iteration: 739, relative residual: 0.00019039680212265493
Iteration: 740, relative residual: 0.00019023545551910792
Iteration: 741, relative residual: 0.00019022532430638592
Iteration: 742, relative residual: 0.00019020686188683306
Iteration: 743, relative residual: 0.00019014858118196972
Iteration: 744, relative residual: 0.0001899558080655682
Iteration: 745, relative residual: 0.00018962461305244296
Iteration: 746, relative residual: 0.0001895086368547047
Iteration: 747, relative residual: 0.00018950161713708605
Iteration: 748, relative residual: 0.00018946349503428376
Iteration: 749, relative residual: 0.00018930929134584713
Iteration: 750, relative residual: 0.0001890923157211627
Iteration: 751, relative residual: 0.00018899528976769138
Iteration: 752, relative residual: 0.00018899133574186902
Iteration: 753, relative residual: 0.00018892915201396175
Iteration: 754, relative residual: 0.0001887148733822831
Iteration: 755, relative residual: 0.00018855347550869982
Iteration: 756, relative residual: 0.00018825984724380032
Iteration: 757, relative residual: 0.00018819242978055113
Iteration: 758, relative residual: 0.00018819194398311974
Iteration: 759, relative residual: 0.00018814003650415538
Iteration: 760, relative residual: 0.00018799291153153601
Iteration: 761, relative residual: 0.0001876588082032112
Iteration: 762, relative residual: 0.0001875045205969164
Iteration: 763, relative residual: 0.00018740669896307716
Iteration: 764, relative residual: 0.000187402101072167
Iteration: 765, relative residual: 0.0001872948309425542
Iteration: 766, relative residual: 0.00018713759207658907
Iteration: 767, relative residual: 0.00018678612623840592
Iteration: 768, relative residual: 0.00018662081584836507
Iteration: 769, relative residual: 0.0001865969078782755
Iteration: 770, relative residual: 0.00018635457298213178
Iteration: 771, relative residual: 0.0001861513147162611
Iteration: 772, relative residual: 0.00018591614609716895
Iteration: 773, relative residual: 0.00018578092232830433
Iteration: 774, relative residual: 0.00018577259624701805
Iteration: 775, relative residual: 0.0001857304033654123
Iteration: 776, relative residual: 0.00018555523578189426
Iteration: 777, relative residual: 0.00018532847649262087
Iteration: 778, relative residual: 0.00018519046440675267
Iteration: 779, relative residual: 0.00018518752353504912
Iteration: 780, relative residual: 0.0001851709976057299
Iteration: 781, relative residual: 0.00018502583052602476
Iteration: 782, relative residual: 0.0001846781307086229
Iteration: 783, relative residual: 0.00018447810635657065
Iteration: 784, relative residual: 0.00018438540282985738
Iteration: 785, relative residual: 0.00018436670176737705
Iteration: 786, relative residual: 0.00018436644958798207
Iteration: 787, relative residual: 0.00018415722392692066
Iteration: 788, relative residual: 0.00018342573278107743
Iteration: 789, relative residual: 0.0001825776855289367
Iteration: 790, relative residual: 0.00018168734137810372
Iteration: 791, relative residual: 0.0001813724558427656
Iteration: 792, relative residual: 0.00018118356223373506
Iteration: 793, relative residual: 0.0001811794518846316
Iteration: 794, relative residual: 0.00018043587648708173
Iteration: 795, relative residual: 0.00017927004478793777
Iteration: 796, relative residual: 0.00017771481085450175
Iteration: 797, relative residual: 0.00017689012313308857
Iteration: 798, relative residual: 0.00017688502481910228
Iteration: 799, relative residual: 0.00017664557157392053
Iteration: 800, relative residual: 0.00017664557157392053
Residual: 0.00017664557157392053. Restart...
Iteration: 801, relative residual: 0.00017495837875200026
Iteration: 802, relative residual: 0.0001749339719188487
Iteration: 803, relative residual: 0.00017492895666417426
Iteration: 804, relative residual: 0.00017492679023581876
Iteration: 805, relative residual: 0.00017488693805311649
Iteration: 806, relative residual: 0.00017478244883476984
Iteration: 807, relative residual: 0.0001746808327493656
Iteration: 808, relative residual: 0.00017454881302717736
Iteration: 809, relative residual: 0.00017449581136622064
Iteration: 810, relative residual: 0.00017447153233429542
Iteration: 811, relative residual: 0.00017444941208648695
Iteration: 812, relative residual: 0.00017440021301799786
Iteration: 813, relative residual: 0.00017439852063684162
Iteration: 814, relative residual: 0.00017431521449890245
Iteration: 815, relative residual: 0.0001741336068424946
Iteration: 816, relative residual: 0.00017387730523410618
Iteration: 817, relative residual: 0.0001738569194862962
Iteration: 818, relative residual: 0.0001737620234073462
Iteration: 819, relative residual: 0.00017314027868845628
Iteration: 820, relative residual: 0.00017235694949488972
Iteration: 821, relative residual: 0.00017188620603835446
Iteration: 822, relative residual: 0.00017172883792746367
Iteration: 823, relative residual: 0.00017171758515246744
Iteration: 824, relative residual: 0.00017157127803621295
Iteration: 825, relative residual: 0.0001713814687642909
Iteration: 826, relative residual: 0.00017119547460898405
Iteration: 827, relative residual: 0.00017105714080115775
Iteration: 828, relative residual: 0.00017101690830607946
Iteration: 829, relative residual: 0.00017101122292528394
Iteration: 830, relative residual: 0.00017101058664927463
Iteration: 831, relative residual: 0.00017084146870995992
Iteration: 832, relative residual: 0.00017046546553320524
Iteration: 833, relative residual: 0.00017027691215567575
Iteration: 834, relative residual: 0.00016971171336498835
Iteration: 835, relative residual: 0.00016932424313258323
Iteration: 836, relative residual: 0.0001692761406780453
Iteration: 837, relative residual: 0.0001692717936598784
Iteration: 838, relative residual: 0.00016911371271671405
Iteration: 839, relative residual: 0.00016883239386767215
Iteration: 840, relative residual: 0.00016849906523215137
Iteration: 841, relative residual: 0.00016847630245454435
Iteration: 842, relative residual: 0.0001684614179380787
Iteration: 843, relative residual: 0.00016845789085689726
Iteration: 844, relative residual: 0.00016837409015114826
Iteration: 845, relative residual: 0.00016825188007114211
Iteration: 846, relative residual: 0.00016817503502182535
Iteration: 847, relative residual: 0.00016813517652367933
Iteration: 848, relative residual: 0.00016813507714852002
Iteration: 849, relative residual: 0.00016809254060217699
Iteration: 850, relative residual: 0.00016805336393859043
Iteration: 851, relative residual: 0.00016797809795080103
Iteration: 852, relative residual: 0.00016793288089002228
Iteration: 853, relative residual: 0.0001678972328690886
Iteration: 854, relative residual: 0.0001678919434710884
Iteration: 855, relative residual: 0.0001678776916094392
Iteration: 856, relative residual: 0.0001675582894570881
Iteration: 857, relative residual: 0.00016739068705833656
Iteration: 858, relative residual: 0.00016731856306940817
Iteration: 859, relative residual: 0.00016711808385441794
Iteration: 860, relative residual: 0.00016705840095223285
Iteration: 861, relative residual: 0.00016705836936818452
Iteration: 862, relative residual: 0.00016686043414814987
Iteration: 863, relative residual: 0.00016632895050517444
Iteration: 864, relative residual: 0.00016626057924057613
Iteration: 865, relative residual: 0.00016625261698359733
Iteration: 866, relative residual: 0.0001661915965942522
Iteration: 867, relative residual: 0.00016605598087484835
Iteration: 868, relative residual: 0.00016591031453001148
Iteration: 869, relative residual: 0.00016570355521801589
Iteration: 870, relative residual: 0.0001657016319868669
Iteration: 871, relative residual: 0.00016569005314083762
Iteration: 872, relative residual: 0.00016557824031305615
Iteration: 873, relative residual: 0.00016540252799801446
Iteration: 874, relative residual: 0.00016516205504432367
Iteration: 875, relative residual: 0.00016501551965758502
Iteration: 876, relative residual: 0.00016493757733430394
Iteration: 877, relative residual: 0.0001649306203969546
Iteration: 878, relative residual: 0.00016462318217207284
Iteration: 879, relative residual: 0.00016441842790468702
Iteration: 880, relative residual: 0.00016427111587439885
Iteration: 881, relative residual: 0.0001642613612803011
Iteration: 882, relative residual: 0.0001642389927287604
Iteration: 883, relative residual: 0.00016416619379423585
Iteration: 884, relative residual: 0.00016386515198852343
Iteration: 885, relative residual: 0.0001632013448166735
Iteration: 886, relative residual: 0.0001631346210725174
Iteration: 887, relative residual: 0.0001630976993553728
Iteration: 888, relative residual: 0.0001630345638414793
Iteration: 889, relative residual: 0.0001627275279721758
Iteration: 890, relative residual: 0.00016213334915452196
Iteration: 891, relative residual: 0.0001617251668148166
Iteration: 892, relative residual: 0.00016143455598159232
Iteration: 893, relative residual: 0.0001613114404828969
Iteration: 894, relative residual: 0.0001610633869293026
Iteration: 895, relative residual: 0.00016088874329661307
Iteration: 896, relative residual: 0.00016075576328272153
Iteration: 897, relative residual: 0.00016073666968031318
Iteration: 898, relative residual: 0.00016069092965325358
Iteration: 899, relative residual: 0.00016069090809212714
Iteration: 900, relative residual: 0.00016069090809212714
Residual: 0.00016069090809212714. Restart...
Iteration: 901, relative residual: 0.0001606907694662357
Iteration: 902, relative residual: 0.0001606907693886403
Iteration: 903, relative residual: 0.0001606907693455669
Iteration: 904, relative residual: 0.00016069076927145397
Iteration: 905, relative residual: 0.00016069076927141055
Iteration: 906, relative residual: 0.00016069076804289454
Iteration: 907, relative residual: 0.00016069076803049102
Iteration: 908, relative residual: 0.00016069076215022087
Iteration: 909, relative residual: 0.00016069070438632385
Iteration: 910, relative residual: 0.0001606905081325428
Iteration: 911, relative residual: 0.00016068971481122084
Iteration: 912, relative residual: 0.00016068826960120446
Iteration: 913, relative residual: 0.00016068824197296803
Iteration: 914, relative residual: 0.00016068747975179562
Iteration: 915, relative residual: 0.00016068287629213967
Iteration: 916, relative residual: 0.0001606737377281889
Iteration: 917, relative residual: 0.00016066655039638527
Iteration: 918, relative residual: 0.0001606665466437398
Iteration: 919, relative residual: 0.00016065153997250927
Iteration: 920, relative residual: 0.00016060028581485705
Iteration: 921, relative residual: 0.00016056502651560305
Iteration: 922, relative residual: 0.00016052910890394467
Iteration: 923, relative residual: 0.00016049760542003586
Iteration: 924, relative residual: 0.000160474340143394
Iteration: 925, relative residual: 0.0001604715271799668
Iteration: 926, relative residual: 0.00016046455612987964
Iteration: 927, relative residual: 0.0001604206404256979
Iteration: 928, relative residual: 0.0001603470329646415
Iteration: 929, relative residual: 0.00016031249012194134
Iteration: 930, relative residual: 0.00016029521991098604
Iteration: 931, relative residual: 0.00016029325865241935
Iteration: 932, relative residual: 0.00016027934293300723
Iteration: 933, relative residual: 0.00016020518229697595
Iteration: 934, relative residual: 0.0001600084771385554
Iteration: 935, relative residual: 0.00015981095989663945
Iteration: 936, relative residual: 0.00015965779761816317
Iteration: 937, relative residual: 0.0001596476097150067
Iteration: 938, relative residual: 0.0001596226274793061
Iteration: 939, relative residual: 0.0001594683570998714
Iteration: 940, relative residual: 0.00015934292764188237
Iteration: 941, relative residual: 0.00015921877009720766
Iteration: 942, relative residual: 0.0001591475578553849
Iteration: 943, relative residual: 0.00015912666040087016
Iteration: 944, relative residual: 0.0001590496261849185
Iteration: 945, relative residual: 0.00015890248934664056
Iteration: 946, relative residual: 0.0001587780426199026
Iteration: 947, relative residual: 0.0001585815412692238
Iteration: 948, relative residual: 0.00015853966513568432
Iteration: 949, relative residual: 0.00015853858139375048
Iteration: 950, relative residual: 0.00015841387167210683
Iteration: 951, relative residual: 0.00015820389669411432
Iteration: 952, relative residual: 0.00015813003505752617
Iteration: 953, relative residual: 0.00015812802932739834
Iteration: 954, relative residual: 0.00015810409904773882
Iteration: 955, relative residual: 0.00015801414215925596
Iteration: 956, relative residual: 0.00015779744846297562
Iteration: 957, relative residual: 0.00015754969969624934
Iteration: 958, relative residual: 0.00015749748546193794
Iteration: 959, relative residual: 0.0001574956022252614
Iteration: 960, relative residual: 0.00015743732422065877
Iteration: 961, relative residual: 0.0001573744670034288
Iteration: 962, relative residual: 0.00015728531094267475
Iteration: 963, relative residual: 0.00015724940702543176
Iteration: 964, relative residual: 0.00015722220298344228
Iteration: 965, relative residual: 0.00015720509047822612
Iteration: 966, relative residual: 0.00015719841678114494
Iteration: 967, relative residual: 0.00015710544404433884
Iteration: 968, relative residual: 0.0001568753355860572
Iteration: 969, relative residual: 0.00015663072728553973
Iteration: 970, relative residual: 0.0001564316968973961
Iteration: 971, relative residual: 0.000156391642253829
Iteration: 972, relative residual: 0.00015636559272085688
Iteration: 973, relative residual: 0.000156209977181159
Iteration: 974, relative residual: 0.00015602726439464424
Iteration: 975, relative residual: 0.0001559847494647018
Iteration: 976, relative residual: 0.00015598376974999524
Iteration: 977, relative residual: 0.00015592480258961645
Iteration: 978, relative residual: 0.00015581484538524734
Iteration: 979, relative residual: 0.00015569191453760925
Iteration: 980, relative residual: 0.0001556918220929505
Iteration: 981, relative residual: 0.0001556859417416078
Iteration: 982, relative residual: 0.00015567760807760659
Iteration: 983, relative residual: 0.00015563516436172616
Iteration: 984, relative residual: 0.00015538536836328442
Iteration: 985, relative residual: 0.00015495161388574203
Iteration: 986, relative residual: 0.00015470673678276732
Iteration: 987, relative residual: 0.00015468481752072067
Iteration: 988, relative residual: 0.00015450584694236827
Iteration: 989, relative residual: 0.00015408318621965475
Iteration: 990, relative residual: 0.00015346762965711148
Iteration: 991, relative residual: 0.00015264351727788778
Iteration: 992, relative residual: 0.00015201029074462003
Iteration: 993, relative residual: 0.00015186448911977046
Iteration: 994, relative residual: 0.0001518398348063371
Iteration: 995, relative residual: 0.00015179916278987169
Iteration: 996, relative residual: 0.00015145367867802842
Iteration: 997, relative residual: 0.00015046640755458815
Iteration: 998, relative residual: 0.00014944455706798363
Iteration: 999, relative residual: 0.00014888637017574876
Iteration: 1000, relative residual: 0.00014888637017574876
Residual: 0.00014888637017574876. Restart...
Warning!!!!You have reached the maximum number of iterations : 1000.
The run will stop. Check the residual behaviour you might have a bug.For future runs you might consider changing the tolerance or increasing the number of max_iter.
Solve time        : 4659.487100839615s

Calculate Solvation Energy (E_solv)
Calculating solvation energy for region 1, stored in E_solv[0]
6262.618714806227 of 622270 analytical integrals for phi_reac calculation in region 1
Time E_solv: 5.251997709274292s
Region 1: E_solv = -8221.975665275251 kcal/mol = -34400.746183511656 kJ/mol

Calculate Surface Energy (E_surf)
Time E_surf: 0.020679235458374023s

Calculate Coulomb Energy (E_coul)
Calculate Coulomb energy for region 1
Region 1: E_coul = -287652.30869400245 kcal/mol = -1203537.2595757062 kJ/mol
Time E_coul: 33.49480581283569s

------------------------------
Totals:
E_solv = -8221.975665275251 kcal/mol
E_surf = 0 kcal/mol
E_coul = -287652.30869400245 kcal/mol

Time = 4793.830368041992 s
