Run started on:
	Date: 2020/5/22
	Time: 20:10:38
	PyGBe version: 0.3.2+5.gea0f875
Config file: /cobra/u/gvargas/code/hPB/pygbe/pygbe/myCrownFinShots/sarsCov2002noACE2/snap4/snap4.config
Parameter file: /cobra/u/gvargas/code/hPB/pygbe/pygbe/myCrownFinShots/sarsCov2002noACE2/snap4/snap4.param
Geometry folder: /cobra/u/gvargas/code/hPB/pygbe/pygbe/myCrownFinShots/sarsCov2002noACE2/snap4/geometry
Running in: /cobra/u/gvargas/code/hPB/pygbe/pygbe/myCrownFinShots/sarsCov2002noACE2/snap4

Reading surface 0 from file geometry/crownVF2002noACE2
Time load mesh: 8.747095346450806
Removed areas=0: 238

Total elements : 527454
Total equations: 1054908
----------------------------

1 surfaces:

Surface 0:
	527454 elements
	Surface type         : dielectric_interface
	Cells                : 4352
	Twigs                : 3696
	Levels               : 7
	C0 size              : 91.93420271265002
	C0 box center        : 98.60373492854353, 82.25542624506907, 107.43086513199884
	Twig cell size       : 1.4364719173851566
	Rbox/theta           : 2.872943834770313
	Analytic distance    : 1.2973354590445663
	Elem. per Ang^2      : 4.158243970529613
	Max, min, avg elem.  : 1.4369890680907282, 4.99999999995893e-07, 0.24048612998352656
	Total area           : 126845.37120433102
------------------------------

2 regions:

Region 0:
	Laplace or Yukawa: 2
	kappa            : 0.125
	dielectric const : 80.0
	Number of charges: 0
	Parent surface   : []
	Child surfaces   : [0]
Region 1:
	Laplace or Yukawa: 1
	kappa            : 1e-12
	dielectric const : 4.0
	Number of charges: 50814
	Parent surface   : [0]
	Child surfaces   : []
------------------------------

Parameters:
	Data type               : <class 'numpy.float64'>
	Use GPU                 : 1
	P                       : 4
	threshold               : 0.50
	theta                   : 0.50
	NCRIT                   : 500
	CUDA block size         : 128
	Gauss points per element: 1
	Gauss points near singlr: 25
	1D Gauss points per side: 9
	GMRES tolerance         : 1e-05
	GMRES max iterations    : 1000
	GMRES restart iteration : 100
----------------------------

Generate interaction list
Transfer data to GPU
Generate RHS
List time          : 4.09308648109436s
Data transfer time : 0.5056848526000977s
RHS generation time: 0.4334988594055176s
------------------------------
Total setup time   : 69.24230194091797s
Solve
Iteration: 1, relative residual: 0.5277936342403061
Iteration: 2, relative residual: 0.3331064786862138
Iteration: 3, relative residual: 0.28304734344858096
Iteration: 4, relative residual: 0.21670836005098604
Iteration: 5, relative residual: 0.19706717391246173
Iteration: 6, relative residual: 0.16011457082587563
Iteration: 7, relative residual: 0.12110581702159959
Iteration: 8, relative residual: 0.10084220766971393
Iteration: 9, relative residual: 0.08880740474386012
Iteration: 10, relative residual: 0.0636655067825011
Iteration: 11, relative residual: 0.05311524579479942
Iteration: 12, relative residual: 0.04633386443170554
Iteration: 13, relative residual: 0.03792195472412732
Iteration: 14, relative residual: 0.03198229124497855
Iteration: 15, relative residual: 0.031982282431058905
Iteration: 16, relative residual: 0.02818005676731221
Iteration: 17, relative residual: 0.02413221310794916
Iteration: 18, relative residual: 0.02293982374059527
Iteration: 19, relative residual: 0.018022614474555432
Iteration: 20, relative residual: 0.014568917798738278
Iteration: 21, relative residual: 0.012781829993592255
Iteration: 22, relative residual: 0.011626681796607276
Iteration: 23, relative residual: 0.00973975064842275
Iteration: 24, relative residual: 0.00910966693244711
Iteration: 25, relative residual: 0.008200960283775732
Iteration: 26, relative residual: 0.008141766712755391
Iteration: 27, relative residual: 0.007735770372502918
Iteration: 28, relative residual: 0.007210198084147546
Iteration: 29, relative residual: 0.006412114285072943
Iteration: 30, relative residual: 0.0055472489998779195
Iteration: 31, relative residual: 0.005170578507116924
Iteration: 32, relative residual: 0.0047103392368414865
Iteration: 33, relative residual: 0.004533014013406318
Iteration: 34, relative residual: 0.004531896400352187
Iteration: 35, relative residual: 0.004430181387534248
Iteration: 36, relative residual: 0.004160900631987
Iteration: 37, relative residual: 0.003803921523273878
Iteration: 38, relative residual: 0.0033971003838967964
Iteration: 39, relative residual: 0.0030381532692189085
Iteration: 40, relative residual: 0.0028722659348285034
Iteration: 41, relative residual: 0.0026814322662517165
Iteration: 42, relative residual: 0.002597482300499784
Iteration: 43, relative residual: 0.002593430513835165
Iteration: 44, relative residual: 0.002583711142023724
Iteration: 45, relative residual: 0.00246930748867538
Iteration: 46, relative residual: 0.002382189300266366
Iteration: 47, relative residual: 0.0023382146428896876
Iteration: 48, relative residual: 0.0023114876576640145
Iteration: 49, relative residual: 0.0023023533700974575
Iteration: 50, relative residual: 0.0023014903556726456
Iteration: 51, relative residual: 0.0022813875454981945
Iteration: 52, relative residual: 0.0022112031427829006
Iteration: 53, relative residual: 0.0021866266231974647
Iteration: 54, relative residual: 0.0021644633707708577
Iteration: 55, relative residual: 0.002164313630270583
Iteration: 56, relative residual: 0.002139494318736194
Iteration: 57, relative residual: 0.0020891226307762733
Iteration: 58, relative residual: 0.002038546821013947
Iteration: 59, relative residual: 0.001967855333057767
Iteration: 60, relative residual: 0.0019392432204840759
Iteration: 61, relative residual: 0.0019390137547276643
Iteration: 62, relative residual: 0.001929468492075729
Iteration: 63, relative residual: 0.0018760651023484285
Iteration: 64, relative residual: 0.0018210378436642298
Iteration: 65, relative residual: 0.001777174145190921
Iteration: 66, relative residual: 0.0017407116128192442
Iteration: 67, relative residual: 0.0017243579158788464
Iteration: 68, relative residual: 0.0017194185496226203
Iteration: 69, relative residual: 0.001718405987290188
Iteration: 70, relative residual: 0.0017141797809613717
Iteration: 71, relative residual: 0.001705208896332347
Iteration: 72, relative residual: 0.0016894692911308626
Iteration: 73, relative residual: 0.0016862451206895823
Iteration: 74, relative residual: 0.0016809585058851324
Iteration: 75, relative residual: 0.0016807738956225917
Iteration: 76, relative residual: 0.0016782739075299766
Iteration: 77, relative residual: 0.0016745687143902462
Iteration: 78, relative residual: 0.001652174730228369
Iteration: 79, relative residual: 0.0016424122046092963
Iteration: 80, relative residual: 0.0016348637002401433
Iteration: 81, relative residual: 0.001627374360788476
Iteration: 82, relative residual: 0.001621541876058616
Iteration: 83, relative residual: 0.0015950993393941306
Iteration: 84, relative residual: 0.0015779458867427195
Iteration: 85, relative residual: 0.0015236062586444213
Iteration: 86, relative residual: 0.0014504929131751857
Iteration: 87, relative residual: 0.001397411775796385
Iteration: 88, relative residual: 0.0013713887408263897
Iteration: 89, relative residual: 0.0013627900438663233
Iteration: 90, relative residual: 0.001357343415961017
Iteration: 91, relative residual: 0.001356002541039615
Iteration: 92, relative residual: 0.0013259464583605528
Iteration: 93, relative residual: 0.0013017903651383683
Iteration: 94, relative residual: 0.0012319513983631996
Iteration: 95, relative residual: 0.0011904897966287717
Iteration: 96, relative residual: 0.0011608088677224112
Iteration: 97, relative residual: 0.0011389580036134828
Iteration: 98, relative residual: 0.0011378659280531249
Iteration: 99, relative residual: 0.0011361215365065748
Iteration: 100, relative residual: 0.0011361215365065748
Residual: 0.0011361215365065748. Restart...
Iteration: 101, relative residual: 0.0011351052080000737
Iteration: 102, relative residual: 0.0011351049868213992
Iteration: 103, relative residual: 0.0011351036184758254
Iteration: 104, relative residual: 0.0011350918781973139
Iteration: 105, relative residual: 0.001135054279720757
Iteration: 106, relative residual: 0.0011349439820224699
Iteration: 107, relative residual: 0.0011348188142925903
Iteration: 108, relative residual: 0.0011347074786839397
Iteration: 109, relative residual: 0.0011347064078482897
Iteration: 110, relative residual: 0.0011345074641978309
Iteration: 111, relative residual: 0.0011343767254640633
Iteration: 112, relative residual: 0.001134361081011545
Iteration: 113, relative residual: 0.001133916121208184
Iteration: 114, relative residual: 0.0011325699846159321
Iteration: 115, relative residual: 0.0011293248361250417
Iteration: 116, relative residual: 0.0011276882883035002
Iteration: 117, relative residual: 0.0011276074498519223
Iteration: 118, relative residual: 0.0011266456778206352
Iteration: 119, relative residual: 0.0011259286334948917
Iteration: 120, relative residual: 0.0011230077305250813
Iteration: 121, relative residual: 0.0011205803135469138
Iteration: 122, relative residual: 0.0011171462260929413
Iteration: 123, relative residual: 0.0011110378597271936
Iteration: 124, relative residual: 0.0011047618011362523
Iteration: 125, relative residual: 0.0010976090830066747
Iteration: 126, relative residual: 0.0010948218072351435
Iteration: 127, relative residual: 0.0010947562851505498
Iteration: 128, relative residual: 0.0010937761451290634
Iteration: 129, relative residual: 0.0010895929311744554
Iteration: 130, relative residual: 0.0010858591123094944
Iteration: 131, relative residual: 0.0010791922316368452
Iteration: 132, relative residual: 0.0010746045534556783
Iteration: 133, relative residual: 0.0010668926996241855
Iteration: 134, relative residual: 0.0010666805860584606
Iteration: 135, relative residual: 0.0010664195112110965
Iteration: 136, relative residual: 0.0010651807231592811
Iteration: 137, relative residual: 0.00106274299260555
Iteration: 138, relative residual: 0.0010573270169554976
Iteration: 139, relative residual: 0.0010545405195540624
Iteration: 140, relative residual: 0.0010533516804138326
Iteration: 141, relative residual: 0.0010524424653752568
Iteration: 142, relative residual: 0.0010515179460705367
Iteration: 143, relative residual: 0.00104699276352542
Iteration: 144, relative residual: 0.0010426431216303412
Iteration: 145, relative residual: 0.0010367768962914665
Iteration: 146, relative residual: 0.0010315420529675152
Iteration: 147, relative residual: 0.0010297473970168531
Iteration: 148, relative residual: 0.001029737448519567
Iteration: 149, relative residual: 0.0010265982708020165
Iteration: 150, relative residual: 0.0010224441267175518
Iteration: 151, relative residual: 0.0010215625689949117
Iteration: 152, relative residual: 0.001021559987292484
Iteration: 153, relative residual: 0.0010214737035832843
Iteration: 154, relative residual: 0.001020440253232871
Iteration: 155, relative residual: 0.0010146581962204285
Iteration: 156, relative residual: 0.0010083769982077355
Iteration: 157, relative residual: 0.0010013320005616546
Iteration: 158, relative residual: 0.0010001310324025173
Iteration: 159, relative residual: 0.0009997350341855319
Iteration: 160, relative residual: 0.0009996518266215113
Iteration: 161, relative residual: 0.0009969828267795148
Iteration: 162, relative residual: 0.0009936215609932181
Iteration: 163, relative residual: 0.0009933717085511863
Iteration: 164, relative residual: 0.0009909066804499314
Iteration: 165, relative residual: 0.0009895571965936297
Iteration: 166, relative residual: 0.000988297805884352
Iteration: 167, relative residual: 0.0009880180225822863
Iteration: 168, relative residual: 0.0009858015445891265
Iteration: 169, relative residual: 0.000982169241781342
Iteration: 170, relative residual: 0.0009767289956449938
Iteration: 171, relative residual: 0.0009741736087940182
Iteration: 172, relative residual: 0.0009713965933950638
Iteration: 173, relative residual: 0.0009703962415931724
Iteration: 174, relative residual: 0.0009687013702431948
Iteration: 175, relative residual: 0.0009684200777234815
Iteration: 176, relative residual: 0.0009681320339324053
Iteration: 177, relative residual: 0.0009645079650150395
Iteration: 178, relative residual: 0.0009628053301412906
Iteration: 179, relative residual: 0.0009595583988553118
Iteration: 180, relative residual: 0.0009588678547102803
Iteration: 181, relative residual: 0.000957507679139049
Iteration: 182, relative residual: 0.000956866591759187
Iteration: 183, relative residual: 0.0009567323476215838
Iteration: 184, relative residual: 0.000956402341703744
Iteration: 185, relative residual: 0.0009532168303006686
Iteration: 186, relative residual: 0.0009487504395002196
Iteration: 187, relative residual: 0.0009439391012140834
Iteration: 188, relative residual: 0.000921764719110929
Iteration: 189, relative residual: 0.0009063779913410437
Iteration: 190, relative residual: 0.0009019065042705083
Iteration: 191, relative residual: 0.0008886793098832287
Iteration: 192, relative residual: 0.0008838142710685088
Iteration: 193, relative residual: 0.0008824964969572569
Iteration: 194, relative residual: 0.0008822489249795917
Iteration: 195, relative residual: 0.0008822319385562549
Iteration: 196, relative residual: 0.0008800523341612343
Iteration: 197, relative residual: 0.0008769185708159038
Iteration: 198, relative residual: 0.0008766406720741707
Iteration: 199, relative residual: 0.00087408550509558
Iteration: 200, relative residual: 0.00087408550509558
Residual: 0.00087408550509558. Restart...
Iteration: 201, relative residual: 0.000871306742185154
Iteration: 202, relative residual: 0.0008713062227588113
Iteration: 203, relative residual: 0.0008713062144910985
Iteration: 204, relative residual: 0.000871297795394694
Iteration: 205, relative residual: 0.000871273415551445
Iteration: 206, relative residual: 0.0008712043577812972
Iteration: 207, relative residual: 0.0008711570175202033
Iteration: 208, relative residual: 0.0008711218935251288
Iteration: 209, relative residual: 0.0008710993387799051
Iteration: 210, relative residual: 0.0008709668515757787
Iteration: 211, relative residual: 0.0008707082273929054
Iteration: 212, relative residual: 0.0008702061303368036
Iteration: 213, relative residual: 0.0008699545980720485
Iteration: 214, relative residual: 0.0008698774620004102
Iteration: 215, relative residual: 0.0008698773480961308
Iteration: 216, relative residual: 0.0008695572516709807
Iteration: 217, relative residual: 0.0008691414770607765
Iteration: 218, relative residual: 0.0008685124254470524
Iteration: 219, relative residual: 0.000868198313209646
Iteration: 220, relative residual: 0.0008679751309380468
Iteration: 221, relative residual: 0.0008679087421665636
Iteration: 222, relative residual: 0.0008679013915718376
Iteration: 223, relative residual: 0.0008676861579055583
Iteration: 224, relative residual: 0.0008671675065049327
Iteration: 225, relative residual: 0.0008662066920311634
Iteration: 226, relative residual: 0.0008658037943991556
Iteration: 227, relative residual: 0.0008656178822837904
Iteration: 228, relative residual: 0.0008655881455440682
Iteration: 229, relative residual: 0.000865482055632784
Iteration: 230, relative residual: 0.0008647567823364249
Iteration: 231, relative residual: 0.0008627442954927434
Iteration: 232, relative residual: 0.0008597854019633663
Iteration: 233, relative residual: 0.0008570026318340879
Iteration: 234, relative residual: 0.0008557239176273458
Iteration: 235, relative residual: 0.0008554699658899553
Iteration: 236, relative residual: 0.0008553324075953498
Iteration: 237, relative residual: 0.0008545666042842312
Iteration: 238, relative residual: 0.0008527279223239991
Iteration: 239, relative residual: 0.0008501787385967657
Iteration: 240, relative residual: 0.0008499829536629288
Iteration: 241, relative residual: 0.0008498386153547365
Iteration: 242, relative residual: 0.0008477813055940012
Iteration: 243, relative residual: 0.0008453153103533536
Iteration: 244, relative residual: 0.0008424181916689068
Iteration: 245, relative residual: 0.0008401430608528711
Iteration: 246, relative residual: 0.0008394389045583789
Iteration: 247, relative residual: 0.0008394380914651989
Iteration: 248, relative residual: 0.0008392650247222107
Iteration: 249, relative residual: 0.0008381046279446559
Iteration: 250, relative residual: 0.0008362035368796298
Iteration: 251, relative residual: 0.0008342424596964274
Iteration: 252, relative residual: 0.0008341842532832547
Iteration: 253, relative residual: 0.0008318858364240297
Iteration: 254, relative residual: 0.0008302967927832817
Iteration: 255, relative residual: 0.0008292535852808963
Iteration: 256, relative residual: 0.0008272510558960133
Iteration: 257, relative residual: 0.0008231087843073198
Iteration: 258, relative residual: 0.0008207633119499796
Iteration: 259, relative residual: 0.000819865789588
Iteration: 260, relative residual: 0.000818788271874113
Iteration: 261, relative residual: 0.0008180460900920078
Iteration: 262, relative residual: 0.000817983846153871
Iteration: 263, relative residual: 0.0008171379263886028
Iteration: 264, relative residual: 0.0008164521237397414
Iteration: 265, relative residual: 0.0008159999227573315
Iteration: 266, relative residual: 0.0008158426202581518
Iteration: 267, relative residual: 0.000815758096411304
Iteration: 268, relative residual: 0.0008156786648171642
Iteration: 269, relative residual: 0.0008155843556437087
Iteration: 270, relative residual: 0.0008153142042659341
Iteration: 271, relative residual: 0.0008111554531025968
Iteration: 272, relative residual: 0.0008074483997302965
Iteration: 273, relative residual: 0.0008062137425541456
Iteration: 274, relative residual: 0.0008048625633293214
Iteration: 275, relative residual: 0.0008028707392885914
Iteration: 276, relative residual: 0.0008023976263012367
Iteration: 277, relative residual: 0.0008023949520362759
Iteration: 278, relative residual: 0.0008016105137778166
Iteration: 279, relative residual: 0.0008000534057364923
Iteration: 280, relative residual: 0.0007987871871325247
Iteration: 281, relative residual: 0.0007962690561962757
Iteration: 282, relative residual: 0.0007950924429337543
Iteration: 283, relative residual: 0.0007941265971783606
Iteration: 284, relative residual: 0.0007941194415074947
Iteration: 285, relative residual: 0.0007940882177176699
Iteration: 286, relative residual: 0.0007935355102335424
Iteration: 287, relative residual: 0.0007925615302940928
Iteration: 288, relative residual: 0.0007916057666419314
Iteration: 289, relative residual: 0.000787401003697493
Iteration: 290, relative residual: 0.0007822966146994893
Iteration: 291, relative residual: 0.0007791693517647386
Iteration: 292, relative residual: 0.0007789411600625693
Iteration: 293, relative residual: 0.0007788337830925484
Iteration: 294, relative residual: 0.0007788175287279862
Iteration: 295, relative residual: 0.0007781716865291514
Iteration: 296, relative residual: 0.0007754633148615183
Iteration: 297, relative residual: 0.000768488149323641
Iteration: 298, relative residual: 0.0007629942242531733
Iteration: 299, relative residual: 0.0007572024802659471
Iteration: 300, relative residual: 0.0007572024802659471
Residual: 0.0007572024802659471. Restart...
Iteration: 301, relative residual: 0.0007551749308763722
Iteration: 302, relative residual: 0.0007551745270270244
Iteration: 303, relative residual: 0.0007551743343814657
Iteration: 304, relative residual: 0.0007551731119684455
Iteration: 305, relative residual: 0.0007551692463291505
Iteration: 306, relative residual: 0.0007551644823298272
Iteration: 307, relative residual: 0.0007551644820004707
Iteration: 308, relative residual: 0.000755160597460657
Iteration: 309, relative residual: 0.0007551527560426277
Iteration: 310, relative residual: 0.0007551428231595844
Iteration: 311, relative residual: 0.0007551402253991613
Iteration: 312, relative residual: 0.0007551379245678693
Iteration: 313, relative residual: 0.0007551237157667647
Iteration: 314, relative residual: 0.0007551096195170388
Iteration: 315, relative residual: 0.0007551094065538478
Iteration: 316, relative residual: 0.0007550684486737978
Iteration: 317, relative residual: 0.0007549095996287138
Iteration: 318, relative residual: 0.0007545555299122984
Iteration: 319, relative residual: 0.0007542748313032558
Iteration: 320, relative residual: 0.0007537933812267041
Iteration: 321, relative residual: 0.0007535298934425614
Iteration: 322, relative residual: 0.0007535101282887317
Iteration: 323, relative residual: 0.0007533847842856137
Iteration: 324, relative residual: 0.0007529292919632653
Iteration: 325, relative residual: 0.0007509179380051401
Iteration: 326, relative residual: 0.0007500533465192244
Iteration: 327, relative residual: 0.0007485289076226529
Iteration: 328, relative residual: 0.0007465363417329182
Iteration: 329, relative residual: 0.0007443768306153667
Iteration: 330, relative residual: 0.0007429221967705046
Iteration: 331, relative residual: 0.0007418895075931662
Iteration: 332, relative residual: 0.0007415322370477077
Iteration: 333, relative residual: 0.0007413649366363695
Iteration: 334, relative residual: 0.0007413639222631244
Iteration: 335, relative residual: 0.000741118763930598
Iteration: 336, relative residual: 0.0007402820081243434
Iteration: 337, relative residual: 0.00073914732824565
Iteration: 338, relative residual: 0.0007382916340751961
Iteration: 339, relative residual: 0.0007382796232067954
Iteration: 340, relative residual: 0.0007378638465864078
Iteration: 341, relative residual: 0.0007367167792510375
Iteration: 342, relative residual: 0.0007341706953551483
Iteration: 343, relative residual: 0.0007321954271940864
Iteration: 344, relative residual: 0.0007311698746175846
Iteration: 345, relative residual: 0.000731048901472725
Iteration: 346, relative residual: 0.0007310462778977232
Iteration: 347, relative residual: 0.0007308514518117235
Iteration: 348, relative residual: 0.0007304151179174566
Iteration: 349, relative residual: 0.0007296583405933671
Iteration: 350, relative residual: 0.0007291712512206002
Iteration: 351, relative residual: 0.0007290770980072827
Iteration: 352, relative residual: 0.0007290372918042393
Iteration: 353, relative residual: 0.000728235722101614
Iteration: 354, relative residual: 0.0007277148911096807
Iteration: 355, relative residual: 0.0007267373179538299
Iteration: 356, relative residual: 0.0007253851146628925
Iteration: 357, relative residual: 0.0007242686014664823
Iteration: 358, relative residual: 0.0007237983833733834
Iteration: 359, relative residual: 0.0007228290626677832
Iteration: 360, relative residual: 0.0007226788575863361
Iteration: 361, relative residual: 0.0007226767999878438
Iteration: 362, relative residual: 0.0007225406093230308
Iteration: 363, relative residual: 0.0007223902001856123
Iteration: 364, relative residual: 0.0007221867894874074
Iteration: 365, relative residual: 0.0007220947887105142
Iteration: 366, relative residual: 0.0007220519785880207
Iteration: 367, relative residual: 0.0007220410109573202
Iteration: 368, relative residual: 0.0007215641015670138
Iteration: 369, relative residual: 0.0007196347545887592
Iteration: 370, relative residual: 0.0007183908689435888
Iteration: 371, relative residual: 0.0007167674815097304
Iteration: 372, relative residual: 0.000713344221838179
Iteration: 373, relative residual: 0.0007106414733721887
Iteration: 374, relative residual: 0.000710007514022663
Iteration: 375, relative residual: 0.000709672859791635
Iteration: 376, relative residual: 0.0007093889462085984
Iteration: 377, relative residual: 0.0007071558675033928
Iteration: 378, relative residual: 0.0007064625265136487
Iteration: 379, relative residual: 0.00070622802756392
Iteration: 380, relative residual: 0.0007060602847082821
Iteration: 381, relative residual: 0.0007059276278584183
Iteration: 382, relative residual: 0.0007057996709100735
Iteration: 383, relative residual: 0.0007048025368848707
Iteration: 384, relative residual: 0.0007042673998224921
Iteration: 385, relative residual: 0.0007035937635197932
Iteration: 386, relative residual: 0.0007027609833597963
Iteration: 387, relative residual: 0.0007021446890783102
Iteration: 388, relative residual: 0.0007021335048203154
Iteration: 389, relative residual: 0.0007021237984616861
Iteration: 390, relative residual: 0.0007021187075742952
Iteration: 391, relative residual: 0.0007017929330096879
Iteration: 392, relative residual: 0.0006995795963775952
Iteration: 393, relative residual: 0.00069765630694011
Iteration: 394, relative residual: 0.0006975650055215595
Iteration: 395, relative residual: 0.0006974517897921186
Iteration: 396, relative residual: 0.0006963667615210704
Iteration: 397, relative residual: 0.0006960943815174431
Iteration: 398, relative residual: 0.000696082902311068
Iteration: 399, relative residual: 0.0006960402725123565
Iteration: 400, relative residual: 0.0006960402725123565
Residual: 0.0006960402725123565. Restart...
Iteration: 401, relative residual: 0.0006959645031033311
Iteration: 402, relative residual: 0.0006959645030043597
Iteration: 403, relative residual: 0.0006959645021986781
Iteration: 404, relative residual: 0.0006959644983707048
Iteration: 405, relative residual: 0.0006959644972714653
Iteration: 406, relative residual: 0.0006959644860825447
Iteration: 407, relative residual: 0.0006959644609596818
Iteration: 408, relative residual: 0.0006959644276506408
Iteration: 409, relative residual: 0.0006959644123440019
Iteration: 410, relative residual: 0.0006959642919107702
Iteration: 411, relative residual: 0.000695963844322308
Iteration: 412, relative residual: 0.0006959631905524075
Iteration: 413, relative residual: 0.0006959628405689951
Iteration: 414, relative residual: 0.0006959626286296851
Iteration: 415, relative residual: 0.0006959617041139898
Iteration: 416, relative residual: 0.0006959586351033338
Iteration: 417, relative residual: 0.0006959584118131572
Iteration: 418, relative residual: 0.0006959583579699507
Iteration: 419, relative residual: 0.0006959561223374994
Iteration: 420, relative residual: 0.0006959470174334452
Iteration: 421, relative residual: 0.0006959416289756086
Iteration: 422, relative residual: 0.0006959391238339347
Iteration: 423, relative residual: 0.0006959390515058969
Iteration: 424, relative residual: 0.0006959389026414525
Iteration: 425, relative residual: 0.0006959384844767076
Iteration: 426, relative residual: 0.0006959369884680899
Iteration: 427, relative residual: 0.0006959329080116679
Iteration: 428, relative residual: 0.0006958978568339934
Iteration: 429, relative residual: 0.0006957867161022686
Iteration: 430, relative residual: 0.0006955678141292912
Iteration: 431, relative residual: 0.0006954369115490374
Iteration: 432, relative residual: 0.0006952966686461442
Iteration: 433, relative residual: 0.0006951489682183423
Iteration: 434, relative residual: 0.0006948945993111238
Iteration: 435, relative residual: 0.0006946092801208091
Iteration: 436, relative residual: 0.0006944931372803135
Iteration: 437, relative residual: 0.000694487940906393
Iteration: 438, relative residual: 0.0006942246712764502
Iteration: 439, relative residual: 0.0006936318227745028
Iteration: 440, relative residual: 0.0006930139209106415
Iteration: 441, relative residual: 0.0006925696765911356
Iteration: 442, relative residual: 0.0006924600688114986
Iteration: 443, relative residual: 0.0006924375915398988
Iteration: 444, relative residual: 0.0006923957093094257
Iteration: 445, relative residual: 0.000692385108225012
Iteration: 446, relative residual: 0.0006922801455973526
Iteration: 447, relative residual: 0.0006921319934973953
Iteration: 448, relative residual: 0.0006919499395061641
Iteration: 449, relative residual: 0.0006919404942846481
Iteration: 450, relative residual: 0.0006918496308393495
Iteration: 451, relative residual: 0.0006914345497650891
Iteration: 452, relative residual: 0.0006911643656624944
Iteration: 453, relative residual: 0.0006910822311220643
Iteration: 454, relative residual: 0.000691071682492267
Iteration: 455, relative residual: 0.000691068545076104
Iteration: 456, relative residual: 0.0006910465756194683
Iteration: 457, relative residual: 0.0006910184268979949
Iteration: 458, relative residual: 0.0006910038997065199
Iteration: 459, relative residual: 0.0006909796894801983
Iteration: 460, relative residual: 0.0006909370030120501
Iteration: 461, relative residual: 0.0006908807287114347
Iteration: 462, relative residual: 0.0006908796225134965
Iteration: 463, relative residual: 0.0006907568412292957
Iteration: 464, relative residual: 0.0006906698600199707
Iteration: 465, relative residual: 0.0006906695936828572
Iteration: 466, relative residual: 0.0006906621855440702
Iteration: 467, relative residual: 0.0006906621809139989
Iteration: 468, relative residual: 0.0006906474570973661
Iteration: 469, relative residual: 0.0006906456330270995
Iteration: 470, relative residual: 0.000690636614662503
Iteration: 471, relative residual: 0.0006906304756380564
Iteration: 472, relative residual: 0.0006905985575347256
Iteration: 473, relative residual: 0.0006905152364152379
Iteration: 474, relative residual: 0.0006904161793767486
Iteration: 475, relative residual: 0.0006896612535927433
Iteration: 476, relative residual: 0.0006890286507740222
Iteration: 477, relative residual: 0.0006883246363933405
Iteration: 478, relative residual: 0.0006879773089356738
Iteration: 479, relative residual: 0.0006877702674878296
Iteration: 480, relative residual: 0.0006877662228585175
Iteration: 481, relative residual: 0.0006875705524822035
Iteration: 482, relative residual: 0.0006866519485289916
Iteration: 483, relative residual: 0.0006860380820140172
Iteration: 484, relative residual: 0.0006853856141783504
Iteration: 485, relative residual: 0.0006851176960186252
Iteration: 486, relative residual: 0.0006851010470296985
Iteration: 487, relative residual: 0.0006849221467853321
Iteration: 488, relative residual: 0.0006848182162897811
Iteration: 489, relative residual: 0.0006843926011162418
Iteration: 490, relative residual: 0.000683810904409434
Iteration: 491, relative residual: 0.0006834803877416415
Iteration: 492, relative residual: 0.0006829825263978372
Iteration: 493, relative residual: 0.0006823732192765146
Iteration: 494, relative residual: 0.0006822338922396261
Iteration: 495, relative residual: 0.0006822052294406577
Iteration: 496, relative residual: 0.000682085022940054
Iteration: 497, relative residual: 0.0006818539034416853
Iteration: 498, relative residual: 0.000681187759630905
Iteration: 499, relative residual: 0.0006805873624299842
Iteration: 500, relative residual: 0.0006805873624299842
Residual: 0.0006805873624299842. Restart...
Iteration: 501, relative residual: 0.0006802761492445627
Iteration: 502, relative residual: 0.0006802759306923555
Iteration: 503, relative residual: 0.0006802752007573538
Iteration: 504, relative residual: 0.0006802751883382904
Iteration: 505, relative residual: 0.0006802742999205036
Iteration: 506, relative residual: 0.0006802706105368692
Iteration: 507, relative residual: 0.0006802650792047345
Iteration: 508, relative residual: 0.0006802587611681726
Iteration: 509, relative residual: 0.0006802572455102506
Iteration: 510, relative residual: 0.0006802473970490647
Iteration: 511, relative residual: 0.0006802167551990773
Iteration: 512, relative residual: 0.0006801792784947548
Iteration: 513, relative residual: 0.0006801636600991597
Iteration: 514, relative residual: 0.0006801462475482616
Iteration: 515, relative residual: 0.0006800887120223356
Iteration: 516, relative residual: 0.0006799688217478791
Iteration: 517, relative residual: 0.000679932182246633
Iteration: 518, relative residual: 0.0006798324176881006
Iteration: 519, relative residual: 0.0006798092015825485
Iteration: 520, relative residual: 0.000679795236969292
Iteration: 521, relative residual: 0.0006797931545712736
Iteration: 522, relative residual: 0.0006797873985815717
Iteration: 523, relative residual: 0.0006797501200087331
Iteration: 524, relative residual: 0.0006796609942160558
Iteration: 525, relative residual: 0.0006796023480592293
Iteration: 526, relative residual: 0.0006795865151338447
Iteration: 527, relative residual: 0.0006795841870412859
Iteration: 528, relative residual: 0.0006795384478041402
Iteration: 529, relative residual: 0.0006793635128713309
Iteration: 530, relative residual: 0.0006791775319144863
Iteration: 531, relative residual: 0.00067892655881586
Iteration: 532, relative residual: 0.0006786592480534764
Iteration: 533, relative residual: 0.0006783852335762508
Iteration: 534, relative residual: 0.0006780754304710782
Iteration: 535, relative residual: 0.0006780173106942118
Iteration: 536, relative residual: 0.0006780135245716457
Iteration: 537, relative residual: 0.0006779131761150143
Iteration: 538, relative residual: 0.0006777047809370888
Iteration: 539, relative residual: 0.0006774019724185727
Iteration: 540, relative residual: 0.0006772292012215202
Iteration: 541, relative residual: 0.000677203123680082
Iteration: 542, relative residual: 0.0006771874880511544
Iteration: 543, relative residual: 0.0006770795537481284
Iteration: 544, relative residual: 0.0006768223395828462
Iteration: 545, relative residual: 0.0006766454298603131
Iteration: 546, relative residual: 0.0006764796621490693
Iteration: 547, relative residual: 0.0006764345679170341
Iteration: 548, relative residual: 0.000676420470653908
Iteration: 549, relative residual: 0.0006763996303640249
Iteration: 550, relative residual: 0.000676313586826467
Iteration: 551, relative residual: 0.0006761824152735349
Iteration: 552, relative residual: 0.0006760691299493377
Iteration: 553, relative residual: 0.000676046786262488
Iteration: 554, relative residual: 0.0006760050198531791
Iteration: 555, relative residual: 0.000675837855021416
Iteration: 556, relative residual: 0.0006755888535271096
Iteration: 557, relative residual: 0.0006752096807926557
Iteration: 558, relative residual: 0.0006749154640544149
Iteration: 559, relative residual: 0.0006747424562778921
Iteration: 560, relative residual: 0.0006747424376110814
Iteration: 561, relative residual: 0.00067468289516407
Iteration: 562, relative residual: 0.000674576224447207
Iteration: 563, relative residual: 0.0006744508334338224
Iteration: 564, relative residual: 0.0006744348663095784
Iteration: 565, relative residual: 0.0006744308198080558
Iteration: 566, relative residual: 0.0006744210913775687
Iteration: 567, relative residual: 0.0006744099697003416
Iteration: 568, relative residual: 0.0006743451767332918
Iteration: 569, relative residual: 0.0006741738844039411
Iteration: 570, relative residual: 0.0006739150473804055
Iteration: 571, relative residual: 0.0006736200531400667
Iteration: 572, relative residual: 0.0006735760421276055
Iteration: 573, relative residual: 0.000673537942394913
Iteration: 574, relative residual: 0.0006733778019760429
Iteration: 575, relative residual: 0.0006730407086129013
Iteration: 576, relative residual: 0.0006727557547157071
Iteration: 577, relative residual: 0.0006726855289502247
Iteration: 578, relative residual: 0.00067268550946637
Iteration: 579, relative residual: 0.000672679957052195
Iteration: 580, relative residual: 0.0006726664083499833
Iteration: 581, relative residual: 0.0006726217629822895
Iteration: 582, relative residual: 0.0006726192026967351
Iteration: 583, relative residual: 0.000672609351290075
Iteration: 584, relative residual: 0.0006725158855391197
Iteration: 585, relative residual: 0.0006725112429632988
Iteration: 586, relative residual: 0.0006723691989944499
Iteration: 587, relative residual: 0.0006721386291126095
Iteration: 588, relative residual: 0.0006721230342259962
Iteration: 589, relative residual: 0.0006716819234826975
Iteration: 590, relative residual: 0.0006711370363140528
Iteration: 591, relative residual: 0.0006703611560641569
Iteration: 592, relative residual: 0.0006699289558007606
Iteration: 593, relative residual: 0.0006699184058875845
Iteration: 594, relative residual: 0.0006694371453091765
Iteration: 595, relative residual: 0.0006691188623160453
Iteration: 596, relative residual: 0.0006682636978672503
Iteration: 597, relative residual: 0.0006658608964673149
Iteration: 598, relative residual: 0.0006646306667292205
Iteration: 599, relative residual: 0.00066462161957564
Iteration: 600, relative residual: 0.00066462161957564
Residual: 0.00066462161957564. Restart...
Iteration: 601, relative residual: 0.0006646161524276674
Iteration: 602, relative residual: 0.0006646161522172383
Iteration: 603, relative residual: 0.0006646161517243691
Iteration: 604, relative residual: 0.0006646161508951744
Iteration: 605, relative residual: 0.0006646161501067918
Iteration: 606, relative residual: 0.0006646161497436299
Iteration: 607, relative residual: 0.0006646161442760796
Iteration: 608, relative residual: 0.0006646161166029544
Iteration: 609, relative residual: 0.000664616116429615
Iteration: 610, relative residual: 0.0006646160826483316
Iteration: 611, relative residual: 0.000664615864253712
Iteration: 612, relative residual: 0.000664615543261433
Iteration: 613, relative residual: 0.0006646155310899197
Iteration: 614, relative residual: 0.0006646153436304054
Iteration: 615, relative residual: 0.0006646144703878429
Iteration: 616, relative residual: 0.0006646117484230599
Iteration: 617, relative residual: 0.000664607817967314
Iteration: 618, relative residual: 0.0006645949136794637
Iteration: 619, relative residual: 0.0006645826273888072
Iteration: 620, relative residual: 0.0006645495558066906
Iteration: 621, relative residual: 0.0006645181168477287
Iteration: 622, relative residual: 0.0006644893151277692
Iteration: 623, relative residual: 0.0006644645484115332
Iteration: 624, relative residual: 0.0006644589563109582
Iteration: 625, relative residual: 0.0006644485047516863
Iteration: 626, relative residual: 0.0006643984507150468
Iteration: 627, relative residual: 0.0006643157543947299
Iteration: 628, relative residual: 0.0006641632868957792
Iteration: 629, relative residual: 0.0006640900905772012
Iteration: 630, relative residual: 0.0006640766032359353
Iteration: 631, relative residual: 0.0006640762596449969
Iteration: 632, relative residual: 0.0006640620857992803
Iteration: 633, relative residual: 0.000663989418988395
Iteration: 634, relative residual: 0.000663804214315956
Iteration: 635, relative residual: 0.0006634104674745063
Iteration: 636, relative residual: 0.0006631474790967562
Iteration: 637, relative residual: 0.0006631346983729154
Iteration: 638, relative residual: 0.0006630818711128272
Iteration: 639, relative residual: 0.0006627437766154015
Iteration: 640, relative residual: 0.0006619879060946252
Iteration: 641, relative residual: 0.0006615458810365864
Iteration: 642, relative residual: 0.0006611754825763941
Iteration: 643, relative residual: 0.0006609888096703356
Iteration: 644, relative residual: 0.0006609287587058939
Iteration: 645, relative residual: 0.0006609150578298734
Iteration: 646, relative residual: 0.0006606489132056662
Iteration: 647, relative residual: 0.000660376686111379
Iteration: 648, relative residual: 0.0006602187670074869
Iteration: 649, relative residual: 0.0006602061278329754
Iteration: 650, relative residual: 0.0006601830540662393
Iteration: 651, relative residual: 0.0006600964346616911
Iteration: 652, relative residual: 0.0006600387863091993
Iteration: 653, relative residual: 0.0006598858555140118
Iteration: 654, relative residual: 0.0006598326495446664
Iteration: 655, relative residual: 0.0006598203391075181
Iteration: 656, relative residual: 0.00065981277768125
Iteration: 657, relative residual: 0.0006598126275159418
Iteration: 658, relative residual: 0.0006597771922588715
Iteration: 659, relative residual: 0.0006596921495401944
Iteration: 660, relative residual: 0.0006596344871265973
Iteration: 661, relative residual: 0.0006596319940711605
Iteration: 662, relative residual: 0.000659619829083356
Iteration: 663, relative residual: 0.000659608440021576
Iteration: 664, relative residual: 0.0006595532820085531
Iteration: 665, relative residual: 0.0006595399649097227
Iteration: 666, relative residual: 0.000659536172047103
Iteration: 667, relative residual: 0.000659505007139847
Iteration: 668, relative residual: 0.0006594880658047658
Iteration: 669, relative residual: 0.0006594521539743818
Iteration: 670, relative residual: 0.000659387709426221
Iteration: 671, relative residual: 0.0006593868363709226
Iteration: 672, relative residual: 0.0006593847529639595
Iteration: 673, relative residual: 0.0006593533383610625
Iteration: 674, relative residual: 0.0006593218312373329
Iteration: 675, relative residual: 0.0006592561975984932
Iteration: 676, relative residual: 0.0006592496994099671
Iteration: 677, relative residual: 0.0006592215984608865
Iteration: 678, relative residual: 0.0006592199101919233
Iteration: 679, relative residual: 0.0006591630356334421
Iteration: 680, relative residual: 0.0006589042462717417
Iteration: 681, relative residual: 0.0006586438434977973
Iteration: 682, relative residual: 0.0006586412087767424
Iteration: 683, relative residual: 0.0006586205538570406
Iteration: 684, relative residual: 0.0006580532025098327
Iteration: 685, relative residual: 0.0006564938869621694
Iteration: 686, relative residual: 0.000655098673956708
Iteration: 687, relative residual: 0.0006538884371001727
Iteration: 688, relative residual: 0.0006528107230668259
Iteration: 689, relative residual: 0.0006526324701022186
Iteration: 690, relative residual: 0.0006526314513097345
Iteration: 691, relative residual: 0.000652543536565489
Iteration: 692, relative residual: 0.0006524366102221138
Iteration: 693, relative residual: 0.0006519359734969568
Iteration: 694, relative residual: 0.0006516688498382076
Iteration: 695, relative residual: 0.0006514477350275643
Iteration: 696, relative residual: 0.000650822482778438
Iteration: 697, relative residual: 0.0006504556683778981
Iteration: 698, relative residual: 0.0006501369089770095
Iteration: 699, relative residual: 0.0006498322379576391
Iteration: 700, relative residual: 0.0006498322379576391
Residual: 0.0006498322379576391. Restart...
Iteration: 701, relative residual: 0.0006496296334697292
Iteration: 702, relative residual: 0.000649629618917952
Iteration: 703, relative residual: 0.0006496295645112984
Iteration: 704, relative residual: 0.0006496295582038871
Iteration: 705, relative residual: 0.0006496295333348514
Iteration: 706, relative residual: 0.0006496293736344058
Iteration: 707, relative residual: 0.0006496292623549965
Iteration: 708, relative residual: 0.0006496292603968705
Iteration: 709, relative residual: 0.0006496287574345509
Iteration: 710, relative residual: 0.0006496279582100612
Iteration: 711, relative residual: 0.0006496267884450761
Iteration: 712, relative residual: 0.000649625733075049
Iteration: 713, relative residual: 0.0006496248937082543
Iteration: 714, relative residual: 0.0006496248023100533
Iteration: 715, relative residual: 0.0006496247979559913
Iteration: 716, relative residual: 0.0006496242590149052
Iteration: 717, relative residual: 0.0006496228499329238
Iteration: 718, relative residual: 0.0006496190148205317
Iteration: 719, relative residual: 0.0006496189800984669
Iteration: 720, relative residual: 0.0006496145258965654
Iteration: 721, relative residual: 0.0006496005280576048
Iteration: 722, relative residual: 0.0006495794676724818
Iteration: 723, relative residual: 0.000649567424298609
Iteration: 724, relative residual: 0.0006495665295933486
Iteration: 725, relative residual: 0.0006495575545396111
Iteration: 726, relative residual: 0.0006495403390751666
Iteration: 727, relative residual: 0.0006495105784574466
Iteration: 728, relative residual: 0.0006494323473414073
Iteration: 729, relative residual: 0.0006493037562836112
Iteration: 730, relative residual: 0.0006491694890028924
Iteration: 731, relative residual: 0.0006490465028427467
Iteration: 732, relative residual: 0.0006489776512305006
Iteration: 733, relative residual: 0.0006488922880038547
Iteration: 734, relative residual: 0.00064882858553147
Iteration: 735, relative residual: 0.0006488079225775131
Iteration: 736, relative residual: 0.0006488074975660633
Iteration: 737, relative residual: 0.0006487723290700155
Iteration: 738, relative residual: 0.0006487101707273331
Iteration: 739, relative residual: 0.0006486321914143266
Iteration: 740, relative residual: 0.0006485613138526593
Iteration: 741, relative residual: 0.0006485512664209576
Iteration: 742, relative residual: 0.0006485383558940495
Iteration: 743, relative residual: 0.0006484247216381953
Iteration: 744, relative residual: 0.0006482213415644036
Iteration: 745, relative residual: 0.0006480190149355149
Iteration: 746, relative residual: 0.0006478260776136658
Iteration: 747, relative residual: 0.000647604862070362
Iteration: 748, relative residual: 0.0006475436257322383
Iteration: 749, relative residual: 0.000647495346678496
Iteration: 750, relative residual: 0.0006470746055137134
Iteration: 751, relative residual: 0.0006465667114499772
Iteration: 752, relative residual: 0.0006464276251418805
Iteration: 753, relative residual: 0.000646418742156056
Iteration: 754, relative residual: 0.0006463719088229791
Iteration: 755, relative residual: 0.0006461808460945698
Iteration: 756, relative residual: 0.0006458536310041088
Iteration: 757, relative residual: 0.0006455022082801535
Iteration: 758, relative residual: 0.0006453148084668397
Iteration: 759, relative residual: 0.0006452965182493185
Iteration: 760, relative residual: 0.000645279412787059
Iteration: 761, relative residual: 0.0006452199216827647
Iteration: 762, relative residual: 0.0006450529434122771
Iteration: 763, relative residual: 0.0006449428465404225
Iteration: 764, relative residual: 0.0006449421661938211
Iteration: 765, relative residual: 0.0006448832822502614
Iteration: 766, relative residual: 0.0006447151144004351
Iteration: 767, relative residual: 0.0006445549738370319
Iteration: 768, relative residual: 0.0006444233298367321
Iteration: 769, relative residual: 0.0006443891803866631
Iteration: 770, relative residual: 0.0006443817362882323
Iteration: 771, relative residual: 0.0006443816708197217
Iteration: 772, relative residual: 0.0006443767114017478
Iteration: 773, relative residual: 0.0006443616035373855
Iteration: 774, relative residual: 0.0006443559586150445
Iteration: 775, relative residual: 0.0006443476221080485
Iteration: 776, relative residual: 0.0006443475727726798
Iteration: 777, relative residual: 0.0006443469346485002
Iteration: 778, relative residual: 0.0006443465303266246
Iteration: 779, relative residual: 0.0006443357204987823
Iteration: 780, relative residual: 0.0006443260457660707
Iteration: 781, relative residual: 0.0006443116974672026
Iteration: 782, relative residual: 0.000644306624048729
Iteration: 783, relative residual: 0.0006443065977185485
Iteration: 784, relative residual: 0.0006442772491971912
Iteration: 785, relative residual: 0.0006441955644968364
Iteration: 786, relative residual: 0.0006441254849199829
Iteration: 787, relative residual: 0.0006440223425455911
Iteration: 788, relative residual: 0.0006440216392581497
Iteration: 789, relative residual: 0.0006439643891037516
Iteration: 790, relative residual: 0.0006437845571705403
Iteration: 791, relative residual: 0.0006435665905821091
Iteration: 792, relative residual: 0.0006434340189293964
Iteration: 793, relative residual: 0.0006433736841654629
Iteration: 794, relative residual: 0.0006433644575681359
Iteration: 795, relative residual: 0.0006433644380088888
Iteration: 796, relative residual: 0.0006433644157321093
Iteration: 797, relative residual: 0.0006433639821604313
Iteration: 798, relative residual: 0.0006433585136001436
Iteration: 799, relative residual: 0.0006433582485282976
Iteration: 800, relative residual: 0.0006433582485282976
Residual: 0.0006433582485282976. Restart...
Iteration: 801, relative residual: 0.000643310026484232
Iteration: 802, relative residual: 0.0006433100255252107
Iteration: 803, relative residual: 0.0006433100234564537
Iteration: 804, relative residual: 0.000643310023188723
Iteration: 805, relative residual: 0.0006433100210953752
Iteration: 806, relative residual: 0.0006433100207743274
Iteration: 807, relative residual: 0.0006433100207268942
Iteration: 808, relative residual: 0.0006433100206593898
Iteration: 809, relative residual: 0.0006433100183914824
Iteration: 810, relative residual: 0.000643310018165934
Iteration: 811, relative residual: 0.0006433100100311109
Iteration: 812, relative residual: 0.0006433099074738738
Iteration: 813, relative residual: 0.0006433096272994566
Iteration: 814, relative residual: 0.0006433093106907302
Iteration: 815, relative residual: 0.0006433092199432255
Iteration: 816, relative residual: 0.000643309154639611
Iteration: 817, relative residual: 0.0006433090789586198
Iteration: 818, relative residual: 0.0006433088686804137
Iteration: 819, relative residual: 0.0006433087870350091
Iteration: 820, relative residual: 0.0006433087304550097
Iteration: 821, relative residual: 0.0006433084250633398
Iteration: 822, relative residual: 0.0006433081947485548
Iteration: 823, relative residual: 0.0006433081946264456
Iteration: 824, relative residual: 0.0006433077503255457
Iteration: 825, relative residual: 0.0006433067017033166
Iteration: 826, relative residual: 0.0006433064000582829
Iteration: 827, relative residual: 0.0006433063533438662
Iteration: 828, relative residual: 0.0006433063439038513
Iteration: 829, relative residual: 0.0006433062930567364
Iteration: 830, relative residual: 0.0006433059600427575
Iteration: 831, relative residual: 0.0006433037218220069
Iteration: 832, relative residual: 0.0006433001756496546
Iteration: 833, relative residual: 0.0006432921785215915
Iteration: 834, relative residual: 0.0006432817875540642
Iteration: 835, relative residual: 0.0006432735765688143
Iteration: 836, relative residual: 0.0006432698445261385
Iteration: 837, relative residual: 0.0006432694956264261
Iteration: 838, relative residual: 0.000643261709949572
Iteration: 839, relative residual: 0.0006432260548623347
Iteration: 840, relative residual: 0.0006431656471786987
Iteration: 841, relative residual: 0.0006431223138191404
Iteration: 842, relative residual: 0.000643114453888622
Iteration: 843, relative residual: 0.0006431118664691316
Iteration: 844, relative residual: 0.0006430963656112969
Iteration: 845, relative residual: 0.0006430728330609719
Iteration: 846, relative residual: 0.0006430397507123095
Iteration: 847, relative residual: 0.0006430060557121579
Iteration: 848, relative residual: 0.000642976165532168
Iteration: 849, relative residual: 0.0006429761634622155
Iteration: 850, relative residual: 0.0006429462385165498
Iteration: 851, relative residual: 0.0006428834364966564
Iteration: 852, relative residual: 0.0006428337609783141
Iteration: 853, relative residual: 0.0006428140609678788
Iteration: 854, relative residual: 0.0006428115326155043
Iteration: 855, relative residual: 0.0006428073034925911
Iteration: 856, relative residual: 0.0006427765973965406
Iteration: 857, relative residual: 0.0006427090878108594
Iteration: 858, relative residual: 0.0006426715006941189
Iteration: 859, relative residual: 0.0006426672733514435
Iteration: 860, relative residual: 0.0006426581789961935
Iteration: 861, relative residual: 0.0006426318470408689
Iteration: 862, relative residual: 0.0006426161359031704
Iteration: 863, relative residual: 0.0006426141575546761
Iteration: 864, relative residual: 0.000642609161913909
Iteration: 865, relative residual: 0.0006425935291122932
Iteration: 866, relative residual: 0.0006425722424990247
Iteration: 867, relative residual: 0.0006425481329221101
Iteration: 868, relative residual: 0.0006425379425488234
Iteration: 869, relative residual: 0.0006425370303647389
Iteration: 870, relative residual: 0.0006425159675194781
Iteration: 871, relative residual: 0.0006423942035667412
Iteration: 872, relative residual: 0.0006423012712478189
Iteration: 873, relative residual: 0.0006422555464606182
Iteration: 874, relative residual: 0.0006422513472916745
Iteration: 875, relative residual: 0.0006422329628921837
Iteration: 876, relative residual: 0.0006420949264935911
Iteration: 877, relative residual: 0.0006419852475650505
Iteration: 878, relative residual: 0.0006419423472808846
Iteration: 879, relative residual: 0.0006419241652625398
Iteration: 880, relative residual: 0.0006419093870155862
Iteration: 881, relative residual: 0.0006419080055799691
Iteration: 882, relative residual: 0.0006419071650789525
Iteration: 883, relative residual: 0.000641867145946707
Iteration: 884, relative residual: 0.0006416862567030083
Iteration: 885, relative residual: 0.0006412864501504422
Iteration: 886, relative residual: 0.0006409087549807816
Iteration: 887, relative residual: 0.0006406095858652121
Iteration: 888, relative residual: 0.0006404296474494204
Iteration: 889, relative residual: 0.0006403884481030516
Iteration: 890, relative residual: 0.0006403844685331995
Iteration: 891, relative residual: 0.0006403327242377777
Iteration: 892, relative residual: 0.000640258958267734
Iteration: 893, relative residual: 0.0006401958025461542
Iteration: 894, relative residual: 0.0006401430898435275
Iteration: 895, relative residual: 0.0006400166213459906
Iteration: 896, relative residual: 0.0006398962375924148
Iteration: 897, relative residual: 0.0006398696223959545
Iteration: 898, relative residual: 0.0006398666431055142
Iteration: 899, relative residual: 0.0006398628694481785
Iteration: 900, relative residual: 0.0006398628694481785
Residual: 0.0006398628694481785. Restart...
Iteration: 901, relative residual: 0.0006398472441071727
Iteration: 902, relative residual: 0.0006398472416462692
Iteration: 903, relative residual: 0.0006398472359551173
Iteration: 904, relative residual: 0.0006398472349507541
Iteration: 905, relative residual: 0.0006398472271748475
Iteration: 906, relative residual: 0.0006398472161565459
Iteration: 907, relative residual: 0.0006398472074915606
Iteration: 908, relative residual: 0.0006398472068676699
Iteration: 909, relative residual: 0.0006398471905664097
Iteration: 910, relative residual: 0.0006398471672115621
Iteration: 911, relative residual: 0.0006398471347565847
Iteration: 912, relative residual: 0.000639847063407901
Iteration: 913, relative residual: 0.0006398469658045342
Iteration: 914, relative residual: 0.0006398469603616172
Iteration: 915, relative residual: 0.0006398468450535624
Iteration: 916, relative residual: 0.0006398461858734992
Iteration: 917, relative residual: 0.0006398449164763659
Iteration: 918, relative residual: 0.0006398401619945359
Iteration: 919, relative residual: 0.0006398337592849086
Iteration: 920, relative residual: 0.0006398290925155049
Iteration: 921, relative residual: 0.0006398274596609792
Iteration: 922, relative residual: 0.0006398254471056498
Iteration: 923, relative residual: 0.0006398124741380845
Iteration: 924, relative residual: 0.0006397806906934747
Iteration: 925, relative residual: 0.000639745586054908
Iteration: 926, relative residual: 0.0006397238851325574
Iteration: 927, relative residual: 0.0006397125779232082
Iteration: 928, relative residual: 0.0006397122361813789
Iteration: 929, relative residual: 0.0006397060719181987
Iteration: 930, relative residual: 0.000639678814090931
Iteration: 931, relative residual: 0.0006396291162501491
Iteration: 932, relative residual: 0.0006395935101055398
Iteration: 933, relative residual: 0.0006395439587440582
Iteration: 934, relative residual: 0.0006395100065104968
Iteration: 935, relative residual: 0.00063949951899234
Iteration: 936, relative residual: 0.0006394983812616013
Iteration: 937, relative residual: 0.0006394936111168248
Iteration: 938, relative residual: 0.0006394821011515417
Iteration: 939, relative residual: 0.0006394510374799383
Iteration: 940, relative residual: 0.0006394323828181936
Iteration: 941, relative residual: 0.0006394292486329008
Iteration: 942, relative residual: 0.0006394254898503238
Iteration: 943, relative residual: 0.0006394079152799634
Iteration: 944, relative residual: 0.000639360956590781
Iteration: 945, relative residual: 0.0006393089187851194
Iteration: 946, relative residual: 0.0006392641160223157
Iteration: 947, relative residual: 0.0006392318252416124
Iteration: 948, relative residual: 0.0006392227161032178
Iteration: 949, relative residual: 0.00063922032166245
Iteration: 950, relative residual: 0.000639179936437153
Iteration: 951, relative residual: 0.0006391310199142552
Iteration: 952, relative residual: 0.0006390928840898785
Iteration: 953, relative residual: 0.0006390848255974495
Iteration: 954, relative residual: 0.0006390783869786627
Iteration: 955, relative residual: 0.0006390141606103801
Iteration: 956, relative residual: 0.0006388553918454371
Iteration: 957, relative residual: 0.000638682246326474
Iteration: 958, relative residual: 0.0006386053262462609
Iteration: 959, relative residual: 0.0006385906400246886
Iteration: 960, relative residual: 0.0006385891145426297
Iteration: 961, relative residual: 0.0006385777999152956
Iteration: 962, relative residual: 0.000638564262377797
Iteration: 963, relative residual: 0.0006385500958237694
Iteration: 964, relative residual: 0.0006385483714638076
Iteration: 965, relative residual: 0.0006385479763223528
Iteration: 966, relative residual: 0.0006385466145943153
Iteration: 967, relative residual: 0.0006385435218347271
Iteration: 968, relative residual: 0.0006385377164884472
Iteration: 969, relative residual: 0.0006385321580421774
Iteration: 970, relative residual: 0.0006385304242396152
Iteration: 971, relative residual: 0.0006385304242133887
Iteration: 972, relative residual: 0.0006385296234764568
Iteration: 973, relative residual: 0.0006385272014784527
Iteration: 974, relative residual: 0.0006385265786139486
Iteration: 975, relative residual: 0.0006385248092439467
Iteration: 976, relative residual: 0.000638522814462671
Iteration: 977, relative residual: 0.0006385221146756524
Iteration: 978, relative residual: 0.0006385213710674983
Iteration: 979, relative residual: 0.0006385122419585907
Iteration: 980, relative residual: 0.000638511384723573
Iteration: 981, relative residual: 0.000638509937658887
Iteration: 982, relative residual: 0.0006384893904122291
Iteration: 983, relative residual: 0.0006384354852167665
Iteration: 984, relative residual: 0.0006383564686698811
Iteration: 985, relative residual: 0.0006382836788365023
Iteration: 986, relative residual: 0.0006382491262305024
Iteration: 987, relative residual: 0.0006382329858271918
Iteration: 988, relative residual: 0.0006382165686179516
Iteration: 989, relative residual: 0.0006381546024285587
Iteration: 990, relative residual: 0.0006380663126361292
Iteration: 991, relative residual: 0.0006379880718961307
Iteration: 992, relative residual: 0.000637843309415475
Iteration: 993, relative residual: 0.0006377328013410546
Iteration: 994, relative residual: 0.0006377186026665045
Iteration: 995, relative residual: 0.0006377135258604153
Iteration: 996, relative residual: 0.0006377020484870765
Iteration: 997, relative residual: 0.0006376222998126062
Iteration: 998, relative residual: 0.0006376062455720776
Iteration: 999, relative residual: 0.000637540547940749
Iteration: 1000, relative residual: 0.000637540547940749
Residual: 0.000637540547940749. Restart...
Warning!!!!You have reached the maximum number of iterations : 1000.
The run will stop. Check the residual behaviour you might have a bug.For future runs you might consider changing the tolerance or increasing the number of max_iter.
Solve time        : 4727.388072967529s

Calculate Solvation Energy (E_solv)
Calculating solvation energy for region 1, stored in E_solv[0]
6248.226748533869 of 527454 analytical integrals for phi_reac calculation in region 1
Time E_solv: 4.503130197525024s
Region 1: E_solv = -6589.908225894427 kcal/mol = -27572.176017142283 kJ/mol

Calculate Surface Energy (E_surf)
Time E_surf: 0.02100682258605957s

Calculate Coulomb Energy (E_coul)
Calculate Coulomb energy for region 1
Region 1: E_coul = -242835.91130874655 kcal/mol = -1016025.4529157956 kJ/mol
Time E_coul: 23.801164388656616s

------------------------------
Totals:
E_solv = -6589.908225894427 kcal/mol
E_surf = 0 kcal/mol
E_coul = -242835.91130874655 kcal/mol

Time = 4827.804587841034 s
