Run started on:
	Date: 2020/5/22
	Time: 20:10:38
	PyGBe version: 0.3.2+5.gea0f875
Config file: /cobra/u/gvargas/code/hPB/pygbe/pygbe/myCrownFinShots/sarsCov2002noACE2/snap5/snap5.config
Parameter file: /cobra/u/gvargas/code/hPB/pygbe/pygbe/myCrownFinShots/sarsCov2002noACE2/snap5/snap5.param
Geometry folder: /cobra/u/gvargas/code/hPB/pygbe/pygbe/myCrownFinShots/sarsCov2002noACE2/snap5/geometry
Running in: /cobra/u/gvargas/code/hPB/pygbe/pygbe/myCrownFinShots/sarsCov2002noACE2/snap5

Reading surface 0 from file geometry/crownVF2002noACE2
Time load mesh: 9.065077781677246
Removed areas=0: 176

Total elements : 531928
Total equations: 1063856
----------------------------

1 surfaces:

Surface 0:
	531928 elements
	Surface type         : dielectric_interface
	Cells                : 4400
	Twigs                : 3735
	Levels               : 6
	C0 size              : 90.97439520299112
	C0 box center        : 83.78862551949388, 81.80360435810863, 84.28957024196256
	Twig cell size       : 2.8429498500934725
	Rbox/theta           : 5.685899700186945
	Analytic distance    : 1.2936024544347955
	Elem. per Ang^2      : 4.177815812029134
	Max, min, avg elem.  : 1.3038786199426349, 4.999999999976695e-07, 0.23935952301217112
	Total area           : 127322.03235681816
------------------------------

2 regions:

Region 0:
	Laplace or Yukawa: 2
	kappa            : 0.125
	dielectric const : 80.0
	Number of charges: 0
	Parent surface   : []
	Child surfaces   : [0]
Region 1:
	Laplace or Yukawa: 1
	kappa            : 1e-12
	dielectric const : 4.0
	Number of charges: 50814
	Parent surface   : [0]
	Child surfaces   : []
------------------------------

Parameters:
	Data type               : <class 'numpy.float64'>
	Use GPU                 : 1
	P                       : 4
	threshold               : 0.50
	theta                   : 0.50
	NCRIT                   : 500
	CUDA block size         : 128
	Gauss points per element: 1
	Gauss points near singlr: 25
	1D Gauss points per side: 9
	GMRES tolerance         : 1e-05
	GMRES max iterations    : 1000
	GMRES restart iteration : 100
----------------------------

Generate interaction list
Transfer data to GPU
Generate RHS
List time          : 4.223178148269653s
Data transfer time : 0.5148341655731201s
RHS generation time: 0.5029785633087158s
------------------------------
Total setup time   : 68.80764651298523s
Solve
Iteration: 1, relative residual: 0.48061433432792794
Iteration: 2, relative residual: 0.3385399638199952
Iteration: 3, relative residual: 0.29662320099403605
Iteration: 4, relative residual: 0.2752033403436883
Iteration: 5, relative residual: 0.2549890930496463
Iteration: 6, relative residual: 0.1952566673223128
Iteration: 7, relative residual: 0.1797623403315632
Iteration: 8, relative residual: 0.17928681800192817
Iteration: 9, relative residual: 0.1405934879680016
Iteration: 10, relative residual: 0.12897535815518338
Iteration: 11, relative residual: 0.10309262186778817
Iteration: 12, relative residual: 0.08669740917069539
Iteration: 13, relative residual: 0.07921455155838578
Iteration: 14, relative residual: 0.07151155141173912
Iteration: 15, relative residual: 0.06485919582132912
Iteration: 16, relative residual: 0.056333880083231404
Iteration: 17, relative residual: 0.03982090610642426
Iteration: 18, relative residual: 0.03380686889869656
Iteration: 19, relative residual: 0.030460769976775753
Iteration: 20, relative residual: 0.026848268601028895
Iteration: 21, relative residual: 0.02681120522023404
Iteration: 22, relative residual: 0.026377048393610394
Iteration: 23, relative residual: 0.023816864962755174
Iteration: 24, relative residual: 0.02318472335972194
Iteration: 25, relative residual: 0.021489753496720426
Iteration: 26, relative residual: 0.01877709699646993
Iteration: 27, relative residual: 0.017688069127468585
Iteration: 28, relative residual: 0.017349174701676556
Iteration: 29, relative residual: 0.015369136281660077
Iteration: 30, relative residual: 0.01346796609770861
Iteration: 31, relative residual: 0.011291500200211042
Iteration: 32, relative residual: 0.009890701807785843
Iteration: 33, relative residual: 0.008615615540390364
Iteration: 34, relative residual: 0.008030422928184122
Iteration: 35, relative residual: 0.008023854187309467
Iteration: 36, relative residual: 0.007515488391885111
Iteration: 37, relative residual: 0.006695124737513979
Iteration: 38, relative residual: 0.006106072696534189
Iteration: 39, relative residual: 0.005525621503935327
Iteration: 40, relative residual: 0.005334969429417299
Iteration: 41, relative residual: 0.00533494534882093
Iteration: 42, relative residual: 0.004988430899411001
Iteration: 43, relative residual: 0.004791057891613425
Iteration: 44, relative residual: 0.0046437181407869696
Iteration: 45, relative residual: 0.004632828914657807
Iteration: 46, relative residual: 0.004606980173075006
Iteration: 47, relative residual: 0.004491558947907307
Iteration: 48, relative residual: 0.0044432089318003805
Iteration: 49, relative residual: 0.004441559469011225
Iteration: 50, relative residual: 0.0044229697476630804
Iteration: 51, relative residual: 0.004333766635032856
Iteration: 52, relative residual: 0.004310659104716767
Iteration: 53, relative residual: 0.004226263518103314
Iteration: 54, relative residual: 0.004037266419939973
Iteration: 55, relative residual: 0.003822987459051967
Iteration: 56, relative residual: 0.0037691833721225326
Iteration: 57, relative residual: 0.0037688129384856974
Iteration: 58, relative residual: 0.0036156750424107434
Iteration: 59, relative residual: 0.0033632710786239274
Iteration: 60, relative residual: 0.003349287190105963
Iteration: 61, relative residual: 0.0033492284892120525
Iteration: 62, relative residual: 0.003253285727568194
Iteration: 63, relative residual: 0.0029579207318416833
Iteration: 64, relative residual: 0.0027597065398714277
Iteration: 65, relative residual: 0.002650878096365191
Iteration: 66, relative residual: 0.0026365569687534216
Iteration: 67, relative residual: 0.0026358905748206873
Iteration: 68, relative residual: 0.002580395066441273
Iteration: 69, relative residual: 0.0025177595276046636
Iteration: 70, relative residual: 0.002474391255216461
Iteration: 71, relative residual: 0.0024626143252700033
Iteration: 72, relative residual: 0.002456921999496291
Iteration: 73, relative residual: 0.0024063231432184845
Iteration: 74, relative residual: 0.002331603271947178
Iteration: 75, relative residual: 0.002230034461350742
Iteration: 76, relative residual: 0.002131548549355267
Iteration: 77, relative residual: 0.0021315482056036244
Iteration: 78, relative residual: 0.002101794377890514
Iteration: 79, relative residual: 0.002054534337489755
Iteration: 80, relative residual: 0.0019843576328203525
Iteration: 81, relative residual: 0.0019104802379535434
Iteration: 82, relative residual: 0.0018529263198301738
Iteration: 83, relative residual: 0.001827948679619789
Iteration: 84, relative residual: 0.0018254447748844015
Iteration: 85, relative residual: 0.0018142801368428141
Iteration: 86, relative residual: 0.0017783092555717416
Iteration: 87, relative residual: 0.001699851431628724
Iteration: 88, relative residual: 0.001645381737613769
Iteration: 89, relative residual: 0.0016102009462734433
Iteration: 90, relative residual: 0.0015997921365332312
Iteration: 91, relative residual: 0.0015996595547237247
Iteration: 92, relative residual: 0.0015779335013511153
Iteration: 93, relative residual: 0.0015524782212070218
Iteration: 94, relative residual: 0.0015275244764403448
Iteration: 95, relative residual: 0.0015063070146823189
Iteration: 96, relative residual: 0.0015053305596217884
Iteration: 97, relative residual: 0.001484862778160927
Iteration: 98, relative residual: 0.0014552714903139678
Iteration: 99, relative residual: 0.0014081125345983285
Iteration: 100, relative residual: 0.0014081125345983285
Residual: 0.0014081125345983285. Restart...
Iteration: 101, relative residual: 0.0013567365856006275
Iteration: 102, relative residual: 0.0013565554527423327
Iteration: 103, relative residual: 0.0013563145974328724
Iteration: 104, relative residual: 0.0013551148539451704
Iteration: 105, relative residual: 0.0013551148526646127
Iteration: 106, relative residual: 0.001354986648976198
Iteration: 107, relative residual: 0.001351470676285725
Iteration: 108, relative residual: 0.0013500557309792743
Iteration: 109, relative residual: 0.0013493536778436872
Iteration: 110, relative residual: 0.0013487458593897303
Iteration: 111, relative residual: 0.0013487458368624968
Iteration: 112, relative residual: 0.0013487451996943354
Iteration: 113, relative residual: 0.0013479844406535828
Iteration: 114, relative residual: 0.0013479833714786808
Iteration: 115, relative residual: 0.0013478593916476003
Iteration: 116, relative residual: 0.0013478082001044714
Iteration: 117, relative residual: 0.0013478080891018412
Iteration: 118, relative residual: 0.0013478079911116618
Iteration: 119, relative residual: 0.0013475943144027253
Iteration: 120, relative residual: 0.0013475939338156108
Iteration: 121, relative residual: 0.0013475842430070771
Iteration: 122, relative residual: 0.0013473735361300802
Iteration: 123, relative residual: 0.0013471890172607813
Iteration: 124, relative residual: 0.0013471836409003203
Iteration: 125, relative residual: 0.0013469883227786121
Iteration: 126, relative residual: 0.0013469870518154996
Iteration: 127, relative residual: 0.0013469584056569083
Iteration: 128, relative residual: 0.001346858703011048
Iteration: 129, relative residual: 0.0013468052693767906
Iteration: 130, relative residual: 0.0013464702260876104
Iteration: 131, relative residual: 0.001346235144337618
Iteration: 132, relative residual: 0.001340718466412381
Iteration: 133, relative residual: 0.0013407176371534877
Iteration: 134, relative residual: 0.0013370785005482803
Iteration: 135, relative residual: 0.0013343598328142314
Iteration: 136, relative residual: 0.0013340241455361587
Iteration: 137, relative residual: 0.0013336454738448742
Iteration: 138, relative residual: 0.00133362479893244
Iteration: 139, relative residual: 0.0013309413902240362
Iteration: 140, relative residual: 0.0013307575876189074
Iteration: 141, relative residual: 0.001330257223181901
Iteration: 142, relative residual: 0.0013298844104440066
Iteration: 143, relative residual: 0.0013293440589049687
Iteration: 144, relative residual: 0.0013272750814853093
Iteration: 145, relative residual: 0.001321129256026217
Iteration: 146, relative residual: 0.001320100814660097
Iteration: 147, relative residual: 0.0013200182713670704
Iteration: 148, relative residual: 0.0013163929056935625
Iteration: 149, relative residual: 0.0013149195833578337
Iteration: 150, relative residual: 0.0013147719582756589
Iteration: 151, relative residual: 0.0013118738518565268
Iteration: 152, relative residual: 0.0013097264310377801
Iteration: 153, relative residual: 0.0013059019328780816
Iteration: 154, relative residual: 0.001303269712882116
Iteration: 155, relative residual: 0.001302828795320996
Iteration: 156, relative residual: 0.0012993637966236394
Iteration: 157, relative residual: 0.0012918188493812029
Iteration: 158, relative residual: 0.0012801374884456364
Iteration: 159, relative residual: 0.001273651915570678
Iteration: 160, relative residual: 0.0012709022285937426
Iteration: 161, relative residual: 0.0012706591296413492
Iteration: 162, relative residual: 0.0012693771532237739
Iteration: 163, relative residual: 0.0012566242926182218
Iteration: 164, relative residual: 0.0012451707364436917
Iteration: 165, relative residual: 0.0012372593931124114
Iteration: 166, relative residual: 0.0012339780839865496
Iteration: 167, relative residual: 0.001233853612395437
Iteration: 168, relative residual: 0.0012243639490581981
Iteration: 169, relative residual: 0.00121405406201693
Iteration: 170, relative residual: 0.0012016809017493066
Iteration: 171, relative residual: 0.0011997705447799563
Iteration: 172, relative residual: 0.0011992019350198192
Iteration: 173, relative residual: 0.0011896778241283466
Iteration: 174, relative residual: 0.001168749062568434
Iteration: 175, relative residual: 0.0011609848768272422
Iteration: 176, relative residual: 0.001159963013783837
Iteration: 177, relative residual: 0.0011587350727822914
Iteration: 178, relative residual: 0.0011481764644176331
Iteration: 179, relative residual: 0.0011281078319483463
Iteration: 180, relative residual: 0.0010958712919453566
Iteration: 181, relative residual: 0.0010868531952273914
Iteration: 182, relative residual: 0.001073664792000772
Iteration: 183, relative residual: 0.0010710566608484672
Iteration: 184, relative residual: 0.001070467840800082
Iteration: 185, relative residual: 0.0010626392240523743
Iteration: 186, relative residual: 0.001055283691767892
Iteration: 187, relative residual: 0.0010467894108651416
Iteration: 188, relative residual: 0.0010437812197628554
Iteration: 189, relative residual: 0.0010433429919667599
Iteration: 190, relative residual: 0.0010433148000670123
Iteration: 191, relative residual: 0.0010400536066710903
Iteration: 192, relative residual: 0.0010318728504728745
Iteration: 193, relative residual: 0.0010276240188537365
Iteration: 194, relative residual: 0.0010254432306716608
Iteration: 195, relative residual: 0.0010233004800274908
Iteration: 196, relative residual: 0.0010226204675824959
Iteration: 197, relative residual: 0.0010222129607005686
Iteration: 198, relative residual: 0.001021485287146359
Iteration: 199, relative residual: 0.0010190973131205267
Iteration: 200, relative residual: 0.0010190973131205267
Residual: 0.0010190973131205267. Restart...
Iteration: 201, relative residual: 0.0010171070594100886
Iteration: 202, relative residual: 0.001017100579251788
Iteration: 203, relative residual: 0.0010170962847268522
Iteration: 204, relative residual: 0.0010170940560487807
Iteration: 205, relative residual: 0.0010170906035994424
Iteration: 206, relative residual: 0.001017055826917746
Iteration: 207, relative residual: 0.0010169342228179036
Iteration: 208, relative residual: 0.0010166005631641161
Iteration: 209, relative residual: 0.0010164384975650655
Iteration: 210, relative residual: 0.0010159774795700676
Iteration: 211, relative residual: 0.0010158113519522956
Iteration: 212, relative residual: 0.0010157885997533296
Iteration: 213, relative residual: 0.001015755482805555
Iteration: 214, relative residual: 0.0010154891892463378
Iteration: 215, relative residual: 0.0010153790583959982
Iteration: 216, relative residual: 0.001015378895172896
Iteration: 217, relative residual: 0.0010152676685576095
Iteration: 218, relative residual: 0.0010150627794421995
Iteration: 219, relative residual: 0.0010150227363297213
Iteration: 220, relative residual: 0.0010149708493447044
Iteration: 221, relative residual: 0.0010146258434348464
Iteration: 222, relative residual: 0.0010145274337614984
Iteration: 223, relative residual: 0.0010145105184651078
Iteration: 224, relative residual: 0.0010144767422412529
Iteration: 225, relative residual: 0.0010143526800060515
Iteration: 226, relative residual: 0.0010141753102739684
Iteration: 227, relative residual: 0.0010141739363492153
Iteration: 228, relative residual: 0.001013886467389429
Iteration: 229, relative residual: 0.0010137575533309233
Iteration: 230, relative residual: 0.0010137084732949526
Iteration: 231, relative residual: 0.0010127699921829126
Iteration: 232, relative residual: 0.001010867381021714
Iteration: 233, relative residual: 0.0010103902324325917
Iteration: 234, relative residual: 0.0010098350416820944
Iteration: 235, relative residual: 0.0010074852995248557
Iteration: 236, relative residual: 0.0010050445240036262
Iteration: 237, relative residual: 0.0010032195061530252
Iteration: 238, relative residual: 0.0010022556461484916
Iteration: 239, relative residual: 0.0010018655477357465
Iteration: 240, relative residual: 0.0009986634230686096
Iteration: 241, relative residual: 0.0009977150448559479
Iteration: 242, relative residual: 0.0009974998279222568
Iteration: 243, relative residual: 0.0009970323546578503
Iteration: 244, relative residual: 0.0009936509443088477
Iteration: 245, relative residual: 0.0009924297468837109
Iteration: 246, relative residual: 0.000991285354433643
Iteration: 247, relative residual: 0.0009876443664937368
Iteration: 248, relative residual: 0.000982953303241676
Iteration: 249, relative residual: 0.0009809585986196472
Iteration: 250, relative residual: 0.000980501052308668
Iteration: 251, relative residual: 0.0009785731961210636
Iteration: 252, relative residual: 0.0009704989248365824
Iteration: 253, relative residual: 0.0009583593119579087
Iteration: 254, relative residual: 0.0009569488686417458
Iteration: 255, relative residual: 0.000955552345327192
Iteration: 256, relative residual: 0.0009423888838699188
Iteration: 257, relative residual: 0.0009269335243562318
Iteration: 258, relative residual: 0.000916338872471213
Iteration: 259, relative residual: 0.0009076440772518926
Iteration: 260, relative residual: 0.0009063120670028222
Iteration: 261, relative residual: 0.0009053160325089367
Iteration: 262, relative residual: 0.0008989279284528447
Iteration: 263, relative residual: 0.0008815578603305652
Iteration: 264, relative residual: 0.0008685007311263656
Iteration: 265, relative residual: 0.0008662853326987018
Iteration: 266, relative residual: 0.0008662846355078312
Iteration: 267, relative residual: 0.0008644740461534035
Iteration: 268, relative residual: 0.0008588814404531666
Iteration: 269, relative residual: 0.000853572708858441
Iteration: 270, relative residual: 0.0008524308482339149
Iteration: 271, relative residual: 0.0008523572708573412
Iteration: 272, relative residual: 0.0008515487240827444
Iteration: 273, relative residual: 0.0008482161295810614
Iteration: 274, relative residual: 0.0008466899870360946
Iteration: 275, relative residual: 0.0008449875343856497
Iteration: 276, relative residual: 0.0008436829343433502
Iteration: 277, relative residual: 0.0008434763329811031
Iteration: 278, relative residual: 0.0008434648089052899
Iteration: 279, relative residual: 0.0008429775813892321
Iteration: 280, relative residual: 0.0008420514814671503
Iteration: 281, relative residual: 0.000841726849849374
Iteration: 282, relative residual: 0.0008396118576989687
Iteration: 283, relative residual: 0.0008380235910685887
Iteration: 284, relative residual: 0.0008378625741910615
Iteration: 285, relative residual: 0.0008378164687587325
Iteration: 286, relative residual: 0.0008371826265719918
Iteration: 287, relative residual: 0.000834580598949462
Iteration: 288, relative residual: 0.0008310436967539218
Iteration: 289, relative residual: 0.0008296251398817511
Iteration: 290, relative residual: 0.0008290471079302613
Iteration: 291, relative residual: 0.000829047102135057
Iteration: 292, relative residual: 0.000828386209388197
Iteration: 293, relative residual: 0.0008243327510987752
Iteration: 294, relative residual: 0.0008178532007330585
Iteration: 295, relative residual: 0.0008105457025755019
Iteration: 296, relative residual: 0.0008085832619769925
Iteration: 297, relative residual: 0.0008076298145509621
Iteration: 298, relative residual: 0.0008064955480002051
Iteration: 299, relative residual: 0.0007996550414058624
Iteration: 300, relative residual: 0.0007996550414058624
Residual: 0.0007996550414058624. Restart...
Iteration: 301, relative residual: 0.0007928693563480484
Iteration: 302, relative residual: 0.000792867890025137
Iteration: 303, relative residual: 0.0007928658509645806
Iteration: 304, relative residual: 0.0007927965066994359
Iteration: 305, relative residual: 0.0007927721056178828
Iteration: 306, relative residual: 0.0007925430910112326
Iteration: 307, relative residual: 0.0007919504076028145
Iteration: 308, relative residual: 0.0007916434366394092
Iteration: 309, relative residual: 0.0007912951000106175
Iteration: 310, relative residual: 0.0007912899931028899
Iteration: 311, relative residual: 0.0007907344023788286
Iteration: 312, relative residual: 0.0007900983172542993
Iteration: 313, relative residual: 0.0007899201449579554
Iteration: 314, relative residual: 0.0007898056023672065
Iteration: 315, relative residual: 0.0007898044530629798
Iteration: 316, relative residual: 0.0007897759434355446
Iteration: 317, relative residual: 0.0007896181884747497
Iteration: 318, relative residual: 0.0007896031872560329
Iteration: 319, relative residual: 0.0007888982733084282
Iteration: 320, relative residual: 0.0007885146789010467
Iteration: 321, relative residual: 0.0007881641632130998
Iteration: 322, relative residual: 0.0007881551668472688
Iteration: 323, relative residual: 0.0007876130197437328
Iteration: 324, relative residual: 0.0007872871129413324
Iteration: 325, relative residual: 0.000787285886532984
Iteration: 326, relative residual: 0.000786380463842681
Iteration: 327, relative residual: 0.0007862126276570501
Iteration: 328, relative residual: 0.0007861753941505013
Iteration: 329, relative residual: 0.0007858658016655279
Iteration: 330, relative residual: 0.0007852783096467012
Iteration: 331, relative residual: 0.0007849121020363622
Iteration: 332, relative residual: 0.0007848562207895452
Iteration: 333, relative residual: 0.0007848509180930995
Iteration: 334, relative residual: 0.0007846527278202771
Iteration: 335, relative residual: 0.0007846127218609618
Iteration: 336, relative residual: 0.0007845958743977358
Iteration: 337, relative residual: 0.0007845614076370683
Iteration: 338, relative residual: 0.0007843610491737478
Iteration: 339, relative residual: 0.0007843573262684573
Iteration: 340, relative residual: 0.0007843457172461042
Iteration: 341, relative residual: 0.0007842655876313828
Iteration: 342, relative residual: 0.0007841925324819385
Iteration: 343, relative residual: 0.0007840735419803045
Iteration: 344, relative residual: 0.000783933179410895
Iteration: 345, relative residual: 0.0007839299381148694
Iteration: 346, relative residual: 0.000783882668974917
Iteration: 347, relative residual: 0.0007838650663726057
Iteration: 348, relative residual: 0.0007837648014368029
Iteration: 349, relative residual: 0.0007837428285180401
Iteration: 350, relative residual: 0.0007837374000696424
Iteration: 351, relative residual: 0.0007835269389520795
Iteration: 352, relative residual: 0.0007831298135674732
Iteration: 353, relative residual: 0.0007829985337019377
Iteration: 354, relative residual: 0.0007829955753958705
Iteration: 355, relative residual: 0.0007829255947958921
Iteration: 356, relative residual: 0.0007827892823074829
Iteration: 357, relative residual: 0.0007823941341205126
Iteration: 358, relative residual: 0.0007814277515172589
Iteration: 359, relative residual: 0.0007812447527260562
Iteration: 360, relative residual: 0.0007811944744150273
Iteration: 361, relative residual: 0.0007804426122051327
Iteration: 362, relative residual: 0.0007799197303810852
Iteration: 363, relative residual: 0.0007785623396829793
Iteration: 364, relative residual: 0.0007781599551125671
Iteration: 365, relative residual: 0.0007780440858192289
Iteration: 366, relative residual: 0.0007776972634977801
Iteration: 367, relative residual: 0.0007773585830973079
Iteration: 368, relative residual: 0.0007765566942828915
Iteration: 369, relative residual: 0.0007759869623984486
Iteration: 370, relative residual: 0.000774795826188379
Iteration: 371, relative residual: 0.0007747879431596969
Iteration: 372, relative residual: 0.00077469545486589
Iteration: 373, relative residual: 0.0007740853448266944
Iteration: 374, relative residual: 0.0007723192501823492
Iteration: 375, relative residual: 0.0007712714741066293
Iteration: 376, relative residual: 0.0007710892573910122
Iteration: 377, relative residual: 0.0007709542332824699
Iteration: 378, relative residual: 0.0007703450237279769
Iteration: 379, relative residual: 0.0007682834819768827
Iteration: 380, relative residual: 0.0007670853987895328
Iteration: 381, relative residual: 0.0007664027083230554
Iteration: 382, relative residual: 0.0007662586704835616
Iteration: 383, relative residual: 0.0007660320772239662
Iteration: 384, relative residual: 0.0007651095940956148
Iteration: 385, relative residual: 0.000764169080167176
Iteration: 386, relative residual: 0.0007631279123585369
Iteration: 387, relative residual: 0.0007621744069285047
Iteration: 388, relative residual: 0.0007619380514267077
Iteration: 389, relative residual: 0.0007614514765922683
Iteration: 390, relative residual: 0.000759368872787128
Iteration: 391, relative residual: 0.000756712500601876
Iteration: 392, relative residual: 0.0007540641160224382
Iteration: 393, relative residual: 0.0007530609247260649
Iteration: 394, relative residual: 0.0007529710750261463
Iteration: 395, relative residual: 0.0007528692083640458
Iteration: 396, relative residual: 0.000751610079181549
Iteration: 397, relative residual: 0.0007506509488406481
Iteration: 398, relative residual: 0.0007467679228776339
Iteration: 399, relative residual: 0.0007446233789232855
Iteration: 400, relative residual: 0.0007446233789232855
Residual: 0.0007446233789232855. Restart...
Iteration: 401, relative residual: 0.0007442292315368263
Iteration: 402, relative residual: 0.0007442292313448103
Iteration: 403, relative residual: 0.0007442292313439693
Iteration: 404, relative residual: 0.0007442292301853546
Iteration: 405, relative residual: 0.000744229224726122
Iteration: 406, relative residual: 0.0007442291015247705
Iteration: 407, relative residual: 0.0007442275923187884
Iteration: 408, relative residual: 0.0007442227891485752
Iteration: 409, relative residual: 0.0007442121529786289
Iteration: 410, relative residual: 0.0007442105422977398
Iteration: 411, relative residual: 0.0007442037248516268
Iteration: 412, relative residual: 0.0007441375086802746
Iteration: 413, relative residual: 0.0007440194778869095
Iteration: 414, relative residual: 0.0007437060117637317
Iteration: 415, relative residual: 0.0007435601138330016
Iteration: 416, relative residual: 0.000743521794727963
Iteration: 417, relative residual: 0.0007434565651088678
Iteration: 418, relative residual: 0.0007429104355284942
Iteration: 419, relative residual: 0.0007426604059727475
Iteration: 420, relative residual: 0.0007425714662927146
Iteration: 421, relative residual: 0.0007425357501919281
Iteration: 422, relative residual: 0.0007420679100041315
Iteration: 423, relative residual: 0.0007417104079520878
Iteration: 424, relative residual: 0.0007416013773552568
Iteration: 425, relative residual: 0.0007416010230252929
Iteration: 426, relative residual: 0.0007415348768164431
Iteration: 427, relative residual: 0.0007413823634794689
Iteration: 428, relative residual: 0.0007413816455519981
Iteration: 429, relative residual: 0.0007412514557181011
Iteration: 430, relative residual: 0.0007410841472945217
Iteration: 431, relative residual: 0.0007410098178967347
Iteration: 432, relative residual: 0.0007410064686958453
Iteration: 433, relative residual: 0.0007409320809508857
Iteration: 434, relative residual: 0.0007408841000643464
Iteration: 435, relative residual: 0.0007408769448928065
Iteration: 436, relative residual: 0.0007408212639429935
Iteration: 437, relative residual: 0.0007407157312395295
Iteration: 438, relative residual: 0.0007406599659134929
Iteration: 439, relative residual: 0.0007406597558150751
Iteration: 440, relative residual: 0.0007406263881352137
Iteration: 441, relative residual: 0.0007405422099525423
Iteration: 442, relative residual: 0.0007405078853792396
Iteration: 443, relative residual: 0.0007405017237501752
Iteration: 444, relative residual: 0.0007404988603304126
Iteration: 445, relative residual: 0.0007404959239080824
Iteration: 446, relative residual: 0.0007404770235802544
Iteration: 447, relative residual: 0.0007404561732727747
Iteration: 448, relative residual: 0.0007404551027147196
Iteration: 449, relative residual: 0.0007404152454891295
Iteration: 450, relative residual: 0.0007403066233352001
Iteration: 451, relative residual: 0.0007401668037193169
Iteration: 452, relative residual: 0.0007400935290289132
Iteration: 453, relative residual: 0.0007399896590549772
Iteration: 454, relative residual: 0.0007399894063390053
Iteration: 455, relative residual: 0.0007399497382594598
Iteration: 456, relative residual: 0.0007398638327379328
Iteration: 457, relative residual: 0.0007397976335189003
Iteration: 458, relative residual: 0.0007397186612439302
Iteration: 459, relative residual: 0.0007397098653336114
Iteration: 460, relative residual: 0.0007397097427973161
Iteration: 461, relative residual: 0.0007395959891655945
Iteration: 462, relative residual: 0.0007394192100313163
Iteration: 463, relative residual: 0.000739302844245103
Iteration: 464, relative residual: 0.0007392865421520073
Iteration: 465, relative residual: 0.0007392655152429479
Iteration: 466, relative residual: 0.0007391268080318517
Iteration: 467, relative residual: 0.0007389611312286726
Iteration: 468, relative residual: 0.0007388193823330405
Iteration: 469, relative residual: 0.0007388089980582041
Iteration: 470, relative residual: 0.0007387956278239521
Iteration: 471, relative residual: 0.0007385575617208755
Iteration: 472, relative residual: 0.00073836388850285
Iteration: 473, relative residual: 0.0007382676166137566
Iteration: 474, relative residual: 0.0007380742451613359
Iteration: 475, relative residual: 0.0007380578250195153
Iteration: 476, relative residual: 0.0007380230131736193
Iteration: 477, relative residual: 0.0007378598136668575
Iteration: 478, relative residual: 0.0007375260921615292
Iteration: 479, relative residual: 0.0007367510621784906
Iteration: 480, relative residual: 0.000736125862232287
Iteration: 481, relative residual: 0.0007360424768529243
Iteration: 482, relative residual: 0.0007360230218024107
Iteration: 483, relative residual: 0.0007360019701083207
Iteration: 484, relative residual: 0.0007358152967376486
Iteration: 485, relative residual: 0.0007356002180022279
Iteration: 486, relative residual: 0.0007351342801604185
Iteration: 487, relative residual: 0.0007351186374139904
Iteration: 488, relative residual: 0.0007350921288995423
Iteration: 489, relative residual: 0.000735004397676395
Iteration: 490, relative residual: 0.0007348855636240376
Iteration: 491, relative residual: 0.0007345449277902506
Iteration: 492, relative residual: 0.0007343134768966776
Iteration: 493, relative residual: 0.0007342932960914348
Iteration: 494, relative residual: 0.0007342751305340668
Iteration: 495, relative residual: 0.0007339715012838786
Iteration: 496, relative residual: 0.0007335433403907336
Iteration: 497, relative residual: 0.0007328104117055818
Iteration: 498, relative residual: 0.0007325695021956697
Iteration: 499, relative residual: 0.0007325620848094874
Iteration: 500, relative residual: 0.0007325620848094874
Residual: 0.0007325620848094874. Restart...
Iteration: 501, relative residual: 0.0007322624833465998
Iteration: 502, relative residual: 0.0007322624738524571
Iteration: 503, relative residual: 0.0007322619353312942
Iteration: 504, relative residual: 0.0007322609919611365
Iteration: 505, relative residual: 0.0007322603798128127
Iteration: 506, relative residual: 0.0007322519804885182
Iteration: 507, relative residual: 0.0007322369904119523
Iteration: 508, relative residual: 0.0007322352811332659
Iteration: 509, relative residual: 0.0007322351447907761
Iteration: 510, relative residual: 0.0007322300396909458
Iteration: 511, relative residual: 0.0007322193182397385
Iteration: 512, relative residual: 0.0007322149374931385
Iteration: 513, relative residual: 0.0007322147821134783
Iteration: 514, relative residual: 0.0007322068067657693
Iteration: 515, relative residual: 0.000732189546748311
Iteration: 516, relative residual: 0.0007321827202949085
Iteration: 517, relative residual: 0.000732172553103033
Iteration: 518, relative residual: 0.0007320654231808126
Iteration: 519, relative residual: 0.0007319827892867728
Iteration: 520, relative residual: 0.0007318981718672127
Iteration: 521, relative residual: 0.0007318977336544519
Iteration: 522, relative residual: 0.0007318749938550202
Iteration: 523, relative residual: 0.0007317268857039304
Iteration: 524, relative residual: 0.000731646841401396
Iteration: 525, relative residual: 0.0007316108068524871
Iteration: 526, relative residual: 0.0007315736936181777
Iteration: 527, relative residual: 0.0007314954724601697
Iteration: 528, relative residual: 0.000731490061808929
Iteration: 529, relative residual: 0.0007314484462336865
Iteration: 530, relative residual: 0.0007312867325323609
Iteration: 531, relative residual: 0.0007312064922804681
Iteration: 532, relative residual: 0.0007312063073276353
Iteration: 533, relative residual: 0.000731177720280486
Iteration: 534, relative residual: 0.000731141857662168
Iteration: 535, relative residual: 0.000731139187675588
Iteration: 536, relative residual: 0.0007311232601598068
Iteration: 537, relative residual: 0.0007311194703675831
Iteration: 538, relative residual: 0.0007311122209247314
Iteration: 539, relative residual: 0.0007311087769440672
Iteration: 540, relative residual: 0.0007311041132906897
Iteration: 541, relative residual: 0.0007311038113508359
Iteration: 542, relative residual: 0.0007311006938752061
Iteration: 543, relative residual: 0.0007310972622735512
Iteration: 544, relative residual: 0.0007310868780107429
Iteration: 545, relative residual: 0.0007310723010779276
Iteration: 546, relative residual: 0.0007310710175430896
Iteration: 547, relative residual: 0.0007310500375373143
Iteration: 548, relative residual: 0.0007309817901526266
Iteration: 549, relative residual: 0.0007309289502152738
Iteration: 550, relative residual: 0.0007308964431331628
Iteration: 551, relative residual: 0.0007308958170732056
Iteration: 552, relative residual: 0.0007308824519270265
Iteration: 553, relative residual: 0.0007308735862528713
Iteration: 554, relative residual: 0.0007308735513448287
Iteration: 555, relative residual: 0.0007308583646606395
Iteration: 556, relative residual: 0.0007308157170047858
Iteration: 557, relative residual: 0.0007307587342702009
Iteration: 558, relative residual: 0.0007306866909976635
Iteration: 559, relative residual: 0.0007306843224471418
Iteration: 560, relative residual: 0.0007306795180747671
Iteration: 561, relative residual: 0.0007305943158743368
Iteration: 562, relative residual: 0.0007305288441762654
Iteration: 563, relative residual: 0.0007305264409939073
Iteration: 564, relative residual: 0.0007305237247961174
Iteration: 565, relative residual: 0.0007305134778962495
Iteration: 566, relative residual: 0.0007304957595453944
Iteration: 567, relative residual: 0.0007302229802691305
Iteration: 568, relative residual: 0.000729921355377374
Iteration: 569, relative residual: 0.000729861716316508
Iteration: 570, relative residual: 0.0007298605869872103
Iteration: 571, relative residual: 0.0007298045297622398
Iteration: 572, relative residual: 0.000729610167347248
Iteration: 573, relative residual: 0.000729510881074337
Iteration: 574, relative residual: 0.0007293832371583184
Iteration: 575, relative residual: 0.0007293828457355871
Iteration: 576, relative residual: 0.0007292789193866375
Iteration: 577, relative residual: 0.0007290810549811765
Iteration: 578, relative residual: 0.0007288611659826327
Iteration: 579, relative residual: 0.0007283822780153488
Iteration: 580, relative residual: 0.0007282102679424021
Iteration: 581, relative residual: 0.0007281851171521029
Iteration: 582, relative residual: 0.0007280763121380553
Iteration: 583, relative residual: 0.000727693193648124
Iteration: 584, relative residual: 0.0007269743455279051
Iteration: 585, relative residual: 0.0007266559548441801
Iteration: 586, relative residual: 0.0007262884599570239
Iteration: 587, relative residual: 0.0007262877893120336
Iteration: 588, relative residual: 0.0007262357926027692
Iteration: 589, relative residual: 0.0007258390479981345
Iteration: 590, relative residual: 0.0007246202004266125
Iteration: 591, relative residual: 0.0007238541020833782
Iteration: 592, relative residual: 0.0007237508535375355
Iteration: 593, relative residual: 0.00072367735285186
Iteration: 594, relative residual: 0.0007229756884780032
Iteration: 595, relative residual: 0.0007207591135867724
Iteration: 596, relative residual: 0.0007178729077558243
Iteration: 597, relative residual: 0.0007170722034720122
Iteration: 598, relative residual: 0.0007170645742888893
Iteration: 599, relative residual: 0.0007165558972035364
Iteration: 600, relative residual: 0.0007165558972035364
Residual: 0.0007165558972035364. Restart...
Iteration: 601, relative residual: 0.0007153725130107413
Iteration: 602, relative residual: 0.0007153714398120612
Iteration: 603, relative residual: 0.0007153709393111571
Iteration: 604, relative residual: 0.0007153364439958245
Iteration: 605, relative residual: 0.0007153274164860109
Iteration: 606, relative residual: 0.0007152826127265502
Iteration: 607, relative residual: 0.0007152476682039915
Iteration: 608, relative residual: 0.0007152278429174888
Iteration: 609, relative residual: 0.0007151473486783708
Iteration: 610, relative residual: 0.0007147833630951882
Iteration: 611, relative residual: 0.000714678519520633
Iteration: 612, relative residual: 0.0007146575342206821
Iteration: 613, relative residual: 0.0007146554550735177
Iteration: 614, relative residual: 0.0007146440926901499
Iteration: 615, relative residual: 0.000714624303030829
Iteration: 616, relative residual: 0.0007146147441856256
Iteration: 617, relative residual: 0.0007146008559944198
Iteration: 618, relative residual: 0.0007145814789657641
Iteration: 619, relative residual: 0.0007144686035106063
Iteration: 620, relative residual: 0.0007144143171593588
Iteration: 621, relative residual: 0.0007143844798340299
Iteration: 622, relative residual: 0.0007140283085705111
Iteration: 623, relative residual: 0.0007137364148934522
Iteration: 624, relative residual: 0.0007135571914770483
Iteration: 625, relative residual: 0.0007135275508520308
Iteration: 626, relative residual: 0.0007134810135877316
Iteration: 627, relative residual: 0.0007132543946989114
Iteration: 628, relative residual: 0.0007131966638928742
Iteration: 629, relative residual: 0.0007131944061423829
Iteration: 630, relative residual: 0.0007131020544181433
Iteration: 631, relative residual: 0.0007130475788166635
Iteration: 632, relative residual: 0.0007130282034292087
Iteration: 633, relative residual: 0.000713020307747654
Iteration: 634, relative residual: 0.000712967972548397
Iteration: 635, relative residual: 0.0007129502215267019
Iteration: 636, relative residual: 0.0007129436015987612
Iteration: 637, relative residual: 0.0007129203589050991
Iteration: 638, relative residual: 0.0007128915806133661
Iteration: 639, relative residual: 0.0007128915786008724
Iteration: 640, relative residual: 0.0007128915498269376
Iteration: 641, relative residual: 0.0007128894576009154
Iteration: 642, relative residual: 0.0007128846686444802
Iteration: 643, relative residual: 0.0007128828080101627
Iteration: 644, relative residual: 0.0007128797221206429
Iteration: 645, relative residual: 0.000712863049748956
Iteration: 646, relative residual: 0.0007128337967626304
Iteration: 647, relative residual: 0.0007128337834815119
Iteration: 648, relative residual: 0.0007128202612978637
Iteration: 649, relative residual: 0.0007127574200003657
Iteration: 650, relative residual: 0.0007127299163835751
Iteration: 651, relative residual: 0.0007127296991402287
Iteration: 652, relative residual: 0.0007126684406806494
Iteration: 653, relative residual: 0.0007125399550481707
Iteration: 654, relative residual: 0.0007124974330995588
Iteration: 655, relative residual: 0.0007123872412381783
Iteration: 656, relative residual: 0.0007123618199112712
Iteration: 657, relative residual: 0.000712310501698142
Iteration: 658, relative residual: 0.0007122001132863836
Iteration: 659, relative residual: 0.0007119782264307377
Iteration: 660, relative residual: 0.000711849453599649
Iteration: 661, relative residual: 0.0007118316426981255
Iteration: 662, relative residual: 0.0007117832745132746
Iteration: 663, relative residual: 0.0007115417448151782
Iteration: 664, relative residual: 0.0007111492692726402
Iteration: 665, relative residual: 0.0007110163023011061
Iteration: 666, relative residual: 0.000711013625220001
Iteration: 667, relative residual: 0.0007109560274457641
Iteration: 668, relative residual: 0.0007107145413031054
Iteration: 669, relative residual: 0.0007106064211121293
Iteration: 670, relative residual: 0.0007105854557810536
Iteration: 671, relative residual: 0.0007105788373915216
Iteration: 672, relative residual: 0.0007104352439768407
Iteration: 673, relative residual: 0.0007102511194563266
Iteration: 674, relative residual: 0.0007100323691593922
Iteration: 675, relative residual: 0.0007100292947603619
Iteration: 676, relative residual: 0.0007100157248808348
Iteration: 677, relative residual: 0.000709987880898932
Iteration: 678, relative residual: 0.000709869255459592
Iteration: 679, relative residual: 0.0007095692622523148
Iteration: 680, relative residual: 0.0007094491666609433
Iteration: 681, relative residual: 0.0007094013486530958
Iteration: 682, relative residual: 0.0007093941740872297
Iteration: 683, relative residual: 0.0007093556296153879
Iteration: 684, relative residual: 0.0007093142475074417
Iteration: 685, relative residual: 0.0007091312955144743
Iteration: 686, relative residual: 0.0007088189560813782
Iteration: 687, relative residual: 0.0007087485478650283
Iteration: 688, relative residual: 0.0007087476350467842
Iteration: 689, relative residual: 0.0007087039220948473
Iteration: 690, relative residual: 0.0007084182401571217
Iteration: 691, relative residual: 0.0007082786215236209
Iteration: 692, relative residual: 0.0007081116262193429
Iteration: 693, relative residual: 0.0007080728062833537
Iteration: 694, relative residual: 0.0007080276238232347
Iteration: 695, relative residual: 0.000707742845012378
Iteration: 696, relative residual: 0.0007073263089430117
Iteration: 697, relative residual: 0.0007070534463111412
Iteration: 698, relative residual: 0.0007070008018536491
Iteration: 699, relative residual: 0.0007070007906342197
Iteration: 700, relative residual: 0.0007070007906342197
Residual: 0.0007070007906342197. Restart...
Iteration: 701, relative residual: 0.0007068090110793806
Iteration: 702, relative residual: 0.0007068089865506051
Iteration: 703, relative residual: 0.000706808772134788
Iteration: 704, relative residual: 0.0007068064866716452
Iteration: 705, relative residual: 0.0007068054218695014
Iteration: 706, relative residual: 0.0007067999549492746
Iteration: 707, relative residual: 0.0007067953042203254
Iteration: 708, relative residual: 0.0007067953033759798
Iteration: 709, relative residual: 0.0007067913529345668
Iteration: 710, relative residual: 0.0007067781795849413
Iteration: 711, relative residual: 0.0007067682579593212
Iteration: 712, relative residual: 0.0007067671540113533
Iteration: 713, relative residual: 0.0007067634766420716
Iteration: 714, relative residual: 0.0007067520547596989
Iteration: 715, relative residual: 0.0007067290189148222
Iteration: 716, relative residual: 0.0007067284663190433
Iteration: 717, relative residual: 0.0007067104580989349
Iteration: 718, relative residual: 0.0007065885209016613
Iteration: 719, relative residual: 0.0007065108029241918
Iteration: 720, relative residual: 0.0007064856967344685
Iteration: 721, relative residual: 0.0007064823910595421
Iteration: 722, relative residual: 0.0007063821092755842
Iteration: 723, relative residual: 0.0007063503115021307
Iteration: 724, relative residual: 0.0007063350973387747
Iteration: 725, relative residual: 0.0007063349815526961
Iteration: 726, relative residual: 0.0007063166121089828
Iteration: 727, relative residual: 0.0007063087018005521
Iteration: 728, relative residual: 0.0007063052361222043
Iteration: 729, relative residual: 0.0007062998964077038
Iteration: 730, relative residual: 0.0007062866104930319
Iteration: 731, relative residual: 0.0007062860971806542
Iteration: 732, relative residual: 0.0007062716372286027
Iteration: 733, relative residual: 0.0007062715047120941
Iteration: 734, relative residual: 0.0007062711734738388
Iteration: 735, relative residual: 0.0007062709106934657
Iteration: 736, relative residual: 0.0007062671604823222
Iteration: 737, relative residual: 0.0007062671572424964
Iteration: 738, relative residual: 0.0007062535514072554
Iteration: 739, relative residual: 0.0007062531213885284
Iteration: 740, relative residual: 0.0007062523025878437
Iteration: 741, relative residual: 0.0007062437369278441
Iteration: 742, relative residual: 0.0007062433107963111
Iteration: 743, relative residual: 0.0007062425993548944
Iteration: 744, relative residual: 0.0007062355340217474
Iteration: 745, relative residual: 0.0007061828131154353
Iteration: 746, relative residual: 0.0007061385562149002
Iteration: 747, relative residual: 0.0007061380368085949
Iteration: 748, relative residual: 0.0007061345077572257
Iteration: 749, relative residual: 0.0007061279995168431
Iteration: 750, relative residual: 0.0007061047938511785
Iteration: 751, relative residual: 0.0007061043595106621
Iteration: 752, relative residual: 0.0007060876341793762
Iteration: 753, relative residual: 0.0007060366341545129
Iteration: 754, relative residual: 0.0007060007780032482
Iteration: 755, relative residual: 0.0007059964198007565
Iteration: 756, relative residual: 0.0007059958176967482
Iteration: 757, relative residual: 0.0007059854561329308
Iteration: 758, relative residual: 0.0007059245133918905
Iteration: 759, relative residual: 0.0007058851889972335
Iteration: 760, relative residual: 0.000705862884217251
Iteration: 761, relative residual: 0.000705862416557177
Iteration: 762, relative residual: 0.0007058337932250643
Iteration: 763, relative residual: 0.0007057108925228512
Iteration: 764, relative residual: 0.0007054594552065266
Iteration: 765, relative residual: 0.0007053331960264896
Iteration: 766, relative residual: 0.0007053245753762911
Iteration: 767, relative residual: 0.000705295611566066
Iteration: 768, relative residual: 0.0007051899514484986
Iteration: 769, relative residual: 0.0007051075329246475
Iteration: 770, relative residual: 0.0007050422149298403
Iteration: 771, relative residual: 0.0007050382839799551
Iteration: 772, relative residual: 0.0007049654637434833
Iteration: 773, relative residual: 0.0007048957375634464
Iteration: 774, relative residual: 0.0007048677585980347
Iteration: 775, relative residual: 0.0007048461169528508
Iteration: 776, relative residual: 0.0007048457892594142
Iteration: 777, relative residual: 0.0007046616948304659
Iteration: 778, relative residual: 0.0007045402600852747
Iteration: 779, relative residual: 0.000704457485343031
Iteration: 780, relative residual: 0.0007044392205461986
Iteration: 781, relative residual: 0.0007044338799325142
Iteration: 782, relative residual: 0.0007043891580905529
Iteration: 783, relative residual: 0.0007043572426420638
Iteration: 784, relative residual: 0.0007042789196614024
Iteration: 785, relative residual: 0.0007041816637320189
Iteration: 786, relative residual: 0.0007041815189755573
Iteration: 787, relative residual: 0.0007041739513324743
Iteration: 788, relative residual: 0.00070411386367352
Iteration: 789, relative residual: 0.0007039601433129645
Iteration: 790, relative residual: 0.0007038150590313381
Iteration: 791, relative residual: 0.0007037511355870354
Iteration: 792, relative residual: 0.0007037273708759441
Iteration: 793, relative residual: 0.0007037098582985119
Iteration: 794, relative residual: 0.0007036609735372868
Iteration: 795, relative residual: 0.0007034011253472805
Iteration: 796, relative residual: 0.0007027800133072947
Iteration: 797, relative residual: 0.0007024968806111374
Iteration: 798, relative residual: 0.0007024968446310826
Iteration: 799, relative residual: 0.0007022004960337947
Iteration: 800, relative residual: 0.0007022004960337947
Residual: 0.0007022004960337947. Restart...
Iteration: 801, relative residual: 0.0007017538056532264
Iteration: 802, relative residual: 0.0007017513639932534
Iteration: 803, relative residual: 0.0007017504076967559
Iteration: 804, relative residual: 0.0007017494800211591
Iteration: 805, relative residual: 0.0007017478764792393
Iteration: 806, relative residual: 0.0007017273201654502
Iteration: 807, relative residual: 0.0007017241899647501
Iteration: 808, relative residual: 0.0007017166361180291
Iteration: 809, relative residual: 0.0007016866378796874
Iteration: 810, relative residual: 0.0007016254715980977
Iteration: 811, relative residual: 0.0007015927392531076
Iteration: 812, relative residual: 0.0007015877152719869
Iteration: 813, relative residual: 0.0007015856856514603
Iteration: 814, relative residual: 0.0007015809400387361
Iteration: 815, relative residual: 0.0007015730357967013
Iteration: 816, relative residual: 0.0007015334000883603
Iteration: 817, relative residual: 0.000701527695997921
Iteration: 818, relative residual: 0.0007015212780971232
Iteration: 819, relative residual: 0.0007015053412588703
Iteration: 820, relative residual: 0.0007015047354346814
Iteration: 821, relative residual: 0.0007014774026179271
Iteration: 822, relative residual: 0.0007013815992202333
Iteration: 823, relative residual: 0.0007013183488274031
Iteration: 824, relative residual: 0.0007012768114027677
Iteration: 825, relative residual: 0.0007012744195366369
Iteration: 826, relative residual: 0.0007012744184158557
Iteration: 827, relative residual: 0.0007012586803129604
Iteration: 828, relative residual: 0.0007012388322294873
Iteration: 829, relative residual: 0.0007012322701381112
Iteration: 830, relative residual: 0.0007012251099557953
Iteration: 831, relative residual: 0.0007012224640728152
Iteration: 832, relative residual: 0.0007012215507027775
Iteration: 833, relative residual: 0.0007012190638078985
Iteration: 834, relative residual: 0.0007012181997281779
Iteration: 835, relative residual: 0.0007012177971353626
Iteration: 836, relative residual: 0.0007012126851261379
Iteration: 837, relative residual: 0.0007012099584722176
Iteration: 838, relative residual: 0.0007011984861826254
Iteration: 839, relative residual: 0.0007011792258689286
Iteration: 840, relative residual: 0.0007011730483318486
Iteration: 841, relative residual: 0.0007011683942145426
Iteration: 842, relative residual: 0.0007011652460785347
Iteration: 843, relative residual: 0.0007011626983860757
Iteration: 844, relative residual: 0.0007011540050543177
Iteration: 845, relative residual: 0.0007011521383266023
Iteration: 846, relative residual: 0.0007011427689987466
Iteration: 847, relative residual: 0.0007011414582840354
Iteration: 848, relative residual: 0.0007011414094619445
Iteration: 849, relative residual: 0.0007011093977961697
Iteration: 850, relative residual: 0.0007010787088508572
Iteration: 851, relative residual: 0.0007010161430661951
Iteration: 852, relative residual: 0.0007010016707313679
Iteration: 853, relative residual: 0.0007010006404274239
Iteration: 854, relative residual: 0.0007009942440703513
Iteration: 855, relative residual: 0.0007009440778410205
Iteration: 856, relative residual: 0.0007008311454405299
Iteration: 857, relative residual: 0.0007007974489581497
Iteration: 858, relative residual: 0.0007007951400810614
Iteration: 859, relative residual: 0.0007007614585010044
Iteration: 860, relative residual: 0.0007006672872981992
Iteration: 861, relative residual: 0.0007006318355273264
Iteration: 862, relative residual: 0.000700628925017293
Iteration: 863, relative residual: 0.0007006182756428893
Iteration: 864, relative residual: 0.0007005230970387126
Iteration: 865, relative residual: 0.0007003919566917993
Iteration: 866, relative residual: 0.0007003529331435136
Iteration: 867, relative residual: 0.0007003491253534116
Iteration: 868, relative residual: 0.0007003340964013398
Iteration: 869, relative residual: 0.0007002628314222317
Iteration: 870, relative residual: 0.0007001759494466451
Iteration: 871, relative residual: 0.0007001702834426292
Iteration: 872, relative residual: 0.0007001614613453856
Iteration: 873, relative residual: 0.0007001131896228539
Iteration: 874, relative residual: 0.0007000352791305226
Iteration: 875, relative residual: 0.0006999557779612694
Iteration: 876, relative residual: 0.0006999318940993166
Iteration: 877, relative residual: 0.0006999281085045497
Iteration: 878, relative residual: 0.0006998576754334187
Iteration: 879, relative residual: 0.0006998139842608642
Iteration: 880, relative residual: 0.000699773141545044
Iteration: 881, relative residual: 0.0006997691532593725
Iteration: 882, relative residual: 0.0006997685502172105
Iteration: 883, relative residual: 0.0006996734041945224
Iteration: 884, relative residual: 0.000699652326426732
Iteration: 885, relative residual: 0.000699649560960877
Iteration: 886, relative residual: 0.0006996473449273038
Iteration: 887, relative residual: 0.0006996450322099925
Iteration: 888, relative residual: 0.0006996430158479438
Iteration: 889, relative residual: 0.0006996408113296914
Iteration: 890, relative residual: 0.0006996399013875643
Iteration: 891, relative residual: 0.000699617718792684
Iteration: 892, relative residual: 0.0006996176583586205
Iteration: 893, relative residual: 0.0006996055537533092
Iteration: 894, relative residual: 0.0006995912701873987
Iteration: 895, relative residual: 0.0006995876774685049
Iteration: 896, relative residual: 0.0006995872694539615
Iteration: 897, relative residual: 0.0006995871377974694
Iteration: 898, relative residual: 0.0006995827606506856
Iteration: 899, relative residual: 0.000699575748792528
Iteration: 900, relative residual: 0.000699575748792528
Residual: 0.000699575748792528. Restart...
Iteration: 901, relative residual: 0.00069957193369742
Iteration: 902, relative residual: 0.0006995719318186617
Iteration: 903, relative residual: 0.0006995719299727272
Iteration: 904, relative residual: 0.0006995719269925115
Iteration: 905, relative residual: 0.0006995719117035692
Iteration: 906, relative residual: 0.0006995718828597594
Iteration: 907, relative residual: 0.0006995718828566755
Iteration: 908, relative residual: 0.0006995718407038798
Iteration: 909, relative residual: 0.0006995718374523568
Iteration: 910, relative residual: 0.0006995718220463981
Iteration: 911, relative residual: 0.0006995717768890499
Iteration: 912, relative residual: 0.0006995717709979728
Iteration: 913, relative residual: 0.0006995717703781545
Iteration: 914, relative residual: 0.0006995717562221103
Iteration: 915, relative residual: 0.0006995717458943623
Iteration: 916, relative residual: 0.000699571742894017
Iteration: 917, relative residual: 0.0006995717366838977
Iteration: 918, relative residual: 0.0006995717248397298
Iteration: 919, relative residual: 0.0006995717193686734
Iteration: 920, relative residual: 0.0006995716868373791
Iteration: 921, relative residual: 0.0006995716863408634
Iteration: 922, relative residual: 0.0006995715877676027
Iteration: 923, relative residual: 0.0006995714353448695
Iteration: 924, relative residual: 0.0006995713561874749
Iteration: 925, relative residual: 0.0006995713283019909
Iteration: 926, relative residual: 0.0006995713160276604
Iteration: 927, relative residual: 0.0006995713150892844
Iteration: 928, relative residual: 0.0006995712711586249
Iteration: 929, relative residual: 0.0006995712710721607
Iteration: 930, relative residual: 0.0006995712054196561
Iteration: 931, relative residual: 0.0006995711928662089
Iteration: 932, relative residual: 0.0006995711816624674
Iteration: 933, relative residual: 0.0006995711363255872
Iteration: 934, relative residual: 0.0006995710440904955
Iteration: 935, relative residual: 0.0006995710435010146
Iteration: 936, relative residual: 0.000699571004199268
Iteration: 937, relative residual: 0.0006995707515053384
Iteration: 938, relative residual: 0.0006995704982681851
Iteration: 939, relative residual: 0.0006995704867122228
Iteration: 940, relative residual: 0.0006995702655369186
Iteration: 941, relative residual: 0.0006995701927485708
Iteration: 942, relative residual: 0.0006995701853472193
Iteration: 943, relative residual: 0.0006995696438610043
Iteration: 944, relative residual: 0.0006995684330587084
Iteration: 945, relative residual: 0.0006995681580053388
Iteration: 946, relative residual: 0.0006995678339035375
Iteration: 947, relative residual: 0.000699567297457203
Iteration: 948, relative residual: 0.0006995672001332151
Iteration: 949, relative residual: 0.0006995671645949146
Iteration: 950, relative residual: 0.0006995659886886704
Iteration: 951, relative residual: 0.000699560001520237
Iteration: 952, relative residual: 0.0006995580817998922
Iteration: 953, relative residual: 0.0006995580633743472
Iteration: 954, relative residual: 0.0006995579343473259
Iteration: 955, relative residual: 0.0006995565455622287
Iteration: 956, relative residual: 0.0006995503906414888
Iteration: 957, relative residual: 0.0006995470661963289
Iteration: 958, relative residual: 0.0006995467932109544
Iteration: 959, relative residual: 0.0006995466155831048
Iteration: 960, relative residual: 0.000699545197413086
Iteration: 961, relative residual: 0.0006995429199398227
Iteration: 962, relative residual: 0.0006995419401383896
Iteration: 963, relative residual: 0.0006995419349442337
Iteration: 964, relative residual: 0.0006995410169142265
Iteration: 965, relative residual: 0.0006995395298801209
Iteration: 966, relative residual: 0.0006995339943506122
Iteration: 967, relative residual: 0.0006995294899048994
Iteration: 968, relative residual: 0.0006995294369709513
Iteration: 969, relative residual: 0.000699529077923264
Iteration: 970, relative residual: 0.0006995290708072958
Iteration: 971, relative residual: 0.0006995283779310305
Iteration: 972, relative residual: 0.0006995229492473044
Iteration: 973, relative residual: 0.0006995145958811805
Iteration: 974, relative residual: 0.0006995136892868012
Iteration: 975, relative residual: 0.0006995134887324702
Iteration: 976, relative residual: 0.0006995120018690308
Iteration: 977, relative residual: 0.0006994948967734085
Iteration: 978, relative residual: 0.0006994923395712792
Iteration: 979, relative residual: 0.000699491259707898
Iteration: 980, relative residual: 0.0006994909812595327
Iteration: 981, relative residual: 0.0006994878973621392
Iteration: 982, relative residual: 0.00069948562791513
Iteration: 983, relative residual: 0.0006994732630848984
Iteration: 984, relative residual: 0.000699455031797
Iteration: 985, relative residual: 0.0006994301491267836
Iteration: 986, relative residual: 0.0006993844363235793
Iteration: 987, relative residual: 0.000699384408114466
Iteration: 988, relative residual: 0.0006993781024778013
Iteration: 989, relative residual: 0.00069936834982542
Iteration: 990, relative residual: 0.0006993298578380109
Iteration: 991, relative residual: 0.0006992954300409783
Iteration: 992, relative residual: 0.0006992917878140833
Iteration: 993, relative residual: 0.0006992892680817151
Iteration: 994, relative residual: 0.0006992844485996834
Iteration: 995, relative residual: 0.0006992667571292133
Iteration: 996, relative residual: 0.0006990927409949175
Iteration: 997, relative residual: 0.000698853964655392
Iteration: 998, relative residual: 0.000698715352016508
Iteration: 999, relative residual: 0.0006986837843002166
Iteration: 1000, relative residual: 0.0006986837843002166
Residual: 0.0006986837843002166. Restart...
Warning!!!!You have reached the maximum number of iterations : 1000.
The run will stop. Check the residual behaviour you might have a bug.For future runs you might consider changing the tolerance or increasing the number of max_iter.
Solve time        : 4999.261110544205s

Calculate Solvation Energy (E_solv)
Calculating solvation energy for region 1, stored in E_solv[0]
6248.359467863187 of 531928 analytical integrals for phi_reac calculation in region 1
Time E_solv: 4.759608268737793s
Region 1: E_solv = -6448.571401171725 kcal/mol = -26980.822742502496 kJ/mol

Calculate Surface Energy (E_surf)
Time E_surf: 0.02072453498840332s

Calculate Coulomb Energy (E_coul)
Calculate Coulomb energy for region 1
Region 1: E_coul = -242954.7380026204 kcal/mol = -1016522.6238029638 kJ/mol
Time E_coul: 23.795044660568237s

------------------------------
Totals:
E_solv = -6448.571401171725 kcal/mol
E_surf = 0 kcal/mol
E_coul = -242954.7380026204 kcal/mol

Time = 5099.6189551353455 s
