Run started on:
	Date: 2020/5/22
	Time: 20:10:38
	PyGBe version: 0.3.2+5.gea0f875
Config file: /cobra/u/gvargas/code/hPB/pygbe/pygbe/myCrownFinShots/sarsCov2002noACE2/snap2/snap2.config
Parameter file: /cobra/u/gvargas/code/hPB/pygbe/pygbe/myCrownFinShots/sarsCov2002noACE2/snap2/snap2.param
Geometry folder: /cobra/u/gvargas/code/hPB/pygbe/pygbe/myCrownFinShots/sarsCov2002noACE2/snap2/geometry
Running in: /cobra/u/gvargas/code/hPB/pygbe/pygbe/myCrownFinShots/sarsCov2002noACE2/snap2

Reading surface 0 from file geometry/crownVF2002noACE2
Time load mesh: 8.859336614608765
Removed areas=0: 216

Total elements : 529042
Total equations: 1058084
----------------------------

1 surfaces:

Surface 0:
	529042 elements
	Surface type         : dielectric_interface
	Cells                : 4360
	Twigs                : 3699
	Levels               : 6
	C0 size              : 91.61225978220801
	C0 box center        : 68.79733464513843, 85.9127587406419, 107.41543264995973
	Twig cell size       : 2.8628831181940004
	Rbox/theta           : 5.725766236388001
	Analytic distance    : 1.2959629612762882
	Elem. per Ang^2      : 4.16705332201273
	Max, min, avg elem.  : 1.2180060472479228, 4.99999999995893e-07, 0.23997773071859552
	Total area           : 126958.2986148272
------------------------------

2 regions:

Region 0:
	Laplace or Yukawa: 2
	kappa            : 0.125
	dielectric const : 80.0
	Number of charges: 0
	Parent surface   : []
	Child surfaces   : [0]
Region 1:
	Laplace or Yukawa: 1
	kappa            : 1e-12
	dielectric const : 4.0
	Number of charges: 50814
	Parent surface   : [0]
	Child surfaces   : []
------------------------------

Parameters:
	Data type               : <class 'numpy.float64'>
	Use GPU                 : 1
	P                       : 4
	threshold               : 0.50
	theta                   : 0.50
	NCRIT                   : 500
	CUDA block size         : 128
	Gauss points per element: 1
	Gauss points near singlr: 25
	1D Gauss points per side: 9
	GMRES tolerance         : 1e-05
	GMRES max iterations    : 1000
	GMRES restart iteration : 100
----------------------------

Generate interaction list
Transfer data to GPU
Generate RHS
List time          : 4.075028419494629s
Data transfer time : 0.5138213634490967s
RHS generation time: 0.4380156993865967s
------------------------------
Total setup time   : 67.95352387428284s
Solve
Iteration: 1, relative residual: 0.5092863187273647
Iteration: 2, relative residual: 0.34357264706914054
Iteration: 3, relative residual: 0.28257177376937603
Iteration: 4, relative residual: 0.2122625223947498
Iteration: 5, relative residual: 0.17747951809768528
Iteration: 6, relative residual: 0.15045694206860366
Iteration: 7, relative residual: 0.12221944746911928
Iteration: 8, relative residual: 0.10069408932873852
Iteration: 9, relative residual: 0.09495642079184381
Iteration: 10, relative residual: 0.07905537504086486
Iteration: 11, relative residual: 0.0574150569930358
Iteration: 12, relative residual: 0.0461916860209936
Iteration: 13, relative residual: 0.037200463922422745
Iteration: 14, relative residual: 0.03398794864437773
Iteration: 15, relative residual: 0.031906814299643996
Iteration: 16, relative residual: 0.028447941673020307
Iteration: 17, relative residual: 0.024293238354146054
Iteration: 18, relative residual: 0.02206306055822074
Iteration: 19, relative residual: 0.01973401791937701
Iteration: 20, relative residual: 0.016475785208412135
Iteration: 21, relative residual: 0.013951151994656552
Iteration: 22, relative residual: 0.012509593128623635
Iteration: 23, relative residual: 0.011961983103742229
Iteration: 24, relative residual: 0.01194333173549247
Iteration: 25, relative residual: 0.011436220376395174
Iteration: 26, relative residual: 0.010588351111013604
Iteration: 27, relative residual: 0.009553340188289274
Iteration: 28, relative residual: 0.0087227204185891
Iteration: 29, relative residual: 0.00785505622320753
Iteration: 30, relative residual: 0.00702793339743125
Iteration: 31, relative residual: 0.007016470643265577
Iteration: 32, relative residual: 0.006585381081878981
Iteration: 33, relative residual: 0.00587146690304575
Iteration: 34, relative residual: 0.005373454351106824
Iteration: 35, relative residual: 0.004784378616423698
Iteration: 36, relative residual: 0.004525469343968055
Iteration: 37, relative residual: 0.004130971788319307
Iteration: 38, relative residual: 0.0039823010677750344
Iteration: 39, relative residual: 0.003963054496789838
Iteration: 40, relative residual: 0.003934623873351817
Iteration: 41, relative residual: 0.0038310317656637042
Iteration: 42, relative residual: 0.003695276337388148
Iteration: 43, relative residual: 0.0036543532158591465
Iteration: 44, relative residual: 0.003654019374932902
Iteration: 45, relative residual: 0.003616023121261052
Iteration: 46, relative residual: 0.003494254601032338
Iteration: 47, relative residual: 0.0032549374279762116
Iteration: 48, relative residual: 0.003091994115439379
Iteration: 49, relative residual: 0.0029439346700358402
Iteration: 50, relative residual: 0.002868163230742477
Iteration: 51, relative residual: 0.002788995100435882
Iteration: 52, relative residual: 0.00278832975680162
Iteration: 53, relative residual: 0.002740609335436825
Iteration: 54, relative residual: 0.0025817492034607183
Iteration: 55, relative residual: 0.0023952146678457215
Iteration: 56, relative residual: 0.0022101368345512065
Iteration: 57, relative residual: 0.002086579798247073
Iteration: 58, relative residual: 0.0020168410289553894
Iteration: 59, relative residual: 0.0019166215222389702
Iteration: 60, relative residual: 0.0018911758114100135
Iteration: 61, relative residual: 0.0018831386290855034
Iteration: 62, relative residual: 0.001883112060354959
Iteration: 63, relative residual: 0.0018651896647128557
Iteration: 64, relative residual: 0.0018353086683709002
Iteration: 65, relative residual: 0.0018049461666346334
Iteration: 66, relative residual: 0.0018004355098985509
Iteration: 67, relative residual: 0.0017998286671253084
Iteration: 68, relative residual: 0.0017878352881283942
Iteration: 69, relative residual: 0.0017822486549062355
Iteration: 70, relative residual: 0.0017580988643157128
Iteration: 71, relative residual: 0.0017398613508415356
Iteration: 72, relative residual: 0.0017242650306136416
Iteration: 73, relative residual: 0.0017167059296007905
Iteration: 74, relative residual: 0.0017159702082331502
Iteration: 75, relative residual: 0.0017132813095808057
Iteration: 76, relative residual: 0.001692814574021242
Iteration: 77, relative residual: 0.00166764380563777
Iteration: 78, relative residual: 0.0016644678530984803
Iteration: 79, relative residual: 0.001658180215770597
Iteration: 80, relative residual: 0.001654139942802167
Iteration: 81, relative residual: 0.0016504112710196857
Iteration: 82, relative residual: 0.001650411253031021
Iteration: 83, relative residual: 0.0016500109646727119
Iteration: 84, relative residual: 0.0016499197127362861
Iteration: 85, relative residual: 0.0016494199058900174
Iteration: 86, relative residual: 0.0016490599233430943
Iteration: 87, relative residual: 0.0016398341193524268
Iteration: 88, relative residual: 0.0016382473222962023
Iteration: 89, relative residual: 0.0016380491930572687
Iteration: 90, relative residual: 0.0016380341177669746
Iteration: 91, relative residual: 0.0016367689667008609
Iteration: 92, relative residual: 0.0016276231286244253
Iteration: 93, relative residual: 0.0016193555075277217
Iteration: 94, relative residual: 0.0016177138013745978
Iteration: 95, relative residual: 0.001615414944577861
Iteration: 96, relative residual: 0.0016092534015476469
Iteration: 97, relative residual: 0.0016072705966951892
Iteration: 98, relative residual: 0.0016049832337727973
Iteration: 99, relative residual: 0.0015992724122640446
Iteration: 100, relative residual: 0.0015992724122640446
Residual: 0.0015992724122640446. Restart...
Iteration: 101, relative residual: 0.0015785643775535082
Iteration: 102, relative residual: 0.0015785638060816902
Iteration: 103, relative residual: 0.0015785353484044234
Iteration: 104, relative residual: 0.0015783754246074368
Iteration: 105, relative residual: 0.0015782348345493842
Iteration: 106, relative residual: 0.0015779527589768324
Iteration: 107, relative residual: 0.0015777070616721292
Iteration: 108, relative residual: 0.0015776990958542595
Iteration: 109, relative residual: 0.001577677097978004
Iteration: 110, relative residual: 0.0015776704069778468
Iteration: 111, relative residual: 0.001577621384836805
Iteration: 112, relative residual: 0.001577513215623606
Iteration: 113, relative residual: 0.0015773684692449122
Iteration: 114, relative residual: 0.0015773671038242887
Iteration: 115, relative residual: 0.0015771363756671376
Iteration: 116, relative residual: 0.0015771160348195137
Iteration: 117, relative residual: 0.0015769801981214576
Iteration: 118, relative residual: 0.0015769394450222095
Iteration: 119, relative residual: 0.0015769368769697975
Iteration: 120, relative residual: 0.0015769320707178867
Iteration: 121, relative residual: 0.00157683494122386
Iteration: 122, relative residual: 0.0015761346412201884
Iteration: 123, relative residual: 0.0015761260119817727
Iteration: 124, relative residual: 0.0015758721116952913
Iteration: 125, relative residual: 0.0015750470893217093
Iteration: 126, relative residual: 0.0015748280707162698
Iteration: 127, relative residual: 0.0015747604095689637
Iteration: 128, relative residual: 0.0015747403500385759
Iteration: 129, relative residual: 0.0015747399768204755
Iteration: 130, relative residual: 0.001574253896624625
Iteration: 131, relative residual: 0.0015739088471257024
Iteration: 132, relative residual: 0.0015737421206034172
Iteration: 133, relative residual: 0.0015737171744183746
Iteration: 134, relative residual: 0.001573359388413352
Iteration: 135, relative residual: 0.0015716678660621973
Iteration: 136, relative residual: 0.001569548249834748
Iteration: 137, relative residual: 0.00156855600683496
Iteration: 138, relative residual: 0.001567907887161777
Iteration: 139, relative residual: 0.001567271854478659
Iteration: 140, relative residual: 0.0015670355183084008
Iteration: 141, relative residual: 0.0015648551447303956
Iteration: 142, relative residual: 0.0015619193250907984
Iteration: 143, relative residual: 0.0015601686338730751
Iteration: 144, relative residual: 0.0015588721366053093
Iteration: 145, relative residual: 0.00155779136491224
Iteration: 146, relative residual: 0.0015574210836858476
Iteration: 147, relative residual: 0.0015572659328447497
Iteration: 148, relative residual: 0.0015540882101093669
Iteration: 149, relative residual: 0.0015511105557075922
Iteration: 150, relative residual: 0.001547554041035681
Iteration: 151, relative residual: 0.0015469676735952217
Iteration: 152, relative residual: 0.001546945390867641
Iteration: 153, relative residual: 0.0015453007293873234
Iteration: 154, relative residual: 0.0015413272576874561
Iteration: 155, relative residual: 0.0015375429162516523
Iteration: 156, relative residual: 0.0015371139354940907
Iteration: 157, relative residual: 0.0015364244230575595
Iteration: 158, relative residual: 0.0015319579834094882
Iteration: 159, relative residual: 0.0015281514474799552
Iteration: 160, relative residual: 0.0015189690318777938
Iteration: 161, relative residual: 0.0015077331236864767
Iteration: 162, relative residual: 0.0015012519356601564
Iteration: 163, relative residual: 0.0014996920845002167
Iteration: 164, relative residual: 0.001499366859605426
Iteration: 165, relative residual: 0.0014975972640941524
Iteration: 166, relative residual: 0.0014957772553719079
Iteration: 167, relative residual: 0.0014878491618839542
Iteration: 168, relative residual: 0.0014768099239273018
Iteration: 169, relative residual: 0.001468738163112166
Iteration: 170, relative residual: 0.0014686196627071255
Iteration: 171, relative residual: 0.0014685763197548642
Iteration: 172, relative residual: 0.0014595599006270608
Iteration: 173, relative residual: 0.0014297924304918048
Iteration: 174, relative residual: 0.0014171440239220318
Iteration: 175, relative residual: 0.0013954282820452435
Iteration: 176, relative residual: 0.0013760162018942286
Iteration: 177, relative residual: 0.0013629375558162253
Iteration: 178, relative residual: 0.0013593041472164539
Iteration: 179, relative residual: 0.0013577543992547428
Iteration: 180, relative residual: 0.0013573699428603267
Iteration: 181, relative residual: 0.0013434054467789626
Iteration: 182, relative residual: 0.0013289934546043879
Iteration: 183, relative residual: 0.0013175955080811082
Iteration: 184, relative residual: 0.0013065316526829887
Iteration: 185, relative residual: 0.0013008064934499216
Iteration: 186, relative residual: 0.0013000443055690512
Iteration: 187, relative residual: 0.0012966439642933337
Iteration: 188, relative residual: 0.0012825515904462948
Iteration: 189, relative residual: 0.0012722738649897176
Iteration: 190, relative residual: 0.001267333901156663
Iteration: 191, relative residual: 0.0012673212208700183
Iteration: 192, relative residual: 0.0012660631069066034
Iteration: 193, relative residual: 0.0012537783498998826
Iteration: 194, relative residual: 0.0012184227972671352
Iteration: 195, relative residual: 0.0012077947111500766
Iteration: 196, relative residual: 0.0012034446920895373
Iteration: 197, relative residual: 0.001198510275306625
Iteration: 198, relative residual: 0.0011964485438048498
Iteration: 199, relative residual: 0.0011887896072915309
Iteration: 200, relative residual: 0.0011887896072915309
Residual: 0.0011887896072915309. Restart...
Iteration: 201, relative residual: 0.0011624728400631433
Iteration: 202, relative residual: 0.0011624715121363008
Iteration: 203, relative residual: 0.0011623038103787174
Iteration: 204, relative residual: 0.0011616227040406094
Iteration: 205, relative residual: 0.001160366839277533
Iteration: 206, relative residual: 0.00115901761862196
Iteration: 207, relative residual: 0.0011577489784564724
Iteration: 208, relative residual: 0.0011569326361758605
Iteration: 209, relative residual: 0.0011560326145503583
Iteration: 210, relative residual: 0.0011553341585011365
Iteration: 211, relative residual: 0.0011547111359115313
Iteration: 212, relative residual: 0.0011542900298737297
Iteration: 213, relative residual: 0.0011538088171115964
Iteration: 214, relative residual: 0.001153668035711871
Iteration: 215, relative residual: 0.001153665189484229
Iteration: 216, relative residual: 0.0011529042005291416
Iteration: 217, relative residual: 0.0011500667429152477
Iteration: 218, relative residual: 0.0011478604750565673
Iteration: 219, relative residual: 0.0011467217305064995
Iteration: 220, relative residual: 0.0011464596164088073
Iteration: 221, relative residual: 0.0011449758383796126
Iteration: 222, relative residual: 0.001143015628400637
Iteration: 223, relative residual: 0.0011403508285084247
Iteration: 224, relative residual: 0.0011403449704264267
Iteration: 225, relative residual: 0.0011397151244502651
Iteration: 226, relative residual: 0.001137761637163023
Iteration: 227, relative residual: 0.0011348237877962255
Iteration: 228, relative residual: 0.0011330272645502858
Iteration: 229, relative residual: 0.0011312568805254756
Iteration: 230, relative residual: 0.0011310031881937418
Iteration: 231, relative residual: 0.001127573677170583
Iteration: 232, relative residual: 0.001120163337087119
Iteration: 233, relative residual: 0.0011176228743737494
Iteration: 234, relative residual: 0.0011139294602476794
Iteration: 235, relative residual: 0.001111151042102804
Iteration: 236, relative residual: 0.0011110688838683808
Iteration: 237, relative residual: 0.0011066208085416913
Iteration: 238, relative residual: 0.0010993173154430073
Iteration: 239, relative residual: 0.0010905766068091014
Iteration: 240, relative residual: 0.0010878174132739336
Iteration: 241, relative residual: 0.0010876650387898798
Iteration: 242, relative residual: 0.0010860666293968316
Iteration: 243, relative residual: 0.0010805281157883824
Iteration: 244, relative residual: 0.0010747661221858448
Iteration: 245, relative residual: 0.0010628734112042145
Iteration: 246, relative residual: 0.0010573026511241923
Iteration: 247, relative residual: 0.0010542705137264628
Iteration: 248, relative residual: 0.0010542539876538894
Iteration: 249, relative residual: 0.001051020246738054
Iteration: 250, relative residual: 0.0010405662500017098
Iteration: 251, relative residual: 0.0010298216793051924
Iteration: 252, relative residual: 0.001024705560693294
Iteration: 253, relative residual: 0.0010245830689083095
Iteration: 254, relative residual: 0.001022614215292951
Iteration: 255, relative residual: 0.001000597528940199
Iteration: 256, relative residual: 0.0009926391104021028
Iteration: 257, relative residual: 0.0009830370639928381
Iteration: 258, relative residual: 0.0009828019160440498
Iteration: 259, relative residual: 0.0009783244305150514
Iteration: 260, relative residual: 0.0009595963943766354
Iteration: 261, relative residual: 0.0009358619348648103
Iteration: 262, relative residual: 0.0009177605318301745
Iteration: 263, relative residual: 0.0009031234183336153
Iteration: 264, relative residual: 0.0009006454910778569
Iteration: 265, relative residual: 0.0009005519589444777
Iteration: 266, relative residual: 0.000889270774339905
Iteration: 267, relative residual: 0.0008731671734528292
Iteration: 268, relative residual: 0.0008590336883287219
Iteration: 269, relative residual: 0.0008422739897716396
Iteration: 270, relative residual: 0.0008310802195533
Iteration: 271, relative residual: 0.0008257724560539743
Iteration: 272, relative residual: 0.0008244204769963884
Iteration: 273, relative residual: 0.0008200668194673581
Iteration: 274, relative residual: 0.0008039298870285408
Iteration: 275, relative residual: 0.000778450513235283
Iteration: 276, relative residual: 0.0007631187163540169
Iteration: 277, relative residual: 0.0007494741667320373
Iteration: 278, relative residual: 0.0007448714416206725
Iteration: 279, relative residual: 0.0007417825842766156
Iteration: 280, relative residual: 0.0007416239749323152
Iteration: 281, relative residual: 0.0007386190702742232
Iteration: 282, relative residual: 0.0007299617354098015
Iteration: 283, relative residual: 0.0007117544442821609
Iteration: 284, relative residual: 0.0006956029174353071
Iteration: 285, relative residual: 0.0006899313929499482
Iteration: 286, relative residual: 0.000688374968904617
Iteration: 287, relative residual: 0.0006883183207366621
Iteration: 288, relative residual: 0.0006844433760130546
Iteration: 289, relative residual: 0.0006784525270910245
Iteration: 290, relative residual: 0.0006707998099754956
Iteration: 291, relative residual: 0.0006676384839924912
Iteration: 292, relative residual: 0.0006662709166855573
Iteration: 293, relative residual: 0.0006654507521012967
Iteration: 294, relative residual: 0.0006639564104371774
Iteration: 295, relative residual: 0.0006588277764340549
Iteration: 296, relative residual: 0.0006555246785786276
Iteration: 297, relative residual: 0.0006550254917812923
Iteration: 298, relative residual: 0.0006542986098207375
Iteration: 299, relative residual: 0.0006497447819367796
Iteration: 300, relative residual: 0.0006497447819367796
Residual: 0.0006497447819367796. Restart...
Iteration: 301, relative residual: 0.0006475584441920324
Iteration: 302, relative residual: 0.0006475580608010114
Iteration: 303, relative residual: 0.0006475443701475419
Iteration: 304, relative residual: 0.0006475022976298447
Iteration: 305, relative residual: 0.0006473647904929342
Iteration: 306, relative residual: 0.0006470487248894056
Iteration: 307, relative residual: 0.000646724362516289
Iteration: 308, relative residual: 0.0006463397181427705
Iteration: 309, relative residual: 0.0006461271418678783
Iteration: 310, relative residual: 0.0006460224666030066
Iteration: 311, relative residual: 0.0006460091219761722
Iteration: 312, relative residual: 0.0006459583554813411
Iteration: 313, relative residual: 0.0006458923233079282
Iteration: 314, relative residual: 0.0006458632598145449
Iteration: 315, relative residual: 0.0006458487179818945
Iteration: 316, relative residual: 0.0006454969438378633
Iteration: 317, relative residual: 0.0006450999399654007
Iteration: 318, relative residual: 0.0006447807178221473
Iteration: 319, relative residual: 0.0006445674890653397
Iteration: 320, relative residual: 0.0006445672499746147
Iteration: 321, relative residual: 0.000644176275131271
Iteration: 322, relative residual: 0.0006439029450262143
Iteration: 323, relative residual: 0.0006438913367665763
Iteration: 324, relative residual: 0.0006438691176909428
Iteration: 325, relative residual: 0.0006431960510433883
Iteration: 326, relative residual: 0.0006425478631955263
Iteration: 327, relative residual: 0.0006419157760977627
Iteration: 328, relative residual: 0.0006416652022827053
Iteration: 329, relative residual: 0.0006416643453524319
Iteration: 330, relative residual: 0.0006412703992280423
Iteration: 331, relative residual: 0.0006396255658619513
Iteration: 332, relative residual: 0.000636500468888162
Iteration: 333, relative residual: 0.0006338812035356922
Iteration: 334, relative residual: 0.0006328710562496338
Iteration: 335, relative residual: 0.0006327394855484404
Iteration: 336, relative residual: 0.0006322649289949783
Iteration: 337, relative residual: 0.0006311903364059911
Iteration: 338, relative residual: 0.0006286672879808415
Iteration: 339, relative residual: 0.0006276503124519054
Iteration: 340, relative residual: 0.0006273473218229784
Iteration: 341, relative residual: 0.0006272229280394285
Iteration: 342, relative residual: 0.0006261261090919601
Iteration: 343, relative residual: 0.0006243366079319207
Iteration: 344, relative residual: 0.0006210083607404506
Iteration: 345, relative residual: 0.0006191430918750146
Iteration: 346, relative residual: 0.000619121733687058
Iteration: 347, relative residual: 0.0006185812931169348
Iteration: 348, relative residual: 0.0006167632220677688
Iteration: 349, relative residual: 0.0006099798358667185
Iteration: 350, relative residual: 0.0006044505559678559
Iteration: 351, relative residual: 0.0006005006098749638
Iteration: 352, relative residual: 0.0005972565285955387
Iteration: 353, relative residual: 0.0005972558458563398
Iteration: 354, relative residual: 0.0005966418670017339
Iteration: 355, relative residual: 0.0005911254616786821
Iteration: 356, relative residual: 0.0005847905800104552
Iteration: 357, relative residual: 0.000582514809579492
Iteration: 358, relative residual: 0.0005818667824894938
Iteration: 359, relative residual: 0.0005792116808829608
Iteration: 360, relative residual: 0.0005747778633896191
Iteration: 361, relative residual: 0.0005691395406930013
Iteration: 362, relative residual: 0.0005672325058544614
Iteration: 363, relative residual: 0.0005672257028890229
Iteration: 364, relative residual: 0.00056616345605725
Iteration: 365, relative residual: 0.0005624504921982664
Iteration: 366, relative residual: 0.0005541482058659697
Iteration: 367, relative residual: 0.0005469304509660756
Iteration: 368, relative residual: 0.0005417490103560404
Iteration: 369, relative residual: 0.0005370860820539244
Iteration: 370, relative residual: 0.0005353921145012912
Iteration: 371, relative residual: 0.0005348740591858155
Iteration: 372, relative residual: 0.0005347121599906464
Iteration: 373, relative residual: 0.0005328907807009423
Iteration: 374, relative residual: 0.0005269449472464681
Iteration: 375, relative residual: 0.0005172998516731289
Iteration: 376, relative residual: 0.000506413947433468
Iteration: 377, relative residual: 0.0004985680116342436
Iteration: 378, relative residual: 0.000494784816308499
Iteration: 379, relative residual: 0.0004945279945685241
Iteration: 380, relative residual: 0.0004937773028811887
Iteration: 381, relative residual: 0.000491431890201438
Iteration: 382, relative residual: 0.0004872335583457994
Iteration: 383, relative residual: 0.00048309084468246426
Iteration: 384, relative residual: 0.0004809107376459377
Iteration: 385, relative residual: 0.00048080789529658576
Iteration: 386, relative residual: 0.00048020712960225137
Iteration: 387, relative residual: 0.000477647675232152
Iteration: 388, relative residual: 0.0004732646549823938
Iteration: 389, relative residual: 0.00047009942691910713
Iteration: 390, relative residual: 0.0004692120338351391
Iteration: 391, relative residual: 0.0004688264623269683
Iteration: 392, relative residual: 0.00046505382237040235
Iteration: 393, relative residual: 0.00046020472315136743
Iteration: 394, relative residual: 0.0004541643185157094
Iteration: 395, relative residual: 0.00044972900479319796
Iteration: 396, relative residual: 0.00044874682320462033
Iteration: 397, relative residual: 0.0004487465112652624
Iteration: 398, relative residual: 0.00044757626302970965
Iteration: 399, relative residual: 0.000443013191336598
Iteration: 400, relative residual: 0.000443013191336598
Residual: 0.000443013191336598. Restart...
Iteration: 401, relative residual: 0.00043484434099360053
Iteration: 402, relative residual: 0.00043483860416210684
Iteration: 403, relative residual: 0.0004347337504328655
Iteration: 404, relative residual: 0.00043442374404882827
Iteration: 405, relative residual: 0.00043367454389590704
Iteration: 406, relative residual: 0.00043275295340667875
Iteration: 407, relative residual: 0.0004322221270019695
Iteration: 408, relative residual: 0.00043202849983016737
Iteration: 409, relative residual: 0.00043194408707289324
Iteration: 410, relative residual: 0.00043193456018854803
Iteration: 411, relative residual: 0.00043192778896827133
Iteration: 412, relative residual: 0.0004318981289239097
Iteration: 413, relative residual: 0.00043178999978360673
Iteration: 414, relative residual: 0.0004316973175821709
Iteration: 415, relative residual: 0.0004316464022701703
Iteration: 416, relative residual: 0.00043128098229585124
Iteration: 417, relative residual: 0.00043104333842918104
Iteration: 418, relative residual: 0.00043083529597274384
Iteration: 419, relative residual: 0.0004307979368976467
Iteration: 420, relative residual: 0.0004307928790769844
Iteration: 421, relative residual: 0.00043071258812016995
Iteration: 422, relative residual: 0.00043064089103783177
Iteration: 423, relative residual: 0.0004305941332781387
Iteration: 424, relative residual: 0.000430589735489799
Iteration: 425, relative residual: 0.00043044656235737276
Iteration: 426, relative residual: 0.00043016515499420577
Iteration: 427, relative residual: 0.00042959994115949503
Iteration: 428, relative residual: 0.00042929298213589866
Iteration: 429, relative residual: 0.0004288540559253528
Iteration: 430, relative residual: 0.00042885359686639066
Iteration: 431, relative residual: 0.00042874528498672515
Iteration: 432, relative residual: 0.00042804362992015626
Iteration: 433, relative residual: 0.00042755934534568325
Iteration: 434, relative residual: 0.0004272318210867572
Iteration: 435, relative residual: 0.0004271013760945819
Iteration: 436, relative residual: 0.0004270997608758118
Iteration: 437, relative residual: 0.0004269640383874109
Iteration: 438, relative residual: 0.00042680584820460154
Iteration: 439, relative residual: 0.0004261871457673784
Iteration: 440, relative residual: 0.00042563259931010475
Iteration: 441, relative residual: 0.00042554600648034426
Iteration: 442, relative residual: 0.00042554476143806134
Iteration: 443, relative residual: 0.00042554047230065423
Iteration: 444, relative residual: 0.0004250919855698911
Iteration: 445, relative residual: 0.0004243675258542471
Iteration: 446, relative residual: 0.00042374901828664814
Iteration: 447, relative residual: 0.00042362671197571094
Iteration: 448, relative residual: 0.000423625390529278
Iteration: 449, relative residual: 0.00042335362120498254
Iteration: 450, relative residual: 0.0004226916513810559
Iteration: 451, relative residual: 0.00042115395984766577
Iteration: 452, relative residual: 0.000420255561873607
Iteration: 453, relative residual: 0.00041972227051776995
Iteration: 454, relative residual: 0.0004197147804948829
Iteration: 455, relative residual: 0.0004189593613774446
Iteration: 456, relative residual: 0.0004170489958724503
Iteration: 457, relative residual: 0.00041532358369252074
Iteration: 458, relative residual: 0.0004144291290643135
Iteration: 459, relative residual: 0.0004144290966375497
Iteration: 460, relative residual: 0.0004134243311156217
Iteration: 461, relative residual: 0.00040971608486521085
Iteration: 462, relative residual: 0.0004067830599930046
Iteration: 463, relative residual: 0.00040413964587650384
Iteration: 464, relative residual: 0.00040377916539401613
Iteration: 465, relative residual: 0.00040363113452885187
Iteration: 466, relative residual: 0.0004025048528605802
Iteration: 467, relative residual: 0.00040033563688131194
Iteration: 468, relative residual: 0.000397594706855309
Iteration: 469, relative residual: 0.0003939640268953628
Iteration: 470, relative residual: 0.0003934682062321916
Iteration: 471, relative residual: 0.00039339816278423985
Iteration: 472, relative residual: 0.0003933673573753609
Iteration: 473, relative residual: 0.0003930098808930736
Iteration: 474, relative residual: 0.0003915846003860674
Iteration: 475, relative residual: 0.0003894985770234533
Iteration: 476, relative residual: 0.0003885549731639685
Iteration: 477, relative residual: 0.00038828456431110167
Iteration: 478, relative residual: 0.000388050855424341
Iteration: 479, relative residual: 0.00038792709613472
Iteration: 480, relative residual: 0.0003876763957149612
Iteration: 481, relative residual: 0.00038718375848153245
Iteration: 482, relative residual: 0.0003869608266045612
Iteration: 483, relative residual: 0.0003865582559096456
Iteration: 484, relative residual: 0.0003859722318827545
Iteration: 485, relative residual: 0.0003858142845923408
Iteration: 486, relative residual: 0.0003858008254894179
Iteration: 487, relative residual: 0.00038566342688224034
Iteration: 488, relative residual: 0.0003855560130017567
Iteration: 489, relative residual: 0.0003854544387810919
Iteration: 490, relative residual: 0.00038530230974116145
Iteration: 491, relative residual: 0.000385104230050252
Iteration: 492, relative residual: 0.0003851039046952752
Iteration: 493, relative residual: 0.00038500583956226943
Iteration: 494, relative residual: 0.0003846159536855418
Iteration: 495, relative residual: 0.000384503264181015
Iteration: 496, relative residual: 0.00038449829025244257
Iteration: 497, relative residual: 0.00038449201795130614
Iteration: 498, relative residual: 0.0003844125134896567
Iteration: 499, relative residual: 0.00038419334201643764
Iteration: 500, relative residual: 0.00038419334201643764
Residual: 0.00038419334201643764. Restart...
Iteration: 501, relative residual: 0.00038369686951959044
Iteration: 502, relative residual: 0.000383696826438923
Iteration: 503, relative residual: 0.0003836962574767936
Iteration: 504, relative residual: 0.0003836944881009933
Iteration: 505, relative residual: 0.00038369114324138514
Iteration: 506, relative residual: 0.0003836878736586134
Iteration: 507, relative residual: 0.0003836867485442874
Iteration: 508, relative residual: 0.00038368671717715403
Iteration: 509, relative residual: 0.00038368670734479027
Iteration: 510, relative residual: 0.00038368666457246075
Iteration: 511, relative residual: 0.00038368634526511625
Iteration: 512, relative residual: 0.0003836858303626725
Iteration: 513, relative residual: 0.00038368419749898675
Iteration: 514, relative residual: 0.0003836818824762752
Iteration: 515, relative residual: 0.0003836817236692355
Iteration: 516, relative residual: 0.00038367938100394134
Iteration: 517, relative residual: 0.00038367938043113765
Iteration: 518, relative residual: 0.00038367866968806865
Iteration: 519, relative residual: 0.0003836786562391787
Iteration: 520, relative residual: 0.0003836786228392421
Iteration: 521, relative residual: 0.00038367791913615604
Iteration: 522, relative residual: 0.000383677764775258
Iteration: 523, relative residual: 0.0003836767704038422
Iteration: 524, relative residual: 0.0003836767543811423
Iteration: 525, relative residual: 0.00038367483947610416
Iteration: 526, relative residual: 0.0003836713726708602
Iteration: 527, relative residual: 0.0003836671631610755
Iteration: 528, relative residual: 0.00038365026469360913
Iteration: 529, relative residual: 0.00038358753073278434
Iteration: 530, relative residual: 0.00038354479162047115
Iteration: 531, relative residual: 0.00038352444617157115
Iteration: 532, relative residual: 0.00038352438464703465
Iteration: 533, relative residual: 0.0003835159056481892
Iteration: 534, relative residual: 0.00038350072372686587
Iteration: 535, relative residual: 0.0003834889758102067
Iteration: 536, relative residual: 0.00038348798935689205
Iteration: 537, relative residual: 0.00038348798302425093
Iteration: 538, relative residual: 0.0003834874570071069
Iteration: 539, relative residual: 0.00038347921984009615
Iteration: 540, relative residual: 0.00038346045062214254
Iteration: 541, relative residual: 0.00038346042197001255
Iteration: 542, relative residual: 0.00038345991356930186
Iteration: 543, relative residual: 0.00038345955990682333
Iteration: 544, relative residual: 0.00038345569163004625
Iteration: 545, relative residual: 0.0003834556658524628
Iteration: 546, relative residual: 0.0003834548188044088
Iteration: 547, relative residual: 0.00038344803290205347
Iteration: 548, relative residual: 0.00038344468712715464
Iteration: 549, relative residual: 0.0003834443595886252
Iteration: 550, relative residual: 0.00038343281388298587
Iteration: 551, relative residual: 0.0003834260921788031
Iteration: 552, relative residual: 0.000383407534978124
Iteration: 553, relative residual: 0.00038340707751949413
Iteration: 554, relative residual: 0.00038340707309606587
Iteration: 555, relative residual: 0.000383406423750319
Iteration: 556, relative residual: 0.0003833921575115435
Iteration: 557, relative residual: 0.0003833920626146391
Iteration: 558, relative residual: 0.0003833600257622288
Iteration: 559, relative residual: 0.0003833162662390103
Iteration: 560, relative residual: 0.00038327060349998274
Iteration: 561, relative residual: 0.00038322991503407814
Iteration: 562, relative residual: 0.0003832293647806975
Iteration: 563, relative residual: 0.000383222043408271
Iteration: 564, relative residual: 0.0003831369752920805
Iteration: 565, relative residual: 0.00038302212224915834
Iteration: 566, relative residual: 0.00038296286109407813
Iteration: 567, relative residual: 0.000382950890072684
Iteration: 568, relative residual: 0.00038293534415687644
Iteration: 569, relative residual: 0.00038289202026697394
Iteration: 570, relative residual: 0.00038274211115122363
Iteration: 571, relative residual: 0.0003826533709407118
Iteration: 572, relative residual: 0.000382314028853631
Iteration: 573, relative residual: 0.00038209785941285205
Iteration: 574, relative residual: 0.00038201259808949166
Iteration: 575, relative residual: 0.0003819543496019247
Iteration: 576, relative residual: 0.00038186540876451643
Iteration: 577, relative residual: 0.00038168080157964843
Iteration: 578, relative residual: 0.00038146870242837863
Iteration: 579, relative residual: 0.0003811465424518815
Iteration: 580, relative residual: 0.00038086070389957747
Iteration: 581, relative residual: 0.0003805575991690902
Iteration: 582, relative residual: 0.0003804982920006779
Iteration: 583, relative residual: 0.00038041678810072266
Iteration: 584, relative residual: 0.0003802190512403806
Iteration: 585, relative residual: 0.00037983776201996514
Iteration: 586, relative residual: 0.0003794729006559243
Iteration: 587, relative residual: 0.0003790886517793124
Iteration: 588, relative residual: 0.00037901289507905105
Iteration: 589, relative residual: 0.0003790050381734645
Iteration: 590, relative residual: 0.00037896576981622253
Iteration: 591, relative residual: 0.0003785131864723967
Iteration: 592, relative residual: 0.00037831896410649293
Iteration: 593, relative residual: 0.00037819890169800966
Iteration: 594, relative residual: 0.00037819633324540883
Iteration: 595, relative residual: 0.0003780496521324569
Iteration: 596, relative residual: 0.00037791681038039105
Iteration: 597, relative residual: 0.00037740028779126647
Iteration: 598, relative residual: 0.00037670106337808724
Iteration: 599, relative residual: 0.00037662904957938066
Iteration: 600, relative residual: 0.00037662904957938066
Residual: 0.00037662904957938066. Restart...
Iteration: 601, relative residual: 0.00037656769018939686
Iteration: 602, relative residual: 0.00037656767457652687
Iteration: 603, relative residual: 0.00037656763350088154
Iteration: 604, relative residual: 0.00037656756681653545
Iteration: 605, relative residual: 0.0003765673052191892
Iteration: 606, relative residual: 0.00037656657240280153
Iteration: 607, relative residual: 0.00037656497951454426
Iteration: 608, relative residual: 0.00037656283664844973
Iteration: 609, relative residual: 0.0003765568115976155
Iteration: 610, relative residual: 0.0003765532134009469
Iteration: 611, relative residual: 0.00037654524137196093
Iteration: 612, relative residual: 0.0003765403452072698
Iteration: 613, relative residual: 0.0003765364380517092
Iteration: 614, relative residual: 0.00037653355138552477
Iteration: 615, relative residual: 0.00037653333085375403
Iteration: 616, relative residual: 0.0003765309450245409
Iteration: 617, relative residual: 0.00037652635708239313
Iteration: 618, relative residual: 0.00037651629984465396
Iteration: 619, relative residual: 0.0003765162939653957
Iteration: 620, relative residual: 0.0003765018481508997
Iteration: 621, relative residual: 0.0003764882905751476
Iteration: 622, relative residual: 0.0003764879016824473
Iteration: 623, relative residual: 0.00037648036329580457
Iteration: 624, relative residual: 0.00037644815696262886
Iteration: 625, relative residual: 0.00037638464216721367
Iteration: 626, relative residual: 0.0003762537258340955
Iteration: 627, relative residual: 0.00037609630954668735
Iteration: 628, relative residual: 0.00037596424500806164
Iteration: 629, relative residual: 0.0003758917441532622
Iteration: 630, relative residual: 0.00037586702807734286
Iteration: 631, relative residual: 0.0003756699040318967
Iteration: 632, relative residual: 0.0003752787476735325
Iteration: 633, relative residual: 0.00037518676072295334
Iteration: 634, relative residual: 0.00037517757951945746
Iteration: 635, relative residual: 0.0003751660447521818
Iteration: 636, relative residual: 0.00037502043485054885
Iteration: 637, relative residual: 0.00037487279641148206
Iteration: 638, relative residual: 0.00037479353732584804
Iteration: 639, relative residual: 0.000374783378437859
Iteration: 640, relative residual: 0.0003747826141404849
Iteration: 641, relative residual: 0.0003747377957054438
Iteration: 642, relative residual: 0.0003746379784341243
Iteration: 643, relative residual: 0.00037455210834462976
Iteration: 644, relative residual: 0.0003745202522719035
Iteration: 645, relative residual: 0.000374520250810453
Iteration: 646, relative residual: 0.00037444870443094363
Iteration: 647, relative residual: 0.00037433186153190695
Iteration: 648, relative residual: 0.0003739894741281632
Iteration: 649, relative residual: 0.00037373958440710305
Iteration: 650, relative residual: 0.0003736206203384304
Iteration: 651, relative residual: 0.00037358631160009737
Iteration: 652, relative residual: 0.000373551879688892
Iteration: 653, relative residual: 0.00037354750798262597
Iteration: 654, relative residual: 0.00037352522995354187
Iteration: 655, relative residual: 0.00037338308772656904
Iteration: 656, relative residual: 0.0003732823823207623
Iteration: 657, relative residual: 0.0003732793374009808
Iteration: 658, relative residual: 0.0003732717409876214
Iteration: 659, relative residual: 0.0003732125276809017
Iteration: 660, relative residual: 0.0003730651426445526
Iteration: 661, relative residual: 0.00037288678224973017
Iteration: 662, relative residual: 0.00037266893577933595
Iteration: 663, relative residual: 0.0003724637464276307
Iteration: 664, relative residual: 0.00037239173747347613
Iteration: 665, relative residual: 0.00037238864644148153
Iteration: 666, relative residual: 0.00037236772907338003
Iteration: 667, relative residual: 0.0003721583119025953
Iteration: 668, relative residual: 0.0003719287364034181
Iteration: 669, relative residual: 0.00037180755527992717
Iteration: 670, relative residual: 0.0003717281060970051
Iteration: 671, relative residual: 0.00037171259998657427
Iteration: 672, relative residual: 0.0003717041441489252
Iteration: 673, relative residual: 0.0003716784549124431
Iteration: 674, relative residual: 0.0003715235579734459
Iteration: 675, relative residual: 0.00037128753725621433
Iteration: 676, relative residual: 0.0003712102720236469
Iteration: 677, relative residual: 0.0003711632581712183
Iteration: 678, relative residual: 0.0003711603073271158
Iteration: 679, relative residual: 0.00037113840832400744
Iteration: 680, relative residual: 0.00037109205050884006
Iteration: 681, relative residual: 0.0003709354823310796
Iteration: 682, relative residual: 0.0003707382427468894
Iteration: 683, relative residual: 0.0003706729241221839
Iteration: 684, relative residual: 0.00037062511712299595
Iteration: 685, relative residual: 0.0003706246328774754
Iteration: 686, relative residual: 0.00037061661009593334
Iteration: 687, relative residual: 0.00037061531293155743
Iteration: 688, relative residual: 0.00037059006495649387
Iteration: 689, relative residual: 0.00037056828829520064
Iteration: 690, relative residual: 0.00037054185289999553
Iteration: 691, relative residual: 0.00037053791798132647
Iteration: 692, relative residual: 0.000370524294881046
Iteration: 693, relative residual: 0.0003704871368879721
Iteration: 694, relative residual: 0.0003704784911167724
Iteration: 695, relative residual: 0.0003704731571822929
Iteration: 696, relative residual: 0.00037047059763299357
Iteration: 697, relative residual: 0.0003704519838897862
Iteration: 698, relative residual: 0.0003704517278191055
Iteration: 699, relative residual: 0.0003704468988112411
Iteration: 700, relative residual: 0.0003704468988112411
Residual: 0.0003704468988112411. Restart...
Iteration: 701, relative residual: 0.0003704311587263553
Iteration: 702, relative residual: 0.0003704311586517103
Iteration: 703, relative residual: 0.000370431158263783
Iteration: 704, relative residual: 0.00037043115641465147
Iteration: 705, relative residual: 0.00037043115329458585
Iteration: 706, relative residual: 0.00037043115001960216
Iteration: 707, relative residual: 0.0003704311483010896
Iteration: 708, relative residual: 0.00037043114567576714
Iteration: 709, relative residual: 0.000370431114306642
Iteration: 710, relative residual: 0.00037043109988819467
Iteration: 711, relative residual: 0.00037043107927199175
Iteration: 712, relative residual: 0.00037043107900280213
Iteration: 713, relative residual: 0.0003704310578894415
Iteration: 714, relative residual: 0.0003704310078556392
Iteration: 715, relative residual: 0.00037043099637787375
Iteration: 716, relative residual: 0.0003704309911194164
Iteration: 717, relative residual: 0.0003704309838121767
Iteration: 718, relative residual: 0.0003704309808518816
Iteration: 719, relative residual: 0.0003704309799764124
Iteration: 720, relative residual: 0.00037043097386481387
Iteration: 721, relative residual: 0.0003704309552011412
Iteration: 722, relative residual: 0.000370430815499425
Iteration: 723, relative residual: 0.00037043056477256665
Iteration: 724, relative residual: 0.00037043056166589147
Iteration: 725, relative residual: 0.0003704304323948585
Iteration: 726, relative residual: 0.00037043017137534674
Iteration: 727, relative residual: 0.00037042995508430936
Iteration: 728, relative residual: 0.0003704298370319191
Iteration: 729, relative residual: 0.00037042949999953925
Iteration: 730, relative residual: 0.0003704294243725456
Iteration: 731, relative residual: 0.0003704288385302138
Iteration: 732, relative residual: 0.00037042803750040004
Iteration: 733, relative residual: 0.00037042789332478973
Iteration: 734, relative residual: 0.00037042788475797077
Iteration: 735, relative residual: 0.000370427698622409
Iteration: 736, relative residual: 0.0003704276590218035
Iteration: 737, relative residual: 0.00037042713652974676
Iteration: 738, relative residual: 0.00037042633233536895
Iteration: 739, relative residual: 0.0003704243761531638
Iteration: 740, relative residual: 0.0003704237557287511
Iteration: 741, relative residual: 0.00037042369150988347
Iteration: 742, relative residual: 0.00037042255316473735
Iteration: 743, relative residual: 0.0003704217888613316
Iteration: 744, relative residual: 0.00037042125293231134
Iteration: 745, relative residual: 0.0003704210772483634
Iteration: 746, relative residual: 0.00037042099105583304
Iteration: 747, relative residual: 0.0003704202946211061
Iteration: 748, relative residual: 0.0003704159644669032
Iteration: 749, relative residual: 0.00037040851678613084
Iteration: 750, relative residual: 0.0003703990697025917
Iteration: 751, relative residual: 0.00037039287872887324
Iteration: 752, relative residual: 0.0003703888444090432
Iteration: 753, relative residual: 0.00037038882427763625
Iteration: 754, relative residual: 0.00037038750553365516
Iteration: 755, relative residual: 0.00037038373126954053
Iteration: 756, relative residual: 0.0003703805925206473
Iteration: 757, relative residual: 0.00037037893610833655
Iteration: 758, relative residual: 0.0003703788335385629
Iteration: 759, relative residual: 0.00037037853759932897
Iteration: 760, relative residual: 0.0003703736616371366
Iteration: 761, relative residual: 0.0003703540488189565
Iteration: 762, relative residual: 0.000370302851276065
Iteration: 763, relative residual: 0.0003702731469467869
Iteration: 764, relative residual: 0.00037027186493857647
Iteration: 765, relative residual: 0.000370266877208588
Iteration: 766, relative residual: 0.00037024644386928217
Iteration: 767, relative residual: 0.00037018412496567395
Iteration: 768, relative residual: 0.0003700829157630882
Iteration: 769, relative residual: 0.00037000917424136003
Iteration: 770, relative residual: 0.00036994580997963593
Iteration: 771, relative residual: 0.0003699205953436467
Iteration: 772, relative residual: 0.00036991577687738877
Iteration: 773, relative residual: 0.00036990430948846795
Iteration: 774, relative residual: 0.0003698369451188019
Iteration: 775, relative residual: 0.0003697694669263827
Iteration: 776, relative residual: 0.0003697138838183642
Iteration: 777, relative residual: 0.0003696757611319249
Iteration: 778, relative residual: 0.00036965867560842357
Iteration: 779, relative residual: 0.00036965718537002013
Iteration: 780, relative residual: 0.00036965658241520916
Iteration: 781, relative residual: 0.0003696279522005332
Iteration: 782, relative residual: 0.0003695599745220759
Iteration: 783, relative residual: 0.00036942273171335766
Iteration: 784, relative residual: 0.00036934645165824395
Iteration: 785, relative residual: 0.00036930151847256706
Iteration: 786, relative residual: 0.000369298540708724
Iteration: 787, relative residual: 0.0003692939009462682
Iteration: 788, relative residual: 0.00036927883798860007
Iteration: 789, relative residual: 0.0003691903644546814
Iteration: 790, relative residual: 0.0003690695336659933
Iteration: 791, relative residual: 0.0003689534390098688
Iteration: 792, relative residual: 0.0003688638377326145
Iteration: 793, relative residual: 0.0003688622079345277
Iteration: 794, relative residual: 0.00036885900163470656
Iteration: 795, relative residual: 0.00036872736289403276
Iteration: 796, relative residual: 0.0003686113809131079
Iteration: 797, relative residual: 0.0003685744739331848
Iteration: 798, relative residual: 0.00036854121960553467
Iteration: 799, relative residual: 0.00036853852584503707
Iteration: 800, relative residual: 0.00036853852584503707
Residual: 0.00036853852584503707. Restart...
Iteration: 801, relative residual: 0.0003685305734893141
Iteration: 802, relative residual: 0.0003685305728076299
Iteration: 803, relative residual: 0.0003685305686187107
Iteration: 804, relative residual: 0.00036853054709578545
Iteration: 805, relative residual: 0.0003685305224487653
Iteration: 806, relative residual: 0.00036853050430639775
Iteration: 807, relative residual: 0.0003685305009031831
Iteration: 808, relative residual: 0.0003685304556941209
Iteration: 809, relative residual: 0.00036853011027996766
Iteration: 810, relative residual: 0.0003685298238478515
Iteration: 811, relative residual: 0.000368529297594427
Iteration: 812, relative residual: 0.00036852899633938303
Iteration: 813, relative residual: 0.00036852862298263756
Iteration: 814, relative residual: 0.0003685283496212217
Iteration: 815, relative residual: 0.00036852834685535576
Iteration: 816, relative residual: 0.0003685280080154076
Iteration: 817, relative residual: 0.0003685278222026921
Iteration: 818, relative residual: 0.0003685276820685142
Iteration: 819, relative residual: 0.0003685275409774112
Iteration: 820, relative residual: 0.0003685259313772637
Iteration: 821, relative residual: 0.00036852513829469587
Iteration: 822, relative residual: 0.000368524905418626
Iteration: 823, relative residual: 0.0003685243604949325
Iteration: 824, relative residual: 0.00036852263358300917
Iteration: 825, relative residual: 0.000368519876565299
Iteration: 826, relative residual: 0.00036851115834483277
Iteration: 827, relative residual: 0.00036849507451858254
Iteration: 828, relative residual: 0.0003684822594665601
Iteration: 829, relative residual: 0.0003684804475481721
Iteration: 830, relative residual: 0.00036847254691870147
Iteration: 831, relative residual: 0.00036843482851383946
Iteration: 832, relative residual: 0.00036832432630855175
Iteration: 833, relative residual: 0.0003682722983098828
Iteration: 834, relative residual: 0.00036825704976242447
Iteration: 835, relative residual: 0.00036825622566368665
Iteration: 836, relative residual: 0.00036823397992110816
Iteration: 837, relative residual: 0.000368199960728839
Iteration: 838, relative residual: 0.00036813276687162595
Iteration: 839, relative residual: 0.00036809829003422713
Iteration: 840, relative residual: 0.00036807918180626785
Iteration: 841, relative residual: 0.0003680782383157327
Iteration: 842, relative residual: 0.00036806863093094387
Iteration: 843, relative residual: 0.00036805326572748924
Iteration: 844, relative residual: 0.00036801840196669627
Iteration: 845, relative residual: 0.0003680004725585445
Iteration: 846, relative residual: 0.00036799354701094863
Iteration: 847, relative residual: 0.0003679933121828968
Iteration: 848, relative residual: 0.0003679864379466115
Iteration: 849, relative residual: 0.000367965944470362
Iteration: 850, relative residual: 0.00036794248619804565
Iteration: 851, relative residual: 0.000367907980066421
Iteration: 852, relative residual: 0.0003678324830390244
Iteration: 853, relative residual: 0.00036777589302927036
Iteration: 854, relative residual: 0.00036771465705365513
Iteration: 855, relative residual: 0.0003677085440136619
Iteration: 856, relative residual: 0.000367707833535891
Iteration: 857, relative residual: 0.0003676742421375112
Iteration: 858, relative residual: 0.0003676092228537476
Iteration: 859, relative residual: 0.0003674571830222189
Iteration: 860, relative residual: 0.0003674111292088085
Iteration: 861, relative residual: 0.00036741097161603387
Iteration: 862, relative residual: 0.00036733846974849296
Iteration: 863, relative residual: 0.00036722860299364085
Iteration: 864, relative residual: 0.0003671590664490227
Iteration: 865, relative residual: 0.0003671450591341358
Iteration: 866, relative residual: 0.0003671327574645225
Iteration: 867, relative residual: 0.00036703214494084735
Iteration: 868, relative residual: 0.0003669405189555381
Iteration: 869, relative residual: 0.0003668708711512571
Iteration: 870, relative residual: 0.00036681877296576115
Iteration: 871, relative residual: 0.0003668065999799471
Iteration: 872, relative residual: 0.0003668061426930166
Iteration: 873, relative residual: 0.0003667997641956543
Iteration: 874, relative residual: 0.0003667424416351558
Iteration: 875, relative residual: 0.00036665081153298415
Iteration: 876, relative residual: 0.0003665492956800534
Iteration: 877, relative residual: 0.00036643252220243253
Iteration: 878, relative residual: 0.00036632577680299647
Iteration: 879, relative residual: 0.00036627757133942795
Iteration: 880, relative residual: 0.00036626359779067197
Iteration: 881, relative residual: 0.00036626359214556335
Iteration: 882, relative residual: 0.0003662605378053629
Iteration: 883, relative residual: 0.000366245954609191
Iteration: 884, relative residual: 0.0003662256136679626
Iteration: 885, relative residual: 0.0003662049872001443
Iteration: 886, relative residual: 0.0003661815103141613
Iteration: 887, relative residual: 0.000366163992537082
Iteration: 888, relative residual: 0.00036615943614836397
Iteration: 889, relative residual: 0.0003661594329027892
Iteration: 890, relative residual: 0.0003661313878051594
Iteration: 891, relative residual: 0.00036607792117625336
Iteration: 892, relative residual: 0.0003660384929567963
Iteration: 893, relative residual: 0.00036596296227267116
Iteration: 894, relative residual: 0.0003658265670087836
Iteration: 895, relative residual: 0.0003657790589124008
Iteration: 896, relative residual: 0.00036576503635084756
Iteration: 897, relative residual: 0.0003657648760939828
Iteration: 898, relative residual: 0.00036571844068062205
Iteration: 899, relative residual: 0.000365601316226446
Iteration: 900, relative residual: 0.000365601316226446
Residual: 0.000365601316226446. Restart...
Iteration: 901, relative residual: 0.0003653986564706387
Iteration: 902, relative residual: 0.0003653985345715364
Iteration: 903, relative residual: 0.00036539836934060125
Iteration: 904, relative residual: 0.00036539707293244876
Iteration: 905, relative residual: 0.0003653949479850679
Iteration: 906, relative residual: 0.00036539076426486867
Iteration: 907, relative residual: 0.0003653842235175955
Iteration: 908, relative residual: 0.00036538287795247475
Iteration: 909, relative residual: 0.0003653828649428291
Iteration: 910, relative residual: 0.00036538274324973165
Iteration: 911, relative residual: 0.00036538096841764073
Iteration: 912, relative residual: 0.0003653776081765596
Iteration: 913, relative residual: 0.00036537209680180825
Iteration: 914, relative residual: 0.0003653713684877793
Iteration: 915, relative residual: 0.00036536891689804027
Iteration: 916, relative residual: 0.00036536205929671347
Iteration: 917, relative residual: 0.0003653619650147137
Iteration: 918, relative residual: 0.0003653614882395539
Iteration: 919, relative residual: 0.0003653596542049514
Iteration: 920, relative residual: 0.00036535797386797017
Iteration: 921, relative residual: 0.0003653575321557768
Iteration: 922, relative residual: 0.000365356011494328
Iteration: 923, relative residual: 0.00036535596197194827
Iteration: 924, relative residual: 0.0003653544867190494
Iteration: 925, relative residual: 0.00036535410217725204
Iteration: 926, relative residual: 0.00036535292822358187
Iteration: 927, relative residual: 0.0003653521230421126
Iteration: 928, relative residual: 0.0003653519971197887
Iteration: 929, relative residual: 0.0003653518877691791
Iteration: 930, relative residual: 0.0003653477437741768
Iteration: 931, relative residual: 0.00036534083531659657
Iteration: 932, relative residual: 0.0003653112123363858
Iteration: 933, relative residual: 0.00036528156976536153
Iteration: 934, relative residual: 0.0003652766171826052
Iteration: 935, relative residual: 0.00036527524504144024
Iteration: 936, relative residual: 0.00036526508973458845
Iteration: 937, relative residual: 0.0003652392914715249
Iteration: 938, relative residual: 0.00036522541143669185
Iteration: 939, relative residual: 0.0003652157535525252
Iteration: 940, relative residual: 0.00036521563662654896
Iteration: 941, relative residual: 0.00036520835774492803
Iteration: 942, relative residual: 0.00036520330516469937
Iteration: 943, relative residual: 0.00036520306909833603
Iteration: 944, relative residual: 0.0003652023800681205
Iteration: 945, relative residual: 0.0003651983014634484
Iteration: 946, relative residual: 0.00036519168632753247
Iteration: 947, relative residual: 0.000365191617666266
Iteration: 948, relative residual: 0.0003651818315117654
Iteration: 949, relative residual: 0.0003651354179975905
Iteration: 950, relative residual: 0.00036508094087217254
Iteration: 951, relative residual: 0.00036504294127893294
Iteration: 952, relative residual: 0.0003650306654794222
Iteration: 953, relative residual: 0.0003650255293710552
Iteration: 954, relative residual: 0.00036502526518714416
Iteration: 955, relative residual: 0.0003650177302060834
Iteration: 956, relative residual: 0.00036501032452614904
Iteration: 957, relative residual: 0.00036499099529217863
Iteration: 958, relative residual: 0.00036497920393832194
Iteration: 959, relative residual: 0.0003649758323895476
Iteration: 960, relative residual: 0.0003649742711079266
Iteration: 961, relative residual: 0.0003648495622997229
Iteration: 962, relative residual: 0.0003647213059122207
Iteration: 963, relative residual: 0.0003646230153381628
Iteration: 964, relative residual: 0.0003646230152702135
Iteration: 965, relative residual: 0.0003645787048493292
Iteration: 966, relative residual: 0.0003645585306750536
Iteration: 967, relative residual: 0.000364554633920373
Iteration: 968, relative residual: 0.00036448336124866485
Iteration: 969, relative residual: 0.00036441082619144074
Iteration: 970, relative residual: 0.0003643293479962883
Iteration: 971, relative residual: 0.00036432768663712174
Iteration: 972, relative residual: 0.0003642795501620548
Iteration: 973, relative residual: 0.0003641399540127279
Iteration: 974, relative residual: 0.0003638873097571547
Iteration: 975, relative residual: 0.00036372889314783164
Iteration: 976, relative residual: 0.0003637065035531479
Iteration: 977, relative residual: 0.0003637018998366434
Iteration: 978, relative residual: 0.00036369312714989484
Iteration: 979, relative residual: 0.00036368362946390104
Iteration: 980, relative residual: 0.00036367265379352507
Iteration: 981, relative residual: 0.00036366466047951004
Iteration: 982, relative residual: 0.00036362417000943866
Iteration: 983, relative residual: 0.0003636015885961842
Iteration: 984, relative residual: 0.0003635850098881046
Iteration: 985, relative residual: 0.00036354080485811736
Iteration: 986, relative residual: 0.00036351885619792507
Iteration: 987, relative residual: 0.0003634967747034602
Iteration: 988, relative residual: 0.0003634958827780371
Iteration: 989, relative residual: 0.0003634402154394789
Iteration: 990, relative residual: 0.00036342941965573824
Iteration: 991, relative residual: 0.0003633865006434022
Iteration: 992, relative residual: 0.000363293733389125
Iteration: 993, relative residual: 0.000363231692687757
Iteration: 994, relative residual: 0.00036323139406428727
Iteration: 995, relative residual: 0.0003631735015619414
Iteration: 996, relative residual: 0.00036303553731583164
Iteration: 997, relative residual: 0.00036296766385565237
Iteration: 998, relative residual: 0.0003629313050069263
Iteration: 999, relative residual: 0.00036293121766002253
Iteration: 1000, relative residual: 0.00036293121766002253
Residual: 0.00036293121766002253. Restart...
Warning!!!!You have reached the maximum number of iterations : 1000.
The run will stop. Check the residual behaviour you might have a bug.For future runs you might consider changing the tolerance or increasing the number of max_iter.
Solve time        : 4864.9167585372925s

Calculate Solvation Energy (E_solv)
Calculating solvation energy for region 1, stored in E_solv[0]
6255.095131263038 of 529042 analytical integrals for phi_reac calculation in region 1
Time E_solv: 4.486574411392212s
Region 1: E_solv = -6599.0573516720015 kcal/mol = -27610.455959395655 kJ/mol

Calculate Surface Energy (E_surf)
Time E_surf: 0.020583152770996094s

Calculate Coulomb Energy (E_coul)
Calculate Coulomb energy for region 1
Region 1: E_coul = -242865.38920275407 kcal/mol = -1016148.7884243231 kJ/mol
Time E_coul: 23.72863245010376s

------------------------------
Totals:
E_solv = -6599.0573516720015 kcal/mol
E_surf = 0 kcal/mol
E_coul = -242865.38920275407 kcal/mol

Time = 4963.916298866272 s
