Run started on:
	Date: 2020/5/23
	Time: 17:54:9
	PyGBe version: 0.3.2+5.gea0f875
Config file: /cobra/u/gvargas/code/hPB/pygbe/pygbe/myCrownFinShots/sarsCov2/snap4/snap4.config
Parameter file: /cobra/u/gvargas/code/hPB/pygbe/pygbe/myCrownFinShots/sarsCov2/snap4/snap4.param
Geometry folder: /cobra/u/gvargas/code/hPB/pygbe/pygbe/myCrownFinShots/sarsCov2/snap4/geometry
Running in: /cobra/u/gvargas/code/hPB/pygbe/pygbe/myCrownFinShots/sarsCov2/snap4

Reading surface 0 from file geometry/crownVF
Time load mesh: 10.772495746612549
Removed areas=0: 288

Total elements : 636089
Total equations: 1272178
----------------------------

1 surfaces:

Surface 0:
	636089 elements
	Surface type         : dielectric_interface
	Cells                : 4065
	Twigs                : 3455
	Levels               : 7
	C0 size              : 123.20369215963416
	C0 box center        : 143.95533920724935, 139.8888485929904, 100.59386940978385
	Twig cell size       : 1.9250576899942837
	Rbox/theta           : 3.8501153799885675
	Analytic distance    : 1.3019743009406828
	Elem. per Ang^2      : 4.137772419627911
	Max, min, avg elem.  : 2.772193347528782, 4.999999999976695e-07, 0.24167593056988979
	Total area           : 153727.40100027062
------------------------------

2 regions:

Region 0:
	Laplace or Yukawa: 2
	kappa            : 0.125
	dielectric const : 80.0
	Number of charges: 0
	Parent surface   : []
	Child surfaces   : [0]
Region 1:
	Laplace or Yukawa: 1
	kappa            : 1e-12
	dielectric const : 4.0
	Number of charges: 61386
	Parent surface   : [0]
	Child surfaces   : []
------------------------------

Parameters:
	Data type               : <class 'numpy.float64'>
	Use GPU                 : 1
	P                       : 4
	threshold               : 0.50
	theta                   : 0.50
	NCRIT                   : 500
	CUDA block size         : 128
	Gauss points per element: 1
	Gauss points near singlr: 25
	1D Gauss points per side: 9
	GMRES tolerance         : 1e-05
	GMRES max iterations    : 1000
	GMRES restart iteration : 100
----------------------------

Generate interaction list
Transfer data to GPU
Generate RHS
List time          : 3.798393964767456s
Data transfer time : 0.4722163677215576s
RHS generation time: 9.12531042098999s
------------------------------
Total setup time   : 88.96039962768555s
Solve
Iteration: 1, relative residual: 0.3508376801523832
Iteration: 2, relative residual: 0.2716005317627501
Iteration: 3, relative residual: 0.23371972424248927
Iteration: 4, relative residual: 0.17245218622136038
Iteration: 5, relative residual: 0.1484110207467748
Iteration: 6, relative residual: 0.14477521465073231
Iteration: 7, relative residual: 0.10880956863286834
Iteration: 8, relative residual: 0.0918898133280433
Iteration: 9, relative residual: 0.07503258366632087
Iteration: 10, relative residual: 0.0711761377545973
Iteration: 11, relative residual: 0.07113858517918709
Iteration: 12, relative residual: 0.059692485622591794
Iteration: 13, relative residual: 0.05335343479353616
Iteration: 14, relative residual: 0.04548745670209478
Iteration: 15, relative residual: 0.04421856046934811
Iteration: 16, relative residual: 0.03546043659236322
Iteration: 17, relative residual: 0.02694309703452063
Iteration: 18, relative residual: 0.02254238481593077
Iteration: 19, relative residual: 0.019196706335291004
Iteration: 20, relative residual: 0.016245909036642688
Iteration: 21, relative residual: 0.015225085746066118
Iteration: 22, relative residual: 0.014983926043687305
Iteration: 23, relative residual: 0.01362917386835505
Iteration: 24, relative residual: 0.011889291876447388
Iteration: 25, relative residual: 0.01004633491357971
Iteration: 26, relative residual: 0.009585768354120996
Iteration: 27, relative residual: 0.009582602415791269
Iteration: 28, relative residual: 0.009148955721125509
Iteration: 29, relative residual: 0.008234475569010987
Iteration: 30, relative residual: 0.007715482328989665
Iteration: 31, relative residual: 0.007229727166789354
Iteration: 32, relative residual: 0.00675861373942323
Iteration: 33, relative residual: 0.006272276312618757
Iteration: 34, relative residual: 0.0061960157482400195
Iteration: 35, relative residual: 0.005698188750842575
Iteration: 36, relative residual: 0.005104730294852032
Iteration: 37, relative residual: 0.0045855765733455395
Iteration: 38, relative residual: 0.00405508860305121
Iteration: 39, relative residual: 0.003918343724397486
Iteration: 40, relative residual: 0.003541290840794224
Iteration: 41, relative residual: 0.0031539635785771034
Iteration: 42, relative residual: 0.0029431229789940528
Iteration: 43, relative residual: 0.002761511633791301
Iteration: 44, relative residual: 0.0027614410439385016
Iteration: 45, relative residual: 0.002694999960089586
Iteration: 46, relative residual: 0.0025483776136180896
Iteration: 47, relative residual: 0.0024516836713766505
Iteration: 48, relative residual: 0.0023014729244040183
Iteration: 49, relative residual: 0.0022798331696627927
Iteration: 50, relative residual: 0.0022643967767269173
Iteration: 51, relative residual: 0.002214694415898062
Iteration: 52, relative residual: 0.002107196632863485
Iteration: 53, relative residual: 0.0020356557942742895
Iteration: 54, relative residual: 0.0020003881670412824
Iteration: 55, relative residual: 0.001999630004005719
Iteration: 56, relative residual: 0.001893133483920984
Iteration: 57, relative residual: 0.001724190000689076
Iteration: 58, relative residual: 0.0016577444719304167
Iteration: 59, relative residual: 0.0016351387426616
Iteration: 60, relative residual: 0.0016350516818214155
Iteration: 61, relative residual: 0.0016108484427206917
Iteration: 62, relative residual: 0.0015768798597465409
Iteration: 63, relative residual: 0.0014945324025622288
Iteration: 64, relative residual: 0.0014438497979551341
Iteration: 65, relative residual: 0.0014434478084458765
Iteration: 66, relative residual: 0.0014354844821892587
Iteration: 67, relative residual: 0.0014233869415655944
Iteration: 68, relative residual: 0.0013878131837799514
Iteration: 69, relative residual: 0.0013577726108813947
Iteration: 70, relative residual: 0.0013451811726892659
Iteration: 71, relative residual: 0.001333962073385825
Iteration: 72, relative residual: 0.0013339300409153088
Iteration: 73, relative residual: 0.0012909785119668905
Iteration: 74, relative residual: 0.0012783969635585773
Iteration: 75, relative residual: 0.0012685417283983802
Iteration: 76, relative residual: 0.0012682771553422735
Iteration: 77, relative residual: 0.0012676467079557419
Iteration: 78, relative residual: 0.0012674670309204337
Iteration: 79, relative residual: 0.001258295752469274
Iteration: 80, relative residual: 0.0012557646258689673
Iteration: 81, relative residual: 0.0012493347138079543
Iteration: 82, relative residual: 0.0012475526638911687
Iteration: 83, relative residual: 0.001242359364430091
Iteration: 84, relative residual: 0.001242172283404221
Iteration: 85, relative residual: 0.0012213183571224784
Iteration: 86, relative residual: 0.0011911938743081358
Iteration: 87, relative residual: 0.0011660869862998911
Iteration: 88, relative residual: 0.0011227904668741652
Iteration: 89, relative residual: 0.0011019197183277966
Iteration: 90, relative residual: 0.0010832870352822806
Iteration: 91, relative residual: 0.0010696664446180418
Iteration: 92, relative residual: 0.0010658673212094562
Iteration: 93, relative residual: 0.0010640030375919376
Iteration: 94, relative residual: 0.0010509353275297499
Iteration: 95, relative residual: 0.0010320805559454406
Iteration: 96, relative residual: 0.0009979516453072327
Iteration: 97, relative residual: 0.0009769269453578737
Iteration: 98, relative residual: 0.0009437354001186834
Iteration: 99, relative residual: 0.0009396847485893193
Iteration: 100, relative residual: 0.0009396847485893193
Residual: 0.0009396847485893193. Restart...
Iteration: 101, relative residual: 0.0009392118416617029
Iteration: 102, relative residual: 0.0009392117859023155
Iteration: 103, relative residual: 0.0009392117232889599
Iteration: 104, relative residual: 0.0009392109276640541
Iteration: 105, relative residual: 0.0009392109274056966
Iteration: 106, relative residual: 0.0009392104285889692
Iteration: 107, relative residual: 0.0009392104277390999
Iteration: 108, relative residual: 0.0009392077034447807
Iteration: 109, relative residual: 0.0009392065440832118
Iteration: 110, relative residual: 0.000939206464764118
Iteration: 111, relative residual: 0.0009391986966663682
Iteration: 112, relative residual: 0.0009390779162442369
Iteration: 113, relative residual: 0.0009388649263677226
Iteration: 114, relative residual: 0.0009376856419743074
Iteration: 115, relative residual: 0.0009363783905388437
Iteration: 116, relative residual: 0.0009357767851966563
Iteration: 117, relative residual: 0.0009357764270228845
Iteration: 118, relative residual: 0.0009353249364770979
Iteration: 119, relative residual: 0.0009348857306862811
Iteration: 120, relative residual: 0.0009346233157368201
Iteration: 121, relative residual: 0.0009338037884962404
Iteration: 122, relative residual: 0.0009323887283046567
Iteration: 123, relative residual: 0.0009314874856303297
Iteration: 124, relative residual: 0.0009303761598555269
Iteration: 125, relative residual: 0.0009297349150050268
Iteration: 126, relative residual: 0.0009291557712722459
Iteration: 127, relative residual: 0.0009290811984549973
Iteration: 128, relative residual: 0.0009289994568251007
Iteration: 129, relative residual: 0.0009285213104934998
Iteration: 130, relative residual: 0.000927545587963326
Iteration: 131, relative residual: 0.0009265354138009083
Iteration: 132, relative residual: 0.0009262692040620029
Iteration: 133, relative residual: 0.0009262209302750577
Iteration: 134, relative residual: 0.0009248044625359851
Iteration: 135, relative residual: 0.000922082069863029
Iteration: 136, relative residual: 0.0009200087235395061
Iteration: 137, relative residual: 0.0009153825690050954
Iteration: 138, relative residual: 0.000913500376752448
Iteration: 139, relative residual: 0.0009134983239348256
Iteration: 140, relative residual: 0.0009127199407753533
Iteration: 141, relative residual: 0.0009093363062026796
Iteration: 142, relative residual: 0.0009085234033355965
Iteration: 143, relative residual: 0.0009083883163880128
Iteration: 144, relative residual: 0.0009074596270270702
Iteration: 145, relative residual: 0.0009046212263982225
Iteration: 146, relative residual: 0.0009023461903922335
Iteration: 147, relative residual: 0.0009007008161213936
Iteration: 148, relative residual: 0.0009006044083349994
Iteration: 149, relative residual: 0.0009005214478746888
Iteration: 150, relative residual: 0.0008998610131665252
Iteration: 151, relative residual: 0.0008981889184564991
Iteration: 152, relative residual: 0.0008959419360778324
Iteration: 153, relative residual: 0.0008959401235230745
Iteration: 154, relative residual: 0.0008952701381250167
Iteration: 155, relative residual: 0.0008944722524494925
Iteration: 156, relative residual: 0.0008929747706794609
Iteration: 157, relative residual: 0.0008892119785311726
Iteration: 158, relative residual: 0.0008889579297929727
Iteration: 159, relative residual: 0.0008887093829329007
Iteration: 160, relative residual: 0.0008885436289914161
Iteration: 161, relative residual: 0.0008880339433341596
Iteration: 162, relative residual: 0.0008874774382895457
Iteration: 163, relative residual: 0.000887205346747324
Iteration: 164, relative residual: 0.0008866503626068338
Iteration: 165, relative residual: 0.0008865579734242709
Iteration: 166, relative residual: 0.0008841379824719133
Iteration: 167, relative residual: 0.0008834257893456285
Iteration: 168, relative residual: 0.0008812355958720112
Iteration: 169, relative residual: 0.0008806586364119019
Iteration: 170, relative residual: 0.0008803261833553773
Iteration: 171, relative residual: 0.0008788998513152166
Iteration: 172, relative residual: 0.0008755076149146807
Iteration: 173, relative residual: 0.0008715771758852704
Iteration: 174, relative residual: 0.0008711714698129209
Iteration: 175, relative residual: 0.0008711583807684723
Iteration: 176, relative residual: 0.000870961081044409
Iteration: 177, relative residual: 0.0008707075144108172
Iteration: 178, relative residual: 0.000867896906388199
Iteration: 179, relative residual: 0.0008636985429669505
Iteration: 180, relative residual: 0.0008596053567840275
Iteration: 181, relative residual: 0.0008596043694084367
Iteration: 182, relative residual: 0.0008585729502221855
Iteration: 183, relative residual: 0.000858572207537907
Iteration: 184, relative residual: 0.0008540138664956908
Iteration: 185, relative residual: 0.0008476648244142341
Iteration: 186, relative residual: 0.0008415938055562661
Iteration: 187, relative residual: 0.000839323336582774
Iteration: 188, relative residual: 0.0008346814140782557
Iteration: 189, relative residual: 0.0008309669886034932
Iteration: 190, relative residual: 0.0008241533182605619
Iteration: 191, relative residual: 0.0008174417567020705
Iteration: 192, relative residual: 0.0008073761310403603
Iteration: 193, relative residual: 0.0007988843460316127
Iteration: 194, relative residual: 0.0007985824869878698
Iteration: 195, relative residual: 0.0007985262959901466
Iteration: 196, relative residual: 0.0007985088675970529
Iteration: 197, relative residual: 0.0007946378965719174
Iteration: 198, relative residual: 0.0007899614404598423
Iteration: 199, relative residual: 0.0007890547961605337
Iteration: 200, relative residual: 0.0007890547961605337
Residual: 0.0007890547961605337. Restart...
Iteration: 201, relative residual: 0.000788462655957583
Iteration: 202, relative residual: 0.0007884626558369552
Iteration: 203, relative residual: 0.0007884626473597067
Iteration: 204, relative residual: 0.0007884625935854198
Iteration: 205, relative residual: 0.000788462483840636
Iteration: 206, relative residual: 0.0007884624812700386
Iteration: 207, relative residual: 0.0007884624259487674
Iteration: 208, relative residual: 0.0007884623880666641
Iteration: 209, relative residual: 0.0007884623336775726
Iteration: 210, relative residual: 0.0007884615226028991
Iteration: 211, relative residual: 0.0007884587133538011
Iteration: 212, relative residual: 0.000788450572187608
Iteration: 213, relative residual: 0.0007884326878307553
Iteration: 214, relative residual: 0.0007883465868153084
Iteration: 215, relative residual: 0.0007882750474090835
Iteration: 216, relative residual: 0.0007881104320816478
Iteration: 217, relative residual: 0.000788068833508218
Iteration: 218, relative residual: 0.0007880539890330426
Iteration: 219, relative residual: 0.0007879907971559724
Iteration: 220, relative residual: 0.0007879810606865867
Iteration: 221, relative residual: 0.0007878637657576044
Iteration: 222, relative residual: 0.0007874265331174906
Iteration: 223, relative residual: 0.000786492782974516
Iteration: 224, relative residual: 0.000785715085803863
Iteration: 225, relative residual: 0.0007850018446674367
Iteration: 226, relative residual: 0.0007845538508388523
Iteration: 227, relative residual: 0.0007845155255660494
Iteration: 228, relative residual: 0.0007844982193194236
Iteration: 229, relative residual: 0.000784494998968669
Iteration: 230, relative residual: 0.0007839213606854708
Iteration: 231, relative residual: 0.0007833253789477278
Iteration: 232, relative residual: 0.0007831641458365254
Iteration: 233, relative residual: 0.0007831543845006308
Iteration: 234, relative residual: 0.0007823372380197207
Iteration: 235, relative residual: 0.0007808971743971171
Iteration: 236, relative residual: 0.0007798938578938891
Iteration: 237, relative residual: 0.0007797438216615792
Iteration: 238, relative residual: 0.0007797367736580108
Iteration: 239, relative residual: 0.0007793831499528319
Iteration: 240, relative residual: 0.0007781234816072911
Iteration: 241, relative residual: 0.0007763701966936609
Iteration: 242, relative residual: 0.000776308730338536
Iteration: 243, relative residual: 0.000776044397047536
Iteration: 244, relative residual: 0.0007741888754772993
Iteration: 245, relative residual: 0.0007717536593660766
Iteration: 246, relative residual: 0.0007712551164359888
Iteration: 247, relative residual: 0.0007712510605380367
Iteration: 248, relative residual: 0.0007696131617862106
Iteration: 249, relative residual: 0.0007664924516858041
Iteration: 250, relative residual: 0.0007633273554205452
Iteration: 251, relative residual: 0.0007609677663420518
Iteration: 252, relative residual: 0.0007563868614890238
Iteration: 253, relative residual: 0.000755102504283093
Iteration: 254, relative residual: 0.0007545946815357329
Iteration: 255, relative residual: 0.0007544809263537208
Iteration: 256, relative residual: 0.0007528786801579687
Iteration: 257, relative residual: 0.0007513330386319703
Iteration: 258, relative residual: 0.0007504255728100122
Iteration: 259, relative residual: 0.0007504250718432987
Iteration: 260, relative residual: 0.0007500763849212672
Iteration: 261, relative residual: 0.0007480530182975222
Iteration: 262, relative residual: 0.0007459214823344982
Iteration: 263, relative residual: 0.0007454964182682643
Iteration: 264, relative residual: 0.000742875000957977
Iteration: 265, relative residual: 0.0007428294251078237
Iteration: 266, relative residual: 0.0007425348082698135
Iteration: 267, relative residual: 0.0007421181409978483
Iteration: 268, relative residual: 0.0007406619188667144
Iteration: 269, relative residual: 0.0007401189272807129
Iteration: 270, relative residual: 0.0007399383724893469
Iteration: 271, relative residual: 0.0007399383643796816
Iteration: 272, relative residual: 0.0007394491582736093
Iteration: 273, relative residual: 0.0007379321216811334
Iteration: 274, relative residual: 0.0007370564403436841
Iteration: 275, relative residual: 0.0007366917420852291
Iteration: 276, relative residual: 0.0007350797785324779
Iteration: 277, relative residual: 0.0007335577976331309
Iteration: 278, relative residual: 0.0007286447592737947
Iteration: 279, relative residual: 0.000726780336065348
Iteration: 280, relative residual: 0.0007243051159276491
Iteration: 281, relative residual: 0.0007235999560805647
Iteration: 282, relative residual: 0.0007234457596378451
Iteration: 283, relative residual: 0.0007214202899626157
Iteration: 284, relative residual: 0.0007189573409980658
Iteration: 285, relative residual: 0.0007134155635434075
Iteration: 286, relative residual: 0.0007099812019405246
Iteration: 287, relative residual: 0.0007093702260637795
Iteration: 288, relative residual: 0.0007089540524298935
Iteration: 289, relative residual: 0.0007066673812881035
Iteration: 290, relative residual: 0.0007004103318477195
Iteration: 291, relative residual: 0.0006894684217859219
Iteration: 292, relative residual: 0.000681446018578036
Iteration: 293, relative residual: 0.0006799255844047451
Iteration: 294, relative residual: 0.0006798618907425233
Iteration: 295, relative residual: 0.000676400046132708
Iteration: 296, relative residual: 0.0006685946845238644
Iteration: 297, relative residual: 0.0006648224300777565
Iteration: 298, relative residual: 0.0006615126180980783
Iteration: 299, relative residual: 0.000660554790685125
Iteration: 300, relative residual: 0.000660554790685125
Residual: 0.000660554790685125. Restart...
Iteration: 301, relative residual: 0.000658369965583057
Iteration: 302, relative residual: 0.0006583699349211236
Iteration: 303, relative residual: 0.0006583690716208406
Iteration: 304, relative residual: 0.0006583690279556693
Iteration: 305, relative residual: 0.0006583680159703341
Iteration: 306, relative residual: 0.0006583676006591718
Iteration: 307, relative residual: 0.0006583642506012937
Iteration: 308, relative residual: 0.0006583437886988401
Iteration: 309, relative residual: 0.0006583081240438673
Iteration: 310, relative residual: 0.0006582137335282953
Iteration: 311, relative residual: 0.0006581172239254251
Iteration: 312, relative residual: 0.000658046067052856
Iteration: 313, relative residual: 0.0006580448633645604
Iteration: 314, relative residual: 0.0006579788311248856
Iteration: 315, relative residual: 0.0006577120667611083
Iteration: 316, relative residual: 0.000657476826180766
Iteration: 317, relative residual: 0.0006574349289196271
Iteration: 318, relative residual: 0.0006574150683463359
Iteration: 319, relative residual: 0.0006573227613134168
Iteration: 320, relative residual: 0.0006573114564662107
Iteration: 321, relative residual: 0.0006564362001193251
Iteration: 322, relative residual: 0.0006546019490823755
Iteration: 323, relative residual: 0.0006534541852869619
Iteration: 324, relative residual: 0.0006525304151150741
Iteration: 325, relative residual: 0.0006515140871100989
Iteration: 326, relative residual: 0.0006512799119434861
Iteration: 327, relative residual: 0.0006512303280372237
Iteration: 328, relative residual: 0.0006509876861702112
Iteration: 329, relative residual: 0.0006496438115825475
Iteration: 330, relative residual: 0.0006483568004667012
Iteration: 331, relative residual: 0.0006478194537392337
Iteration: 332, relative residual: 0.0006478098479227255
Iteration: 333, relative residual: 0.0006468105172118471
Iteration: 334, relative residual: 0.0006432265587886284
Iteration: 335, relative residual: 0.0006406258740403858
Iteration: 336, relative residual: 0.0006395081557505595
Iteration: 337, relative residual: 0.0006384229270543956
Iteration: 338, relative residual: 0.0006384133251740752
Iteration: 339, relative residual: 0.0006376282590780815
Iteration: 340, relative residual: 0.0006356971742355505
Iteration: 341, relative residual: 0.0006329362606465846
Iteration: 342, relative residual: 0.0006329362284500175
Iteration: 343, relative residual: 0.0006324252209730887
Iteration: 344, relative residual: 0.0006293063643241091
Iteration: 345, relative residual: 0.0006276108748926163
Iteration: 346, relative residual: 0.0006271080950394492
Iteration: 347, relative residual: 0.0006270495532128085
Iteration: 348, relative residual: 0.0006268508969720256
Iteration: 349, relative residual: 0.0006260811200796817
Iteration: 350, relative residual: 0.0006252877821380172
Iteration: 351, relative residual: 0.0006246556904244098
Iteration: 352, relative residual: 0.0006244121405946657
Iteration: 353, relative residual: 0.0006243417460127115
Iteration: 354, relative residual: 0.0006241077152177907
Iteration: 355, relative residual: 0.0006221057970978734
Iteration: 356, relative residual: 0.0006201663463642966
Iteration: 357, relative residual: 0.0006199487002536673
Iteration: 358, relative residual: 0.000619013959410774
Iteration: 359, relative residual: 0.0006190135822768708
Iteration: 360, relative residual: 0.0006182710421224025
Iteration: 361, relative residual: 0.0006150486823860319
Iteration: 362, relative residual: 0.0006132903975806334
Iteration: 363, relative residual: 0.0006128609378579341
Iteration: 364, relative residual: 0.0006122856733894819
Iteration: 365, relative residual: 0.0006117726722088044
Iteration: 366, relative residual: 0.0006092535088526817
Iteration: 367, relative residual: 0.0006088706461877688
Iteration: 368, relative residual: 0.0006087750808658615
Iteration: 369, relative residual: 0.0006083687176525909
Iteration: 370, relative residual: 0.000607530148321143
Iteration: 371, relative residual: 0.0006072093474002418
Iteration: 372, relative residual: 0.0006046844341305924
Iteration: 373, relative residual: 0.0005994330564536573
Iteration: 374, relative residual: 0.000599365710988382
Iteration: 375, relative residual: 0.0005982035127111993
Iteration: 376, relative residual: 0.0005945056199272746
Iteration: 377, relative residual: 0.000592614852159324
Iteration: 378, relative residual: 0.0005916272393450909
Iteration: 379, relative residual: 0.0005910005757502496
Iteration: 380, relative residual: 0.0005908584027915591
Iteration: 381, relative residual: 0.0005905111319433543
Iteration: 382, relative residual: 0.0005870958560965048
Iteration: 383, relative residual: 0.0005848923284034557
Iteration: 384, relative residual: 0.0005834425131958006
Iteration: 385, relative residual: 0.0005832141095414529
Iteration: 386, relative residual: 0.000583070618139015
Iteration: 387, relative residual: 0.0005795534331332397
Iteration: 388, relative residual: 0.000576987132678472
Iteration: 389, relative residual: 0.000575926353082086
Iteration: 390, relative residual: 0.0005744621883867675
Iteration: 391, relative residual: 0.0005725024166004793
Iteration: 392, relative residual: 0.000572440272240496
Iteration: 393, relative residual: 0.0005724220364871422
Iteration: 394, relative residual: 0.0005718084673779726
Iteration: 395, relative residual: 0.0005655914188728957
Iteration: 396, relative residual: 0.0005642368761785796
Iteration: 397, relative residual: 0.0005626556353334542
Iteration: 398, relative residual: 0.000560767524449101
Iteration: 399, relative residual: 0.0005606839516099543
Iteration: 400, relative residual: 0.0005606839516099543
Residual: 0.0005606839516099543. Restart...
Iteration: 401, relative residual: 0.0005581483436660096
Iteration: 402, relative residual: 0.0005581483427089897
Iteration: 403, relative residual: 0.0005581477816717085
Iteration: 404, relative residual: 0.0005581474638032892
Iteration: 405, relative residual: 0.0005581442312586055
Iteration: 406, relative residual: 0.0005581419455416527
Iteration: 407, relative residual: 0.0005581408021812338
Iteration: 408, relative residual: 0.0005581247028565564
Iteration: 409, relative residual: 0.0005581038253508997
Iteration: 410, relative residual: 0.0005580630799111554
Iteration: 411, relative residual: 0.0005580043159670206
Iteration: 412, relative residual: 0.0005579449565701937
Iteration: 413, relative residual: 0.0005579406676227209
Iteration: 414, relative residual: 0.000557937302672927
Iteration: 415, relative residual: 0.0005578935689367993
Iteration: 416, relative residual: 0.0005578006251556537
Iteration: 417, relative residual: 0.000557793010927991
Iteration: 418, relative residual: 0.0005577821994243467
Iteration: 419, relative residual: 0.0005577532647668111
Iteration: 420, relative residual: 0.0005577409585425346
Iteration: 421, relative residual: 0.0005575905063165177
Iteration: 422, relative residual: 0.0005571382467977578
Iteration: 423, relative residual: 0.0005564546324114555
Iteration: 424, relative residual: 0.000555862704998398
Iteration: 425, relative residual: 0.000555080649276308
Iteration: 426, relative residual: 0.0005543451318361548
Iteration: 427, relative residual: 0.0005543259865456411
Iteration: 428, relative residual: 0.0005543239330138781
Iteration: 429, relative residual: 0.0005542275770435189
Iteration: 430, relative residual: 0.0005538470231723589
Iteration: 431, relative residual: 0.0005535428579939271
Iteration: 432, relative residual: 0.000553307616556801
Iteration: 433, relative residual: 0.0005533068138240967
Iteration: 434, relative residual: 0.0005524970468438777
Iteration: 435, relative residual: 0.0005515652774745383
Iteration: 436, relative residual: 0.0005507225169624335
Iteration: 437, relative residual: 0.0005501667982803075
Iteration: 438, relative residual: 0.0005498756370270604
Iteration: 439, relative residual: 0.0005498631728991083
Iteration: 440, relative residual: 0.0005493392635209858
Iteration: 441, relative residual: 0.0005480603535047604
Iteration: 442, relative residual: 0.0005470638244763907
Iteration: 443, relative residual: 0.0005469902273066806
Iteration: 444, relative residual: 0.0005469873863281832
Iteration: 445, relative residual: 0.0005469022537587776
Iteration: 446, relative residual: 0.00054581538144887
Iteration: 447, relative residual: 0.0005453512436730415
Iteration: 448, relative residual: 0.0005451760378686908
Iteration: 449, relative residual: 0.0005438552510901175
Iteration: 450, relative residual: 0.0005418354862408627
Iteration: 451, relative residual: 0.0005404568864102866
Iteration: 452, relative residual: 0.0005396542272748233
Iteration: 453, relative residual: 0.0005395577627614033
Iteration: 454, relative residual: 0.0005393889683155722
Iteration: 455, relative residual: 0.000537389119892199
Iteration: 456, relative residual: 0.0005360555668281146
Iteration: 457, relative residual: 0.0005354422848580906
Iteration: 458, relative residual: 0.000535351491498951
Iteration: 459, relative residual: 0.000535258327253265
Iteration: 460, relative residual: 0.0005351822063525231
Iteration: 461, relative residual: 0.0005346309128056789
Iteration: 462, relative residual: 0.0005316916829597209
Iteration: 463, relative residual: 0.0005304950323107927
Iteration: 464, relative residual: 0.0005290231206218737
Iteration: 465, relative residual: 0.000529008995324674
Iteration: 466, relative residual: 0.0005289602886186998
Iteration: 467, relative residual: 0.0005278994479999232
Iteration: 468, relative residual: 0.0005254996780361637
Iteration: 469, relative residual: 0.0005250687758433648
Iteration: 470, relative residual: 0.0005250687650920939
Iteration: 471, relative residual: 0.0005247004993699383
Iteration: 472, relative residual: 0.000522928666327761
Iteration: 473, relative residual: 0.0005195078208012354
Iteration: 474, relative residual: 0.0005180376639815159
Iteration: 475, relative residual: 0.0005180350520716088
Iteration: 476, relative residual: 0.0005175765224241668
Iteration: 477, relative residual: 0.0005166068355192616
Iteration: 478, relative residual: 0.0005162577228816546
Iteration: 479, relative residual: 0.0005162423991250666
Iteration: 480, relative residual: 0.0005161699247090608
Iteration: 481, relative residual: 0.0005159992136348854
Iteration: 482, relative residual: 0.0005156917264604408
Iteration: 483, relative residual: 0.0005151018728804733
Iteration: 484, relative residual: 0.0005132658166606157
Iteration: 485, relative residual: 0.0005101235867538423
Iteration: 486, relative residual: 0.0005090394915919403
Iteration: 487, relative residual: 0.0005085806136579395
Iteration: 488, relative residual: 0.0005072315781531335
Iteration: 489, relative residual: 0.0005033709927033815
Iteration: 490, relative residual: 0.000496638751213019
Iteration: 491, relative residual: 0.0004920159792677987
Iteration: 492, relative residual: 0.0004915326482756994
Iteration: 493, relative residual: 0.000490559279200688
Iteration: 494, relative residual: 0.0004875190430724912
Iteration: 495, relative residual: 0.0004838201986373866
Iteration: 496, relative residual: 0.000482853654295272
Iteration: 497, relative residual: 0.0004828517802003061
Iteration: 498, relative residual: 0.00048279885022853124
Iteration: 499, relative residual: 0.00047710654460733084
Iteration: 500, relative residual: 0.00047710654460733084
Residual: 0.00047710654460733084. Restart...
Iteration: 501, relative residual: 0.0004722075688990396
Iteration: 502, relative residual: 0.0004722074671281722
Iteration: 503, relative residual: 0.0004721975025360981
Iteration: 504, relative residual: 0.000472191567793661
Iteration: 505, relative residual: 0.000472187256060295
Iteration: 506, relative residual: 0.0004721872536787566
Iteration: 507, relative residual: 0.00047217060231037595
Iteration: 508, relative residual: 0.0004721196270243153
Iteration: 509, relative residual: 0.0004720567411391748
Iteration: 510, relative residual: 0.00047189837484456413
Iteration: 511, relative residual: 0.00047173177661023334
Iteration: 512, relative residual: 0.0004716640799192437
Iteration: 513, relative residual: 0.00047165402213362155
Iteration: 514, relative residual: 0.0004714832282549712
Iteration: 515, relative residual: 0.00047094341576648307
Iteration: 516, relative residual: 0.0004703685794497552
Iteration: 517, relative residual: 0.0004693343180161313
Iteration: 518, relative residual: 0.00046919726695058135
Iteration: 519, relative residual: 0.00046900906508653105
Iteration: 520, relative residual: 0.00046882331411181956
Iteration: 521, relative residual: 0.00046842601059950877
Iteration: 522, relative residual: 0.00046836023025016173
Iteration: 523, relative residual: 0.0004682395870607773
Iteration: 524, relative residual: 0.0004677576741684463
Iteration: 525, relative residual: 0.0004672311630294945
Iteration: 526, relative residual: 0.0004663579936200817
Iteration: 527, relative residual: 0.0004660042798812408
Iteration: 528, relative residual: 0.000465794347987693
Iteration: 529, relative residual: 0.00046563863818924054
Iteration: 530, relative residual: 0.0004656384042699385
Iteration: 531, relative residual: 0.0004652209769433748
Iteration: 532, relative residual: 0.0004638854274236163
Iteration: 533, relative residual: 0.0004635380280569484
Iteration: 534, relative residual: 0.0004631591860572736
Iteration: 535, relative residual: 0.0004618004015623889
Iteration: 536, relative residual: 0.00046076571871214755
Iteration: 537, relative residual: 0.00046013154735725654
Iteration: 538, relative residual: 0.0004594434862904008
Iteration: 539, relative residual: 0.00045944204696776394
Iteration: 540, relative residual: 0.0004590048457000673
Iteration: 541, relative residual: 0.00045796740277002977
Iteration: 542, relative residual: 0.0004579311379525328
Iteration: 543, relative residual: 0.00045792857353639364
Iteration: 544, relative residual: 0.0004577477925874731
Iteration: 545, relative residual: 0.0004576223156180802
Iteration: 546, relative residual: 0.00045724953667319786
Iteration: 547, relative residual: 0.0004565930574522027
Iteration: 548, relative residual: 0.0004556109053893592
Iteration: 549, relative residual: 0.0004553539098946651
Iteration: 550, relative residual: 0.00045532010144160853
Iteration: 551, relative residual: 0.00045530377799672304
Iteration: 552, relative residual: 0.00045525302542431627
Iteration: 553, relative residual: 0.00045510500163273233
Iteration: 554, relative residual: 0.0004547753662087283
Iteration: 555, relative residual: 0.00045469598855929743
Iteration: 556, relative residual: 0.000454517053371948
Iteration: 557, relative residual: 0.0004541917980558852
Iteration: 558, relative residual: 0.0004539318960519344
Iteration: 559, relative residual: 0.0004537368665249244
Iteration: 560, relative residual: 0.00045369495734083696
Iteration: 561, relative residual: 0.0004519661545887214
Iteration: 562, relative residual: 0.00045073071337783943
Iteration: 563, relative residual: 0.0004498562723654587
Iteration: 564, relative residual: 0.0004498488908702038
Iteration: 565, relative residual: 0.0004493109486691349
Iteration: 566, relative residual: 0.0004492751127423894
Iteration: 567, relative residual: 0.0004492679019809336
Iteration: 568, relative residual: 0.000448149416315388
Iteration: 569, relative residual: 0.000447546024965534
Iteration: 570, relative residual: 0.0004475137647840154
Iteration: 571, relative residual: 0.0004473850715113518
Iteration: 572, relative residual: 0.0004468287481781272
Iteration: 573, relative residual: 0.0004456619329965921
Iteration: 574, relative residual: 0.00044469984597809227
Iteration: 575, relative residual: 0.00044447210559298245
Iteration: 576, relative residual: 0.0004443678725153869
Iteration: 577, relative residual: 0.0004430764508881377
Iteration: 578, relative residual: 0.00044090196684510154
Iteration: 579, relative residual: 0.00043916082448428327
Iteration: 580, relative residual: 0.0004385678510603193
Iteration: 581, relative residual: 0.00043849684442651707
Iteration: 582, relative residual: 0.0004376262189333207
Iteration: 583, relative residual: 0.00043702899643896146
Iteration: 584, relative residual: 0.0004316869380973345
Iteration: 585, relative residual: 0.00042583035549701034
Iteration: 586, relative residual: 0.0004257861565341056
Iteration: 587, relative residual: 0.00042525511142160234
Iteration: 588, relative residual: 0.00042332201380931617
Iteration: 589, relative residual: 0.0004212113759981338
Iteration: 590, relative residual: 0.0004202885225905308
Iteration: 591, relative residual: 0.00041925618138231657
Iteration: 592, relative residual: 0.00041839669282176423
Iteration: 593, relative residual: 0.0004178515669231846
Iteration: 594, relative residual: 0.0004178514821968736
Iteration: 595, relative residual: 0.0004168891023124328
Iteration: 596, relative residual: 0.00041677958888917374
Iteration: 597, relative residual: 0.000415946250885476
Iteration: 598, relative residual: 0.0004141301642985681
Iteration: 599, relative residual: 0.00041410406714744444
Iteration: 600, relative residual: 0.00041410406714744444
Residual: 0.00041410406714744444. Restart...
Iteration: 601, relative residual: 0.0004139372211926307
Iteration: 602, relative residual: 0.0004139372168815385
Iteration: 603, relative residual: 0.00041393701376065935
Iteration: 604, relative residual: 0.000413936997036669
Iteration: 605, relative residual: 0.0004139368353174612
Iteration: 606, relative residual: 0.0004139367711744841
Iteration: 607, relative residual: 0.00041393642162583565
Iteration: 608, relative residual: 0.0004139352255995205
Iteration: 609, relative residual: 0.00041393488320571204
Iteration: 610, relative residual: 0.0004139348298164315
Iteration: 611, relative residual: 0.0004139345253170146
Iteration: 612, relative residual: 0.00041392911693145134
Iteration: 613, relative residual: 0.00041392432302602073
Iteration: 614, relative residual: 0.0004139211738818218
Iteration: 615, relative residual: 0.00041392084962322667
Iteration: 616, relative residual: 0.00041391042412484747
Iteration: 617, relative residual: 0.00041384957635346055
Iteration: 618, relative residual: 0.0004138157279812234
Iteration: 619, relative residual: 0.00041378520405781265
Iteration: 620, relative residual: 0.0004136547413451244
Iteration: 621, relative residual: 0.0004133606357602472
Iteration: 622, relative residual: 0.00041298919984360526
Iteration: 623, relative residual: 0.0004125599810901189
Iteration: 624, relative residual: 0.0004122816682449332
Iteration: 625, relative residual: 0.0004121800425441145
Iteration: 626, relative residual: 0.000412146544499472
Iteration: 627, relative residual: 0.0004121462969219671
Iteration: 628, relative residual: 0.00041213254696714774
Iteration: 629, relative residual: 0.0004120658129783211
Iteration: 630, relative residual: 0.00041204432053226894
Iteration: 631, relative residual: 0.00041200532415233584
Iteration: 632, relative residual: 0.00041199670326811326
Iteration: 633, relative residual: 0.0004119943345740396
Iteration: 634, relative residual: 0.0004119424439677526
Iteration: 635, relative residual: 0.00041177184552377503
Iteration: 636, relative residual: 0.0004115037200484216
Iteration: 637, relative residual: 0.0004112549603578777
Iteration: 638, relative residual: 0.00041125274494125
Iteration: 639, relative residual: 0.000411027946773777
Iteration: 640, relative residual: 0.0004103317771072328
Iteration: 641, relative residual: 0.0004096807482285216
Iteration: 642, relative residual: 0.0004088997525441455
Iteration: 643, relative residual: 0.00040885697700330473
Iteration: 644, relative residual: 0.0004088517419383361
Iteration: 645, relative residual: 0.000408697250078623
Iteration: 646, relative residual: 0.0004081971698296777
Iteration: 647, relative residual: 0.00040761139211203213
Iteration: 648, relative residual: 0.0004075717333887943
Iteration: 649, relative residual: 0.00040692578912259787
Iteration: 650, relative residual: 0.0004064251583353271
Iteration: 651, relative residual: 0.00040571152951747295
Iteration: 652, relative residual: 0.0004053345214842105
Iteration: 653, relative residual: 0.0004052457050651853
Iteration: 654, relative residual: 0.00040504523112151167
Iteration: 655, relative residual: 0.00040500727854549784
Iteration: 656, relative residual: 0.000404827471013375
Iteration: 657, relative residual: 0.0004045956918091099
Iteration: 658, relative residual: 0.0004044329604771469
Iteration: 659, relative residual: 0.0004042963235174559
Iteration: 660, relative residual: 0.0004042958972054781
Iteration: 661, relative residual: 0.00040369454401355075
Iteration: 662, relative residual: 0.00040281503433034873
Iteration: 663, relative residual: 0.000399752521875189
Iteration: 664, relative residual: 0.0003973811038233633
Iteration: 665, relative residual: 0.000396890325853633
Iteration: 666, relative residual: 0.00039623286854480655
Iteration: 667, relative residual: 0.00039520704169846614
Iteration: 668, relative residual: 0.00039427905748501673
Iteration: 669, relative residual: 0.00039386820822655727
Iteration: 670, relative residual: 0.0003938177946132945
Iteration: 671, relative residual: 0.0003936880489982002
Iteration: 672, relative residual: 0.0003930892954459103
Iteration: 673, relative residual: 0.00039090390843387105
Iteration: 674, relative residual: 0.000389040227926388
Iteration: 675, relative residual: 0.00038878498095917005
Iteration: 676, relative residual: 0.0003885524242759704
Iteration: 677, relative residual: 0.00038684193313242644
Iteration: 678, relative residual: 0.0003849016188742237
Iteration: 679, relative residual: 0.0003845668474250333
Iteration: 680, relative residual: 0.00038443831182326894
Iteration: 681, relative residual: 0.00038313219253637416
Iteration: 682, relative residual: 0.0003825538525774749
Iteration: 683, relative residual: 0.00038011694379456334
Iteration: 684, relative residual: 0.00037862902653637077
Iteration: 685, relative residual: 0.0003785728770938727
Iteration: 686, relative residual: 0.00037854635681432993
Iteration: 687, relative residual: 0.0003784182322876274
Iteration: 688, relative residual: 0.00037622477044675537
Iteration: 689, relative residual: 0.00037567052089857854
Iteration: 690, relative residual: 0.000373420987212014
Iteration: 691, relative residual: 0.00037214542624764145
Iteration: 692, relative residual: 0.0003720761086516739
Iteration: 693, relative residual: 0.0003706499072291217
Iteration: 694, relative residual: 0.0003681024617540069
Iteration: 695, relative residual: 0.0003667376531398985
Iteration: 696, relative residual: 0.00036628881682697345
Iteration: 697, relative residual: 0.00036628689813507527
Iteration: 698, relative residual: 0.0003636954158541065
Iteration: 699, relative residual: 0.00036295407722128576
Iteration: 700, relative residual: 0.00036295407722128576
Residual: 0.00036295407722128576. Restart...
Iteration: 701, relative residual: 0.0003608187554656032
Iteration: 702, relative residual: 0.0003608187127091339
Iteration: 703, relative residual: 0.0003608154578852744
Iteration: 704, relative residual: 0.000360814915788829
Iteration: 705, relative residual: 0.00036080942614056784
Iteration: 706, relative residual: 0.00036080638076525144
Iteration: 707, relative residual: 0.00036079929594231403
Iteration: 708, relative residual: 0.0003607747092444171
Iteration: 709, relative residual: 0.0003607618842050709
Iteration: 710, relative residual: 0.0003607495213575579
Iteration: 711, relative residual: 0.00036074941991659704
Iteration: 712, relative residual: 0.0003607427763583614
Iteration: 713, relative residual: 0.00036071570331880115
Iteration: 714, relative residual: 0.00036063135097826857
Iteration: 715, relative residual: 0.0003604607905178518
Iteration: 716, relative residual: 0.0003602046893192111
Iteration: 717, relative residual: 0.0003597153012976584
Iteration: 718, relative residual: 0.0003593471534832021
Iteration: 719, relative residual: 0.00035933617651941056
Iteration: 720, relative residual: 0.0003589981131097634
Iteration: 721, relative residual: 0.0003589463785695238
Iteration: 722, relative residual: 0.0003589442038166768
Iteration: 723, relative residual: 0.00035894419431337527
Iteration: 724, relative residual: 0.0003588629879777831
Iteration: 725, relative residual: 0.00035851599235693475
Iteration: 726, relative residual: 0.00035810863650823744
Iteration: 727, relative residual: 0.0003577905483509099
Iteration: 728, relative residual: 0.00035766822774422653
Iteration: 729, relative residual: 0.0003576622975706308
Iteration: 730, relative residual: 0.0003574499025026792
Iteration: 731, relative residual: 0.00035680221060578973
Iteration: 732, relative residual: 0.00035634426275206785
Iteration: 733, relative residual: 0.0003560810789541767
Iteration: 734, relative residual: 0.00035571480527957705
Iteration: 735, relative residual: 0.0003554721392347931
Iteration: 736, relative residual: 0.000354909777518475
Iteration: 737, relative residual: 0.0003546741584507477
Iteration: 738, relative residual: 0.00035452602399276847
Iteration: 739, relative residual: 0.00035429310477812166
Iteration: 740, relative residual: 0.0003538694758675017
Iteration: 741, relative residual: 0.00035319806510974164
Iteration: 742, relative residual: 0.00035305499331575923
Iteration: 743, relative residual: 0.00035305381739776214
Iteration: 744, relative residual: 0.00035297737660802946
Iteration: 745, relative residual: 0.0003529745944020245
Iteration: 746, relative residual: 0.000352974198801685
Iteration: 747, relative residual: 0.0003521957496448773
Iteration: 748, relative residual: 0.0003513019960449811
Iteration: 749, relative residual: 0.00035025085118806803
Iteration: 750, relative residual: 0.0003502508160509295
Iteration: 751, relative residual: 0.0003500550114392307
Iteration: 752, relative residual: 0.00034913909585842216
Iteration: 753, relative residual: 0.00034856041296212704
Iteration: 754, relative residual: 0.0003484420158145617
Iteration: 755, relative residual: 0.00034842509216746504
Iteration: 756, relative residual: 0.0003479989994336589
Iteration: 757, relative residual: 0.0003474727727485743
Iteration: 758, relative residual: 0.00034743816079089534
Iteration: 759, relative residual: 0.0003474315648765111
Iteration: 760, relative residual: 0.00034716159911911713
Iteration: 761, relative residual: 0.00034673980330255586
Iteration: 762, relative residual: 0.0003457662917681722
Iteration: 763, relative residual: 0.0003450996771578516
Iteration: 764, relative residual: 0.000344962446260692
Iteration: 765, relative residual: 0.00034494111891593036
Iteration: 766, relative residual: 0.00034431952059416196
Iteration: 767, relative residual: 0.0003437734063880493
Iteration: 768, relative residual: 0.0003435574135141858
Iteration: 769, relative residual: 0.0003435504289172258
Iteration: 770, relative residual: 0.0003434513347561443
Iteration: 771, relative residual: 0.0003433835022457199
Iteration: 772, relative residual: 0.0003429905677729746
Iteration: 773, relative residual: 0.00034255282531822526
Iteration: 774, relative residual: 0.0003420593830944896
Iteration: 775, relative residual: 0.00034172231168337603
Iteration: 776, relative residual: 0.00034166261253535583
Iteration: 777, relative residual: 0.00034146754603494494
Iteration: 778, relative residual: 0.00034007325185593767
Iteration: 779, relative residual: 0.00033761561598778095
Iteration: 780, relative residual: 0.0003360170178213575
Iteration: 781, relative residual: 0.0003352689311006166
Iteration: 782, relative residual: 0.00033408572216427393
Iteration: 783, relative residual: 0.00033207159920460626
Iteration: 784, relative residual: 0.0003317450384638071
Iteration: 785, relative residual: 0.00033018408488768257
Iteration: 786, relative residual: 0.0003299094269440808
Iteration: 787, relative residual: 0.00032989096218715444
Iteration: 788, relative residual: 0.000329592372145023
Iteration: 789, relative residual: 0.00032746795044123175
Iteration: 790, relative residual: 0.0003271666971021213
Iteration: 791, relative residual: 0.00032562684461898784
Iteration: 792, relative residual: 0.00032055285110980285
Iteration: 793, relative residual: 0.0003200678766898716
Iteration: 794, relative residual: 0.00032002004935781847
Iteration: 795, relative residual: 0.00031997044832832237
Iteration: 796, relative residual: 0.00031843140163145703
Iteration: 797, relative residual: 0.0003179545930773172
Iteration: 798, relative residual: 0.00031546597461503865
Iteration: 799, relative residual: 0.0003149121931993835
Iteration: 800, relative residual: 0.0003149121931993835
Residual: 0.0003149121931993835. Restart...
Iteration: 801, relative residual: 0.0003145718684350666
Iteration: 802, relative residual: 0.0003145718574657613
Iteration: 803, relative residual: 0.0003145711337031292
Iteration: 804, relative residual: 0.00031457102219933914
Iteration: 805, relative residual: 0.00031457018456738256
Iteration: 806, relative residual: 0.00031457005412347325
Iteration: 807, relative residual: 0.00031456841295408774
Iteration: 808, relative residual: 0.0003145644482188002
Iteration: 809, relative residual: 0.0003145632654224172
Iteration: 810, relative residual: 0.0003145631579374383
Iteration: 811, relative residual: 0.0003145623411399109
Iteration: 812, relative residual: 0.00031454902998455245
Iteration: 813, relative residual: 0.00031453812113495553
Iteration: 814, relative residual: 0.00031452658535332606
Iteration: 815, relative residual: 0.00031452313831777546
Iteration: 816, relative residual: 0.0003145161671287598
Iteration: 817, relative residual: 0.0003145013133702255
Iteration: 818, relative residual: 0.0003144988576941099
Iteration: 819, relative residual: 0.0003144955030498046
Iteration: 820, relative residual: 0.0003144655612042542
Iteration: 821, relative residual: 0.00031437750076318576
Iteration: 822, relative residual: 0.0003141209517310301
Iteration: 823, relative residual: 0.0003135449793963681
Iteration: 824, relative residual: 0.0003131848977347882
Iteration: 825, relative residual: 0.0003130278937033731
Iteration: 826, relative residual: 0.00031302283573623037
Iteration: 827, relative residual: 0.0003129922314847628
Iteration: 828, relative residual: 0.0003128426430047915
Iteration: 829, relative residual: 0.0003125448251816091
Iteration: 830, relative residual: 0.000312504861566375
Iteration: 831, relative residual: 0.0003125035430770058
Iteration: 832, relative residual: 0.00031248366527839087
Iteration: 833, relative residual: 0.0003123043448138187
Iteration: 834, relative residual: 0.000311570124754294
Iteration: 835, relative residual: 0.00031045469486707425
Iteration: 836, relative residual: 0.0003102522493481611
Iteration: 837, relative residual: 0.00031025215898067575
Iteration: 838, relative residual: 0.0003101480608342216
Iteration: 839, relative residual: 0.0003097017429880227
Iteration: 840, relative residual: 0.00030912563323832716
Iteration: 841, relative residual: 0.00030879522699656456
Iteration: 842, relative residual: 0.0003086991316431735
Iteration: 843, relative residual: 0.00030855355593371
Iteration: 844, relative residual: 0.0003085396392245106
Iteration: 845, relative residual: 0.0003083036269662483
Iteration: 846, relative residual: 0.0003081679240478933
Iteration: 847, relative residual: 0.000308165404903248
Iteration: 848, relative residual: 0.000308041696686392
Iteration: 849, relative residual: 0.0003079183331326296
Iteration: 850, relative residual: 0.00030768794744142627
Iteration: 851, relative residual: 0.0003073398144974676
Iteration: 852, relative residual: 0.0003071393638221015
Iteration: 853, relative residual: 0.00030709734273700516
Iteration: 854, relative residual: 0.0003070973244294097
Iteration: 855, relative residual: 0.00030706720669902644
Iteration: 856, relative residual: 0.00030705986763627
Iteration: 857, relative residual: 0.0003070302211531513
Iteration: 858, relative residual: 0.0003063943016216808
Iteration: 859, relative residual: 0.00030588266139645686
Iteration: 860, relative residual: 0.00030586043114140977
Iteration: 861, relative residual: 0.0003053227679858012
Iteration: 862, relative residual: 0.00030455326049279123
Iteration: 863, relative residual: 0.00030388436375510664
Iteration: 864, relative residual: 0.0003027960490490992
Iteration: 865, relative residual: 0.00030268342874916767
Iteration: 866, relative residual: 0.0003025668316798247
Iteration: 867, relative residual: 0.00030214009908887166
Iteration: 868, relative residual: 0.00030127283170803523
Iteration: 869, relative residual: 0.0003010193002641724
Iteration: 870, relative residual: 0.00030099139546235575
Iteration: 871, relative residual: 0.0003009280501046231
Iteration: 872, relative residual: 0.00030087845032028234
Iteration: 873, relative residual: 0.00029991376297110016
Iteration: 874, relative residual: 0.0002993664659521163
Iteration: 875, relative residual: 0.00029923950872302646
Iteration: 876, relative residual: 0.0002992116200548945
Iteration: 877, relative residual: 0.0002991903794486322
Iteration: 878, relative residual: 0.0002984731582560429
Iteration: 879, relative residual: 0.0002969793491194209
Iteration: 880, relative residual: 0.00029637824371261473
Iteration: 881, relative residual: 0.00029616944071898327
Iteration: 882, relative residual: 0.0002960378261241976
Iteration: 883, relative residual: 0.00029570101547586695
Iteration: 884, relative residual: 0.00029386635834035977
Iteration: 885, relative residual: 0.00029207506194297016
Iteration: 886, relative residual: 0.000291271105388855
Iteration: 887, relative residual: 0.00029123826305742906
Iteration: 888, relative residual: 0.0002904449951558797
Iteration: 889, relative residual: 0.0002898579528028995
Iteration: 890, relative residual: 0.0002875538627790166
Iteration: 891, relative residual: 0.00028578976025230794
Iteration: 892, relative residual: 0.0002857519369104261
Iteration: 893, relative residual: 0.00028492510311048955
Iteration: 894, relative residual: 0.00028226883358828435
Iteration: 895, relative residual: 0.00028008439241753445
Iteration: 896, relative residual: 0.0002799940555086205
Iteration: 897, relative residual: 0.00027988734785267807
Iteration: 898, relative residual: 0.00027799619145082836
Iteration: 899, relative residual: 0.00027558682051858025
Iteration: 900, relative residual: 0.00027558682051858025
Residual: 0.00027558682051858025. Restart...
Iteration: 901, relative residual: 0.0002745494769907073
Iteration: 902, relative residual: 0.00027454946866951765
Iteration: 903, relative residual: 0.00027454904120917227
Iteration: 904, relative residual: 0.00027454858274567805
Iteration: 905, relative residual: 0.0002745485116258128
Iteration: 906, relative residual: 0.0002745476832458297
Iteration: 907, relative residual: 0.0002745461601874299
Iteration: 908, relative residual: 0.0002745448483185875
Iteration: 909, relative residual: 0.00027454433509777087
Iteration: 910, relative residual: 0.00027454431177265803
Iteration: 911, relative residual: 0.00027454273395721175
Iteration: 912, relative residual: 0.0002745369362855205
Iteration: 913, relative residual: 0.0002745250336755284
Iteration: 914, relative residual: 0.00027448266449769184
Iteration: 915, relative residual: 0.00027437467647592657
Iteration: 916, relative residual: 0.0002742753272006083
Iteration: 917, relative residual: 0.0002741000182459027
Iteration: 918, relative residual: 0.00027382495060713217
Iteration: 919, relative residual: 0.0002736899149169921
Iteration: 920, relative residual: 0.00027366104201527333
Iteration: 921, relative residual: 0.0002736540559953046
Iteration: 922, relative residual: 0.0002736161199657411
Iteration: 923, relative residual: 0.0002735781897229294
Iteration: 924, relative residual: 0.00027357375617022853
Iteration: 925, relative residual: 0.00027353235159037264
Iteration: 926, relative residual: 0.00027333754255100034
Iteration: 927, relative residual: 0.00027304536605258877
Iteration: 928, relative residual: 0.0002730004949581988
Iteration: 929, relative residual: 0.0002729825549291182
Iteration: 930, relative residual: 0.0002729024486282747
Iteration: 931, relative residual: 0.0002726525103382901
Iteration: 932, relative residual: 0.0002723999690974043
Iteration: 933, relative residual: 0.00027236379427843515
Iteration: 934, relative residual: 0.0002723603688973999
Iteration: 935, relative residual: 0.00027233261213870287
Iteration: 936, relative residual: 0.00027229177721867736
Iteration: 937, relative residual: 0.0002720640926405416
Iteration: 938, relative residual: 0.00027206324668688095
Iteration: 939, relative residual: 0.0002720497269512165
Iteration: 940, relative residual: 0.0002719804145573118
Iteration: 941, relative residual: 0.000271860823626491
Iteration: 942, relative residual: 0.00027162939832846446
Iteration: 943, relative residual: 0.00027140024151516646
Iteration: 944, relative residual: 0.0002712866770913703
Iteration: 945, relative residual: 0.0002712754630401955
Iteration: 946, relative residual: 0.00027121356747441725
Iteration: 947, relative residual: 0.0002708332189491225
Iteration: 948, relative residual: 0.00027050275935570797
Iteration: 949, relative residual: 0.00027030804746286835
Iteration: 950, relative residual: 0.0002702681450051674
Iteration: 951, relative residual: 0.00027009852874313855
Iteration: 952, relative residual: 0.00026919010629117605
Iteration: 953, relative residual: 0.00026863470738713283
Iteration: 954, relative residual: 0.0002682923488962898
Iteration: 955, relative residual: 0.0002679803396706059
Iteration: 956, relative residual: 0.00026797842500183905
Iteration: 957, relative residual: 0.00026771196689389585
Iteration: 958, relative residual: 0.00026673399949225297
Iteration: 959, relative residual: 0.00026634627726109173
Iteration: 960, relative residual: 0.0002662527962574195
Iteration: 961, relative residual: 0.00026579598766779503
Iteration: 962, relative residual: 0.000264705973253455
Iteration: 963, relative residual: 0.0002639785382534097
Iteration: 964, relative residual: 0.0002628152102899249
Iteration: 965, relative residual: 0.00026278420836064114
Iteration: 966, relative residual: 0.00026259750653102935
Iteration: 967, relative residual: 0.000262029677933256
Iteration: 968, relative residual: 0.0002616333084529522
Iteration: 969, relative residual: 0.0002610716559901806
Iteration: 970, relative residual: 0.0002609102895176623
Iteration: 971, relative residual: 0.0002608265542065579
Iteration: 972, relative residual: 0.00026011565018441325
Iteration: 973, relative residual: 0.0002597931208233472
Iteration: 974, relative residual: 0.0002596244958065361
Iteration: 975, relative residual: 0.0002594767510180676
Iteration: 976, relative residual: 0.0002594764096162555
Iteration: 977, relative residual: 0.0002592581461222974
Iteration: 978, relative residual: 0.0002590519851057008
Iteration: 979, relative residual: 0.0002586019931759075
Iteration: 980, relative residual: 0.0002574204008657537
Iteration: 981, relative residual: 0.0002566512032077688
Iteration: 982, relative residual: 0.0002565458386448178
Iteration: 983, relative residual: 0.00025652490226276103
Iteration: 984, relative residual: 0.0002565130729996648
Iteration: 985, relative residual: 0.00025646342703327654
Iteration: 986, relative residual: 0.00025637700661441677
Iteration: 987, relative residual: 0.0002559692223647431
Iteration: 988, relative residual: 0.0002558459442086334
Iteration: 989, relative residual: 0.00025581463161418564
Iteration: 990, relative residual: 0.00025572579926200613
Iteration: 991, relative residual: 0.0002551628694863168
Iteration: 992, relative residual: 0.00025360017643413535
Iteration: 993, relative residual: 0.00025242596294050985
Iteration: 994, relative residual: 0.0002516842921068087
Iteration: 995, relative residual: 0.0002516784916623012
Iteration: 996, relative residual: 0.00025163055905301094
Iteration: 997, relative residual: 0.00025122885310276024
Iteration: 998, relative residual: 0.00025034728209223986
Iteration: 999, relative residual: 0.0002502156814249072
Iteration: 1000, relative residual: 0.0002502156814249072
Residual: 0.0002502156814249072. Restart...
Warning!!!!You have reached the maximum number of iterations : 1000.
The run will stop. Check the residual behaviour you might have a bug.For future runs you might consider changing the tolerance or increasing the number of max_iter.
Solve time        : 9889.550525903702s

Calculate Solvation Energy (E_solv)
Calculating solvation energy for region 1, stored in E_solv[0]
6262.589955364415 of 636089 analytical integrals for phi_reac calculation in region 1
Time E_solv: 29.876979112625122s
Region 1: E_solv = -8291.555205466475 kcal/mol = -34691.86697967173 kJ/mol

Calculate Surface Energy (E_surf)
Time E_surf: 0.02092885971069336s

Calculate Coulomb Energy (E_coul)
Calculate Coulomb energy for region 1
Region 1: E_coul = -295553.84585114446 kcal/mol = -1236597.2910411884 kJ/mol
Time E_coul: 34.63055348396301s

------------------------------
Totals:
E_solv = -8291.555205466475 kcal/mol
E_surf = 0 kcal/mol
E_coul = -295553.84585114446 kcal/mol

Time = 10046.398220300674 s
