Run started on:
	Date: 2020/5/23
	Time: 17:54:8
	PyGBe version: 0.3.2+5.gea0f875
Config file: /cobra/u/gvargas/code/hPB/pygbe/pygbe/myCrownFinShots/sarsCov2/snap3/snap3.config
Parameter file: /cobra/u/gvargas/code/hPB/pygbe/pygbe/myCrownFinShots/sarsCov2/snap3/snap3.param
Geometry folder: /cobra/u/gvargas/code/hPB/pygbe/pygbe/myCrownFinShots/sarsCov2/snap3/geometry
Running in: /cobra/u/gvargas/code/hPB/pygbe/pygbe/myCrownFinShots/sarsCov2/snap3

Reading surface 0 from file geometry/crownVF
Time load mesh: 11.582671403884888
Removed areas=0: 198

Total elements : 638466
Total equations: 1276932
----------------------------

1 surfaces:

Surface 0:
	638466 elements
	Surface type         : dielectric_interface
	Cells                : 4666
	Twigs                : 3974
	Levels               : 7
	C0 size              : 128.12002223393142
	C0 box center        : 113.59509815296875, 122.93228363191358, 101.00615193865717
	Twig cell size       : 2.0018753474051785
	Rbox/theta           : 4.003750694810357
	Analytic distance    : 1.2956355060916518
	Elem. per Ang^2      : 4.166457890551051
	Max, min, avg elem.  : 4.085284265800093, 4.99999999990564e-07, 0.24001202610684277
	Total area           : 153239.51826033148
------------------------------

2 regions:

Region 0:
	Laplace or Yukawa: 2
	kappa            : 0.125
	dielectric const : 80.0
	Number of charges: 0
	Parent surface   : []
	Child surfaces   : [0]
Region 1:
	Laplace or Yukawa: 1
	kappa            : 1e-12
	dielectric const : 4.0
	Number of charges: 61390
	Parent surface   : [0]
	Child surfaces   : []
------------------------------

Parameters:
	Data type               : <class 'numpy.float64'>
	Use GPU                 : 1
	P                       : 4
	threshold               : 0.50
	theta                   : 0.50
	NCRIT                   : 500
	CUDA block size         : 128
	Gauss points per element: 1
	Gauss points near singlr: 25
	1D Gauss points per side: 9
	GMRES tolerance         : 1e-05
	GMRES max iterations    : 1000
	GMRES restart iteration : 100
----------------------------

Generate interaction list
Transfer data to GPU
Generate RHS
List time          : 4.216450929641724s
Data transfer time : 0.5864200592041016s
RHS generation time: 6.598747253417969s
------------------------------
Total setup time   : 89.26944422721863s
Solve
Iteration: 1, relative residual: 0.4123660908725812
Iteration: 2, relative residual: 0.23260944097091413
Iteration: 3, relative residual: 0.18401224126690593
Iteration: 4, relative residual: 0.14293544001116976
Iteration: 5, relative residual: 0.1129816040073154
Iteration: 6, relative residual: 0.10105941677069838
Iteration: 7, relative residual: 0.09079245521880665
Iteration: 8, relative residual: 0.07514364991712383
Iteration: 9, relative residual: 0.05946130462694857
Iteration: 10, relative residual: 0.05541597346765217
Iteration: 11, relative residual: 0.04976731268758542
Iteration: 12, relative residual: 0.04334692029716886
Iteration: 13, relative residual: 0.038026702007202776
Iteration: 14, relative residual: 0.037793362030457724
Iteration: 15, relative residual: 0.03367787884123707
Iteration: 16, relative residual: 0.02960500308365842
Iteration: 17, relative residual: 0.02950296298138543
Iteration: 18, relative residual: 0.026658796163036735
Iteration: 19, relative residual: 0.023975685274947468
Iteration: 20, relative residual: 0.023549758767266803
Iteration: 21, relative residual: 0.01950696339915
Iteration: 22, relative residual: 0.01932042236742735
Iteration: 23, relative residual: 0.017831725860441232
Iteration: 24, relative residual: 0.016055560433542
Iteration: 25, relative residual: 0.013701806569662451
Iteration: 26, relative residual: 0.011335262505567762
Iteration: 27, relative residual: 0.010453300942200101
Iteration: 28, relative residual: 0.009555014929023026
Iteration: 29, relative residual: 0.008951162481471413
Iteration: 30, relative residual: 0.00831517450807197
Iteration: 31, relative residual: 0.008253903507831619
Iteration: 32, relative residual: 0.008237735685113495
Iteration: 33, relative residual: 0.007955744678142713
Iteration: 34, relative residual: 0.007951573930601447
Iteration: 35, relative residual: 0.007909602411838395
Iteration: 36, relative residual: 0.007169649405247487
Iteration: 37, relative residual: 0.006606586100937975
Iteration: 38, relative residual: 0.0065561270566774415
Iteration: 39, relative residual: 0.006426868099348599
Iteration: 40, relative residual: 0.005797768004664032
Iteration: 41, relative residual: 0.005122222441866577
Iteration: 42, relative residual: 0.0044661431691955565
Iteration: 43, relative residual: 0.004286056858485023
Iteration: 44, relative residual: 0.004285408767040188
Iteration: 45, relative residual: 0.004080894185134456
Iteration: 46, relative residual: 0.0036596179637467517
Iteration: 47, relative residual: 0.003342173707268001
Iteration: 48, relative residual: 0.0031039601772250335
Iteration: 49, relative residual: 0.0027983690272840823
Iteration: 50, relative residual: 0.002522671332671498
Iteration: 51, relative residual: 0.002334083392156334
Iteration: 52, relative residual: 0.0021401536094165694
Iteration: 53, relative residual: 0.001997947636137782
Iteration: 54, relative residual: 0.001803082016213402
Iteration: 55, relative residual: 0.001693308222538737
Iteration: 56, relative residual: 0.0016454800186981831
Iteration: 57, relative residual: 0.0016404083457143529
Iteration: 58, relative residual: 0.0016361210922061487
Iteration: 59, relative residual: 0.001604521890591662
Iteration: 60, relative residual: 0.0015764697017441325
Iteration: 61, relative residual: 0.0015317145691636663
Iteration: 62, relative residual: 0.0015307880948539042
Iteration: 63, relative residual: 0.00151988812542494
Iteration: 64, relative residual: 0.0015030672113262602
Iteration: 65, relative residual: 0.0014881331452945119
Iteration: 66, relative residual: 0.0014623240008381658
Iteration: 67, relative residual: 0.0014553796859032065
Iteration: 68, relative residual: 0.0014550245497644747
Iteration: 69, relative residual: 0.001451539195362732
Iteration: 70, relative residual: 0.0014379230179339285
Iteration: 71, relative residual: 0.001423156361464585
Iteration: 72, relative residual: 0.0013900150527382607
Iteration: 73, relative residual: 0.0013834748245367687
Iteration: 74, relative residual: 0.0013834113842828052
Iteration: 75, relative residual: 0.0013672784034286353
Iteration: 76, relative residual: 0.0013471242969085812
Iteration: 77, relative residual: 0.001321663868804377
Iteration: 78, relative residual: 0.0013076620382042286
Iteration: 79, relative residual: 0.0013014912995523737
Iteration: 80, relative residual: 0.0013014753972770976
Iteration: 81, relative residual: 0.0012932404606306267
Iteration: 82, relative residual: 0.0012736332694345918
Iteration: 83, relative residual: 0.0012591557958667968
Iteration: 84, relative residual: 0.0012342046088550961
Iteration: 85, relative residual: 0.001230972054538866
Iteration: 86, relative residual: 0.0012308891246439017
Iteration: 87, relative residual: 0.0012233771765006974
Iteration: 88, relative residual: 0.0012158558806205804
Iteration: 89, relative residual: 0.001209338237776042
Iteration: 90, relative residual: 0.001204918960037704
Iteration: 91, relative residual: 0.0012049033291496767
Iteration: 92, relative residual: 0.0011998829380052863
Iteration: 93, relative residual: 0.0011965276860441713
Iteration: 94, relative residual: 0.0011786294439764455
Iteration: 95, relative residual: 0.0011632225295287308
Iteration: 96, relative residual: 0.0011568002299746408
Iteration: 97, relative residual: 0.0011565264914512776
Iteration: 98, relative residual: 0.001152508740506518
Iteration: 99, relative residual: 0.0011435769312996254
Iteration: 100, relative residual: 0.0011435769312996254
Residual: 0.0011435769312996254. Restart...
Iteration: 101, relative residual: 0.001130930592059686
Iteration: 102, relative residual: 0.0011309202292955028
Iteration: 103, relative residual: 0.0011308475518869506
Iteration: 104, relative residual: 0.0011308313582729182
Iteration: 105, relative residual: 0.0011306377399302654
Iteration: 106, relative residual: 0.001130483818614295
Iteration: 107, relative residual: 0.0011302603054751167
Iteration: 108, relative residual: 0.001130033294002533
Iteration: 109, relative residual: 0.0011294349542413564
Iteration: 110, relative residual: 0.0011291655122444713
Iteration: 111, relative residual: 0.0011288827532915046
Iteration: 112, relative residual: 0.001128579101107077
Iteration: 113, relative residual: 0.0011285295951755758
Iteration: 114, relative residual: 0.0011285265163541258
Iteration: 115, relative residual: 0.0011284911690268573
Iteration: 116, relative residual: 0.001128472327246206
Iteration: 117, relative residual: 0.00112837230627759
Iteration: 118, relative residual: 0.0011283682533457062
Iteration: 119, relative residual: 0.0011281680622400286
Iteration: 120, relative residual: 0.0011281195344390576
Iteration: 121, relative residual: 0.0011280839725934194
Iteration: 122, relative residual: 0.0011280825911143167
Iteration: 123, relative residual: 0.0011280825551972199
Iteration: 124, relative residual: 0.001128065329883507
Iteration: 125, relative residual: 0.0011279967784797625
Iteration: 126, relative residual: 0.0011279606580427762
Iteration: 127, relative residual: 0.0011278002744806155
Iteration: 128, relative residual: 0.0011268889951678554
Iteration: 129, relative residual: 0.001126360313404644
Iteration: 130, relative residual: 0.0011262497793650009
Iteration: 131, relative residual: 0.0011258801787066726
Iteration: 132, relative residual: 0.0011255200918839248
Iteration: 133, relative residual: 0.0011254836863378848
Iteration: 134, relative residual: 0.0011251638029128807
Iteration: 135, relative residual: 0.0011249231092155805
Iteration: 136, relative residual: 0.001124907597966851
Iteration: 137, relative residual: 0.0011244804041014005
Iteration: 138, relative residual: 0.0011233414103113068
Iteration: 139, relative residual: 0.0011226181681055689
Iteration: 140, relative residual: 0.0011218245910336524
Iteration: 141, relative residual: 0.0011214674641525021
Iteration: 142, relative residual: 0.0011213733572018464
Iteration: 143, relative residual: 0.0011210412476339454
Iteration: 144, relative residual: 0.001119609984747025
Iteration: 145, relative residual: 0.001117433385237079
Iteration: 146, relative residual: 0.0011160632901431524
Iteration: 147, relative residual: 0.0011159302934977864
Iteration: 148, relative residual: 0.0011159232680683943
Iteration: 149, relative residual: 0.0011159176635405753
Iteration: 150, relative residual: 0.0011154837789822333
Iteration: 151, relative residual: 0.0011134955856057435
Iteration: 152, relative residual: 0.0011101031734022557
Iteration: 153, relative residual: 0.00110978293438668
Iteration: 154, relative residual: 0.0011097682035898795
Iteration: 155, relative residual: 0.0011094370091425908
Iteration: 156, relative residual: 0.0011077641084233259
Iteration: 157, relative residual: 0.00110565641486142
Iteration: 158, relative residual: 0.0011046765496464021
Iteration: 159, relative residual: 0.001104116344668539
Iteration: 160, relative residual: 0.0011036590070853934
Iteration: 161, relative residual: 0.0011011211749662679
Iteration: 162, relative residual: 0.0010986953407313752
Iteration: 163, relative residual: 0.0010953713446117258
Iteration: 164, relative residual: 0.0010930492274720395
Iteration: 165, relative residual: 0.001092650505309915
Iteration: 166, relative residual: 0.001089663712436139
Iteration: 167, relative residual: 0.001082114715452895
Iteration: 168, relative residual: 0.0010791506753420404
Iteration: 169, relative residual: 0.0010753058771376936
Iteration: 170, relative residual: 0.0010734178931499107
Iteration: 171, relative residual: 0.0010726550620828986
Iteration: 172, relative residual: 0.0010652720731162046
Iteration: 173, relative residual: 0.0010590559815475457
Iteration: 174, relative residual: 0.0010539806223962495
Iteration: 175, relative residual: 0.0010519679523354774
Iteration: 176, relative residual: 0.0010518831564484106
Iteration: 177, relative residual: 0.0010495112071417464
Iteration: 178, relative residual: 0.001039264569174915
Iteration: 179, relative residual: 0.001027945899908263
Iteration: 180, relative residual: 0.0010253310653632703
Iteration: 181, relative residual: 0.0010251205337484441
Iteration: 182, relative residual: 0.0010204492544402454
Iteration: 183, relative residual: 0.001010954525509395
Iteration: 184, relative residual: 0.0009997517140523894
Iteration: 185, relative residual: 0.000992248815780028
Iteration: 186, relative residual: 0.0009907957310301484
Iteration: 187, relative residual: 0.0009901452970349268
Iteration: 188, relative residual: 0.0009866660903968438
Iteration: 189, relative residual: 0.0009826032834470782
Iteration: 190, relative residual: 0.0009747863014793537
Iteration: 191, relative residual: 0.000973867555114359
Iteration: 192, relative residual: 0.0009735306493378757
Iteration: 193, relative residual: 0.0009644701624245917
Iteration: 194, relative residual: 0.0009570285236565368
Iteration: 195, relative residual: 0.0009470564468450194
Iteration: 196, relative residual: 0.0009406818862369524
Iteration: 197, relative residual: 0.0009405362670087464
Iteration: 198, relative residual: 0.0009356638607071072
Iteration: 199, relative residual: 0.0009254056683123435
Iteration: 200, relative residual: 0.0009254056683123435
Residual: 0.0009254056683123435. Restart...
Iteration: 201, relative residual: 0.0009123990494182585
Iteration: 202, relative residual: 0.0009123990297217711
Iteration: 203, relative residual: 0.0009123803698599175
Iteration: 204, relative residual: 0.0009122583333042753
Iteration: 205, relative residual: 0.0009120121417320562
Iteration: 206, relative residual: 0.0009120100863119337
Iteration: 207, relative residual: 0.00091187520708486
Iteration: 208, relative residual: 0.0009109457740928363
Iteration: 209, relative residual: 0.0009098925566083051
Iteration: 210, relative residual: 0.0009084863592677773
Iteration: 211, relative residual: 0.0009080017078581319
Iteration: 212, relative residual: 0.0009075244939555489
Iteration: 213, relative residual: 0.0009060135861138497
Iteration: 214, relative residual: 0.0009051323368208949
Iteration: 215, relative residual: 0.0009050441268983692
Iteration: 216, relative residual: 0.0009041430042506524
Iteration: 217, relative residual: 0.0009039535731663403
Iteration: 218, relative residual: 0.0009039532714718936
Iteration: 219, relative residual: 0.0009039230630087731
Iteration: 220, relative residual: 0.0009038281326414631
Iteration: 221, relative residual: 0.000903678591975758
Iteration: 222, relative residual: 0.0009026543493630976
Iteration: 223, relative residual: 0.0009015054186370153
Iteration: 224, relative residual: 0.0009009428046292264
Iteration: 225, relative residual: 0.0009009018582107294
Iteration: 226, relative residual: 0.0009006823047039593
Iteration: 227, relative residual: 0.0008993589901649876
Iteration: 228, relative residual: 0.0008977842561122612
Iteration: 229, relative residual: 0.0008966241481434186
Iteration: 230, relative residual: 0.0008957681166231817
Iteration: 231, relative residual: 0.0008955267772804996
Iteration: 232, relative residual: 0.000894565217162098
Iteration: 233, relative residual: 0.0008928451520139025
Iteration: 234, relative residual: 0.0008924546477991218
Iteration: 235, relative residual: 0.0008923919513576338
Iteration: 236, relative residual: 0.0008916968023372677
Iteration: 237, relative residual: 0.0008898221788139139
Iteration: 238, relative residual: 0.0008888048162621439
Iteration: 239, relative residual: 0.0008878201830257181
Iteration: 240, relative residual: 0.0008874939523207122
Iteration: 241, relative residual: 0.0008870123478299786
Iteration: 242, relative residual: 0.000882253750671914
Iteration: 243, relative residual: 0.000873606343217532
Iteration: 244, relative residual: 0.0008694349269599349
Iteration: 245, relative residual: 0.0008692103581266888
Iteration: 246, relative residual: 0.000868908393782671
Iteration: 247, relative residual: 0.0008656023154477643
Iteration: 248, relative residual: 0.0008585261960653464
Iteration: 249, relative residual: 0.0008547798690388003
Iteration: 250, relative residual: 0.000851844024600565
Iteration: 251, relative residual: 0.0008511513360133016
Iteration: 252, relative residual: 0.0008510996429225115
Iteration: 253, relative residual: 0.0008500735408518383
Iteration: 254, relative residual: 0.00084666537154738
Iteration: 255, relative residual: 0.0008440630244896589
Iteration: 256, relative residual: 0.000844034744355567
Iteration: 257, relative residual: 0.0008433640992836207
Iteration: 258, relative residual: 0.0008408844110487832
Iteration: 259, relative residual: 0.0008370264618304519
Iteration: 260, relative residual: 0.0008353576984914487
Iteration: 261, relative residual: 0.0008349283689780666
Iteration: 262, relative residual: 0.0008343690055466342
Iteration: 263, relative residual: 0.0008331894457818776
Iteration: 264, relative residual: 0.0008289316881291555
Iteration: 265, relative residual: 0.0008260858644409495
Iteration: 266, relative residual: 0.0008253338824091645
Iteration: 267, relative residual: 0.0008251184382252595
Iteration: 268, relative residual: 0.0008221996296522287
Iteration: 269, relative residual: 0.000819979548138818
Iteration: 270, relative residual: 0.0008153176341994526
Iteration: 271, relative residual: 0.0008130991316152665
Iteration: 272, relative residual: 0.000810270533654589
Iteration: 273, relative residual: 0.0008101339457251266
Iteration: 274, relative residual: 0.0008069848600974807
Iteration: 275, relative residual: 0.0008038328139805228
Iteration: 276, relative residual: 0.000800625958007921
Iteration: 277, relative residual: 0.0007994801531663749
Iteration: 278, relative residual: 0.0007991477152189657
Iteration: 279, relative residual: 0.0007938876843941292
Iteration: 280, relative residual: 0.000790468009383545
Iteration: 281, relative residual: 0.0007864173721142747
Iteration: 282, relative residual: 0.0007860968363104663
Iteration: 283, relative residual: 0.0007828702349647806
Iteration: 284, relative residual: 0.0007668955755216661
Iteration: 285, relative residual: 0.0007581744158213067
Iteration: 286, relative residual: 0.0007533103917804973
Iteration: 287, relative residual: 0.000753171189200678
Iteration: 288, relative residual: 0.0007517496029700921
Iteration: 289, relative residual: 0.000746978900302068
Iteration: 290, relative residual: 0.0007410338002691162
Iteration: 291, relative residual: 0.0007389923098507667
Iteration: 292, relative residual: 0.0007385198382543487
Iteration: 293, relative residual: 0.000738487313181657
Iteration: 294, relative residual: 0.0007320883489736047
Iteration: 295, relative residual: 0.0007256937730487642
Iteration: 296, relative residual: 0.0007241569297405072
Iteration: 297, relative residual: 0.0007240809691161778
Iteration: 298, relative residual: 0.0007236483027286338
Iteration: 299, relative residual: 0.0007191693317614071
Iteration: 300, relative residual: 0.0007191693317614071
Residual: 0.0007191693317614071. Restart...
Iteration: 301, relative residual: 0.000714959625940799
Iteration: 302, relative residual: 0.000714958496778159
Iteration: 303, relative residual: 0.0007149512088129509
Iteration: 304, relative residual: 0.0007149279779173844
Iteration: 305, relative residual: 0.00071489442447714
Iteration: 306, relative residual: 0.0007148940471461479
Iteration: 307, relative residual: 0.0007148501438188106
Iteration: 308, relative residual: 0.0007147261397573114
Iteration: 309, relative residual: 0.0007144744834902819
Iteration: 310, relative residual: 0.0007142343138334916
Iteration: 311, relative residual: 0.0007142248917393347
Iteration: 312, relative residual: 0.0007138861596711333
Iteration: 313, relative residual: 0.0007135024730959966
Iteration: 314, relative residual: 0.000713501971401449
Iteration: 315, relative residual: 0.0007133356178798967
Iteration: 316, relative residual: 0.000713216685780275
Iteration: 317, relative residual: 0.0007132119884447483
Iteration: 318, relative residual: 0.00071304995823338
Iteration: 319, relative residual: 0.0007129767851247661
Iteration: 320, relative residual: 0.0007128974653874699
Iteration: 321, relative residual: 0.0007125862848023443
Iteration: 322, relative residual: 0.0007122157210377111
Iteration: 323, relative residual: 0.0007118246345938211
Iteration: 324, relative residual: 0.0007116895860056598
Iteration: 325, relative residual: 0.0007116118454634134
Iteration: 326, relative residual: 0.0007106639378587091
Iteration: 327, relative residual: 0.0007096659848372437
Iteration: 328, relative residual: 0.0007094050515544335
Iteration: 329, relative residual: 0.0007092780331088111
Iteration: 330, relative residual: 0.0007092373280317398
Iteration: 331, relative residual: 0.0007086075611314692
Iteration: 332, relative residual: 0.0007079489985118259
Iteration: 333, relative residual: 0.0007078126131616486
Iteration: 334, relative residual: 0.0007077445578954646
Iteration: 335, relative residual: 0.0007070783657865306
Iteration: 336, relative residual: 0.0007054099629081053
Iteration: 337, relative residual: 0.0007023204984402653
Iteration: 338, relative residual: 0.0007014437666544238
Iteration: 339, relative residual: 0.0007013309874218886
Iteration: 340, relative residual: 0.0007011742232379511
Iteration: 341, relative residual: 0.0006996672360267091
Iteration: 342, relative residual: 0.0006985365290409879
Iteration: 343, relative residual: 0.0006972811526500092
Iteration: 344, relative residual: 0.0006969455848572436
Iteration: 345, relative residual: 0.0006961367701079204
Iteration: 346, relative residual: 0.0006947853419016522
Iteration: 347, relative residual: 0.0006901820122541476
Iteration: 348, relative residual: 0.0006861492696379392
Iteration: 349, relative residual: 0.0006842653880597326
Iteration: 350, relative residual: 0.0006842605373783433
Iteration: 351, relative residual: 0.0006829982811666945
Iteration: 352, relative residual: 0.0006812877847348785
Iteration: 353, relative residual: 0.0006798329006231727
Iteration: 354, relative residual: 0.0006793751942175839
Iteration: 355, relative residual: 0.0006791704146303192
Iteration: 356, relative residual: 0.0006769946052410532
Iteration: 357, relative residual: 0.0006736880410340317
Iteration: 358, relative residual: 0.0006688432131110401
Iteration: 359, relative residual: 0.0006668320408954661
Iteration: 360, relative residual: 0.0006660199428547354
Iteration: 361, relative residual: 0.0006659951148683531
Iteration: 362, relative residual: 0.0006642560128708765
Iteration: 363, relative residual: 0.0006605245746426116
Iteration: 364, relative residual: 0.000656036140992442
Iteration: 365, relative residual: 0.0006553936621864626
Iteration: 366, relative residual: 0.0006553281270921207
Iteration: 367, relative residual: 0.0006545766020345481
Iteration: 368, relative residual: 0.0006513906592194595
Iteration: 369, relative residual: 0.0006487657382504164
Iteration: 370, relative residual: 0.0006477811448178177
Iteration: 371, relative residual: 0.0006476601162166436
Iteration: 372, relative residual: 0.0006472850454006756
Iteration: 373, relative residual: 0.0006433821662762149
Iteration: 374, relative residual: 0.0006393523675764935
Iteration: 375, relative residual: 0.0006376058563650571
Iteration: 376, relative residual: 0.0006364005194992784
Iteration: 377, relative residual: 0.0006362994386423474
Iteration: 378, relative residual: 0.0006355500340019583
Iteration: 379, relative residual: 0.0006314844303336607
Iteration: 380, relative residual: 0.0006278507848679445
Iteration: 381, relative residual: 0.0006276297806979558
Iteration: 382, relative residual: 0.0006274702262274918
Iteration: 383, relative residual: 0.0006264741743071484
Iteration: 384, relative residual: 0.0006231103018372329
Iteration: 385, relative residual: 0.0006194956150892597
Iteration: 386, relative residual: 0.0006190360982011136
Iteration: 387, relative residual: 0.0006183261738074628
Iteration: 388, relative residual: 0.0006143998528450937
Iteration: 389, relative residual: 0.0006089769023435788
Iteration: 390, relative residual: 0.0006019854462646593
Iteration: 391, relative residual: 0.0005971952927384071
Iteration: 392, relative residual: 0.0005961531623906658
Iteration: 393, relative residual: 0.000596064015250293
Iteration: 394, relative residual: 0.0005926500767584415
Iteration: 395, relative residual: 0.0005854866204062912
Iteration: 396, relative residual: 0.0005840498912432236
Iteration: 397, relative residual: 0.0005836078140231386
Iteration: 398, relative residual: 0.0005806091670531888
Iteration: 399, relative residual: 0.0005758949167553707
Iteration: 400, relative residual: 0.0005758949167553707
Residual: 0.0005758949167553707. Restart...
Iteration: 401, relative residual: 0.0005681799388907851
Iteration: 402, relative residual: 0.00056817897626434
Iteration: 403, relative residual: 0.0005680648172078337
Iteration: 404, relative residual: 0.0005680646082339525
Iteration: 405, relative residual: 0.0005679396738652044
Iteration: 406, relative residual: 0.000567936231145819
Iteration: 407, relative residual: 0.0005676830330584355
Iteration: 408, relative residual: 0.0005674446983376141
Iteration: 409, relative residual: 0.0005671142981999481
Iteration: 410, relative residual: 0.0005668774615724671
Iteration: 411, relative residual: 0.0005658460494393648
Iteration: 412, relative residual: 0.0005652439930229857
Iteration: 413, relative residual: 0.0005651394832053085
Iteration: 414, relative residual: 0.0005651164288190386
Iteration: 415, relative residual: 0.0005650246552277382
Iteration: 416, relative residual: 0.000564645972791121
Iteration: 417, relative residual: 0.0005646334825124163
Iteration: 418, relative residual: 0.0005643870670960386
Iteration: 419, relative residual: 0.000564385822542333
Iteration: 420, relative residual: 0.0005642540011271646
Iteration: 421, relative residual: 0.0005628798545794459
Iteration: 422, relative residual: 0.0005605838691018053
Iteration: 423, relative residual: 0.0005578147502783056
Iteration: 424, relative residual: 0.000555493157937992
Iteration: 425, relative residual: 0.0005550172529934119
Iteration: 426, relative residual: 0.0005545292583747215
Iteration: 427, relative residual: 0.000551711833845248
Iteration: 428, relative residual: 0.0005503505295201772
Iteration: 429, relative residual: 0.0005498809403849445
Iteration: 430, relative residual: 0.0005498563355661741
Iteration: 431, relative residual: 0.0005496797680432404
Iteration: 432, relative residual: 0.0005483786265494627
Iteration: 433, relative residual: 0.0005481983577610966
Iteration: 434, relative residual: 0.0005481903399303382
Iteration: 435, relative residual: 0.0005472895762769902
Iteration: 436, relative residual: 0.0005467127360632905
Iteration: 437, relative residual: 0.0005456866080611574
Iteration: 438, relative residual: 0.0005456801704060185
Iteration: 439, relative residual: 0.0005455053007869597
Iteration: 440, relative residual: 0.0005452911058708939
Iteration: 441, relative residual: 0.0005439656906195231
Iteration: 442, relative residual: 0.000541521592336048
Iteration: 443, relative residual: 0.0005394019761872142
Iteration: 444, relative residual: 0.0005391555659321775
Iteration: 445, relative residual: 0.0005372340531374874
Iteration: 446, relative residual: 0.000535696681519759
Iteration: 447, relative residual: 0.0005317988162027035
Iteration: 448, relative residual: 0.0005278576588135775
Iteration: 449, relative residual: 0.0005265407121957446
Iteration: 450, relative residual: 0.0005264976982449929
Iteration: 451, relative residual: 0.0005263972659428276
Iteration: 452, relative residual: 0.0005244096900168347
Iteration: 453, relative residual: 0.0005227014575061796
Iteration: 454, relative residual: 0.0005218057371847377
Iteration: 455, relative residual: 0.0005217652562914454
Iteration: 456, relative residual: 0.000521702789247962
Iteration: 457, relative residual: 0.0005206025420911412
Iteration: 458, relative residual: 0.0005194781115484337
Iteration: 459, relative residual: 0.0005179380906189237
Iteration: 460, relative residual: 0.0005178591819581496
Iteration: 461, relative residual: 0.0005171277581627526
Iteration: 462, relative residual: 0.0005155980873762504
Iteration: 463, relative residual: 0.0005150297155012065
Iteration: 464, relative residual: 0.00051435785633845
Iteration: 465, relative residual: 0.0005139761548590076
Iteration: 466, relative residual: 0.0005131333674177772
Iteration: 467, relative residual: 0.000512380047902903
Iteration: 468, relative residual: 0.000510960341607946
Iteration: 469, relative residual: 0.0005077247678160486
Iteration: 470, relative residual: 0.0005073794426109304
Iteration: 471, relative residual: 0.0005071760383414195
Iteration: 472, relative residual: 0.0005068904938643518
Iteration: 473, relative residual: 0.0005062377705782398
Iteration: 474, relative residual: 0.0005006077762702037
Iteration: 475, relative residual: 0.0004990600375198081
Iteration: 476, relative residual: 0.0004986235941265582
Iteration: 477, relative residual: 0.0004985291074074501
Iteration: 478, relative residual: 0.0004960313391323464
Iteration: 479, relative residual: 0.0004928360322512839
Iteration: 480, relative residual: 0.0004915812547038578
Iteration: 481, relative residual: 0.0004913654003839802
Iteration: 482, relative residual: 0.0004912612654603143
Iteration: 483, relative residual: 0.000490569665717827
Iteration: 484, relative residual: 0.0004891203738365978
Iteration: 485, relative residual: 0.0004871225159686903
Iteration: 486, relative residual: 0.00048709558821394353
Iteration: 487, relative residual: 0.00048707941497452053
Iteration: 488, relative residual: 0.00048474116339269517
Iteration: 489, relative residual: 0.0004822566359955905
Iteration: 490, relative residual: 0.00048084194001146946
Iteration: 491, relative residual: 0.0004802872014238642
Iteration: 492, relative residual: 0.0004802860114444707
Iteration: 493, relative residual: 0.0004794691772622638
Iteration: 494, relative residual: 0.0004782307948833637
Iteration: 495, relative residual: 0.00047639378589200374
Iteration: 496, relative residual: 0.0004761384221809808
Iteration: 497, relative residual: 0.0004750510529373593
Iteration: 498, relative residual: 0.00047430940435209647
Iteration: 499, relative residual: 0.00047051067583164883
Iteration: 500, relative residual: 0.00047051067583164883
Residual: 0.00047051067583164883. Restart...
Iteration: 501, relative residual: 0.0004694279891979819
Iteration: 502, relative residual: 0.0004694279863719474
Iteration: 503, relative residual: 0.00046942798437942315
Iteration: 504, relative residual: 0.0004694278331493884
Iteration: 505, relative residual: 0.0004694271994484909
Iteration: 506, relative residual: 0.000469427166642651
Iteration: 507, relative residual: 0.0004694262478393779
Iteration: 508, relative residual: 0.0004694224758026626
Iteration: 509, relative residual: 0.0004694178696070218
Iteration: 510, relative residual: 0.00046941630752032226
Iteration: 511, relative residual: 0.0004693709194702642
Iteration: 512, relative residual: 0.00046922814115935225
Iteration: 513, relative residual: 0.00046878802091225504
Iteration: 514, relative residual: 0.00046850232789556956
Iteration: 515, relative residual: 0.00046850220750752715
Iteration: 516, relative residual: 0.00046841458883553746
Iteration: 517, relative residual: 0.0004683760885724251
Iteration: 518, relative residual: 0.00046827132199413175
Iteration: 519, relative residual: 0.0004678046172472539
Iteration: 520, relative residual: 0.00046722056218407324
Iteration: 521, relative residual: 0.0004666261774880748
Iteration: 522, relative residual: 0.0004662090295894668
Iteration: 523, relative residual: 0.00046596444603077023
Iteration: 524, relative residual: 0.00046589358110735586
Iteration: 525, relative residual: 0.0004658705592137815
Iteration: 526, relative residual: 0.0004657756859172583
Iteration: 527, relative residual: 0.00046539041183922964
Iteration: 528, relative residual: 0.00046518592570373465
Iteration: 529, relative residual: 0.0004650868622120248
Iteration: 530, relative residual: 0.0004650846374889436
Iteration: 531, relative residual: 0.0004648595822286957
Iteration: 532, relative residual: 0.0004642167235032325
Iteration: 533, relative residual: 0.00046374152071127075
Iteration: 534, relative residual: 0.00046371953156261676
Iteration: 535, relative residual: 0.0004634980679011864
Iteration: 536, relative residual: 0.0004629256306439915
Iteration: 537, relative residual: 0.0004626714513253781
Iteration: 538, relative residual: 0.0004626038482554597
Iteration: 539, relative residual: 0.0004624933124590826
Iteration: 540, relative residual: 0.00046208095280001263
Iteration: 541, relative residual: 0.0004610456355873531
Iteration: 542, relative residual: 0.0004594359529834113
Iteration: 543, relative residual: 0.00045840718744039413
Iteration: 544, relative residual: 0.00045782395656841806
Iteration: 545, relative residual: 0.0004578200528069687
Iteration: 546, relative residual: 0.00045780200658633683
Iteration: 547, relative residual: 0.00045741818290069103
Iteration: 548, relative residual: 0.0004560063972383329
Iteration: 549, relative residual: 0.0004548793846485226
Iteration: 550, relative residual: 0.00045466038148594777
Iteration: 551, relative residual: 0.0004546263801271026
Iteration: 552, relative residual: 0.00045426163751863664
Iteration: 553, relative residual: 0.000453123956637526
Iteration: 554, relative residual: 0.0004517690752118697
Iteration: 555, relative residual: 0.00045098379871227965
Iteration: 556, relative residual: 0.0004509348149378686
Iteration: 557, relative residual: 0.00045013663138347856
Iteration: 558, relative residual: 0.0004493848495931866
Iteration: 559, relative residual: 0.00044864492720788523
Iteration: 560, relative residual: 0.00044860950917168375
Iteration: 561, relative residual: 0.0004482276173093552
Iteration: 562, relative residual: 0.0004454171561322957
Iteration: 563, relative residual: 0.0004439140888712324
Iteration: 564, relative residual: 0.0004437612224982105
Iteration: 565, relative residual: 0.00044375538386489484
Iteration: 566, relative residual: 0.00044341369732788514
Iteration: 567, relative residual: 0.00044254469370511143
Iteration: 568, relative residual: 0.0004413654067626219
Iteration: 569, relative residual: 0.00044128273092430793
Iteration: 570, relative residual: 0.000440336843812366
Iteration: 571, relative residual: 0.0004388819230106089
Iteration: 572, relative residual: 0.00043753803884313884
Iteration: 573, relative residual: 0.0004362342451243686
Iteration: 574, relative residual: 0.00043557255513770475
Iteration: 575, relative residual: 0.00043549882518621833
Iteration: 576, relative residual: 0.0004354953679820035
Iteration: 577, relative residual: 0.00043500076793779436
Iteration: 578, relative residual: 0.0004341198023655177
Iteration: 579, relative residual: 0.0004331015230554047
Iteration: 580, relative residual: 0.00043302038385872687
Iteration: 581, relative residual: 0.00043265718693638594
Iteration: 582, relative residual: 0.0004313600134045087
Iteration: 583, relative residual: 0.0004298299259881339
Iteration: 584, relative residual: 0.0004266455049961551
Iteration: 585, relative residual: 0.00042616081276130615
Iteration: 586, relative residual: 0.0004260288895858725
Iteration: 587, relative residual: 0.0004240591991217485
Iteration: 588, relative residual: 0.0004223816881490177
Iteration: 589, relative residual: 0.0004213265786544593
Iteration: 590, relative residual: 0.00042086086642326154
Iteration: 591, relative residual: 0.00042069115636257366
Iteration: 592, relative residual: 0.00041926468234521877
Iteration: 593, relative residual: 0.00041788537477566184
Iteration: 594, relative residual: 0.00041697218703564526
Iteration: 595, relative residual: 0.00041689644173447884
Iteration: 596, relative residual: 0.00041614565394634
Iteration: 597, relative residual: 0.00041361951473407627
Iteration: 598, relative residual: 0.00040665112399847794
Iteration: 599, relative residual: 0.0004012234695088415
Iteration: 600, relative residual: 0.0004012234695088415
Residual: 0.0004012234695088415. Restart...
Iteration: 601, relative residual: 0.0004000976898354978
Iteration: 602, relative residual: 0.0004000976895859998
Iteration: 603, relative residual: 0.0004000976406151233
Iteration: 604, relative residual: 0.0004000976330809075
Iteration: 605, relative residual: 0.00040009758306788377
Iteration: 606, relative residual: 0.0004000975810908314
Iteration: 607, relative residual: 0.00040009721345580113
Iteration: 608, relative residual: 0.0004000960303733925
Iteration: 609, relative residual: 0.0004000952319183614
Iteration: 610, relative residual: 0.0004000876418193843
Iteration: 611, relative residual: 0.0004000346820529234
Iteration: 612, relative residual: 0.00039984923871776455
Iteration: 613, relative residual: 0.00039936737026199763
Iteration: 614, relative residual: 0.0003992971141372546
Iteration: 615, relative residual: 0.00039918347909665135
Iteration: 616, relative residual: 0.0003985894661047252
Iteration: 617, relative residual: 0.00039835480957479074
Iteration: 618, relative residual: 0.0003982920208038906
Iteration: 619, relative residual: 0.00039765646238825765
Iteration: 620, relative residual: 0.0003964533588049706
Iteration: 621, relative residual: 0.00039540877720421584
Iteration: 622, relative residual: 0.00039439116100308116
Iteration: 623, relative residual: 0.00039337965133500987
Iteration: 624, relative residual: 0.00039268549285979707
Iteration: 625, relative residual: 0.000392092186454448
Iteration: 626, relative residual: 0.00039209218520879776
Iteration: 627, relative residual: 0.0003917544950677157
Iteration: 628, relative residual: 0.00039149973434778664
Iteration: 629, relative residual: 0.0003913993127233332
Iteration: 630, relative residual: 0.00039139598869232577
Iteration: 631, relative residual: 0.00039118055064071557
Iteration: 632, relative residual: 0.00039026897720208237
Iteration: 633, relative residual: 0.0003896794285861537
Iteration: 634, relative residual: 0.0003895852862537041
Iteration: 635, relative residual: 0.00038955635736411513
Iteration: 636, relative residual: 0.00038891840372912325
Iteration: 637, relative residual: 0.0003884933019264827
Iteration: 638, relative residual: 0.0003884853413562108
Iteration: 639, relative residual: 0.00038808361951479
Iteration: 640, relative residual: 0.0003870667251877827
Iteration: 641, relative residual: 0.00038543855524757165
Iteration: 642, relative residual: 0.0003845536254679254
Iteration: 643, relative residual: 0.00038446226902164005
Iteration: 644, relative residual: 0.0003843061614147693
Iteration: 645, relative residual: 0.0003836716815150495
Iteration: 646, relative residual: 0.00038265345442865735
Iteration: 647, relative residual: 0.0003820867972575617
Iteration: 648, relative residual: 0.00038108444365683426
Iteration: 649, relative residual: 0.00038108424355607376
Iteration: 650, relative residual: 0.00038103046539649123
Iteration: 651, relative residual: 0.00038051083045483703
Iteration: 652, relative residual: 0.00037976525102309647
Iteration: 653, relative residual: 0.0003788708799332367
Iteration: 654, relative residual: 0.000377982308185709
Iteration: 655, relative residual: 0.0003779767540279161
Iteration: 656, relative residual: 0.00037790500042219385
Iteration: 657, relative residual: 0.00037709480287610893
Iteration: 658, relative residual: 0.00037673412286936864
Iteration: 659, relative residual: 0.0003766786387950113
Iteration: 660, relative residual: 0.0003765562602977282
Iteration: 661, relative residual: 0.0003763313449834599
Iteration: 662, relative residual: 0.0003756774407272756
Iteration: 663, relative residual: 0.0003749877944334915
Iteration: 664, relative residual: 0.00037496083506298564
Iteration: 665, relative residual: 0.00037487022766364637
Iteration: 666, relative residual: 0.0003744414146470565
Iteration: 667, relative residual: 0.00037350840458974527
Iteration: 668, relative residual: 0.000370782236342997
Iteration: 669, relative residual: 0.00037024786346496786
Iteration: 670, relative residual: 0.00037017745220210114
Iteration: 671, relative residual: 0.00037011856432949704
Iteration: 672, relative residual: 0.0003695281880372288
Iteration: 673, relative residual: 0.0003680562046012961
Iteration: 674, relative residual: 0.00036673722159164977
Iteration: 675, relative residual: 0.0003667168707091363
Iteration: 676, relative residual: 0.00036633289451865004
Iteration: 677, relative residual: 0.00036613943131168106
Iteration: 678, relative residual: 0.00036506547064131046
Iteration: 679, relative residual: 0.00036351467563193246
Iteration: 680, relative residual: 0.0003629367852688137
Iteration: 681, relative residual: 0.00036286915436055324
Iteration: 682, relative residual: 0.00036281356256666423
Iteration: 683, relative residual: 0.0003626052101177148
Iteration: 684, relative residual: 0.0003608943503256871
Iteration: 685, relative residual: 0.0003596189918071564
Iteration: 686, relative residual: 0.0003595991529526771
Iteration: 687, relative residual: 0.0003585505956984901
Iteration: 688, relative residual: 0.00035804461124142625
Iteration: 689, relative residual: 0.00035660919546129486
Iteration: 690, relative residual: 0.0003564646292769087
Iteration: 691, relative residual: 0.00035645649169713825
Iteration: 692, relative residual: 0.00035640852231224386
Iteration: 693, relative residual: 0.0003559869485206512
Iteration: 694, relative residual: 0.00035458989095119394
Iteration: 695, relative residual: 0.00035435597834082333
Iteration: 696, relative residual: 0.000354273072741531
Iteration: 697, relative residual: 0.00035388904500228643
Iteration: 698, relative residual: 0.0003530829838322659
Iteration: 699, relative residual: 0.000352211722624707
Iteration: 700, relative residual: 0.000352211722624707
Residual: 0.000352211722624707. Restart...
Iteration: 701, relative residual: 0.0003518218654265961
Iteration: 702, relative residual: 0.0003518218642253375
Iteration: 703, relative residual: 0.0003518218640076953
Iteration: 704, relative residual: 0.0003518217956413724
Iteration: 705, relative residual: 0.00035182177457596445
Iteration: 706, relative residual: 0.0003518216877412939
Iteration: 707, relative residual: 0.0003518212902701095
Iteration: 708, relative residual: 0.0003518205252800306
Iteration: 709, relative residual: 0.00035182051980503466
Iteration: 710, relative residual: 0.0003518171540190976
Iteration: 711, relative residual: 0.00035179448717769115
Iteration: 712, relative residual: 0.0003517352272733314
Iteration: 713, relative residual: 0.0003516295738685999
Iteration: 714, relative residual: 0.0003516256466400132
Iteration: 715, relative residual: 0.0003515039470685774
Iteration: 716, relative residual: 0.0003512938733168832
Iteration: 717, relative residual: 0.0003511420726839915
Iteration: 718, relative residual: 0.00035112652858181964
Iteration: 719, relative residual: 0.00035107832725577814
Iteration: 720, relative residual: 0.00035090227538678184
Iteration: 721, relative residual: 0.00035070812366112933
Iteration: 722, relative residual: 0.00035055570368298363
Iteration: 723, relative residual: 0.00035049126946342903
Iteration: 724, relative residual: 0.0003504500439103972
Iteration: 725, relative residual: 0.0003504456902221169
Iteration: 726, relative residual: 0.000350435267437666
Iteration: 727, relative residual: 0.00035039040126226117
Iteration: 728, relative residual: 0.0003503717023259748
Iteration: 729, relative residual: 0.0003503713843254079
Iteration: 730, relative residual: 0.0003503569929892381
Iteration: 731, relative residual: 0.00035027628724680827
Iteration: 732, relative residual: 0.0003499746284339367
Iteration: 733, relative residual: 0.00034966844794043006
Iteration: 734, relative residual: 0.00034951617590261075
Iteration: 735, relative residual: 0.00034949753835693666
Iteration: 736, relative residual: 0.0003493894181283419
Iteration: 737, relative residual: 0.0003492355393755962
Iteration: 738, relative residual: 0.00034914154360736997
Iteration: 739, relative residual: 0.0003491410104886714
Iteration: 740, relative residual: 0.0003491157114359713
Iteration: 741, relative residual: 0.00034882936080336233
Iteration: 742, relative residual: 0.00034832535075420684
Iteration: 743, relative residual: 0.0003477256067033267
Iteration: 744, relative residual: 0.00034741535928264325
Iteration: 745, relative residual: 0.0003473313384572022
Iteration: 746, relative residual: 0.00034702187257459595
Iteration: 747, relative residual: 0.0003461492954822064
Iteration: 748, relative residual: 0.00034582569425481175
Iteration: 749, relative residual: 0.000345666227427307
Iteration: 750, relative residual: 0.0003456090440810504
Iteration: 751, relative residual: 0.00034528621990598257
Iteration: 752, relative residual: 0.00034365953807965577
Iteration: 753, relative residual: 0.0003430716712575555
Iteration: 754, relative residual: 0.0003430420501646181
Iteration: 755, relative residual: 0.0003428425324316288
Iteration: 756, relative residual: 0.00034218439602308096
Iteration: 757, relative residual: 0.00034147042171886883
Iteration: 758, relative residual: 0.0003410527951018603
Iteration: 759, relative residual: 0.0003407756175617449
Iteration: 760, relative residual: 0.0003407680238427856
Iteration: 761, relative residual: 0.0003403120288190771
Iteration: 762, relative residual: 0.00033980683335866946
Iteration: 763, relative residual: 0.0003395547810364649
Iteration: 764, relative residual: 0.0003394283190906466
Iteration: 765, relative residual: 0.0003393481983981549
Iteration: 766, relative residual: 0.00033846479468346
Iteration: 767, relative residual: 0.00033784892377004204
Iteration: 768, relative residual: 0.00033747006826914753
Iteration: 769, relative residual: 0.0003374033097145065
Iteration: 770, relative residual: 0.00033713455815476053
Iteration: 771, relative residual: 0.0003369168968129324
Iteration: 772, relative residual: 0.0003363624422752434
Iteration: 773, relative residual: 0.0003354384960456592
Iteration: 774, relative residual: 0.00033468079949016864
Iteration: 775, relative residual: 0.0003346666653191072
Iteration: 776, relative residual: 0.0003346528140778631
Iteration: 777, relative residual: 0.0003344365289927917
Iteration: 778, relative residual: 0.00033413474275993026
Iteration: 779, relative residual: 0.0003337345489810641
Iteration: 780, relative residual: 0.00033339932667557517
Iteration: 781, relative residual: 0.0003333992789065863
Iteration: 782, relative residual: 0.00033302275082505126
Iteration: 783, relative residual: 0.00033256181339196125
Iteration: 784, relative residual: 0.0003320647979836126
Iteration: 785, relative residual: 0.00033111355024300623
Iteration: 786, relative residual: 0.00033098517376789754
Iteration: 787, relative residual: 0.0003306153860437218
Iteration: 788, relative residual: 0.0003289581886374009
Iteration: 789, relative residual: 0.00032759078949733844
Iteration: 790, relative residual: 0.000327364499366324
Iteration: 791, relative residual: 0.00032733943801376643
Iteration: 792, relative residual: 0.00032668161319242007
Iteration: 793, relative residual: 0.00032592746114993215
Iteration: 794, relative residual: 0.00032513785834844633
Iteration: 795, relative residual: 0.0003251003940413836
Iteration: 796, relative residual: 0.0003250266929483992
Iteration: 797, relative residual: 0.00032502463351699904
Iteration: 798, relative residual: 0.0003228798948230552
Iteration: 799, relative residual: 0.00032107360900966654
Iteration: 800, relative residual: 0.00032107360900966654
Residual: 0.00032107360900966654. Restart...
Iteration: 801, relative residual: 0.0003210447999808779
Iteration: 802, relative residual: 0.0003210447999710911
Iteration: 803, relative residual: 0.00032104479238248963
Iteration: 804, relative residual: 0.0003210447901456286
Iteration: 805, relative residual: 0.0003210447725658522
Iteration: 806, relative residual: 0.0003210447720913477
Iteration: 807, relative residual: 0.00032104465755065367
Iteration: 808, relative residual: 0.0003210442387937114
Iteration: 809, relative residual: 0.0003210435446418557
Iteration: 810, relative residual: 0.000321041851774265
Iteration: 811, relative residual: 0.00032102780212213666
Iteration: 812, relative residual: 0.0003209814731464813
Iteration: 813, relative residual: 0.0003207876702272007
Iteration: 814, relative residual: 0.0003206901082261392
Iteration: 815, relative residual: 0.0003206888703229554
Iteration: 816, relative residual: 0.0003204962968708556
Iteration: 817, relative residual: 0.000320389063071142
Iteration: 818, relative residual: 0.0003203849636784315
Iteration: 819, relative residual: 0.0003202137516143437
Iteration: 820, relative residual: 0.00031996072472542593
Iteration: 821, relative residual: 0.0003196966954667918
Iteration: 822, relative residual: 0.0003193898456648026
Iteration: 823, relative residual: 0.00031929153244131226
Iteration: 824, relative residual: 0.00031922351889965587
Iteration: 825, relative residual: 0.00031921610254897543
Iteration: 826, relative residual: 0.00031919286086377197
Iteration: 827, relative residual: 0.0003191231218138739
Iteration: 828, relative residual: 0.000319094778618037
Iteration: 829, relative residual: 0.00031909025792713864
Iteration: 830, relative residual: 0.00031905104361850843
Iteration: 831, relative residual: 0.00031893969336165793
Iteration: 832, relative residual: 0.00031845455852521867
Iteration: 833, relative residual: 0.00031816219857337875
Iteration: 834, relative residual: 0.00031790589962455925
Iteration: 835, relative residual: 0.00031789252115283547
Iteration: 836, relative residual: 0.00031777130687368033
Iteration: 837, relative residual: 0.00031743624925780503
Iteration: 838, relative residual: 0.000317364055222782
Iteration: 839, relative residual: 0.0003173481874074596
Iteration: 840, relative residual: 0.000317049139721555
Iteration: 841, relative residual: 0.0003166320532937467
Iteration: 842, relative residual: 0.0003163955559432717
Iteration: 843, relative residual: 0.00031638873214392537
Iteration: 844, relative residual: 0.0003161297882371995
Iteration: 845, relative residual: 0.00031541960420658336
Iteration: 846, relative residual: 0.00031419372673512785
Iteration: 847, relative residual: 0.0003135070333407965
Iteration: 848, relative residual: 0.0003132817560475901
Iteration: 849, relative residual: 0.0003132624031613527
Iteration: 850, relative residual: 0.0003131782636345568
Iteration: 851, relative residual: 0.0003129104040576438
Iteration: 852, relative residual: 0.000312158694769766
Iteration: 853, relative residual: 0.0003115993886857197
Iteration: 854, relative residual: 0.00031127298788699435
Iteration: 855, relative residual: 0.00031126788952576094
Iteration: 856, relative residual: 0.0003109509069046828
Iteration: 857, relative residual: 0.0003104338587815332
Iteration: 858, relative residual: 0.0003096792191165884
Iteration: 859, relative residual: 0.00030958013289970285
Iteration: 860, relative residual: 0.000309568703190515
Iteration: 861, relative residual: 0.0003094558212121513
Iteration: 862, relative residual: 0.0003093103249351663
Iteration: 863, relative residual: 0.0003092036409367841
Iteration: 864, relative residual: 0.00030903657144390234
Iteration: 865, relative residual: 0.00030899491051911035
Iteration: 866, relative residual: 0.0003086778967375043
Iteration: 867, relative residual: 0.00030754753433856073
Iteration: 868, relative residual: 0.00030634995276472094
Iteration: 869, relative residual: 0.0003062156178264203
Iteration: 870, relative residual: 0.0003062091206649201
Iteration: 871, relative residual: 0.00030607314824516654
Iteration: 872, relative residual: 0.00030502684079026246
Iteration: 873, relative residual: 0.0003045072989381731
Iteration: 874, relative residual: 0.00030437299774217834
Iteration: 875, relative residual: 0.0003043246633143108
Iteration: 876, relative residual: 0.00030430063197441813
Iteration: 877, relative residual: 0.0003042914476043931
Iteration: 878, relative residual: 0.00030385799084807523
Iteration: 879, relative residual: 0.0003032649847402182
Iteration: 880, relative residual: 0.00030268074567739597
Iteration: 881, relative residual: 0.00030226254176617383
Iteration: 882, relative residual: 0.00030225603709691163
Iteration: 883, relative residual: 0.0003018813601636584
Iteration: 884, relative residual: 0.0003014233228875925
Iteration: 885, relative residual: 0.0003008788871316435
Iteration: 886, relative residual: 0.000300645260340784
Iteration: 887, relative residual: 0.0003006313534981525
Iteration: 888, relative residual: 0.0003000226853501926
Iteration: 889, relative residual: 0.00029926668574569115
Iteration: 890, relative residual: 0.00029895051111956613
Iteration: 891, relative residual: 0.00029883744446347914
Iteration: 892, relative residual: 0.0002987939245494985
Iteration: 893, relative residual: 0.0002985290166629982
Iteration: 894, relative residual: 0.00029829333976322785
Iteration: 895, relative residual: 0.000298189711204628
Iteration: 896, relative residual: 0.0002981815241806778
Iteration: 897, relative residual: 0.00029817453253004156
Iteration: 898, relative residual: 0.00029810087612792003
Iteration: 899, relative residual: 0.0002972411181080869
Iteration: 900, relative residual: 0.0002972411181080869
Residual: 0.0002972411181080869. Restart...
Iteration: 901, relative residual: 0.00029679695692964246
Iteration: 902, relative residual: 0.0002967969560071343
Iteration: 903, relative residual: 0.00029679695480792966
Iteration: 904, relative residual: 0.0002967968688383295
Iteration: 905, relative residual: 0.00029679683241535875
Iteration: 906, relative residual: 0.00029679677295079787
Iteration: 907, relative residual: 0.0002967966989636204
Iteration: 908, relative residual: 0.00029679651093204325
Iteration: 909, relative residual: 0.0002967964892565609
Iteration: 910, relative residual: 0.0002967963026843804
Iteration: 911, relative residual: 0.0002967962927492758
Iteration: 912, relative residual: 0.0002967946988763867
Iteration: 913, relative residual: 0.0002967807786701277
Iteration: 914, relative residual: 0.0002967642161516222
Iteration: 915, relative residual: 0.00029676329505406047
Iteration: 916, relative residual: 0.0002967339718988712
Iteration: 917, relative residual: 0.0002967172573063915
Iteration: 918, relative residual: 0.00029670365581092607
Iteration: 919, relative residual: 0.0002965966191171256
Iteration: 920, relative residual: 0.00029646310235448867
Iteration: 921, relative residual: 0.00029630748764974046
Iteration: 922, relative residual: 0.00029617465555759287
Iteration: 923, relative residual: 0.0002960838495441562
Iteration: 924, relative residual: 0.00029602657141604704
Iteration: 925, relative residual: 0.00029600320767748863
Iteration: 926, relative residual: 0.00029599269442312715
Iteration: 927, relative residual: 0.0002959906404627367
Iteration: 928, relative residual: 0.00029598419989324167
Iteration: 929, relative residual: 0.00029597620015240543
Iteration: 930, relative residual: 0.0002959633303209297
Iteration: 931, relative residual: 0.000295962962264677
Iteration: 932, relative residual: 0.0002958792449869883
Iteration: 933, relative residual: 0.00029577390652434066
Iteration: 934, relative residual: 0.00029556489523444897
Iteration: 935, relative residual: 0.00029545152585317536
Iteration: 936, relative residual: 0.0002954502785906683
Iteration: 937, relative residual: 0.00029531922640537405
Iteration: 938, relative residual: 0.00029512086880533215
Iteration: 939, relative residual: 0.00029492088805571946
Iteration: 940, relative residual: 0.00029486202660754447
Iteration: 941, relative residual: 0.0002948433188014898
Iteration: 942, relative residual: 0.0002947748666468241
Iteration: 943, relative residual: 0.0002945374424297879
Iteration: 944, relative residual: 0.00029417176298926804
Iteration: 945, relative residual: 0.00029407111531118944
Iteration: 946, relative residual: 0.00029400572065769564
Iteration: 947, relative residual: 0.0002939888879677381
Iteration: 948, relative residual: 0.0002938572433184427
Iteration: 949, relative residual: 0.000293406137215078
Iteration: 950, relative residual: 0.00029329381124441585
Iteration: 951, relative residual: 0.0002932755777330931
Iteration: 952, relative residual: 0.0002929335944251003
Iteration: 953, relative residual: 0.00029255466113507143
Iteration: 954, relative residual: 0.00029213936679908055
Iteration: 955, relative residual: 0.0002921203607951338
Iteration: 956, relative residual: 0.00029206791073029393
Iteration: 957, relative residual: 0.0002917267884229711
Iteration: 958, relative residual: 0.00029137161358586263
Iteration: 959, relative residual: 0.0002910302681552369
Iteration: 960, relative residual: 0.0002908722503759257
Iteration: 961, relative residual: 0.00029080833472122815
Iteration: 962, relative residual: 0.0002907858318501151
Iteration: 963, relative residual: 0.00029065234811302085
Iteration: 964, relative residual: 0.00029006414879263146
Iteration: 965, relative residual: 0.0002899109649517595
Iteration: 966, relative residual: 0.00028991094311351827
Iteration: 967, relative residual: 0.00028976492382364294
Iteration: 968, relative residual: 0.0002891853290090449
Iteration: 969, relative residual: 0.00028868529104684743
Iteration: 970, relative residual: 0.0002885960474451317
Iteration: 971, relative residual: 0.00028859095692713316
Iteration: 972, relative residual: 0.00028855336170344566
Iteration: 973, relative residual: 0.0002883911194080441
Iteration: 974, relative residual: 0.0002880813549941066
Iteration: 975, relative residual: 0.00028773426067228204
Iteration: 976, relative residual: 0.0002875136304956099
Iteration: 977, relative residual: 0.00028751316711394343
Iteration: 978, relative residual: 0.00028737115997151176
Iteration: 979, relative residual: 0.00028711393949448067
Iteration: 980, relative residual: 0.000286906949343906
Iteration: 981, relative residual: 0.0002867812093583804
Iteration: 982, relative residual: 0.00028675193150152264
Iteration: 983, relative residual: 0.0002866853975727132
Iteration: 984, relative residual: 0.00028626636001452104
Iteration: 985, relative residual: 0.0002854099567612944
Iteration: 986, relative residual: 0.000285153860786142
Iteration: 987, relative residual: 0.000285136053617213
Iteration: 988, relative residual: 0.00028474963532481874
Iteration: 989, relative residual: 0.00028369805897141627
Iteration: 990, relative residual: 0.000283336203562891
Iteration: 991, relative residual: 0.00028327734788066337
Iteration: 992, relative residual: 0.00028315753106110695
Iteration: 993, relative residual: 0.00028267550485256614
Iteration: 994, relative residual: 0.0002823085363511607
Iteration: 995, relative residual: 0.0002821445943618566
Iteration: 996, relative residual: 0.00028214128186835225
Iteration: 997, relative residual: 0.00028191521947851705
Iteration: 998, relative residual: 0.0002814003387273775
Iteration: 999, relative residual: 0.000281015753091138
Iteration: 1000, relative residual: 0.000281015753091138
Residual: 0.000281015753091138. Restart...
Warning!!!!You have reached the maximum number of iterations : 1000.
The run will stop. Check the residual behaviour you might have a bug.For future runs you might consider changing the tolerance or increasing the number of max_iter.
Solve time        : 9833.5842192173s

Calculate Solvation Energy (E_solv)
Calculating solvation energy for region 1, stored in E_solv[0]
6155.7027203127545 of 638466 analytical integrals for phi_reac calculation in region 1
Time E_solv: 29.428619623184204s
Region 1: E_solv = -9507.374779653883 kcal/mol = -39778.85607807185 kJ/mol

Calculate Surface Energy (E_surf)
Time E_surf: 0.020768165588378906s

Calculate Coulomb Energy (E_coul)
Calculate Coulomb energy for region 1
Region 1: E_coul = -294186.33136431064 kcal/mol = -1230875.6104282758 kJ/mol
Time E_coul: 34.63544988632202s

------------------------------
Totals:
E_solv = -9507.374779653883 kcal/mol
E_surf = 0 kcal/mol
E_coul = -294186.33136431064 kcal/mol

Time = 9990.334259033203 s
